Basis set cc-pVDZ found in file cc-pVDZ.gbs in /home/work/erkale/source/erkale/basis/.


Current Settings used by ERKALE:
     AtomGuess      	                Auto	Method used for atomic guess (Auto for same as method)
     Basis          	             cc-pVDZ	Basis set used in calculation
     BasisCutoff    	           1.000e-08	Cutoff for dropping out small primitives from contraction
     BasisOrth      	                Auto	Method of orthonormalization of basis set
     BasisRotate    	                true	Rotate basis set to remove redundant functions?
     C1-DIIS        	               false	Use older version of DIIS (C1-DIIS instead of C2-DIIS)?
     Charge         	                   1	Total charge of system
     Cholesky       	               false	Use Cholesky decomposition?
     CholeskyMode   	                   0	Save/load integrals? 0 no, 1 save, -1 load
     CholeskyShThr  	           1.000e-02	Cholesky cache threshold
     CholeskyThr    	           1.000e-07	Cholesky decomposition threshold
     DIISEps        	           1.000e-01	Start mixing in DIIS when error is
     DIISOrder      	                  10	How many DIIS iterations to keep in memory?
     DIISThr        	           1.000e-02	DIIS error threshold for DIIS updates
     DecFock        	               false	Use decontracted basis to calculate Fock matrix (direct HF)
     Decontract     	                    	Indices of atoms to decontract basis set for
     DeltaEmax      	           1.000e-06	Maximum allowed change of energy
     DeltaPmax      	           1.000e-06	Maximum allowed maximum difference of density matrix
     DeltaPrms      	           1.000e-08	Maximum allowed RMS difference of density matrix
     DensityFitting 	               false	Use density fitting / RI?
     Direct         	               false	Calculate two-electron integrals (or density fitting) on-the-fly?
     EField         	         0.0 0.0 0.0	Electric field
     FittingBasis   	                Auto	Basis to use for density fitting / RI (Auto for automatic)
     FittingMemory  	                1000	Amount of memory in MB to use for exchange fitting
     FittingThreshold	           1.000e-08	Linear dependence threshold for Coulomb integrals in density fitting
     ForcePol       	               false	Force polarized calculation
     FreezeCore     	               false	Freeze the atomic cores?
     Guess          	                Core	Used guess: atomic (default), core, or GWH
     IntegralThresh 	           1.000e-14	Integral screening threshold
     LineSearch     	               false	Do line search in level shift (EXPENSIVE!)
     LoadChk        	                    	File to load old results from
     Logfile        	          Be+_dz.log	File to print out full information, stdout for screen
     MaxIter        	                 100	Maximum number of iterations in SCF cycle
     Method         	                  HF	Method used in calculation (HF or a DFT functional)
     Multiplicity   	                   2	Spin multiplicity
     Occupancies    	                    	Orbital occupancies
     SaveChk        	          Be+_dz.chk	File to use as checkpoint
     Shift          	           0.000e+00	Level shift to use in Hartree
     StrictIntegrals	               false	Use strict integrals?
     System         	              Be.xyz	System as an xyz file
     UseADIIS       	                true	Use ADIIS for Fock matrix interpolation?
     UseBroyden     	               false	Use Broyden mixing of Fock matrices?
     UseDIIS        	                true	Use Pulay's Direct Inversion in the Iterative Subspace?
     UseLM          	                true	Use a spherical harmonics basis set by default?
     UseTRRH        	               false	Use Trust-Region Roothaan-Hall?
     Verbose        	                true	Verbose calculation?

There are 6 shells and 1 nuclei in the basis set.

List of nuclei, geometry in Ångström with three decimal places:
		 Z	    x	    y	    z
1	Be	 4	  0.000	  0.000	  0.000

List of basis functions:
Shell    1	S cart shell at nucleus   1 with with basis functions    1-1   
Shell    2	S cart shell at nucleus   1 with with basis functions    2-2   
Shell    3	S cart shell at nucleus   1 with with basis functions    3-3   
Shell    4	P cart shell at nucleus   1 with with basis functions    4-6   
Shell    5	P cart shell at nucleus   1 with with basis functions    7-9   
Shell    6	D  sph shell at nucleus   1 with with basis functions   10-14  

Basis set contains 14 functions, maximum angular momentum is 2.
Spherical harmonic Gaussians are used by default, there are 15 cartesians.

Forming overlap matrix ... done (0.00 s)
Forming kinetic energy matrix ... done (0.00 s)
Forming nuclear attraction matrix ... done (0.00 s)

Smallest eigenvalue of overlap matrix is 1.82e-01, ratio to largest is 9.61e-02.
Using symmetric orthogonalization.
Basis set diagonalized in 0.00 s.

Forming table of 8047 ERIs, requiring 62 ki of memory ... done (0.01 s)
21 shell pairs out of 21 are significant.

Initialization of computation done in 0.01 s.

alpha: HOMO-LUMO gap is    2.52 eV. Energies of lowest lying orbitals:
      -7.9524*      -1.7859*      -1.6931       -1.6931       -1.6931 
      -0.8278       -0.8278       -0.8278       -0.8278       -0.8278 
beta:  HOMO-LUMO gap is  167.80 eV. Energies of lowest lying orbitals:
      -7.9524*      -1.7859       -1.6931       -1.6931       -1.6931 
      -0.8278       -0.8278       -0.8278       -0.8278       -0.8278 

 ******* Iteration    1 ********
Forming HF Coulomb matrix ... done (0.00 s)
Forming HF exchange matrix ... done (0.00 s)
ADIIS weights
 1.00e+00 
CDIIS weights
 1.00e+00 
 DIIS weights
 1.00e+00 

Solving SCF equations ... done (0.00 s)

DIIS error                    :  2.060624e-01
Energy change                 : -1.422806e+01
Max total density change      :  2.890069e-01
Max rms   density change      :  2.879656e-02
Max total alpha density change:  5.759080e-01
Max rms   alpha density change:  5.626484e-02
Max total beta  density change:  5.282738e-02
Max rms   beta  density change:  5.796667e-03
Dipole mu = ( 0.00000000, -0.00000000, -0.00000000) D

Iteration took 0.00 s.

 ******* Iteration    2 ********
Forming HF Coulomb matrix ... done (0.00 s)
Forming HF exchange matrix ... done (0.00 s)
ADIIS weights
 2.06e-25  1.00e+00 
CDIIS weights
-2.13e-01  1.21e+00 
 DIIS weights
-1.34e-01  1.13e+00 

Solving SCF equations ... done (0.00 s)

DIIS error                    :  4.322964e-02
Energy change                 : -4.297538e-02
Max total density change      :  9.368928e-02
Max rms   density change      :  8.357773e-03
Max total alpha density change:  1.874943e-01
Max rms   alpha density change:  1.659153e-02
Max total beta  density change:  6.161010e-03
Max rms   beta  density change:  6.691380e-04
Dipole mu = ( 0.00000000,  0.00000000, -0.00000000) D

Iteration took 0.00 s.

 ******* Iteration    3 ********
Forming HF Coulomb matrix ... done (0.00 s)
Forming HF exchange matrix ... done (0.00 s)
ADIIS weights
 1.44e-16  7.24e-16  1.00e+00 
CDIIS weights
 5.87e-02 -5.28e-01  1.47e+00 
 DIIS weights
 5.81e-02 -5.22e-01  1.46e+00 

Solving SCF equations ... done (0.00 s)

DIIS error                    :  1.103059e-02
Energy change                 : -4.144732e-03
Max total density change      :  2.825665e-02
Max rms   density change      :  2.468664e-03
Max total alpha density change:  5.650589e-02
Max rms   alpha density change:  4.943451e-03
Max total beta  density change:  3.004671e-04
Max rms   beta  density change:  3.351610e-05
Dipole mu = (-0.00000000,  0.00000000, -0.00000000) D

Iteration took 0.00 s.

 ******* Iteration    4 ********
Forming HF Coulomb matrix ... done (0.00 s)
Forming HF exchange matrix ... done (0.00 s)
ADIIS weights
 2.79e-16  9.36e-13  4.60e-11  1.00e+00 
CDIIS weights
-3.29e-03  3.00e-02 -9.47e-02  1.07e+00 
 DIIS weights
-3.29e-03  3.00e-02 -9.47e-02  1.07e+00 

Solving SCF equations ... done (0.00 s)

DIIS error                    :  1.179569e-04
Energy change                 : -2.614078e-04
Max total density change      :  3.159085e-04
Max rms   density change      :  2.798545e-05
Max total alpha density change:  6.312526e-04
Max rms   alpha density change:  5.640531e-05
Max total beta  density change:  2.315112e-05
Max rms   beta  density change:  2.423989e-06
Dipole mu = (-0.00000000,  0.00000000, -0.00000000) D

Iteration took 0.00 s.

 ******* Iteration    5 ********
Forming HF Coulomb matrix ... done (0.00 s)
Forming HF exchange matrix ... done (0.00 s)
ADIIS weights
 4.65e-17  2.51e-12  6.99e-10  1.59e-02  9.84e-01 
CDIIS weights
-3.29e-03  3.00e-02 -9.47e-02  1.07e+00  7.97e-05 
 DIIS weights
-3.29e-03  3.00e-02 -9.47e-02  1.07e+00  7.97e-05 

Solving SCF equations ... done (0.00 s)

DIIS error                    :  4.392292e-06
Energy change                 : -3.675240e-08
Max total density change      :  4.782429e-11
Max rms   density change      :  5.216544e-12
Max total alpha density change:  3.703660e-11
Max rms   alpha density change:  5.895558e-12
Max total beta  density change:  1.289064e-10
Max rms   beta  density change:  1.397375e-11
Dipole mu = (-0.00000000, -0.00000000, -0.00000000) D

Iteration took 0.00 s.

 ******* Iteration    6 ********
Forming HF Coulomb matrix ... done (0.00 s)
Forming HF exchange matrix ... done (0.00 s)
ADIIS weights
 1.79e-15  3.26e-13  2.96e-10  1.79e-03  4.99e-01  4.99e-01 
CDIIS weights
-3.28e-03  2.99e-02 -9.44e-02  1.06e+00  3.34e-03  4.66e-06 
 DIIS weights
-3.28e-03  2.99e-02 -9.44e-02  1.06e+00  3.34e-03  4.66e-06 

Solving SCF equations ... done (0.00 s)

DIIS error                    :  4.391948e-06
Energy change                 :  1.065814e-14
Max total density change      :  1.958297e-09
Max rms   density change      :  2.136070e-10
Max total alpha density change:  1.516669e-09
Max rms   alpha density change:  2.414108e-10
Max total beta  density change:  5.278397e-09
Max rms   beta  density change:  5.721914e-10
Dipole mu = (-0.00000000,  0.00000000, -0.00000000) D

Iteration took 0.00 s.

 ******* Convergence achieved ********
Solution of UHF took 0.01 s.

Kinetic               energy:  1.4207945818246955e+01
Nuclear attraction    energy: -3.1797526487658004e+01
Total one-electron    energy: -1.7589580669411049e+01
Nuclear repulsion     energy:  0.0000000000000000e+00
Coulomb               energy:  5.8145813712664296e+00
Exchange              energy: -2.5004448341551875e+00
-----------------------------------------------------
                Total energy: -1.4275444132299807e+01
               Virial factor:  1.0047507440495842e+00

Dipole mu = (-0.00000000,  0.00000000, -0.00000000) D

alpha: HOMO-LUMO gap is   11.87 eV. Orbital energies:
      -5.1643*      -0.6647*      -0.2286       -0.2286       -0.2286 
       0.0339        0.0587        0.0587        0.0587        0.3266 
       0.3266        0.3266        0.3266        0.3266 
beta:  HOMO-LUMO gap is  131.83 eV. Orbital energies:
      -5.1323*      -0.2876       -0.1609       -0.1609       -0.1609 
       0.0806        0.0872        0.0872        0.0872        0.3636 
       0.3636        0.3636        0.3636        0.3636 

Mulliken charges: alpha, beta, total (incl. nucleus)
   1 Be          -2.000000       -1.000000        1.000000
Sum of Mulliken charges 1.000000e+00

Mulliken spin charges
   1 Be           1.000000
Sum of Mulliken spin charges 1.000000e+00

Electron density at nuclei: alpha, beta, total
   1 Be          17.019823       16.408591       33.428415

The spin expectation value <S^2> is 0.750001

Running program took 0.02 s.
Current time is Tue 21 Jul 2015 07:18:53.
