ERKALE - HF/DFT from Hel, OpenMP version, running on 4 cores.
(c) Susi Lehtola, 2010-2016.

This program is free software; you can redistribute it and/or modify
it under the terms of the GNU General Public License as published by
the Free Software Foundation; either version 2 of the License, or
(at your option) any later version.

At svn revision 1938.

Running on host dx7-lehtola.chem.helsinki.fi.

Basis set 3-21G found in file 3-21G.gbs in /home/work/erkale/source/erkale.sap/basis/.

Current Settings used by ERKALE:
     AtomGuess      	                Auto	Method used for atomic guess (Auto for same as method)
     Basis          	               3-21G	Basis set used in calculation
     BasisCutoff    	           1.000e-08	Cutoff for dropping out small primitives from contraction
     BasisOrth      	                Auto	Method of orthonormalization of basis set
     BasisRotate    	               false	Rotate basis set to remove redundant functions?
     C1-DIIS        	               false	Use older version of DIIS (C1-DIIS instead of C2-DIIS)?
     Charge         	                   0	Total charge of system
     Cholesky       	                true	Use Cholesky decomposition?
     CholeskyMode   	                   0	Save/load integrals? 0 no, 1 save, -1 load
     CholeskyNAFThr 	           0.000e+00	Cholesky natural auxiliary function threshold
     CholeskyShThr  	           1.000e-02	Cholesky cache threshold
     CholeskyThr    	           1.000e-07	Cholesky decomposition threshold
     ConvThr        	           1.000e-06	Orbital gradient convergence threshold
     DIISEps        	           1.000e-01	Start mixing in DIIS when error is
     DIISOrder      	                  10	How many DIIS iterations to keep in memory?
     DIISThr        	           1.000e-02	DIIS error threshold for DIIS updates
     DecFock        	               false	Use decontracted basis to calculate Fock matrix (direct HF)
     Decontract     	                    	Indices of atoms to decontract basis set for
     DensityFitting 	               false	Use density fitting / RI?
     DimerSymmetry  	               false	Do special calculation on dimer along z axis
     Direct         	               false	Calculate two-electron integrals (or density fitting) on-the-fly?
     EField         	         0.0 0.0 0.0	Electric field
     FittingBasis   	                Auto	Basis to use for density fitting / RI (Auto for automatic)
     FittingMemory  	                1000	Amount of memory in MB to use for exchange fitting
     FittingThreshold	           1.000e-08	Linear dependence threshold for Coulomb integrals in density fitting
     ForcePol       	               false	Force polarized calculation
     Guess          	              Atomic	Used guess: SAD (default), NO, core, or GWH
     InputBohr      	               false	Use atomic units as input units instead of angstrom?
     IntegralThresh 	           1.000e-14	Integral screening threshold
     LoadChk        	                    	File to load old results from
     Logfile        	       Cdcplx_hf.log	File to print out full information, stdout for screen
     MaxIter        	                 100	Maximum number of iterations in SCF cycle
     Method         	                  HF	Method used in calculation (HF or a DFT functional)
     Multiplicity   	                   1	Spin multiplicity
     Occupancies    	                    	Orbital occupancies
     OptLM          	                true	If spherical harmonics used, use cartesian s and p functions?
     SaveChk        	       Cdcplx_hf.chk	File to use as checkpoint
     Shift          	           0.000e+00	Level shift to use in Hartree
     StrictIntegrals	               false	Use strict integrals?
     System         	         cd-cplx.xyz	System as an xyz file
     UseADIIS       	                true	Use ADIIS for Fock matrix interpolation?
     UseBroyden     	               false	Use Broyden mixing of Fock matrices?
     UseDIIS        	                true	Use Pulay's Direct Inversion in the Iterative Subspace?
     UseLM          	                true	Use a spherical harmonics basis set by default?
     UseTRRH        	               false	Use Trust-Region Roothaan-Hall?
     Verbose        	                true	Verbose calculation?

Performing HF guess for atoms:
Cd: 1 (2.28 s)
N : 2 3 (0.07 s)
C : 4 5 6 (0.08 s)
H : 7 8 9 10 (0.01 s)
Atomic guess formed in 2.44 s.

There are 47 shells and 10 nuclei in the basis set.

List of nuclei, geometry in Ångström with three decimal places:
		 Z	    x	    y	    z
1	Cd	 48	  0.000	  0.000	  0.000
2	N	 7	  0.000	  0.000	 -2.260
3	N	 7	 -0.685	  0.000	 -4.348
4	C	 6	  0.676	  0.000	 -4.385
5	C	 6	  1.085	  0.000	 -3.091
6	C	 6	 -1.045	  0.000	 -3.060
7	H	 1	  1.232	  0.000	 -5.301
8	H	 1	  2.089	  0.000	 -2.711
9	H	 1	 -2.069	  0.000	 -2.727
10	H	 1	 -1.313	  0.000	 -5.175

Interatomic distance matrix:
          1Cd   2N    3N    4C    5C    6C    7H    8H    9H 
   2N  2.260
   3N  4.402 2.198
   4C  4.437 2.230 1.362
   5C  3.276 1.367 2.171 1.357
   6C  3.234 1.316 1.337 2.172 2.130
   7H  5.442 3.281 2.141 1.071 2.214 3.194
   8H  3.422 2.137 3.221 2.190 1.073 3.153 2.728
   9H  3.423 2.121 2.131 3.207 3.175 1.077 4.186 4.157
  10H  5.339 3.197 1.038 2.140 3.177 2.131 2.548 4.200 2.562

List of basis functions:
Shell    1	S cart shell at nucleus   1 with with basis functions    1-1   
Shell    2	S cart shell at nucleus   1 with with basis functions    2-2   
Shell    3	S cart shell at nucleus   1 with with basis functions    3-3   
Shell    4	S cart shell at nucleus   1 with with basis functions    4-4   
Shell    5	S cart shell at nucleus   1 with with basis functions    5-5   
Shell    6	S cart shell at nucleus   1 with with basis functions    6-6   
Shell    7	P cart shell at nucleus   1 with with basis functions    7-9   
Shell    8	P cart shell at nucleus   1 with with basis functions   10-12  
Shell    9	P cart shell at nucleus   1 with with basis functions   13-15  
Shell   10	P cart shell at nucleus   1 with with basis functions   16-18  
Shell   11	P cart shell at nucleus   1 with with basis functions   19-21  
Shell   12	D  sph shell at nucleus   1 with with basis functions   22-26  
Shell   13	D  sph shell at nucleus   1 with with basis functions   27-31  
Shell   14	D  sph shell at nucleus   1 with with basis functions   32-36  
Shell   15	S cart shell at nucleus   2 with with basis functions   37-37  
Shell   16	S cart shell at nucleus   2 with with basis functions   38-38  
Shell   17	S cart shell at nucleus   2 with with basis functions   39-39  
Shell   18	P cart shell at nucleus   2 with with basis functions   40-42  
Shell   19	P cart shell at nucleus   2 with with basis functions   43-45  
Shell   20	S cart shell at nucleus   3 with with basis functions   46-46  
Shell   21	S cart shell at nucleus   3 with with basis functions   47-47  
Shell   22	S cart shell at nucleus   3 with with basis functions   48-48  
Shell   23	P cart shell at nucleus   3 with with basis functions   49-51  
Shell   24	P cart shell at nucleus   3 with with basis functions   52-54  
Shell   25	S cart shell at nucleus   4 with with basis functions   55-55  
Shell   26	S cart shell at nucleus   4 with with basis functions   56-56  
Shell   27	S cart shell at nucleus   4 with with basis functions   57-57  
Shell   28	P cart shell at nucleus   4 with with basis functions   58-60  
Shell   29	P cart shell at nucleus   4 with with basis functions   61-63  
Shell   30	S cart shell at nucleus   5 with with basis functions   64-64  
Shell   31	S cart shell at nucleus   5 with with basis functions   65-65  
Shell   32	S cart shell at nucleus   5 with with basis functions   66-66  
Shell   33	P cart shell at nucleus   5 with with basis functions   67-69  
Shell   34	P cart shell at nucleus   5 with with basis functions   70-72  
Shell   35	S cart shell at nucleus   6 with with basis functions   73-73  
Shell   36	S cart shell at nucleus   6 with with basis functions   74-74  
Shell   37	S cart shell at nucleus   6 with with basis functions   75-75  
Shell   38	P cart shell at nucleus   6 with with basis functions   76-78  
Shell   39	P cart shell at nucleus   6 with with basis functions   79-81  
Shell   40	S cart shell at nucleus   7 with with basis functions   82-82  
Shell   41	S cart shell at nucleus   7 with with basis functions   83-83  
Shell   42	S cart shell at nucleus   8 with with basis functions   84-84  
Shell   43	S cart shell at nucleus   8 with with basis functions   85-85  
Shell   44	S cart shell at nucleus   9 with with basis functions   86-86  
Shell   45	S cart shell at nucleus   9 with with basis functions   87-87  
Shell   46	S cart shell at nucleus  10 with with basis functions   88-88  
Shell   47	S cart shell at nucleus  10 with with basis functions   89-89  

Basis set contains 89 functions, maximum angular momentum is 2.
Spherical harmonic Gaussians are used by default, there are 92 cartesians.

Forming overlap matrix ... done (0.00 s)
Forming kinetic energy matrix ... done (0.01 s)
Forming nuclear attraction matrix ... done (0.01 s)

Smallest eigenvalue of overlap matrix is 5.56e-03, ratio to largest is 1.13e-03.
Using symmetric orthogonalization.
Basis set diagonalized in 0.05 s.

Computing repulsion integrals.
Screening by shell pairs and symmetry reduced dofs by factor 2.13.
Individual screening reduced dofs by a total factor 2.13.
Computing Cholesky vectors. Estimated memory size is 7 Mi - 25 Mi.
Cholesky vectors no     0 -     0 computed, error is 4.784396e+00 (0.00 s).
Cholesky vectors no     1 -     6 computed, error is 4.257404e+00 (0.00 s).
Cholesky vectors no     7 -     7 computed, error is 4.238859e+00 (0.02 s).
Cholesky vectors no     8 -     8 computed, error is 3.562686e+00 (0.01 s).
Cholesky vectors no     9 -     9 computed, error is 3.527458e+00 (0.02 s).
Cholesky vectors no    10 -    10 computed, error is 3.518932e+00 (0.01 s).
Cholesky vectors no    11 -    11 computed, error is 1.588716e+00 (0.01 s).
Cholesky vectors no    12 -    14 computed, error is 1.337978e+00 (0.07 s).
Cholesky vectors no    15 -    20 computed, error is 1.050903e+00 (0.13 s).
Cholesky vectors no    21 -    21 computed, error is 1.040171e+00 (0.01 s).
Cholesky vectors no    22 -    22 computed, error is 1.024878e+00 (0.02 s).
Cholesky vectors no    23 -    23 computed, error is 1.016321e+00 (0.03 s).
Cholesky vectors no    24 -    24 computed, error is 5.960115e-01 (0.01 s).
Cholesky vectors no    25 -    30 computed, error is 5.330986e-01 (0.02 s).
Cholesky vectors no    31 -    36 computed, error is 4.737750e-01 (0.00 s).
Cholesky vectors no    37 -    46 computed, error is 4.281127e-01 (0.00 s).
Cholesky vectors no    47 -    61 computed, error is 4.095801e-01 (0.00 s).
Cholesky vectors no    62 -    67 computed, error is 3.893513e-01 (0.00 s).
Cholesky vectors no    68 -    73 computed, error is 3.841032e-01 (0.06 s).
Cholesky vectors no    74 -    79 computed, error is 3.273893e-01 (0.00 s).
Cholesky vectors no    80 -    82 computed, error is 2.284872e-01 (0.01 s).
Cholesky vectors no    83 -    85 computed, error is 2.282210e-01 (0.00 s).
Cholesky vectors no    86 -    88 computed, error is 1.860104e-01 (0.00 s).
Cholesky vectors no    89 -    91 computed, error is 1.851862e-01 (0.00 s).
Cholesky vectors no    92 -    94 computed, error is 1.835653e-01 (0.00 s).
Cholesky vectors no    95 -    97 computed, error is 1.717962e-01 (0.00 s).
Cholesky vectors no    98 -   107 computed, error is 1.544334e-01 (0.02 s).
Cholesky vectors no   108 -   122 computed, error is 1.117155e-01 (0.02 s).
Cholesky vectors no   123 -   128 computed, error is 1.089113e-01 (0.01 s).
Cholesky vectors no   129 -   134 computed, error is 8.128917e-02 (0.02 s).
Cholesky vectors no   135 -   135 computed, error is 7.793060e-02 (0.01 s).
Cholesky vectors no   136 -   136 computed, error is 7.534366e-02 (0.00 s).
Cholesky vectors no   137 -   137 computed, error is 7.269681e-02 (0.01 s).
Cholesky vectors no   138 -   152 computed, error is 6.291717e-02 (0.04 s).
Cholesky vectors no   153 -   158 computed, error is 5.765562e-02 (0.01 s).
Cholesky vectors no   159 -   164 computed, error is 5.048845e-02 (0.01 s).
Cholesky vectors no   165 -   167 computed, error is 4.537655e-02 (0.07 s).
Cholesky vectors no   168 -   173 computed, error is 4.112824e-02 (0.07 s).
Cholesky vectors no   174 -   174 computed, error is 4.107353e-02 (0.02 s).
Cholesky vectors no   175 -   180 computed, error is 3.398820e-02 (0.04 s).
Cholesky vectors no   181 -   183 computed, error is 3.397798e-02 (0.01 s).
Cholesky vectors no   184 -   186 computed, error is 3.391513e-02 (0.00 s).
Cholesky vectors no   187 -   196 computed, error is 2.607731e-02 (0.03 s).
Cholesky vectors no   197 -   199 computed, error is 2.605554e-02 (0.04 s).
Cholesky vectors no   200 -   202 computed, error is 2.604707e-02 (0.04 s).
Cholesky vectors no   203 -   205 computed, error is 2.275587e-02 (0.01 s).
Cholesky vectors no   206 -   206 computed, error is 1.933585e-02 (0.01 s).
Cholesky vectors no   207 -   209 computed, error is 1.612181e-02 (0.04 s).
Cholesky vectors no   210 -   212 computed, error is 1.353683e-02 (0.04 s).
Cholesky vectors no   213 -   218 computed, error is 1.208280e-02 (0.07 s).
Cholesky vectors no   219 -   221 computed, error is 9.604116e-03 (0.08 s).
Cholesky vectors no   222 -   224 computed, error is 9.403889e-03 (0.07 s).
Cholesky vectors no   225 -   234 computed, error is 6.972413e-03 (0.23 s).
Cholesky vectors no   235 -   237 computed, error is 4.959290e-03 (0.02 s).
Cholesky vectors no   238 -   238 computed, error is 4.901118e-03 (0.00 s).
Cholesky vectors no   239 -   239 computed, error is 4.671980e-03 (0.03 s).
Cholesky vectors no   240 -   242 computed, error is 4.425718e-03 (0.03 s).
Cholesky vectors no   243 -   257 computed, error is 3.787943e-03 (0.12 s).
Cholesky vectors no   258 -   267 computed, error is 3.524639e-03 (0.10 s).
Cholesky vectors no   268 -   268 computed, error is 3.517334e-03 (0.01 s).
Cholesky vectors no   269 -   269 computed, error is 3.508359e-03 (0.01 s).
Cholesky vectors no   270 -   270 computed, error is 2.928740e-03 (0.02 s).
Cholesky vectors no   271 -   273 computed, error is 2.834183e-03 (0.05 s).
Cholesky vectors no   274 -   276 computed, error is 2.519086e-03 (0.02 s).
Cholesky vectors no   277 -   279 computed, error is 2.181340e-03 (0.03 s).
Cholesky vectors no   280 -   282 computed, error is 2.155122e-03 (0.02 s).
Cholesky vectors no   283 -   288 computed, error is 2.060260e-03 (0.04 s).
Cholesky vectors no   289 -   294 computed, error is 2.028224e-03 (0.08 s).
Cholesky vectors no   295 -   300 computed, error is 2.002681e-03 (0.09 s).
Cholesky vectors no   301 -   306 computed, error is 1.877992e-03 (0.08 s).
Cholesky vectors no   307 -   312 computed, error is 1.608440e-03 (0.08 s).
Cholesky vectors no   313 -   313 computed, error is 1.555876e-03 (0.02 s).
Cholesky vectors no   314 -   314 computed, error is 1.527547e-03 (0.01 s).
Cholesky vectors no   315 -   315 computed, error is 1.469645e-03 (0.01 s).
Cholesky vectors no   316 -   330 computed, error is 1.146949e-03 (0.15 s).
Cholesky vectors no   331 -   331 computed, error is 1.061825e-03 (0.01 s).
Cholesky vectors no   332 -   341 computed, error is 9.254250e-04 (0.05 s).
Cholesky vectors no   342 -   342 computed, error is 7.686999e-04 (0.00 s).
Cholesky vectors no   343 -   350 computed, error is 7.161542e-04 (0.05 s).
Cholesky vectors no   351 -   358 computed, error is 7.028824e-04 (0.08 s).
Cholesky vectors no   359 -   363 computed, error is 6.772831e-04 (0.06 s).
Cholesky vectors no   364 -   366 computed, error is 6.554131e-04 (0.03 s).
Cholesky vectors no   367 -   369 computed, error is 6.381136e-04 (0.05 s).
Cholesky vectors no   370 -   372 computed, error is 6.188907e-04 (0.01 s).
Cholesky vectors no   373 -   380 computed, error is 6.165309e-04 (0.06 s).
Cholesky vectors no   381 -   383 computed, error is 5.710018e-04 (0.05 s).
Cholesky vectors no   384 -   386 computed, error is 5.165047e-04 (0.04 s).
Cholesky vectors no   387 -   389 computed, error is 4.914117e-04 (0.03 s).
Cholesky vectors no   390 -   392 computed, error is 4.831797e-04 (0.01 s).
Cholesky vectors no   393 -   395 computed, error is 3.994709e-04 (0.01 s).
Cholesky vectors no   396 -   398 computed, error is 3.324000e-04 (0.02 s).
Cholesky vectors no   399 -   401 computed, error is 2.888126e-04 (0.03 s).
Cholesky vectors no   402 -   409 computed, error is 2.547718e-04 (0.13 s).
Cholesky vectors no   410 -   417 computed, error is 2.080067e-04 (0.08 s).
Cholesky vectors no   418 -   420 computed, error is 1.999768e-04 (0.04 s).
Cholesky vectors no   421 -   423 computed, error is 1.927546e-04 (0.07 s).
Cholesky vectors no   424 -   424 computed, error is 1.920861e-04 (0.01 s).
Cholesky vectors no   425 -   425 computed, error is 1.910869e-04 (0.01 s).
Cholesky vectors no   426 -   426 computed, error is 1.808319e-04 (0.01 s).
Cholesky vectors no   427 -   434 computed, error is 1.773149e-04 (0.05 s).
Cholesky vectors no   435 -   440 computed, error is 1.719498e-04 (0.07 s).
Cholesky vectors no   441 -   448 computed, error is 1.673066e-04 (0.11 s).
Cholesky vectors no   449 -   451 computed, error is 1.604128e-04 (0.02 s).
Cholesky vectors no   452 -   465 computed, error is 1.447212e-04 (0.10 s).
Cholesky vectors no   466 -   468 computed, error is 1.326684e-04 (0.02 s).
Cholesky vectors no   469 -   476 computed, error is 1.115078e-04 (0.05 s).
Cholesky vectors no   477 -   477 computed, error is 1.108245e-04 (0.01 s).
Cholesky vectors no   478 -   478 computed, error is 9.007877e-05 (0.01 s).
Cholesky vectors no   479 -   485 computed, error is 8.974009e-05 (0.07 s).
Cholesky vectors no   486 -   490 computed, error is 8.517637e-05 (0.07 s).
Cholesky vectors no   491 -   491 computed, error is 7.430337e-05 (0.01 s).
Cholesky vectors no   492 -   499 computed, error is 6.404338e-05 (0.06 s).
Cholesky vectors no   500 -   505 computed, error is 5.856662e-05 (0.11 s).
Cholesky vectors no   506 -   506 computed, error is 5.371855e-05 (0.02 s).
Cholesky vectors no   507 -   507 computed, error is 4.930046e-05 (0.01 s).
Cholesky vectors no   508 -   508 computed, error is 4.872451e-05 (0.01 s).
Cholesky vectors no   509 -   516 computed, error is 4.558230e-05 (0.05 s).
Cholesky vectors no   517 -   519 computed, error is 4.489341e-05 (0.02 s).
Cholesky vectors no   520 -   522 computed, error is 4.455073e-05 (0.07 s).
Cholesky vectors no   523 -   525 computed, error is 4.126769e-05 (0.07 s).
Cholesky vectors no   526 -   528 computed, error is 3.550621e-05 (0.07 s).
Cholesky vectors no   529 -   536 computed, error is 3.407690e-05 (0.11 s).
Cholesky vectors no   537 -   539 computed, error is 3.270432e-05 (0.02 s).
Cholesky vectors no   540 -   542 computed, error is 3.257129e-05 (0.01 s).
Cholesky vectors no   543 -   550 computed, error is 3.181874e-05 (0.03 s).
Cholesky vectors no   551 -   558 computed, error is 2.562931e-05 (0.04 s).
Cholesky vectors no   559 -   566 computed, error is 2.313087e-05 (0.07 s).
Cholesky vectors no   567 -   571 computed, error is 2.286119e-05 (0.06 s).
Cholesky vectors no   572 -   572 computed, error is 2.191872e-05 (0.01 s).
Cholesky vectors no   573 -   575 computed, error is 1.929199e-05 (0.03 s).
Cholesky vectors no   576 -   583 computed, error is 1.236801e-05 (0.08 s).
Cholesky vectors no   584 -   590 computed, error is 1.175100e-05 (0.02 s).
Cholesky vectors no   591 -   598 computed, error is 1.052469e-05 (0.04 s).
Cholesky vectors no   599 -   603 computed, error is 9.712708e-06 (0.03 s).
Cholesky vectors no   604 -   606 computed, error is 9.599740e-06 (0.00 s).
Cholesky vectors no   607 -   609 computed, error is 9.322325e-06 (0.02 s).
Cholesky vectors no   610 -   612 computed, error is 9.256495e-06 (0.01 s).
Cholesky vectors no   613 -   613 computed, error is 9.054053e-06 (0.00 s).
Cholesky vectors no   614 -   616 computed, error is 8.613554e-06 (0.01 s).
Cholesky vectors no   617 -   622 computed, error is 8.531435e-06 (0.03 s).
Cholesky vectors no   623 -   623 computed, error is 7.975166e-06 (0.01 s).
Cholesky vectors no   624 -   624 computed, error is 7.822648e-06 (0.00 s).
Cholesky vectors no   625 -   625 computed, error is 7.438837e-06 (0.00 s).
Cholesky vectors no   626 -   635 computed, error is 7.436764e-06 (0.07 s).
Cholesky vectors no   636 -   638 computed, error is 6.577752e-06 (0.02 s).
Cholesky vectors no   639 -   639 computed, error is 5.769182e-06 (0.00 s).
Cholesky vectors no   640 -   646 computed, error is 5.394615e-06 (0.05 s).
Cholesky vectors no   647 -   651 computed, error is 5.279495e-06 (0.02 s).
Cholesky vectors no   652 -   659 computed, error is 5.142215e-06 (0.03 s).
Cholesky vectors no   660 -   669 computed, error is 3.457077e-06 (0.09 s).
Cholesky vectors no   670 -   670 computed, error is 3.411716e-06 (0.01 s).
Cholesky vectors no   671 -   678 computed, error is 3.290452e-06 (0.06 s).
Cholesky vectors no   679 -   679 computed, error is 2.982790e-06 (0.01 s).
Cholesky vectors no   680 -   680 computed, error is 2.942945e-06 (0.01 s).
Cholesky vectors no   681 -   681 computed, error is 2.821066e-06 (0.01 s).
Cholesky vectors no   682 -   689 computed, error is 2.783166e-06 (0.07 s).
Cholesky vectors no   690 -   690 computed, error is 2.685804e-06 (0.00 s).
Cholesky vectors no   691 -   691 computed, error is 2.668937e-06 (0.02 s).
Cholesky vectors no   692 -   692 computed, error is 2.661945e-06 (0.02 s).
Cholesky vectors no   693 -   698 computed, error is 2.578444e-06 (0.03 s).
Cholesky vectors no   699 -   707 computed, error is 2.425569e-06 (0.13 s).
Cholesky vectors no   708 -   708 computed, error is 2.397107e-06 (0.01 s).
Cholesky vectors no   709 -   711 computed, error is 2.186202e-06 (0.03 s).
Cholesky vectors no   712 -   712 computed, error is 2.050841e-06 (0.02 s).
Cholesky vectors no   713 -   720 computed, error is 1.884200e-06 (0.11 s).
Cholesky vectors no   721 -   723 computed, error is 1.879334e-06 (0.01 s).
Cholesky vectors no   724 -   726 computed, error is 1.847309e-06 (0.01 s).
Cholesky vectors no   727 -   729 computed, error is 1.647331e-06 (0.01 s).
Cholesky vectors no   730 -   732 computed, error is 1.536203e-06 (0.01 s).
Cholesky vectors no   733 -   735 computed, error is 1.483120e-06 (0.01 s).
Cholesky vectors no   736 -   743 computed, error is 1.434938e-06 (0.03 s).
Cholesky vectors no   744 -   749 computed, error is 1.429580e-06 (0.08 s).
Cholesky vectors no   750 -   752 computed, error is 1.287518e-06 (0.01 s).
Cholesky vectors no   753 -   755 computed, error is 1.232010e-06 (0.00 s).
Cholesky vectors no   756 -   761 computed, error is 1.230430e-06 (0.08 s).
Cholesky vectors no   762 -   764 computed, error is 1.159324e-06 (0.02 s).
Cholesky vectors no   765 -   767 computed, error is 1.092561e-06 (0.01 s).
Cholesky vectors no   768 -   770 computed, error is 1.062889e-06 (0.01 s).
Cholesky vectors no   771 -   773 computed, error is 1.013242e-06 (0.01 s).
Cholesky vectors no   774 -   776 computed, error is 9.514447e-07 (0.01 s).
Cholesky vectors no   777 -   783 computed, error is 8.251225e-07 (0.04 s).
Cholesky vectors no   784 -   786 computed, error is 7.428171e-07 (0.01 s).
Cholesky vectors no   787 -   787 computed, error is 6.940307e-07 (0.00 s).
Cholesky vectors no   788 -   790 computed, error is 6.858359e-07 (0.01 s).
Cholesky vectors no   791 -   798 computed, error is 6.096155e-07 (0.07 s).
Cholesky vectors no   799 -   801 computed, error is 6.032173e-07 (0.04 s).
Cholesky vectors no   802 -   802 computed, error is 5.544035e-07 (0.01 s).
Cholesky vectors no   803 -   803 computed, error is 5.398869e-07 (0.00 s).
Cholesky vectors no   804 -   806 computed, error is 5.064224e-07 (0.05 s).
Cholesky vectors no   807 -   814 computed, error is 5.044596e-07 (0.09 s).
Cholesky vectors no   815 -   817 computed, error is 4.894485e-07 (0.01 s).
Cholesky vectors no   818 -   820 computed, error is 4.663395e-07 (0.04 s).
Cholesky vectors no   821 -   823 computed, error is 4.658996e-07 (0.03 s).
Cholesky vectors no   824 -   832 computed, error is 4.316676e-07 (0.07 s).
Cholesky vectors no   833 -   835 computed, error is 4.179460e-07 (0.02 s).
Cholesky vectors no   836 -   836 computed, error is 4.089954e-07 (0.00 s).
Cholesky vectors no   837 -   839 computed, error is 4.067930e-07 (0.03 s).
Cholesky vectors no   840 -   845 computed, error is 3.713360e-07 (0.04 s).
Cholesky vectors no   846 -   848 computed, error is 3.707770e-07 (0.02 s).
Cholesky vectors no   849 -   856 computed, error is 3.486104e-07 (0.09 s).
Cholesky vectors no   857 -   859 computed, error is 3.376788e-07 (0.04 s).
Cholesky vectors no   860 -   862 computed, error is 3.186783e-07 (0.04 s).
Cholesky vectors no   863 -   865 computed, error is 2.906856e-07 (0.02 s).
Cholesky vectors no   866 -   868 computed, error is 2.676250e-07 (0.04 s).
Cholesky vectors no   869 -   875 computed, error is 2.501698e-07 (0.03 s).
Cholesky vectors no   876 -   878 computed, error is 2.476497e-07 (0.01 s).
Cholesky vectors no   879 -   886 computed, error is 2.293468e-07 (0.04 s).
Cholesky vectors no   887 -   889 computed, error is 2.233886e-07 (0.04 s).
Cholesky vectors no   890 -   890 computed, error is 2.220280e-07 (0.00 s).
Cholesky vectors no   891 -   893 computed, error is 2.113634e-07 (0.02 s).
Cholesky vectors no   894 -   900 computed, error is 2.110720e-07 (0.18 s).
Cholesky vectors no   901 -   910 computed, error is 2.072957e-07 (0.06 s).
Cholesky vectors no   911 -   915 computed, error is 1.920435e-07 (0.02 s).
Cholesky vectors no   916 -   918 computed, error is 1.892781e-07 (0.02 s).
Cholesky vectors no   919 -   921 computed, error is 1.724335e-07 (0.04 s).
Cholesky vectors no   922 -   924 computed, error is 1.601833e-07 (0.03 s).
Cholesky vectors no   925 -   931 computed, error is 1.496483e-07 (0.08 s).
Cholesky vectors no   932 -   932 computed, error is 1.397871e-07 (0.00 s).
Cholesky vectors no   933 -   935 computed, error is 1.391634e-07 (0.03 s).
Cholesky vectors no   936 -   938 computed, error is 1.340937e-07 (0.03 s).
Cholesky vectors no   939 -   939 computed, error is 1.287299e-07 (0.01 s).
Cholesky vectors no   940 -   940 computed, error is 1.277982e-07 (0.01 s).
Cholesky vectors no   941 -   943 computed, error is 1.229284e-07 (0.02 s).
Cholesky vectors no   944 -   946 computed, error is 1.213106e-07 (0.03 s).
Cholesky vectors no   947 -   949 computed, error is 1.193757e-07 (0.02 s).
Cholesky vectors no   950 -   959 computed, error is 1.124554e-07 (0.09 s).
Cholesky vectors no   960 -   962 computed, error is 1.105367e-07 (0.02 s).
Cholesky vectors no   963 -   965 computed, error is 1.058506e-07 (0.01 s).
Cholesky vectors no   966 -   973 computed, error is 1.007989e-07 (0.17 s).
Cholesky vectors no   974 -   974 computed, error is 9.336393e-08 (0.01 s).
Cholesky decomposition finished in 11.07 s. Realized memory size is 28 Mi 343 ki.
Time use: integrals 25.5 %, linear algebra 74.5 %.
1035 shell pairs out of 1128 are significant.

Initialization of computation done in 11.22 s.

Forming Cholesky Coulomb matrix ... done (0.00 s)
Forming Cholesky exchange matrix ... done (0.76 s)
Solving SCF equations ... done (0.20 s)

Kinetic               energy:  5.6693842504544054e+03
Nuclear attraction    energy: -1.4357213354688634e+04
Total one-electron    energy: -8.6878291042342244e+03
Nuclear repulsion     energy:  4.3583990739203654e+02
Coulomb               energy:  2.7654547144749495e+03
Exchange              energy: -1.7952521054848600e+02
-----------------------------------------------------
                Total energy: -5.6660596929157246e+03
               Virial factor:  9.9941359460008128e-01

Dipole mu = (-0.00000344,  0.00000000,  0.00005061) D

HOMO-LUMO gap is    0.13 eV. Orbital energies:
    -949.6327*    -141.4872*    -131.2104*    -131.2103*    -131.2103*
     -27.7155*     -23.2694*     -23.2693*     -23.2693*     -16.0863*
     -16.0860*     -16.0860*     -16.0859*     -16.0859*     -15.6533*
     -15.6425*     -11.4012*     -11.3996*     -11.3871*      -4.4465*
      -2.9466*      -2.9441*      -2.9441*      -1.9374*      -1.4508*
      -1.2986*      -0.8991*      -0.8677*      -0.7992*      -0.7645*
      -0.7627*      -0.7617*      -0.7617*      -0.7479*      -0.5697*
      -0.5240*      -0.5228*      -0.4846*      -0.4119*      -0.3439 
      -0.2381       -0.1823        0.0465        0.0487        0.0807 
       0.0882        0.1009        0.1650        0.1937        0.2193 
       0.2353        0.2382        0.2499        0.2881        0.2958 
       0.3302        0.3648        0.5188        0.5235        0.6057 
       0.8695        0.8946        0.9348        0.9446        0.9579 
       0.9785        1.0239        1.0661        1.1576        1.1968 
       1.2360        1.3098        1.3604        1.3893        1.4341 
       1.4426        1.5031        1.5266        1.5841        1.5882 
       1.6375        1.6756        1.7853        1.9130        1.9432 
       2.0442        2.1881        2.9395        3.0232 
HOMO-LUMO gap is    6.23 eV. Energies of lowest lying orbitals:
    -949.6327*    -141.4872*    -131.2104*    -131.2103*    -131.2103*
     -27.7155*     -23.2694*     -23.2693*     -23.2693*     -16.0863*
     -16.0860*     -16.0860*     -16.0859*     -16.0859*     -15.6533*
     -15.6425*     -11.4012*     -11.3996*     -11.3871*      -4.4465*
      -2.9466*      -2.9441*      -2.9441*      -1.9374*      -1.4508*
      -1.2986*      -0.8991*      -0.8677*      -0.7992*      -0.7645*
      -0.7627*      -0.7617*      -0.7617*      -0.7479*      -0.5697*
      -0.5240*      -0.5228*      -0.4846*      -0.4119*      -0.3439*
      -0.2381*      -0.1823*       0.0465        0.0487        0.0807 
       0.0882        0.1009        0.1650        0.1937        0.2193 

 ******* Iteration    1 ********
Forming Cholesky Coulomb matrix ... done (0.00 s)
Forming Cholesky exchange matrix ... done (0.54 s)
ADIIS weights
 1.00e+00 
CDIIS weights
 1.00e+00 
 DIIS weights
 1.00e+00 

Solving SCF equations ... done (0.02 s)

Total energy                  : -5.6633120479503123e+03
DIIS error                    :  6.641231e-02
Energy change                 : -5.663312e+03
Max total density change      :  1.126643e-01
Max rms   density change      :  4.936758e-03
Dipole mu = (-0.61100168, -0.00000000, -9.52676041) D

Iteration took 0.59 s.

 ******* Iteration    2 ********
Forming Cholesky Coulomb matrix ... done (0.00 s)
Forming Cholesky exchange matrix ... done (0.52 s)
ADIIS weights
 3.62e-14  1.00e+00 
CDIIS weights
 2.17e-01  7.83e-01 
 DIIS weights
 1.06e-01  8.94e-01 

Solving SCF equations ... done (0.02 s)

Total energy                  : -5.6633639839973830e+03
DIIS error                    :  5.604501e-02
Energy change                 : -5.193605e-02
Max total density change      :  3.677256e-02
Max rms   density change      :  2.402942e-03
Dipole mu = (-1.77551526, -0.00000000, -10.74893532) D

Iteration took 0.57 s.

 ******* Iteration    3 ********
Forming Cholesky Coulomb matrix ... done (0.01 s)
Forming Cholesky exchange matrix ... done (0.65 s)
ADIIS weights
 2.67e-14  1.14e-01  8.86e-01 
CDIIS weights
-1.18e-01  3.27e-01  7.90e-01 
 DIIS weights
-8.93e-02  2.76e-01  8.13e-01 

Solving SCF equations ... done (0.01 s)

Total energy                  : -5.6633745121205493e+03
DIIS error                    :  3.161444e-02
Energy change                 : -1.052812e-02
Max total density change      :  1.769132e-02
Max rms   density change      :  9.415058e-04
Dipole mu = (-1.31885182, -0.00000000, -10.35592657) D

Iteration took 0.68 s.

 ******* Iteration    4 ********
Forming Cholesky Coulomb matrix ... done (0.00 s)
Forming Cholesky exchange matrix ... done (0.53 s)
ADIIS weights
 3.08e-15  5.00e-13  1.49e-14  1.00e+00 
CDIIS weights
-1.79e-02 -2.06e-02  1.36e-01  9.02e-01 
 DIIS weights
-1.79e-02 -2.06e-02  1.36e-01  9.02e-01 

Solving SCF equations ... done (0.03 s)

Total energy                  : -5.6633793907743247e+03
DIIS error                    :  8.591282e-03
Energy change                 : -4.878654e-03
Max total density change      :  3.319523e-03
Max rms   density change      :  2.312266e-04
Dipole mu = (-1.31647384, -0.00000000, -10.48531428) D

Iteration took 0.63 s.

 ******* Iteration    5 ********
Forming Cholesky Coulomb matrix ... done (0.00 s)
Forming Cholesky exchange matrix ... done (0.51 s)
ADIIS weights
 2.67e-15  7.14e-14  1.49e-12  2.40e-11  1.00e+00 
CDIIS weights
 1.05e-02 -4.01e-02 -6.50e-02  1.25e-01  9.69e-01 
 DIIS weights
 1.05e-02 -4.01e-02 -6.50e-02  1.25e-01  9.69e-01 

Solving SCF equations ... done (0.05 s)

Total energy                  : -5.6633795527345701e+03
DIIS error                    :  1.256960e-03
Energy change                 : -1.619602e-04
Max total density change      :  1.516114e-03
Max rms   density change      :  6.672143e-05
Dipole mu = (-1.33068629, -0.00000000, -10.48961348) D

Iteration took 0.67 s.

 ******* Iteration    6 ********
Forming Cholesky Coulomb matrix ... done (0.04 s)
Forming Cholesky exchange matrix ... done (0.42 s)
ADIIS weights
 8.23e-15  1.35e-13  2.07e-14  5.88e-14  3.23e-10  1.00e+00 
CDIIS weights
 7.76e-04  5.03e-03 -3.21e-03 -1.24e-01 -1.06e-01  1.23e+00 
 DIIS weights
 7.76e-04  5.03e-03 -3.21e-03 -1.24e-01 -1.06e-01  1.23e+00 

Solving SCF equations ... done (0.10 s)

Total energy                  : -5.6633795643924104e+03
DIIS error                    :  5.181703e-04
Energy change                 : -1.165784e-05
Max total density change      :  4.028069e-04
Max rms   density change      :  2.704742e-05
Dipole mu = (-1.32651336, -0.00000000, -10.50024461) D

Iteration took 0.63 s.

 ******* Iteration    7 ********
Forming Cholesky Coulomb matrix ... done (0.01 s)
Forming Cholesky exchange matrix ... done (0.48 s)
ADIIS weights
 2.00e-14  6.09e-14  2.49e-13  9.71e-12  4.80e-11  3.79e-10  1.00e+00 
CDIIS weights
-1.14e-03  4.27e-03  8.56e-03 -8.33e-03 -1.09e-01 -2.80e-02  1.13e+00 
 DIIS weights
-1.14e-03  4.27e-03  8.56e-03 -8.33e-03 -1.09e-01 -2.80e-02  1.13e+00 

Solving SCF equations ... done (0.03 s)

Total energy                  : -5.6633795659593943e+03
DIIS error                    :  1.309792e-04
Energy change                 : -1.566984e-06
Max total density change      :  9.035851e-05
Max rms   density change      :  6.258567e-06
Dipole mu = (-1.32776077,  0.00000000, -10.50045639) D

Iteration took 0.57 s.

 ******* Iteration    8 ********
Forming Cholesky Coulomb matrix ... done (0.00 s)
Forming Cholesky exchange matrix ... done (0.51 s)
ADIIS weights
 4.18e-15  1.98e-13  2.17e-13  1.72e-11  2.29e-11  1.40e-09  1.13e-08  1.00e+00 
CDIIS weights
-4.62e-05 -8.77e-04 -1.65e-04  1.69e-02  1.58e-02 -1.41e-01 -8.53e-02  1.19e+00 
 DIIS weights
-4.62e-05 -8.77e-04 -1.65e-04  1.69e-02  1.58e-02 -1.41e-01 -8.53e-02  1.19e+00 

Solving SCF equations ... done (0.15 s)

Total energy                  : -5.6633795661052618e+03
DIIS error                    :  3.607522e-05
Energy change                 : -1.458675e-07
Max total density change      :  6.480472e-05
Max rms   density change      :  2.605542e-06
Dipole mu = (-1.32729250,  0.00000000, -10.49950913) D

Iteration took 0.71 s.

 ******* Iteration    9 ********
Forming Cholesky Coulomb matrix ... done (0.00 s)
Forming Cholesky exchange matrix ... done (0.52 s)
ADIIS weights
 3.54e-15  7.49e-14  5.60e-13  1.60e-12  4.54e-13  5.30e-10  6.01e-09  1.51e-07  1.00e+00 
CDIIS weights
 1.00e-04 -2.95e-04 -6.83e-04 -1.01e-03  7.18e-03  2.14e-02 -9.02e-02 -1.20e-01  1.18e+00 
 DIIS weights
 1.00e-04 -2.95e-04 -6.83e-04 -1.01e-03  7.18e-03  2.14e-02 -9.02e-02 -1.20e-01  1.18e+00 

Solving SCF equations ... done (0.02 s)

Total energy                  : -5.6633795661244176e+03
DIIS error                    :  1.572621e-05
Energy change                 : -1.915578e-08
Max total density change      :  1.623015e-05
Max rms   density change      :  8.152169e-07
Dipole mu = (-1.32740336,  0.00000000, -10.49932716) D

Iteration took 0.58 s.

 ******* Iteration   10 ********
Forming Cholesky Coulomb matrix ... done (0.00 s)
Forming Cholesky exchange matrix ... done (0.59 s)
ADIIS weights
 5.04e-15  4.39e-15  1.49e-12  3.15e-11  1.14e-09  1.92e-08  2.47e-07  4.41e-07  5.31e-01  4.69e-01 
CDIIS weights
 1.20e-05  1.10e-04 -1.64e-05 -2.57e-03 -2.37e-03  2.20e-02 -2.72e-03 -1.99e-01  1.93e-01  9.92e-01 
 DIIS weights
 1.20e-05  1.10e-04 -1.64e-05 -2.57e-03 -2.37e-03  2.20e-02 -2.72e-03 -1.99e-01  1.93e-01  9.92e-01 

Solving SCF equations ... done (0.03 s)

Total energy                  : -5.6633795661263093e+03
DIIS error                    :  7.769115e-06
Energy change                 : -1.891749e-09
Max total density change      :  6.082191e-06
Max rms   density change      :  3.033618e-07
Dipole mu = (-1.32737673, -0.00000000, -10.49923946) D

Iteration took 0.66 s.

 ******* Iteration   11 ********
Forming Cholesky Coulomb matrix ... done (0.02 s)
Forming Cholesky exchange matrix ... done (0.52 s)
ADIIS weights
 1.12e-12  3.05e-12  3.75e-11  2.26e-11  7.41e-10  2.32e-06  2.42e-01  2.61e-01  2.52e-01  2.45e-01 
CDIIS weights
-2.96e-05 -1.04e-05  7.18e-04  2.88e-04 -5.47e-03  5.68e-03  5.08e-02 -1.02e-01 -2.84e-01  1.33e+00 
 DIIS weights
-2.96e-05 -1.04e-05  7.18e-04  2.88e-04 -5.47e-03  5.68e-03  5.08e-02 -1.02e-01 -2.84e-01  1.33e+00 

Solving SCF equations ... done (0.08 s)

Total energy                  : -5.6633795661265958e+03
DIIS error                    :  1.193882e-06
Energy change                 : -2.864908e-10
Max total density change      :  1.168839e-06
Max rms   density change      :  7.811813e-08
Dipole mu = (-1.32736848, -0.00000000, -10.49923744) D

Iteration took 0.66 s.

 ******* Iteration   12 ********
Forming Cholesky Coulomb matrix ... done (0.03 s)
Forming Cholesky exchange matrix ... done (0.57 s)
ADIIS weights
 1.04e-14  1.82e-10  1.20e-09  3.89e-08  1.45e-09  1.18e-06  2.48e-01  2.62e-01  2.47e-01  2.44e-01 
CDIIS weights
 4.62e-06  1.85e-05  2.87e-05 -3.21e-04 -3.01e-04  2.65e-03  1.21e-03 -3.98e-02 -1.78e-01  1.21e+00 
 DIIS weights
 4.62e-06  1.85e-05  2.87e-05 -3.21e-04 -3.01e-04  2.65e-03  1.21e-03 -3.98e-02 -1.78e-01  1.21e+00 

Solving SCF equations ... done (0.01 s)

Total energy                  : -5.6633795661266040e+03
DIIS error                    :  4.356284e-07
Energy change                 : -8.185452e-12
Max total density change      :  3.266691e-07
Max rms   density change      :  2.411194e-08
Dipole mu = (-1.32736861, -0.00000000, -10.49924128) D

Iteration took 0.63 s.

 ******* Convergence achieved ********
Solution of RHF took 7.59 s.

Kinetic               energy:  5.6708453013919661e+03
Nuclear attraction    energy: -1.4361327076731741e+04
Total one-electron    energy: -8.6904817753397219e+03
Nuclear repulsion     energy:  4.3583990739203654e+02
Coulomb               energy:  2.7698468683846941e+03
Exchange              energy: -1.7858456656361204e+02
-----------------------------------------------------
                Total energy: -5.6633795661266040e+03
               Virial factor:  9.9868348811004781e-01

Dipole mu = (-1.32736861, -0.00000000, -10.49924128) D

HOMO-LUMO gap is    6.81 eV. Orbital energies:
    -949.5858*    -141.4397*    -131.1631*    -131.1631*    -131.1628*
     -27.6674*     -23.2223*     -23.2221*     -23.2205*     -16.0391*
     -16.0391*     -16.0379*     -16.0378*     -16.0378*     -15.6045*
     -15.5322*     -11.2966*     -11.2492*     -11.2326*      -4.3978*
      -2.8986*      -2.8980*      -2.8944*      -1.4177*      -1.2312*
      -1.0610*      -0.8764*      -0.8529*      -0.8130*      -0.7246*
      -0.7174*      -0.7174*      -0.7144*      -0.7136*      -0.6564*
      -0.6547*      -0.6481*      -0.6194*      -0.5113*      -0.4569*
      -0.3692*      -0.1805*       0.0696        0.0743        0.1155 
       0.1500        0.1936        0.2040        0.2120        0.2525 
       0.2767        0.2858        0.3035        0.3351        0.3382 
       0.3966        0.4220        0.5492        0.5620        0.6828 
       0.9153        0.9268        0.9550        0.9835        0.9920 
       1.0365        1.0597        1.0890        1.1986        1.2582 
       1.2815        1.3187        1.3897        1.4311        1.4696 
       1.4941        1.5631        1.5774        1.6277        1.6320 
       1.6702        1.7299        1.8373        1.9459        1.9781 
       2.0568        2.2446        2.9754        3.0732 

Mulliken charges
   1 Cd          -0.137938
   2 N           -0.767763
   3 N           -0.899203
   4 C            0.048921
   5 C           -0.000195
   6 C            0.476051
   7 H            0.287541
   8 H            0.283584
   9 H            0.305505
  10 H            0.403497
Sum of Mulliken charges 5.551115e-14

Electron density at nuclei
   1 Cd       58475.150348
   2 N          153.772559
   3 N          153.305851
   4 C           93.921686
   5 C           93.947984
   6 C           93.895266
   7 H            0.364861
   8 H            0.366786
   9 H            0.365307
  10 H            0.319067

Running program took 22.26 s.
Current time is Sat 22 Sep 2018 22:53:04.
