Basis set cc-pVDZ found in file cc-pVDZ.gbs in /usr/share/erkale/basis/.


Current Settings used by ERKALE:
     AtomGuess      	                Auto	Method used for atomic guess (Auto for same as method)
     Basis          	             cc-pVDZ	Basis set used in calculation
     BasisCutoff    	           1.000e-08	Cutoff for dropping out small primitives from contraction
     BasisOrth      	                Auto	Method of orthonormalization of basis set
     BasisRotate    	                true	Rotate basis set to remove redundant functions?
     C1-DIIS        	               false	Use older version of DIIS (C1-DIIS instead of C2-DIIS)?
     Charge         	                   0	Total charge of system
     DFTDelta       	           5.000e+03	Switch to final DFT grid, relative to deltaE and deltaP
     DFTDirect      	               false	Save memory by not storing values of basis functions in memory
     DFTFinalTol    	           1.000e-05	Tolerance of final DFT grid
     DFTGrid        	                Auto	DFT integration grid to use: nrad lmax or Auto for adaptive
     DFTInitialTol  	           1.000e-04	Tolerance of initial DFT grid
     DFTLobatto     	               false	Use Lobatto quadrature instead of Lebedev quadrature?
     DIISEps        	           1.000e-01	Start mixing in DIIS when error is
     DIISOrder      	                  10	How many DIIS iterations to keep in memory?
     DIISThr        	           1.000e-02	DIIS error threshold for DIIS updates
     DecFock        	               false	Use decontracted basis to calculate Fock matrix (direct HF)
     Decontract     	                    	Indices of atoms to decontract basis set for
     DeltaEmax      	           1.000e-06	Maximum allowed change of energy
     DeltaPmax      	           1.000e-06	Maximum allowed maximum difference of density matrix
     DeltaPrms      	           1.000e-08	Maximum allowed RMS difference of density matrix
     DensityFitting 	                true	Use density fitting / RI?
     Direct         	               false	Calculate two-electron integrals (or density fitting) on-the-fly?
     EField         	         0.0 0.0 0.0	Electric field
     FittingBasis   	                Auto	Basis to use for density fitting / RI (Auto for automatic)
     FittingMemory  	                1000	Amount of memory in MB to use for exchange fitting
     FittingThreshold	           1.000e-08	Linear dependence threshold for Coulomb integrals in density fitting
     ForcePol       	               false	Force polarized calculation
     FreezeCore     	               false	Freeze the atomic cores?
     Guess          	              Atomic	Used guess: atomic (default), core, or GWH
     LineSearch     	               false	Do line search in level shift (EXPENSIVE!)
     LoadChk        	                    	File to load old results from
     Logfile        	         decanol.log	File to print out full information, stdout for screen
     MaxIter        	                 100	Maximum number of iterations in SCF cycle
     Method         	      lda_x-lda_c_pw	Method used in calculation (HF or a DFT functional)
     Multiplicity   	                   1	Spin multiplicity
     Occupancies    	                    	Orbital occupancies
     PZ             	                  No	Perform Perdew-Zunger self-interaction correction? No, Pert, Full, OldFull, Real, Can, CanPert
     PZEmax         	           1.000e-06	Threshold for energy change in unitary optimization
     PZHam          	                Symm	Hamiltonian to use in PZ-SIC: Symm, United
     PZKmax         	           1.000e-03	Threshold for kappa max in unitary optimization
     PZKrms         	           1.000e-04	Threshold for kappa rms in unitary optimization
     PZdEmax        	           1.000e-05	Tolerance threshold for energy convergence
     PZdPmax        	           1.000e-05	Tolerance threshold for density convergence
     PZdPrms        	           1.000e-06	Tolerance threshold for density convergence
     PZiter         	                  20	Max number of iterations in self-consistency iteration
     PZloc          	                true	Initial localization before SIC calculation?
     PZmode         	              CoulXC	Mode to use PZ-SIC in. Coul, CoulX, CoulC, CoulXC
     PZseed         	                   0	Seed number for randomized matrices?
     PZstab         	                   0	Stability analysis for PZ-SIC? 0 for no, 1 for oo block, 2 for full analysis
     PZstabFz       	                    	Orbitals to freeze for stability analysis (only oo!)
     PZunit         	                  10	Max number of iterations in unitary optimization
     PZw            	           1.000e+00	Weight for Perdew-Zunger self-interaction correction
     SaveChk        	         decanol.chk	File to use as checkpoint
     ShPairThr      	           1.000e-14	Threshold for shell pair screening, (ij|ij)<thr
     Shift          	           0.000e+00	Level shift to use in Hartree
     StrictIntegrals	               false	Use strict integrals?
     System         	       1-decanol.xyz	System as an xyz file
     UseADIIS       	                true	Use ADIIS for Fock matrix interpolation?
     UseBroyden     	               false	Use Broyden mixing of Fock matrices?
     UseDIIS        	                true	Use Pulay's Direct Inversion in the Iterative Subspace?
     UseLM          	                true	Use a spherical harmonics basis set by default?
     UseTRDSM       	               false	Use Trust-Region DSM?
     UseTRRH        	               false	Use Trust-Region Roothaan-Hall?
     Verbose        	                true	Verbose calculation?

Performing lda_x-lda_c_pw guess for atoms:
	1 2 3 4 5 6 7 8 9 10  (0.04 s)
	11  (0.04 s)
	12 13 14 15 16 17 18 19 20 21 22 23 24 25 26 27 28 29 30 31 32 33  (0.02 s)
Diagonalizing density matrix ... done (0.02 s)
Atomic guess formed in 0.12 s.

There are 132 shells and 33 nuclei in the basis set.

List of nuclei, geometry in Ångström with three decimal places:
		 Z	    x	    y	    z
1	C	 6	  3.951	  3.954	  3.422
2	C	 6	  5.374	  3.650	  2.992
3	C	 6	  5.463	  3.377	  1.498
4	C	 6	  3.868	  4.262	  4.910
5	C	 6	  6.848	  2.886	  1.104
6	C	 6	  2.477	  4.734	  5.304
7	C	 6	  7.148	  1.524	  1.712
8	C	 6	  2.137	  6.069	  4.659
9	C	 6	  8.591	  1.087	  1.480
10	C	 6	  0.699	  6.461	  4.906
11	O	 8	  9.421	  1.797	  2.372
12	H	 1	  3.288	  3.101	  3.176
13	H	 1	  3.545	  4.820	  2.851
14	H	 1	  5.765	  2.762	  3.542
15	H	 1	  6.048	  4.486	  3.268
16	H	 1	  5.215	  4.295	  0.931
17	H	 1	  4.701	  2.628	  1.203
18	H	 1	  4.617	  5.035	  5.179
19	H	 1	  4.143	  3.363	  5.497
20	H	 1	  6.927	  2.833	  0.000
21	H	 1	  7.614	  3.620	  1.425
22	H	 1	  2.408	  4.819	  6.406
23	H	 1	  1.725	  3.973	  5.015
24	H	 1	  6.912	  1.559	  2.801
25	H	 1	  6.470	  0.761	  1.283
26	H	 1	  2.344	  6.002	  3.567
27	H	 1	  2.817	  6.856	  5.041
28	H	 1	  8.699	  0.000	  1.663
29	H	 1	  8.897	  1.277	  0.432
30	H	 1	  0.462	  7.423	  4.435
31	H	 1	  0.000	  5.717	  4.502
32	H	 1	  0.486	  6.559	  5.979
33	H	 1	 10.312	  1.558	  2.157

List of basis functions:
Shell    1	S cart shell at nucleus   1 with with basis functions    1-1   
Shell    2	S cart shell at nucleus   1 with with basis functions    2-2   
Shell    3	S cart shell at nucleus   1 with with basis functions    3-3   
Shell    4	P cart shell at nucleus   1 with with basis functions    4-6   
Shell    5	P cart shell at nucleus   1 with with basis functions    7-9   
Shell    6	D  sph shell at nucleus   1 with with basis functions   10-14  
Shell    7	S cart shell at nucleus   2 with with basis functions   15-15  
Shell    8	S cart shell at nucleus   2 with with basis functions   16-16  
Shell    9	S cart shell at nucleus   2 with with basis functions   17-17  
Shell   10	P cart shell at nucleus   2 with with basis functions   18-20  
Shell   11	P cart shell at nucleus   2 with with basis functions   21-23  
Shell   12	D  sph shell at nucleus   2 with with basis functions   24-28  
Shell   13	S cart shell at nucleus   3 with with basis functions   29-29  
Shell   14	S cart shell at nucleus   3 with with basis functions   30-30  
Shell   15	S cart shell at nucleus   3 with with basis functions   31-31  
Shell   16	P cart shell at nucleus   3 with with basis functions   32-34  
Shell   17	P cart shell at nucleus   3 with with basis functions   35-37  
Shell   18	D  sph shell at nucleus   3 with with basis functions   38-42  
Shell   19	S cart shell at nucleus   4 with with basis functions   43-43  
Shell   20	S cart shell at nucleus   4 with with basis functions   44-44  
Shell   21	S cart shell at nucleus   4 with with basis functions   45-45  
Shell   22	P cart shell at nucleus   4 with with basis functions   46-48  
Shell   23	P cart shell at nucleus   4 with with basis functions   49-51  
Shell   24	D  sph shell at nucleus   4 with with basis functions   52-56  
Shell   25	S cart shell at nucleus   5 with with basis functions   57-57  
Shell   26	S cart shell at nucleus   5 with with basis functions   58-58  
Shell   27	S cart shell at nucleus   5 with with basis functions   59-59  
Shell   28	P cart shell at nucleus   5 with with basis functions   60-62  
Shell   29	P cart shell at nucleus   5 with with basis functions   63-65  
Shell   30	D  sph shell at nucleus   5 with with basis functions   66-70  
Shell   31	S cart shell at nucleus   6 with with basis functions   71-71  
Shell   32	S cart shell at nucleus   6 with with basis functions   72-72  
Shell   33	S cart shell at nucleus   6 with with basis functions   73-73  
Shell   34	P cart shell at nucleus   6 with with basis functions   74-76  
Shell   35	P cart shell at nucleus   6 with with basis functions   77-79  
Shell   36	D  sph shell at nucleus   6 with with basis functions   80-84  
Shell   37	S cart shell at nucleus   7 with with basis functions   85-85  
Shell   38	S cart shell at nucleus   7 with with basis functions   86-86  
Shell   39	S cart shell at nucleus   7 with with basis functions   87-87  
Shell   40	P cart shell at nucleus   7 with with basis functions   88-90  
Shell   41	P cart shell at nucleus   7 with with basis functions   91-93  
Shell   42	D  sph shell at nucleus   7 with with basis functions   94-98  
Shell   43	S cart shell at nucleus   8 with with basis functions   99-99  
Shell   44	S cart shell at nucleus   8 with with basis functions  100-100 
Shell   45	S cart shell at nucleus   8 with with basis functions  101-101 
Shell   46	P cart shell at nucleus   8 with with basis functions  102-104 
Shell   47	P cart shell at nucleus   8 with with basis functions  105-107 
Shell   48	D  sph shell at nucleus   8 with with basis functions  108-112 
Shell   49	S cart shell at nucleus   9 with with basis functions  113-113 
Shell   50	S cart shell at nucleus   9 with with basis functions  114-114 
Shell   51	S cart shell at nucleus   9 with with basis functions  115-115 
Shell   52	P cart shell at nucleus   9 with with basis functions  116-118 
Shell   53	P cart shell at nucleus   9 with with basis functions  119-121 
Shell   54	D  sph shell at nucleus   9 with with basis functions  122-126 
Shell   55	S cart shell at nucleus  10 with with basis functions  127-127 
Shell   56	S cart shell at nucleus  10 with with basis functions  128-128 
Shell   57	S cart shell at nucleus  10 with with basis functions  129-129 
Shell   58	P cart shell at nucleus  10 with with basis functions  130-132 
Shell   59	P cart shell at nucleus  10 with with basis functions  133-135 
Shell   60	D  sph shell at nucleus  10 with with basis functions  136-140 
Shell   61	S cart shell at nucleus  11 with with basis functions  141-141 
Shell   62	S cart shell at nucleus  11 with with basis functions  142-142 
Shell   63	S cart shell at nucleus  11 with with basis functions  143-143 
Shell   64	P cart shell at nucleus  11 with with basis functions  144-146 
Shell   65	P cart shell at nucleus  11 with with basis functions  147-149 
Shell   66	D  sph shell at nucleus  11 with with basis functions  150-154 
Shell   67	S cart shell at nucleus  12 with with basis functions  155-155 
Shell   68	S cart shell at nucleus  12 with with basis functions  156-156 
Shell   69	P cart shell at nucleus  12 with with basis functions  157-159 
Shell   70	S cart shell at nucleus  13 with with basis functions  160-160 
Shell   71	S cart shell at nucleus  13 with with basis functions  161-161 
Shell   72	P cart shell at nucleus  13 with with basis functions  162-164 
Shell   73	S cart shell at nucleus  14 with with basis functions  165-165 
Shell   74	S cart shell at nucleus  14 with with basis functions  166-166 
Shell   75	P cart shell at nucleus  14 with with basis functions  167-169 
Shell   76	S cart shell at nucleus  15 with with basis functions  170-170 
Shell   77	S cart shell at nucleus  15 with with basis functions  171-171 
Shell   78	P cart shell at nucleus  15 with with basis functions  172-174 
Shell   79	S cart shell at nucleus  16 with with basis functions  175-175 
Shell   80	S cart shell at nucleus  16 with with basis functions  176-176 
Shell   81	P cart shell at nucleus  16 with with basis functions  177-179 
Shell   82	S cart shell at nucleus  17 with with basis functions  180-180 
Shell   83	S cart shell at nucleus  17 with with basis functions  181-181 
Shell   84	P cart shell at nucleus  17 with with basis functions  182-184 
Shell   85	S cart shell at nucleus  18 with with basis functions  185-185 
Shell   86	S cart shell at nucleus  18 with with basis functions  186-186 
Shell   87	P cart shell at nucleus  18 with with basis functions  187-189 
Shell   88	S cart shell at nucleus  19 with with basis functions  190-190 
Shell   89	S cart shell at nucleus  19 with with basis functions  191-191 
Shell   90	P cart shell at nucleus  19 with with basis functions  192-194 
Shell   91	S cart shell at nucleus  20 with with basis functions  195-195 
Shell   92	S cart shell at nucleus  20 with with basis functions  196-196 
Shell   93	P cart shell at nucleus  20 with with basis functions  197-199 
Shell   94	S cart shell at nucleus  21 with with basis functions  200-200 
Shell   95	S cart shell at nucleus  21 with with basis functions  201-201 
Shell   96	P cart shell at nucleus  21 with with basis functions  202-204 
Shell   97	S cart shell at nucleus  22 with with basis functions  205-205 
Shell   98	S cart shell at nucleus  22 with with basis functions  206-206 
Shell   99	P cart shell at nucleus  22 with with basis functions  207-209 
Shell  100	S cart shell at nucleus  23 with with basis functions  210-210 
Shell  101	S cart shell at nucleus  23 with with basis functions  211-211 
Shell  102	P cart shell at nucleus  23 with with basis functions  212-214 
Shell  103	S cart shell at nucleus  24 with with basis functions  215-215 
Shell  104	S cart shell at nucleus  24 with with basis functions  216-216 
Shell  105	P cart shell at nucleus  24 with with basis functions  217-219 
Shell  106	S cart shell at nucleus  25 with with basis functions  220-220 
Shell  107	S cart shell at nucleus  25 with with basis functions  221-221 
Shell  108	P cart shell at nucleus  25 with with basis functions  222-224 
Shell  109	S cart shell at nucleus  26 with with basis functions  225-225 
Shell  110	S cart shell at nucleus  26 with with basis functions  226-226 
Shell  111	P cart shell at nucleus  26 with with basis functions  227-229 
Shell  112	S cart shell at nucleus  27 with with basis functions  230-230 
Shell  113	S cart shell at nucleus  27 with with basis functions  231-231 
Shell  114	P cart shell at nucleus  27 with with basis functions  232-234 
Shell  115	S cart shell at nucleus  28 with with basis functions  235-235 
Shell  116	S cart shell at nucleus  28 with with basis functions  236-236 
Shell  117	P cart shell at nucleus  28 with with basis functions  237-239 
Shell  118	S cart shell at nucleus  29 with with basis functions  240-240 
Shell  119	S cart shell at nucleus  29 with with basis functions  241-241 
Shell  120	P cart shell at nucleus  29 with with basis functions  242-244 
Shell  121	S cart shell at nucleus  30 with with basis functions  245-245 
Shell  122	S cart shell at nucleus  30 with with basis functions  246-246 
Shell  123	P cart shell at nucleus  30 with with basis functions  247-249 
Shell  124	S cart shell at nucleus  31 with with basis functions  250-250 
Shell  125	S cart shell at nucleus  31 with with basis functions  251-251 
Shell  126	P cart shell at nucleus  31 with with basis functions  252-254 
Shell  127	S cart shell at nucleus  32 with with basis functions  255-255 
Shell  128	S cart shell at nucleus  32 with with basis functions  256-256 
Shell  129	P cart shell at nucleus  32 with with basis functions  257-259 
Shell  130	S cart shell at nucleus  33 with with basis functions  260-260 
Shell  131	S cart shell at nucleus  33 with with basis functions  261-261 
Shell  132	P cart shell at nucleus  33 with with basis functions  262-264 

Basis set contains 264 functions, maximum angular momentum is 2.
Spherical harmonic Gaussians are used by default, there are 275 cartesians.

Forming overlap matrix ... done (0.00 s)
Forming kinetic energy matrix ... done (0.02 s)
Forming nuclear attraction matrix ... done (0.22 s)

Smallest eigenvalue of overlap matrix is 1.74e-03, ratio to largest is 2.53e-04.
Using symmetric orthogonalization.
Basis set diagonalized in 0.01 s.

Computing density fitting integrals, requiring 295 Mi 580 ki memory ... done (25.28 s)
Auxiliary basis contains 1045 functions.

Initialization of computation done in 25.58 s.

Used exchange functional is lda_x, 'Slater exchange', defined in the reference(s):
P. A. M. Dirac, Math. Proc. Cambridge Philos. Soc. 26, 376 (1930) (DOI 10.1017/S0305004100016108)
F. Bloch, Z. Phys. 57, 545 (1929) (DOI 10.1007/BF01340281)

Used correlation functional is lda_c_pw, 'Perdew & Wang', defined in the reference(s):
J. P. Perdew and Y. Wang, Phys. Rev. B 45, 13244 (1992) (DOI 10.1103/PhysRevB.45.13244)

HOMO-LUMO gap is    0.00 eV. Energies of lowest lying states:
   -18.741335*    -9.919760*    -9.919760*    -9.919760*    -9.919760*
    -9.919760*    -9.919760*    -9.919760*    -9.919760*    -9.919760*
    -9.919760*    -0.890726*    -0.522983*    -0.522983*    -0.522983*
    -0.522983*    -0.522983*    -0.522983*    -0.522983*    -0.522983*
    -0.522983*    -0.522983*    -0.352240*    -0.352240*    -0.352240*
    -0.264719*    -0.264719*    -0.264719*    -0.264719*    -0.264719*
    -0.264719*    -0.264719*    -0.264719*    -0.264719*    -0.264719*
    -0.264719*    -0.264719*    -0.264719*    -0.264719*    -0.264719*
    -0.264719*    -0.264719*    -0.264719*    -0.264719*    -0.264719*
    -0.264719     -0.264719     -0.216699     -0.216699     -0.216699 

A pure exchange functional used, no exact exchange.
Constructing DFT grid.
	atom  Npoints      Nfuncs  t
	   1     2576      395574  0.77 s
	   4     2500      354920  0.83 s
	   3     2536      368684  0.88 s
	   2     2612      408294  0.90 s
	   5     2644      358888  0.82 s
	   6     2596      344189  0.77 s
	   8     2608      325684  0.72 s
	   7     2644      347337  0.78 s
	  10     2844      273234  0.56 s
	  11     3000      294983  0.59 s
	   9     2788      299461  0.63 s
	  12     2434      334839  0.77 s
	  15     2422      338098  0.66 s
	  14     2458      357191  0.68 s
	  13     2422      344381  0.79 s
	  16     2458      307282  0.69 s
	  18     2458      316810  0.37 s
	  17     2434      319608  0.39 s
	  22     2374      256096  0.29 s
	  19     2302      284129  0.61 s
	  21     2338      291544  0.34 s
	  20     2350      261562  0.54 s
	  25     2278      257932  0.28 s
	  23     2398      287103  0.34 s
	  28     2446      212941  0.25 s
	  27     2326      257285  0.29 s
	  24     2422      313170  0.72 s
	  26     2446      303645  0.69 s
	  30     2350      186645  0.20 s
	  29     2338      219165  0.24 s
	  33     2482      193281  0.20 s
	  31     2254      199351  0.36 s
	  32     2374      197455  0.34 s
DFT XC grid constructed in 4.68 s.

 ******* Iteration    1 ********
Forming density fitted Coulomb matrix ... done (0.19 s)
Computing DFT exchange and correlation ... done (1.09 s)
Numerically integrated density is 89.99955 (-0.0005 %).
ADIIS weights
 1.00e+00 
CDIIS weights
 1.00e+00 
 DIIS weights
 1.00e+00 

Solving SCF equations ... done (0.01 s)
HOMO-LUMO gap is    1.12 eV. Energies of lowest lying states:
   -18.266008*   -10.385542*   -10.256364*   -10.252974*   -10.248861*
   -10.240882*   -10.240588*   -10.238351*   -10.235551*   -10.231126*
   -10.227772*    -1.061239*    -1.047206*    -1.022259*    -0.988163*
    -0.948127*    -0.906649*    -0.859322*    -0.815131*    -0.792137*
    -0.760448*    -0.757830*    -0.696685*    -0.693626*    -0.688085*
    -0.675092*    -0.664994*    -0.657825*    -0.644983*    -0.633589*
    -0.620843*    -0.605629*    -0.605485*    -0.587932*    -0.573986*
    -0.570986*    -0.558416*    -0.546156*    -0.540159*    -0.522693*
    -0.506163*    -0.505016*    -0.495939*    -0.237347*    -0.168010*
    -0.126916     -0.118811     -0.114751     -0.101493     -0.095191 

Dipole:	x		y		z		dipole change
	 1.85292717	 1.15723998	 1.65668889	 2.741744e+00
Energy:	electronic	total		virial		energy change
	-1087.30544633	-463.04859193	 1.00336449	-463.049
	kinetic		nuclear		Coulomb		XC
	 461.49589567	-2308.24108734	 824.40871449	-64.96896915
Errors:	Max dens	RMS dens	DIIS
	 3.132395e-01	 1.049900e-02	 5.619556e-01

Iteration took 1.33 s.

 ******* Iteration    2 ********
Forming density fitted Coulomb matrix ... done (0.19 s)
Computing DFT exchange and correlation ... done (1.09 s)
Numerically integrated density is 90.00002 (+0.0000 %).
ADIIS weights
 5.89e-01  4.11e-01 
CDIIS weights
 4.95e-01  5.05e-01 
 DIIS weights
 5.89e-01  4.11e-01 

Solving SCF equations ... done (0.01 s)
HOMO-LUMO gap is    6.66 eV. Energies of lowest lying states:
   -18.843524*    -9.769467*    -9.764470*    -9.763953*    -9.763687*
    -9.761715*    -9.760519*    -9.754927*    -9.750271*    -9.744897*
    -9.713471*    -1.064061*    -0.755699*    -0.734346*    -0.705148*
    -0.679031*    -0.645294*    -0.599338*    -0.571724*    -0.556413*
    -0.532624*    -0.526761*    -0.515807*    -0.447281*    -0.441551*
    -0.434634*    -0.429269*    -0.413616*    -0.399865*    -0.396386*
    -0.386789*    -0.362318*    -0.358377*    -0.354460*    -0.333898*
    -0.330150*    -0.324315*    -0.310103*    -0.303127*    -0.301252*
    -0.298409*    -0.290329*    -0.286448*    -0.271057*    -0.268154*
    -0.023508      0.020735      0.028985      0.031656      0.039702 

Dipole:	x		y		z		dipole change
	-0.01481391	-0.79219743	-0.88857599	-1.551213e+00
Energy:	electronic	total		virial		energy change
	-1086.38830585	-462.13145144	 0.96937137	 0.91714
	kinetic		nuclear		Coulomb		XC
	 476.73313184	-2375.55583020	 881.33257314	-68.89818062
Errors:	Max dens	RMS dens	DIIS
	 3.067161e-01	 7.331803e-03	 4.887385e-01

Iteration took 1.32 s.

 ******* Iteration    3 ********
Forming density fitted Coulomb matrix ... done (0.19 s)
Computing DFT exchange and correlation ... done (1.08 s)
Numerically integrated density is 89.99988 (-0.0001 %).
ADIIS weights
 5.23e-27  3.42e-26  1.00e+00 
CDIIS weights
 3.98e-02  1.24e-01  8.36e-01 
 DIIS weights
 5.23e-27  3.42e-26  1.00e+00 

Solving SCF equations ... done (0.01 s)
HOMO-LUMO gap is    2.21 eV. Energies of lowest lying states:
   -18.123728*    -9.944856*    -9.869289*    -9.783479*    -9.778996*
    -9.762103*    -9.759506*    -9.759111*    -9.755723*    -9.750893*
    -9.747097*    -0.809976*    -0.736904*    -0.723089*    -0.690223*
    -0.655002*    -0.614958*    -0.567595*    -0.540907*    -0.521447*
    -0.498225*    -0.486055*    -0.443220*    -0.429441*    -0.417118*
    -0.407289*    -0.395587*    -0.375479*    -0.366889*    -0.354721*
    -0.346703*    -0.339051*    -0.321926*    -0.315244*    -0.304956*
    -0.301387*    -0.293999*    -0.278620*    -0.274762*    -0.265962*
    -0.263431*    -0.255011*    -0.243483*    -0.152299*    -0.059114*
     0.021981      0.037531      0.041921      0.046116      0.055024 

Dipole:	x		y		z		dipole change
	 1.09727485	 0.90202961	 1.03919775	 5.694696e-01
Energy:	electronic	total		virial		energy change
	-1089.37112728	-465.11427288	 0.99730369	-2.98282
	kinetic		nuclear		Coulomb		XC
	 466.37175665	-2339.42228149	 850.68774705	-67.00834950
Errors:	Max dens	RMS dens	DIIS
	 2.210695e-01	 4.568612e-03	 2.807414e-01

Iteration took 1.32 s.

 ******* Iteration    4 ********
Forming density fitted Coulomb matrix ... done (0.19 s)
Computing DFT exchange and correlation ... done (1.08 s)
Numerically integrated density is 89.99986 (-0.0002 %).
ADIIS weights
 2.50e-17  7.82e-17  7.61e-01  2.39e-01 
CDIIS weights
 1.28e-02  6.06e-04  6.66e-01  3.21e-01 
 DIIS weights
 2.50e-17  7.82e-17  7.61e-01  2.39e-01 

Solving SCF equations ... done (0.01 s)
HOMO-LUMO gap is    5.70 eV. Energies of lowest lying states:
   -18.476202*    -9.847899*    -9.795793*    -9.770435*    -9.768332*
    -9.764042*    -9.763895*    -9.763652*    -9.763172*    -9.759272*
    -9.757122*    -0.890311*    -0.736296*    -0.721154*    -0.688797*
    -0.654166*    -0.613757*    -0.564097*    -0.533123*    -0.521290*
    -0.494962*    -0.488646*    -0.453105*    -0.416444*    -0.414261*
    -0.400643*    -0.390900*    -0.383323*    -0.367800*    -0.356313*
    -0.351824*    -0.331143*    -0.327404*    -0.314051*    -0.304208*
    -0.302729*    -0.293842*    -0.279242*    -0.273176*    -0.268717*
    -0.265145*    -0.257663*    -0.255364*    -0.245055*    -0.177454*
     0.032085      0.037544      0.042913      0.046198      0.052074 

Dipole:	x		y		z		dipole change
	 0.41182002	-0.09262446	-0.12559156	-1.319605e+00
Energy:	electronic	total		virial		energy change
	-1089.00216213	-464.74530773	 1.00614017	 0.368965
	kinetic		nuclear		Coulomb		XC
	 461.90910559	-2330.72093635	 846.11453119	-66.30486256
Errors:	Max dens	RMS dens	DIIS
	 1.198215e-01	 3.038545e-03	 5.165388e-01

Iteration took 1.32 s.

 ******* Iteration    5 ********
Forming density fitted Coulomb matrix ... done (0.19 s)
Computing DFT exchange and correlation ... done (1.07 s)
Numerically integrated density is 89.99987 (-0.0001 %).
ADIIS weights
 4.17e-18  5.44e-18  1.98e-01  3.31e-15  8.02e-01 
CDIIS weights
 3.84e-03  3.10e-03  2.46e-01 -7.39e-02  8.21e-01 
 DIIS weights
 4.17e-18  5.44e-18  1.98e-01  3.31e-15  8.02e-01 

Solving SCF equations ... done (0.01 s)
HOMO-LUMO gap is    6.93 eV. Energies of lowest lying states:
   -18.675733*    -9.787274*    -9.771943*    -9.769807*    -9.768328*
    -9.768227*    -9.768201*    -9.765930*    -9.765518*    -9.763542*
    -9.747334*    -0.952847*    -0.736778*    -0.717590*    -0.685228*
    -0.653139*    -0.615765*    -0.567177*    -0.537160*    -0.525391*
    -0.499533*    -0.492763*    -0.473136*    -0.420245*    -0.415109*
    -0.396976*    -0.392824*    -0.387853*    -0.371071*    -0.360576*
    -0.357764*    -0.332905*    -0.332091*    -0.325169*    -0.308128*
    -0.304275*    -0.298401*    -0.282869*    -0.279244*    -0.274391*
    -0.272074*    -0.264912*    -0.261475*    -0.248431*    -0.228495*
     0.026170      0.034225      0.041432      0.042847      0.049091 

Dipole:	x		y		z		dipole change
	 0.25040265	-0.46299483	-0.50640605	 2.900240e-01
Energy:	electronic	total		virial		energy change
	-1089.46495069	-465.20809629	 1.00284026	-0.462789
	kinetic		nuclear		Coulomb		XC
	 463.89052812	-2334.99136048	 848.23249376	-66.59661209
Errors:	Max dens	RMS dens	DIIS
	 6.084980e-02	 9.200051e-04	 1.299245e-01

Iteration took 1.31 s.

 ******* Iteration    6 ********
Forming density fitted Coulomb matrix ... done (0.20 s)
Computing DFT exchange and correlation ... done (1.08 s)
Numerically integrated density is 89.99987 (-0.0001 %).
ADIIS weights
 6.02e-17  1.11e-16  2.40e-14  1.04e-15  3.83e-01  6.17e-01 
CDIIS weights
 8.89e-04  1.35e-03  1.37e-01 -3.09e-02  6.15e-01  2.77e-01 
 DIIS weights
 3.43e-05  5.21e-05  5.28e-03 -1.19e-03  3.92e-01  6.03e-01 

Solving SCF equations ... done (0.01 s)
HOMO-LUMO gap is    6.36 eV. Energies of lowest lying states:
   -18.578224*    -9.823372*    -9.777696*    -9.772874*    -9.769284*
    -9.768857*    -9.768285*    -9.767770*    -9.767526*    -9.767262*
    -9.763301*    -0.922282*    -0.737951*    -0.721444*    -0.689479*
    -0.656302*    -0.617566*    -0.568549*    -0.538711*    -0.527420*
    -0.500948*    -0.495288*    -0.464485*    -0.420662*    -0.417161*
    -0.401302*    -0.394400*    -0.388292*    -0.372618*    -0.361175*
    -0.356072*    -0.335018*    -0.330902*    -0.319982*    -0.309568*
    -0.306547*    -0.298666*    -0.284080*    -0.277626*    -0.275170*
    -0.273705*    -0.265771*    -0.262011*    -0.250174*    -0.205709*
     0.028032      0.033549      0.039937      0.042392      0.048688 

Dipole:	x		y		z		dipole change
	 0.30876368	-0.27239887	-0.31337962	-2.129808e-01
Energy:	electronic	total		virial		energy change
	-1089.47627438	-465.21941998	 1.00033261	-0.0113237
	kinetic		nuclear		Coulomb		XC
	 465.06473421	-2336.94287197	 849.16248134	-66.76061796
Errors:	Max dens	RMS dens	DIIS
	 3.094432e-02	 4.697330e-04	 9.652939e-02

Iteration took 1.32 s.

 ******* Iteration    7 ********
Forming density fitted Coulomb matrix ... done (0.19 s)
Computing DFT exchange and correlation ... done (1.08 s)
Numerically integrated density is 89.99987 (-0.0001 %).
ADIIS weights
 7.08e-17  6.01e-16  5.90e-14  6.43e-17  2.09e-12  3.92e-03  9.96e-01 
CDIIS weights
-2.55e-04 -2.29e-04  2.76e-03 -8.24e-03  1.53e-01  2.69e-01  5.84e-01 
 DIIS weights
-2.29e-04 -2.07e-04  2.49e-03 -7.42e-03  1.38e-01  2.42e-01  6.25e-01 

Solving SCF equations ... done (0.01 s)
HOMO-LUMO gap is    6.49 eV. Energies of lowest lying states:
   -18.595995*    -9.814767*    -9.770306*    -9.770047*    -9.769216*
    -9.768694*    -9.768357*    -9.768232*    -9.768174*    -9.767304*
    -9.762978*    -0.926490*    -0.738105*    -0.720785*    -0.688698*
    -0.655591*    -0.616912*    -0.567910*    -0.537682*    -0.526631*
    -0.500325*    -0.494341*    -0.465437*    -0.420830*    -0.416667*
    -0.399776*    -0.393989*    -0.388005*    -0.371985*    -0.360902*
    -0.355728*    -0.334536*    -0.330395*    -0.320714*    -0.309205*
    -0.305881*    -0.298578*    -0.283715*    -0.277999*    -0.275512*
    -0.273332*    -0.265595*    -0.261959*    -0.249917*    -0.209822*
     0.028707      0.033701      0.040252      0.042548      0.048656 

Dipole:	x		y		z		dipole change
	 0.30754100	-0.31019039	-0.35161102	 4.330162e-02
Energy:	electronic	total		virial		energy change
	-1089.48907441	-465.23222000	 1.00147537	-0.0128
	kinetic		nuclear		Coulomb		XC
	 464.54684004	-2336.09978536	 848.75954075	-66.69566984
Errors:	Max dens	RMS dens	DIIS
	 5.773660e-03	 9.996116e-05	 1.892530e-02

Iteration took 1.33 s.

 ******* Iteration    8 ********
Forming density fitted Coulomb matrix ... done (0.13 s)
Computing DFT exchange and correlation ... done (0.89 s)
Numerically integrated density is 89.99987 (-0.0001 %).
ADIIS weights
 8.84e-17  1.26e-17  2.65e-14  2.97e-16  8.30e-14  7.59e-13  4.97e-10  1.00e+00 
CDIIS weights
-5.62e-05 -1.76e-04  4.09e-04 -3.31e-03  5.84e-02  9.97e-02  3.00e-01  5.46e-01 
 DIIS weights
-5.62e-05 -1.76e-04  4.09e-04 -3.31e-03  5.84e-02  9.97e-02  3.00e-01  5.46e-01 

Solving SCF equations ... done (0.01 s)
HOMO-LUMO gap is    6.47 eV. Energies of lowest lying states:
   -18.593517*    -9.816384*    -9.771368*    -9.770681*    -9.768440*
    -9.768077*    -9.768009*    -9.767962*    -9.767357*    -9.767288*
    -9.763287*    -0.925928*    -0.737815*    -0.720771*    -0.688694*
    -0.655592*    -0.616889*    -0.567856*    -0.537699*    -0.526489*
    -0.500145*    -0.494287*    -0.465368*    -0.420492*    -0.416616*
    -0.399979*    -0.393895*    -0.387910*    -0.372032*    -0.360769*
    -0.355688*    -0.334396*    -0.330312*    -0.320469*    -0.309061*
    -0.305859*    -0.298452*    -0.283629*    -0.277825*    -0.275275*
    -0.273284*    -0.265473*    -0.261776*    -0.249699*    -0.209294*
     0.028608      0.033846      0.040352      0.042654      0.048794 

Dipole:	x		y		z		dipole change
	 0.30640058	-0.30538429	-0.34675341	-6.322913e-03
Energy:	electronic	total		virial		energy change
	-1089.48966939	-465.23281498	 1.00130493	-0.00059498
	kinetic		nuclear		Coulomb		XC
	 464.62651107	-2336.25293463	 848.84122767	-66.70447349
Errors:	Max dens	RMS dens	DIIS
	 8.323473e-04	 1.674482e-05	 2.962410e-03

Iteration took 1.07 s.

 ******* Iteration    9 ********
Forming density fitted Coulomb matrix ... done (0.12 s)
Computing DFT exchange and correlation ... done (0.87 s)
Numerically integrated density is 89.99987 (-0.0001 %).
ADIIS weights
 2.55e-16  1.05e-16  7.67e-15  2.53e-16  6.63e-13  2.16e-13  1.77e-09  4.41e-06  1.00e+00 
CDIIS weights
-1.06e-05 -9.16e-05 -4.35e-04 -8.66e-04  1.49e-02  2.77e-02  1.06e-01  3.24e-01  5.29e-01 
 DIIS weights
-1.06e-05 -9.16e-05 -4.35e-04 -8.66e-04  1.49e-02  2.77e-02  1.06e-01  3.24e-01  5.29e-01 

Solving SCF equations ... done (0.01 s)
HOMO-LUMO gap is    6.47 eV. Energies of lowest lying states:
   -18.593540*    -9.816160*    -9.771237*    -9.770556*    -9.768376*
    -9.768268*    -9.768172*    -9.767885*    -9.767602*    -9.767325*
    -9.763063*    -0.925948*    -0.737843*    -0.720730*    -0.688665*
    -0.655561*    -0.616868*    -0.567832*    -0.537669*    -0.526489*
    -0.500150*    -0.494260*    -0.465334*    -0.420541*    -0.416577*
    -0.399916*    -0.393875*    -0.387894*    -0.371969*    -0.360755*
    -0.355651*    -0.334400*    -0.330294*    -0.320471*    -0.309047*
    -0.305815*    -0.298428*    -0.283592*    -0.277811*    -0.275294*
    -0.273235*    -0.265478*    -0.261774*    -0.249712*    -0.209304*
     0.028606      0.033849      0.040361      0.042655      0.048796 

Dipole:	x		y		z		dipole change
	 0.30596059	-0.30577598	-0.34693114	 8.407630e-05
Energy:	electronic	total		virial		energy change
	-1089.48968801	-465.23283361	 1.00133669	-1.86246e-05
	kinetic		nuclear		Coulomb		XC
	 464.61179295	-2336.21854848	 848.81952679	-66.70245927
Errors:	Max dens	RMS dens	DIIS
	 1.017922e-04	 3.066070e-06	 2.065339e-04

Iteration took 1.05 s.

 ******* Convergence achieved ********
Dipole moment is (0.777674,-0.777205,-0.881811) D, |mu|=1.409402 D.
Solution of RDFT took 16.07 s.
HOMO-LUMO gap is    6.47 eV. Energies of lowest lying states:
   -18.593540*    -9.816160*    -9.771237*    -9.770556*    -9.768376*
    -9.768268*    -9.768172*    -9.767885*    -9.767602*    -9.767325*
    -9.763063*    -0.925948*    -0.737843*    -0.720730*    -0.688665*
    -0.655561*    -0.616868*    -0.567832*    -0.537669*    -0.526489*
    -0.500150*    -0.494260*    -0.465334*    -0.420541*    -0.416577*
    -0.399916*    -0.393875*    -0.387894*    -0.371969*    -0.360755*
    -0.355651*    -0.334400*    -0.330294*    -0.320471*    -0.309047*
    -0.305815*    -0.298428*    -0.283592*    -0.277811*    -0.275294*
    -0.273235*    -0.265478*    -0.261774*    -0.249712*    -0.209304*
     0.028606      0.033849      0.040361      0.042655      0.048796 

A pure exchange functional used, no exact exchange.
Constructing DFT grid.
	atom  Npoints      Nfuncs  t
	   4     5302      751949  1.05 s
	   3     5350      775212  1.10 s
	   1     5318      815397  1.19 s
	   2     5306      828905  1.34 s
	   5     5230      709129  0.97 s
	   6     5302      701074  0.96 s
	   7     5326      696740  0.99 s
	   8     5362      667496  1.01 s
	   9     5490      587666  0.72 s
	  10     5778      554759  0.71 s
	  11     6030      590044  0.79 s
	  12     5440      739835  1.52 s
	  14     5452      787902  1.12 s
	  15     5608      777585  1.13 s
	  13     5572      785445  1.86 s
	  17     5212      681592  0.93 s
	  18     5140      662057  0.92 s
	  16     5164      644729  1.57 s
	  20     5008      554488  0.70 s
	  21     5452      673543  0.93 s
	  19     5164      637191  1.54 s
	  23     5596      664104  0.89 s
	  22     5164      555768  1.27 s
	  24     5368      692489  0.94 s
	  26     5320      655482  0.91 s
	  28     5332      461732  0.56 s
	  25     5440      611007  1.44 s
	  29     5092      473411  0.60 s
	  30     5416      427433  0.53 s
	  27     5296      581540  1.35 s
	  31     5344      471582  0.81 s
	  32     5200      431904  0.53 s
	  33     5500      426991  0.52 s
DFT XC grid constructed in 8.50 s.

 ******* Iteration    1 ********
Forming density fitted Coulomb matrix ... done (0.19 s)
Computing DFT exchange and correlation ... done (2.56 s)
Numerically integrated density is 89.99991 (-0.0001 %).
ADIIS weights
 1.00e+00 
CDIIS weights
 1.00e+00 
 DIIS weights
 1.00e+00 

Solving SCF equations ... done (0.02 s)
HOMO-LUMO gap is    6.47 eV. Energies of lowest lying states:
   -18.593669*    -9.816106*    -9.771158*    -9.770599*    -9.768358*
    -9.768308*    -9.768129*    -9.767968*    -9.767487*    -9.767338*
    -9.763142*    -0.925989*    -0.737838*    -0.720736*    -0.688659*
    -0.655560*    -0.616867*    -0.567835*    -0.537674*    -0.526493*
    -0.500153*    -0.494268*    -0.465350*    -0.420531*    -0.416590*
    -0.399917*    -0.393877*    -0.387900*    -0.371981*    -0.360760*
    -0.355659*    -0.334393*    -0.330297*    -0.320476*    -0.309053*
    -0.305826*    -0.298437*    -0.283607*    -0.277821*    -0.275287*
    -0.273253*    -0.265468*    -0.261778*    -0.249710*    -0.209341*
     0.028606      0.033837      0.040345      0.042653      0.048797 

Dipole:	x		y		z		dipole change
	 0.30625163	-0.30585064	-0.34739448	 5.549933e-01
Energy:	electronic	total		virial		energy change
	-1089.48959101	-465.23273661	 1.00133688	-465.233
	kinetic		nuclear		Coulomb		XC
	 464.61160728	-2336.21787846	 848.81898167	-66.70230150
Errors:	Max dens	RMS dens	DIIS
	 4.881855e-05	 2.578779e-06	 6.701882e-05

Iteration took 2.79 s.

 ******* Iteration    2 ********
Forming density fitted Coulomb matrix ... done (0.19 s)
Computing DFT exchange and correlation ... done (2.57 s)
Numerically integrated density is 89.99991 (-0.0001 %).
ADIIS weights
 5.28e-01  4.72e-01 
CDIIS weights
 5.65e-01  4.35e-01 
 DIIS weights
 5.65e-01  4.35e-01 

Solving SCF equations ... done (0.01 s)
HOMO-LUMO gap is    6.47 eV. Energies of lowest lying states:
   -18.593539*    -9.816142*    -9.771209*    -9.770564*    -9.768368*
    -9.768286*    -9.768168*    -9.767909*    -9.767583*    -9.767334*
    -9.763097*    -0.925947*    -0.737843*    -0.720730*    -0.688664*
    -0.655560*    -0.616866*    -0.567833*    -0.537670*    -0.526495*
    -0.500156*    -0.494264*    -0.465336*    -0.420544*    -0.416582*
    -0.399918*    -0.393875*    -0.387896*    -0.371970*    -0.360759*
    -0.355650*    -0.334401*    -0.330297*    -0.320468*    -0.309052*
    -0.305820*    -0.298431*    -0.283597*    -0.277812*    -0.275294*
    -0.273240*    -0.265474*    -0.261774*    -0.249713*    -0.209305*
     0.028606      0.033839      0.040345      0.042654      0.048798 

Dipole:	x		y		z		dipole change
	 0.30623469	-0.30569663	-0.34700819	-3.359610e-04
Energy:	electronic	total		virial		energy change
	-1089.48959101	-465.23273661	 1.00133571	 4.98972e-09
	kinetic		nuclear		Coulomb		XC
	 464.61214989	-2336.21933698	 848.81996300	-66.70236692
Errors:	Max dens	RMS dens	DIIS
	 4.031974e-05	 9.906391e-07	 1.168866e-04

Iteration took 2.79 s.

 ******* Iteration    3 ********
Forming density fitted Coulomb matrix ... done (0.20 s)
Computing DFT exchange and correlation ... done (2.54 s)
Numerically integrated density is 89.99991 (-0.0001 %).
ADIIS weights
 1.70e-04  7.23e-02  9.28e-01 
CDIIS weights
 4.37e-02  1.97e-01  7.59e-01 
 DIIS weights
 4.37e-02  1.97e-01  7.59e-01 

Solving SCF equations ... done (0.01 s)
HOMO-LUMO gap is    6.47 eV. Energies of lowest lying states:
   -18.593586*    -9.816136*    -9.771207*    -9.770572*    -9.768359*
    -9.768299*    -9.768163*    -9.767917*    -9.767567*    -9.767334*
    -9.763096*    -0.925966*    -0.737840*    -0.720730*    -0.688662*
    -0.655560*    -0.616866*    -0.567832*    -0.537671*    -0.526492*
    -0.500153*    -0.494263*    -0.465343*    -0.420540*    -0.416582*
    -0.399918*    -0.393874*    -0.387896*    -0.371971*    -0.360758*
    -0.355651*    -0.334398*    -0.330296*    -0.320471*    -0.309049*
    -0.305819*    -0.298431*    -0.283597*    -0.277814*    -0.275292*
    -0.273241*    -0.265474*    -0.261774*    -0.249710*    -0.209320*
     0.028603      0.033841      0.040348      0.042655      0.048800 

Dipole:	x		y		z		dipole change
	 0.30612595	-0.30581331	-0.34710633	 6.569804e-05
Energy:	electronic	total		virial		energy change
	-1089.48959106	-465.23273666	 1.00133734	-5.13032e-08
	kinetic		nuclear		Coulomb		XC
	 464.61139528	-2336.21785013	 848.81912754	-66.70226375
Errors:	Max dens	RMS dens	DIIS
	 1.405116e-05	 2.807579e-07	 3.802976e-05

Iteration took 2.78 s.

 ******* Iteration    4 ********
Forming density fitted Coulomb matrix ... done (0.19 s)
Computing DFT exchange and correlation ... done (2.57 s)
Numerically integrated density is 89.99991 (-0.0001 %).
ADIIS weights
 9.59e-05  5.01e-02  4.79e-01  4.71e-01 
CDIIS weights
 7.56e-03  8.80e-02  4.10e-01  4.94e-01 
 DIIS weights
 7.56e-03  8.80e-02  4.10e-01  4.94e-01 

Solving SCF equations ... done (0.02 s)
HOMO-LUMO gap is    6.47 eV. Energies of lowest lying states:
   -18.593570*    -9.816136*    -9.771203*    -9.770571*    -9.768357*
    -9.768299*    -9.768161*    -9.767920*    -9.767564*    -9.767336*
    -9.763103*    -0.925960*    -0.737841*    -0.720730*    -0.688662*
    -0.655560*    -0.616866*    -0.567833*    -0.537671*    -0.526492*
    -0.500153*    -0.494263*    -0.465340*    -0.420540*    -0.416582*
    -0.399917*    -0.393874*    -0.387896*    -0.371971*    -0.360758*
    -0.355651*    -0.334398*    -0.330296*    -0.320470*    -0.309050*
    -0.305820*    -0.298431*    -0.283598*    -0.277813*    -0.275291*
    -0.273241*    -0.265473*    -0.261774*    -0.249711*    -0.209315*
     0.028604      0.033841      0.040348      0.042655      0.048800 

Dipole:	x		y		z		dipole change
	 0.30616942	-0.30575854	-0.34708783	-1.777682e-05
Energy:	electronic	total		virial		energy change
	-1089.48959106	-465.23273666	 1.00133661	-2.73167e-09
	kinetic		nuclear		Coulomb		XC
	 464.61173362	-2336.21844314	 848.81942971	-66.70231126
Errors:	Max dens	RMS dens	DIIS
	 4.465137e-06	 9.289047e-08	 1.429926e-05

Iteration took 2.80 s.

 ******* Iteration    5 ********
Forming density fitted Coulomb matrix ... done (0.19 s)
Computing DFT exchange and correlation ... done (2.52 s)
Numerically integrated density is 89.99991 (-0.0001 %).
ADIIS weights
 2.33e-03  2.99e-02  3.21e-01  3.20e-01  3.26e-01 
CDIIS weights
 1.40e-03  3.92e-02  1.96e-01  2.86e-01  4.77e-01 
 DIIS weights
 1.40e-03  3.92e-02  1.96e-01  2.86e-01  4.77e-01 

Solving SCF equations ... done (0.01 s)
HOMO-LUMO gap is    6.47 eV. Energies of lowest lying states:
   -18.593573*    -9.816135*    -9.771204*    -9.770570*    -9.768358*
    -9.768298*    -9.768162*    -9.767919*    -9.767566*    -9.767335*
    -9.763102*    -0.925960*    -0.737841*    -0.720730*    -0.688662*
    -0.655560*    -0.616866*    -0.567833*    -0.537671*    -0.526493*
    -0.500154*    -0.494264*    -0.465341*    -0.420540*    -0.416582*
    -0.399917*    -0.393874*    -0.387896*    -0.371971*    -0.360758*
    -0.355651*    -0.334399*    -0.330296*    -0.320470*    -0.309050*
    -0.305820*    -0.298431*    -0.283598*    -0.277813*    -0.275292*
    -0.273241*    -0.265473*    -0.261774*    -0.249711*    -0.209316*
     0.028604      0.033841      0.040347      0.042655      0.048800 

Dipole:	x		y		z		dipole change
	 0.30617056	-0.30576303	-0.34709287	 6.256218e-06
Energy:	electronic	total		virial		energy change
	-1089.48959106	-465.23273666	 1.00133685	-4.29509e-10
	kinetic		nuclear		Coulomb		XC
	 464.61162274	-2336.21823045	 848.81931254	-66.70229590
Errors:	Max dens	RMS dens	DIIS
	 8.498464e-07	 2.416251e-08	 2.713256e-06

Iteration took 2.75 s.

 ******* Iteration    6 ********
Forming density fitted Coulomb matrix ... done (0.19 s)
Computing DFT exchange and correlation ... done (2.50 s)
Numerically integrated density is 89.99991 (-0.0001 %).
ADIIS weights
 3.30e-03  2.26e-02  2.40e-01  2.42e-01  2.46e-01  2.47e-01 
CDIIS weights
 1.79e-05  1.10e-02  5.84e-02  9.10e-02  2.17e-01  6.22e-01 
 DIIS weights
 1.79e-05  1.10e-02  5.84e-02  9.10e-02  2.17e-01  6.22e-01 

Solving SCF equations ... done (0.01 s)
HOMO-LUMO gap is    6.47 eV. Energies of lowest lying states:
   -18.593572*    -9.816136*    -9.771204*    -9.770570*    -9.768358*
    -9.768298*    -9.768162*    -9.767919*    -9.767566*    -9.767335*
    -9.763102*    -0.925960*    -0.737841*    -0.720730*    -0.688662*
    -0.655560*    -0.616866*    -0.567833*    -0.537671*    -0.526493*
    -0.500153*    -0.494264*    -0.465340*    -0.420540*    -0.416582*
    -0.399917*    -0.393874*    -0.387896*    -0.371971*    -0.360758*
    -0.355651*    -0.334399*    -0.330296*    -0.320470*    -0.309050*
    -0.305820*    -0.298431*    -0.283598*    -0.277813*    -0.275292*
    -0.273241*    -0.265473*    -0.261774*    -0.249711*    -0.209315*
     0.028604      0.033841      0.040347      0.042655      0.048800 

Dipole:	x		y		z		dipole change
	 0.30617043	-0.30576434	-0.34709030	-9.524764e-07
Energy:	electronic	total		virial		energy change
	-1089.48959106	-465.23273666	 1.00133682	-2.88765e-11
	kinetic		nuclear		Coulomb		XC
	 464.61163493	-2336.21826997	 848.81934144	-66.70229747
Errors:	Max dens	RMS dens	DIIS
	 1.372830e-07	 5.761198e-09	 3.869509e-07

Iteration took 2.74 s.

 ******* Iteration    7 ********
Forming density fitted Coulomb matrix ... done (0.19 s)
Computing DFT exchange and correlation ... done (2.50 s)
Numerically integrated density is 89.99991 (-0.0001 %).
ADIIS weights
 2.95e-03  1.93e-02  1.91e-01  1.94e-01  1.97e-01  1.98e-01  1.98e-01 
CDIIS weights
-5.11e-05  3.67e-03  2.00e-02  3.24e-02  8.85e-02  3.46e-01  5.09e-01 
 DIIS weights
-5.11e-05  3.67e-03  2.00e-02  3.24e-02  8.85e-02  3.46e-01  5.09e-01 

Solving SCF equations ... done (0.02 s)
HOMO-LUMO gap is    6.47 eV. Energies of lowest lying states:
   -18.593572*    -9.816135*    -9.771204*    -9.770570*    -9.768358*
    -9.768298*    -9.768162*    -9.767919*    -9.767566*    -9.767335*
    -9.763102*    -0.925960*    -0.737841*    -0.720730*    -0.688662*
    -0.655560*    -0.616866*    -0.567833*    -0.537671*    -0.526493*
    -0.500153*    -0.494264*    -0.465340*    -0.420540*    -0.416582*
    -0.399917*    -0.393874*    -0.387896*    -0.371971*    -0.360758*
    -0.355651*    -0.334399*    -0.330296*    -0.320470*    -0.309050*
    -0.305820*    -0.298431*    -0.283598*    -0.277813*    -0.275292*
    -0.273241*    -0.265473*    -0.261774*    -0.249711*    -0.209315*
     0.028604      0.033841      0.040347      0.042655      0.048800 

Dipole:	x		y		z		dipole change
	 0.30617062	-0.30576397	-0.34709061	 8.832593e-08
Energy:	electronic	total		virial		energy change
	-1089.48959106	-465.23273666	 1.00133682	-3.63798e-12
	kinetic		nuclear		Coulomb		XC
	 464.61163231	-2336.21826260	 848.81933632	-66.70229710
Errors:	Max dens	RMS dens	DIIS
	 6.160071e-08	 1.609868e-09	 1.436647e-07

Iteration took 2.75 s.

 ******* Convergence achieved ********
Dipole moment is (0.778208,-0.777174,-0.882216) D, |mu|=1.409934 D.
Solution of RDFT took 27.95 s.

Mulliken charges
   1 C           -0.097324
   2 C           -0.094901
   3 C           -0.075181
   4 C           -0.074606
   5 C           -0.071136
   6 C           -0.071779
   7 C           -0.114075
   8 C           -0.140268
   9 C            0.016010
  10 C           -0.120260
  11 O           -0.220725
  12 H            0.042813
  13 H            0.045551
  14 H            0.048734
  15 H            0.047165
  16 H            0.037650
  17 H            0.035804
  18 H            0.039131
  19 H            0.037498
  20 H            0.032382
  21 H            0.048142
  22 H            0.034758
  23 H            0.037475
  24 H            0.061634
  25 H            0.041458
  26 H            0.054783
  27 H            0.048097
  28 H            0.031515
  29 H            0.032553
  30 H            0.050223
  31 H            0.056173
  32 H            0.055232
  33 H            0.145475
Sum of Mulliken charges -8.626433e-14

Electron density at nuclei
   1 C          120.251931
   2 C          120.250179
   3 C          120.252410
   4 C          120.252044
   5 C          120.247828
   6 C          120.257150
   7 C          120.261680
   8 C          120.233466
   9 C          120.199904
  10 C          120.251990
  11 O          296.610826
  12 H            0.356569
  13 H            0.355520
  14 H            0.355360
  15 H            0.356060
  16 H            0.358415
  17 H            0.357132
  18 H            0.356596
  19 H            0.358319
  20 H            0.358769
  21 H            0.354611
  22 H            0.358313
  23 H            0.356603
  24 H            0.351382
  25 H            0.356563
  26 H            0.355778
  27 H            0.356976
  28 H            0.366374
  29 H            0.364086
  30 H            0.356311
  31 H            0.354735
  32 H            0.354976
  33 H            0.366171

Running program took 1 min 9.79 s.
Current time is Fri 06 Feb 2015 05:50:59.
