Basis set cc-pVDZ found in file cc-pVDZ.gbs in /usr/share/erkale/basis/.


Current Settings used by ERKALE:
     AtomGuess      	                Auto	Method used for atomic guess (Auto for same as method)
     Basis          	             cc-pVDZ	Basis set used in calculation
     BasisCutoff    	           1.000e-08	Cutoff for dropping out small primitives from contraction
     BasisOrth      	                Auto	Method of orthonormalization of basis set
     BasisRotate    	                true	Rotate basis set to remove redundant functions?
     C1-DIIS        	               false	Use older version of DIIS (C1-DIIS instead of C2-DIIS)?
     Charge         	                   0	Total charge of system
     DIISEps        	           1.000e-01	Start mixing in DIIS when error is
     DIISOrder      	                  10	How many DIIS iterations to keep in memory?
     DIISThr        	           1.000e-02	DIIS error threshold for DIIS updates
     DecFock        	               false	Use decontracted basis to calculate Fock matrix (direct HF)
     Decontract     	                    	Indices of atoms to decontract basis set for
     DeltaEmax      	           1.000e-06	Maximum allowed change of energy
     DeltaPmax      	           1.000e-06	Maximum allowed maximum difference of density matrix
     DeltaPrms      	           1.000e-08	Maximum allowed RMS difference of density matrix
     DensityFitting 	               false	Use density fitting / RI?
     Direct         	               false	Calculate two-electron integrals (or density fitting) on-the-fly?
     EField         	         0.0 0.0 0.0	Electric field
     FittingBasis   	                Auto	Basis to use for density fitting / RI (Auto for automatic)
     FittingMemory  	                1000	Amount of memory in MB to use for exchange fitting
     FittingThreshold	           1.000e-08	Linear dependence threshold for Coulomb integrals in density fitting
     ForcePol       	               false	Force polarized calculation
     FreezeCore     	               false	Freeze the atomic cores?
     Guess          	                Core	Used guess: atomic (default), core, or GWH
     LineSearch     	               false	Do line search in level shift (EXPENSIVE!)
     LoadChk        	                    	File to load old results from
     Logfile        	       F_dz_cart.log	File to print out full information, stdout for screen
     MaxIter        	                 100	Maximum number of iterations in SCF cycle
     Method         	                  HF	Method used in calculation (HF or a DFT functional)
     Multiplicity   	                   2	Spin multiplicity
     Occupancies    	                    	Orbital occupancies
     SaveChk        	       F_dz_cart.chk	File to use as checkpoint
     ShPairThr      	           1.000e-14	Threshold for shell pair screening, (ij|ij)<thr
     Shift          	           0.000e+00	Level shift to use in Hartree
     StrictIntegrals	               false	Use strict integrals?
     System         	               F.xyz	System as an xyz file
     UseADIIS       	                true	Use ADIIS for Fock matrix interpolation?
     UseBroyden     	               false	Use Broyden mixing of Fock matrices?
     UseDIIS        	                true	Use Pulay's Direct Inversion in the Iterative Subspace?
     UseLM          	               false	Use a spherical harmonics basis set by default?
     UseTRDSM       	               false	Use Trust-Region DSM?
     UseTRRH        	               false	Use Trust-Region Roothaan-Hall?
     Verbose        	                true	Verbose calculation?

There are 6 shells and 1 nuclei in the basis set.

List of nuclei, geometry in Ångström with three decimal places:
		 Z	    x	    y	    z
1	F	 9	  0.000	  0.000	  0.000

List of basis functions:
Shell    1	S cart shell at nucleus   1 with with basis functions    1-1   
Shell    2	S cart shell at nucleus   1 with with basis functions    2-2   
Shell    3	S cart shell at nucleus   1 with with basis functions    3-3   
Shell    4	P cart shell at nucleus   1 with with basis functions    4-6   
Shell    5	P cart shell at nucleus   1 with with basis functions    7-9   
Shell    6	D cart shell at nucleus   1 with with basis functions   10-15  

Basis set contains 15 functions, maximum angular momentum is 2.
Cartesian Gaussians are used by default.

Forming overlap matrix ... done (0.00 s)
Forming kinetic energy matrix ... done (0.00 s)
Forming nuclear attraction matrix ... done (0.00 s)

Smallest eigenvalue of overlap matrix is 8.39e-02, ratio to largest is 2.48e-02.
Using symmetric orthogonalization.
Basis set diagonalized in 0.00 s.

Forming table of 58080 ERIs, requiring 56 ki of memory ... done (0.01 s)

Initialization of computation done in 0.01 s.

alpha: HOMO-LUMO gap is  139.58 eV. Energies of lowest lying states:
   -40.469671*   -10.039921*    -9.515797*    -9.515797*    -9.515797*
    -4.386404     -4.069192     -4.069192     -4.069192     -4.069192 
beta:  HOMO-LUMO gap is    0.00 eV. Energies of lowest lying states:
   -40.469671*   -10.039921*    -9.515797*    -9.515797*    -9.515797 
    -4.386404     -4.069192     -4.069192     -4.069192     -4.069192 

 ******* Iteration    1 ********
Forming HF Coulomb and exchange matrices ... done (0.00 s)
ADIIS weights
 1.00e+00 
CDIIS weights
 1.00e+00 
 DIIS weights
 1.00e+00 

Solving SCF equations ... done (0.00 s)
alpha: HOMO-LUMO gap is   42.99 eV. Energies of lowest lying states:
   -23.239973*    -0.591092*     0.194761*     0.280930*     0.280930*
     1.860893      1.874334      1.952693      1.952693      4.754394 
beta:  HOMO-LUMO gap is    9.65 eV. Energies of lowest lying states:
   -23.154426*    -0.418063*     0.316993*     0.316993*     0.671643 
     1.942821      1.994131      1.994131      2.775327      4.881611 

Dipole:	x		y		z		dipole change
	 0.00000000	-0.00000000	-0.00000000	 7.000939e-17
Energy:	electronic	total		virial		energy change
	-94.30177329	-94.30177329	 0.74967977	-94.3018
	kinetic		nuclear		Coulomb		Exchange
	 125.78940566	-274.38757502	 66.87240855	-12.57601249
Errors:	Max dens	RMS dens	DIIS
alpha	1.828032e+00	1.985670e-01	2.452232e+00
beta	1.877598e+00	1.878772e-01

Iteration took 0.00 s.

 ******* Iteration    2 ********
Forming HF Coulomb and exchange matrices ... done (0.00 s)
ADIIS weights
 7.54e-17  1.00e+00 
CDIIS weights
 2.24e-01  7.76e-01 
 DIIS weights
 7.54e-17  1.00e+00 

Solving SCF equations ... done (0.00 s)
alpha: HOMO-LUMO gap is   58.64 eV. Energies of lowest lying states:
   -27.741784*    -2.153962*    -1.265575*    -1.152003*    -1.152003*
     1.002875      1.058390      1.058390      1.267341      3.350742 
beta:  HOMO-LUMO gap is   18.19 eV. Energies of lowest lying states:
   -27.710585*    -1.963925*    -1.091252*    -1.091252*    -0.422776 
     1.074760      1.074760      1.128995      1.316154      3.461203 

Dipole:	x		y		z		dipole change
	 0.00000000	 0.00000000	 0.00000000	 2.717638e-16
Energy:	electronic	total		virial		energy change
	-98.67732204	-98.67732204	 1.07385736	-4.37555
	kinetic		nuclear		Coulomb		Exchange
	 91.89053005	-224.88441627	 43.51678305	-9.20021887
Errors:	Max dens	RMS dens	DIIS
alpha	3.334276e-01	5.478584e-02	1.142721e+00
beta	3.169401e-01	5.027636e-02

Iteration took 0.00 s.

 ******* Iteration    3 ********
Forming HF Coulomb and exchange matrices ... done (0.00 s)
ADIIS weights
 6.05e-18  2.11e-16  1.00e+00 
CDIIS weights
-4.83e-02  2.15e-01  8.33e-01 
 DIIS weights
 6.05e-18  2.11e-16  1.00e+00 

Solving SCF equations ... done (0.00 s)
alpha: HOMO-LUMO gap is   53.90 eV. Energies of lowest lying states:
   -25.917329*    -1.498329*    -0.665724*    -0.559992*    -0.559992*
     1.420613      1.491258      1.491258      1.633101      3.992078 
beta:  HOMO-LUMO gap is   20.08 eV. Energies of lowest lying states:
   -25.864892*    -1.307387*    -0.512202*    -0.512202*     0.225621 
     1.518065      1.518065      1.682785      1.714053      4.114288 

Dipole:	x		y		z		dipole change
	 0.00000000	 0.00000000	-0.00000000	-2.527907e-16
Energy:	electronic	total		virial		energy change
	-99.28354801	-99.28354801	 0.96896418	-0.606226
	kinetic		nuclear		Coulomb		Exchange
	 102.46358942	-243.75633988	 52.40569919	-10.39649673
Errors:	Max dens	RMS dens	DIIS
alpha	1.242444e-01	2.113040e-02	3.813420e-01
beta	1.322538e-01	1.964430e-02

Iteration took 0.00 s.

 ******* Iteration    4 ********
Forming HF Coulomb and exchange matrices ... done (0.00 s)
ADIIS weights
 3.50e-20  3.14e-18  4.90e-17  1.00e+00 
CDIIS weights
 1.94e-03 -7.42e-02  1.35e-01  9.38e-01 
 DIIS weights
 3.50e-20  3.14e-18  4.90e-17  1.00e+00 

Solving SCF equations ... done (0.00 s)
alpha: HOMO-LUMO gap is   55.84 eV. Energies of lowest lying states:
   -26.579202*    -1.723528*    -0.884526*    -0.774720*    -0.774720*
     1.277438      1.343928      1.343928      1.515824      3.768031 
beta:  HOMO-LUMO gap is   20.51 eV. Energies of lowest lying states:
   -26.534585*    -1.532303*    -0.723298*    -0.723298*     0.030454 
     1.367221      1.367221      1.479107      1.564548      3.886950 

Dipole:	x		y		z		dipole change
	 0.00000000	-0.00000000	 0.00000000	 1.239939e-16
Energy:	electronic	total		virial		energy change
	-99.36308839	-99.36308839	 1.01118544	-0.0795404
	kinetic		nuclear		Coulomb		Exchange
	 98.26396263	-236.75669465	 49.05942255	-9.92977892
Errors:	Max dens	RMS dens	DIIS
alpha	4.581957e-02	7.529172e-03	1.498645e-01
beta	4.364591e-02	6.846027e-03

Iteration took 0.00 s.

 ******* Iteration    5 ********
Forming HF Coulomb and exchange matrices ... done (0.00 s)
ADIIS weights
 1.34e-17  3.67e-18  3.73e-14  1.03e-11  1.00e+00 
CDIIS weights
 1.73e-04  1.56e-02 -1.13e-01 -1.17e-02  1.11e+00 
 DIIS weights
 9.06e-05  8.15e-03 -5.91e-02 -6.11e-03  1.06e+00 

Solving SCF equations ... done (0.00 s)
alpha: HOMO-LUMO gap is   55.24 eV. Energies of lowest lying states:
   -26.370079*    -1.650806*    -0.815897*    -0.706749*    -0.706749*
     1.323113      1.391333      1.391333      1.555358      3.839746 
beta:  HOMO-LUMO gap is   20.51 eV. Energies of lowest lying states:
   -26.322857*    -1.459464*    -0.656639*    -0.656639*     0.096927 
     1.415778      1.415778      1.551007      1.604365      3.959909 

Dipole:	x		y		z		dipole change
	 0.00000000	 0.00000000	 0.00000000	-2.663697e-18
Energy:	electronic	total		virial		energy change
	-99.37370714	-99.37370714	 0.99620674	-0.0106187
	kinetic		nuclear		Coulomb		Exchange
	 99.75209254	-239.30417265	 50.27557469	-10.09720171
Errors:	Max dens	RMS dens	DIIS
alpha	1.400112e-02	2.360719e-03	5.285738e-02
beta	1.351937e-02	2.210659e-03

Iteration took 0.00 s.

 ******* Iteration    6 ********
Forming HF Coulomb and exchange matrices ... done (0.00 s)
ADIIS weights
 1.92e-17  7.90e-17  3.47e-14  3.33e-13  1.58e-10  1.00e+00 
CDIIS weights
 4.17e-06  5.51e-04  3.96e-03 -5.85e-02 -5.93e-04  1.05e+00 
 DIIS weights
 4.17e-06  5.51e-04  3.96e-03 -5.85e-02 -5.93e-04  1.05e+00 

Solving SCF equations ... done (0.00 s)
alpha: HOMO-LUMO gap is   55.33 eV. Energies of lowest lying states:
   -26.400483*    -1.661129*    -0.826089*    -0.716682*    -0.716682*
     1.316537      1.384600      1.384600      1.549859      3.829420 
beta:  HOMO-LUMO gap is   20.52 eV. Energies of lowest lying states:
   -26.353587*    -1.469691*    -0.666363*    -0.666363*     0.087653 
     1.408907      1.408907      1.540510      1.598841      3.949448 

Dipole:	x		y		z		dipole change
	-0.00000000	 0.00000000	-0.00000000	 7.077650e-17
Energy:	electronic	total		virial		energy change
	-99.37528127	-99.37528127	 1.00096529	-0.00157413
	kinetic		nuclear		Coulomb		Exchange
	 99.27944830	-238.50545538	 49.89523868	-10.04451287
Errors:	Max dens	RMS dens	DIIS
alpha	2.091328e-03	3.477901e-04	9.097156e-03
beta	1.949526e-03	3.057797e-04

Iteration took 0.00 s.

 ******* Iteration    7 ********
Forming HF Coulomb and exchange matrices ... done (0.00 s)
ADIIS weights
 1.36e-17  1.86e-15  6.09e-14  5.10e-13  6.11e-10  1.37e-07  1.00e+00 
CDIIS weights
-1.46e-06 -4.90e-04 -4.32e-04  3.00e-02 -1.77e-02 -5.51e-01  1.54e+00 
 DIIS weights
-1.46e-06 -4.90e-04 -4.32e-04  3.00e-02 -1.77e-02 -5.51e-01  1.54e+00 

Solving SCF equations ... done (0.00 s)
alpha: HOMO-LUMO gap is   55.33 eV. Energies of lowest lying states:
   -26.400464*    -1.661138*    -0.826115*    -0.716686*    -0.716686*
     1.316527      1.384609      1.384609      1.549866      3.829428 
beta:  HOMO-LUMO gap is   20.52 eV. Energies of lowest lying states:
   -26.353545*    -1.469662*    -0.666336*    -0.666336*     0.087667 
     1.408937      1.408937      1.540531      1.598860      3.949466 

Dipole:	x		y		z		dipole change
	-0.00000000	 0.00000000	 0.00000000	-2.416184e-16
Energy:	electronic	total		virial		energy change
	-99.37532788	-99.37532788	 1.00028197	-4.66164e-05
	kinetic		nuclear		Coulomb		Exchange
	 99.34731450	-238.62097253	 49.95047191	-10.05214177
Errors:	Max dens	RMS dens	DIIS
alpha	2.377489e-05	3.603721e-06	2.744587e-05
beta	2.618700e-05	4.201087e-06

Iteration took 0.00 s.

 ******* Iteration    8 ********
Forming HF Coulomb and exchange matrices ... done (0.00 s)
ADIIS weights
 3.54e-17  2.14e-16  4.17e-15  1.22e-12  5.65e-10  3.84e-11  5.00e-01  5.00e-01 
CDIIS weights
-1.00e-06  3.37e-05  2.61e-04 -3.89e-03  1.43e-03  7.78e-02 -2.81e-01  1.21e+00 
 DIIS weights
-1.00e-06  3.37e-05  2.61e-04 -3.89e-03  1.43e-03  7.78e-02 -2.81e-01  1.21e+00 

Solving SCF equations ... done (0.00 s)
alpha: HOMO-LUMO gap is   55.33 eV. Energies of lowest lying states:
   -26.400479*    -1.661147*    -0.826121*    -0.716692*    -0.716692*
     1.316519      1.384600      1.384600      1.549861      3.829421 
beta:  HOMO-LUMO gap is   20.52 eV. Energies of lowest lying states:
   -26.353557*    -1.469665*    -0.666334*    -0.666334*     0.087662 
     1.408933      1.408933      1.540526      1.598855      3.949461 

Dipole:	x		y		z		dipole change
	 0.00000000	 0.00000000	 0.00000000	 6.957893e-18
Energy:	electronic	total		virial		energy change
	-99.37532789	-99.37532789	 1.00028261	-3.48827e-09
	kinetic		nuclear		Coulomb		Exchange
	 99.34725172	-238.62085879	 49.95041610	-10.05213692
Errors:	Max dens	RMS dens	DIIS
alpha	5.130136e-06	8.434879e-07	6.988888e-06
beta	3.550620e-06	4.688684e-07

Iteration took 0.00 s.

 ******* Iteration    9 ********
Forming HF Coulomb and exchange matrices ... done (0.00 s)
ADIIS weights
 4.78e-18  8.78e-16  6.10e-15  4.46e-13  2.48e-11  5.44e-11  3.33e-01  3.33e-01  3.33e-01 
CDIIS weights
 2.54e-07 -8.12e-06 -6.41e-05  9.83e-04 -5.09e-04 -2.04e-02  7.01e-02 -3.43e-01  1.29e+00 
 DIIS weights
 2.54e-07 -8.12e-06 -6.41e-05  9.83e-04 -5.09e-04 -2.04e-02  7.01e-02 -3.43e-01  1.29e+00 

Solving SCF equations ... done (0.00 s)
alpha: HOMO-LUMO gap is   55.33 eV. Energies of lowest lying states:
   -26.400478*    -1.661147*    -0.826121*    -0.716693*    -0.716693*
     1.316519      1.384599      1.384599      1.549861      3.829421 
beta:  HOMO-LUMO gap is   20.52 eV. Energies of lowest lying states:
   -26.353554*    -1.469664*    -0.666332*    -0.666332*     0.087662 
     1.408934      1.408934      1.540527      1.598855      3.949462 

Dipole:	x		y		z		dipole change
	-0.00000000	 0.00000000	 0.00000000	 9.809909e-17
Energy:	electronic	total		virial		energy change
	-99.37532789	-99.37532789	 1.00028210	-1.49925e-10
	kinetic		nuclear		Coulomb		Exchange
	 99.34730185	-238.62094301	 49.95045628	-10.05214301
Errors:	Max dens	RMS dens	DIIS
alpha	1.386097e-06	1.905885e-07	4.469085e-07
beta	1.584683e-06	2.314747e-07

Iteration took 0.00 s.

 ******* Iteration   10 ********
Forming HF Coulomb and exchange matrices ... done (0.00 s)
ADIIS weights
 1.98e-19  1.05e-16  3.06e-15  5.59e-14  7.50e-12  2.41e-09  2.50e-01  2.50e-01  2.50e-01  2.50e-01 
CDIIS weights
 4.37e-08 -1.41e-06 -1.08e-05  1.64e-04 -7.32e-05 -3.34e-03  9.95e-03 -5.82e-02  1.50e-01  9.02e-01 
 DIIS weights
 4.37e-08 -1.41e-06 -1.08e-05  1.64e-04 -7.32e-05 -3.34e-03  9.95e-03 -5.82e-02  1.50e-01  9.02e-01 

Solving SCF equations ... done (0.00 s)
alpha: HOMO-LUMO gap is   55.33 eV. Energies of lowest lying states:
   -26.400479*    -1.661148*    -0.826121*    -0.716693*    -0.716693*
     1.316519      1.384599      1.384599      1.549861      3.829421 
beta:  HOMO-LUMO gap is   20.52 eV. Energies of lowest lying states:
   -26.353555*    -1.469664*    -0.666332*    -0.666332*     0.087662 
     1.408934      1.408934      1.540527      1.598855      3.949462 

Dipole:	x		y		z		dipole change
	 0.00000000	 0.00000000	-0.00000000	 7.595533e-18
Energy:	electronic	total		virial		energy change
	-99.37532789	-99.37532789	 1.00028213	-1.42109e-11
	kinetic		nuclear		Coulomb		Exchange
	 99.34729877	-238.62093775	 49.95045391	-10.05214281
Errors:	Max dens	RMS dens	DIIS
alpha	3.677587e-07	5.334798e-08	1.200111e-07
beta	3.495656e-07	5.009439e-08

Iteration took 0.00 s.

 ******* Iteration   11 ********
Forming HF Coulomb and exchange matrices ... done (0.00 s)
ADIIS weights
 4.58e-17  3.75e-16  4.39e-14  5.01e-11  1.35e-09  2.00e-01  2.00e-01  2.00e-01  2.00e-01  2.00e-01 
CDIIS weights
-4.98e-08  1.32e-07 -3.44e-06  1.91e-05  1.66e-04 -9.44e-04  3.95e-03 -2.03e-01 -9.40e-03  1.21e+00 
 DIIS weights
-4.98e-08  1.32e-07 -3.44e-06  1.91e-05  1.66e-04 -9.44e-04  3.95e-03 -2.03e-01 -9.40e-03  1.21e+00 

Solving SCF equations ... done (0.00 s)
alpha: HOMO-LUMO gap is   55.33 eV. Energies of lowest lying states:
   -26.400479*    -1.661148*    -0.826121*    -0.716694*    -0.716694*
     1.316519      1.384599      1.384599      1.549861      3.829421 
beta:  HOMO-LUMO gap is   20.52 eV. Energies of lowest lying states:
   -26.353554*    -1.469664*    -0.666332*    -0.666332*     0.087662 
     1.408934      1.408934      1.540527      1.598855      3.949462 

Dipole:	x		y		z		dipole change
	-0.00000000	-0.00000000	 0.00000000	-5.086007e-17
Energy:	electronic	total		virial		energy change
	-99.37532789	-99.37532789	 1.00028212	-1.26477e-12
	kinetic		nuclear		Coulomb		Exchange
	 99.34729959	-238.62093905	 49.95045450	-10.05214293
Errors:	Max dens	RMS dens	DIIS
alpha	3.484977e-07	4.986739e-08	3.971496e-08
beta	3.507213e-07	5.078468e-08

Iteration took 0.00 s.

 ******* Iteration   12 ********
Forming HF Coulomb and exchange matrices ... done (0.00 s)
ADIIS weights
 5.42e-15  1.40e-13  1.02e-11  1.23e-08  1.67e-01  1.67e-01  1.67e-01  1.67e-01  1.67e-01  1.67e-01 
CDIIS weights
 9.81e-08 -2.70e-06  7.85e-06  8.82e-05 -5.77e-04  1.39e-03 -4.47e-02  2.70e-01 -1.14e-01  8.88e-01 
 DIIS weights
 9.81e-08 -2.70e-06  7.85e-06  8.82e-05 -5.77e-04  1.39e-03 -4.47e-02  2.70e-01 -1.14e-01  8.88e-01 

Solving SCF equations ... done (0.00 s)
alpha: HOMO-LUMO gap is   55.33 eV. Energies of lowest lying states:
   -26.400479*    -1.661148*    -0.826121*    -0.716694*    -0.716694*
     1.316519      1.384599      1.384599      1.549861      3.829421 
beta:  HOMO-LUMO gap is   20.52 eV. Energies of lowest lying states:
   -26.353554*    -1.469664*    -0.666332*    -0.666332*     0.087662 
     1.408934      1.408934      1.540527      1.598855      3.949462 

Dipole:	x		y		z		dipole change
	 0.00000000	 0.00000000	 0.00000000	 1.032945e-16
Energy:	electronic	total		virial		energy change
	-99.37532789	-99.37532789	 1.00028212	-4.12115e-13
	kinetic		nuclear		Coulomb		Exchange
	 99.34729991	-238.62093954	 49.95045473	-10.05214299
Errors:	Max dens	RMS dens	DIIS
alpha	3.364305e-08	4.706993e-09	1.018267e-09
beta	3.474652e-08	4.955050e-09

Iteration took 0.00 s.

 ******* Iteration   13 ********
Forming HF Coulomb and exchange matrices ... done (0.00 s)
ADIIS weights
 8.74e-15  2.50e-12  7.77e-09  1.43e-01  1.43e-01  1.43e-01  1.43e-01  1.43e-01  1.43e-01  1.43e-01 
CDIIS weights
 5.28e-07 -2.31e-06 -2.06e-05  1.31e-04 -5.04e-04  1.07e-02 -6.36e-02 -1.22e-02 -3.57e-03  1.07e+00 
 DIIS weights
 5.28e-07 -2.31e-06 -2.06e-05  1.31e-04 -5.04e-04  1.07e-02 -6.36e-02 -1.22e-02 -3.57e-03  1.07e+00 

Solving SCF equations ... done (0.00 s)
alpha: HOMO-LUMO gap is   55.33 eV. Energies of lowest lying states:
   -26.400479*    -1.661148*    -0.826121*    -0.716694*    -0.716694*
     1.316519      1.384599      1.384599      1.549861      3.829421 
beta:  HOMO-LUMO gap is   20.52 eV. Energies of lowest lying states:
   -26.353554*    -1.469664*    -0.666332*    -0.666332*     0.087662 
     1.408934      1.408934      1.540527      1.598855      3.949462 

Dipole:	x		y		z		dipole change
	 0.00000000	-0.00000000	 0.00000000	-5.137945e-17
Energy:	electronic	total		virial		energy change
	-99.37532789	-99.37532789	 1.00028212	-1.42109e-14
	kinetic		nuclear		Coulomb		Exchange
	 99.34729990	-238.62093952	 49.95045472	-10.05214299
Errors:	Max dens	RMS dens	DIIS
alpha	2.175655e-08	3.167868e-09	1.989492e-09
beta	2.210605e-08	3.283352e-09

Iteration took 0.00 s.

 ******* Convergence achieved ********
Dipole moment is (0.000000,-0.000000,0.000000) D, |mu|=0.000000 D.
Solution of UHF took 0.03 s.

Mulliken charges: alpha, beta, total (incl. nucleus)
   1 F           -5.000000       -4.000000        0.000000
Sum of Mulliken charges 8.881784e-15

Mulliken spin charges
   1 F            1.000000
Sum of Mulliken spin charges 1.000000e+00

Electron density at nuclei: alpha, beta, total
   1 F          214.685667      214.643524      429.329191

Running program took 0.05 s.
Current time is Fri 06 Feb 2015 05:51:02.
