Basis set cc-pVTZ found in file cc-pVTZ.gbs in /usr/share/erkale/basis/.


Current Settings used by ERKALE:
     AtomGuess      	                Auto	Method used for atomic guess (Auto for same as method)
     Basis          	             cc-pVTZ	Basis set used in calculation
     BasisCutoff    	           1.000e-08	Cutoff for dropping out small primitives from contraction
     BasisOrth      	                Auto	Method of orthonormalization of basis set
     BasisRotate    	                true	Rotate basis set to remove redundant functions?
     C1-DIIS        	               false	Use older version of DIIS (C1-DIIS instead of C2-DIIS)?
     Charge         	                   0	Total charge of system
     DFTDelta       	           5.000e+03	Switch to final DFT grid, relative to deltaE and deltaP
     DFTDirect      	               false	Save memory by not storing values of basis functions in memory
     DFTFinalTol    	           1.000e-05	Tolerance of final DFT grid
     DFTGrid        	             50 -302	DFT integration grid to use: nrad lmax or Auto for adaptive
     DFTInitialTol  	           1.000e-04	Tolerance of initial DFT grid
     DFTLobatto     	               false	Use Lobatto quadrature instead of Lebedev quadrature?
     DIISEps        	           1.000e-01	Start mixing in DIIS when error is
     DIISOrder      	                  10	How many DIIS iterations to keep in memory?
     DIISThr        	           1.000e-02	DIIS error threshold for DIIS updates
     DecFock        	               false	Use decontracted basis to calculate Fock matrix (direct HF)
     Decontract     	                    	Indices of atoms to decontract basis set for
     DeltaEmax      	           1.000e-06	Maximum allowed change of energy
     DeltaPmax      	           1.000e-06	Maximum allowed maximum difference of density matrix
     DeltaPrms      	           1.000e-08	Maximum allowed RMS difference of density matrix
     DensityFitting 	               false	Use density fitting / RI?
     Direct         	               false	Calculate two-electron integrals (or density fitting) on-the-fly?
     EField         	         0.0 0.0 0.0	Electric field
     FittingBasis   	                Auto	Basis to use for density fitting / RI (Auto for automatic)
     FittingMemory  	                1000	Amount of memory in MB to use for exchange fitting
     FittingThreshold	           1.000e-08	Linear dependence threshold for Coulomb integrals in density fitting
     ForcePol       	               false	Force polarized calculation
     FreezeCore     	               false	Freeze the atomic cores?
     Guess          	                Core	Used guess: atomic (default), core, or GWH
     LineSearch     	               false	Do line search in level shift (EXPENSIVE!)
     LoadChk        	                    	File to load old results from
     Logfile        	        F_pbe_tz.log	File to print out full information, stdout for screen
     MaxIter        	                 100	Maximum number of iterations in SCF cycle
     Method         	 gga_x_pbe-gga_c_pbe	Method used in calculation (HF or a DFT functional)
     Multiplicity   	                   2	Spin multiplicity
     Occupancies    	                    	Orbital occupancies
     PZ             	                  No	Perform Perdew-Zunger self-interaction correction? No, Pert, Full, OldFull, Real, Can, CanPert
     PZEmax         	           1.000e-06	Threshold for energy change in unitary optimization
     PZHam          	                Symm	Hamiltonian to use in PZ-SIC: Symm, United
     PZKmax         	           1.000e-03	Threshold for kappa max in unitary optimization
     PZKrms         	           1.000e-04	Threshold for kappa rms in unitary optimization
     PZdEmax        	           1.000e-05	Tolerance threshold for energy convergence
     PZdPmax        	           1.000e-05	Tolerance threshold for density convergence
     PZdPrms        	           1.000e-06	Tolerance threshold for density convergence
     PZiter         	                  20	Max number of iterations in self-consistency iteration
     PZloc          	                true	Initial localization before SIC calculation?
     PZmode         	              CoulXC	Mode to use PZ-SIC in. Coul, CoulX, CoulC, CoulXC
     PZseed         	                   0	Seed number for randomized matrices?
     PZstab         	                   0	Stability analysis for PZ-SIC? 0 for no, 1 for oo block, 2 for full analysis
     PZstabFz       	                    	Orbitals to freeze for stability analysis (only oo!)
     PZunit         	                  10	Max number of iterations in unitary optimization
     PZw            	           1.000e+00	Weight for Perdew-Zunger self-interaction correction
     SaveChk        	        F_pbe_tz.chk	File to use as checkpoint
     ShPairThr      	           1.000e-14	Threshold for shell pair screening, (ij|ij)<thr
     Shift          	           0.000e+00	Level shift to use in Hartree
     StrictIntegrals	               false	Use strict integrals?
     System         	               F.xyz	System as an xyz file
     UseADIIS       	                true	Use ADIIS for Fock matrix interpolation?
     UseBroyden     	               false	Use Broyden mixing of Fock matrices?
     UseDIIS        	                true	Use Pulay's Direct Inversion in the Iterative Subspace?
     UseLM          	                true	Use a spherical harmonics basis set by default?
     UseTRDSM       	               false	Use Trust-Region DSM?
     UseTRRH        	               false	Use Trust-Region Roothaan-Hall?
     Verbose        	                true	Verbose calculation?

There are 10 shells and 1 nuclei in the basis set.

List of nuclei, geometry in Ångström with three decimal places:
		 Z	    x	    y	    z
1	F	 9	  0.000	  0.000	  0.000

List of basis functions:
Shell    1	S cart shell at nucleus   1 with with basis functions    1-1   
Shell    2	S cart shell at nucleus   1 with with basis functions    2-2   
Shell    3	S cart shell at nucleus   1 with with basis functions    3-3   
Shell    4	S cart shell at nucleus   1 with with basis functions    4-4   
Shell    5	P cart shell at nucleus   1 with with basis functions    5-7   
Shell    6	P cart shell at nucleus   1 with with basis functions    8-10  
Shell    7	P cart shell at nucleus   1 with with basis functions   11-13  
Shell    8	D  sph shell at nucleus   1 with with basis functions   14-18  
Shell    9	D  sph shell at nucleus   1 with with basis functions   19-23  
Shell   10	F  sph shell at nucleus   1 with with basis functions   24-30  

Basis set contains 30 functions, maximum angular momentum is 3.
Spherical harmonic Gaussians are used by default, there are 35 cartesians.

Forming overlap matrix ... done (0.00 s)
Forming kinetic energy matrix ... done (0.00 s)
Forming nuclear attraction matrix ... done (0.00 s)

Smallest eigenvalue of overlap matrix is 5.54e-02, ratio to largest is 2.16e-02.
Using symmetric orthogonalization.
Basis set diagonalized in 0.00 s.

Forming table of 866760 ERIs, requiring 846 ki of memory ... done (0.01 s)

Initialization of computation done in 0.01 s.

Used exchange functional is gga_x_pbe, 'Perdew, Burke & Ernzerhof', defined in the reference(s):
J. P. Perdew, K. Burke, and M. Ernzerhof, Phys. Rev. Lett. 77, 3865 (1996) (DOI 10.1103/PhysRevLett.77.3865)
J. P. Perdew, K. Burke, and M. Ernzerhof, Phys. Rev. Lett. 78, 1396 (1997) (DOI 10.1103/PhysRevLett.78.1396)

Used correlation functional is gga_c_pbe, 'Perdew, Burke & Ernzerhof', defined in the reference(s):
J. P. Perdew, K. Burke, and M. Ernzerhof, Phys. Rev. Lett. 77, 3865 (1996) (DOI 10.1103/PhysRevLett.77.3865)
J. P. Perdew, K. Burke, and M. Ernzerhof, Phys. Rev. Lett. 78, 1396 (1997) (DOI 10.1103/PhysRevLett.78.1396)

alpha: HOMO-LUMO gap is  152.55 eV. Energies of lowest lying states:
   -40.484917*   -10.097211*   -10.070764*   -10.070764*   -10.070764*
    -4.464650     -4.464650     -4.464650     -4.459317     -4.459317 
beta:  HOMO-LUMO gap is    0.00 eV. Energies of lowest lying states:
   -40.484917*   -10.097211*   -10.070764*   -10.070764*   -10.070764 
    -4.464650     -4.464650     -4.464650     -4.459317     -4.459317 

A pure exchange functional used, no exact exchange.
Composition of static nrad=50 lmax=29 DFT grid:
	atom  Npoints      Nfuncs
	   1    15100      333408

 ******* Iteration    1 ********
Forming HF Coulomb matrix ... done (0.00 s)
Computing DFT exchange and correlation ... done (0.17 s)
Numerically integrated density is 9.00000 (+0.0000 %).
ADIIS weights
 1.00e+00 
CDIIS weights
 1.00e+00 
 DIIS weights
 1.00e+00 

Solving SCF equations ... done (0.00 s)
alpha: HOMO-LUMO gap is   34.00 eV. Energies of lowest lying states:
   -19.080595*     0.049509*     0.412246*     0.438948*     0.438948*
     1.688359      1.782687      1.782687      1.906233      2.460799 
beta:  HOMO-LUMO gap is    0.00 eV. Energies of lowest lying states:
   -19.007199*     0.081846*     0.443838*     0.446761*     0.446761 
     1.810750      1.810751      1.812026      1.967258      2.498331 

Dipole:	x		y		z		dipole change
	-0.00000000	 0.00000000	 0.00000000	 1.970764e-15
Energy:	electronic	total		virial		energy change
	-89.18445908	-89.18445908	 0.60942850	-89.1845
	kinetic		nuclear		Coulomb		XC
	 146.34113534	-297.85921035	 76.50536602	-14.17175009
Errors:	Max dens	RMS dens	DIIS
alpha	9.812370e-01	9.035600e-02	5.090824e+00
beta	9.968003e-01	8.052714e-02

Iteration took 0.18 s.

 ******* Iteration    2 ********
Forming HF Coulomb matrix ... done (0.00 s)
Computing DFT exchange and correlation ... done (0.16 s)
Numerically integrated density is 9.00000 (+0.0000 %).
ADIIS weights
 3.61e-01  6.39e-01 
CDIIS weights
 2.00e-01  8.00e-01 
 DIIS weights
 3.61e-01  6.39e-01 

Solving SCF equations ... done (0.00 s)
alpha: HOMO-LUMO gap is   38.27 eV. Energies of lowest lying states:
   -25.141351*    -1.740451*    -1.071954*    -1.049756*    -1.022701*
     0.383807      0.402882      0.414293      0.519571      1.360476 
beta:  HOMO-LUMO gap is    0.14 eV. Energies of lowest lying states:
   -25.113454*    -1.694684*    -1.003386*    -0.999742*    -0.994641 
     0.427079      0.430035      0.432180      0.554308      1.405048 

Dipole:	x		y		z		dipole change
	-0.00000000	 0.00000000	 0.00000000	-5.941257e-16
Energy:	electronic	total		virial		energy change
	-93.17116401	-93.17116401	 1.19115004	-3.9867
	kinetic		nuclear		Coulomb		XC
	 78.21950266	-195.06500727	 31.60365859	-7.92931799
Errors:	Max dens	RMS dens	DIIS
alpha	9.500657e-01	7.162663e-02	2.082595e+00
beta	9.846114e-01	6.431081e-02

Iteration took 0.16 s.

 ******* Iteration    3 ********
Forming HF Coulomb matrix ... done (0.00 s)
Computing DFT exchange and correlation ... done (0.16 s)
Numerically integrated density is 9.00000 (+0.0000 %).
ADIIS weights
 8.64e-31  1.40e-25  1.00e+00 
CDIIS weights
-7.43e-02  1.41e-01  9.33e-01 
 DIIS weights
 8.64e-31  1.40e-25  1.00e+00 

Solving SCF equations ... done (0.00 s)
alpha: HOMO-LUMO gap is   23.27 eV. Energies of lowest lying states:
   -23.379941*    -0.739916*    -0.132590*    -0.051580*    -0.051550*
     0.803599      0.861162      0.861388      1.058178      2.003268 
beta:  HOMO-LUMO gap is    0.45 eV. Energies of lowest lying states:
   -23.346409*    -0.671009*    -0.028018*    -0.026258*    -0.009616 
     0.880013      0.881230      0.899820      1.102185      2.074511 

Dipole:	x		y		z		dipole change
	 0.00000000	-0.00000000	-0.00000000	 1.672197e-16
Energy:	electronic	total		virial		energy change
	-99.29982434	-99.29982434	 0.94815475	-6.12866
	kinetic		nuclear		Coulomb		XC
	 104.72955436	-247.88815184	 54.80999362	-10.95122048
Errors:	Max dens	RMS dens	DIIS
alpha	2.897751e-01	2.807264e-02	5.931889e-01
beta	3.098528e-01	2.576519e-02

Iteration took 0.17 s.

 ******* Iteration    4 ********
Forming HF Coulomb matrix ... done (0.00 s)
Computing DFT exchange and correlation ... done (0.16 s)
Numerically integrated density is 9.00000 (+0.0000 %).
ADIIS weights
 2.21e-18  2.11e-18  6.14e-01  3.86e-01 
CDIIS weights
-1.65e-02 -3.49e-02  5.95e-01  4.56e-01 
 DIIS weights
 2.21e-18  2.11e-18  6.14e-01  3.86e-01 

Solving SCF equations ... done (0.00 s)
alpha: HOMO-LUMO gap is   26.88 eV. Energies of lowest lying states:
   -24.257604*    -1.084557*    -0.453411*    -0.364420*    -0.364415*
     0.623465      0.666287      0.666380      0.853250      1.803302 
beta:  HOMO-LUMO gap is    0.80 eV. Energies of lowest lying states:
   -24.228982*    -1.012766*    -0.337064*    -0.335870*    -0.306613 
     0.680185      0.680785      0.697669      0.893794      1.877628 

Dipole:	x		y		z		dipole change
	 0.00000000	-0.00000000	 0.00000000	-1.052656e-15
Energy:	electronic	total		virial		energy change
	-99.06366079	-99.06366079	 1.07359761	 0.236164
	kinetic		nuclear		Coulomb		XC
	 92.27261699	-225.39047133	 43.47503440	-9.42084085
Errors:	Max dens	RMS dens	DIIS
alpha	1.830458e-01	1.454471e-02	8.901415e-01
beta	1.932689e-01	1.314768e-02

Iteration took 0.16 s.

 ******* Iteration    5 ********
Forming HF Coulomb matrix ... done (0.00 s)
Computing DFT exchange and correlation ... done (0.16 s)
Numerically integrated density is 9.00000 (+0.0000 %).
ADIIS weights
 5.93e-18  1.19e-17  9.62e-16  6.37e-16  1.00e+00 
CDIIS weights
 3.81e-03  2.62e-03  2.48e-02 -6.77e-02  1.04e+00 
 DIIS weights
 5.93e-18  1.19e-17  9.62e-16  6.37e-16  1.00e+00 

Solving SCF equations ... done (0.00 s)
alpha: HOMO-LUMO gap is   28.03 eV. Energies of lowest lying states:
   -24.456702*    -1.156039*    -0.525068*    -0.435383*    -0.435278*
     0.594891      0.634982      0.635026      0.817285      1.767522 
beta:  HOMO-LUMO gap is    1.01 eV. Energies of lowest lying states:
   -24.429040*    -1.082315*    -0.407294*    -0.407291*    -0.370190 
     0.647296      0.647318      0.665169      0.857063      1.841041 

Dipole:	x		y		z		dipole change
	-0.00000000	 0.00000000	 0.00000000	 5.014045e-16
Energy:	electronic	total		virial		energy change
	-99.65716011	-99.65716011	 1.01072839	-0.593499
	kinetic		nuclear		Coulomb		XC
	 98.59934788	-237.31020535	 49.24805709	-10.19435973
Errors:	Max dens	RMS dens	DIIS
alpha	2.591152e-02	2.685396e-03	7.369691e-02
beta	2.740402e-02	2.392374e-03

Iteration took 0.16 s.

 ******* Iteration    6 ********
Forming HF Coulomb matrix ... done (0.00 s)
Computing DFT exchange and correlation ... done (0.16 s)
Numerically integrated density is 9.00000 (+0.0000 %).
ADIIS weights
 1.27e-18  4.09e-19  3.10e-15  1.07e-15  5.77e-01  4.23e-01 
CDIIS weights
-2.65e-04  2.09e-04 -4.53e-03  6.24e-03  4.80e-01  5.18e-01 
 DIIS weights
 1.27e-18  4.09e-19  3.10e-15  1.07e-15  5.77e-01  4.23e-01 

Solving SCF equations ... done (0.00 s)
alpha: HOMO-LUMO gap is   27.41 eV. Energies of lowest lying states:
   -24.354933*    -1.115938*    -0.485335*    -0.395671*    -0.395611*
     0.611619      0.652840      0.652865      0.838322      1.789277 
beta:  HOMO-LUMO gap is    0.98 eV. Energies of lowest lying states:
   -24.326616*    -1.042348*    -0.367908*    -0.367906*    -0.331882 
     0.665520      0.665531      0.683686      0.878348      1.862642 

Dipole:	x		y		z		dipole change
	-0.00000000	-0.00000000	 0.00000000	-3.899863e-16
Energy:	electronic	total		virial		energy change
	-99.65549193	-99.65549193	 0.99646317	 0.00166818
	kinetic		nuclear		Coulomb		XC
	 100.00920749	-239.74101691	 50.43253287	-10.35621538
Errors:	Max dens	RMS dens	DIIS
alpha	1.286916e-02	1.355791e-03	8.437373e-02
beta	1.381068e-02	1.238409e-03

Iteration took 0.17 s.

 ******* Iteration    7 ********
Forming HF Coulomb matrix ... done (0.00 s)
Computing DFT exchange and correlation ... done (0.17 s)
Numerically integrated density is 9.00000 (+0.0000 %).
ADIIS weights
 1.26e-18  1.08e-16  1.28e-14  1.64e-15  3.81e-11  1.50e-11  1.00e+00 
CDIIS weights
 6.66e-06  1.31e-07  7.55e-04  4.28e-04 -9.43e-03 -9.65e-02  1.10e+00 
 DIIS weights
 6.66e-06  1.31e-07  7.55e-04  4.28e-04 -9.43e-03 -9.65e-02  1.10e+00 

Solving SCF equations ... done (0.00 s)
alpha: HOMO-LUMO gap is   27.36 eV. Energies of lowest lying states:
   -24.346125*    -1.112740*    -0.482262*    -0.392444*    -0.392443*
     0.612951      0.654328      0.654329      0.840011      1.790939 
beta:  HOMO-LUMO gap is    0.98 eV. Energies of lowest lying states:
   -24.317675*    -1.039045*    -0.364733*    -0.364726*    -0.328636 
     0.666999      0.667002      0.685246      0.880068      1.864262 

Dipole:	x		y		z		dipole change
	 0.00000000	-0.00000000	 0.00000000	 5.841190e-16
Energy:	electronic	total		virial		energy change
	-99.66131496	-99.66131496	 1.00356401	-0.00582303
	kinetic		nuclear		Coulomb		XC
	 99.30738251	-238.53221853	 49.83859422	-10.27507316
Errors:	Max dens	RMS dens	DIIS
alpha	1.111885e-03	1.121008e-04	6.719792e-03
beta	1.239397e-03	1.086012e-04

Iteration took 0.17 s.

 ******* Iteration    8 ********
Forming HF Coulomb matrix ... done (0.00 s)
Computing DFT exchange and correlation ... done (0.15 s)
Numerically integrated density is 9.00000 (+0.0000 %).
ADIIS weights
 2.86e-17  8.33e-17  4.36e-15  2.81e-16  1.92e-12  3.59e-11  1.75e-07  1.00e+00 
CDIIS weights
 3.53e-07 -3.05e-06  2.87e-05  1.55e-05 -2.37e-03 -4.24e-03  2.48e-02  9.82e-01 
 DIIS weights
 3.53e-07 -3.05e-06  2.87e-05  1.55e-05 -2.37e-03 -4.24e-03  2.48e-02  9.82e-01 

Solving SCF equations ... done (0.00 s)
alpha: HOMO-LUMO gap is   27.36 eV. Energies of lowest lying states:
   -24.346116*    -1.112737*    -0.482261*    -0.392439*    -0.392438*
     0.612954      0.654332      0.654332      0.840016      1.790947 
beta:  HOMO-LUMO gap is    0.98 eV. Energies of lowest lying states:
   -24.317654*    -1.039027*    -0.364720*    -0.364720*    -0.328607 
     0.667000      0.667001      0.685255      0.880073      1.864256 

Dipole:	x		y		z		dipole change
	-0.00000000	-0.00000000	-0.00000000	-5.219573e-16
Energy:	electronic	total		virial		energy change
	-99.66135112	-99.66135112	 1.00416759	-3.6159e-05
	kinetic		nuclear		Coulomb		XC
	 99.24772723	-238.42905535	 49.78817803	-10.26820103
Errors:	Max dens	RMS dens	DIIS
alpha	2.675727e-06	2.974813e-07	1.215850e-05
beta	8.532755e-06	8.157492e-07

Iteration took 0.16 s.

 ******* Iteration    9 ********
Forming HF Coulomb matrix ... done (0.00 s)
Computing DFT exchange and correlation ... done (0.15 s)
Numerically integrated density is 9.00000 (+0.0000 %).
ADIIS weights
 6.53e-19  4.05e-17  1.10e-15  1.55e-16  2.65e-15  2.76e-12  1.45e-07  5.00e-01  5.00e-01 
CDIIS weights
-1.01e-07 -1.09e-07 -2.94e-06 -3.36e-07  1.14e-04  4.35e-04 -3.76e-03 -8.71e-02  1.09e+00 
 DIIS weights
-1.01e-07 -1.09e-07 -2.94e-06 -3.36e-07  1.14e-04  4.35e-04 -3.76e-03 -8.71e-02  1.09e+00 

Solving SCF equations ... done (0.00 s)
alpha: HOMO-LUMO gap is   27.36 eV. Energies of lowest lying states:
   -24.346119*    -1.112738*    -0.482263*    -0.392440*    -0.392440*
     0.612954      0.654332      0.654332      0.840016      1.790947 
beta:  HOMO-LUMO gap is    0.98 eV. Energies of lowest lying states:
   -24.317654*    -1.039026*    -0.364719*    -0.364719*    -0.328605 
     0.667000      0.667000      0.685256      0.880073      1.864254 

Dipole:	x		y		z		dipole change
	-0.00000000	 0.00000000	 0.00000000	-1.048928e-16
Energy:	electronic	total		virial		energy change
	-99.66135112	-99.66135112	 1.00416856	-7.57353e-10
	kinetic		nuclear		Coulomb		XC
	 99.24763179	-238.42888136	 49.78808926	-10.26819081
Errors:	Max dens	RMS dens	DIIS
alpha	1.172800e-06	1.158354e-07	1.251726e-06
beta	1.053121e-06	1.033423e-07

Iteration took 0.16 s.

 ******* Iteration   10 ********
Forming HF Coulomb matrix ... done (0.00 s)
Computing DFT exchange and correlation ... done (0.20 s)
Numerically integrated density is 9.00000 (+0.0000 %).
ADIIS weights
 2.17e-17  1.25e-18  1.12e-16  1.30e-15  7.89e-14  2.26e-13  2.79e-08  3.33e-01  3.34e-01  3.33e-01 
CDIIS weights
 4.29e-09  7.18e-09  6.29e-07  8.67e-08 -6.53e-06 -4.88e-05  4.83e-04  3.56e-03 -1.02e-01  1.10e+00 
 DIIS weights
 4.29e-09  7.18e-09  6.29e-07  8.67e-08 -6.53e-06 -4.88e-05  4.83e-04  3.56e-03 -1.02e-01  1.10e+00 

Solving SCF equations ... done (0.00 s)
alpha: HOMO-LUMO gap is   27.36 eV. Energies of lowest lying states:
   -24.346119*    -1.112738*    -0.482263*    -0.392440*    -0.392440*
     0.612954      0.654332      0.654332      0.840016      1.790947 
beta:  HOMO-LUMO gap is    0.98 eV. Energies of lowest lying states:
   -24.317654*    -1.039026*    -0.364719*    -0.364719*    -0.328605 
     0.667000      0.667000      0.685256      0.880072      1.864254 

Dipole:	x		y		z		dipole change
	 0.00000000	-0.00000000	 0.00000000	-8.817976e-18
Energy:	electronic	total		virial		energy change
	-99.66135112	-99.66135112	 1.00416847	-1.79483e-11
	kinetic		nuclear		Coulomb		XC
	 99.24764027	-238.42889584	 49.78809645	-10.26819201
Errors:	Max dens	RMS dens	DIIS
alpha	1.205232e-07	1.111225e-08	7.558310e-08
beta	1.308696e-07	1.529893e-08

Iteration took 0.21 s.

 ******* Iteration   11 ********
Forming HF Coulomb matrix ... done (0.00 s)
Computing DFT exchange and correlation ... done (0.16 s)
Numerically integrated density is 9.00000 (+0.0000 %).
ADIIS weights
 4.04e-17  1.47e-15  1.14e-15  1.62e-11  1.08e-12  5.00e-08  2.50e-01  2.50e-01  2.50e-01  2.50e-01 
CDIIS weights
-2.62e-09 -3.09e-07 -5.45e-08  1.87e-06  2.15e-05 -2.25e-04 -7.65e-04  3.77e-02 -6.41e-01  1.60e+00 
 DIIS weights
-2.62e-09 -3.09e-07 -5.45e-08  1.87e-06  2.15e-05 -2.25e-04 -7.65e-04  3.77e-02 -6.41e-01  1.60e+00 

Solving SCF equations ... done (0.00 s)
alpha: HOMO-LUMO gap is   27.36 eV. Energies of lowest lying states:
   -24.346119*    -1.112738*    -0.482263*    -0.392440*    -0.392440*
     0.612954      0.654332      0.654332      0.840016      1.790947 
beta:  HOMO-LUMO gap is    0.98 eV. Energies of lowest lying states:
   -24.317654*    -1.039026*    -0.364719*    -0.364719*    -0.328605 
     0.667000      0.667000      0.685256      0.880072      1.864254 

Dipole:	x		y		z		dipole change
	-0.00000000	 0.00000000	 0.00000000	 4.772767e-16
Energy:	electronic	total		virial		energy change
	-99.66135112	-99.66135112	 1.00416847	-4.26326e-14
	kinetic		nuclear		Coulomb		XC
	 99.24764020	-238.42889581	 49.78809651	-10.26819202
Errors:	Max dens	RMS dens	DIIS
alpha	2.213566e-08	1.999342e-09	1.491178e-08
beta	9.308855e-08	1.413684e-08

Iteration took 0.16 s.

 ******* Iteration   12 ********
Forming HF Coulomb matrix ... done (0.00 s)
Computing DFT exchange and correlation ... done (0.15 s)
Numerically integrated density is 9.00000 (+0.0000 %).
ADIIS weights
 1.20e-16  1.89e-17  5.15e-13  1.66e-12  9.17e-08  1.99e-01  2.00e-01  2.00e-01  2.00e-01  2.00e-01 
CDIIS weights
 2.81e-07  7.85e-08 -3.37e-06 -2.16e-05  2.13e-04  1.78e-03 -4.60e-02  4.77e-01  3.09e-01  2.58e-01 
 DIIS weights
 2.81e-07  7.85e-08 -3.37e-06 -2.16e-05  2.13e-04  1.78e-03 -4.60e-02  4.77e-01  3.09e-01  2.58e-01 

Solving SCF equations ... done (0.00 s)
alpha: HOMO-LUMO gap is   27.36 eV. Energies of lowest lying states:
   -24.346119*    -1.112738*    -0.482263*    -0.392440*    -0.392440*
     0.612954      0.654332      0.654332      0.840016      1.790947 
beta:  HOMO-LUMO gap is    0.98 eV. Energies of lowest lying states:
   -24.317654*    -1.039026*    -0.364719*    -0.364719*    -0.328605 
     0.667000      0.667000      0.685256      0.880072      1.864254 

Dipole:	x		y		z		dipole change
	 0.00000000	-0.00000000	-0.00000000	-4.392584e-16
Energy:	electronic	total		virial		energy change
	-99.66135112	-99.66135112	 1.00416847	-8.52651e-14
	kinetic		nuclear		Coulomb		XC
	 99.24764021	-238.42889582	 49.78809652	-10.26819202
Errors:	Max dens	RMS dens	DIIS
alpha	1.285307e-08	1.116192e-09	1.702201e-08
beta	3.601072e-08	5.622198e-09

Iteration took 0.16 s.

 ******* Iteration   13 ********
Forming HF Coulomb matrix ... done (0.00 s)
Computing DFT exchange and correlation ... done (0.16 s)
Numerically integrated density is 9.00000 (+0.0000 %).
ADIIS weights
 1.37e-16  7.12e-13  3.55e-13  1.57e-07  1.66e-01  1.67e-01  1.67e-01  1.67e-01  1.67e-01  1.67e-01 
CDIIS weights
-3.34e-08  1.35e-06  2.70e-06 -2.82e-05  4.82e-05 -3.14e-02  4.99e-01  1.81e-01  1.76e-01  1.75e-01 
 DIIS weights
-3.34e-08  1.35e-06  2.70e-06 -2.82e-05  4.82e-05 -3.14e-02  4.99e-01  1.81e-01  1.76e-01  1.75e-01 

Solving SCF equations ... done (0.00 s)
alpha: HOMO-LUMO gap is   27.36 eV. Energies of lowest lying states:
   -24.346119*    -1.112738*    -0.482263*    -0.392440*    -0.392440*
     0.612954      0.654332      0.654332      0.840016      1.790947 
beta:  HOMO-LUMO gap is    0.98 eV. Energies of lowest lying states:
   -24.317654*    -1.039026*    -0.364719*    -0.364719*    -0.328605 
     0.667000      0.667000      0.685256      0.880072      1.864254 

Dipole:	x		y		z		dipole change
	-0.00000000	-0.00000000	-0.00000000	-2.169329e-16
Energy:	electronic	total		virial		energy change
	-99.66135112	-99.66135112	 1.00416847	 2.27374e-13
	kinetic		nuclear		Coulomb		XC
	 99.24764020	-238.42889582	 49.78809651	-10.26819202
Errors:	Max dens	RMS dens	DIIS
alpha	5.822893e-10	5.756013e-11	1.560442e-08
beta	1.196019e-09	1.317798e-10

Iteration took 0.16 s.

 ******* Convergence achieved ********
Dipole moment is (-0.000000,-0.000000,-0.000000) D, |mu|=0.000000 D.
Solution of UDFT took 2.23 s.

Mulliken charges: alpha, beta, total (incl. nucleus)
   1 F           -5.000000       -4.000000       -0.000000
Sum of Mulliken charges -3.552714e-15

Mulliken spin charges
   1 F            1.000000
Sum of Mulliken spin charges 1.000000e+00

Electron density at nuclei: alpha, beta, total
   1 F          215.105745      215.134805      430.240549

Running program took 2.26 s.
Current time is Fri 06 Feb 2015 05:51:06.
