Basis set cc-pVTZ found in file cc-pVTZ.gbs in /usr/share/erkale/basis/.


Current Settings used by ERKALE:
     AtomGuess      	                Auto	Method used for atomic guess (Auto for same as method)
     Basis          	             cc-pVTZ	Basis set used in calculation
     BasisCutoff    	           1.000e-08	Cutoff for dropping out small primitives from contraction
     BasisOrth      	                Auto	Method of orthonormalization of basis set
     BasisRotate    	                true	Rotate basis set to remove redundant functions?
     C1-DIIS        	               false	Use older version of DIIS (C1-DIIS instead of C2-DIIS)?
     Charge         	                   0	Total charge of system
     DFTDelta       	           5.000e+03	Switch to final DFT grid, relative to deltaE and deltaP
     DFTDirect      	               false	Save memory by not storing values of basis functions in memory
     DFTFinalTol    	           1.000e-05	Tolerance of final DFT grid
     DFTGrid        	             50 -302	DFT integration grid to use: nrad lmax or Auto for adaptive
     DFTInitialTol  	           1.000e-04	Tolerance of initial DFT grid
     DFTLobatto     	               false	Use Lobatto quadrature instead of Lebedev quadrature?
     DIISEps        	           1.000e-01	Start mixing in DIIS when error is
     DIISOrder      	                  10	How many DIIS iterations to keep in memory?
     DIISThr        	           1.000e-02	DIIS error threshold for DIIS updates
     DecFock        	               false	Use decontracted basis to calculate Fock matrix (direct HF)
     Decontract     	                    	Indices of atoms to decontract basis set for
     DeltaEmax      	           1.000e-06	Maximum allowed change of energy
     DeltaPmax      	           1.000e-06	Maximum allowed maximum difference of density matrix
     DeltaPrms      	           1.000e-08	Maximum allowed RMS difference of density matrix
     DensityFitting 	               false	Use density fitting / RI?
     Direct         	               false	Calculate two-electron integrals (or density fitting) on-the-fly?
     EField         	         0.0 0.0 0.0	Electric field
     FittingBasis   	                Auto	Basis to use for density fitting / RI (Auto for automatic)
     FittingMemory  	                1000	Amount of memory in MB to use for exchange fitting
     FittingThreshold	           1.000e-08	Linear dependence threshold for Coulomb integrals in density fitting
     ForcePol       	               false	Force polarized calculation
     FreezeCore     	               false	Freeze the atomic cores?
     Guess          	                Core	Used guess: atomic (default), core, or GWH
     LineSearch     	               false	Do line search in level shift (EXPENSIVE!)
     LoadChk        	                    	File to load old results from
     Logfile        	       F_tpss_tz.log	File to print out full information, stdout for screen
     MaxIter        	                 100	Maximum number of iterations in SCF cycle
     Method         	mgga_x_tpss-mgga_c_tpss	Method used in calculation (HF or a DFT functional)
     Multiplicity   	                   2	Spin multiplicity
     Occupancies    	                    	Orbital occupancies
     PZ             	                  No	Perform Perdew-Zunger self-interaction correction? No, Pert, Full, OldFull, Real, Can, CanPert
     PZEmax         	           1.000e-06	Threshold for energy change in unitary optimization
     PZHam          	                Symm	Hamiltonian to use in PZ-SIC: Symm, United
     PZKmax         	           1.000e-03	Threshold for kappa max in unitary optimization
     PZKrms         	           1.000e-04	Threshold for kappa rms in unitary optimization
     PZdEmax        	           1.000e-05	Tolerance threshold for energy convergence
     PZdPmax        	           1.000e-05	Tolerance threshold for density convergence
     PZdPrms        	           1.000e-06	Tolerance threshold for density convergence
     PZiter         	                  20	Max number of iterations in self-consistency iteration
     PZloc          	                true	Initial localization before SIC calculation?
     PZmode         	              CoulXC	Mode to use PZ-SIC in. Coul, CoulX, CoulC, CoulXC
     PZseed         	                   0	Seed number for randomized matrices?
     PZstab         	                   0	Stability analysis for PZ-SIC? 0 for no, 1 for oo block, 2 for full analysis
     PZstabFz       	                    	Orbitals to freeze for stability analysis (only oo!)
     PZunit         	                  10	Max number of iterations in unitary optimization
     PZw            	           1.000e+00	Weight for Perdew-Zunger self-interaction correction
     SaveChk        	       F_tpss_tz.chk	File to use as checkpoint
     ShPairThr      	           1.000e-14	Threshold for shell pair screening, (ij|ij)<thr
     Shift          	           0.000e+00	Level shift to use in Hartree
     StrictIntegrals	               false	Use strict integrals?
     System         	               F.xyz	System as an xyz file
     UseADIIS       	                true	Use ADIIS for Fock matrix interpolation?
     UseBroyden     	               false	Use Broyden mixing of Fock matrices?
     UseDIIS        	                true	Use Pulay's Direct Inversion in the Iterative Subspace?
     UseLM          	                true	Use a spherical harmonics basis set by default?
     UseTRDSM       	               false	Use Trust-Region DSM?
     UseTRRH        	               false	Use Trust-Region Roothaan-Hall?
     Verbose        	                true	Verbose calculation?

There are 10 shells and 1 nuclei in the basis set.

List of nuclei, geometry in Ångström with three decimal places:
		 Z	    x	    y	    z
1	F	 9	  0.000	  0.000	  0.000

List of basis functions:
Shell    1	S cart shell at nucleus   1 with with basis functions    1-1   
Shell    2	S cart shell at nucleus   1 with with basis functions    2-2   
Shell    3	S cart shell at nucleus   1 with with basis functions    3-3   
Shell    4	S cart shell at nucleus   1 with with basis functions    4-4   
Shell    5	P cart shell at nucleus   1 with with basis functions    5-7   
Shell    6	P cart shell at nucleus   1 with with basis functions    8-10  
Shell    7	P cart shell at nucleus   1 with with basis functions   11-13  
Shell    8	D  sph shell at nucleus   1 with with basis functions   14-18  
Shell    9	D  sph shell at nucleus   1 with with basis functions   19-23  
Shell   10	F  sph shell at nucleus   1 with with basis functions   24-30  

Basis set contains 30 functions, maximum angular momentum is 3.
Spherical harmonic Gaussians are used by default, there are 35 cartesians.

Forming overlap matrix ... done (0.00 s)
Forming kinetic energy matrix ... done (0.00 s)
Forming nuclear attraction matrix ... done (0.00 s)

Smallest eigenvalue of overlap matrix is 5.54e-02, ratio to largest is 2.16e-02.
Using symmetric orthogonalization.
Basis set diagonalized in 0.00 s.

Forming table of 866760 ERIs, requiring 846 ki of memory ... done (0.01 s)

Initialization of computation done in 0.01 s.

Used exchange functional is mgga_x_tpss, 'Tao, Perdew, Staroverov & Scuseria', defined in the reference(s):
J. Tao, J. P. Perdew, V. N. Staroverov, and G. E. Scuseria, Phys. Rev. Lett. 91, 146401 (2003) (DOI 10.1103/PhysRevLett.91.146401)
J. P. Perdew, J. Tao, V. N. Staroverov, and G. E. Scuseria, J. Chem. Phys. 120, 6898 (2004) (DOI 10.1063/1.1665298)

Used correlation functional is mgga_c_tpss, 'Tao, Perdew, Staroverov & Scuseria', defined in the reference(s):
J. Tao, J. P. Perdew, V. N. Staroverov, and G. E. Scuseria, Phys. Rev. Lett. 91, 146401 (2003) (DOI 10.1103/PhysRevLett.91.146401)
J. P. Perdew, J. Tao, V. N. Staroverov, and G. E. Scuseria, J. Chem. Phys. 120, 6898 (2004) (DOI 10.1063/1.1665298)

alpha: HOMO-LUMO gap is  152.55 eV. Energies of lowest lying states:
   -40.484917*   -10.097211*   -10.070764*   -10.070764*   -10.070764*
    -4.464650     -4.464650     -4.464650     -4.459317     -4.459317 
beta:  HOMO-LUMO gap is    0.00 eV. Energies of lowest lying states:
   -40.484917*   -10.097211*   -10.070764*   -10.070764*   -10.070764 
    -4.464650     -4.464650     -4.464650     -4.459317     -4.459317 

A pure exchange functional used, no exact exchange.
Composition of static nrad=50 lmax=29 DFT grid:
	atom  Npoints      Nfuncs
	   1    15100      333408

 ******* Iteration    1 ********
Forming HF Coulomb matrix ... done (0.00 s)
Computing DFT exchange and correlation ... done (0.31 s)
Numerically integrated density is 9.00000 (+0.0000 %).
ADIIS weights
 1.00e+00 
CDIIS weights
 1.00e+00 
 DIIS weights
 1.00e+00 

Solving SCF equations ... done (0.00 s)
alpha: HOMO-LUMO gap is   33.85 eV. Energies of lowest lying states:
   -19.257367*     0.050304*     0.415185*     0.441871*     0.441871*
     1.685662      1.780822      1.780822      1.885393      2.478400 
beta:  HOMO-LUMO gap is    0.00 eV. Energies of lowest lying states:
   -19.184208*     0.084060*     0.447822*     0.449160*     0.449160 
     1.806655      1.806655      1.822040      1.950179      2.514974 

Dipole:	x		y		z		dipole change
	 0.00000000	 0.00000000	 0.00000000	 1.862990e-15
Energy:	electronic	total		virial		energy change
	-89.31941566	-89.31941566	 0.61035071	-89.3194
	kinetic		nuclear		Coulomb		XC
	 146.34113534	-297.85921035	 76.50536602	-14.30670666
Errors:	Max dens	RMS dens	DIIS
alpha	9.851524e-01	9.028973e-02	5.075530e+00
beta	9.928787e-01	8.050130e-02

Iteration took 0.32 s.

 ******* Iteration    2 ********
Forming HF Coulomb matrix ... done (0.00 s)
Computing DFT exchange and correlation ... done (0.29 s)
Numerically integrated density is 9.00000 (+0.0000 %).
ADIIS weights
 3.53e-01  6.47e-01 
CDIIS weights
 1.95e-01  8.05e-01 
 DIIS weights
 3.53e-01  6.47e-01 

Solving SCF equations ... done (0.00 s)
alpha: HOMO-LUMO gap is   38.62 eV. Energies of lowest lying states:
   -25.369178*    -1.767708*    -1.086766*    -1.064957*    -1.037364*
     0.381874      0.401926      0.412272      0.508611      1.366048 
beta:  HOMO-LUMO gap is    0.29 eV. Energies of lowest lying states:
   -25.341680*    -1.718821*    -1.017799*    -1.011302*    -1.000702 
     0.429691      0.434538      0.435011      0.551284      1.422757 

Dipole:	x		y		z		dipole change
	 0.00000000	 0.00000000	 0.00000000	-8.558719e-16
Energy:	electronic	total		virial		energy change
	-93.29882832	-93.29882832	 1.18811301	-3.97941
	kinetic		nuclear		Coulomb		XC
	 78.52689713	-195.43385949	 31.64185073	-8.03371669
Errors:	Max dens	RMS dens	DIIS
alpha	9.534800e-01	7.159858e-02	2.075576e+00
beta	9.904531e-01	6.428491e-02

Iteration took 0.30 s.

 ******* Iteration    3 ********
Forming HF Coulomb matrix ... done (0.00 s)
Computing DFT exchange and correlation ... done (0.29 s)
Numerically integrated density is 9.00000 (+0.0000 %).
ADIIS weights
 3.00e-20  3.30e-17  1.00e+00 
CDIIS weights
-7.95e-02  1.39e-01  9.40e-01 
 DIIS weights
 3.00e-20  3.30e-17  1.00e+00 

Solving SCF equations ... done (0.00 s)
alpha: HOMO-LUMO gap is   23.72 eV. Energies of lowest lying states:
   -23.539954*    -0.770983*    -0.142017*    -0.059636*    -0.059604*
     0.811988      0.869084      0.869476      1.067897      2.020172 
beta:  HOMO-LUMO gap is    0.96 eV. Energies of lowest lying states:
   -23.504004*    -0.696197*    -0.037764*    -0.035904*    -0.000474 
     0.885761      0.886883      0.914791      1.112044      2.092042 

Dipole:	x		y		z		dipole change
	-0.00000000	-0.00000000	-0.00000000	 4.038269e-16
Energy:	electronic	total		virial		energy change
	-99.41246482	-99.41246482	 0.94744516	-6.11364
	kinetic		nuclear		Coulomb		XC
	 104.92687976	-248.09395336	 54.82429332	-11.06968454
Errors:	Max dens	RMS dens	DIIS
alpha	2.732206e-01	2.682402e-02	6.116603e-01
beta	2.917102e-01	2.457356e-02

Iteration took 0.29 s.

 ******* Iteration    4 ********
Forming HF Coulomb matrix ... done (0.00 s)
Computing DFT exchange and correlation ... done (0.31 s)
Numerically integrated density is 9.00000 (+0.0000 %).
ADIIS weights
 1.01e-18  4.15e-18  5.91e-01  4.09e-01 
CDIIS weights
-1.67e-02 -3.17e-02  5.83e-01  4.66e-01 
 DIIS weights
 1.01e-18  4.15e-18  5.91e-01  4.09e-01 

Solving SCF equations ... done (0.00 s)
alpha: HOMO-LUMO gap is   27.61 eV. Energies of lowest lying states:
   -24.435656*    -1.123590*    -0.471309*    -0.380220*    -0.380198*
     0.634496      0.676613      0.676776      0.862205      1.824976 
beta:  HOMO-LUMO gap is    1.49 eV. Energies of lowest lying states:
   -24.405177*    -1.045198*    -0.354358*    -0.353197*    -0.298324 
     0.690249      0.690809      0.713461      0.904604      1.899802 

Dipole:	x		y		z		dipole change
	-0.00000000	-0.00000000	-0.00000000	-1.276156e-15
Energy:	electronic	total		virial		energy change
	-99.24063845	-99.24063845	 1.06960176	 0.171826
	kinetic		nuclear		Coulomb		XC
	 92.78279320	-226.32819474	 43.88534342	-9.58058034
Errors:	Max dens	RMS dens	DIIS
alpha	1.721023e-01	1.389263e-02	8.365838e-01
beta	1.805976e-01	1.248639e-02

Iteration took 0.31 s.

 ******* Iteration    5 ********
Forming HF Coulomb matrix ... done (0.00 s)
Computing DFT exchange and correlation ... done (0.31 s)
Numerically integrated density is 9.00000 (+0.0000 %).
ADIIS weights
 2.18e-17  1.57e-18  2.18e-17  1.02e-16  1.00e+00 
CDIIS weights
 2.73e-03  2.28e-03  1.43e-02 -5.35e-02  1.03e+00 
 DIIS weights
 2.18e-17  1.57e-18  2.18e-17  1.02e-16  1.00e+00 

Solving SCF equations ... done (0.00 s)
alpha: HOMO-LUMO gap is   28.54 eV. Energies of lowest lying states:
   -24.579343*    -1.173101*    -0.521451*    -0.429402*    -0.429313*
     0.619476      0.659122      0.659166      0.838569      1.798469 
beta:  HOMO-LUMO gap is    1.72 eV. Energies of lowest lying states:
   -24.549169*    -1.092953*    -0.403087*    -0.403084*    -0.339869 
     0.671287      0.671307      0.694473      0.880612      1.871086 

Dipole:	x		y		z		dipole change
	 0.00000000	 0.00000000	-0.00000000	 1.820356e-16
Energy:	electronic	total		virial		energy change
	-99.76398048	-99.76398048	 1.00834311	-0.523342
	kinetic		nuclear		Coulomb		XC
	 98.93852583	-237.82703644	 49.45625640	-10.33172627
Errors:	Max dens	RMS dens	DIIS
alpha	1.769757e-02	1.832187e-03	5.169761e-02
beta	1.868253e-02	1.617230e-03

Iteration took 0.31 s.

 ******* Iteration    6 ********
Forming HF Coulomb matrix ... done (0.00 s)
Computing DFT exchange and correlation ... done (0.31 s)
Numerically integrated density is 9.00000 (+0.0000 %).
ADIIS weights
 2.92e-17  3.30e-17  5.34e-15  9.12e-15  5.53e-01  4.47e-01 
CDIIS weights
-9.74e-05  3.28e-04 -5.11e-03  3.95e-03  4.62e-01  5.39e-01 
 DIIS weights
 2.92e-17  3.30e-17  5.34e-15  9.12e-15  5.53e-01  4.47e-01 

Solving SCF equations ... done (0.00 s)
alpha: HOMO-LUMO gap is   28.09 eV. Energies of lowest lying states:
   -24.505799*    -1.144143*    -0.492884*    -0.400895*    -0.400845*
     0.631529      0.672138      0.672162      0.853909      1.813578 
beta:  HOMO-LUMO gap is    1.69 eV. Energies of lowest lying states:
   -24.475076*    -1.064120*    -0.374908*    -0.374903*    -0.312728 
     0.684444      0.684453      0.707896      0.896008      1.885870 

Dipole:	x		y		z		dipole change
	 0.00000000	-0.00000000	-0.00000000	-9.615942e-17
Energy:	electronic	total		virial		energy change
	-99.76346832	-99.76346832	 0.99856734	 0.000512156
	kinetic		nuclear		Coulomb		XC
	 99.90660056	-239.49350956	 50.26682464	-10.44338397
Errors:	Max dens	RMS dens	DIIS
alpha	8.819928e-03	9.250197e-04	5.637227e-02
beta	9.402328e-03	8.414427e-04

Iteration took 0.32 s.

 ******* Iteration    7 ********
Forming HF Coulomb matrix ... done (0.00 s)
Computing DFT exchange and correlation ... done (0.31 s)
Numerically integrated density is 9.00000 (+0.0000 %).
ADIIS weights
 3.85e-20  4.63e-17  7.28e-15  5.75e-16  1.16e-11  3.41e-11  1.00e+00 
CDIIS weights
-2.29e-06 -8.53e-06  4.51e-04  8.42e-05 -1.64e-02 -7.62e-02  1.09e+00 
 DIIS weights
-2.29e-06 -8.53e-06  4.51e-04  8.42e-05 -1.64e-02 -7.62e-02  1.09e+00 

Solving SCF equations ... done (0.00 s)
alpha: HOMO-LUMO gap is   28.07 eV. Energies of lowest lying states:
   -24.501655*    -1.142675*    -0.491546*    -0.399385*    -0.399384*
     0.632138      0.672854      0.672856      0.854678      1.814252 
beta:  HOMO-LUMO gap is    1.70 eV. Energies of lowest lying states:
   -24.470813*    -1.062551*    -0.373454*    -0.373449*    -0.311117 
     0.685141      0.685143      0.708692      0.896811      1.886505 

Dipole:	x		y		z		dipole change
	 0.00000000	 0.00000000	-0.00000000	 2.523212e-16
Energy:	electronic	total		virial		energy change
	-99.76605717	-99.76605717	 1.00344880	-0.00258885
	kinetic		nuclear		Coulomb		XC
	 99.42316683	-238.66162033	 49.85975650	-10.38736017
Errors:	Max dens	RMS dens	DIIS
alpha	4.834908e-04	4.816688e-05	2.997435e-03
beta	5.543244e-04	4.968804e-05

Iteration took 0.31 s.

 ******* Iteration    8 ********
Forming HF Coulomb matrix ... done (0.00 s)
Computing DFT exchange and correlation ... done (0.33 s)
Numerically integrated density is 9.00000 (+0.0000 %).
ADIIS weights
 2.42e-18  1.49e-17  5.93e-15  2.57e-15  6.83e-11  1.46e-10  3.60e-09  1.00e+00 
CDIIS weights
-1.15e-06 -4.71e-06  2.02e-05  2.03e-05 -2.08e-03 -2.58e-03  1.04e-02  9.94e-01 
 DIIS weights
-1.15e-06 -4.71e-06  2.02e-05  2.03e-05 -2.08e-03 -2.58e-03  1.04e-02  9.94e-01 

Solving SCF equations ... done (0.00 s)
alpha: HOMO-LUMO gap is   28.07 eV. Energies of lowest lying states:
   -24.501650*    -1.142673*    -0.491548*    -0.399380*    -0.399380*
     0.632141      0.672858      0.672858      0.854684      1.814256 
beta:  HOMO-LUMO gap is    1.70 eV. Energies of lowest lying states:
   -24.470794*    -1.062536*    -0.373444*    -0.373444*    -0.311088 
     0.685144      0.685144      0.708705      0.896818      1.886501 

Dipole:	x		y		z		dipole change
	-0.00000000	 0.00000000	 0.00000000	-2.004568e-16
Energy:	electronic	total		virial		energy change
	-99.76606424	-99.76606424	 1.00371959	-7.07199e-06
	kinetic		nuclear		Coulomb		XC
	 99.39635074	-238.61545526	 49.83732945	-10.38428917
Errors:	Max dens	RMS dens	DIIS
alpha	4.305897e-06	4.252384e-07	8.973220e-06
beta	7.563509e-06	7.287839e-07

Iteration took 0.33 s.

 ******* Iteration    9 ********
Forming HF Coulomb matrix ... done (0.00 s)
Computing DFT exchange and correlation ... done (0.31 s)
Numerically integrated density is 9.00000 (+0.0000 %).
ADIIS weights
 5.91e-18  7.04e-18  6.16e-16  1.75e-17  6.26e-11  8.76e-12  8.91e-07  4.99e-01  5.01e-01 
CDIIS weights
-2.87e-08 -3.13e-08 -2.97e-07 -1.20e-06  1.18e-04  3.31e-04 -3.65e-03 -9.90e-02  1.10e+00 
 DIIS weights
-2.87e-08 -3.13e-08 -2.97e-07 -1.20e-06  1.18e-04  3.31e-04 -3.65e-03 -9.90e-02  1.10e+00 

Solving SCF equations ... done (0.00 s)
alpha: HOMO-LUMO gap is   28.07 eV. Energies of lowest lying states:
   -24.501654*    -1.142675*    -0.491550*    -0.399382*    -0.399382*
     0.632141      0.672858      0.672858      0.854684      1.814256 
beta:  HOMO-LUMO gap is    1.70 eV. Energies of lowest lying states:
   -24.470795*    -1.062536*    -0.373444*    -0.373444*    -0.311087 
     0.685144      0.685144      0.708705      0.896818      1.886500 

Dipole:	x		y		z		dipole change
	 0.00000000	-0.00000000	-0.00000000	 3.657923e-17
Energy:	electronic	total		virial		energy change
	-99.76606424	-99.76606424	 1.00372027	-6.37385e-10
	kinetic		nuclear		Coulomb		XC
	 99.39628287	-238.61533762	 49.83727429	-10.38428379
Errors:	Max dens	RMS dens	DIIS
alpha	1.452406e-06	1.508540e-07	1.891949e-06
beta	9.676198e-07	9.171848e-08

Iteration took 0.31 s.

 ******* Iteration   10 ********
Forming HF Coulomb matrix ... done (0.00 s)
Computing DFT exchange and correlation ... done (0.29 s)
Numerically integrated density is 9.00000 (+0.0000 %).
ADIIS weights
 1.47e-17  6.74e-17  5.17e-15  2.20e-15  6.68e-12  2.89e-11  3.10e-05  3.33e-01  3.34e-01  3.34e-01 
CDIIS weights
 1.74e-10 -2.15e-09  2.00e-07  2.26e-07 -1.16e-05 -4.43e-05  5.57e-04  7.47e-03 -1.28e-01  1.12e+00 
 DIIS weights
 1.74e-10 -2.15e-09  2.00e-07  2.26e-07 -1.16e-05 -4.43e-05  5.57e-04  7.47e-03 -1.28e-01  1.12e+00 

Solving SCF equations ... done (0.00 s)
alpha: HOMO-LUMO gap is   28.07 eV. Energies of lowest lying states:
   -24.501654*    -1.142675*    -0.491550*    -0.399382*    -0.399382*
     0.632141      0.672858      0.672858      0.854684      1.814256 
beta:  HOMO-LUMO gap is    1.70 eV. Energies of lowest lying states:
   -24.470795*    -1.062536*    -0.373444*    -0.373444*    -0.311087 
     0.685144      0.685144      0.708705      0.896818      1.886500 

Dipole:	x		y		z		dipole change
	-0.00000000	 0.00000000	 0.00000000	 5.303577e-17
Energy:	electronic	total		virial		energy change
	-99.76606424	-99.76606424	 1.00372011	-1.3415e-10
	kinetic		nuclear		Coulomb		XC
	 99.39629919	-238.61536725	 49.83729000	-10.38428619
Errors:	Max dens	RMS dens	DIIS
alpha	1.343927e-07	1.240106e-08	5.973527e-08
beta	1.594311e-07	1.523674e-08

Iteration took 0.29 s.

 ******* Iteration   11 ********
Forming HF Coulomb matrix ... done (0.00 s)
Computing DFT exchange and correlation ... done (0.37 s)
Numerically integrated density is 9.00000 (+0.0000 %).
ADIIS weights
 2.43e-18  5.50e-19  1.60e-16  1.20e-13  1.94e-12  5.23e-06  2.49e-01  2.50e-01  2.50e-01  2.50e-01 
CDIIS weights
 3.86e-10 -3.76e-08 -2.77e-08  1.43e-06  7.05e-06 -9.41e-05 -9.71e-04  1.63e-02 -2.44e-01  1.23e+00 
 DIIS weights
 3.86e-10 -3.76e-08 -2.77e-08  1.43e-06  7.05e-06 -9.41e-05 -9.71e-04  1.63e-02 -2.44e-01  1.23e+00 

Solving SCF equations ... done (0.00 s)
alpha: HOMO-LUMO gap is   28.07 eV. Energies of lowest lying states:
   -24.501654*    -1.142675*    -0.491550*    -0.399382*    -0.399382*
     0.632141      0.672858      0.672858      0.854684      1.814256 
beta:  HOMO-LUMO gap is    1.70 eV. Energies of lowest lying states:
   -24.470794*    -1.062536*    -0.373444*    -0.373444*    -0.311087 
     0.685144      0.685144      0.708705      0.896818      1.886500 

Dipole:	x		y		z		dipole change
	 0.00000000	-0.00000000	 0.00000000	-1.441628e-16
Energy:	electronic	total		virial		energy change
	-99.76606424	-99.76606424	 1.00372011	-3.78009e-12
	kinetic		nuclear		Coulomb		XC
	 99.39629900	-238.61536694	 49.83728988	-10.38428618
Errors:	Max dens	RMS dens	DIIS
alpha	1.680369e-08	1.446903e-09	8.710006e-09
beta	4.177462e-08	6.077486e-09

Iteration took 0.37 s.

 ******* Iteration   12 ********
Forming HF Coulomb matrix ... done (0.00 s)
Computing DFT exchange and correlation ... done (0.29 s)
Numerically integrated density is 9.00000 (+0.0000 %).
ADIIS weights
 8.84e-16  5.26e-16  6.59e-12  1.55e-11  9.04e-08  2.00e-01  2.00e-01  2.00e-01  2.00e-01  2.00e-01 
CDIIS weights
-7.89e-08 -8.67e-08  4.36e-06  1.75e-05 -2.24e-04 -2.89e-03  5.08e-02 -4.72e-01  4.51e-01  9.73e-01 
 DIIS weights
-7.89e-08 -8.67e-08  4.36e-06  1.75e-05 -2.24e-04 -2.89e-03  5.08e-02 -4.72e-01  4.51e-01  9.73e-01 

Solving SCF equations ... done (0.00 s)
alpha: HOMO-LUMO gap is   28.07 eV. Energies of lowest lying states:
   -24.501654*    -1.142675*    -0.491550*    -0.399382*    -0.399382*
     0.632141      0.672858      0.672858      0.854684      1.814256 
beta:  HOMO-LUMO gap is    1.70 eV. Energies of lowest lying states:
   -24.470794*    -1.062536*    -0.373444*    -0.373444*    -0.311087 
     0.685144      0.685144      0.708705      0.896818      1.886500 

Dipole:	x		y		z		dipole change
	-0.00000000	 0.00000000	 0.00000000	 2.282791e-16
Energy:	electronic	total		virial		energy change
	-99.76606424	-99.76606424	 1.00372011	-6.25278e-13
	kinetic		nuclear		Coulomb		XC
	 99.39629902	-238.61536697	 49.83728989	-10.38428618
Errors:	Max dens	RMS dens	DIIS
alpha	6.429051e-09	7.080450e-10	9.725167e-09
beta	4.882998e-08	6.648036e-09

Iteration took 0.29 s.

 ******* Convergence achieved ********
Dipole moment is (-0.000000,0.000000,0.000000) D, |mu|=0.000000 D.
Solution of UDFT took 3.84 s.

Mulliken charges: alpha, beta, total (incl. nucleus)
   1 F           -5.000000       -4.000000        0.000000
Sum of Mulliken charges 3.552714e-15

Mulliken spin charges
   1 F            1.000000
Sum of Mulliken spin charges 1.000000e+00

Electron density at nuclei: alpha, beta, total
   1 F          215.535885      215.585807      431.121692

Running program took 3.88 s.
Current time is Fri 06 Feb 2015 05:51:14.
