Basis set cc-pVTZ found in file cc-pVTZ.gbs in /usr/share/erkale/basis/.


Current Settings used by ERKALE:
     AtomGuess      	                Auto	Method used for atomic guess (Auto for same as method)
     Basis          	             cc-pVTZ	Basis set used in calculation
     BasisCutoff    	           1.000e-08	Cutoff for dropping out small primitives from contraction
     BasisOrth      	                Auto	Method of orthonormalization of basis set
     BasisRotate    	                true	Rotate basis set to remove redundant functions?
     C1-DIIS        	               false	Use older version of DIIS (C1-DIIS instead of C2-DIIS)?
     Charge         	                   0	Total charge of system
     DIISEps        	           1.000e-01	Start mixing in DIIS when error is
     DIISOrder      	                  10	How many DIIS iterations to keep in memory?
     DIISThr        	           1.000e-02	DIIS error threshold for DIIS updates
     DecFock        	               false	Use decontracted basis to calculate Fock matrix (direct HF)
     Decontract     	                    	Indices of atoms to decontract basis set for
     DeltaEmax      	           1.000e-06	Maximum allowed change of energy
     DeltaPmax      	           1.000e-06	Maximum allowed maximum difference of density matrix
     DeltaPrms      	           1.000e-08	Maximum allowed RMS difference of density matrix
     DensityFitting 	               false	Use density fitting / RI?
     Direct         	               false	Calculate two-electron integrals (or density fitting) on-the-fly?
     EField         	         0.0 0.0 0.0	Electric field
     FittingBasis   	                Auto	Basis to use for density fitting / RI (Auto for automatic)
     FittingMemory  	                1000	Amount of memory in MB to use for exchange fitting
     FittingThreshold	           1.000e-08	Linear dependence threshold for Coulomb integrals in density fitting
     ForcePol       	               false	Force polarized calculation
     FreezeCore     	               false	Freeze the atomic cores?
     Guess          	                Core	Used guess: atomic (default), core, or GWH
     LineSearch     	               false	Do line search in level shift (EXPENSIVE!)
     LoadChk        	                    	File to load old results from
     Logfile        	            F_tz.log	File to print out full information, stdout for screen
     MaxIter        	                 100	Maximum number of iterations in SCF cycle
     Method         	                  HF	Method used in calculation (HF or a DFT functional)
     Multiplicity   	                   2	Spin multiplicity
     Occupancies    	                    	Orbital occupancies
     SaveChk        	            F_tz.chk	File to use as checkpoint
     ShPairThr      	           1.000e-14	Threshold for shell pair screening, (ij|ij)<thr
     Shift          	           0.000e+00	Level shift to use in Hartree
     StrictIntegrals	               false	Use strict integrals?
     System         	               F.xyz	System as an xyz file
     UseADIIS       	                true	Use ADIIS for Fock matrix interpolation?
     UseBroyden     	               false	Use Broyden mixing of Fock matrices?
     UseDIIS        	                true	Use Pulay's Direct Inversion in the Iterative Subspace?
     UseLM          	                true	Use a spherical harmonics basis set by default?
     UseTRDSM       	               false	Use Trust-Region DSM?
     UseTRRH        	               false	Use Trust-Region Roothaan-Hall?
     Verbose        	                true	Verbose calculation?

There are 10 shells and 1 nuclei in the basis set.

List of nuclei, geometry in Ångström with three decimal places:
		 Z	    x	    y	    z
1	F	 9	  0.000	  0.000	  0.000

List of basis functions:
Shell    1	S cart shell at nucleus   1 with with basis functions    1-1   
Shell    2	S cart shell at nucleus   1 with with basis functions    2-2   
Shell    3	S cart shell at nucleus   1 with with basis functions    3-3   
Shell    4	S cart shell at nucleus   1 with with basis functions    4-4   
Shell    5	P cart shell at nucleus   1 with with basis functions    5-7   
Shell    6	P cart shell at nucleus   1 with with basis functions    8-10  
Shell    7	P cart shell at nucleus   1 with with basis functions   11-13  
Shell    8	D  sph shell at nucleus   1 with with basis functions   14-18  
Shell    9	D  sph shell at nucleus   1 with with basis functions   19-23  
Shell   10	F  sph shell at nucleus   1 with with basis functions   24-30  

Basis set contains 30 functions, maximum angular momentum is 3.
Spherical harmonic Gaussians are used by default, there are 35 cartesians.

Forming overlap matrix ... done (0.00 s)
Forming kinetic energy matrix ... done (0.00 s)
Forming nuclear attraction matrix ... done (0.00 s)

Smallest eigenvalue of overlap matrix is 5.54e-02, ratio to largest is 2.16e-02.
Using symmetric orthogonalization.
Basis set diagonalized in 0.00 s.

Forming table of 866760 ERIs, requiring 846 ki of memory ... done (0.01 s)

Initialization of computation done in 0.01 s.

alpha: HOMO-LUMO gap is  152.55 eV. Energies of lowest lying states:
   -40.484917*   -10.097211*   -10.070764*   -10.070764*   -10.070764*
    -4.464650     -4.464650     -4.464650     -4.459317     -4.459317 
beta:  HOMO-LUMO gap is    0.00 eV. Energies of lowest lying states:
   -40.484917*   -10.097211*   -10.070764*   -10.070764*   -10.070764 
    -4.464650     -4.464650     -4.464650     -4.459317     -4.459317 

 ******* Iteration    1 ********
Forming HF Coulomb and exchange matrices ... done (0.00 s)
ADIIS weights
 1.00e+00 
CDIIS weights
 1.00e+00 
 DIIS weights
 1.00e+00 

Solving SCF equations ... done (0.00 s)
alpha: HOMO-LUMO gap is   25.84 eV. Energies of lowest lying states:
   -21.413880*    -0.223156*     0.407945*     0.450812*     0.450812*
     1.400492      1.493731      1.493731      1.644493      2.761881 
beta:  HOMO-LUMO gap is    2.86 eV. Energies of lowest lying states:
   -21.261701*    -0.113100*     0.464097*     0.464097*     0.569163 
     1.537388      1.537388      1.740007      2.169133      2.792168 

Dipole:	x		y		z		dipole change
	 0.00000000	-0.00000000	 0.00000000	 8.211083e-16
Energy:	electronic	total		virial		energy change
	-88.97440022	-88.97440022	 0.60799310	-88.9744
	kinetic		nuclear		Coulomb		Exchange
	 146.34113534	-297.85921035	 76.50536602	-13.96169123
Errors:	Max dens	RMS dens	DIIS
alpha	8.309070e-01	7.854262e-02	5.050571e+00
beta	8.343931e-01	7.069404e-02

Iteration took 0.00 s.

 ******* Iteration    2 ********
Forming HF Coulomb and exchange matrices ... done (0.00 s)
ADIIS weights
 6.02e-02  9.40e-01 
CDIIS weights
 1.74e-01  8.26e-01 
 DIIS weights
 6.02e-02  9.40e-01 

Solving SCF equations ... done (0.00 s)
alpha: HOMO-LUMO gap is   54.80 eV. Energies of lowest lying states:
   -29.057624*    -2.752215*    -1.799313*    -1.696931*    -1.696931*
     0.317055      0.350493      0.350493      0.456706      1.409325 
beta:  HOMO-LUMO gap is   10.80 eV. Energies of lowest lying states:
   -29.037250*    -2.601587*    -1.641867*    -1.641867*    -1.244969 
     0.358576      0.358576      0.508594      0.508843      1.483283 

Dipole:	x		y		z		dipole change
	 0.00000000	-0.00000000	 0.00000000	 2.241276e-15
Energy:	electronic	total		virial		energy change
	-95.68667774	-95.68667774	 1.15039581	-6.71228
	kinetic		nuclear		Coulomb		Exchange
	 83.17717891	-205.90242808	 35.13803741	-8.09946599
Errors:	Max dens	RMS dens	DIIS
alpha	7.540204e-01	5.373949e-02	1.613055e+00
beta	7.860900e-01	4.900701e-02

Iteration took 0.00 s.

 ******* Iteration    3 ********
Forming HF Coulomb and exchange matrices ... done (0.00 s)
ADIIS weights
 1.67e-29  3.00e-30  1.00e+00 
CDIIS weights
-1.79e-01  1.94e-01  9.85e-01 
 DIIS weights
 1.67e-29  3.00e-30  1.00e+00 

Solving SCF equations ... done (0.00 s)
alpha: HOMO-LUMO gap is   36.14 eV. Energies of lowest lying states:
   -25.129782*    -1.259365*    -0.444978*    -0.345538*    -0.345538*
     0.982501      1.031730      1.031730      1.314506      2.369298 
beta:  HOMO-LUMO gap is   17.22 eV. Energies of lowest lying states:
   -25.065128*    -1.075721*    -0.303285*    -0.303285*     0.329469 
     1.049638      1.049638      1.331539      1.363840      2.444050 

Dipole:	x		y		z		dipole change
	-0.00000000	-0.00000000	-0.00000000	 3.574875e-15
Energy:	electronic	total		virial		energy change
	-98.81144872	-98.81144872	 0.91304446	-3.12477
	kinetic		nuclear		Coulomb		Exchange
	 108.22194595	-252.39376099	 56.28166740	-10.92130109
Errors:	Max dens	RMS dens	DIIS
alpha	1.507985e-01	1.786157e-02	1.168323e+00
beta	1.540030e-01	1.715329e-02

Iteration took 0.00 s.

 ******* Iteration    4 ********
Forming HF Coulomb and exchange matrices ... done (0.00 s)
ADIIS weights
 6.50e-18  2.20e-17  5.39e-16  1.00e+00 
CDIIS weights
-4.35e-03 -8.92e-02  2.21e-01  8.73e-01 
 DIIS weights
 6.50e-18  2.20e-17  5.39e-16  1.00e+00 

Solving SCF equations ... done (0.00 s)
alpha: HOMO-LUMO gap is   46.08 eV. Energies of lowest lying states:
   -26.954216*    -1.863332*    -1.022418*    -0.908893*    -0.908893*
     0.784423      0.831032      0.831032      1.030670      2.032721 
beta:  HOMO-LUMO gap is   20.21 eV. Energies of lowest lying states:
   -26.914840*    -1.671562*    -0.856266*    -0.856266*    -0.113513 
     0.844170      0.844170      0.904833      1.075174      2.114827 

Dipole:	x		y		z		dipole change
	 0.00000000	-0.00000000	 0.00000000	-5.557633e-15
Energy:	electronic	total		virial		energy change
	-99.29775750	-99.29775750	 1.03493665	-0.486309
	kinetic		nuclear		Coulomb		Exchange
	 95.94573466	-232.73689907	 47.15938660	-9.66597970
Errors:	Max dens	RMS dens	DIIS
alpha	8.098396e-02	8.458042e-03	3.632832e-01
beta	8.679451e-02	7.743805e-03

Iteration took 0.00 s.

 ******* Iteration    5 ********
Forming HF Coulomb and exchange matrices ... done (0.00 s)
ADIIS weights
 9.11e-20  7.67e-18  2.72e-16  6.59e-14  1.00e+00 
CDIIS weights
 3.55e-04 -8.96e-03 -6.40e-02  2.40e-01  8.32e-01 
 DIIS weights
 9.11e-20  7.67e-18  2.72e-16  6.59e-14  1.00e+00 

Solving SCF equations ... done (0.00 s)
alpha: HOMO-LUMO gap is   41.79 eV. Energies of lowest lying states:
   -26.180673*    -1.594269*    -0.767399*    -0.656998*    -0.656998*
     0.878838      0.928622      0.928622      1.168329      2.193178 
beta:  HOMO-LUMO gap is   20.05 eV. Energies of lowest lying states:
   -26.130825*    -1.402576*    -0.609338*    -0.609338*     0.127580 
     0.944973      0.944973      1.074629      1.214404      2.272677 

Dipole:	x		y		z		dipole change
	-0.00000000	-0.00000000	-0.00000000	-5.650492e-16
Energy:	electronic	total		virial		energy change
	-99.38790069	-99.38790069	 0.98512872	-0.0901432
	kinetic		nuclear		Coulomb		Exchange
	 100.88823766	-241.08024694	 51.00244404	-10.19833544
Errors:	Max dens	RMS dens	DIIS
alpha	2.550889e-02	3.125018e-03	1.695922e-01
beta	2.917268e-02	3.055714e-03

Iteration took 0.00 s.

 ******* Iteration    6 ********
Forming HF Coulomb and exchange matrices ... done (0.00 s)
ADIIS weights
 6.88e-18  2.33e-17  2.59e-17  2.29e-16  1.60e-11  1.00e+00 
CDIIS weights
 1.69e-04  2.56e-03  1.88e-03 -1.14e-01  1.32e-01  9.78e-01 
 DIIS weights
 7.45e-05  1.13e-03  8.27e-04 -5.02e-02  5.80e-02  9.90e-01 

Solving SCF equations ... done (0.00 s)
alpha: HOMO-LUMO gap is   43.30 eV. Energies of lowest lying states:
   -26.453804*    -1.685883*    -0.855888*    -0.742904*    -0.742904*
     0.848305      0.897445      0.897445      1.123956      2.140821 
beta:  HOMO-LUMO gap is   20.32 eV. Energies of lowest lying states:
   -26.407335*    -1.492350*    -0.692678*    -0.692678*     0.054134 
     0.912935      0.912935      1.012996      1.169400      2.221334 

Dipole:	x		y		z		dipole change
	 0.00000000	 0.00000000	 0.00000000	-8.483528e-17
Energy:	electronic	total		virial		energy change
	-99.40264556	-99.40264556	 1.00586872	-0.0147449
	kinetic		nuclear		Coulomb		Exchange
	 98.82268282	-237.69647237	 49.45724352	-9.98609953
Errors:	Max dens	RMS dens	DIIS
alpha	1.038452e-02	1.191425e-03	6.030753e-02
beta	1.093809e-02	1.060938e-03

Iteration took 0.00 s.

 ******* Iteration    7 ********
Forming HF Coulomb and exchange matrices ... done (0.00 s)
ADIIS weights
 2.27e-19  9.48e-18  2.09e-16  1.69e-14  4.55e-13  1.03e-14  1.00e+00 
CDIIS weights
-6.41e-05 -4.21e-04  1.97e-03  3.97e-02 -1.69e-01 -2.96e-01  1.42e+00 
 DIIS weights
-6.08e-05 -3.99e-04  1.87e-03  3.77e-02 -1.60e-01 -2.81e-01  1.40e+00 

Solving SCF equations ... done (0.00 s)
alpha: HOMO-LUMO gap is   43.01 eV. Energies of lowest lying states:
   -26.401921*    -1.668257*    -0.839283*    -0.726427*    -0.726427*
     0.854259      0.903679      0.903679      1.132902      2.151341 
beta:  HOMO-LUMO gap is   20.29 eV. Energies of lowest lying states:
   -26.354451*    -1.474360*    -0.676153*    -0.676153*     0.069327 
     0.919605      0.919605      1.024850      1.178592      2.231553 

Dipole:	x		y		z		dipole change
	-0.00000000	 0.00000000	 0.00000000	 4.819081e-17
Energy:	electronic	total		virial		energy change
	-99.40537409	-99.40537409	 0.99860534	-0.00272853
	kinetic		nuclear		Coulomb		Exchange
	 99.54420448	-238.89449018	 50.00709244	-10.06218083
Errors:	Max dens	RMS dens	DIIS
alpha	1.674998e-03	1.972116e-04	1.458165e-02
beta	2.275000e-03	2.286690e-04

Iteration took 0.00 s.

 ******* Iteration    8 ********
Forming HF Coulomb and exchange matrices ... done (0.00 s)
ADIIS weights
 2.56e-19  5.45e-17  2.67e-16  1.79e-15  3.88e-14  1.34e-13  1.22e-09  1.00e+00 
CDIIS weights
 1.32e-05 -8.65e-05 -8.07e-04 -3.72e-03  4.58e-02  1.84e-02 -4.48e-01  1.39e+00 
 DIIS weights
 1.32e-05 -8.65e-05 -8.07e-04 -3.72e-03  4.58e-02  1.84e-02 -4.48e-01  1.39e+00 

Solving SCF equations ... done (0.00 s)
alpha: HOMO-LUMO gap is   43.02 eV. Energies of lowest lying states:
   -26.403039*    -1.668728*    -0.839745*    -0.726890*    -0.726890*
     0.854132      0.903543      0.903543      1.132704      2.151126 
beta:  HOMO-LUMO gap is   20.28 eV. Energies of lowest lying states:
   -26.355488*    -1.474644*    -0.676374*    -0.676374*     0.069012 
     0.919524      0.919524      1.024613      1.178410      2.231323 

Dipole:	x		y		z		dipole change
	-0.00000000	-0.00000000	-0.00000000	 8.282498e-16
Energy:	electronic	total		virial		energy change
	-99.40552472	-99.40552472	 0.99999137	-0.000150632
	kinetic		nuclear		Coulomb		Exchange
	 99.40638260	-238.66714845	 49.90316316	-10.04792202
Errors:	Max dens	RMS dens	DIIS
alpha	8.810402e-05	1.023794e-05	3.035673e-04
beta	5.286123e-05	4.468527e-06

Iteration took 0.00 s.

 ******* Iteration    9 ********
Forming HF Coulomb and exchange matrices ... done (0.00 s)
ADIIS weights
 1.91e-14  7.03e-13  2.35e-12  1.06e-11  1.91e-09  2.40e-08  2.71e-08  4.43e-01  5.57e-01 
CDIIS weights
-4.02e-06  1.54e-05  2.66e-04  4.12e-05 -9.32e-03  2.35e-03  9.34e-02 -3.94e-01  1.31e+00 
 DIIS weights
-4.02e-06  1.54e-05  2.66e-04  4.12e-05 -9.32e-03  2.35e-03  9.34e-02 -3.94e-01  1.31e+00 

Solving SCF equations ... done (0.00 s)
alpha: HOMO-LUMO gap is   43.02 eV. Energies of lowest lying states:
   -26.403115*    -1.668766*    -0.839756*    -0.726923*    -0.726923*
     0.854106      0.903510      0.903510      1.132681      2.151111 
beta:  HOMO-LUMO gap is   20.28 eV. Energies of lowest lying states:
   -26.355549*    -1.474659*    -0.676365*    -0.676365*     0.068988 
     0.919509      0.919509      1.024595      1.178391      2.231304 

Dipole:	x		y		z		dipole change
	 0.00000000	-0.00000000	 0.00000000	-9.377923e-16
Energy:	electronic	total		virial		energy change
	-99.40552486	-99.40552486	 0.99996407	-1.34878e-07
	kinetic		nuclear		Coulomb		Exchange
	 99.40909691	-238.67152371	 49.90510078	-10.04819883
Errors:	Max dens	RMS dens	DIIS
alpha	2.184871e-05	2.124087e-06	3.115000e-05
beta	8.934345e-06	7.194759e-07

Iteration took 0.01 s.

 ******* Iteration   10 ********
Forming HF Coulomb and exchange matrices ... done (0.00 s)
ADIIS weights
 3.93e-16  1.03e-17  4.58e-14  6.05e-14  6.96e-12  3.54e-10  3.76e-07  9.97e-05  4.91e-01  5.08e-01 
CDIIS weights
-1.27e-07  9.03e-07  3.76e-06  4.90e-05 -2.61e-04 -6.35e-04  8.12e-04 -1.19e-02  4.18e-02  9.70e-01 
 DIIS weights
-1.27e-07  9.03e-07  3.76e-06  4.90e-05 -2.61e-04 -6.35e-04  8.12e-04 -1.19e-02  4.18e-02  9.70e-01 

Solving SCF equations ... done (0.00 s)
alpha: HOMO-LUMO gap is   43.02 eV. Energies of lowest lying states:
   -26.403109*    -1.668767*    -0.839756*    -0.726926*    -0.726926*
     0.854109      0.903510      0.903510      1.132683      2.151114 
beta:  HOMO-LUMO gap is   20.28 eV. Energies of lowest lying states:
   -26.355538*    -1.474652*    -0.676358*    -0.676358*     0.068991 
     0.919513      0.919513      1.024598      1.178394      2.231305 

Dipole:	x		y		z		dipole change
	-0.00000000	 0.00000000	-0.00000000	 1.769409e-15
Energy:	electronic	total		virial		energy change
	-99.40552486	-99.40552486	 0.99996047	-4.23032e-09
	kinetic		nuclear		Coulomb		Exchange
	 99.40945402	-238.67214124	 49.90540645	-10.04824409
Errors:	Max dens	RMS dens	DIIS
alpha	2.768209e-06	2.539425e-07	4.037630e-06
beta	4.743768e-06	4.239817e-07

Iteration took 0.01 s.

 ******* Iteration   11 ********
Forming HF Coulomb and exchange matrices ... done (0.00 s)
ADIIS weights
 1.32e-18  2.88e-17  6.40e-15  8.63e-14  5.56e-14  4.53e-09  7.44e-06  3.22e-01  3.42e-01  3.36e-01 
CDIIS weights
 1.24e-07  1.67e-06 -2.75e-05  3.38e-05  2.68e-04  8.55e-05 -3.35e-04 -3.51e-02 -7.53e-01  1.79e+00 
 DIIS weights
 1.24e-07  1.67e-06 -2.75e-05  3.38e-05  2.68e-04  8.55e-05 -3.35e-04 -3.51e-02 -7.53e-01  1.79e+00 

Solving SCF equations ... done (0.00 s)
alpha: HOMO-LUMO gap is   43.02 eV. Energies of lowest lying states:
   -26.403110*    -1.668770*    -0.839758*    -0.726931*    -0.726931*
     0.854109      0.903509      0.903509      1.132682      2.151114 
beta:  HOMO-LUMO gap is   20.28 eV. Energies of lowest lying states:
   -26.355535*    -1.474648*    -0.676353*    -0.676353*     0.068991 
     0.919515      0.919515      1.024599      1.178395      2.231305 

Dipole:	x		y		z		dipole change
	 0.00000000	-0.00000000	-0.00000000	-1.726988e-15
Energy:	electronic	total		virial		energy change
	-99.40552486	-99.40552486	 0.99996082	-2.9469e-10
	kinetic		nuclear		Coulomb		Exchange
	 99.40942020	-238.67208116	 49.90537655	-10.04824045
Errors:	Max dens	RMS dens	DIIS
alpha	3.147005e-06	2.919769e-07	3.422832e-07
beta	3.698457e-06	3.240050e-07

Iteration took 0.00 s.

 ******* Iteration   12 ********
Forming HF Coulomb and exchange matrices ... done (0.00 s)
ADIIS weights
 6.96e-17  8.25e-15  3.15e-15  1.90e-12  1.47e-09  6.29e-04  2.10e-01  2.66e-01  2.64e-01  2.59e-01 
CDIIS weights
-2.05e-07  3.51e-06 -4.28e-06 -4.16e-05 -4.34e-05  1.63e-04  4.53e-03  1.26e-01 -3.26e-01  1.20e+00 
 DIIS weights
-2.05e-07  3.51e-06 -4.28e-06 -4.16e-05 -4.34e-05  1.63e-04  4.53e-03  1.26e-01 -3.26e-01  1.20e+00 

Solving SCF equations ... done (0.00 s)
alpha: HOMO-LUMO gap is   43.02 eV. Energies of lowest lying states:
   -26.403110*    -1.668770*    -0.839758*    -0.726931*    -0.726931*
     0.854109      0.903509      0.903509      1.132682      2.151114 
beta:  HOMO-LUMO gap is   20.28 eV. Energies of lowest lying states:
   -26.355535*    -1.474648*    -0.676353*    -0.676353*     0.068991 
     0.919515      0.919515      1.024599      1.178395      2.231305 

Dipole:	x		y		z		dipole change
	 0.00000000	 0.00000000	 0.00000000	 2.696376e-15
Energy:	electronic	total		virial		energy change
	-99.40552486	-99.40552486	 0.99996083	-8.43841e-11
	kinetic		nuclear		Coulomb		Exchange
	 99.40941879	-238.67207734	 49.90537431	-10.04824061
Errors:	Max dens	RMS dens	DIIS
alpha	1.069175e-07	1.014995e-08	3.678921e-08
beta	9.685034e-08	8.633917e-09

Iteration took 0.00 s.

 ******* Iteration   13 ********
Forming HF Coulomb and exchange matrices ... done (0.00 s)
ADIIS weights
 5.88e-15  6.32e-14  9.87e-13  6.21e-09  1.53e-03  1.56e-01  2.15e-01  2.13e-01  2.07e-01  2.07e-01 
CDIIS weights
 3.51e-08 -4.34e-07  8.01e-07  8.81e-06 -2.09e-05  2.46e-04 -1.25e-03  6.02e-03  6.74e-03  9.88e-01 
 DIIS weights
 3.51e-08 -4.34e-07  8.01e-07  8.81e-06 -2.09e-05  2.46e-04 -1.25e-03  6.02e-03  6.74e-03  9.88e-01 

Solving SCF equations ... done (0.00 s)
alpha: HOMO-LUMO gap is   43.02 eV. Energies of lowest lying states:
   -26.403110*    -1.668770*    -0.839758*    -0.726931*    -0.726931*
     0.854109      0.903509      0.903509      1.132682      2.151114 
beta:  HOMO-LUMO gap is   20.28 eV. Energies of lowest lying states:
   -26.355535*    -1.474648*    -0.676353*    -0.676353*     0.068991 
     0.919515      0.919515      1.024599      1.178395      2.231305 

Dipole:	x		y		z		dipole change
	-0.00000000	 0.00000000	-0.00000000	-2.887692e-15
Energy:	electronic	total		virial		energy change
	-99.40552486	-99.40552486	 0.99996082	-1.42109e-14
	kinetic		nuclear		Coulomb		Exchange
	 99.40941926	-238.67207817	 49.90537474	-10.04824069
Errors:	Max dens	RMS dens	DIIS
alpha	2.447668e-08	2.289750e-09	9.187133e-09
beta	2.322562e-08	2.018386e-09

Iteration took 0.00 s.

 ******* Iteration   14 ********
Forming HF Coulomb and exchange matrices ... done (0.00 s)
ADIIS weights
 3.33e-13  7.41e-13  3.26e-09  4.21e-05  1.51e-01  1.72e-01  1.71e-01  1.69e-01  1.69e-01  1.69e-01 
CDIIS weights
-3.92e-08  1.27e-07  9.98e-07 -1.31e-07  8.63e-06 -2.04e-04  1.28e-03 -2.98e-03  8.16e-05  1.00e+00 
 DIIS weights
-3.92e-08  1.27e-07  9.98e-07 -1.31e-07  8.63e-06 -2.04e-04  1.28e-03 -2.98e-03  8.16e-05  1.00e+00 

Solving SCF equations ... done (0.00 s)
alpha: HOMO-LUMO gap is   43.02 eV. Energies of lowest lying states:
   -26.403110*    -1.668770*    -0.839758*    -0.726931*    -0.726931*
     0.854109      0.903509      0.903509      1.132682      2.151114 
beta:  HOMO-LUMO gap is   20.28 eV. Energies of lowest lying states:
   -26.355535*    -1.474648*    -0.676353*    -0.676353*     0.068991 
     0.919515      0.919515      1.024599      1.178395      2.231305 

Dipole:	x		y		z		dipole change
	 0.00000000	-0.00000000	-0.00000000	 4.753321e-16
Energy:	electronic	total		virial		energy change
	-99.40552486	-99.40552486	 0.99996083	-9.9476e-14
	kinetic		nuclear		Coulomb		Exchange
	 99.40941916	-238.67207801	 49.90537465	-10.04824067
Errors:	Max dens	RMS dens	DIIS
alpha	4.055048e-09	3.771271e-10	7.799385e-10
beta	4.504645e-09	3.918124e-10

Iteration took 0.00 s.

 ******* Convergence achieved ********
Dipole moment is (0.000000,-0.000000,-0.000000) D, |mu|=0.000000 D.
Solution of UHF took 0.06 s.

Mulliken charges: alpha, beta, total (incl. nucleus)
   1 F           -5.000000       -4.000000       -0.000000
Sum of Mulliken charges -1.776357e-15

Mulliken spin charges
   1 F            1.000000
Sum of Mulliken spin charges 1.000000e+00

Electron density at nuclei: alpha, beta, total
   1 F          215.981696      215.981219      431.962914

Running program took 0.09 s.
Current time is Fri 06 Feb 2015 05:51:15.
