Basis set cc-pVTZ found in file cc-pVTZ.gbs in /usr/share/erkale/basis/.


Current Settings used by ERKALE:
     AtomGuess      	                Auto	Method used for atomic guess (Auto for same as method)
     Basis          	             cc-pVTZ	Basis set used in calculation
     BasisCutoff    	           1.000e-08	Cutoff for dropping out small primitives from contraction
     BasisOrth      	                Auto	Method of orthonormalization of basis set
     BasisRotate    	                true	Rotate basis set to remove redundant functions?
     C1-DIIS        	               false	Use older version of DIIS (C1-DIIS instead of C2-DIIS)?
     Charge         	                   0	Total charge of system
     DIISEps        	           1.000e-01	Start mixing in DIIS when error is
     DIISOrder      	                  10	How many DIIS iterations to keep in memory?
     DIISThr        	           1.000e-02	DIIS error threshold for DIIS updates
     DecFock        	               false	Use decontracted basis to calculate Fock matrix (direct HF)
     Decontract     	                    	Indices of atoms to decontract basis set for
     DeltaEmax      	           1.000e-06	Maximum allowed change of energy
     DeltaPmax      	           1.000e-06	Maximum allowed maximum difference of density matrix
     DeltaPrms      	           1.000e-08	Maximum allowed RMS difference of density matrix
     DensityFitting 	               false	Use density fitting / RI?
     Direct         	               false	Calculate two-electron integrals (or density fitting) on-the-fly?
     EField         	         0.0 0.0 0.0	Electric field
     FittingBasis   	                Auto	Basis to use for density fitting / RI (Auto for automatic)
     FittingMemory  	                1000	Amount of memory in MB to use for exchange fitting
     FittingThreshold	           1.000e-08	Linear dependence threshold for Coulomb integrals in density fitting
     ForcePol       	               false	Force polarized calculation
     FreezeCore     	               false	Freeze the atomic cores?
     Guess          	                Core	Used guess: atomic (default), core, or GWH
     LineSearch     	               false	Do line search in level shift (EXPENSIVE!)
     LoadChk        	                    	File to load old results from
     Logfile        	       F_tz_cart.log	File to print out full information, stdout for screen
     MaxIter        	                 100	Maximum number of iterations in SCF cycle
     Method         	                  HF	Method used in calculation (HF or a DFT functional)
     Multiplicity   	                   2	Spin multiplicity
     Occupancies    	                    	Orbital occupancies
     SaveChk        	       F_tz_cart.chk	File to use as checkpoint
     ShPairThr      	           1.000e-14	Threshold for shell pair screening, (ij|ij)<thr
     Shift          	           0.000e+00	Level shift to use in Hartree
     StrictIntegrals	               false	Use strict integrals?
     System         	               F.xyz	System as an xyz file
     UseADIIS       	                true	Use ADIIS for Fock matrix interpolation?
     UseBroyden     	               false	Use Broyden mixing of Fock matrices?
     UseDIIS        	                true	Use Pulay's Direct Inversion in the Iterative Subspace?
     UseLM          	               false	Use a spherical harmonics basis set by default?
     UseTRDSM       	               false	Use Trust-Region DSM?
     UseTRRH        	               false	Use Trust-Region Roothaan-Hall?
     Verbose        	                true	Verbose calculation?

There are 10 shells and 1 nuclei in the basis set.

List of nuclei, geometry in Ångström with three decimal places:
		 Z	    x	    y	    z
1	F	 9	  0.000	  0.000	  0.000

List of basis functions:
Shell    1	S cart shell at nucleus   1 with with basis functions    1-1   
Shell    2	S cart shell at nucleus   1 with with basis functions    2-2   
Shell    3	S cart shell at nucleus   1 with with basis functions    3-3   
Shell    4	S cart shell at nucleus   1 with with basis functions    4-4   
Shell    5	P cart shell at nucleus   1 with with basis functions    5-7   
Shell    6	P cart shell at nucleus   1 with with basis functions    8-10  
Shell    7	P cart shell at nucleus   1 with with basis functions   11-13  
Shell    8	D cart shell at nucleus   1 with with basis functions   14-19  
Shell    9	D cart shell at nucleus   1 with with basis functions   20-25  
Shell   10	F cart shell at nucleus   1 with with basis functions   26-35  

Basis set contains 35 functions, maximum angular momentum is 3.
Cartesian Gaussians are used by default.

Forming overlap matrix ... done (0.00 s)
Forming kinetic energy matrix ... done (0.00 s)
Forming nuclear attraction matrix ... done (0.00 s)

Smallest eigenvalue of overlap matrix is 4.14e-03, ratio to largest is 8.42e-04.
Using symmetric orthogonalization.
Basis set diagonalized in 0.00 s.

Forming table of 1590120 ERIs, requiring 1 Mi 528 ki of memory ... done (0.01 s)

Initialization of computation done in 0.01 s.

alpha: HOMO-LUMO gap is  152.08 eV. Energies of lowest lying states:
   -40.496039*   -10.105487*   -10.070764*   -10.070764*   -10.070764*
    -4.482033     -4.476207     -4.476207     -4.476207     -4.459317 
beta:  HOMO-LUMO gap is    0.00 eV. Energies of lowest lying states:
   -40.496039*   -10.105487*   -10.070764*   -10.070764*   -10.070764 
    -4.482033     -4.476207     -4.476207     -4.476207     -4.459317 

 ******* Iteration    1 ********
Forming HF Coulomb and exchange matrices ... done (0.00 s)
ADIIS weights
 1.00e+00 
CDIIS weights
 1.00e+00 
 DIIS weights
 1.00e+00 

Solving SCF equations ... done (0.00 s)
alpha: HOMO-LUMO gap is   13.37 eV. Energies of lowest lying states:
   -21.384528*    -0.226476*     0.399897*     0.440267*     0.440267*
     0.931437      1.302930      1.389477      1.389477      2.762709 
beta:  HOMO-LUMO gap is    2.59 eV. Energies of lowest lying states:
   -21.232187*    -0.120996*     0.452554*     0.452554*     0.547912 
     0.982774      1.429730      1.429730      1.980766      2.791744 

Dipole:	x		y		z		dipole change
	 0.00000000	-0.00000000	 0.00000000	 2.481617e-14
Energy:	electronic	total		virial		energy change
	-88.91417387	-88.91417387	 0.60310141	-88.9142
	kinetic		nuclear		Coulomb		Exchange
	 147.42823140	-298.98510185	 76.65466185	-14.01196527
Errors:	Max dens	RMS dens	DIIS
alpha	9.542168e-01	8.085255e-02	3.609959e+00
beta	1.131933e+00	7.826371e-02

Iteration took 0.00 s.

 ******* Iteration    2 ********
Forming HF Coulomb and exchange matrices ... done (0.00 s)
ADIIS weights
 1.08e-01  8.92e-01 
CDIIS weights
 1.53e-01  8.47e-01 
 DIIS weights
 1.08e-01  8.92e-01 

Solving SCF equations ... done (0.00 s)
alpha: HOMO-LUMO gap is   51.62 eV. Energies of lowest lying states:
   -28.827313*    -2.696607*    -1.749786*    -1.647429*    -1.647429*
     0.249398      0.297489      0.329591      0.329591      1.409352 
beta:  HOMO-LUMO gap is   11.14 eV. Energies of lowest lying states:
   -28.800607*    -2.537762*    -1.590912*    -1.590912*    -1.181486 
     0.291877      0.336719      0.336719      0.487772      1.481514 

Dipole:	x		y		z		dipole change
	 0.00000000	-0.00000000	 0.00000000	-5.001839e-15
Energy:	electronic	total		virial		energy change
	-95.29399397	-95.29399397	 1.15643965	-6.37982
	kinetic		nuclear		Coulomb		Exchange
	 82.40291164	-203.96343290	 34.24906961	-7.98254231
Errors:	Max dens	RMS dens	DIIS
alpha	9.089018e-01	6.176027e-02	1.552706e+00
beta	1.051256e+00	6.133412e-02

Iteration took 0.00 s.

 ******* Iteration    3 ********
Forming HF Coulomb and exchange matrices ... done (0.00 s)
ADIIS weights
 2.14e-24  1.82e-23  1.00e+00 
CDIIS weights
-1.37e-01  1.90e-01  9.47e-01 
 DIIS weights
 2.14e-24  1.82e-23  1.00e+00 

Solving SCF equations ... done (0.00 s)
alpha: HOMO-LUMO gap is   30.79 eV. Energies of lowest lying states:
   -25.181661*    -1.273810*    -0.458733*    -0.359141*    -0.359141*
     0.772311      0.907539      0.951340      0.951340      2.362396 
beta:  HOMO-LUMO gap is   17.20 eV. Energies of lowest lying states:
   -25.117715*    -1.089351*    -0.316486*    -0.316486*     0.315671 
     0.797712      0.967521      0.967521      1.227970      2.437303 

Dipole:	x		y		z		dipole change
	 0.00000000	-0.00000000	 0.00000000	-9.896201e-15
Energy:	electronic	total		virial		energy change
	-98.85432410	-98.85432410	 0.91772108	-3.56033
	kinetic		nuclear		Coulomb		Exchange
	 107.71717762	-251.71568024	 56.03020702	-10.88602849
Errors:	Max dens	RMS dens	DIIS
alpha	1.484868e-01	1.408223e-02	7.310533e-01
beta	1.511184e-01	1.356362e-02

Iteration took 0.00 s.

 ******* Iteration    4 ********
Forming HF Coulomb and exchange matrices ... done (0.00 s)
ADIIS weights
 8.54e-19  1.44e-17  8.17e-15  1.00e+00 
CDIIS weights
 1.19e-03 -8.25e-02  2.10e-01  8.72e-01 
 DIIS weights
 8.54e-19  1.44e-17  8.17e-15  1.00e+00 

Solving SCF equations ... done (0.00 s)
alpha: HOMO-LUMO gap is   41.97 eV. Energies of lowest lying states:
   -26.937835*    -1.858656*    -1.018196*    -0.904580*    -0.904580*
     0.637954      0.740428      0.783118      0.783118      2.034811 
beta:  HOMO-LUMO gap is   20.20 eV. Energies of lowest lying states:
   -26.898146*    -1.665739*    -0.851345*    -0.851345*    -0.108836 
     0.663922      0.794879      0.794879      0.852086      2.117300 

Dipole:	x		y		z		dipole change
	 0.00000000	-0.00000000	 0.00000000	-5.205684e-15
Energy:	electronic	total		virial		energy change
	-99.30485355	-99.30485355	 1.03427642	-0.450529
	kinetic		nuclear		Coulomb		Exchange
	 96.01384236	-232.87564466	 47.23155062	-9.67460187
Errors:	Max dens	RMS dens	DIIS
alpha	8.237655e-02	7.371776e-03	3.320854e-01
beta	8.917918e-02	6.954615e-03

Iteration took 0.00 s.

 ******* Iteration    5 ********
Forming HF Coulomb and exchange matrices ... done (0.00 s)
ADIIS weights
 4.85e-20  5.80e-17  2.54e-16  2.18e-13  1.00e+00 
CDIIS weights
-8.70e-05 -1.00e-02 -5.67e-02  2.55e-01  8.12e-01 
 DIIS weights
 4.85e-20  5.80e-17  2.54e-16  2.18e-13  1.00e+00 

Solving SCF equations ... done (0.00 s)
alpha: HOMO-LUMO gap is   37.21 eV. Energies of lowest lying states:
   -26.187995*    -1.597110*    -0.770148*    -0.659656*    -0.659656*
     0.707724      0.821287      0.866170      0.866170      2.191294 
beta:  HOMO-LUMO gap is   20.01 eV. Energies of lowest lying states:
   -26.138247*    -1.404966*    -0.611653*    -0.611653*     0.123648 
     0.732402      0.880787      0.880787      1.001919      2.271038 

Dipole:	x		y		z		dipole change
	 0.00000000	-0.00000000	 0.00000000	-5.771542e-16
Energy:	electronic	total		virial		energy change
	-99.38907498	-99.38907498	 0.98571967	-0.0842214
	kinetic		nuclear		Coulomb		Exchange
	 100.82894547	-240.98918872	 50.96430177	-10.19313350
Errors:	Max dens	RMS dens	DIIS
alpha	2.484480e-02	2.533355e-03	1.302999e-01
beta	2.851866e-02	2.497838e-03

Iteration took 0.00 s.

 ******* Iteration    6 ********
Forming HF Coulomb and exchange matrices ... done (0.00 s)
ADIIS weights
 4.08e-18  1.84e-16  4.35e-16  6.92e-14  2.38e-11  1.00e+00 
CDIIS weights
 1.70e-04  1.64e-03 -8.44e-04 -9.75e-02  1.62e-01  9.35e-01 
 DIIS weights
 8.74e-05  8.46e-04 -4.35e-04 -5.03e-02  8.33e-02  9.66e-01 

Solving SCF equations ... done (0.00 s)
alpha: HOMO-LUMO gap is   38.85 eV. Energies of lowest lying states:
   -26.446410*    -1.683699*    -0.853764*    -0.740798*    -0.740798*
     0.687083      0.796227      0.840751      0.840751      2.141811 
beta:  HOMO-LUMO gap is   20.28 eV. Energies of lowest lying states:
   -26.399929*    -1.489830*    -0.690377*    -0.690377*     0.054992 
     0.711868      0.854591      0.854591      0.948927      2.222625 

Dipole:	x		y		z		dipole change
	 0.00000000	-0.00000000	 0.00000000	-2.282801e-15
Energy:	electronic	total		virial		energy change
	-99.40293684	-99.40293684	 1.00593809	-0.0138619
	kinetic		nuclear		Coulomb		Exchange
	 98.81615718	-237.69716222	 49.46495650	-9.98688830
Errors:	Max dens	RMS dens	DIIS
alpha	1.014956e-02	9.840304e-04	5.361392e-02
beta	1.084551e-02	8.989421e-04

Iteration took 0.00 s.

 ******* Iteration    7 ********
Forming HF Coulomb and exchange matrices ... done (0.00 s)
ADIIS weights
 9.69e-17  2.13e-16  1.31e-17  9.94e-15  5.02e-13  2.83e-10  1.00e+00 
CDIIS weights
-4.34e-05 -1.74e-04  2.00e-03  3.07e-02 -1.46e-01 -2.46e-01  1.36e+00 
 DIIS weights
-4.31e-05 -1.73e-04  1.99e-03  3.05e-02 -1.45e-01 -2.44e-01  1.36e+00 

Solving SCF equations ... done (0.00 s)
alpha: HOMO-LUMO gap is   38.58 eV. Energies of lowest lying states:
   -26.403376*    -1.669041*    -0.839960*    -0.727073*    -0.727073*
     0.690887      0.800537      0.845243      0.845243      2.150583 
beta:  HOMO-LUMO gap is   20.25 eV. Energies of lowest lying states:
   -26.356068*    -1.474887*    -0.676628*    -0.676628*     0.067524 
     0.715634      0.859405      0.859405      0.957887      2.231135 

Dipole:	x		y		z		dipole change
	 0.00000000	 0.00000000	 0.00000000	 2.318704e-16
Energy:	electronic	total		virial		energy change
	-99.40554893	-99.40554893	 0.99900380	-0.00261209
	kinetic		nuclear		Coulomb		Exchange
	 99.50467597	-238.83846319	 49.98762289	-10.05938460
Errors:	Max dens	RMS dens	DIIS
alpha	1.401866e-03	1.373247e-04	1.069123e-02
beta	1.921394e-03	1.636048e-04

Iteration took 0.00 s.

 ******* Iteration    8 ********
Forming HF Coulomb and exchange matrices ... done (0.00 s)
ADIIS weights
 7.14e-18  2.56e-18  1.43e-15  2.08e-13  2.09e-11  1.10e-12  7.73e-08  1.00e+00 
CDIIS weights
 7.03e-06 -5.28e-05 -7.71e-04 -4.26e-03  4.48e-02  2.74e-02 -5.01e-01  1.43e+00 
 DIIS weights
 7.03e-06 -5.28e-05 -7.71e-04 -4.26e-03  4.48e-02  2.74e-02 -5.01e-01  1.43e+00 

Solving SCF equations ... done (0.00 s)
alpha: HOMO-LUMO gap is   38.59 eV. Energies of lowest lying states:
   -26.403544*    -1.669185*    -0.840121*    -0.727234*    -0.727234*
     0.690887      0.800529      0.845234      0.845234      2.150557 
beta:  HOMO-LUMO gap is   20.25 eV. Energies of lowest lying states:
   -26.356145*    -1.474856*    -0.676575*    -0.676575*     0.067482 
     0.715625      0.859449      0.859449      0.957870      2.231091 

Dipole:	x		y		z		dipole change
	 0.00000000	 0.00000000	 0.00000000	-3.887654e-17
Energy:	electronic	total		virial		energy change
	-99.40565654	-99.40565654	 1.00015919	-0.000107602
	kinetic		nuclear		Coulomb		Exchange
	 99.38983432	-238.64944110	 49.90150579	-10.04755554
Errors:	Max dens	RMS dens	DIIS
alpha	4.641841e-05	4.711745e-06	6.233210e-05
beta	9.467986e-05	7.653501e-06

Iteration took 0.01 s.

 ******* Iteration    9 ********
Forming HF Coulomb and exchange matrices ... done (0.00 s)
ADIIS weights
 9.50e-18  1.81e-16  4.73e-15  7.35e-15  1.62e-17  1.60e-11  3.24e-08  7.91e-04  9.99e-01 
CDIIS weights
-1.06e-06  4.42e-06  1.61e-04  3.73e-05 -5.52e-03 -1.01e-04  6.12e-02 -2.38e-01  1.18e+00 
 DIIS weights
-1.06e-06  4.42e-06  1.61e-04  3.73e-05 -5.52e-03 -1.01e-04  6.12e-02 -2.38e-01  1.18e+00 

Solving SCF equations ... done (0.00 s)
alpha: HOMO-LUMO gap is   38.59 eV. Energies of lowest lying states:
   -26.403591*    -1.669211*    -0.840127*    -0.727256*    -0.727256*
     0.690877      0.800511      0.845212      0.845212      2.150549 
beta:  HOMO-LUMO gap is   20.25 eV. Energies of lowest lying states:
   -26.356179*    -1.474861*    -0.676563*    -0.676563*     0.067467 
     0.715615      0.859440      0.859440      0.957860      2.231078 

Dipole:	x		y		z		dipole change
	 0.00000000	 0.00000000	 0.00000000	-7.538812e-16
Energy:	electronic	total		virial		energy change
	-99.40565659	-99.40565659	 1.00015836	-5.9366e-08
	kinetic		nuclear		Coulomb		Exchange
	 99.38991750	-238.64943986	 49.90141727	-10.04755151
Errors:	Max dens	RMS dens	DIIS
alpha	1.854935e-05	1.621586e-06	2.217145e-05
beta	7.862216e-06	5.411589e-07

Iteration took 0.01 s.

 ******* Iteration   10 ********
Forming HF Coulomb and exchange matrices ... done (0.00 s)
ADIIS weights
 8.56e-19  5.91e-18  8.25e-16  2.42e-14  3.56e-16  3.33e-14  6.84e-09  1.04e-03  4.98e-01  5.01e-01 
CDIIS weights
-1.18e-09 -3.20e-07 -9.88e-06  3.22e-05  2.96e-04 -4.60e-04 -4.65e-03  3.71e-03 -9.96e-02  1.10e+00 
 DIIS weights
-1.18e-09 -3.20e-07 -9.88e-06  3.22e-05  2.96e-04 -4.60e-04 -4.65e-03  3.71e-03 -9.96e-02  1.10e+00 

Solving SCF equations ... done (0.00 s)
alpha: HOMO-LUMO gap is   38.59 eV. Energies of lowest lying states:
   -26.403592*    -1.669216*    -0.840128*    -0.727263*    -0.727263*
     0.690877      0.800511      0.845210      0.845210      2.150550 
beta:  HOMO-LUMO gap is   20.25 eV. Energies of lowest lying states:
   -26.356175*    -1.474855*    -0.676556*    -0.676556*     0.067467 
     0.715615      0.859443      0.859443      0.957861      2.231078 

Dipole:	x		y		z		dipole change
	 0.00000000	 0.00000000	 0.00000000	-2.747688e-16
Energy:	electronic	total		virial		energy change
	-99.40565660	-99.40565660	 1.00015580	-3.3056e-09
	kinetic		nuclear		Coulomb		Exchange
	 99.39017150	-238.64988431	 49.90164145	-10.04758524
Errors:	Max dens	RMS dens	DIIS
alpha	4.562145e-06	3.742473e-07	9.141263e-07
beta	5.763189e-06	4.447097e-07

Iteration took 0.01 s.

 ******* Iteration   11 ********
Forming HF Coulomb and exchange matrices ... done (0.00 s)
ADIIS weights
 6.75e-18  2.24e-15  7.96e-16  3.06e-15  7.04e-12  9.00e-10  3.66e-03  3.31e-01  3.40e-01  3.25e-01 
CDIIS weights
 4.70e-07  3.96e-06 -2.87e-05 -4.89e-05  2.13e-04  7.04e-04 -2.10e-03  2.23e-02 -6.12e-01  1.59e+00 
 DIIS weights
 4.70e-07  3.96e-06 -2.87e-05 -4.89e-05  2.13e-04  7.04e-04 -2.10e-03  2.23e-02 -6.12e-01  1.59e+00 

Solving SCF equations ... done (0.00 s)
alpha: HOMO-LUMO gap is   38.59 eV. Energies of lowest lying states:
   -26.403594*    -1.669219*    -0.840129*    -0.727268*    -0.727268*
     0.690878      0.800511      0.845209      0.845209      2.150550 
beta:  HOMO-LUMO gap is   20.25 eV. Energies of lowest lying states:
   -26.356173*    -1.474853*    -0.676552*    -0.676552*     0.067467 
     0.715615      0.859444      0.859444      0.957861      2.231077 

Dipole:	x		y		z		dipole change
	 0.00000000	 0.00000000	 0.00000000	 3.942932e-15
Energy:	electronic	total		virial		energy change
	-99.40565660	-99.40565660	 1.00015585	-4.00334e-10
	kinetic		nuclear		Coulomb		Exchange
	 99.39016666	-238.64987333	 49.90163512	-10.04758504
Errors:	Max dens	RMS dens	DIIS
alpha	2.852002e-06	2.309402e-07	3.864591e-07
beta	3.201642e-06	2.482301e-07

Iteration took 0.01 s.

 ******* Iteration   12 ********
Forming HF Coulomb and exchange matrices ... done (0.00 s)
ADIIS weights
 2.96e-20  6.04e-15  2.14e-13  8.63e-13  1.50e-11  4.82e-03  1.93e-01  2.73e-01  2.70e-01  2.60e-01 
CDIIS weights
-1.31e-07  1.93e-06 -1.32e-06 -2.76e-05 -6.34e-05  3.91e-05  1.03e-03  5.17e-02 -2.56e-01  1.20e+00 
 DIIS weights
-1.31e-07  1.93e-06 -1.32e-06 -2.76e-05 -6.34e-05  3.91e-05  1.03e-03  5.17e-02 -2.56e-01  1.20e+00 

Solving SCF equations ... done (0.00 s)
alpha: HOMO-LUMO gap is   38.59 eV. Energies of lowest lying states:
   -26.403594*    -1.669219*    -0.840130*    -0.727268*    -0.727268*
     0.690878      0.800511      0.845209      0.845209      2.150550 
beta:  HOMO-LUMO gap is   20.25 eV. Energies of lowest lying states:
   -26.356173*    -1.474852*    -0.676551*    -0.676551*     0.067467 
     0.715615      0.859445      0.859445      0.957861      2.231077 

Dipole:	x		y		z		dipole change
	 0.00000000	 0.00000000	 0.00000000	-3.425242e-15
Energy:	electronic	total		virial		energy change
	-99.40565660	-99.40565660	 1.00015583	-7.38112e-11
	kinetic		nuclear		Coulomb		Exchange
	 99.39016907	-238.64987636	 49.90163630	-10.04758561
Errors:	Max dens	RMS dens	DIIS
alpha	3.260064e-07	2.630783e-08	5.477643e-08
beta	3.887828e-07	3.091433e-08

Iteration took 0.01 s.

 ******* Iteration   13 ********
Forming HF Coulomb and exchange matrices ... done (0.00 s)
ADIIS weights
 7.18e-16  6.79e-14  7.66e-12  9.05e-09  2.28e-03  1.91e-01  2.05e-01  2.03e-01  1.99e-01  1.99e-01 
CDIIS weights
 2.13e-08 -1.71e-07  2.89e-07  4.08e-06 -2.20e-05  1.28e-04  1.09e-03 -3.22e-03 -2.76e-02  1.03e+00 
 DIIS weights
 2.13e-08 -1.71e-07  2.89e-07  4.08e-06 -2.20e-05  1.28e-04  1.09e-03 -3.22e-03 -2.76e-02  1.03e+00 

Solving SCF equations ... done (0.00 s)
alpha: HOMO-LUMO gap is   38.59 eV. Energies of lowest lying states:
   -26.403594*    -1.669219*    -0.840130*    -0.727268*    -0.727268*
     0.690878      0.800511      0.845209      0.845209      2.150550 
beta:  HOMO-LUMO gap is   20.25 eV. Energies of lowest lying states:
   -26.356173*    -1.474852*    -0.676551*    -0.676551*     0.067467 
     0.715615      0.859445      0.859445      0.957861      2.231077 

Dipole:	x		y		z		dipole change
	 0.00000000	 0.00000000	 0.00000000	 1.681536e-16
Energy:	electronic	total		virial		energy change
	-99.40565660	-99.40565660	 1.00015583	-8.3844e-13
	kinetic		nuclear		Coulomb		Exchange
	 99.39016868	-238.64987559	 49.90163592	-10.04758561
Errors:	Max dens	RMS dens	DIIS
alpha	5.510397e-09	4.425965e-10	4.297092e-09
beta	1.030455e-08	7.662900e-10

Iteration took 0.00 s.

 ******* Iteration   14 ********
Forming HF Coulomb and exchange matrices ... done (0.00 s)
ADIIS weights
 3.98e-15  5.07e-14  6.75e-10  4.06e-04  1.63e-01  1.70e-01  1.68e-01  1.66e-01  1.66e-01  1.66e-01 
CDIIS weights
-8.03e-09  3.89e-08  3.00e-07  4.86e-09  1.72e-07 -3.07e-05  7.30e-04 -2.24e-03 -1.31e-03  1.00e+00 
 DIIS weights
-8.03e-09  3.89e-08  3.00e-07  4.86e-09  1.72e-07 -3.07e-05  7.30e-04 -2.24e-03 -1.31e-03  1.00e+00 

Solving SCF equations ... done (0.00 s)
alpha: HOMO-LUMO gap is   38.59 eV. Energies of lowest lying states:
   -26.403594*    -1.669219*    -0.840130*    -0.727268*    -0.727268*
     0.690878      0.800511      0.845209      0.845209      2.150550 
beta:  HOMO-LUMO gap is   20.25 eV. Energies of lowest lying states:
   -26.356173*    -1.474852*    -0.676551*    -0.676551*     0.067467 
     0.715615      0.859445      0.859445      0.957861      2.231077 

Dipole:	x		y		z		dipole change
	 0.00000000	 0.00000000	 0.00000000	 1.872811e-16
Energy:	electronic	total		virial		energy change
	-99.40565660	-99.40565660	 1.00015583	-1.42109e-14
	kinetic		nuclear		Coulomb		Exchange
	 99.39016864	-238.64987552	 49.90163589	-10.04758560
Errors:	Max dens	RMS dens	DIIS
alpha	1.908998e-09	1.518561e-10	2.762296e-10
beta	2.092674e-09	1.568096e-10

Iteration took 0.00 s.

 ******* Convergence achieved ********
Dipole moment is (0.000000,0.000000,0.000000) D, |mu|=0.000000 D.
Solution of UHF took 0.08 s.

Mulliken charges: alpha, beta, total (incl. nucleus)
   1 F           -5.000000       -4.000000       -0.000000
Sum of Mulliken charges -1.065814e-14

Mulliken spin charges
   1 F            1.000000
Sum of Mulliken spin charges 1.000000e+00

Electron density at nuclei: alpha, beta, total
   1 F          215.830172      215.813997      431.644169

Running program took 0.11 s.
Current time is Fri 06 Feb 2015 05:51:15.
