ERKALE - HF/DFT from Hel, OpenMP version, running on 4 cores.
(c) Susi Lehtola, 2010-2016.

This program is free software; you can redistribute it and/or modify
it under the terms of the GNU General Public License as published by
the Free Software Foundation; either version 2 of the License, or
(at your option) any later version.

At svn revision 1938.

Running on host dx7-lehtola.chem.helsinki.fi.

Basis set cc-pVDZ found in file cc-pVDZ.gbs in /home/work/erkale/source/erkale.sap/basis/.

Current Settings used by ERKALE:
     AtomGuess      	                Auto	Method used for atomic guess (Auto for same as method)
     Basis          	             cc-pVDZ	Basis set used in calculation
     BasisCutoff    	           1.000e-08	Cutoff for dropping out small primitives from contraction
     BasisOrth      	                Auto	Method of orthonormalization of basis set
     BasisRotate    	               false	Rotate basis set to remove redundant functions?
     C1-DIIS        	               false	Use older version of DIIS (C1-DIIS instead of C2-DIIS)?
     Charge         	                   0	Total charge of system
     Cholesky       	                true	Use Cholesky decomposition?
     CholeskyMode   	                   0	Save/load integrals? 0 no, 1 save, -1 load
     CholeskyNAFThr 	           0.000e+00	Cholesky natural auxiliary function threshold
     CholeskyShThr  	           1.000e-02	Cholesky cache threshold
     CholeskyThr    	           1.000e-07	Cholesky decomposition threshold
     ConvThr        	           1.000e-06	Orbital gradient convergence threshold
     DFTDelta       	           1.000e+02	Switch to final DFT grid has converged within factor X
     DFTFinalTol    	           1.000e-05	Tolerance of final DFT grid
     DFTGrid        	             50 -194	DFT integration grid to use: nrad lmax or Auto for adaptive
     DFTInitialTol  	           1.000e-04	Tolerance of initial DFT grid
     DFTLobatto     	               false	Use Lobatto quadrature instead of Lebedev quadrature?
     DIISEps        	           1.000e-01	Start mixing in DIIS when error is
     DIISOrder      	                  10	How many DIIS iterations to keep in memory?
     DIISThr        	           1.000e-02	DIIS error threshold for DIIS updates
     DecFock        	               false	Use decontracted basis to calculate Fock matrix (direct HF)
     Decontract     	                    	Indices of atoms to decontract basis set for
     DensityFitting 	               false	Use density fitting / RI?
     DimerSymmetry  	               false	Do special calculation on dimer along z axis
     Direct         	               false	Calculate two-electron integrals (or density fitting) on-the-fly?
     EField         	         0.0 0.0 0.0	Electric field
     FittingBasis   	                Auto	Basis to use for density fitting / RI (Auto for automatic)
     FittingMemory  	                1000	Amount of memory in MB to use for exchange fitting
     FittingThreshold	           1.000e-08	Linear dependence threshold for Coulomb integrals in density fitting
     ForcePol       	               false	Force polarized calculation
     Guess          	                Core	Used guess: SAD (default), NO, core, or GWH
     InputBohr      	               false	Use atomic units as input units instead of angstrom?
     IntegralThresh 	           1.000e-14	Integral screening threshold
     LoadChk        	                    	File to load old results from
     Logfile        	       H2_pbe_dz.log	File to print out full information, stdout for screen
     MaxIter        	                 100	Maximum number of iterations in SCF cycle
     Method         	 gga_x_pbe-gga_c_pbe	Method used in calculation (HF or a DFT functional)
     Multiplicity   	                   1	Spin multiplicity
     NLGrid         	             50 -194	Integration grid to use for nonlocal correlation: nrad lmax
     Occupancies    	                    	Orbital occupancies
     OptLM          	                true	If spherical harmonics used, use cartesian s and p functions?
     PZ             	               false	Perform Perdew-Zunger self-interaction correction?
     PZEthr         	           1.000e-10	Threshold for energy convergence
     PZIthr         	           1.000e-02	Threshold for initialization convergence (not too small!)
     PZNRthr        	           0.000e+00	Threshold for use of NR method in OO optimization
     PZOOthr        	           1.000e-04	Gradient threshold for OO optimization
     PZOVthr        	           1.000e-05	Gradient threshold for OV optimization
     PZimag         	                Auto	Imaginary degrees of freedom in PZ?
     PZiter         	                  20	Max number of iterations in self-consistency iteration
     PZloc          	                Auto	Initial localization before SIC calculation?
     PZlocmet       	                  FB	Initial localization method (recommend FB or IAO)
     PZmode         	                  XC	Apply PZ to the operators (in addition to J): X C D
     PZoo           	                true	Optimize OO block?
     PZov           	                true	Optimize OV block?
     PZprec         	                   1	Precondition OV block? 0: no, 1: unified, 2: orbital
     PZscale        	            Constant	Scaling for PZ: Constant, Density or Kinetic
     PZscaleExp     	           1.000e+00	Exponent in the dynamic scaling equation
     PZseed         	                   0	Seed number for randomized matrices?
     PZstab         	                   0	Stability analysis for PZ-SIC? 1 or -1 for OO, 2 or -2 for OO+OV
     PZstabThr      	           1.000e-03	Instability threshold (interpreted as -thr)
     PZw            	           1.000e+00	Weight for Perdew-Zunger self-interaction correction
     SaveChk        	       H2_pbe_dz.chk	File to use as checkpoint
     Shift          	           0.000e+00	Level shift to use in Hartree
     StrictIntegrals	               false	Use strict integrals?
     System         	              H2.xyz	System as an xyz file
     UseADIIS       	                true	Use ADIIS for Fock matrix interpolation?
     UseBroyden     	               false	Use Broyden mixing of Fock matrices?
     UseDIIS        	                true	Use Pulay's Direct Inversion in the Iterative Subspace?
     UseLM          	                true	Use a spherical harmonics basis set by default?
     UseTRRH        	               false	Use Trust-Region Roothaan-Hall?
     VV10           	                Auto	Use VV10 non-local correlation?
     VV10Pars       	                    	VV10 parameters: b C
     Verbose        	                true	Verbose calculation?

There are 6 shells and 2 nuclei in the basis set.

List of nuclei, geometry in Ångström with three decimal places:
		 Z	    x	    y	    z
1	H	 1	  0.000	  0.000	 -0.370
2	H	 1	  0.000	  0.000	  0.370

Interatomic distance matrix:
          1H 
   2H  0.740

List of basis functions:
Shell    1	S cart shell at nucleus   1 with with basis functions    1-1   
Shell    2	S cart shell at nucleus   1 with with basis functions    2-2   
Shell    3	P cart shell at nucleus   1 with with basis functions    3-5   
Shell    4	S cart shell at nucleus   2 with with basis functions    6-6   
Shell    5	S cart shell at nucleus   2 with with basis functions    7-7   
Shell    6	P cart shell at nucleus   2 with with basis functions    8-10  

Basis set contains 10 functions, maximum angular momentum is 1.
Spherical harmonic Gaussians are used by default, there are 10 cartesians.

Forming overlap matrix ... done (0.01 s)
Forming kinetic energy matrix ... done (0.01 s)
Forming nuclear attraction matrix ... done (0.01 s)

Smallest eigenvalue of overlap matrix is 1.45e-02, ratio to largest is 4.07e-03.
Using symmetric orthogonalization.
Basis set diagonalized in 0.01 s.

Computing repulsion integrals.
Screening by shell pairs and symmetry reduced dofs by factor 1.82.
Individual screening reduced dofs by a total factor 1.82.
Computing Cholesky vectors. Estimated memory size is 12 ki - 42 ki.
Cholesky vectors no     0 -     5 computed, error is 3.302141e-01 (0.00 s).
Cholesky vectors no     6 -    11 computed, error is 9.772122e-02 (0.00 s).
Cholesky vectors no    12 -    14 computed, error is 4.017108e-02 (0.00 s).
Cholesky vectors no    15 -    15 computed, error is 2.987306e-02 (0.00 s).
Cholesky vectors no    16 -    18 computed, error is 1.584179e-02 (0.00 s).
Cholesky vectors no    19 -    19 computed, error is 4.990465e-03 (0.00 s).
Cholesky vectors no    20 -    20 computed, error is 2.676286e-03 (0.00 s).
Cholesky vectors no    21 -    28 computed, error is 1.487265e-03 (0.00 s).
Cholesky vectors no    29 -    29 computed, error is 3.646081e-04 (0.00 s).
Cholesky vectors no    30 -    32 computed, error is 2.243308e-04 (0.00 s).
Cholesky vectors no    33 -    35 computed, error is 1.337133e-04 (0.00 s).
Cholesky vectors no    36 -    36 computed, error is 7.066840e-05 (0.00 s).
Cholesky vectors no    37 -    39 computed, error is 4.374390e-05 (0.00 s).
Cholesky vectors no    40 -    42 computed, error is 9.729817e-06 (0.00 s).
Cholesky vectors no    43 -    43 computed, error is 9.362491e-06 (0.00 s).
Cholesky vectors no    44 -    44 computed, error is 2.306256e-06 (0.00 s).
Cholesky vectors no    45 -    47 computed, error is 1.974542e-06 (0.00 s).
Cholesky vectors no    48 -    50 computed, error is 2.724552e-07 (0.00 s).
Cholesky vectors no    51 -    51 computed, error is 1.197936e-07 (0.00 s).
Cholesky vectors no    52 -    52 computed, error is 8.002356e-08 (0.00 s).
Cholesky decomposition finished in 0.01 s. Realized memory size is 42 ki.
Time use: integrals 97.9 %, linear algebra 2.1 %.
21 shell pairs out of 21 are significant.

Initialization of computation done in 0.08 s.

Used exchange functional is gga_x_pbe, 'Perdew, Burke & Ernzerhof', defined in the reference(s):
J. P. Perdew, K. Burke, and M. Ernzerhof, Phys. Rev. Lett. 77, 3865 (1996) (DOI 10.1103/PhysRevLett.77.3865)
J. P. Perdew, K. Burke, and M. Ernzerhof, Phys. Rev. Lett. 78, 1396 (1997) (DOI 10.1103/PhysRevLett.78.1396)

Used correlation functional is gga_c_pbe, 'Perdew, Burke & Ernzerhof', defined in the reference(s):
J. P. Perdew, K. Burke, and M. Ernzerhof, Phys. Rev. Lett. 77, 3865 (1996) (DOI 10.1103/PhysRevLett.77.3865)
J. P. Perdew, K. Burke, and M. Ernzerhof, Phys. Rev. Lett. 78, 1396 (1997) (DOI 10.1103/PhysRevLett.78.1396)

HOMO-LUMO gap is   18.33 eV. Energies of lowest lying orbitals:
      -1.2803*      -0.6069       -0.3216       -0.0264        0.1171 
       0.1171        0.7936        0.9037        0.9037        2.3490 

A pure exchange functional used, no exact exchange.
Constructing static nrad=50 lmax=23 XC grid.
Composition of XC grid:
    atom Npoints     Nfuncs
    1 H     8321      76619
    2 H     8321      76619

 ******* Iteration    1 ********
Forming Cholesky Coulomb matrix ... done (0.00 s)
Computing DFT exchange and correlation ... done (0.04 s)
Numerically integrated density is 2.00000 (+0.0000 %).
ADIIS weights
 1.00e+00 
CDIIS weights
 1.00e+00 
 DIIS weights
 1.00e+00 

Solving SCF equations ... done (0.00 s)

Total energy                  : -1.1043413146441290e+00
DIIS error                    :  1.104663e-01
Energy change                 : -1.104341e+00
Max total density change      :  3.198362e-01
Max rms   density change      :  9.803751e-02
Dipole mu = (-0.00000000, -0.00000000, -0.00000271) D

Iteration took 0.04 s.

 ******* Iteration    2 ********
Forming Cholesky Coulomb matrix ... done (0.00 s)
Computing DFT exchange and correlation ... done (0.03 s)
Numerically integrated density is 2.00000 (+0.0000 %).
ADIIS weights
 5.14e-14  1.00e+00 
CDIIS weights
 2.31e-01  7.69e-01 
 DIIS weights
 1.61e-01  8.39e-01 

Solving SCF equations ... done (0.00 s)

Total energy                  : -1.1547464858910763e+00
DIIS error                    :  3.708647e-02
Energy change                 : -5.040517e-02
Max total density change      :  8.240746e-02
Max rms   density change      :  2.328384e-02
Dipole mu = ( 0.00000000, -0.00000000, -0.00000044) D

Iteration took 0.03 s.

 ******* Iteration    3 ********
Forming Cholesky Coulomb matrix ... done (0.00 s)
Computing DFT exchange and correlation ... done (0.03 s)
Numerically integrated density is 2.00000 (+0.0000 %).
ADIIS weights
 3.17e-14  2.37e-13  1.00e+00 
CDIIS weights
 1.68e-03  9.82e-02  9.00e-01 
 DIIS weights
 1.68e-03  9.82e-02  9.00e-01 

Solving SCF equations ... done (0.00 s)

Total energy                  : -1.1597916085677511e+00
DIIS error                    :  3.899593e-03
Energy change                 : -5.045123e-03
Max total density change      :  8.148590e-03
Max rms   density change      :  2.353997e-03
Dipole mu = ( 0.00000000,  0.00000000, -0.00000097) D

Iteration took 0.03 s.

 ******* Iteration    4 ********
Forming Cholesky Coulomb matrix ... done (0.00 s)
Computing DFT exchange and correlation ... done (0.03 s)
Numerically integrated density is 2.00000 (+0.0000 %).
ADIIS weights
 8.44e-15  5.35e-14  2.11e-13  1.00e+00 
CDIIS weights
 2.00e-04 -2.73e-03 -3.01e-02  1.03e+00 
 DIIS weights
 2.00e-04 -2.73e-03 -3.01e-02  1.03e+00 

Solving SCF equations ... done (0.00 s)

Total energy                  : -1.1598471851089889e+00
DIIS error                    :  1.303349e-05
Energy change                 : -5.557654e-05
Max total density change      :  9.848733e-06
Max rms   density change      :  3.159598e-06
Dipole mu = ( 0.00000000, -0.00000000, -0.00000073) D

Iteration took 0.06 s.

 ******* Iteration    5 ********
Forming Cholesky Coulomb matrix ... done (0.00 s)
Computing DFT exchange and correlation ... done (0.03 s)
Numerically integrated density is 2.00000 (+0.0000 %).
ADIIS weights
 1.53e-14  4.54e-12  9.24e-10  5.00e-01  5.00e-01 
CDIIS weights
 7.68e-05 -1.05e-03 -1.16e-02  3.89e-01  6.24e-01 
 DIIS weights
 7.68e-05 -1.05e-03 -1.16e-02  3.89e-01  6.24e-01 

Solving SCF equations ... done (0.00 s)

Total energy                  : -1.1598471854388270e+00
DIIS error                    :  2.293262e-07
Energy change                 : -3.298382e-10
Max total density change      :  3.009382e-07
Max rms   density change      :  8.066723e-08
Dipole mu = ( 0.00000000, -0.00000000, -0.00000082) D

Iteration took 0.03 s.

 ******* Convergence achieved ********
Solution of RDFT took 0.20 s.

Kinetic               energy:  1.1002715770100777e+00
Nuclear attraction    energy: -3.6028333957165755e+00
Total one-electron    energy: -2.5025618187064973e+00
Nuclear repulsion     energy:  7.1510433874324320e-01
Coulomb               energy:  1.3178865877902322e+00
Exchange-correlation  energy: -6.9027629326580509e-01
Non-local correlation energy:  0.0000000000000000e+00
-----------------------------------------------------
                Total energy: -1.1598471854388270e+00
               Virial factor:  1.0541462759500182e+00

Dipole mu = ( 0.00000000, -0.00000000, -0.00000082) D

HOMO-LUMO gap is   11.83 eV. Orbital energies:
      -0.3769*       0.0577        0.3084        0.6673        0.9933 
       0.9933        1.6245        1.7201        1.7201        3.2026 

Mulliken charges
   1 H            0.000000
   2 H           -0.000000
Sum of Mulliken charges 5.218048e-15

Electron density at nuclei
   1 H            0.345895
   2 H            0.345895

Running program took 0.31 s.
Current time is Sat 22 Sep 2018 22:37:32.
