ERKALE - HF/DFT from Hel, OpenMP version, running on 4 cores.
(c) Susi Lehtola, 2010-2016.

This program is free software; you can redistribute it and/or modify
it under the terms of the GNU General Public License as published by
the Free Software Foundation; either version 2 of the License, or
(at your option) any later version.

At svn revision 1938.

Running on host dx7-lehtola.chem.helsinki.fi.

Basis set cc-pVTZ found in file cc-pVTZ.gbs in /home/work/erkale/source/erkale.sap/basis/.

Current Settings used by ERKALE:
     AtomGuess      	                Auto	Method used for atomic guess (Auto for same as method)
     Basis          	             cc-pVTZ	Basis set used in calculation
     BasisCutoff    	           1.000e-08	Cutoff for dropping out small primitives from contraction
     BasisOrth      	                Auto	Method of orthonormalization of basis set
     BasisRotate    	               false	Rotate basis set to remove redundant functions?
     C1-DIIS        	               false	Use older version of DIIS (C1-DIIS instead of C2-DIIS)?
     Charge         	                   1	Total charge of system
     Cholesky       	                true	Use Cholesky decomposition?
     CholeskyMode   	                   0	Save/load integrals? 0 no, 1 save, -1 load
     CholeskyNAFThr 	           0.000e+00	Cholesky natural auxiliary function threshold
     CholeskyShThr  	           1.000e-02	Cholesky cache threshold
     CholeskyThr    	           1.000e-07	Cholesky decomposition threshold
     ConvThr        	           1.000e-06	Orbital gradient convergence threshold
     DIISEps        	           1.000e-01	Start mixing in DIIS when error is
     DIISOrder      	                  10	How many DIIS iterations to keep in memory?
     DIISThr        	           1.000e-02	DIIS error threshold for DIIS updates
     DecFock        	               false	Use decontracted basis to calculate Fock matrix (direct HF)
     Decontract     	                    	Indices of atoms to decontract basis set for
     DensityFitting 	               false	Use density fitting / RI?
     DimerSymmetry  	               false	Do special calculation on dimer along z axis
     Direct         	               false	Calculate two-electron integrals (or density fitting) on-the-fly?
     EField         	         0.0 0.0 0.0	Electric field
     FittingBasis   	                Auto	Basis to use for density fitting / RI (Auto for automatic)
     FittingMemory  	                1000	Amount of memory in MB to use for exchange fitting
     FittingThreshold	           1.000e-08	Linear dependence threshold for Coulomb integrals in density fitting
     ForcePol       	               false	Force polarized calculation
     Guess          	              Atomic	Used guess: SAD (default), NO, core, or GWH
     InputBohr      	               false	Use atomic units as input units instead of angstrom?
     IntegralThresh 	           1.000e-14	Integral screening threshold
     LoadChk        	                    	File to load old results from
     Logfile        	      H2O+_tz_hf.log	File to print out full information, stdout for screen
     MaxIter        	                 100	Maximum number of iterations in SCF cycle
     Method         	                  HF	Method used in calculation (HF or a DFT functional)
     Multiplicity   	                   2	Spin multiplicity
     Occupancies    	                    	Orbital occupancies
     OptLM          	                true	If spherical harmonics used, use cartesian s and p functions?
     SaveChk        	      H2O+_tz_hf.chk	File to use as checkpoint
     Shift          	           0.000e+00	Level shift to use in Hartree
     StrictIntegrals	               false	Use strict integrals?
     System         	             H2O.xyz	System as an xyz file
     UseADIIS       	                true	Use ADIIS for Fock matrix interpolation?
     UseBroyden     	               false	Use Broyden mixing of Fock matrices?
     UseDIIS        	                true	Use Pulay's Direct Inversion in the Iterative Subspace?
     UseLM          	                true	Use a spherical harmonics basis set by default?
     UseTRRH        	               false	Use Trust-Region Roothaan-Hall?
     Verbose        	                true	Verbose calculation?

Performing HF guess for atoms:
O : 1 (0.55 s)
H : 2 3 (0.03 s)
Atomic guess formed in 0.58 s.

There are 22 shells and 3 nuclei in the basis set.

List of nuclei, geometry in Ångström with three decimal places:
		 Z	    x	    y	    z
1	O	 8	  0.000	  0.000	  0.118
2	H	 1	  0.000	  0.755	 -0.471
3	H	 1	  0.000	 -0.755	 -0.471

Interatomic distance matrix:
          1O    2H 
   2H  0.958
   3H  0.958 1.511

List of basis functions:
Shell    1	S cart shell at nucleus   1 with with basis functions    1-1   
Shell    2	S cart shell at nucleus   1 with with basis functions    2-2   
Shell    3	S cart shell at nucleus   1 with with basis functions    3-3   
Shell    4	S cart shell at nucleus   1 with with basis functions    4-4   
Shell    5	P cart shell at nucleus   1 with with basis functions    5-7   
Shell    6	P cart shell at nucleus   1 with with basis functions    8-10  
Shell    7	P cart shell at nucleus   1 with with basis functions   11-13  
Shell    8	D  sph shell at nucleus   1 with with basis functions   14-18  
Shell    9	D  sph shell at nucleus   1 with with basis functions   19-23  
Shell   10	F  sph shell at nucleus   1 with with basis functions   24-30  
Shell   11	S cart shell at nucleus   2 with with basis functions   31-31  
Shell   12	S cart shell at nucleus   2 with with basis functions   32-32  
Shell   13	S cart shell at nucleus   2 with with basis functions   33-33  
Shell   14	P cart shell at nucleus   2 with with basis functions   34-36  
Shell   15	P cart shell at nucleus   2 with with basis functions   37-39  
Shell   16	D  sph shell at nucleus   2 with with basis functions   40-44  
Shell   17	S cart shell at nucleus   3 with with basis functions   45-45  
Shell   18	S cart shell at nucleus   3 with with basis functions   46-46  
Shell   19	S cart shell at nucleus   3 with with basis functions   47-47  
Shell   20	P cart shell at nucleus   3 with with basis functions   48-50  
Shell   21	P cart shell at nucleus   3 with with basis functions   51-53  
Shell   22	D  sph shell at nucleus   3 with with basis functions   54-58  

Basis set contains 58 functions, maximum angular momentum is 3.
Spherical harmonic Gaussians are used by default, there are 65 cartesians.

Forming overlap matrix ... done (0.01 s)
Forming kinetic energy matrix ... done (0.01 s)
Forming nuclear attraction matrix ... done (0.00 s)

Smallest eigenvalue of overlap matrix is 2.58e-03, ratio to largest is 4.16e-04.
Using symmetric orthogonalization.
Basis set diagonalized in 0.02 s.

Computing repulsion integrals.
Screening by shell pairs and symmetry reduced dofs by factor 1.97.
Individual screening reduced dofs by a total factor 1.97.
Computing Cholesky vectors. Estimated memory size is 2 Mi - 7 Mi.
Cholesky vectors no     0 -     0 computed, error is 1.035490e+00 (0.02 s).
Cholesky vectors no     1 -     6 computed, error is 9.493556e-01 (0.02 s).
Cholesky vectors no     7 -    12 computed, error is 5.578320e-01 (0.00 s).
Cholesky vectors no    13 -    27 computed, error is 1.485715e-01 (0.00 s).
Cholesky vectors no    28 -    30 computed, error is 1.450048e-01 (0.00 s).
Cholesky vectors no    31 -    36 computed, error is 1.123043e-01 (0.00 s).
Cholesky vectors no    37 -    46 computed, error is 1.097213e-01 (0.01 s).
Cholesky vectors no    47 -    56 computed, error is 7.958811e-02 (0.00 s).
Cholesky vectors no    57 -    62 computed, error is 7.540515e-02 (0.00 s).
Cholesky vectors no    63 -    68 computed, error is 6.019713e-02 (0.00 s).
Cholesky vectors no    69 -    69 computed, error is 5.065792e-02 (0.00 s).
Cholesky vectors no    70 -    97 computed, error is 4.823800e-02 (0.03 s).
Cholesky vectors no    98 -   107 computed, error is 3.087566e-02 (0.01 s).
Cholesky vectors no   108 -   122 computed, error is 3.056709e-02 (0.38 s).
Cholesky vectors no   123 -   137 computed, error is 2.036880e-02 (0.35 s).
Cholesky vectors no   138 -   158 computed, error is 9.607461e-03 (0.48 s).
Cholesky vectors no   159 -   161 computed, error is 6.939990e-03 (0.07 s).
Cholesky vectors no   162 -   176 computed, error is 6.145470e-03 (0.35 s).
Cholesky vectors no   177 -   186 computed, error is 6.011318e-03 (0.23 s).
Cholesky vectors no   187 -   196 computed, error is 5.779809e-03 (0.14 s).
Cholesky vectors no   197 -   199 computed, error is 3.258287e-03 (0.00 s).
Cholesky vectors no   200 -   200 computed, error is 3.177679e-03 (0.00 s).
Cholesky vectors no   201 -   221 computed, error is 2.970382e-03 (0.01 s).
Cholesky vectors no   222 -   226 computed, error is 2.864730e-03 (0.00 s).
Cholesky vectors no   227 -   227 computed, error is 1.761256e-03 (0.01 s).
Cholesky vectors no   228 -   230 computed, error is 1.753597e-03 (0.07 s).
Cholesky vectors no   231 -   233 computed, error is 1.524374e-03 (0.07 s).
Cholesky vectors no   234 -   243 computed, error is 1.159081e-03 (0.12 s).
Cholesky vectors no   244 -   244 computed, error is 5.782143e-04 (0.00 s).
Cholesky vectors no   245 -   247 computed, error is 4.284742e-04 (0.01 s).
Cholesky vectors no   248 -   250 computed, error is 3.467934e-04 (0.00 s).
Cholesky vectors no   251 -   255 computed, error is 3.129013e-04 (0.00 s).
Cholesky vectors no   256 -   288 computed, error is 2.550065e-04 (0.02 s).
Cholesky vectors no   289 -   321 computed, error is 1.198392e-04 (0.13 s).
Cholesky vectors no   322 -   331 computed, error is 5.530431e-05 (0.01 s).
Cholesky vectors no   332 -   332 computed, error is 3.370792e-05 (0.00 s).
Cholesky vectors no   333 -   353 computed, error is 3.221855e-05 (0.01 s).
Cholesky vectors no   354 -   356 computed, error is 2.676328e-05 (0.00 s).
Cholesky vectors no   357 -   377 computed, error is 1.906448e-05 (0.14 s).
Cholesky vectors no   378 -   392 computed, error is 1.824333e-05 (0.14 s).
Cholesky vectors no   393 -   395 computed, error is 1.783788e-05 (0.07 s).
Cholesky vectors no   396 -   403 computed, error is 1.355759e-05 (0.17 s).
Cholesky vectors no   404 -   411 computed, error is 8.402017e-06 (0.02 s).
Cholesky vectors no   412 -   419 computed, error is 5.822693e-06 (0.02 s).
Cholesky vectors no   420 -   420 computed, error is 5.654967e-06 (0.00 s).
Cholesky vectors no   421 -   433 computed, error is 5.264349e-06 (0.00 s).
Cholesky vectors no   434 -   440 computed, error is 5.007514e-06 (0.00 s).
Cholesky vectors no   441 -   445 computed, error is 4.494903e-06 (0.01 s).
Cholesky vectors no   446 -   450 computed, error is 4.169881e-06 (0.00 s).
Cholesky vectors no   451 -   451 computed, error is 4.155895e-06 (0.00 s).
Cholesky vectors no   452 -   452 computed, error is 2.798322e-06 (0.00 s).
Cholesky vectors no   453 -   466 computed, error is 2.266388e-06 (0.01 s).
Cholesky vectors no   467 -   480 computed, error is 1.391112e-06 (0.01 s).
Cholesky vectors no   481 -   494 computed, error is 1.135302e-06 (0.01 s).
Cholesky vectors no   495 -   505 computed, error is 8.606279e-07 (0.03 s).
Cholesky vectors no   506 -   516 computed, error is 8.129739e-07 (0.12 s).
Cholesky vectors no   517 -   519 computed, error is 5.733642e-07 (0.00 s).
Cholesky vectors no   520 -   522 computed, error is 5.476731e-07 (0.00 s).
Cholesky vectors no   523 -   545 computed, error is 5.364111e-07 (0.05 s).
Cholesky vectors no   546 -   548 computed, error is 4.932307e-07 (0.00 s).
Cholesky vectors no   549 -   571 computed, error is 3.596963e-07 (0.02 s).
Cholesky vectors no   572 -   574 computed, error is 3.233492e-07 (0.01 s).
Cholesky vectors no   575 -   588 computed, error is 3.017884e-07 (0.02 s).
Cholesky vectors no   589 -   591 computed, error is 2.150147e-07 (0.00 s).
Cholesky vectors no   592 -   596 computed, error is 2.052903e-07 (0.00 s).
Cholesky vectors no   597 -   601 computed, error is 1.704863e-07 (0.01 s).
Cholesky vectors no   602 -   611 computed, error is 1.650912e-07 (0.01 s).
Cholesky vectors no   612 -   623 computed, error is 8.879536e-08 (0.00 s).
Cholesky decomposition finished in 4.12 s. Realized memory size is 9 Mi 141 ki.
Time use: integrals 16.0 %, linear algebra 84.0 %.
253 shell pairs out of 253 are significant.

Initialization of computation done in 4.18 s.

Forming Cholesky Coulomb matrix ... done (0.00 s)
Forming Cholesky exchange matrix ... done (0.15 s)
Solving SCF equations ... done (0.00 s)

Kinetic               energy:  7.5666206879065527e+01
Nuclear attraction    energy: -1.9713948106616419e+02
Total one-electron    energy: -1.2147327418709861e+02
Nuclear repulsion     energy:  9.1892221210306353e+00
Coulomb               energy:  4.5004995896606843e+01
Exchange              energy: -8.6166050779319097e+00
-----------------------------------------------------
                Total energy: -7.5895661247393036e+01
               Virial factor:  1.0030324550125029e+00

Dipole mu = (-0.00000000, -0.00000000,  0.00000057) D

Orbital energies:
     -20.8160*      -1.6506*      -0.7664*      -0.6041*      -0.4947*
       0.0606        0.1588        0.4721        0.5352        0.5925 
       0.6937        0.7212        0.7546        0.8306        0.9132 
       1.0278        1.1819        1.4703        1.5017        1.9254 
       1.9513        1.9790        2.0698        2.1159        2.5164 
       2.8692        3.2923        3.4359        3.5325        3.6212 
       3.6639        3.8017        3.8642        3.9154        3.9691 
       4.0038        4.0835        4.2531        4.2955        4.5368 
       4.5547        4.7825        5.0402        5.1081        5.3730 
       5.8866        6.4260        6.7250        6.7367        6.8275 
       6.8373        6.9040        6.9766        7.0729        7.2692 
       7.6216        8.1220       12.7018 

 ******* Iteration    1 ********
Forming Cholesky Coulomb matrix ... done (0.00 s)
Forming Cholesky exchange matrix ... done (0.03 s)
ADIIS weights
 1.00e+00 
CDIIS weights
 1.00e+00 
 DIIS weights
 1.00e+00 

Solving SCF equations ... done (0.01 s)

Total energy                  : -7.5603230394840281e+01
DIIS error                    :  1.235946e-01
Energy change                 : -7.560323e+01
Max total density change      :  1.175310e-01
Max rms   density change      :  7.169970e-03
Max total alpha density change:  1.696516e-01
Max rms   alpha density change:  8.029576e-03
Max total beta  density change:  1.134193e-01
Max rms   beta  density change:  7.002905e-03
Dipole mu = ( 0.00000000,  0.00000001, -2.33637859) D

Iteration took 0.04 s.

 ******* Iteration    2 ********
Forming Cholesky Coulomb matrix ... done (0.00 s)
Forming Cholesky exchange matrix ... done (0.03 s)
ADIIS weights
 1.64e-14  1.00e+00 
CDIIS weights
 1.67e-01  8.33e-01 
 DIIS weights
 8.92e-02  9.11e-01 

Solving SCF equations ... done (0.00 s)

Total energy                  : -7.5650983652366790e+01
DIIS error                    :  5.181026e-02
Energy change                 : -4.775326e-02
Max total density change      :  6.191039e-02
Max rms   density change      :  2.330174e-03
Max total alpha density change:  5.440611e-02
Max rms   alpha density change:  2.087291e-03
Max total beta  density change:  6.941468e-02
Max rms   beta  density change:  2.710674e-03
Dipole mu = ( 0.00000000,  0.00000001, -2.20366186) D

Iteration took 0.03 s.

 ******* Iteration    3 ********
Forming Cholesky Coulomb matrix ... done (0.00 s)
Forming Cholesky exchange matrix ... done (0.06 s)
ADIIS weights
 1.31e-16  1.49e-14  1.00e+00 
CDIIS weights
-3.67e-02  1.32e-01  9.05e-01 
 DIIS weights
-3.51e-02  1.26e-01  9.09e-01 

Solving SCF equations ... done (0.43 s)

Total energy                  : -7.5655431113386385e+01
DIIS error                    :  1.377947e-02
Energy change                 : -4.447461e-03
Max total density change      :  1.338778e-02
Max rms   density change      :  5.512018e-04
Max total alpha density change:  2.677555e-02
Max rms   alpha density change:  8.719749e-04
Max total beta  density change:  8.501210e-03
Max rms   beta  density change:  4.559879e-04
Dipole mu = ( 0.00000000,  0.00000001, -2.23777055) D

Iteration took 0.54 s.

 ******* Iteration    4 ********
Forming Cholesky Coulomb matrix ... done (0.00 s)
Forming Cholesky exchange matrix ... done (0.03 s)
ADIIS weights
 6.30e-16  3.71e-16  2.94e-13  1.00e+00 
CDIIS weights
-1.49e-03 -5.66e-02 -1.09e-01  1.17e+00 
 DIIS weights
-1.49e-03 -5.66e-02 -1.09e-01  1.17e+00 

Solving SCF equations ... done (0.01 s)

Total energy                  : -7.5656011757445810e+01
DIIS error                    :  2.510125e-03
Energy change                 : -5.806441e-04
Max total density change      :  3.526250e-03
Max rms   density change      :  1.514244e-04
Max total alpha density change:  7.052501e-03
Max rms   alpha density change:  2.291003e-04
Max total beta  density change:  8.661690e-03
Max rms   beta  density change:  3.411227e-04
Dipole mu = ( 0.00000000,  0.00000001, -2.23215675) D

Iteration took 0.04 s.

 ******* Iteration    5 ********
Forming Cholesky Coulomb matrix ... done (0.00 s)
Forming Cholesky exchange matrix ... done (0.03 s)
ADIIS weights
 4.13e-14  4.90e-12  3.59e-11  4.10e-09  1.00e+00 
CDIIS weights
 2.79e-03  7.54e-03 -3.04e-02 -3.47e-01  1.37e+00 
 DIIS weights
 2.79e-03  7.54e-03 -3.04e-02 -3.47e-01  1.37e+00 

Solving SCF equations ... done (0.00 s)

Total energy                  : -7.5656103211969082e+01
DIIS error                    :  9.884581e-04
Energy change                 : -9.145452e-05
Max total density change      :  1.843137e-03
Max rms   density change      :  4.727636e-05
Max total alpha density change:  3.686274e-03
Max rms   alpha density change:  1.627824e-04
Max total beta  density change:  4.497569e-03
Max rms   beta  density change:  1.633707e-04
Dipole mu = ( 0.00000000,  0.00000001, -2.23194649) D

Iteration took 0.14 s.

 ******* Iteration    6 ********
Forming Cholesky Coulomb matrix ... done (0.01 s)
Forming Cholesky exchange matrix ... done (0.03 s)
ADIIS weights
 3.44e-16  5.65e-12  1.50e-11  9.17e-13  2.87e-11  1.00e+00 
CDIIS weights
-5.53e-04 -1.05e-03  1.13e-02  5.70e-02 -3.96e-01  1.33e+00 
 DIIS weights
-5.53e-04 -1.05e-03  1.13e-02  5.70e-02 -3.96e-01  1.33e+00 

Solving SCF equations ... done (0.95 s)

Total energy                  : -7.5656127255179115e+01
DIIS error                    :  1.214942e-04
Energy change                 : -2.404321e-05
Max total density change      :  2.776474e-04
Max rms   density change      :  9.803708e-06
Max total alpha density change:  1.642759e-03
Max rms   alpha density change:  6.501705e-05
Max total beta  density change:  1.862666e-03
Max rms   beta  density change:  6.935230e-05
Dipole mu = ( 0.00000000,  0.00000001, -2.23148505) D

Iteration took 1.15 s.

 ******* Iteration    7 ********
Forming Cholesky Coulomb matrix ... done (0.00 s)
Forming Cholesky exchange matrix ... done (0.03 s)
ADIIS weights
 1.19e-16  5.90e-15  1.21e-13  9.96e-17  1.36e-11  4.39e-10  1.00e+00 
CDIIS weights
 1.75e-04  6.76e-04 -5.23e-03 -2.47e-02  1.69e-01 -8.63e-01  1.72e+00 
 DIIS weights
 1.75e-04  6.76e-04 -5.23e-03 -2.47e-02  1.69e-01 -8.63e-01  1.72e+00 

Solving SCF equations ... done (0.00 s)

Total energy                  : -7.5656132026389869e+01
DIIS error                    :  3.399423e-05
Energy change                 : -4.771211e-06
Max total density change      :  1.045921e-04
Max rms   density change      :  3.471517e-06
Max total alpha density change:  1.158222e-03
Max rms   alpha density change:  4.421841e-05
Max total beta  density change:  1.278209e-03
Max rms   beta  density change:  4.587128e-05
Dipole mu = ( 0.00000000,  0.00000001, -2.23130709) D

Iteration took 0.04 s.

 ******* Iteration    8 ********
Forming Cholesky Coulomb matrix ... done (0.01 s)
Forming Cholesky exchange matrix ... done (0.03 s)
ADIIS weights
 3.96e-04  1.03e-03  7.61e-02  1.23e-01  5.03e-01  1.15e-01  1.21e-01  6.07e-02 
CDIIS weights
-5.43e-05 -2.04e-04  2.07e-03  6.59e-03 -6.06e-02  3.63e-01 -1.04e+00  1.72e+00 
 DIIS weights
-5.43e-05 -2.04e-04  2.07e-03  6.59e-03 -6.06e-02  3.63e-01 -1.04e+00  1.72e+00 

Solving SCF equations ... done (0.00 s)

Total energy                  : -7.5656133388537313e+01
DIIS error                    :  1.123624e-05
Energy change                 : -1.362147e-06
Max total density change      :  3.031344e-05
Max rms   density change      :  1.215746e-06
Max total alpha density change:  4.784134e-04
Max rms   alpha density change:  1.787870e-05
Max total beta  density change:  5.319189e-04
Max rms   beta  density change:  1.874358e-05
Dipole mu = ( 0.00000000,  0.00000001, -2.23125252) D

Iteration took 0.05 s.

 ******* Iteration    9 ********
Forming Cholesky Coulomb matrix ... done (0.01 s)
Forming Cholesky exchange matrix ... done (0.03 s)
ADIIS weights
 1.77e-14  3.88e-13  5.31e-13  6.02e-12  7.76e-12  3.52e-11  6.71e-13  1.56e-09  1.00e+00 
CDIIS weights
 6.00e-06  3.36e-05 -3.38e-04 -7.49e-04  8.67e-03 -5.98e-02  1.92e-01 -4.10e-01  1.27e+00 
 DIIS weights
 6.00e-06  3.36e-05 -3.38e-04 -7.49e-04  8.67e-03 -5.98e-02  1.92e-01 -4.10e-01  1.27e+00 

Solving SCF equations ... done (0.00 s)

Total energy                  : -7.5656133523899754e+01
DIIS error                    :  1.381897e-06
Energy change                 : -1.353624e-07
Max total density change      :  2.355953e-06
Max rms   density change      :  9.072072e-08
Max total alpha density change:  3.400026e-05
Max rms   alpha density change:  1.292822e-06
Max total beta  density change:  3.871216e-05
Max rms   beta  density change:  1.337382e-06
Dipole mu = ( 0.00000000,  0.00000001, -2.23125020) D

Iteration took 0.05 s.

 ******* Iteration   10 ********
Forming Cholesky Coulomb matrix ... done (0.00 s)
Forming Cholesky exchange matrix ... done (0.03 s)
ADIIS weights
 3.15e-14  9.20e-13  2.56e-11  2.03e-09  1.33e-11  1.44e-09  4.40e-09  1.90e-09  5.50e-01  4.50e-01 
CDIIS weights
-2.07e-06 -1.31e-05  1.52e-04  2.40e-04 -3.46e-03  2.63e-02 -8.76e-02  1.96e-01 -7.41e-01  1.61e+00 
 DIIS weights
-2.07e-06 -1.31e-05  1.52e-04  2.40e-04 -3.46e-03  2.63e-02 -8.76e-02  1.96e-01 -7.41e-01  1.61e+00 

Solving SCF equations ... done (0.00 s)

Total energy                  : -7.5656133524618866e+01
DIIS error                    :  3.308806e-07
Energy change                 : -7.191119e-10
Max total density change      :  3.710097e-07
Max rms   density change      :  1.708616e-08
Max total alpha density change:  3.890280e-06
Max rms   alpha density change:  1.543587e-07
Max total beta  density change:  3.840058e-06
Max rms   beta  density change:  1.445647e-07
Dipole mu = ( 0.00000000,  0.00000001, -2.23124946) D

Iteration took 0.04 s.

 ******* Convergence achieved ********
Solution of UHF took 2.13 s.

Kinetic               energy:  7.5713214334671775e+01
Nuclear attraction    energy: -1.9384102689836612e+02
Total one-electron    energy: -1.1812781256369496e+02
Nuclear repulsion     energy:  9.1892221210306353e+00
Coulomb               energy:  4.1948249763906574e+01
Exchange              energy: -8.6657928458611124e+00
-----------------------------------------------------
                Total energy: -7.5656133524618866e+01
               Virial factor:  9.9924609184071100e-01

Dipole mu = ( 0.00000000,  0.00000001, -2.23124946) D

alpha: HOMO-LUMO gap is   25.59 eV. Orbital energies:
     -21.1317*      -1.9126*      -1.2166*      -1.1333*      -1.0981*
      -0.1576       -0.0769        0.1929        0.2398        0.3048 
       0.3422        0.4404        0.4535        0.4834        0.5788 
       0.7168        0.8544        1.1387        1.1569        1.5605 
       1.5838        1.6535        1.7351        1.7603        2.1682 
       2.5250        2.9205        3.0603        3.1525        3.2490 
       3.2811        3.4489        3.4872        3.5416        3.5832 
       3.6499        3.7442        3.8771        3.9456        4.1540 
       4.1667        4.4277        4.6667        4.7480        4.9989 
       5.5268        6.0638        6.3540        6.3570        6.4628 
       6.5116        6.5672        6.6339        6.7209        6.9375 
       7.3123        7.7955       12.3610 
beta:  HOMO-LUMO gap is   19.81 eV. Orbital energies:
     -21.0884*      -1.7552*      -1.1795*      -1.0475*      -0.3194 
      -0.1461       -0.0706        0.1915        0.2555        0.3167 
       0.4462        0.4646        0.4866        0.5055        0.6009 
       0.7531        0.8527        1.1466        1.1873        1.6291 
       1.6546        1.6593        1.7455        1.8318        2.1677 
       2.5347        2.9322        3.0701        3.1592        3.2491 
       3.3730        3.4459        3.4843        3.5447        3.6127 
       3.6562        3.7570        3.8896        3.9520        4.1728 
       4.2284        4.4343        4.7065        4.7906        5.0478 
       5.5712        6.1027        6.4412        6.4595        6.5208 
       6.5343        6.5855        6.6938        6.7563        6.9790 
       7.3236        7.8118       12.3944 

Mulliken charges: alpha, beta, total (incl. nucleus)
   1 O           -4.376676       -3.298170        0.325154
   2 H           -0.311662       -0.350915        0.337423
   3 H           -0.311662       -0.350915        0.337423
Sum of Mulliken charges 1.000000e+00

Mulliken spin charges
   1 O            1.078506
   2 H           -0.039253
   3 H           -0.039253
Sum of Mulliken spin charges 1.000000e+00

Electron density at nuclei: alpha, beta, total
   1 O          149.724812      149.599421      299.324233
   2 H            0.173156        0.197478        0.370634
   3 H            0.173156        0.197478        0.370634

The spin expectation value <S^2> is 0.756880

Running program took 7.08 s.
Current time is Sat 22 Sep 2018 22:39:09.
