ERKALE - HF/DFT from Hel, OpenMP version, running on 4 cores.
(c) Susi Lehtola, 2010-2016.

This program is free software; you can redistribute it and/or modify
it under the terms of the GNU General Public License as published by
the Free Software Foundation; either version 2 of the License, or
(at your option) any later version.

At svn revision 1938.

Running on host dx7-lehtola.chem.helsinki.fi.

Basis set cc-pVTZ found in file cc-pVTZ.gbs in /home/work/erkale/source/erkale.sap/basis/.

Current Settings used by ERKALE:
     AtomGuess      	                Auto	Method used for atomic guess (Auto for same as method)
     Basis          	             cc-pVTZ	Basis set used in calculation
     BasisCutoff    	           1.000e-08	Cutoff for dropping out small primitives from contraction
     BasisOrth      	                Auto	Method of orthonormalization of basis set
     BasisRotate    	               false	Rotate basis set to remove redundant functions?
     C1-DIIS        	               false	Use older version of DIIS (C1-DIIS instead of C2-DIIS)?
     Charge         	                   0	Total charge of system
     Cholesky       	                true	Use Cholesky decomposition?
     CholeskyMode   	                   0	Save/load integrals? 0 no, 1 save, -1 load
     CholeskyNAFThr 	           0.000e+00	Cholesky natural auxiliary function threshold
     CholeskyShThr  	           1.000e-02	Cholesky cache threshold
     CholeskyThr    	           1.000e-07	Cholesky decomposition threshold
     ConvThr        	           1.000e-06	Orbital gradient convergence threshold
     DFTDelta       	           1.000e+02	Switch to final DFT grid has converged within factor X
     DFTFinalTol    	           1.000e-05	Tolerance of final DFT grid
     DFTGrid        	             50 -194	DFT integration grid to use: nrad lmax or Auto for adaptive
     DFTInitialTol  	           1.000e-04	Tolerance of initial DFT grid
     DFTLobatto     	               false	Use Lobatto quadrature instead of Lebedev quadrature?
     DIISEps        	           1.000e-01	Start mixing in DIIS when error is
     DIISOrder      	                  10	How many DIIS iterations to keep in memory?
     DIISThr        	           1.000e-02	DIIS error threshold for DIIS updates
     DecFock        	               false	Use decontracted basis to calculate Fock matrix (direct HF)
     Decontract     	                    	Indices of atoms to decontract basis set for
     DensityFitting 	               false	Use density fitting / RI?
     DimerSymmetry  	               false	Do special calculation on dimer along z axis
     Direct         	               false	Calculate two-electron integrals (or density fitting) on-the-fly?
     EField         	         0.0 0.0 0.0	Electric field
     FittingBasis   	                Auto	Basis to use for density fitting / RI (Auto for automatic)
     FittingMemory  	                1000	Amount of memory in MB to use for exchange fitting
     FittingThreshold	           1.000e-08	Linear dependence threshold for Coulomb integrals in density fitting
     ForcePol       	               false	Force polarized calculation
     Guess          	              Atomic	Used guess: SAD (default), NO, core, or GWH
     InputBohr      	               false	Use atomic units as input units instead of angstrom?
     IntegralThresh 	           1.000e-14	Integral screening threshold
     LoadChk        	                    	File to load old results from
     Logfile        	     H2O_tz_tpss.log	File to print out full information, stdout for screen
     MaxIter        	                 100	Maximum number of iterations in SCF cycle
     Method         	mgga_x_tpss-mgga_c_tpss	Method used in calculation (HF or a DFT functional)
     Multiplicity   	                   1	Spin multiplicity
     NLGrid         	             50 -194	Integration grid to use for nonlocal correlation: nrad lmax
     Occupancies    	                    	Orbital occupancies
     OptLM          	                true	If spherical harmonics used, use cartesian s and p functions?
     PZ             	               false	Perform Perdew-Zunger self-interaction correction?
     PZEthr         	           1.000e-10	Threshold for energy convergence
     PZIthr         	           1.000e-02	Threshold for initialization convergence (not too small!)
     PZNRthr        	           0.000e+00	Threshold for use of NR method in OO optimization
     PZOOthr        	           1.000e-04	Gradient threshold for OO optimization
     PZOVthr        	           1.000e-05	Gradient threshold for OV optimization
     PZimag         	                Auto	Imaginary degrees of freedom in PZ?
     PZiter         	                  20	Max number of iterations in self-consistency iteration
     PZloc          	                Auto	Initial localization before SIC calculation?
     PZlocmet       	                  FB	Initial localization method (recommend FB or IAO)
     PZmode         	                  XC	Apply PZ to the operators (in addition to J): X C D
     PZoo           	                true	Optimize OO block?
     PZov           	                true	Optimize OV block?
     PZprec         	                   1	Precondition OV block? 0: no, 1: unified, 2: orbital
     PZscale        	            Constant	Scaling for PZ: Constant, Density or Kinetic
     PZscaleExp     	           1.000e+00	Exponent in the dynamic scaling equation
     PZseed         	                   0	Seed number for randomized matrices?
     PZstab         	                   0	Stability analysis for PZ-SIC? 1 or -1 for OO, 2 or -2 for OO+OV
     PZstabThr      	           1.000e-03	Instability threshold (interpreted as -thr)
     PZw            	           1.000e+00	Weight for Perdew-Zunger self-interaction correction
     SaveChk        	     H2O_tz_tpss.chk	File to use as checkpoint
     Shift          	           0.000e+00	Level shift to use in Hartree
     StrictIntegrals	               false	Use strict integrals?
     System         	             H2O.xyz	System as an xyz file
     UseADIIS       	                true	Use ADIIS for Fock matrix interpolation?
     UseBroyden     	               false	Use Broyden mixing of Fock matrices?
     UseDIIS        	                true	Use Pulay's Direct Inversion in the Iterative Subspace?
     UseLM          	                true	Use a spherical harmonics basis set by default?
     UseTRRH        	               false	Use Trust-Region Roothaan-Hall?
     VV10           	                Auto	Use VV10 non-local correlation?
     VV10Pars       	                    	VV10 parameters: b C
     Verbose        	                true	Verbose calculation?

Performing mgga_x_tpss-mgga_c_tpss guess for atoms:
O : 1 (2.60 s)
H : 2 3Warning - 3472 NaNs found in xc energy / potential.
Warning - 3472 NaNs found in xc energy / potential.
Warning - 3472 NaNs found in xc energy / potential.
Warning - 3472 NaNs found in xc energy / potential.
Warning - 3472 NaNs found in xc energy / potential.
Warning - 3472 NaNs found in xc energy / potential.
Warning - 3472 NaNs found in xc energy / potential.
Warning - 3472 NaNs found in xc energy / potential.
Warning - 3472 NaNs found in xc energy / potential.
Warning - 3472 NaNs found in xc energy / potential.
Warning - 3472 NaNs found in xc energy / potential.
Warning - 3472 NaNs found in xc energy / potential.
Warning - 3472 NaNs found in xc energy / potential.
Warning - 3472 NaNs found in xc energy / potential.
Warning - 3472 NaNs found in xc energy / potential.
 (0.25 s)
Atomic guess formed in 2.85 s.

There are 22 shells and 3 nuclei in the basis set.

List of nuclei, geometry in Ångström with three decimal places:
		 Z	    x	    y	    z
1	O	 8	  0.000	  0.000	  0.118
2	H	 1	  0.000	  0.755	 -0.471
3	H	 1	  0.000	 -0.755	 -0.471

Interatomic distance matrix:
          1O    2H 
   2H  0.958
   3H  0.958 1.511

List of basis functions:
Shell    1	S cart shell at nucleus   1 with with basis functions    1-1   
Shell    2	S cart shell at nucleus   1 with with basis functions    2-2   
Shell    3	S cart shell at nucleus   1 with with basis functions    3-3   
Shell    4	S cart shell at nucleus   1 with with basis functions    4-4   
Shell    5	P cart shell at nucleus   1 with with basis functions    5-7   
Shell    6	P cart shell at nucleus   1 with with basis functions    8-10  
Shell    7	P cart shell at nucleus   1 with with basis functions   11-13  
Shell    8	D  sph shell at nucleus   1 with with basis functions   14-18  
Shell    9	D  sph shell at nucleus   1 with with basis functions   19-23  
Shell   10	F  sph shell at nucleus   1 with with basis functions   24-30  
Shell   11	S cart shell at nucleus   2 with with basis functions   31-31  
Shell   12	S cart shell at nucleus   2 with with basis functions   32-32  
Shell   13	S cart shell at nucleus   2 with with basis functions   33-33  
Shell   14	P cart shell at nucleus   2 with with basis functions   34-36  
Shell   15	P cart shell at nucleus   2 with with basis functions   37-39  
Shell   16	D  sph shell at nucleus   2 with with basis functions   40-44  
Shell   17	S cart shell at nucleus   3 with with basis functions   45-45  
Shell   18	S cart shell at nucleus   3 with with basis functions   46-46  
Shell   19	S cart shell at nucleus   3 with with basis functions   47-47  
Shell   20	P cart shell at nucleus   3 with with basis functions   48-50  
Shell   21	P cart shell at nucleus   3 with with basis functions   51-53  
Shell   22	D  sph shell at nucleus   3 with with basis functions   54-58  

Basis set contains 58 functions, maximum angular momentum is 3.
Spherical harmonic Gaussians are used by default, there are 65 cartesians.

Forming overlap matrix ... done (0.01 s)
Forming kinetic energy matrix ... done (0.00 s)
Forming nuclear attraction matrix ... done (0.01 s)

Smallest eigenvalue of overlap matrix is 2.58e-03, ratio to largest is 4.16e-04.
Using symmetric orthogonalization.
Basis set diagonalized in 0.00 s.

Computing repulsion integrals.
Screening by shell pairs and symmetry reduced dofs by factor 1.97.
Individual screening reduced dofs by a total factor 1.97.
Computing Cholesky vectors. Estimated memory size is 2 Mi - 7 Mi.
Cholesky vectors no     0 -     0 computed, error is 1.035490e+00 (0.01 s).
Cholesky vectors no     1 -     6 computed, error is 9.493556e-01 (0.11 s).
Cholesky vectors no     7 -    12 computed, error is 5.578320e-01 (0.00 s).
Cholesky vectors no    13 -    27 computed, error is 1.485715e-01 (0.00 s).
Cholesky vectors no    28 -    30 computed, error is 1.450048e-01 (0.01 s).
Cholesky vectors no    31 -    36 computed, error is 1.123043e-01 (0.01 s).
Cholesky vectors no    37 -    46 computed, error is 1.097213e-01 (0.00 s).
Cholesky vectors no    47 -    56 computed, error is 7.958811e-02 (0.00 s).
Cholesky vectors no    57 -    62 computed, error is 7.540515e-02 (0.00 s).
Cholesky vectors no    63 -    68 computed, error is 6.019713e-02 (0.06 s).
Cholesky vectors no    69 -    69 computed, error is 5.065792e-02 (0.00 s).
Cholesky vectors no    70 -    97 computed, error is 4.823800e-02 (0.01 s).
Cholesky vectors no    98 -   107 computed, error is 3.087566e-02 (0.00 s).
Cholesky vectors no   108 -   122 computed, error is 3.056709e-02 (0.01 s).
Cholesky vectors no   123 -   137 computed, error is 2.036880e-02 (0.00 s).
Cholesky vectors no   138 -   158 computed, error is 9.607461e-03 (0.01 s).
Cholesky vectors no   159 -   161 computed, error is 6.939990e-03 (0.00 s).
Cholesky vectors no   162 -   176 computed, error is 6.145470e-03 (0.01 s).
Cholesky vectors no   177 -   186 computed, error is 6.011318e-03 (0.01 s).
Cholesky vectors no   187 -   196 computed, error is 5.779809e-03 (0.00 s).
Cholesky vectors no   197 -   199 computed, error is 3.258287e-03 (0.01 s).
Cholesky vectors no   200 -   200 computed, error is 3.177679e-03 (0.02 s).
Cholesky vectors no   201 -   221 computed, error is 2.970382e-03 (0.12 s).
Cholesky vectors no   222 -   226 computed, error is 2.864730e-03 (0.00 s).
Cholesky vectors no   227 -   227 computed, error is 1.761256e-03 (0.00 s).
Cholesky vectors no   228 -   230 computed, error is 1.753597e-03 (0.01 s).
Cholesky vectors no   231 -   233 computed, error is 1.524374e-03 (0.04 s).
Cholesky vectors no   234 -   243 computed, error is 1.159081e-03 (0.11 s).
Cholesky vectors no   244 -   244 computed, error is 5.782143e-04 (0.02 s).
Cholesky vectors no   245 -   247 computed, error is 4.284742e-04 (0.00 s).
Cholesky vectors no   248 -   250 computed, error is 3.467934e-04 (0.00 s).
Cholesky vectors no   251 -   255 computed, error is 3.129013e-04 (0.00 s).
Cholesky vectors no   256 -   288 computed, error is 2.550065e-04 (0.26 s).
Cholesky vectors no   289 -   321 computed, error is 1.198392e-04 (0.04 s).
Cholesky vectors no   322 -   331 computed, error is 5.530431e-05 (0.00 s).
Cholesky vectors no   332 -   332 computed, error is 3.370792e-05 (0.00 s).
Cholesky vectors no   333 -   353 computed, error is 3.221855e-05 (0.01 s).
Cholesky vectors no   354 -   356 computed, error is 2.676328e-05 (0.00 s).
Cholesky vectors no   357 -   377 computed, error is 1.906448e-05 (0.03 s).
Cholesky vectors no   378 -   392 computed, error is 1.824333e-05 (0.00 s).
Cholesky vectors no   393 -   395 computed, error is 1.783788e-05 (0.00 s).
Cholesky vectors no   396 -   403 computed, error is 1.355759e-05 (0.01 s).
Cholesky vectors no   404 -   411 computed, error is 8.402017e-06 (0.01 s).
Cholesky vectors no   412 -   419 computed, error is 5.822693e-06 (0.00 s).
Cholesky vectors no   420 -   420 computed, error is 5.654967e-06 (0.02 s).
Cholesky vectors no   421 -   433 computed, error is 5.264349e-06 (0.03 s).
Cholesky vectors no   434 -   440 computed, error is 5.007514e-06 (0.01 s).
Cholesky vectors no   441 -   445 computed, error is 4.494903e-06 (0.00 s).
Cholesky vectors no   446 -   450 computed, error is 4.169881e-06 (0.00 s).
Cholesky vectors no   451 -   451 computed, error is 4.155895e-06 (0.00 s).
Cholesky vectors no   452 -   452 computed, error is 2.798322e-06 (0.00 s).
Cholesky vectors no   453 -   466 computed, error is 2.266388e-06 (0.03 s).
Cholesky vectors no   467 -   480 computed, error is 1.391112e-06 (0.03 s).
Cholesky vectors no   481 -   494 computed, error is 1.135302e-06 (0.02 s).
Cholesky vectors no   495 -   505 computed, error is 8.606279e-07 (0.02 s).
Cholesky vectors no   506 -   516 computed, error is 8.129739e-07 (0.09 s).
Cholesky vectors no   517 -   519 computed, error is 5.733642e-07 (0.04 s).
Cholesky vectors no   520 -   522 computed, error is 5.476731e-07 (0.01 s).
Cholesky vectors no   523 -   545 computed, error is 5.364111e-07 (0.16 s).
Cholesky vectors no   546 -   548 computed, error is 4.932307e-07 (0.00 s).
Cholesky vectors no   549 -   571 computed, error is 3.596963e-07 (0.03 s).
Cholesky vectors no   572 -   574 computed, error is 3.233492e-07 (0.01 s).
Cholesky vectors no   575 -   588 computed, error is 3.017884e-07 (0.13 s).
Cholesky vectors no   589 -   591 computed, error is 2.150147e-07 (0.00 s).
Cholesky vectors no   592 -   596 computed, error is 2.052903e-07 (0.00 s).
Cholesky vectors no   597 -   601 computed, error is 1.704863e-07 (0.03 s).
Cholesky vectors no   602 -   611 computed, error is 1.650912e-07 (0.01 s).
Cholesky vectors no   612 -   623 computed, error is 8.879536e-08 (0.02 s).
Cholesky decomposition finished in 2.21 s. Realized memory size is 9 Mi 141 ki.
Time use: integrals 23.7 %, linear algebra 76.3 %.
253 shell pairs out of 253 are significant.

Initialization of computation done in 2.27 s.


A pure exchange functional used, no exact exchange.
Constructing static nrad=50 lmax=23 XC grid.
Composition of XC grid:
    atom Npoints     Nfuncs
    1 O     8206     415092
    2 H     8401     428020
    3 H     8401     428020
Forming Cholesky Coulomb matrix ... done (0.01 s)
Computing DFT exchange and correlation ... done (0.19 s)
Numerically integrated density is 10.00000 (-0.0000 %).
Solving SCF equations ... done (0.01 s)

Kinetic               energy:  7.5771074761859225e+01
Nuclear attraction    energy: -1.9748813599830726e+02
Total one-electron    energy: -1.2171706123644800e+02
Nuclear repulsion     energy:  9.1892221210306353e+00
Coulomb               energy:  4.5241100244636442e+01
Exchange-correlation  energy: -9.1597070273966548e+00
Non-local correlation energy:  0.0000000000000000e+00
-----------------------------------------------------
                Total energy: -7.6446445898177586e+01
               Virial factor:  1.0089133107645758e+00

Dipole mu = (-0.00000000, -0.00000000,  0.00000057) D

HOMO-LUMO gap is    0.43 eV. Orbital energies:
     -19.0955*      -1.0868*      -0.6014*      -0.4851*      -0.4084*
      -0.0245        0.0449        0.2948        0.3412        0.4079 
       0.4735        0.5360        0.5517        0.6094        0.6997 
       0.8063        0.9573        1.2102        1.2307        1.6271 
       1.6493        1.7102        1.7672        1.8190        2.1836 
       2.5216        2.9883        3.1399        3.2229        3.2297 
       3.3260        3.4796        3.5762        3.6199        3.6430 
       3.6560        3.6594        3.9536        3.9773        4.1768 
       4.2113        4.4601        4.6600        4.7170        4.9692 
       5.4771        6.0101        6.1986        6.1994        6.3175 
       6.4282        6.4895        6.4906        6.6838        6.8233 
       7.1903        7.6606       12.0511 
Used exchange functional is mgga_x_tpss, 'Tao, Perdew, Staroverov & Scuseria', defined in the reference(s):
J. Tao, J. P. Perdew, V. N. Staroverov, and G. E. Scuseria, Phys. Rev. Lett. 91, 146401 (2003) (DOI 10.1103/PhysRevLett.91.146401)
J. P. Perdew, J. Tao, V. N. Staroverov, and G. E. Scuseria, J. Chem. Phys. 120, 6898 (2004) (DOI 10.1063/1.1665298)

Used correlation functional is mgga_c_tpss, 'Tao, Perdew, Staroverov & Scuseria', defined in the reference(s):
J. Tao, J. P. Perdew, V. N. Staroverov, and G. E. Scuseria, Phys. Rev. Lett. 91, 146401 (2003) (DOI 10.1103/PhysRevLett.91.146401)
J. P. Perdew, J. Tao, V. N. Staroverov, and G. E. Scuseria, J. Chem. Phys. 120, 6898 (2004) (DOI 10.1063/1.1665298)

HOMO-LUMO gap is   10.45 eV. Energies of lowest lying orbitals:
     -19.0955*      -1.0868*      -0.6014*      -0.4851*      -0.4084*
      -0.0245        0.0449        0.2948        0.3412        0.4079 

A pure exchange functional used, no exact exchange.
Constructing static nrad=50 lmax=23 XC grid.
Composition of XC grid:
    atom Npoints     Nfuncs
    1 O     8206     415092
    2 H     8401     428020
    3 H     8401     428020

 ******* Iteration    1 ********
Forming Cholesky Coulomb matrix ... done (0.01 s)
Computing DFT exchange and correlation ... done (0.17 s)
Numerically integrated density is 10.00000 (-0.0000 %).
ADIIS weights
 1.00e+00 
CDIIS weights
 1.00e+00 
 DIIS weights
 1.00e+00 

Solving SCF equations ... done (0.10 s)

Total energy                  : -7.6376503648893888e+01
DIIS error                    :  2.357315e-01
Energy change                 : -7.637650e+01
Max total density change      :  4.104982e-01
Max rms   density change      :  1.719565e-02
Dipole mu = ( 0.00000000,  0.00000006,  0.07439958) D

Iteration took 0.27 s.

 ******* Iteration    2 ********
Forming Cholesky Coulomb matrix ... done (0.00 s)
Computing DFT exchange and correlation ... done (0.21 s)
Numerically integrated density is 10.00000 (+0.0000 %).
ADIIS weights
 7.25e-01  2.75e-01 
CDIIS weights
 6.42e-01  3.58e-01 
 DIIS weights
 7.25e-01  2.75e-01 

Solving SCF equations ... done (0.04 s)

Total energy                  : -7.6188211559177176e+01
DIIS error                    :  4.633677e-01
Energy change                 :  1.882921e-01
Max total density change      :  2.003358e-01
Max rms   density change      :  8.379851e-03
Dipole mu = ( 0.00000000,  0.00000003, -1.51961165) D

Iteration took 0.27 s.

 ******* Iteration    3 ********
Forming Cholesky Coulomb matrix ... done (0.02 s)
Computing DFT exchange and correlation ... done (0.21 s)
Numerically integrated density is 10.00000 (-0.0000 %).
ADIIS weights
 1.48e-01  7.77e-15  8.52e-01 
CDIIS weights
 2.05e-01 -8.39e-02  8.79e-01 
 DIIS weights
 1.48e-01  7.77e-15  8.52e-01 

Solving SCF equations ... done (0.02 s)

Total energy                  : -7.6447644462719225e+01
DIIS error                    :  1.007796e-01
Energy change                 : -2.594329e-01
Max total density change      :  1.142803e-01
Max rms   density change      :  4.625360e-03
Dipole mu = ( 0.00000000,  0.00000002, -2.15248348) D

Iteration took 0.31 s.

 ******* Iteration    4 ********
Forming Cholesky Coulomb matrix ... done (0.02 s)
Computing DFT exchange and correlation ... done (0.22 s)
Numerically integrated density is 10.00000 (-0.0000 %).
ADIIS weights
 6.31e-15  2.58e-14  4.23e-01  5.77e-01 
CDIIS weights
 1.40e-02 -2.24e-02  5.29e-01  4.79e-01 
 DIIS weights
 6.31e-15  2.58e-14  4.23e-01  5.77e-01 

Solving SCF equations ... done (0.01 s)

Total energy                  : -7.6451726643054869e+01
DIIS error                    :  8.146432e-02
Energy change                 : -4.082180e-03
Max total density change      :  5.766084e-02
Max rms   density change      :  2.330296e-03
Dipole mu = ( 0.00000000,  0.00000003, -1.85036201) D

Iteration took 0.25 s.

 ******* Iteration    5 ********
Forming Cholesky Coulomb matrix ... done (0.00 s)
Computing DFT exchange and correlation ... done (0.20 s)
Numerically integrated density is 10.00000 (-0.0000 %).
ADIIS weights
 5.46e-15  7.25e-15  7.96e-14  3.07e-13  1.00e+00 
CDIIS weights
-8.19e-03 -2.66e-03  4.05e-02  1.48e-01  8.22e-01 
 DIIS weights
-8.19e-03 -2.66e-03  4.05e-02  1.48e-01  8.22e-01 

Solving SCF equations ... done (0.12 s)

Total energy                  : -7.6460120092875016e+01
DIIS error                    :  9.034782e-03
Energy change                 : -8.393450e-03
Max total density change      :  5.713438e-03
Max rms   density change      :  2.309569e-04
Dipole mu = ( 0.00000000,  0.00000003, -1.87444881) D

Iteration took 0.40 s.

 ******* Iteration    6 ********
Forming Cholesky Coulomb matrix ... done (0.02 s)
Computing DFT exchange and correlation ... done (0.17 s)
Numerically integrated density is 10.00000 (-0.0000 %).
ADIIS weights
 1.17e-13  2.19e-14  1.92e-12  7.63e-12  4.45e-09  1.00e+00 
CDIIS weights
-1.98e-04  5.92e-04 -1.67e-02  1.98e-03  1.70e-01  8.44e-01 
 DIIS weights
-1.98e-04  5.92e-04 -1.67e-02  1.98e-03  1.70e-01  8.44e-01 

Solving SCF equations ... done (0.00 s)

Total energy                  : -7.6460217961519263e+01
DIIS error                    :  1.412620e-04
Energy change                 : -9.786864e-05
Max total density change      :  8.904268e-05
Max rms   density change      :  5.394342e-06
Dipole mu = ( 0.00000000,  0.00000003, -1.87582635) D

Iteration took 0.19 s.

 ******* Iteration    7 ********
Forming Cholesky Coulomb matrix ... done (0.01 s)
Computing DFT exchange and correlation ... done (0.19 s)
Numerically integrated density is 10.00000 (-0.0000 %).
ADIIS weights
 3.25e-13  5.70e-14  3.67e-14  1.40e-12  2.89e-12  2.34e-07  1.00e+00 
CDIIS weights
 1.75e-05  5.51e-05 -9.03e-04 -4.60e-04  4.71e-03  5.23e-02  9.44e-01 
 DIIS weights
 1.75e-05  5.51e-05 -9.03e-04 -4.60e-04  4.71e-03  5.23e-02  9.44e-01 

Solving SCF equations ... done (0.00 s)

Total energy                  : -7.6460218015333112e+01
DIIS error                    :  9.236844e-06
Energy change                 : -5.381385e-08
Max total density change      :  7.079219e-06
Max rms   density change      :  3.074681e-07
Dipole mu = ( 0.00000000,  0.00000003, -1.87572645) D

Iteration took 0.21 s.

 ******* Iteration    8 ********
Forming Cholesky Coulomb matrix ... done (0.00 s)
Computing DFT exchange and correlation ... done (0.18 s)
Numerically integrated density is 10.00000 (-0.0000 %).
ADIIS weights
 8.79e-14  1.85e-14  3.74e-14  4.10e-12  1.65e-10  2.75e-05  5.03e-01  4.97e-01 
CDIIS weights
 3.80e-06  1.08e-06 -2.71e-06 -4.56e-05 -2.78e-04 -1.07e-03  4.80e-02  9.53e-01 
 DIIS weights
 3.80e-06  1.08e-06 -2.71e-06 -4.56e-05 -2.78e-04 -1.07e-03  4.80e-02  9.53e-01 

Solving SCF equations ... done (0.00 s)

Total energy                  : -7.6460218015572849e+01
DIIS error                    :  2.685610e-07
Energy change                 : -2.397371e-10
Max total density change      :  3.670686e-07
Max rms   density change      :  1.792415e-08
Dipole mu = ( 0.00000000,  0.00000003, -1.87572945) D

Iteration took 0.19 s.

 ******* Convergence achieved ********
Solution of RDFT took 2.23 s.

Kinetic               energy:  7.6159031906368128e+01
Nuclear attraction    energy: -1.9929964863484639e+02
Total one-electron    energy: -1.2314061672847828e+02
Nuclear repulsion     energy:  9.1892221210306353e+00
Coulomb               energy:  4.6845666632813121e+01
Exchange-correlation  energy: -9.3544900409383374e+00
Non-local correlation energy:  0.0000000000000000e+00
-----------------------------------------------------
                Total energy: -7.6460218015572849e+01
               Virial factor:  1.0039546998125581e+00

Dipole mu = ( 0.00000000,  0.00000003, -1.87572945) D

HOMO-LUMO gap is    7.40 eV. Orbital energies:
     -18.8732*      -0.9403*      -0.4773*      -0.3335*      -0.2541*
       0.0177        0.0895        0.3472        0.3948        0.4797 
       0.5617        0.6069        0.6072        0.6618        0.7554 
       0.8952        0.9966        1.2663        1.2917        1.7375 
       1.7592        1.7848        1.8686        1.9299        2.2496 
       2.6104        3.0411        3.1839        3.2758        3.3543 
       3.3601        3.5475        3.5822        3.6540        3.6855 
       3.6960        3.7675        3.9945        4.0228        4.2438 
       4.2805        4.5144        4.7530        4.8301        5.0932 
       5.6162        6.1352        6.3783        6.3826        6.4774 
       6.5653        6.6120        6.6569        6.8216        6.9748 
       7.3439        7.7831       12.1783 

Mulliken charges
   1 O           -0.429562
   2 H            0.214781
   3 H            0.214781
Sum of Mulliken charges -1.532108e-14

Electron density at nuclei
   1 O          298.192450
   2 H            0.426847
   3 H            0.426847

Running program took 7.72 s.
Current time is Sat 22 Sep 2018 22:39:47.
