Basis set cc-pVTZ found in file cc-pVTZ.gbs in /usr/share/erkale/basis/.


Current Settings used by ERKALE:
     AtomGuess      	                Auto	Method used for atomic guess (Auto for same as method)
     Basis          	             cc-pVTZ	Basis set used in calculation
     BasisCutoff    	           1.000e-08	Cutoff for dropping out small primitives from contraction
     BasisOrth      	                Auto	Method of orthonormalization of basis set
     BasisRotate    	                true	Rotate basis set to remove redundant functions?
     C1-DIIS        	               false	Use older version of DIIS (C1-DIIS instead of C2-DIIS)?
     Charge         	                   0	Total charge of system
     DIISEps        	           1.000e-01	Start mixing in DIIS when error is
     DIISOrder      	                  10	How many DIIS iterations to keep in memory?
     DIISThr        	           1.000e-02	DIIS error threshold for DIIS updates
     DecFock        	               false	Use decontracted basis to calculate Fock matrix (direct HF)
     Decontract     	                    	Indices of atoms to decontract basis set for
     DeltaEmax      	           1.000e-06	Maximum allowed change of energy
     DeltaPmax      	           1.000e-06	Maximum allowed maximum difference of density matrix
     DeltaPrms      	           1.000e-08	Maximum allowed RMS difference of density matrix
     DensityFitting 	               false	Use density fitting / RI?
     Direct         	               false	Calculate two-electron integrals (or density fitting) on-the-fly?
     EField         	         0.0 0.0 0.0	Electric field
     FittingBasis   	                Auto	Basis to use for density fitting / RI (Auto for automatic)
     FittingMemory  	                1000	Amount of memory in MB to use for exchange fitting
     FittingThreshold	           1.000e-08	Linear dependence threshold for Coulomb integrals in density fitting
     ForcePol       	               false	Force polarized calculation
     FreezeCore     	               false	Freeze the atomic cores?
     Guess          	              Atomic	Used guess: atomic (default), core, or GWH
     LineSearch     	               false	Do line search in level shift (EXPENSIVE!)
     LoadChk        	                    	File to load old results from
     Logfile        	          H2O_tz.log	File to print out full information, stdout for screen
     MaxIter        	                 100	Maximum number of iterations in SCF cycle
     Method         	                  HF	Method used in calculation (HF or a DFT functional)
     Multiplicity   	                   1	Spin multiplicity
     Occupancies    	                    	Orbital occupancies
     SaveChk        	          H2O_tz.chk	File to use as checkpoint
     ShPairThr      	           1.000e-14	Threshold for shell pair screening, (ij|ij)<thr
     Shift          	           0.000e+00	Level shift to use in Hartree
     StrictIntegrals	               false	Use strict integrals?
     System         	             H2O.xyz	System as an xyz file
     UseADIIS       	                true	Use ADIIS for Fock matrix interpolation?
     UseBroyden     	               false	Use Broyden mixing of Fock matrices?
     UseDIIS        	                true	Use Pulay's Direct Inversion in the Iterative Subspace?
     UseLM          	                true	Use a spherical harmonics basis set by default?
     UseTRDSM       	               false	Use Trust-Region DSM?
     UseTRRH        	               false	Use Trust-Region Roothaan-Hall?
     Verbose        	                true	Verbose calculation?

Performing HF guess for atoms:
	1  (0.05 s)
	2 3  (0.01 s)
Diagonalizing density matrix ... done (0.00 s)
Atomic guess formed in 0.06 s.

There are 22 shells and 3 nuclei in the basis set.

List of nuclei, geometry in Ångström with three decimal places:
		 Z	    x	    y	    z
1	O	 8	  0.000	  0.000	  0.118
2	H	 1	  0.000	  0.755	 -0.471
3	H	 1	  0.000	 -0.755	 -0.471

List of basis functions:
Shell    1	S cart shell at nucleus   1 with with basis functions    1-1   
Shell    2	S cart shell at nucleus   1 with with basis functions    2-2   
Shell    3	S cart shell at nucleus   1 with with basis functions    3-3   
Shell    4	S cart shell at nucleus   1 with with basis functions    4-4   
Shell    5	P cart shell at nucleus   1 with with basis functions    5-7   
Shell    6	P cart shell at nucleus   1 with with basis functions    8-10  
Shell    7	P cart shell at nucleus   1 with with basis functions   11-13  
Shell    8	D  sph shell at nucleus   1 with with basis functions   14-18  
Shell    9	D  sph shell at nucleus   1 with with basis functions   19-23  
Shell   10	F  sph shell at nucleus   1 with with basis functions   24-30  
Shell   11	S cart shell at nucleus   2 with with basis functions   31-31  
Shell   12	S cart shell at nucleus   2 with with basis functions   32-32  
Shell   13	S cart shell at nucleus   2 with with basis functions   33-33  
Shell   14	P cart shell at nucleus   2 with with basis functions   34-36  
Shell   15	P cart shell at nucleus   2 with with basis functions   37-39  
Shell   16	D  sph shell at nucleus   2 with with basis functions   40-44  
Shell   17	S cart shell at nucleus   3 with with basis functions   45-45  
Shell   18	S cart shell at nucleus   3 with with basis functions   46-46  
Shell   19	S cart shell at nucleus   3 with with basis functions   47-47  
Shell   20	P cart shell at nucleus   3 with with basis functions   48-50  
Shell   21	P cart shell at nucleus   3 with with basis functions   51-53  
Shell   22	D  sph shell at nucleus   3 with with basis functions   54-58  

Basis set contains 58 functions, maximum angular momentum is 3.
Spherical harmonic Gaussians are used by default, there are 65 cartesians.

Forming overlap matrix ... done (0.00 s)
Forming kinetic energy matrix ... done (0.00 s)
Forming nuclear attraction matrix ... done (0.00 s)

Smallest eigenvalue of overlap matrix is 2.53e-03, ratio to largest is 4.80e-04.
Using symmetric orthogonalization.
Basis set diagonalized in 0.00 s.

Forming table of 11716928 ERIs, requiring 11 Mi 178 ki of memory ... done (0.07 s)

Initialization of computation done in 0.07 s.

HOMO-LUMO gap is    5.89 eV. Energies of lowest lying states:
   -20.768061*    -1.456692*    -0.716166*    -0.716166*    -0.716166*
    -0.499810     -0.499810      0.348764      0.348764      0.697523 

 ******* Iteration    1 ********
Forming HF Coulomb and exchange matrices ... done (0.02 s)
ADIIS weights
 1.00e+00 
CDIIS weights
 1.00e+00 
 DIIS weights
 1.00e+00 

Solving SCF equations ... done (0.00 s)
HOMO-LUMO gap is   17.64 eV. Energies of lowest lying states:
   -20.507422*    -1.352544*    -0.755856*    -0.583983*    -0.536212*
     0.112046      0.184346      0.501997      0.542985      0.651748 

Dipole:	x		y		z		dipole change
	 0.00000000	 0.00000000	-0.66677586	 6.667759e-01
Energy:	electronic	total		virial		energy change
	-84.95536447	-75.76614223	 0.99058039	-75.7661
	kinetic		nuclear		Coulomb		Exchange
	 76.48661603	-199.19827901	 46.66197307	-8.90567457
Errors:	Max dens	RMS dens	DIIS
	 6.608105e-02	 5.032653e-03	 4.528763e-01

Iteration took 0.02 s.

 ******* Iteration    2 ********
Forming HF Coulomb and exchange matrices ... done (0.02 s)
ADIIS weights
 3.56e-30  1.00e+00 
CDIIS weights
 5.30e-03  9.95e-01 
 DIIS weights
 2.49e-03  9.98e-01 

Solving SCF equations ... done (0.00 s)
HOMO-LUMO gap is   18.14 eV. Energies of lowest lying states:
   -20.592276*    -1.347645*    -0.716669*    -0.595806*    -0.522552*
     0.144066      0.204465      0.539913      0.603996      0.661269 

Dipole:	x		y		z		dipole change
	 0.00000000	 0.00000000	-0.80629778	 1.395219e-01
Energy:	electronic	total		virial		energy change
	-85.23642979	-76.04720754	 1.00444487	-0.281065
	kinetic		nuclear		Coulomb		Exchange
	 75.71068339	-198.64187698	 46.62129933	-8.92653553
Errors:	Max dens	RMS dens	DIIS
	 1.522037e-02	 7.803979e-04	 5.767497e-02

Iteration took 0.02 s.

 ******* Iteration    3 ********
Forming HF Coulomb and exchange matrices ... done (0.02 s)
ADIIS weights
 3.08e-19  1.59e-18  1.00e+00 
CDIIS weights
-1.43e-02 -3.15e-02  1.05e+00 
 DIIS weights
-1.27e-02 -2.79e-02  1.04e+00 

Solving SCF equations ... done (0.00 s)
HOMO-LUMO gap is   17.43 eV. Energies of lowest lying states:
   -20.527899*    -1.335597*    -0.701794*    -0.570443*    -0.497194*
     0.143510      0.205035      0.545539      0.605176      0.670984 

Dipole:	x		y		z		dipole change
	 0.00000000	-0.00000000	-0.78483428	-2.146351e-02
Energy:	electronic	total		virial		energy change
	-85.24542385	-76.05620161	 0.99960969	-0.00899407
	kinetic		nuclear		Coulomb		Exchange
	 76.08589847	-199.30177986	 46.94136402	-8.97090649
Errors:	Max dens	RMS dens	DIIS
	 7.769982e-03	 4.241975e-04	 2.022432e-02

Iteration took 0.02 s.

 ******* Iteration    4 ********
Forming HF Coulomb and exchange matrices ... done (0.02 s)
ADIIS weights
 3.46e-16  8.93e-14  5.54e-10  1.00e+00 
CDIIS weights
-1.76e-03 -6.42e-02  2.75e-01  7.91e-01 
 DIIS weights
-1.76e-03 -6.42e-02  2.75e-01  7.91e-01 

Solving SCF equations ... done (0.00 s)
HOMO-LUMO gap is   17.65 eV. Energies of lowest lying states:
   -20.559258*    -1.346823*    -0.709716*    -0.579590*    -0.506505*
     0.142002      0.204007      0.542978      0.602943      0.667604 

Dipole:	x		y		z		dipole change
	 0.00000000	-0.00000000	-0.79838098	 1.354670e-02
Energy:	electronic	total		virial		energy change
	-85.24617054	-76.05694829	 1.00188690	-0.000746681
	kinetic		nuclear		Coulomb		Exchange
	 75.91370650	-198.94598563	 46.73368465	-8.94757605
Errors:	Max dens	RMS dens	DIIS
	 2.237325e-03	 1.087711e-04	 7.054176e-03

Iteration took 0.02 s.

 ******* Iteration    5 ********
Forming HF Coulomb and exchange matrices ... done (0.02 s)
ADIIS weights
 3.38e-17  5.80e-13  4.38e-11  5.66e-08  1.00e+00 
CDIIS weights
 8.83e-04 -9.36e-03 -6.45e-02  7.02e-02  1.00e+00 
 DIIS weights
 8.83e-04 -9.36e-03 -6.45e-02  7.02e-02  1.00e+00 

Solving SCF equations ... done (0.00 s)
HOMO-LUMO gap is   17.60 eV. Energies of lowest lying states:
   -20.554912*    -1.345579*    -0.708525*    -0.578308*    -0.504613*
     0.142145      0.204117      0.543320      0.603381      0.668083 

Dipole:	x		y		z		dipole change
	 0.00000000	 0.00000000	-0.79920721	 8.262347e-04
Energy:	electronic	total		virial		energy change
	-85.24631436	-76.05709212	 1.00056561	-0.000143828
	kinetic		nuclear		Coulomb		Exchange
	 76.01409758	-199.13369220	 46.83307086	-8.95979060
Errors:	Max dens	RMS dens	DIIS
	 8.690424e-04	 3.791947e-05	 2.237002e-03

Iteration took 0.02 s.

 ******* Iteration    6 ********
Forming HF Coulomb and exchange matrices ... done (0.02 s)
ADIIS weights
 1.68e-15  2.50e-12  4.74e-11  9.08e-09  1.08e-05  1.00e+00 
CDIIS weights
-1.68e-04  3.08e-03  1.08e-02 -2.50e-02 -2.23e-01  1.23e+00 
 DIIS weights
-1.68e-04  3.08e-03  1.08e-02 -2.50e-02 -2.23e-01  1.23e+00 

Solving SCF equations ... done (0.00 s)
HOMO-LUMO gap is   17.60 eV. Energies of lowest lying states:
   -20.555052*    -1.345629*    -0.708662*    -0.578368*    -0.504577*
     0.142123      0.204076      0.543278      0.603318      0.668064 

Dipole:	x		y		z		dipole change
	 0.00000000	 0.00000000	-0.79934109	 1.338747e-04
Energy:	electronic	total		virial		energy change
	-85.24632060	-76.05709835	 1.00070033	-6.23659e-06
	kinetic		nuclear		Coulomb		Exchange
	 76.00387020	-199.11194355	 46.82005871	-8.95830596
Errors:	Max dens	RMS dens	DIIS
	 9.971279e-05	 4.854145e-06	 1.595308e-04

Iteration took 0.02 s.

 ******* Iteration    7 ********
Forming HF Coulomb and exchange matrices ... done (0.02 s)
ADIIS weights
 8.33e-18  8.92e-16  5.87e-11  1.16e-08  1.06e-05  3.93e-02  9.61e-01 
CDIIS weights
 3.65e-05 -8.10e-04 -2.49e-03  6.81e-03  5.60e-02 -4.38e-01  1.38e+00 
 DIIS weights
 3.65e-05 -8.10e-04 -2.49e-03  6.81e-03  5.60e-02 -4.38e-01  1.38e+00 

Solving SCF equations ... done (0.00 s)
HOMO-LUMO gap is   17.60 eV. Energies of lowest lying states:
   -20.555051*    -1.345622*    -0.708672*    -0.578376*    -0.504558*
     0.142125      0.204074      0.543280      0.603324      0.668061 

Dipole:	x		y		z		dipole change
	 0.00000000	-0.00000000	-0.79937244	 3.135514e-05
Energy:	electronic	total		virial		energy change
	-85.24632068	-76.05709843	 1.00070139	-7.53257e-08
	kinetic		nuclear		Coulomb		Exchange
	 76.00379037	-199.11187760	 46.82005811	-8.95829156
Errors:	Max dens	RMS dens	DIIS
	 1.982127e-05	 9.835996e-07	 3.208490e-05

Iteration took 0.02 s.

 ******* Iteration    8 ********
Forming HF Coulomb and exchange matrices ... done (0.02 s)
ADIIS weights
 3.50e-15  6.06e-14  4.37e-11  1.28e-09  1.10e-05  2.23e-02  4.98e-01  4.80e-01 
CDIIS weights
-5.68e-06  1.41e-04  3.83e-04 -1.02e-03 -9.80e-03  8.50e-02 -3.68e-01  1.29e+00 
 DIIS weights
-5.68e-06  1.41e-04  3.83e-04 -1.02e-03 -9.80e-03  8.50e-02 -3.68e-01  1.29e+00 

Solving SCF equations ... done (0.00 s)
HOMO-LUMO gap is   17.60 eV. Energies of lowest lying states:
   -20.555047*    -1.345619*    -0.708672*    -0.578374*    -0.504552*
     0.142125      0.204073      0.543281      0.603324      0.668062 

Dipole:	x		y		z		dipole change
	 0.00000000	 0.00000000	-0.79937614	 3.698024e-06
Energy:	electronic	total		virial		energy change
	-85.24632068	-76.05709843	 1.00070171	-3.34983e-09
	kinetic		nuclear		Coulomb		Exchange
	 76.00376604	-199.11188670	 46.82009180	-8.95829182
Errors:	Max dens	RMS dens	DIIS
	 2.511528e-06	 1.345355e-07	 5.477130e-06

Iteration took 0.03 s.

 ******* Iteration    9 ********
Forming HF Coulomb and exchange matrices ... done (0.02 s)
ADIIS weights
 1.35e-16  4.95e-14  4.91e-13  1.19e-10  3.13e-06  6.75e-03  2.75e-01  3.65e-01  3.53e-01 
CDIIS weights
 7.10e-07 -2.11e-05 -2.88e-05  1.09e-04  1.27e-03 -1.26e-02  6.63e-02 -3.56e-01  1.30e+00 
 DIIS weights
 7.10e-07 -2.11e-05 -2.88e-05  1.09e-04  1.27e-03 -1.26e-02  6.63e-02 -3.56e-01  1.30e+00 

Solving SCF equations ... done (0.00 s)
HOMO-LUMO gap is   17.60 eV. Energies of lowest lying states:
   -20.555047*    -1.345620*    -0.708672*    -0.578374*    -0.504552*
     0.142125      0.204073      0.543281      0.603324      0.668061 

Dipole:	x		y		z		dipole change
	 0.00000000	 0.00000000	-0.79937787	 1.728409e-06
Energy:	electronic	total		virial		energy change
	-85.24632068	-76.05709843	 1.00070198	-8.10587e-11
	kinetic		nuclear		Coulomb		Exchange
	 76.00374518	-199.11185467	 46.82007823	-8.95828942
Errors:	Max dens	RMS dens	DIIS
	 7.825996e-07	 3.779888e-08	 3.599173e-07

Iteration took 0.03 s.

 ******* Iteration   10 ********
Forming HF Coulomb and exchange matrices ... done (0.02 s)
ADIIS weights
 3.56e-11  9.60e-12  1.29e-07  1.96e-05  2.06e-06  8.81e-03  2.14e-01  2.65e-01  2.56e-01  2.56e-01 
CDIIS weights
-9.87e-08  2.91e-06  2.10e-06 -8.85e-06 -1.79e-04  1.79e-03 -1.04e-02  6.96e-02 -3.34e-01  1.27e+00 
 DIIS weights
-9.87e-08  2.91e-06  2.10e-06 -8.85e-06 -1.79e-04  1.79e-03 -1.04e-02  6.96e-02 -3.34e-01  1.27e+00 

Solving SCF equations ... done (0.00 s)
HOMO-LUMO gap is   17.60 eV. Energies of lowest lying states:
   -20.555047*    -1.345620*    -0.708672*    -0.578374*    -0.504552*
     0.142125      0.204073      0.543281      0.603324      0.668061 

Dipole:	x		y		z		dipole change
	 0.00000000	-0.00000000	-0.79937808	 2.104109e-07
Energy:	electronic	total		virial		energy change
	-85.24632068	-76.05709843	 1.00070197	-1.64846e-12
	kinetic		nuclear		Coulomb		Exchange
	 76.00374608	-199.11185743	 46.82008013	-8.95828946
Errors:	Max dens	RMS dens	DIIS
	 9.665545e-08	 5.224922e-09	 5.204215e-08

Iteration took 0.03 s.

 ******* Iteration   11 ********
Forming HF Coulomb and exchange matrices ... done (0.02 s)
ADIIS weights
 8.01e-15  2.21e-11  2.00e-09  6.45e-10  2.52e-05  1.88e-01  2.04e-01  2.03e-01  2.03e-01  2.03e-01 
CDIIS weights
-2.68e-07  1.45e-06 -1.90e-06  7.80e-06 -1.63e-04  1.64e-03 -1.70e-02  1.01e-01 -5.75e-01  1.49e+00 
 DIIS weights
-2.68e-07  1.45e-06 -1.90e-06  7.80e-06 -1.63e-04  1.64e-03 -1.70e-02  1.01e-01 -5.75e-01  1.49e+00 

Solving SCF equations ... done (0.00 s)
HOMO-LUMO gap is   17.60 eV. Energies of lowest lying states:
   -20.555047*    -1.345620*    -0.708672*    -0.578374*    -0.504552*
     0.142125      0.204073      0.543281      0.603324      0.668061 

Dipole:	x		y		z		dipole change
	 0.00000000	 0.00000000	-0.79937813	 5.502022e-08
Energy:	electronic	total		virial		energy change
	-85.24632068	-76.05709843	 1.00070197	-4.26326e-14
	kinetic		nuclear		Coulomb		Exchange
	 76.00374580	-199.11185704	 46.82007999	-8.95828942
Errors:	Max dens	RMS dens	DIIS
	 9.105959e-09	 8.997014e-10	 1.115964e-08

Iteration took 0.03 s.

 ******* Convergence achieved ********
Dipole moment is (0.000000,0.000000,-2.031816) D, |mu|=2.031816 D.
Solution of RHF took 0.29 s.

Mulliken charges
   1 O           -0.482066
   2 H            0.241033
   3 H            0.241033
Sum of Mulliken charges 2.942091e-14

Electron density at nuclei
   1 O          298.589126
   2 H            0.408698
   3 H            0.408698

Running program took 0.44 s.
Current time is Fri 06 Feb 2015 05:51:42.
