ERKALE - HF/DFT from Hel, OpenMP version, running on 4 cores.
(c) Susi Lehtola, 2010-2016.

This program is free software; you can redistribute it and/or modify
it under the terms of the GNU General Public License as published by
the Free Software Foundation; either version 2 of the License, or
(at your option) any later version.

At svn revision 1938.

Running on host dx7-lehtola.chem.helsinki.fi.

Basis set cc-pVTZ found in file cc-pVTZ.gbs in /home/work/erkale/source/erkale.sap/basis/.

Current Settings used by ERKALE:
     AtomGuess      	                Auto	Method used for atomic guess (Auto for same as method)
     Basis          	             cc-pVTZ	Basis set used in calculation
     BasisCutoff    	           1.000e-08	Cutoff for dropping out small primitives from contraction
     BasisOrth      	                Auto	Method of orthonormalization of basis set
     BasisRotate    	               false	Rotate basis set to remove redundant functions?
     C1-DIIS        	               false	Use older version of DIIS (C1-DIIS instead of C2-DIIS)?
     Charge         	                   0	Total charge of system
     Cholesky       	                true	Use Cholesky decomposition?
     CholeskyMode   	                   0	Save/load integrals? 0 no, 1 save, -1 load
     CholeskyNAFThr 	           0.000e+00	Cholesky natural auxiliary function threshold
     CholeskyShThr  	           1.000e-02	Cholesky cache threshold
     CholeskyThr    	           1.000e-07	Cholesky decomposition threshold
     ConvThr        	           1.000e-06	Orbital gradient convergence threshold
     DFTDelta       	           1.000e+02	Switch to final DFT grid has converged within factor X
     DFTFinalTol    	           1.000e-05	Tolerance of final DFT grid
     DFTGrid        	             50 -194	DFT integration grid to use: nrad lmax or Auto for adaptive
     DFTInitialTol  	           1.000e-04	Tolerance of initial DFT grid
     DFTLobatto     	               false	Use Lobatto quadrature instead of Lebedev quadrature?
     DIISEps        	           1.000e-01	Start mixing in DIIS when error is
     DIISOrder      	                  10	How many DIIS iterations to keep in memory?
     DIISThr        	           1.000e-02	DIIS error threshold for DIIS updates
     DecFock        	               false	Use decontracted basis to calculate Fock matrix (direct HF)
     Decontract     	                    	Indices of atoms to decontract basis set for
     DensityFitting 	               false	Use density fitting / RI?
     DimerSymmetry  	               false	Do special calculation on dimer along z axis
     Direct         	               false	Calculate two-electron integrals (or density fitting) on-the-fly?
     EField         	         0.0 0.0 0.0	Electric field
     FittingBasis   	                Auto	Basis to use for density fitting / RI (Auto for automatic)
     FittingMemory  	                1000	Amount of memory in MB to use for exchange fitting
     FittingThreshold	           1.000e-08	Linear dependence threshold for Coulomb integrals in density fitting
     ForcePol       	               false	Force polarized calculation
     Guess          	              Atomic	Used guess: SAD (default), NO, core, or GWH
     InputBohr      	               false	Use atomic units as input units instead of angstrom?
     IntegralThresh 	           1.000e-14	Integral screening threshold
     LoadChk        	                    	File to load old results from
     Logfile        	 H2O_tz_pbe_cart.log	File to print out full information, stdout for screen
     MaxIter        	                 100	Maximum number of iterations in SCF cycle
     Method         	 gga_x_pbe-gga_c_pbe	Method used in calculation (HF or a DFT functional)
     Multiplicity   	                   1	Spin multiplicity
     NLGrid         	             50 -194	Integration grid to use for nonlocal correlation: nrad lmax
     Occupancies    	                    	Orbital occupancies
     OptLM          	                true	If spherical harmonics used, use cartesian s and p functions?
     PZ             	               false	Perform Perdew-Zunger self-interaction correction?
     PZEthr         	           1.000e-10	Threshold for energy convergence
     PZIthr         	           1.000e-02	Threshold for initialization convergence (not too small!)
     PZNRthr        	           0.000e+00	Threshold for use of NR method in OO optimization
     PZOOthr        	           1.000e-04	Gradient threshold for OO optimization
     PZOVthr        	           1.000e-05	Gradient threshold for OV optimization
     PZimag         	                Auto	Imaginary degrees of freedom in PZ?
     PZiter         	                  20	Max number of iterations in self-consistency iteration
     PZloc          	                Auto	Initial localization before SIC calculation?
     PZlocmet       	                  FB	Initial localization method (recommend FB or IAO)
     PZmode         	                  XC	Apply PZ to the operators (in addition to J): X C D
     PZoo           	                true	Optimize OO block?
     PZov           	                true	Optimize OV block?
     PZprec         	                   1	Precondition OV block? 0: no, 1: unified, 2: orbital
     PZscale        	            Constant	Scaling for PZ: Constant, Density or Kinetic
     PZscaleExp     	           1.000e+00	Exponent in the dynamic scaling equation
     PZseed         	                   0	Seed number for randomized matrices?
     PZstab         	                   0	Stability analysis for PZ-SIC? 1 or -1 for OO, 2 or -2 for OO+OV
     PZstabThr      	           1.000e-03	Instability threshold (interpreted as -thr)
     PZw            	           1.000e+00	Weight for Perdew-Zunger self-interaction correction
     SaveChk        	 H2O_tz_pbe_cart.chk	File to use as checkpoint
     Shift          	           0.000e+00	Level shift to use in Hartree
     StrictIntegrals	               false	Use strict integrals?
     System         	             H2O.xyz	System as an xyz file
     UseADIIS       	                true	Use ADIIS for Fock matrix interpolation?
     UseBroyden     	               false	Use Broyden mixing of Fock matrices?
     UseDIIS        	                true	Use Pulay's Direct Inversion in the Iterative Subspace?
     UseLM          	               false	Use a spherical harmonics basis set by default?
     UseTRRH        	               false	Use Trust-Region Roothaan-Hall?
     VV10           	                Auto	Use VV10 non-local correlation?
     VV10Pars       	                    	VV10 parameters: b C
     Verbose        	                true	Verbose calculation?

Performing gga_x_pbe-gga_c_pbe guess for atoms:
O : 1 (0.90 s)
H : 2 3 (0.34 s)
Atomic guess formed in 1.24 s.

There are 22 shells and 3 nuclei in the basis set.

List of nuclei, geometry in Ångström with three decimal places:
		 Z	    x	    y	    z
1	O	 8	  0.000	  0.000	  0.118
2	H	 1	  0.000	  0.755	 -0.471
3	H	 1	  0.000	 -0.755	 -0.471

Interatomic distance matrix:
          1O    2H 
   2H  0.958
   3H  0.958 1.511

List of basis functions:
Shell    1	S cart shell at nucleus   1 with with basis functions    1-1   
Shell    2	S cart shell at nucleus   1 with with basis functions    2-2   
Shell    3	S cart shell at nucleus   1 with with basis functions    3-3   
Shell    4	S cart shell at nucleus   1 with with basis functions    4-4   
Shell    5	P cart shell at nucleus   1 with with basis functions    5-7   
Shell    6	P cart shell at nucleus   1 with with basis functions    8-10  
Shell    7	P cart shell at nucleus   1 with with basis functions   11-13  
Shell    8	D cart shell at nucleus   1 with with basis functions   14-19  
Shell    9	D cart shell at nucleus   1 with with basis functions   20-25  
Shell   10	F cart shell at nucleus   1 with with basis functions   26-35  
Shell   11	S cart shell at nucleus   2 with with basis functions   36-36  
Shell   12	S cart shell at nucleus   2 with with basis functions   37-37  
Shell   13	S cart shell at nucleus   2 with with basis functions   38-38  
Shell   14	P cart shell at nucleus   2 with with basis functions   39-41  
Shell   15	P cart shell at nucleus   2 with with basis functions   42-44  
Shell   16	D cart shell at nucleus   2 with with basis functions   45-50  
Shell   17	S cart shell at nucleus   3 with with basis functions   51-51  
Shell   18	S cart shell at nucleus   3 with with basis functions   52-52  
Shell   19	S cart shell at nucleus   3 with with basis functions   53-53  
Shell   20	P cart shell at nucleus   3 with with basis functions   54-56  
Shell   21	P cart shell at nucleus   3 with with basis functions   57-59  
Shell   22	D cart shell at nucleus   3 with with basis functions   60-65  

Basis set contains 65 functions, maximum angular momentum is 3.
Cartesian Gaussians are used by default.

Forming overlap matrix ... done (0.01 s)
Forming kinetic energy matrix ... done (0.01 s)
Forming nuclear attraction matrix ... done (0.00 s)

Smallest eigenvalue of overlap matrix is 9.07e-04, ratio to largest is 9.61e-05.
Using symmetric orthogonalization.
Basis set diagonalized in 0.02 s.

Computing repulsion integrals.
Screening by shell pairs and symmetry reduced dofs by factor 1.97.
Individual screening reduced dofs by a total factor 1.97.
Computing Cholesky vectors. Estimated memory size is 3 Mi - 10 Mi.
Cholesky vectors no     0 -     0 computed, error is 1.035490e+00 (0.00 s).
Cholesky vectors no     1 -     6 computed, error is 9.493556e-01 (0.01 s).
Cholesky vectors no     7 -    12 computed, error is 7.133925e-01 (0.00 s).
Cholesky vectors no    13 -    27 computed, error is 3.172324e-01 (0.00 s).
Cholesky vectors no    28 -    48 computed, error is 2.666651e-01 (0.06 s).
Cholesky vectors no    49 -    58 computed, error is 2.661629e-01 (0.00 s).
Cholesky vectors no    59 -    68 computed, error is 1.825793e-01 (0.00 s).
Cholesky vectors no    69 -    83 computed, error is 8.225963e-02 (0.01 s).
Cholesky vectors no    84 -    89 computed, error is 8.039234e-02 (0.01 s).
Cholesky vectors no    90 -    95 computed, error is 5.393567e-02 (0.00 s).
Cholesky vectors no    96 -    96 computed, error is 4.610910e-02 (0.00 s).
Cholesky vectors no    97 -   117 computed, error is 2.862668e-02 (0.01 s).
Cholesky vectors no   118 -   120 computed, error is 2.852693e-02 (0.00 s).
Cholesky vectors no   121 -   148 computed, error is 2.474472e-02 (0.05 s).
Cholesky vectors no   149 -   163 computed, error is 2.470108e-02 (0.01 s).
Cholesky vectors no   164 -   178 computed, error is 1.473265e-02 (0.02 s).
Cholesky vectors no   179 -   188 computed, error is 1.374595e-02 (0.00 s).
Cholesky vectors no   189 -   198 computed, error is 1.215811e-02 (0.01 s).
Cholesky vectors no   199 -   204 computed, error is 6.981136e-03 (0.01 s).
Cholesky vectors no   205 -   214 computed, error is 5.241473e-03 (0.00 s).
Cholesky vectors no   215 -   217 computed, error is 3.657184e-03 (0.00 s).
Cholesky vectors no   218 -   218 computed, error is 3.291217e-03 (0.00 s).
Cholesky vectors no   219 -   219 computed, error is 2.972638e-03 (0.00 s).
Cholesky vectors no   220 -   225 computed, error is 1.928485e-03 (0.01 s).
Cholesky vectors no   226 -   235 computed, error is 1.775921e-03 (0.00 s).
Cholesky vectors no   236 -   238 computed, error is 1.775755e-03 (0.00 s).
Cholesky vectors no   239 -   241 computed, error is 1.566324e-03 (0.00 s).
Cholesky vectors no   242 -   244 computed, error is 1.521789e-03 (0.00 s).
Cholesky vectors no   245 -   245 computed, error is 3.467814e-04 (0.00 s).
Cholesky vectors no   246 -   250 computed, error is 2.517444e-04 (0.00 s).
Cholesky vectors no   251 -   286 computed, error is 2.080920e-04 (0.10 s).
Cholesky vectors no   287 -   319 computed, error is 1.991854e-04 (0.09 s).
Cholesky vectors no   320 -   322 computed, error is 1.732721e-04 (0.00 s).
Cholesky vectors no   323 -   325 computed, error is 5.868005e-05 (0.01 s).
Cholesky vectors no   326 -   326 computed, error is 4.533256e-05 (0.00 s).
Cholesky vectors no   327 -   334 computed, error is 3.552137e-05 (0.01 s).
Cholesky vectors no   335 -   342 computed, error is 3.175093e-05 (0.00 s).
Cholesky vectors no   343 -   363 computed, error is 2.719540e-05 (0.03 s).
Cholesky vectors no   364 -   385 computed, error is 2.225624e-05 (0.03 s).
Cholesky vectors no   386 -   400 computed, error is 1.828722e-05 (0.03 s).
Cholesky vectors no   401 -   410 computed, error is 1.384991e-05 (0.01 s).
Cholesky vectors no   411 -   418 computed, error is 8.279859e-06 (0.01 s).
Cholesky vectors no   419 -   421 computed, error is 5.626050e-06 (0.00 s).
Cholesky vectors no   422 -   436 computed, error is 4.391511e-06 (0.01 s).
Cholesky vectors no   437 -   442 computed, error is 4.319230e-06 (0.01 s).
Cholesky vectors no   443 -   452 computed, error is 3.772165e-06 (0.01 s).
Cholesky vectors no   453 -   458 computed, error is 3.543621e-06 (0.01 s).
Cholesky vectors no   459 -   459 computed, error is 3.539201e-06 (0.01 s).
Cholesky vectors no   460 -   460 computed, error is 2.758742e-06 (0.01 s).
Cholesky vectors no   461 -   475 computed, error is 1.984463e-06 (0.07 s).
Cholesky vectors no   476 -   478 computed, error is 1.668961e-06 (0.01 s).
Cholesky vectors no   479 -   481 computed, error is 1.254791e-06 (0.00 s).
Cholesky vectors no   482 -   495 computed, error is 1.161335e-06 (0.02 s).
Cholesky vectors no   496 -   505 computed, error is 7.723996e-07 (0.05 s).
Cholesky vectors no   506 -   508 computed, error is 6.106716e-07 (0.01 s).
Cholesky vectors no   509 -   520 computed, error is 4.917363e-07 (0.18 s).
Cholesky vectors no   521 -   523 computed, error is 4.763124e-07 (0.01 s).
Cholesky vectors no   524 -   524 computed, error is 4.700671e-07 (0.00 s).
Cholesky vectors no   525 -   534 computed, error is 4.282049e-07 (0.12 s).
Cholesky vectors no   535 -   561 computed, error is 3.873556e-07 (0.19 s).
Cholesky vectors no   562 -   576 computed, error is 3.346618e-07 (0.05 s).
Cholesky vectors no   577 -   579 computed, error is 2.715473e-07 (0.01 s).
Cholesky vectors no   580 -   591 computed, error is 2.123949e-07 (0.03 s).
Cholesky vectors no   592 -   597 computed, error is 2.039949e-07 (0.00 s).
Cholesky vectors no   598 -   612 computed, error is 1.791880e-07 (0.03 s).
Cholesky vectors no   613 -   613 computed, error is 1.610115e-07 (0.00 s).
Cholesky vectors no   614 -   619 computed, error is 1.481145e-07 (0.01 s).
Cholesky vectors no   620 -   637 computed, error is 1.305646e-07 (0.06 s).
Cholesky vectors no   638 -   648 computed, error is 8.533570e-08 (0.05 s).
Cholesky decomposition finished in 1.88 s. Realized memory size is 11 Mi 466 ki.
Time use: integrals 16.9 %, linear algebra 83.1 %.
253 shell pairs out of 253 are significant.

Initialization of computation done in 1.97 s.


A pure exchange functional used, no exact exchange.
Constructing static nrad=50 lmax=23 XC grid.
Composition of XC grid:
    atom Npoints     Nfuncs
    1 O     8206     462232
    2 H     8401     477202
    3 H     8401     477202
Forming Cholesky Coulomb matrix ... done (0.01 s)
Computing DFT exchange and correlation ... done (0.16 s)
Numerically integrated density is 10.00000 (-0.0000 %).
Solving SCF equations ... done (0.03 s)

Kinetic               energy:  7.5632462883280567e+01
Nuclear attraction    energy: -1.9729084645856506e+02
Total one-electron    energy: -1.2165838357528443e+02
Nuclear repulsion     energy:  9.1892221210306353e+00
Coulomb               energy:  4.5171968612736642e+01
Exchange-correlation  energy: -9.0629049977015992e+00
Non-local correlation energy:  0.0000000000000000e+00
-----------------------------------------------------
                Total energy: -7.6360097839218753e+01
               Virial factor:  1.0096206698578771e+00

Dipole mu = (-0.00000000,  0.00000000,  0.00000057) D

HOMO-LUMO gap is    0.13 eV. Orbital energies:
     -18.9639*      -1.0683*      -0.5998*      -0.4827*      -0.4084*
      -0.0329        0.0380        0.2722        0.3151        0.3770 
       0.4305        0.5171        0.5217        0.5952        0.5984 
       0.6838        0.9384        1.1301        1.1482        1.5330 
       1.5711        1.5947        1.6154        1.7506        1.7970 
       2.0797        2.2391        2.6646        2.9216        3.0145 
       3.1329        3.1841        3.3481        3.3729        3.4181 
       3.4775        3.5125        3.5182        3.7531        3.8563 
       4.0036        4.0288        4.2670        4.3583        4.3850 
       4.5099        5.0002        5.1100        5.3507        6.0519 
       6.1068        6.1102        6.2101        6.2352        6.3010 
       6.5301        6.5808        6.5992        6.7979        7.2048 
       8.1725        8.2717        9.2455       14.4747       15.6499 
Used exchange functional is gga_x_pbe, 'Perdew, Burke & Ernzerhof', defined in the reference(s):
J. P. Perdew, K. Burke, and M. Ernzerhof, Phys. Rev. Lett. 77, 3865 (1996) (DOI 10.1103/PhysRevLett.77.3865)
J. P. Perdew, K. Burke, and M. Ernzerhof, Phys. Rev. Lett. 78, 1396 (1997) (DOI 10.1103/PhysRevLett.78.1396)

Used correlation functional is gga_c_pbe, 'Perdew, Burke & Ernzerhof', defined in the reference(s):
J. P. Perdew, K. Burke, and M. Ernzerhof, Phys. Rev. Lett. 77, 3865 (1996) (DOI 10.1103/PhysRevLett.77.3865)
J. P. Perdew, K. Burke, and M. Ernzerhof, Phys. Rev. Lett. 78, 1396 (1997) (DOI 10.1103/PhysRevLett.78.1396)

HOMO-LUMO gap is   10.22 eV. Energies of lowest lying orbitals:
     -18.9639*      -1.0683*      -0.5998*      -0.4827*      -0.4084*
      -0.0329        0.0380        0.2722        0.3151        0.3770 

A pure exchange functional used, no exact exchange.
Constructing static nrad=50 lmax=23 XC grid.
Composition of XC grid:
    atom Npoints     Nfuncs
    1 O     8206     462232
    2 H     8401     477202
    3 H     8401     477202

 ******* Iteration    1 ********
Forming Cholesky Coulomb matrix ... done (0.00 s)
Computing DFT exchange and correlation ... done (0.14 s)
Numerically integrated density is 10.00000 (+0.0000 %).
ADIIS weights
 1.00e+00 
CDIIS weights
 1.00e+00 
 DIIS weights
 1.00e+00 

Solving SCF equations ... done (0.01 s)

Total energy                  : -7.6283887769999666e+01
DIIS error                    :  2.328322e-01
Energy change                 : -7.628389e+01
Max total density change      :  4.479783e-01
Max rms   density change      :  1.762340e-02
Dipole mu = (-0.00000000,  0.00000001,  0.35686319) D

Iteration took 0.19 s.

 ******* Iteration    2 ********
Forming Cholesky Coulomb matrix ... done (0.00 s)
Computing DFT exchange and correlation ... done (0.11 s)
Numerically integrated density is 10.00001 (+0.0001 %).
ADIIS weights
 7.47e-01  2.53e-01 
CDIIS weights
 6.61e-01  3.39e-01 
 DIIS weights
 7.47e-01  2.53e-01 

Solving SCF equations ... done (0.01 s)

Total energy                  : -7.6028788172287989e+01
DIIS error                    :  4.916293e-01
Energy change                 :  2.550996e-01
Max total density change      :  2.202609e-01
Max rms   density change      :  9.027518e-03
Dipole mu = (-0.00000000, -0.00000000, -1.45028694) D

Iteration took 0.17 s.

 ******* Iteration    3 ********
Forming Cholesky Coulomb matrix ... done (0.00 s)
Computing DFT exchange and correlation ... done (0.14 s)
Numerically integrated density is 10.00001 (+0.0001 %).
ADIIS weights
 2.13e-01  5.75e-17  7.87e-01 
CDIIS weights
 2.52e-01 -7.44e-02  8.23e-01 
 DIIS weights
 2.13e-01  5.75e-17  7.87e-01 

Solving SCF equations ... done (0.02 s)

Total energy                  : -7.6355325056743268e+01
DIIS error                    :  1.182946e-01
Energy change                 : -3.265369e-01
Max total density change      :  1.247419e-01
Max rms   density change      :  4.624259e-03
Dipole mu = (-0.00000000, -0.00000000, -2.12834798) D

Iteration took 0.18 s.

 ******* Iteration    4 ********
Forming Cholesky Coulomb matrix ... done (0.00 s)
Computing DFT exchange and correlation ... done (0.15 s)
Numerically integrated density is 10.00000 (+0.0000 %).
ADIIS weights
 1.14e-13  5.58e-16  3.18e-01  6.82e-01 
CDIIS weights
 8.76e-03 -2.54e-02  4.62e-01  5.54e-01 
 DIIS weights
 1.14e-13  5.58e-16  3.18e-01  6.82e-01 

Solving SCF equations ... done (0.00 s)

Total energy                  : -7.6367236213512328e+01
DIIS error                    :  7.110948e-02
Energy change                 : -1.191116e-02
Max total density change      :  6.370746e-02
Max rms   density change      :  2.339256e-03
Dipole mu = (-0.00000000, -0.00000000, -1.79690568) D

Iteration took 0.17 s.

 ******* Iteration    5 ********
Forming Cholesky Coulomb matrix ... done (0.00 s)
Computing DFT exchange and correlation ... done (0.16 s)
Numerically integrated density is 10.00000 (+0.0000 %).
ADIIS weights
 8.36e-14  1.98e-15  3.94e-13  9.63e-02  9.04e-01 
CDIIS weights
-6.26e-03 -4.31e-03 -4.26e-03  2.30e-01  7.85e-01 
 DIIS weights
-5.40e-03 -3.72e-03 -3.68e-03  2.11e-01  8.02e-01 

Solving SCF equations ... done (0.26 s)

Total energy                  : -7.6373778493103572e+01
DIIS error                    :  2.240105e-02
Energy change                 : -6.542280e-03
Max total density change      :  1.709926e-02
Max rms   density change      :  6.312275e-04
Dipole mu = (-0.00000000, -0.00000000, -1.88609960) D

Iteration took 0.65 s.

 ******* Iteration    6 ********
Forming Cholesky Coulomb matrix ... done (0.00 s)
Computing DFT exchange and correlation ... done (0.10 s)
Numerically integrated density is 10.00000 (+0.0000 %).
ADIIS weights
 4.36e-13  8.91e-15  3.69e-11  1.12e-11  4.05e-09  1.00e+00 
CDIIS weights
-1.11e-03  1.22e-04 -1.48e-02  1.63e-02  2.31e-01  7.68e-01 
 DIIS weights
-1.11e-03  1.22e-04 -1.48e-02  1.63e-02  2.31e-01  7.68e-01 

Solving SCF equations ... done (0.02 s)

Total energy                  : -7.6374460272123571e+01
DIIS error                    :  3.398773e-03
Energy change                 : -6.817790e-04
Max total density change      :  2.252846e-03
Max rms   density change      :  8.333598e-05
Dipole mu = (-0.00000000, -0.00000000, -1.87500652) D

Iteration took 0.15 s.

 ******* Iteration    7 ********
Forming Cholesky Coulomb matrix ... done (0.00 s)
Computing DFT exchange and correlation ... done (0.11 s)
Numerically integrated density is 10.00000 (+0.0000 %).
ADIIS weights
 3.10e-15  4.99e-15  5.32e-14  4.07e-14  3.59e-12  3.39e-11  1.00e+00 
CDIIS weights
-1.43e-04  4.67e-05 -1.12e-03  2.45e-04  1.68e-02  8.18e-02  9.02e-01 
 DIIS weights
-1.43e-04  4.67e-05 -1.12e-03  2.45e-04  1.68e-02  8.18e-02  9.02e-01 

Solving SCF equations ... done (0.03 s)

Total energy                  : -7.6374476306606795e+01
DIIS error                    :  6.813693e-06
Energy change                 : -1.603448e-05
Max total density change      :  9.705672e-06
Max rms   density change      :  3.930662e-07
Dipole mu = (-0.00000000, -0.00000000, -1.87487874) D

Iteration took 0.15 s.

 ******* Iteration    8 ********
Forming Cholesky Coulomb matrix ... done (0.00 s)
Computing DFT exchange and correlation ... done (0.11 s)
Numerically integrated density is 10.00000 (+0.0000 %).
ADIIS weights
 2.57e-14  1.18e-15  2.47e-13  7.66e-13  7.75e-12  5.78e-09  4.99e-01  5.01e-01 
CDIIS weights
-3.38e-06  3.31e-06 -2.84e-05 -2.63e-05  9.58e-05  3.29e-04  9.88e-02  9.01e-01 
 DIIS weights
-3.38e-06  3.31e-06 -2.84e-05 -2.63e-05  9.58e-05  3.29e-04  9.88e-02  9.01e-01 

Solving SCF equations ... done (0.14 s)

Total energy                  : -7.6374476306871387e+01
DIIS error                    :  1.626958e-06
Energy change                 : -2.645919e-10
Max total density change      :  1.001715e-06
Max rms   density change      :  5.894317e-08
Dipole mu = (-0.00000000, -0.00000000, -1.87488423) D

Iteration took 0.26 s.

 ******* Iteration    9 ********
Forming Cholesky Coulomb matrix ... done (0.00 s)
Computing DFT exchange and correlation ... done (0.10 s)
Numerically integrated density is 10.00000 (+0.0000 %).
ADIIS weights
 5.55e-16  1.15e-15  5.73e-13  5.30e-13  4.14e-12  7.46e-11  3.33e-01  3.34e-01  3.34e-01 
CDIIS weights
-2.79e-07  1.93e-07 -2.18e-06  1.40e-06  6.87e-06 -7.76e-05  6.41e-03  9.07e-02  9.03e-01 
 DIIS weights
-2.79e-07  1.93e-07 -2.18e-06  1.40e-06  6.87e-06 -7.76e-05  6.41e-03  9.07e-02  9.03e-01 

Solving SCF equations ... done (0.03 s)

Total energy                  : -7.6374476306875323e+01
DIIS error                    :  4.124306e-08
Energy change                 : -3.936407e-12
Max total density change      :  9.365666e-08
Max rms   density change      :  2.772659e-09
Dipole mu = (-0.00000000, -0.00000000, -1.87488370) D

Iteration took 0.16 s.

 ******* Convergence achieved ********
Solution of RDFT took 2.20 s.

Kinetic               energy:  7.6013960156109647e+01
Nuclear attraction    energy: -1.9910820175836426e+02
Total one-electron    energy: -1.2309424160225537e+02
Nuclear repulsion     energy:  9.1892221210306353e+00
Coulomb               energy:  4.6784703112619113e+01
Exchange-correlation  energy: -9.2541599382697104e+00
Non-local correlation energy:  0.0000000000000000e+00
-----------------------------------------------------
                Total energy: -7.6374476306875323e+01
               Virial factor:  1.0047427623824003e+00

Dipole mu = (-0.00000000, -0.00000000, -1.87488370) D

HOMO-LUMO gap is    6.95 eV. Orbital energies:
     -18.7412*      -0.9201*      -0.4731*      -0.3294*      -0.2510*
       0.0044        0.0801        0.3246        0.3647        0.4521 
       0.5144        0.5760        0.5856        0.6454        0.6575 
       0.7391        0.9769        1.1889        1.2038        1.5826 
       1.6323        1.7042        1.7243        1.8602        1.9060 
       2.1721        2.3484        2.7909        2.9947        3.0782 
       3.1968        3.2420        3.4228        3.4667        3.5055 
       3.5335        3.5741        3.5760        3.8375        3.9245 
       4.0956        4.1005        4.3273        4.4164        4.4599 
       4.6096        5.1271        5.2344        5.4961        6.1885 
       6.2879        6.2922        6.3538        6.4096        6.4352 
       6.6693        6.7164        6.7433        6.9380        7.3508 
       8.3119        8.3881        9.3558       14.6001       15.8253 

Mulliken charges
   1 O           -0.345316
   2 H            0.172658
   3 H            0.172658
Sum of Mulliken charges -2.553513e-14

Electron density at nuclei
   1 O          297.593828
   2 H            0.427330
   3 H            0.427330

Running program took 5.76 s.
Current time is Sat 22 Sep 2018 22:40:05.
