Basis set cc-pVTZ found in file cc-pVTZ.gbs in /home/work/erkale/source/erkale/basis/.


Current Settings used by ERKALE:
     AtomGuess      	                Auto	Method used for atomic guess (Auto for same as method)
     Basis          	             cc-pVTZ	Basis set used in calculation
     BasisCutoff    	           1.000e-08	Cutoff for dropping out small primitives from contraction
     BasisOrth      	                Auto	Method of orthonormalization of basis set
     BasisRotate    	                true	Rotate basis set to remove redundant functions?
     C1-DIIS        	               false	Use older version of DIIS (C1-DIIS instead of C2-DIIS)?
     Charge         	                   0	Total charge of system
     Cholesky       	               false	Use Cholesky decomposition?
     CholeskyMode   	                   0	Save/load integrals? 0 no, 1 save, -1 load
     CholeskyShThr  	           1.000e-02	Cholesky cache threshold
     CholeskyThr    	           1.000e-07	Cholesky decomposition threshold
     DFTDelta       	           5.000e+03	Switch to final DFT grid, relative to deltaE and deltaP
     DFTDirect      	               false	Save memory by not storing values of basis functions in memory
     DFTFinalTol    	           1.000e-05	Tolerance of final DFT grid
     DFTGrid        	                Auto	DFT integration grid to use: nrad lmax or Auto for adaptive
     DFTInitialTol  	           1.000e-04	Tolerance of initial DFT grid
     DFTLobatto     	               false	Use Lobatto quadrature instead of Lebedev quadrature?
     DIISEps        	           1.000e-01	Start mixing in DIIS when error is
     DIISOrder      	                  10	How many DIIS iterations to keep in memory?
     DIISThr        	           1.000e-02	DIIS error threshold for DIIS updates
     DecFock        	               false	Use decontracted basis to calculate Fock matrix (direct HF)
     Decontract     	                    	Indices of atoms to decontract basis set for
     DeltaEmax      	           1.000e-06	Maximum allowed change of energy
     DeltaPmax      	           1.000e-06	Maximum allowed maximum difference of density matrix
     DeltaPrms      	           1.000e-08	Maximum allowed RMS difference of density matrix
     DensityFitting 	                true	Use density fitting / RI?
     Direct         	               false	Calculate two-electron integrals (or density fitting) on-the-fly?
     EField         	         0.0 0.0 0.0	Electric field
     FittingBasis   	                Auto	Basis to use for density fitting / RI (Auto for automatic)
     FittingMemory  	                1000	Amount of memory in MB to use for exchange fitting
     FittingThreshold	           1.000e-08	Linear dependence threshold for Coulomb integrals in density fitting
     ForcePol       	               false	Force polarized calculation
     FreezeCore     	               false	Freeze the atomic cores?
     Guess          	              Atomic	Used guess: atomic (default), core, or GWH
     IntegralThresh 	           1.000e-14	Integral screening threshold
     LineSearch     	               false	Do line search in level shift (EXPENSIVE!)
     LoadChk        	                    	File to load old results from
     Logfile        	  H2O_tz_pbe_fit.log	File to print out full information, stdout for screen
     MaxIter        	                 100	Maximum number of iterations in SCF cycle
     Method         	 gga_x_pbe-gga_c_pbe	Method used in calculation (HF or a DFT functional)
     Multiplicity   	                   1	Spin multiplicity
     NLGrid         	             50 -194	Integration grid to use for nonlocal correlation: nrad lmax
     Occupancies    	                    	Orbital occupancies
     PZ             	               false	Perform Perdew-Zunger self-interaction correction?
     PZEthr         	           1.000e-10	Threshold for energy convergence
     PZIthr         	           1.000e-01	Threshold for initialization convergence (not too small!)
     PZNRthr        	           0.000e+00	Threshold for use of NR method in OO optimization
     PZOOthr        	           1.000e-03	Gradient threshold for OO optimization
     PZOVthr        	           1.000e-04	Gradient threshold for OV optimization
     PZimag         	                Auto	Imaginary degrees of freedom in PZ?
     PZiter         	                 100	Max number of iterations in self-consistency iteration
     PZloc          	                true	Initial localization before SIC calculation?
     PZmode         	                  XC	Apply PZ to the operators (in addition to J): X C D
     PZoo           	                true	Optimize OO block?
     PZov           	                true	Optimize OV block?
     PZprec         	                   1	Precondition OV block? 0: no, 1: unified, 2: orbital
     PZreal         	                true	Real degrees of freedom in PZ?
     PZseed         	                   0	Seed number for randomized matrices?
     PZstab         	                   0	Stability analysis for PZ-SIC? 1 or -1 for OO, 2 or -2 for OO+OV
     PZstabThr      	           1.000e-03	Instability threshold (interpreted as -thr)
     PZw            	           1.000e+00	Weight for Perdew-Zunger self-interaction correction
     SaveChk        	  H2O_tz_pbe_fit.chk	File to use as checkpoint
     Shift          	           0.000e+00	Level shift to use in Hartree
     StrictIntegrals	               false	Use strict integrals?
     System         	             H2O.xyz	System as an xyz file
     UseADIIS       	                true	Use ADIIS for Fock matrix interpolation?
     UseBroyden     	               false	Use Broyden mixing of Fock matrices?
     UseDIIS        	                true	Use Pulay's Direct Inversion in the Iterative Subspace?
     UseLM          	                true	Use a spherical harmonics basis set by default?
     UseTRRH        	               false	Use Trust-Region Roothaan-Hall?
     VV10           	                Auto	Use VV10 non-local correlation?
     VV10Pars       	                    	VV10 parameters: b C
     Verbose        	                true	Verbose calculation?

Performing gga_x_pbe-gga_c_pbe guess for atoms:
O : 1 (0.18 s)
H : 2 3 (0.03 s)
Diagonalizing density matrix ... done (0.00 s)
Atomic guess formed in 0.21 s.

There are 22 shells and 3 nuclei in the basis set.

List of nuclei, geometry in Ångström with three decimal places:
		 Z	    x	    y	    z
1	O	 8	  0.000	  0.000	  0.118
2	H	 1	  0.000	  0.755	 -0.471
3	H	 1	  0.000	 -0.755	 -0.471

Interatomic distance matrix:
          1O    2H 
   2H  0.958
   3H  0.958 1.511

List of basis functions:
Shell    1	S cart shell at nucleus   1 with with basis functions    1-1   
Shell    2	S cart shell at nucleus   1 with with basis functions    2-2   
Shell    3	S cart shell at nucleus   1 with with basis functions    3-3   
Shell    4	S cart shell at nucleus   1 with with basis functions    4-4   
Shell    5	P cart shell at nucleus   1 with with basis functions    5-7   
Shell    6	P cart shell at nucleus   1 with with basis functions    8-10  
Shell    7	P cart shell at nucleus   1 with with basis functions   11-13  
Shell    8	D  sph shell at nucleus   1 with with basis functions   14-18  
Shell    9	D  sph shell at nucleus   1 with with basis functions   19-23  
Shell   10	F  sph shell at nucleus   1 with with basis functions   24-30  
Shell   11	S cart shell at nucleus   2 with with basis functions   31-31  
Shell   12	S cart shell at nucleus   2 with with basis functions   32-32  
Shell   13	S cart shell at nucleus   2 with with basis functions   33-33  
Shell   14	P cart shell at nucleus   2 with with basis functions   34-36  
Shell   15	P cart shell at nucleus   2 with with basis functions   37-39  
Shell   16	D  sph shell at nucleus   2 with with basis functions   40-44  
Shell   17	S cart shell at nucleus   3 with with basis functions   45-45  
Shell   18	S cart shell at nucleus   3 with with basis functions   46-46  
Shell   19	S cart shell at nucleus   3 with with basis functions   47-47  
Shell   20	P cart shell at nucleus   3 with with basis functions   48-50  
Shell   21	P cart shell at nucleus   3 with with basis functions   51-53  
Shell   22	D  sph shell at nucleus   3 with with basis functions   54-58  

Basis set contains 58 functions, maximum angular momentum is 3.
Spherical harmonic Gaussians are used by default, there are 65 cartesians.

Forming overlap matrix ... done (0.00 s)
Forming kinetic energy matrix ... done (0.00 s)
Forming nuclear attraction matrix ... done (0.00 s)

Smallest eigenvalue of overlap matrix is 2.53e-03, ratio to largest is 4.80e-04.
Using symmetric orthogonalization.
Basis set diagonalized in 0.00 s.

Computing density fitting integrals, requiring 3 Mi 210 ki memory ... done (0.07 s)
253 shell pairs out of 253 are significant.
Auxiliary basis contains 199 functions.

Initialization of computation done in 0.07 s.

Used exchange functional is gga_x_pbe, 'Perdew, Burke & Ernzerhof', defined in the reference(s):
J. P. Perdew, K. Burke, and M. Ernzerhof, Phys. Rev. Lett. 77, 3865 (1996) (DOI 10.1103/PhysRevLett.77.3865)
J. P. Perdew, K. Burke, and M. Ernzerhof, Phys. Rev. Lett. 78, 1396 (1997) (DOI 10.1103/PhysRevLett.78.1396)

Used correlation functional is gga_c_pbe, 'Perdew, Burke & Ernzerhof', defined in the reference(s):
J. P. Perdew, K. Burke, and M. Ernzerhof, Phys. Rev. Lett. 77, 3865 (1996) (DOI 10.1103/PhysRevLett.77.3865)
J. P. Perdew, K. Burke, and M. Ernzerhof, Phys. Rev. Lett. 78, 1396 (1997) (DOI 10.1103/PhysRevLett.78.1396)

HOMO-LUMO gap is    2.39 eV. Energies of lowest lying orbitals:
     -18.8925*      -0.9154*      -0.3654*      -0.3654*      -0.3654*
      -0.2776       -0.2776        0.2153        0.2153        0.4938 

A pure exchange functional used, no exact exchange.
Constructing adaptive XC grid with tolerance 1.000000e-04.
DFT XC grid constructed in 0.11 s.
Composition of XC grid:
    atom Npoints     Nfuncs
    1 O     3780     211512
    2 H     2915     165625
    3 H     2915     165625

 ******* Iteration    1 ********
Forming density fitted Coulomb matrix ... done (0.00 s)
Computing DFT exchange and correlation ... done (0.03 s)
Numerically integrated density is 9.99997 (-0.0003 %).
ADIIS weights
 1.00e+00 
CDIIS weights
 1.00e+00 
 DIIS weights
 1.00e+00 

Solving SCF equations ... done (0.00 s)

DIIS error                    :  4.338107e-01
Energy change                 : -7.607687e+01
Max total density change      :  1.023318e-01
Max rms   density change      :  8.061081e-03
Dipole mu = (-0.00000000, -0.00000000, -0.26854719) D

Iteration took 0.03 s.

 ******* Iteration    2 ********
Forming density fitted Coulomb matrix ... done (0.00 s)
Computing DFT exchange and correlation ... done (0.03 s)
Numerically integrated density is 9.99996 (-0.0004 %).
ADIIS weights
 4.60e-20  1.00e+00 
CDIIS weights
 1.97e-01  8.03e-01 
 DIIS weights
 4.60e-20  1.00e+00 

Solving SCF equations ... done (0.00 s)

DIIS error                    :  1.224754e-01
Energy change                 : -2.245091e-01
Max total density change      :  8.782817e-02
Max rms   density change      :  5.362861e-03
Dipole mu = (-0.00000000,  0.00000000, -3.26619673) D

Iteration took 0.03 s.

 ******* Iteration    3 ********
Forming density fitted Coulomb matrix ... done (0.00 s)
Computing DFT exchange and correlation ... done (0.03 s)
Numerically integrated density is 9.99996 (-0.0004 %).
ADIIS weights
 1.06e-20  6.01e-01  3.99e-01 
CDIIS weights
 5.86e-02  5.66e-01  3.75e-01 
 DIIS weights
 1.06e-20  6.01e-01  3.99e-01 

Solving SCF equations ... done (0.00 s)

DIIS error                    :  2.280416e-01
Energy change                 :  3.843109e-02
Max total density change      :  4.736556e-02
Max rms   density change      :  2.910680e-03
Dipole mu = ( 0.00000000,  0.00000000, -2.01549041) D

Iteration took 0.03 s.

 ******* Iteration    4 ********
Forming density fitted Coulomb matrix ... done (0.00 s)
Computing DFT exchange and correlation ... done (0.03 s)
Numerically integrated density is 9.99996 (-0.0004 %).
ADIIS weights
 3.22e-16  8.65e-14  2.20e-14  1.00e+00 
CDIIS weights
 1.86e-03  2.23e-01  1.87e-01  5.88e-01 
 DIIS weights
 1.28e-03  1.54e-01  1.29e-01  7.16e-01 

Solving SCF equations ... done (0.00 s)

DIIS error                    :  3.788076e-02
Energy change                 : -1.067345e-01
Max total density change      :  1.733047e-02
Max rms   density change      :  7.727971e-04
Dipole mu = (-0.00000000, -0.00000000, -1.89918061) D

Iteration took 0.03 s.

 ******* Iteration    5 ********
Forming density fitted Coulomb matrix ... done (0.00 s)
Computing DFT exchange and correlation ... done (0.03 s)
Numerically integrated density is 9.99996 (-0.0004 %).
ADIIS weights
 2.87e-16  4.79e-14  3.79e-14  7.23e-02  9.28e-01 
CDIIS weights
 1.62e-05  1.88e-02 -1.24e-02  2.54e-01  7.40e-01 
 DIIS weights
 1.45e-05  1.68e-02 -1.12e-02  2.35e-01  7.59e-01 

Solving SCF equations ... done (0.00 s)

DIIS error                    :  1.923872e-02
Energy change                 : -2.693535e-03
Max total density change      :  5.283420e-03
Max rms   density change      :  2.277169e-04
Dipole mu = (-0.00000000, -0.00000000, -1.86051173) D

Iteration took 0.03 s.

 ******* Iteration    6 ********
Forming density fitted Coulomb matrix ... done (0.00 s)
Computing DFT exchange and correlation ... done (0.03 s)
Numerically integrated density is 9.99996 (-0.0004 %).
ADIIS weights
 2.16e-15  6.67e-14  5.57e-14  2.87e-11  1.37e-07  1.00e+00 
CDIIS weights
-6.15e-05  9.66e-04  2.15e-04  3.79e-02  1.99e-01  7.62e-01 
 DIIS weights
-6.15e-05  9.66e-04  2.15e-04  3.79e-02  1.99e-01  7.62e-01 

Solving SCF equations ... done (0.00 s)

DIIS error                    :  3.094802e-03
Energy change                 : -5.432846e-04
Max total density change      :  6.234536e-04
Max rms   density change      :  3.283820e-05
Dipole mu = (-0.00000000,  0.00000000, -1.87351019) D

Iteration took 0.03 s.

 ******* Iteration    7 ********
Forming density fitted Coulomb matrix ... done (0.00 s)
Computing DFT exchange and correlation ... done (0.03 s)
Numerically integrated density is 9.99996 (-0.0004 %).
ADIIS weights
 8.56e-16  4.21e-15  1.07e-13  7.91e-11  2.28e-12  2.94e-06  1.00e+00 
CDIIS weights
 3.23e-06 -6.29e-05 -2.23e-07  4.17e-05  4.23e-03  4.11e-02  9.55e-01 
 DIIS weights
 3.23e-06 -6.29e-05 -2.23e-07  4.17e-05  4.23e-03  4.11e-02  9.55e-01 

Solving SCF equations ... done (0.00 s)

DIIS error                    :  4.366163e-05
Energy change                 : -1.558462e-05
Max total density change      :  8.431848e-06
Max rms   density change      :  6.059266e-07
Dipole mu = ( 0.00000000, -0.00000000, -1.87319344) D

Iteration took 0.03 s.

 ******* Iteration    8 ********
Forming density fitted Coulomb matrix ... done (0.00 s)
Computing DFT exchange and correlation ... done (0.03 s)
Numerically integrated density is 9.99996 (-0.0004 %).
ADIIS weights
 9.93e-18  1.11e-16  4.38e-16  5.97e-14  1.89e-13  7.90e-09  5.03e-01  4.97e-01 
CDIIS weights
 4.40e-08 -8.62e-06  7.47e-06 -1.22e-04 -2.30e-04  1.13e-03  6.57e-02  9.33e-01 
 DIIS weights
 4.40e-08 -8.62e-06  7.47e-06 -1.22e-04 -2.30e-04  1.13e-03  6.57e-02  9.33e-01 

Solving SCF equations ... done (0.00 s)

DIIS error                    :  2.405345e-06
Energy change                 : -4.261395e-09
Max total density change      :  6.398727e-07
Max rms   density change      :  3.238527e-08
Dipole mu = (-0.00000000, -0.00000000, -1.87319903) D

Iteration took 0.03 s.

 ******* Convergence achieved ********
Solution of RDFT took 0.36 s.

Kinetic               energy:  7.6026794617066969e+01
Nuclear attraction    energy: -1.9913661252915745e+02
Total one-electron    energy: -1.2310981791209048e+02
Nuclear repulsion     energy:  9.1892222448251033e+00
Coulomb               energy:  4.6804433221840078e+01
Exchange-correlation  energy: -9.2567763970334305e+00
Non-local correlation energy:  0.0000000000000000e+00
-----------------------------------------------------
                Total energy: -7.6372938842458723e+01
               Virial factor:  1.0045529240991313e+00

Dipole mu = (-0.00000000, -0.00000000, -1.87319903) D

HOMO-LUMO gap is    7.00 eV. Orbital energies:
     -18.7390*      -0.9183*      -0.4714*      -0.3272*      -0.2488*
       0.0084        0.0812        0.3379        0.3844        0.4645 
       0.5453        0.5911        0.5925        0.6465        0.7406 
       0.8812        0.9785        1.2425        1.2684        1.7056 
       1.7257        1.7562        1.8286        1.8975        2.1810 
       2.5381        2.9792        3.1224        3.1982        3.2864 
       3.2906        3.4449        3.5144        3.5754        3.6158 
       3.6362        3.6998        3.9258        3.9503        4.1764 
       4.1954        4.4392        4.6636        4.7315        4.9892 
       5.4988        6.0101        6.2911        6.2936        6.3870 
       6.4262        6.4755        6.5464        6.6717        6.8400 
       7.1855        7.6495       12.0216 
HOMO-LUMO gap is    7.00 eV. Energies of lowest lying orbitals:
     -18.7390*      -0.9183*      -0.4714*      -0.3272*      -0.2488*
       0.0084        0.0812        0.3379        0.3844        0.4645 

A pure exchange functional used, no exact exchange.
Constructing adaptive XC grid with tolerance 1.000000e-05.
DFT XC grid constructed in 0.24 s.
Composition of XC grid:
    atom Npoints     Nfuncs
    1 O     7466     416432
    2 H     6891     389021
    3 H     6891     389021

 ******* Iteration    1 ********
Forming density fitted Coulomb matrix ... done (0.00 s)
Computing DFT exchange and correlation ... done (0.06 s)
Numerically integrated density is 10.00000 (+0.0000 %).
ADIIS weights
 1.00e+00 
CDIIS weights
 1.00e+00 
 DIIS weights
 1.00e+00 

Solving SCF equations ... done (0.00 s)

DIIS error                    :  1.325820e-04
Energy change                 : -7.637292e+01
Max total density change      :  2.435686e-05
Max rms   density change      :  1.361479e-06
Dipole mu = (-0.00000000,  0.00000000, -1.87345856) D

Iteration took 0.06 s.

 ******* Iteration    2 ********
Forming density fitted Coulomb matrix ... done (0.00 s)
Computing DFT exchange and correlation ... done (0.06 s)
Numerically integrated density is 10.00000 (+0.0000 %).
ADIIS weights
 3.96e-01  6.04e-01 
CDIIS weights
 2.76e-01  7.24e-01 
 DIIS weights
 2.76e-01  7.24e-01 

Solving SCF equations ... done (0.00 s)

DIIS error                    :  5.910127e-05
Energy change                 : -1.724814e-09
Max total density change      :  2.343280e-05
Max rms   density change      :  1.194899e-06
Dipole mu = (-0.00000000,  0.00000000, -1.87302051) D

Iteration took 0.06 s.

 ******* Iteration    3 ********
Forming density fitted Coulomb matrix ... done (0.00 s)
Computing DFT exchange and correlation ... done (0.06 s)
Numerically integrated density is 10.00000 (+0.0000 %).
ADIIS weights
 8.44e-02  6.23e-01  2.93e-01 
CDIIS weights
 9.03e-03  5.04e-01  4.87e-01 
 DIIS weights
 9.03e-03  5.04e-01  4.87e-01 

Solving SCF equations ... done (0.00 s)

DIIS error                    :  6.028558e-05
Energy change                 :  7.093348e-10
Max total density change      :  1.268110e-05
Max rms   density change      :  6.509057e-07
Dipole mu = (-0.00000000,  0.00000000, -1.87326710) D

Iteration took 0.06 s.

 ******* Iteration    4 ********
Forming density fitted Coulomb matrix ... done (0.00 s)
Computing DFT exchange and correlation ... done (0.06 s)
Numerically integrated density is 10.00000 (+0.0000 %).
ADIIS weights
 2.55e-03  3.69e-01  1.17e-01  5.12e-01 
CDIIS weights
 1.55e-03  9.78e-02  1.22e-01  7.78e-01 
 DIIS weights
 1.55e-03  9.78e-02  1.22e-01  7.78e-01 

Solving SCF equations ... done (0.00 s)

DIIS error                    :  2.255258e-06
Energy change                 : -5.760796e-09
Max total density change      :  5.080078e-07
Max rms   density change      :  2.473679e-08
Dipole mu = (-0.00000000,  0.00000000, -1.87326040) D

Iteration took 0.06 s.

 ******* Iteration    5 ********
Forming density fitted Coulomb matrix ... done (0.00 s)
Computing DFT exchange and correlation ... done (0.06 s)
Numerically integrated density is 10.00000 (+0.0000 %).
ADIIS weights
 1.83e-02  2.17e-01  6.54e-02  3.51e-01  3.48e-01 
CDIIS weights
 1.41e-04  1.77e-02  2.65e-02  1.95e-01  7.60e-01 
 DIIS weights
 1.41e-04  1.77e-02  2.65e-02  1.95e-01  7.60e-01 

Solving SCF equations ... done (0.00 s)

DIIS error                    :  1.433014e-07
Energy change                 : -9.620749e-12
Max total density change      :  4.755084e-08
Max rms   density change      :  3.280668e-09
Dipole mu = (-0.00000000, -0.00000000, -1.87325843) D

Iteration took 0.06 s.

 ******* Iteration    6 ********
Forming density fitted Coulomb matrix ... done (0.00 s)
Computing DFT exchange and correlation ... done (0.06 s)
Numerically integrated density is 10.00000 (+0.0000 %).
ADIIS weights
 3.58e-03  1.58e-01  6.50e-02  2.59e-01  2.57e-01  2.57e-01 
CDIIS weights
-1.05e-05  7.87e-04  1.35e-03  7.68e-03  1.10e-01  8.80e-01 
 DIIS weights
-1.05e-05  7.87e-04  1.35e-03  7.68e-03  1.10e-01  8.80e-01 

Solving SCF equations ... done (0.00 s)

DIIS error                    :  9.840693e-09
Energy change                 : -7.105427e-14
Max total density change      :  4.746106e-09
Max rms   density change      :  3.591208e-10
Dipole mu = (-0.00000000,  0.00000000, -1.87325860) D

Iteration took 0.06 s.

 ******* Iteration    7 ********
Forming density fitted Coulomb matrix ... done (0.00 s)
Computing DFT exchange and correlation ... done (0.06 s)
Numerically integrated density is 10.00000 (+0.0000 %).
ADIIS weights
 3.80e-03  1.19e-01  5.30e-02  2.07e-01  2.06e-01  2.06e-01  2.06e-01 
CDIIS weights
-2.72e-06  1.93e-05  2.49e-05 -9.07e-05  6.23e-03  1.07e-01  8.87e-01 
 DIIS weights
-2.72e-06  1.93e-05  2.49e-05 -9.07e-05  6.23e-03  1.07e-01  8.87e-01 

Solving SCF equations ... done (0.00 s)

DIIS error                    :  9.809570e-10
Energy change                 : -2.842171e-14
Max total density change      :  4.946272e-10
Max rms   density change      :  2.827529e-11
Dipole mu = ( 0.00000000, -0.00000000, -1.87325859) D

Iteration took 0.06 s.

 ******* Convergence achieved ********
Solution of RDFT took 0.67 s.

Kinetic               energy:  7.6027067096959740e+01
Nuclear attraction    energy: -1.9913716237618203e+02
Total one-electron    energy: -1.2311009527922235e+02
Nuclear repulsion     energy:  9.1892222448251033e+00
Coulomb               energy:  4.6804740098805603e+01
Exchange-correlation  energy: -9.2567841830623045e+00
Non-local correlation energy:  0.0000000000000000e+00
-----------------------------------------------------
                Total energy: -7.6372917118653945e+01
               Virial factor:  1.0045490380584210e+00

Dipole mu = ( 0.00000000, -0.00000000, -1.87325859) D

HOMO-LUMO gap is    7.00 eV. Orbital energies:
     -18.7388*      -0.9183*      -0.4714*      -0.3272*      -0.2488*
       0.0084        0.0812        0.3379        0.3844        0.4645 
       0.5452        0.5911        0.5925        0.6465        0.7406 
       0.8812        0.9785        1.2425        1.2684        1.7056 
       1.7257        1.7562        1.8286        1.8975        2.1810 
       2.5381        2.9792        3.1224        3.1982        3.2863 
       3.2906        3.4449        3.5144        3.5754        3.6157 
       3.6361        3.6997        3.9258        3.9503        4.1764 
       4.1953        4.4392        4.6636        4.7315        4.9892 
       5.4988        6.0101        6.2911        6.2937        6.3871 
       6.4262        6.4754        6.5464        6.6717        6.8400 
       7.1855        7.6495       12.0214 

Mulliken charges
   1 O           -0.412979
   2 H            0.206490
   3 H            0.206490
Sum of Mulliken charges -1.432188e-14

Electron density at nuclei
   1 O          297.534783
   2 H            0.425950
   3 H            0.425950

Running program took 1.33 s.
Current time is Tue 21 Jul 2015 07:19:13.
