ERKALE - HF/DFT from Hel, OpenMP version, running on 6 cores.
(c) Susi Lehtola, 2010-2016.

This program is free software; you can redistribute it and/or modify
it under the terms of the GNU General Public License as published by
the Free Software Foundation; either version 2 of the License, or
(at your option) any later version.

Running on host lenovo.

Basis set aug-cc-pVTZ found in file aug-cc-pVTZ.gbs in /home/work/erkale/basis/.

Current Settings used by ERKALE:
     AtomGuess      	                Auto	Method used for atomic guess (Auto for same as method)
     Basis          	         aug-cc-pVTZ	Basis set used in calculation
     BasisCutoff    	           1.000e-08	Cutoff for dropping out small primitives from contraction
     BasisOrth      	                Auto	Method of orthonormalization of basis set
     BasisRotate    	               false	Rotate basis set to remove redundant functions?
     Charge         	                   0	Total charge of system
     CholDepThresh  	           1.000e-07	Partial Cholesky decomposition threshold
     Cholesky       	                true	Use Cholesky decomposition?
     CholeskyMode   	                   0	Save/load integrals? 0 no, 1 save, -1 load
     CholeskyNAFThr 	           0.000e+00	Cholesky natural auxiliary function threshold
     CholeskyShThr  	           1.000e-02	Cholesky cache threshold
     CholeskyThr    	           1.000e-07	Cholesky decomposition threshold
     Confinement    	         0.0 0.0 0.0	Confinement potential V(r) = V_i x_i^2
     ConvThr        	           1.000e-06	Orbital gradient convergence threshold
     DFTBasisThr    	           1.000e-10	Threshold for screening basis functions on grid
     DFTCpars       	                    	Override parameters of correlation functional (expert)
     DFTDelta       	           1.000e+02	Switch to final DFT grid has converged within factor X
     DFTDensityThr  	           1.000e-10	Threshold for screening density on grid
     DFTFinalTol    	           1.000e-05	Tolerance of final DFT grid
     DFTGrid        	             50 -194	DFT integration grid to use: nrad lmax or Auto for adaptive
     DFTInitialTol  	           1.000e-04	Tolerance of initial DFT grid
     DFTLobatto     	               false	Use Lobatto quadrature instead of Lebedev quadrature?
     DFTQuadThresh  	           2.220e-16	Threshold for pruning points with small quadrature weight
     DFTXpars       	                    	Override parameters of exchange functional (expert)
     DIISComb       	               false	Combine alpha and beta errors in unrestricted calcs?
     DIISEps        	           1.000e-01	Start mixing in DIIS when error is
     DIISOrder      	                  10	How many DIIS iterations to keep in memory?
     DIISThr        	           1.000e-02	DIIS error threshold for DIIS updates
     DecFock        	               false	Use decontracted basis to calculate Fock matrix (direct HF)
     Decontract     	                    	Indices of atoms to decontract basis set for
     DensityFitting 	               false	Use density fitting / RI?
     Direct         	               false	Calculate two-electron integrals (or density fitting) on-the-fly?
     EField         	         0.0 0.0 0.0	Electric field
     FittingBasis   	                Auto	Basis to use for density fitting / RI (Auto for automatic)
     FittingCholeskyThreshold	           1.000e-08	Linear dependence threshold for pivoted Cholesky of Coulomb integrals in density fitting
     FittingMemory  	                1000	Amount of memory in MB to use for exchange fitting
     FittingThreshold	           1.000e-07	Linear dependence threshold for Coulomb integrals in density fitting
     ForcePol       	               false	Force polarized calculation
     Guess          	                 SAD	Used guess: SAD (default), SADNO, core, GWH, SAP, or SAPfit
     InputBohr      	               false	Use atomic units as input units instead of angstrom?
     IntegralThresh 	           1.000e-14	Integral screening threshold
     Kgwh           	           1.750e+00	Scaling constant for GWH
     LinDepThresh   	           1.000e-05	Basis set linear dependency threshold
     LinearB        	           0.000e+00	Magnetic field along bond axis
     LinearFreeze   	               false	If using linear symmetry, freeze symmetry to input guess
     LinearOccupationFile	         linoccs.dat	File to read linear occupations from
     LinearOccupations	                   0	Read in occupations for linear molecule calculations?
     LinearSymmetry 	               false	Do special calculation on linear molecule along z axis
     LoadChk        	                    	File to load old results from
     Logfile        	     H2O_atz_pbe.log	File to print out full information, stdout for screen
     MaxIter        	                 100	Maximum number of iterations in SCF cycle
     Method         	 gga_x_pbe-gga_c_pbe	Method used in calculation (HF or a DFT functional)
     Multiplicity   	                   1	Spin multiplicity
     NLGrid         	             50 -194	Integration grid to use for nonlocal correlation: nrad lmax
     Occupancies    	                    	Orbital occupancies
     OptLM          	                true	If spherical harmonics used, use cartesian s and p functions?
     PZ             	               false	Perform Perdew-Zunger self-interaction correction?
     PZEthr         	           1.000e-10	Threshold for energy convergence
     PZIthr         	           1.000e-02	Threshold for initialization convergence (not too small!)
     PZNRthr        	           0.000e+00	Threshold for use of NR method in OO optimization
     PZOOthr        	           1.000e-04	Gradient threshold for OO optimization
     PZOVthr        	           1.000e-05	Gradient threshold for OV optimization
     PZimag         	                Auto	Imaginary degrees of freedom in PZ?
     PZiter         	                  20	Max number of iterations in self-consistency iteration
     PZloc          	                Auto	Initial localization before SIC calculation?
     PZlocmet       	                  FB	Initial localization method (recommend FB or IAO)
     PZmode         	                  XC	Apply PZ to the operators (in addition to J): X C D
     PZoo           	                true	Optimize OO block?
     PZov           	                true	Optimize OV block?
     PZprec         	                   1	Precondition OV block? 0: no, 1: unified, 2: orbital
     PZrand         	                true	Apply random rotation in PZ initialization? (Should be true)
     PZscale        	            Constant	Scaling for PZ: Constant, Density or Kinetic
     PZscaleExp     	           1.000e+00	Exponent in the dynamic scaling equation
     PZseed         	                   0	Seed number for randomized matrices?
     PZstab         	                   0	Stability analysis for PZ-SIC? 1 or -1 for OO, 2 or -2 for OO+OV
     PZstabThr      	           1.000e-03	Instability threshold (interpreted as -thr)
     PZw            	           1.000e+00	Weight for Perdew-Zunger self-interaction correction
     SAPBasis       	    helfem_large.gbs	Tabulated atomic effective potential "basis set"
     SAPGrid        	                    	SAP integration grid to use: nrad lmax or leave empty
     SaveChk        	     H2O_atz_pbe.chk	File to use as checkpoint
     Shift          	           0.000e+00	Level shift to use in Hartree
     System         	             H2O.xyz	System as an xyz file
     TRRHminS       	           9.750e-01	Trust-Region Roothaan-Hall minimal occupied orbital overlap
     UseADIIS       	                true	Use ADIIS for Fock matrix interpolation?
     UseBroyden     	               false	Use Broyden mixing of Fock matrices?
     UseDIIS        	                true	Use Pulay's Direct Inversion in the Iterative Subspace?
     UseLM          	                true	Use a spherical harmonics basis set by default?
     UseTRRH        	               false	Use Trust-Region Roothaan-Hall?
     VV10           	                Auto	Use VV10 non-local correlation?
     VV10Pars       	                    	VV10 parameters: b C
     Verbose        	                true	Verbose calculation?

There are 32 shells and 3 nuclei in the basis set.

List of nuclei, geometry in Ångström with three decimal places:
		 Z	    x	    y	    z
1	O	 8	  0.000	  0.000	  0.118
2	H	 1	  0.000	  0.755	 -0.471
3	H	 1	  0.000	 -0.755	 -0.471

Interatomic distance matrix:
          1O    2H 
   2H  0.958
   3H  0.958 1.511

List of basis functions:
Shell    1	S cart shell at nucleus   1 with with basis functions    1-1   
Shell    2	S cart shell at nucleus   1 with with basis functions    2-2   
Shell    3	S cart shell at nucleus   1 with with basis functions    3-3   
Shell    4	S cart shell at nucleus   1 with with basis functions    4-4   
Shell    5	S cart shell at nucleus   1 with with basis functions    5-5   
Shell    6	P cart shell at nucleus   1 with with basis functions    6-8   
Shell    7	P cart shell at nucleus   1 with with basis functions    9-11  
Shell    8	P cart shell at nucleus   1 with with basis functions   12-14  
Shell    9	P cart shell at nucleus   1 with with basis functions   15-17  
Shell   10	D  sph shell at nucleus   1 with with basis functions   18-22  
Shell   11	D  sph shell at nucleus   1 with with basis functions   23-27  
Shell   12	D  sph shell at nucleus   1 with with basis functions   28-32  
Shell   13	F  sph shell at nucleus   1 with with basis functions   33-39  
Shell   14	F  sph shell at nucleus   1 with with basis functions   40-46  
Shell   15	S cart shell at nucleus   2 with with basis functions   47-47  
Shell   16	S cart shell at nucleus   2 with with basis functions   48-48  
Shell   17	S cart shell at nucleus   2 with with basis functions   49-49  
Shell   18	S cart shell at nucleus   2 with with basis functions   50-50  
Shell   19	P cart shell at nucleus   2 with with basis functions   51-53  
Shell   20	P cart shell at nucleus   2 with with basis functions   54-56  
Shell   21	P cart shell at nucleus   2 with with basis functions   57-59  
Shell   22	D  sph shell at nucleus   2 with with basis functions   60-64  
Shell   23	D  sph shell at nucleus   2 with with basis functions   65-69  
Shell   24	S cart shell at nucleus   3 with with basis functions   70-70  
Shell   25	S cart shell at nucleus   3 with with basis functions   71-71  
Shell   26	S cart shell at nucleus   3 with with basis functions   72-72  
Shell   27	S cart shell at nucleus   3 with with basis functions   73-73  
Shell   28	P cart shell at nucleus   3 with with basis functions   74-76  
Shell   29	P cart shell at nucleus   3 with with basis functions   77-79  
Shell   30	P cart shell at nucleus   3 with with basis functions   80-82  
Shell   31	D  sph shell at nucleus   3 with with basis functions   83-87  
Shell   32	D  sph shell at nucleus   3 with with basis functions   88-92  

Basis set contains 92 functions, maximum angular momentum is 3.
Spherical harmonic Gaussians are used by default, there are 105 cartesians.

Forming overlap matrix ... done (0.00 s)
Forming kinetic energy matrix ... done (0.00 s)
Forming nuclear attraction matrix ... done (0.00 s)

Smallest eigenvalue of overlap matrix is 3.85e-04, reciprocal condition number is 4.82e-05.
Using symmetric orthogonalization.
Basis set diagonalized in 0.00 s.

Computing repulsion integrals.
Screening by shell pairs and symmetry reduced dofs by factor 1.98.
Individual screening reduced dofs by a total factor 1.98.
Computing Cholesky vectors. Estimated memory size is 9 Mi - 30 Mi.
Cholesky vectors no     0 -     0 computed, error is 1.035490e+00 (0.00 s).
Cholesky vectors no     1 -     6 computed, error is 9.493556e-01 (0.00 s).
Cholesky vectors no     7 -    12 computed, error is 5.578320e-01 (0.00 s).
Cholesky vectors no    13 -    27 computed, error is 1.681043e-01 (0.00 s).
Cholesky vectors no    28 -    42 computed, error is 1.370476e-01 (0.00 s).
Cholesky vectors no    43 -    52 computed, error is 1.183000e-01 (0.00 s).
Cholesky vectors no    53 -    62 computed, error is 1.140985e-01 (0.00 s).
Cholesky vectors no    63 -    77 computed, error is 9.463545e-02 (0.00 s).
Cholesky vectors no    78 -    80 computed, error is 6.934756e-02 (0.00 s).
Cholesky vectors no    81 -   108 computed, error is 5.303954e-02 (0.01 s).
Cholesky vectors no   109 -   123 computed, error is 5.256012e-02 (0.00 s).
Cholesky vectors no   124 -   138 computed, error is 4.476009e-02 (0.00 s).
Cholesky vectors no   139 -   139 computed, error is 4.016898e-02 (0.00 s).
Cholesky vectors no   140 -   167 computed, error is 3.644344e-02 (0.01 s).
Cholesky vectors no   168 -   177 computed, error is 3.379622e-02 (0.00 s).
Cholesky vectors no   178 -   183 computed, error is 2.514590e-02 (0.00 s).
Cholesky vectors no   184 -   186 computed, error is 1.926992e-02 (0.00 s).
Cholesky vectors no   187 -   207 computed, error is 8.100821e-03 (0.01 s).
Cholesky vectors no   208 -   217 computed, error is 5.882049e-03 (0.00 s).
Cholesky vectors no   218 -   227 computed, error is 5.759531e-03 (0.00 s).
Cholesky vectors no   228 -   230 computed, error is 5.245843e-03 (0.00 s).
Cholesky vectors no   231 -   251 computed, error is 3.917284e-03 (0.01 s).
Cholesky vectors no   252 -   266 computed, error is 3.428253e-03 (0.01 s).
Cholesky vectors no   267 -   269 computed, error is 3.359607e-03 (0.00 s).
Cholesky vectors no   270 -   272 computed, error is 3.096295e-03 (0.00 s).
Cholesky vectors no   273 -   277 computed, error is 2.955233e-03 (0.00 s).
Cholesky vectors no   278 -   278 computed, error is 2.389848e-03 (0.00 s).
Cholesky vectors no   279 -   288 computed, error is 2.067396e-03 (0.00 s).
Cholesky vectors no   289 -   294 computed, error is 1.516440e-03 (0.00 s).
Cholesky vectors no   295 -   295 computed, error is 1.182663e-03 (0.00 s).
Cholesky vectors no   296 -   314 computed, error is 1.018700e-03 (0.02 s).
Cholesky vectors no   315 -   324 computed, error is 7.954626e-04 (0.01 s).
Cholesky vectors no   325 -   334 computed, error is 7.686414e-04 (0.01 s).
Cholesky vectors no   335 -   340 computed, error is 5.911350e-04 (0.00 s).
Cholesky vectors no   341 -   350 computed, error is 4.439447e-04 (0.01 s).
Cholesky vectors no   351 -   365 computed, error is 3.809232e-04 (0.01 s).
Cholesky vectors no   366 -   375 computed, error is 3.323743e-04 (0.01 s).
Cholesky vectors no   376 -   381 computed, error is 3.134738e-04 (0.00 s).
Cholesky vectors no   382 -   386 computed, error is 3.090851e-04 (0.00 s).
Cholesky vectors no   387 -   412 computed, error is 2.151784e-04 (0.03 s).
Cholesky vectors no   413 -   433 computed, error is 1.936627e-04 (0.02 s).
Cholesky vectors no   434 -   461 computed, error is 1.632957e-04 (0.02 s).
Cholesky vectors no   462 -   475 computed, error is 1.428595e-04 (0.01 s).
Cholesky vectors no   476 -   476 computed, error is 1.296398e-04 (0.00 s).
Cholesky vectors no   477 -   504 computed, error is 1.219441e-04 (0.03 s).
Cholesky vectors no   505 -   518 computed, error is 5.889870e-05 (0.01 s).
Cholesky vectors no   519 -   537 computed, error is 4.413577e-05 (0.01 s).
Cholesky vectors no   538 -   558 computed, error is 3.653451e-05 (0.02 s).
Cholesky vectors no   559 -   581 computed, error is 3.079137e-05 (0.02 s).
Cholesky vectors no   582 -   591 computed, error is 1.230090e-05 (0.01 s).
Cholesky vectors no   592 -   594 computed, error is 1.193429e-05 (0.00 s).
Cholesky vectors no   595 -   597 computed, error is 9.251535e-06 (0.00 s).
Cholesky vectors no   598 -   618 computed, error is 8.390140e-06 (0.03 s).
Cholesky vectors no   619 -   619 computed, error is 8.303903e-06 (0.00 s).
Cholesky vectors no   620 -   627 computed, error is 6.818514e-06 (0.01 s).
Cholesky vectors no   628 -   652 computed, error is 4.414057e-06 (0.03 s).
Cholesky vectors no   653 -   659 computed, error is 3.428234e-06 (0.01 s).
Cholesky vectors no   660 -   660 computed, error is 3.419299e-06 (0.00 s).
Cholesky vectors no   661 -   661 computed, error is 3.263154e-06 (0.00 s).
Cholesky vectors no   662 -   668 computed, error is 2.632668e-06 (0.01 s).
Cholesky vectors no   669 -   683 computed, error is 2.505151e-06 (0.01 s).
Cholesky vectors no   684 -   696 computed, error is 2.016035e-06 (0.01 s).
Cholesky vectors no   697 -   711 computed, error is 1.805639e-06 (0.02 s).
Cholesky vectors no   712 -   712 computed, error is 1.583141e-06 (0.00 s).
Cholesky vectors no   713 -   728 computed, error is 9.110893e-07 (0.02 s).
Cholesky vectors no   729 -   736 computed, error is 8.230769e-07 (0.01 s).
Cholesky vectors no   737 -   751 computed, error is 7.325931e-07 (0.01 s).
Cholesky vectors no   752 -   765 computed, error is 6.866701e-07 (0.01 s).
Cholesky vectors no   766 -   768 computed, error is 5.359519e-07 (0.00 s).
Cholesky vectors no   769 -   791 computed, error is 4.517915e-07 (0.03 s).
Cholesky vectors no   792 -   814 computed, error is 3.378874e-07 (0.04 s).
Cholesky vectors no   815 -   817 computed, error is 3.364242e-07 (0.01 s).
Cholesky vectors no   818 -   820 computed, error is 3.018137e-07 (0.00 s).
Cholesky vectors no   821 -   830 computed, error is 2.573373e-07 (0.01 s).
Cholesky vectors no   831 -   844 computed, error is 1.924639e-07 (0.02 s).
Cholesky vectors no   845 -   864 computed, error is 1.861845e-07 (0.03 s).
Cholesky vectors no   865 -   876 computed, error is 1.158371e-07 (0.01 s).
Cholesky vectors no   877 -   881 computed, error is 1.099846e-07 (0.01 s).
Cholesky vectors no   882 -   886 computed, error is 7.828296e-08 (0.01 s).
Cholesky decomposition finished in 0.99 s. Realized memory size is 29 Mi 383 ki.
Time use: integrals 25.8 %, linear algebra 74.2 %.
528 shell pairs out of 528 are significant.

Initialization of computation done in 1.05 s.

Performing gga_x_pbe-gga_c_pbe guess for atoms:
O : 1, 5 orbitals (1.10 s)
H : 2 3, 1 orbitals (0.34 s)
SAD guess formed in 1.44 s.


A pure exchange functional used, no exact exchange.
Constructing static nrad=50 lmax=23 XC grid.
Composition of XC grid:
    atom Npoints     Nfuncs
    1 O     8482     684754
    2 H     8711     705556
    3 H     8711     705556
Forming Cholesky Coulomb matrix ... done (0.00 s)
Computing DFT exchange and correlation ... done (0.15 s)
Numerically integrated density is 10.00000 (-0.0000 %).
Solving SCF equations ... done (0.00 s)

Kinetic               energy:  7.5134006433999474e+01
Nuclear attraction    energy: -1.9612659269858253e+02
Total one-electron    energy: -1.2099258626458300e+02
Nuclear repulsion     energy:  9.1892221210306353e+00
Coulomb               energy:  4.4699993809170401e+01
Exchange-correlation  energy: -8.9754838351064894e+00
Non-local correlation energy:  0.0000000000000000e+00
-----------------------------------------------------
                Total energy: -7.6078854169488437e+01
               Virial factor:  1.0125755005001491e+00

Dipole mu = (-0.00000000,  0.00000000,  0.00000000) D

HOMO-LUMO gap is    1.38 eV. Orbital energies:
     -19.0293*      -1.1148*      -0.6434*      -0.5224*      -0.4494*
      -0.0692       -0.0091        0.0417        0.0573        0.0664 
       0.0669        0.1151        0.1364        0.1601        0.1809 
       0.1856        0.2760        0.2793        0.2834        0.4091 
       0.4494        0.4928        0.5090        0.5171        0.6161 
       0.6235        0.6257        0.6916        0.6921        0.7383 
       0.7542        0.7576        0.8230        0.8239        0.8455 
       0.9401        0.9816        1.0000        1.0217        1.2285 
       1.2563        1.2844        1.4367        1.5324        1.6177 
       1.7193        1.8149        1.8759        1.9010        1.9578 
       2.0171        2.0180        2.0625        2.2654        2.2702 
       2.3209        2.4263        2.4576        3.1710        3.2532 
       3.4026        3.5775        3.7227        3.8123        3.8394 
       3.9282        3.9395        3.9414        3.9760        4.0974 
       4.2663        4.6285        4.6578        4.7227        4.7241 
       4.9162        5.0691        5.4898        5.7860        5.9540 
       6.1585        6.3407        6.4354        6.4761        6.4935 
       6.5544        6.5748        6.7480        7.0990        7.1555 
       7.9955       14.6717 
Used exchange functional is gga_x_pbe, 'Perdew, Burke & Ernzerhof', defined in the reference(s):
J. P. Perdew, K. Burke, and M. Ernzerhof.,  Phys. Rev. Lett. 77, 3865 (1996) (DOI 10.1103/PhysRevLett.77.3865)
J. P. Perdew, K. Burke, and M. Ernzerhof.,  Phys. Rev. Lett. 78, 1396 (1997) (DOI 10.1103/PhysRevLett.78.1396)
Functional is a GGA

Used correlation functional is gga_c_pbe, 'Perdew, Burke & Ernzerhof', defined in the reference(s):
J. P. Perdew, K. Burke, and M. Ernzerhof.,  Phys. Rev. Lett. 77, 3865 (1996) (DOI 10.1103/PhysRevLett.77.3865)
J. P. Perdew, K. Burke, and M. Ernzerhof.,  Phys. Rev. Lett. 78, 1396 (1997) (DOI 10.1103/PhysRevLett.78.1396)
Functional is a GGA

HOMO-LUMO gap is   10.35 eV. Energies of lowest lying orbitals:
     -19.0293*      -1.1148*      -0.6434*      -0.5224*      -0.4494*
      -0.0692       -0.0091        0.0417        0.0573        0.0664 

A pure exchange functional used, no exact exchange.
Constructing static nrad=50 lmax=23 XC grid.
Composition of XC grid:
    atom Npoints     Nfuncs
    1 O     8482     684754
    2 H     8711     705556
    3 H     8711     705556

 ******* Iteration    1 ********
Forming Cholesky Coulomb matrix ... done (0.00 s)
Computing DFT exchange and correlation ... done (0.15 s)
Numerically integrated density is 10.00000 (-0.0000 %).
ADIIS weights
 1.00e+00 

Solving SCF equations ... done (0.00 s)

Total energy                  : -7.6259741778571737e+01
DIIS error                    :  2.065010e-01
Energy change                 : -7.625974e+01
Max total density change      :  6.046704e-01
Max rms   density change      :  1.371498e-02
Dipole mu = (-0.00000000,  0.00000008,  1.63970907) D

Iteration took 0.16 s.

 ******* Iteration    2 ********
Forming Cholesky Coulomb matrix ... done (0.00 s)
Computing DFT exchange and correlation ... done (0.15 s)
Numerically integrated density is 10.00001 (+0.0001 %).
ADIIS weights
 7.98e-01  2.02e-01 

Solving SCF equations ... done (0.00 s)

Total energy                  : -7.5701590663737022e+01
DIIS error                    :  4.104814e-01
Energy change                 :  5.581511e-01
Max total density change      :  2.992258e-01
Max rms   density change      :  6.362784e-03
Dipole mu = (-0.00000000,  0.00000002, -1.11598659) D

Iteration took 0.15 s.

 ******* Iteration    3 ********
Forming Cholesky Coulomb matrix ... done (0.00 s)
Computing DFT exchange and correlation ... done (0.15 s)
Numerically integrated density is 10.00000 (+0.0000 %).
ADIIS weights
 3.31e-01  7.58e-17  6.69e-01 

Solving SCF equations ... done (0.00 s)

Total energy                  : -7.6331914065433295e+01
DIIS error                    :  1.372479e-01
Energy change                 : -6.303234e-01
Max total density change      :  1.668477e-01
Max rms   density change      :  3.847148e-03
Dipole mu = (-0.00000000,  0.00000001, -2.02807777) D

Iteration took 0.16 s.

 ******* Iteration    4 ********
Forming Cholesky Coulomb matrix ... done (0.00 s)
Computing DFT exchange and correlation ... done (0.16 s)
Numerically integrated density is 10.00000 (-0.0000 %).
ADIIS weights
 5.05e-16  1.32e-16  1.19e-01  8.81e-01 

Solving SCF equations ... done (0.00 s)

Total energy                  : -7.6375169397025601e+01
DIIS error                    :  4.312909e-02
Energy change                 : -4.325533e-02
Max total density change      :  8.143688e-02
Max rms   density change      :  1.921098e-03
Dipole mu = (-0.00000000,  0.00000001, -1.55691032) D

Iteration took 0.16 s.

 ******* Iteration    5 ********
Forming Cholesky Coulomb matrix ... done (0.00 s)
Computing DFT exchange and correlation ... done (0.15 s)
Numerically integrated density is 10.00000 (-0.0000 %).
ADIIS weights
 4.83e-14  1.95e-15  7.98e-14  5.20e-01  4.80e-01 
CDIIS weights
 2.17e-03 -4.34e-03 -5.57e-02  4.30e-01  6.28e-01 
 DIIS weights
 1.31e-03 -2.62e-03 -3.36e-02  4.66e-01  5.69e-01 

Solving SCF equations ... done (0.00 s)

Total energy                  : -7.6374613691325948e+01
DIIS error                    :  4.564599e-02
Energy change                 :  5.557057e-04
Max total density change      :  4.125192e-02
Max rms   density change      :  9.650829e-04
Dipole mu = (-0.00000000,  0.00000001, -1.79957116) D

Iteration took 0.15 s.

 ******* Iteration    6 ********
Forming Cholesky Coulomb matrix ... done (0.00 s)
Computing DFT exchange and correlation ... done (0.16 s)
Numerically integrated density is 10.00000 (-0.0000 %).
CDIIS weights
 1.30e-03  1.65e-04 -2.30e-02  3.74e-02  9.70e-02  8.87e-01 

Solving SCF equations ... done (0.00 s)

Total energy                  : -7.6380081794679228e+01
DIIS error                    :  6.110644e-04
Energy change                 : -5.468103e-03
Max total density change      :  5.722346e-04
Max rms   density change      :  1.328771e-05
Dipole mu = (-0.00000000,  0.00000001, -1.80152014) D

Iteration took 0.16 s.

 ******* Iteration    7 ********
Forming Cholesky Coulomb matrix ... done (0.00 s)
Computing DFT exchange and correlation ... done (0.15 s)
Numerically integrated density is 10.00000 (-0.0000 %).
CDIIS weights
 2.30e-05  3.49e-05 -1.73e-03  3.03e-03  6.74e-03  7.97e-02  9.12e-01 

Solving SCF equations ... done (0.00 s)

Total energy                  : -7.6380082643591777e+01
DIIS error                    :  6.953392e-06
Energy change                 : -8.489125e-07
Max total density change      :  5.461122e-06
Max rms   density change      :  2.526783e-07
Dipole mu = (-0.00000000,  0.00000001, -1.80148051) D

Iteration took 0.16 s.

 ******* Iteration    8 ********
Forming Cholesky Coulomb matrix ... done (0.00 s)
Computing DFT exchange and correlation ... done (0.15 s)
Numerically integrated density is 10.00000 (-0.0000 %).
CDIIS weights
-1.00e-05  2.74e-06  5.99e-05 -1.70e-04 -3.87e-04 -1.55e-03  7.77e-02  9.24e-01 

Solving SCF equations ... done (0.00 s)

Total energy                  : -7.6380082643657829e+01
DIIS error                    :  7.562146e-07
Energy change                 : -6.605205e-11
Max total density change      :  1.212617e-06
Max rms   density change      :  3.169476e-08
Dipole mu = (-0.00000000,  0.00000001, -1.80148600) D

Iteration took 0.16 s.

 ******* Convergence achieved ********
Solution of RDFT took 1.39 s.

Kinetic               energy:  7.5973695377598361e+01
Nuclear attraction    energy: -1.9894532315918045e+02
Total one-electron    energy: -1.2297162778158264e+02
Nuclear repulsion     energy:  9.1892221210306353e+00
Coulomb               energy:  4.6638066647666378e+01
Exchange-correlation  energy: -9.2357436307722018e+00
Non-local correlation energy:  0.0000000000000000e+00
-----------------------------------------------------
                Total energy: -7.6380082643657829e+01
               Virial factor:  1.0053490522481456e+00

Dipole mu = (-0.00000000,  0.00000001, -1.80148600) D

HOMO-LUMO gap is    6.33 eV. Orbital energies:
     -18.7598*      -0.9332*      -0.4846*      -0.3439*      -0.2665*
      -0.0340        0.0171        0.0702        0.0870        0.0950 
       0.1052        0.1427        0.1611        0.1824        0.2094 
       0.2129        0.3009        0.3148        0.3284        0.4541 
       0.4990        0.5487        0.5699        0.5708        0.6604 
       0.6865        0.7022        0.7382        0.7418        0.7690 
       0.7902        0.7950        0.8583        0.8646        0.8881 
       0.9685        1.0192        1.0304        1.0782        1.2918 
       1.3182        1.3506        1.5266        1.5872        1.6966 
       1.8140        1.9340        1.9904        2.0081        2.0688 
       2.1134        2.1208        2.1599        2.3633        2.3753 
       2.4289        2.5130        2.5596        3.2552        3.3427 
       3.5636        3.6555        3.8040        3.8892        3.9191 
       4.0015        4.0132        4.0187        4.0832        4.2264 
       4.3790        4.7326        4.7553        4.8212        4.8511 
       5.0418        5.1915        5.6349        5.9500        6.1342 
       6.3296        6.5364        6.6223        6.6808        6.7010 
       6.7197        6.7437        6.9259        7.2757        7.3176 
       8.1730       14.8565 

Mulliken charges
   1 O           -0.313669
   2 H            0.156834
   3 H            0.156834
Sum of Mulliken charges 1.443290e-15

Electron density at nuclei
   1 O          297.597423
   2 H            0.421471
   3 H            0.421471

Running program took 4.18 s.
Current time is Fri 08 May 2026 16:38:34.
