ERKALE - HF/DFT from Hel, OpenMP version, running on 4 cores.
(c) Susi Lehtola, 2010-2016.

This program is free software; you can redistribute it and/or modify
it under the terms of the GNU General Public License as published by
the Free Software Foundation; either version 2 of the License, or
(at your option) any later version.

At svn revision 1938.

Running on host dx7-lehtola.chem.helsinki.fi.

Basis set cc-pVTZ found in file cc-pVTZ.gbs in /home/work/erkale/source/erkale.sap/basis/.

Current Settings used by ERKALE:
     AtomGuess      	                Auto	Method used for atomic guess (Auto for same as method)
     Basis          	             cc-pVTZ	Basis set used in calculation
     BasisCutoff    	           1.000e-08	Cutoff for dropping out small primitives from contraction
     BasisOrth      	                Auto	Method of orthonormalization of basis set
     BasisRotate    	               false	Rotate basis set to remove redundant functions?
     C1-DIIS        	               false	Use older version of DIIS (C1-DIIS instead of C2-DIIS)?
     Charge         	                   0	Total charge of system
     Cholesky       	               false	Use Cholesky decomposition?
     CholeskyMode   	                   0	Save/load integrals? 0 no, 1 save, -1 load
     CholeskyNAFThr 	           0.000e+00	Cholesky natural auxiliary function threshold
     CholeskyShThr  	           1.000e-02	Cholesky cache threshold
     CholeskyThr    	           1.000e-07	Cholesky decomposition threshold
     ConvThr        	           1.000e-06	Orbital gradient convergence threshold
     DFTDelta       	           1.000e+02	Switch to final DFT grid has converged within factor X
     DFTFinalTol    	           1.000e-05	Tolerance of final DFT grid
     DFTGrid        	             50 -194	DFT integration grid to use: nrad lmax or Auto for adaptive
     DFTInitialTol  	           1.000e-04	Tolerance of initial DFT grid
     DFTLobatto     	               false	Use Lobatto quadrature instead of Lebedev quadrature?
     DIISEps        	           1.000e-01	Start mixing in DIIS when error is
     DIISOrder      	                  10	How many DIIS iterations to keep in memory?
     DIISThr        	           1.000e-02	DIIS error threshold for DIIS updates
     DecFock        	               false	Use decontracted basis to calculate Fock matrix (direct HF)
     Decontract     	                    	Indices of atoms to decontract basis set for
     DensityFitting 	                true	Use density fitting / RI?
     DimerSymmetry  	               false	Do special calculation on dimer along z axis
     Direct         	                true	Calculate two-electron integrals (or density fitting) on-the-fly?
     EField         	         0.0 0.0 0.0	Electric field
     FittingBasis   	                Auto	Basis to use for density fitting / RI (Auto for automatic)
     FittingMemory  	                1000	Amount of memory in MB to use for exchange fitting
     FittingThreshold	           1.000e-08	Linear dependence threshold for Coulomb integrals in density fitting
     ForcePol       	               false	Force polarized calculation
     Guess          	              Atomic	Used guess: SAD (default), NO, core, or GWH
     InputBohr      	               false	Use atomic units as input units instead of angstrom?
     IntegralThresh 	           1.000e-14	Integral screening threshold
     LoadChk        	                    	File to load old results from
     Logfile        	H2O_tz_pbe_fitdir.log	File to print out full information, stdout for screen
     MaxIter        	                 100	Maximum number of iterations in SCF cycle
     Method         	 gga_x_pbe-gga_c_pbe	Method used in calculation (HF or a DFT functional)
     Multiplicity   	                   1	Spin multiplicity
     NLGrid         	             50 -194	Integration grid to use for nonlocal correlation: nrad lmax
     Occupancies    	                    	Orbital occupancies
     OptLM          	                true	If spherical harmonics used, use cartesian s and p functions?
     PZ             	               false	Perform Perdew-Zunger self-interaction correction?
     PZEthr         	           1.000e-10	Threshold for energy convergence
     PZIthr         	           1.000e-02	Threshold for initialization convergence (not too small!)
     PZNRthr        	           0.000e+00	Threshold for use of NR method in OO optimization
     PZOOthr        	           1.000e-04	Gradient threshold for OO optimization
     PZOVthr        	           1.000e-05	Gradient threshold for OV optimization
     PZimag         	                Auto	Imaginary degrees of freedom in PZ?
     PZiter         	                  20	Max number of iterations in self-consistency iteration
     PZloc          	                Auto	Initial localization before SIC calculation?
     PZlocmet       	                  FB	Initial localization method (recommend FB or IAO)
     PZmode         	                  XC	Apply PZ to the operators (in addition to J): X C D
     PZoo           	                true	Optimize OO block?
     PZov           	                true	Optimize OV block?
     PZprec         	                   1	Precondition OV block? 0: no, 1: unified, 2: orbital
     PZscale        	            Constant	Scaling for PZ: Constant, Density or Kinetic
     PZscaleExp     	           1.000e+00	Exponent in the dynamic scaling equation
     PZseed         	                   0	Seed number for randomized matrices?
     PZstab         	                   0	Stability analysis for PZ-SIC? 1 or -1 for OO, 2 or -2 for OO+OV
     PZstabThr      	           1.000e-03	Instability threshold (interpreted as -thr)
     PZw            	           1.000e+00	Weight for Perdew-Zunger self-interaction correction
     SaveChk        	H2O_tz_pbe_fitdir.chk	File to use as checkpoint
     Shift          	           0.000e+00	Level shift to use in Hartree
     StrictIntegrals	               false	Use strict integrals?
     System         	             H2O.xyz	System as an xyz file
     UseADIIS       	                true	Use ADIIS for Fock matrix interpolation?
     UseBroyden     	               false	Use Broyden mixing of Fock matrices?
     UseDIIS        	                true	Use Pulay's Direct Inversion in the Iterative Subspace?
     UseLM          	                true	Use a spherical harmonics basis set by default?
     UseTRRH        	               false	Use Trust-Region Roothaan-Hall?
     VV10           	                Auto	Use VV10 non-local correlation?
     VV10Pars       	                    	VV10 parameters: b C
     Verbose        	                true	Verbose calculation?

Performing gga_x_pbe-gga_c_pbe guess for atoms:
O : 1 (1.15 s)
H : 2 3 (0.32 s)
Atomic guess formed in 1.48 s.

There are 22 shells and 3 nuclei in the basis set.

List of nuclei, geometry in Ångström with three decimal places:
		 Z	    x	    y	    z
1	O	 8	  0.000	  0.000	  0.118
2	H	 1	  0.000	  0.755	 -0.471
3	H	 1	  0.000	 -0.755	 -0.471

Interatomic distance matrix:
          1O    2H 
   2H  0.958
   3H  0.958 1.511

List of basis functions:
Shell    1	S cart shell at nucleus   1 with with basis functions    1-1   
Shell    2	S cart shell at nucleus   1 with with basis functions    2-2   
Shell    3	S cart shell at nucleus   1 with with basis functions    3-3   
Shell    4	S cart shell at nucleus   1 with with basis functions    4-4   
Shell    5	P cart shell at nucleus   1 with with basis functions    5-7   
Shell    6	P cart shell at nucleus   1 with with basis functions    8-10  
Shell    7	P cart shell at nucleus   1 with with basis functions   11-13  
Shell    8	D  sph shell at nucleus   1 with with basis functions   14-18  
Shell    9	D  sph shell at nucleus   1 with with basis functions   19-23  
Shell   10	F  sph shell at nucleus   1 with with basis functions   24-30  
Shell   11	S cart shell at nucleus   2 with with basis functions   31-31  
Shell   12	S cart shell at nucleus   2 with with basis functions   32-32  
Shell   13	S cart shell at nucleus   2 with with basis functions   33-33  
Shell   14	P cart shell at nucleus   2 with with basis functions   34-36  
Shell   15	P cart shell at nucleus   2 with with basis functions   37-39  
Shell   16	D  sph shell at nucleus   2 with with basis functions   40-44  
Shell   17	S cart shell at nucleus   3 with with basis functions   45-45  
Shell   18	S cart shell at nucleus   3 with with basis functions   46-46  
Shell   19	S cart shell at nucleus   3 with with basis functions   47-47  
Shell   20	P cart shell at nucleus   3 with with basis functions   48-50  
Shell   21	P cart shell at nucleus   3 with with basis functions   51-53  
Shell   22	D  sph shell at nucleus   3 with with basis functions   54-58  

Basis set contains 58 functions, maximum angular momentum is 3.
Spherical harmonic Gaussians are used by default, there are 65 cartesians.

Forming overlap matrix ... done (0.00 s)
Forming kinetic energy matrix ... done (0.00 s)
Forming nuclear attraction matrix ... done (0.00 s)

Smallest eigenvalue of overlap matrix is 2.58e-03, ratio to largest is 4.16e-04.
Using symmetric orthogonalization.
Basis set diagonalized in 0.01 s.

Initializing density fitting calculation, requiring 621 ki memory ... done (0.18 s)
253 shell pairs out of 253 are significant.
Auxiliary basis contains 199 functions.

Initialization of computation done in 0.20 s.


A pure exchange functional used, no exact exchange.
Constructing static nrad=50 lmax=23 XC grid.
Composition of XC grid:
    atom Npoints     Nfuncs
    1 O     8206     415092
    2 H     8401     428020
    3 H     8401     428020
Forming density fitted Coulomb matrix ... done (0.15 s)
Computing DFT exchange and correlation ... done (0.13 s)
Numerically integrated density is 10.00000 (-0.0000 %).
Solving SCF equations ... done (0.26 s)

Kinetic               energy:  7.5632462883280255e+01
Nuclear attraction    energy: -1.9729084645856449e+02
Total one-electron    energy: -1.2165838357528419e+02
Nuclear repulsion     energy:  9.1892221210306353e+00
Coulomb               energy:  4.5171418979605441e+01
Exchange-correlation  energy: -9.0629049977015619e+00
Non-local correlation energy:  0.0000000000000000e+00
-----------------------------------------------------
                Total energy: -7.6360647472349669e+01
               Virial factor:  1.0096279370168493e+00

Dipole mu = ( 0.00000000,  0.00000000,  0.00000057) D

HOMO-LUMO gap is    0.47 eV. Orbital energies:
     -18.9638*      -1.0683*      -0.5997*      -0.4826*      -0.4083*
      -0.0335        0.0353        0.2821        0.3296        0.3914 
       0.4541        0.5190        0.5361        0.5948        0.6835 
       0.7885        0.9385        1.1834        1.2047        1.5946 
       1.6153        1.6744        1.7274        1.7832        2.1117 
       2.4496        2.9055        3.0550        3.1330        3.1503 
       3.2324        3.3702        3.4658        3.5125        3.5468 
       3.5503        3.5751        3.8566        3.8693        4.0821 
       4.1041        4.3575        4.5534        4.6063        4.8546 
       5.3508        5.8773        6.1069        6.1103        6.2186 
       6.2831        6.3419        6.3762        6.5304        6.6852 
       7.0370        7.5054       11.8819 
Used exchange functional is gga_x_pbe, 'Perdew, Burke & Ernzerhof', defined in the reference(s):
J. P. Perdew, K. Burke, and M. Ernzerhof, Phys. Rev. Lett. 77, 3865 (1996) (DOI 10.1103/PhysRevLett.77.3865)
J. P. Perdew, K. Burke, and M. Ernzerhof, Phys. Rev. Lett. 78, 1396 (1997) (DOI 10.1103/PhysRevLett.78.1396)

Used correlation functional is gga_c_pbe, 'Perdew, Burke & Ernzerhof', defined in the reference(s):
J. P. Perdew, K. Burke, and M. Ernzerhof, Phys. Rev. Lett. 77, 3865 (1996) (DOI 10.1103/PhysRevLett.77.3865)
J. P. Perdew, K. Burke, and M. Ernzerhof, Phys. Rev. Lett. 78, 1396 (1997) (DOI 10.1103/PhysRevLett.78.1396)

HOMO-LUMO gap is   10.20 eV. Energies of lowest lying orbitals:
     -18.9638*      -1.0683*      -0.5997*      -0.4826*      -0.4083*
      -0.0335        0.0353        0.2821        0.3296        0.3914 

A pure exchange functional used, no exact exchange.
Constructing static nrad=50 lmax=23 XC grid.
Composition of XC grid:
    atom Npoints     Nfuncs
    1 O     8206     415092
    2 H     8401     428020
    3 H     8401     428020

 ******* Iteration    1 ********
Forming density fitted Coulomb matrix ... done (0.08 s)
Computing DFT exchange and correlation ... done (0.12 s)
Numerically integrated density is 10.00000 (-0.0000 %).
ADIIS weights
 1.00e+00 
CDIIS weights
 1.00e+00 
 DIIS weights
 1.00e+00 

Solving SCF equations ... done (0.00 s)

Total energy                  : -7.6282612311936077e+01
DIIS error                    :  2.472472e-01
Energy change                 : -7.628261e+01
Max total density change      :  4.387718e-01
Max rms   density change      :  1.831452e-02
Dipole mu = ( 0.00000000,  0.00000000,  0.29103740) D

Iteration took 0.21 s.

 ******* Iteration    2 ********
Forming density fitted Coulomb matrix ... done (0.13 s)
Computing DFT exchange and correlation ... done (0.11 s)
Numerically integrated density is 10.00000 (+0.0000 %).
ADIIS weights
 7.42e-01  2.58e-01 
CDIIS weights
 6.57e-01  3.43e-01 
 DIIS weights
 7.42e-01  2.58e-01 

Solving SCF equations ... done (0.00 s)

Total energy                  : -7.6040116841366384e+01
DIIS error                    :  5.103070e-01
Energy change                 :  2.424955e-01
Max total density change      :  2.134709e-01
Max rms   density change      :  8.978519e-03
Dipole mu = ( 0.00000000, -0.00000000, -1.46241737) D

Iteration took 0.24 s.

 ******* Iteration    3 ********
Forming density fitted Coulomb matrix ... done (0.06 s)
Computing DFT exchange and correlation ... done (0.11 s)
Numerically integrated density is 10.00000 (-0.0000 %).
ADIIS weights
 2.01e-01  2.28e-16  7.99e-01 
CDIIS weights
 2.46e-01 -7.26e-02  8.26e-01 
 DIIS weights
 2.01e-01  2.28e-16  7.99e-01 

Solving SCF equations ... done (0.00 s)

Total energy                  : -7.6355026863375443e+01
DIIS error                    :  1.205123e-01
Energy change                 : -3.149100e-01
Max total density change      :  1.216866e-01
Max rms   density change      :  4.959703e-03
Dipole mu = ( 0.00000000,  0.00000000, -2.13267938) D

Iteration took 0.17 s.

 ******* Iteration    4 ********
Forming density fitted Coulomb matrix ... done (0.08 s)
Computing DFT exchange and correlation ... done (0.13 s)
Numerically integrated density is 10.00000 (-0.0000 %).
ADIIS weights
 4.88e-15  3.88e-14  3.38e-01  6.62e-01 
CDIIS weights
 1.09e-02 -2.61e-02  4.80e-01  5.35e-01 
 DIIS weights
 4.88e-15  3.88e-14  3.38e-01  6.62e-01 

Solving SCF equations ... done (0.00 s)

Total energy                  : -7.6365337568572755e+01
DIIS error                    :  7.679167e-02
Energy change                 : -1.031071e-02
Max total density change      :  6.172437e-02
Max rms   density change      :  2.500350e-03
Dipole mu = ( 0.00000000, -0.00000000, -1.80543955) D

Iteration took 0.21 s.

 ******* Iteration    5 ********
Forming density fitted Coulomb matrix ... done (0.05 s)
Computing DFT exchange and correlation ... done (0.12 s)
Numerically integrated density is 10.00000 (-0.0000 %).
ADIIS weights
 1.09e-16  2.55e-15  5.09e-15  5.35e-02  9.47e-01 
CDIIS weights
-5.85e-03 -5.05e-03  1.85e-02  2.21e-01  7.72e-01 
 DIIS weights
-5.16e-03 -4.45e-03  1.63e-02  2.01e-01  7.92e-01 

Solving SCF equations ... done (0.00 s)

Total energy                  : -7.6372384462245194e+01
DIIS error                    :  2.071731e-02
Energy change                 : -7.046894e-03
Max total density change      :  1.487978e-02
Max rms   density change      :  6.061779e-04
Dipole mu = ( 0.00000000, -0.00000000, -1.88361091) D

Iteration took 0.27 s.

 ******* Iteration    6 ********
Forming density fitted Coulomb matrix ... done (0.06 s)
Computing DFT exchange and correlation ... done (0.15 s)
Numerically integrated density is 10.00000 (-0.0000 %).
ADIIS weights
 4.30e-13  1.32e-15  2.52e-11  8.10e-12  8.01e-10  1.00e+00 
CDIIS weights
-8.10e-04  1.68e-04 -1.20e-02  9.75e-03  2.18e-01  7.85e-01 
 DIIS weights
-8.10e-04  1.68e-04 -1.20e-02  9.75e-03  2.18e-01  7.85e-01 

Solving SCF equations ... done (0.00 s)

Total energy                  : -7.6372906121623657e+01
DIIS error                    :  3.349752e-03
Energy change                 : -5.216594e-04
Max total density change      :  2.058272e-03
Max rms   density change      :  8.428151e-05
Dipole mu = ( 0.00000000,  0.00000000, -1.87337353) D

Iteration took 0.21 s.

 ******* Iteration    7 ********
Forming density fitted Coulomb matrix ... done (0.06 s)
Computing DFT exchange and correlation ... done (0.10 s)
Numerically integrated density is 10.00000 (-0.0000 %).
ADIIS weights
 2.08e-13  9.07e-16  4.24e-13  6.96e-12  1.16e-10  3.01e-09  1.00e+00 
CDIIS weights
-1.15e-04  6.14e-05 -1.19e-03 -4.41e-04  1.86e-02  9.92e-02  8.84e-01 
 DIIS weights
-1.15e-04  6.14e-05 -1.19e-03 -4.41e-04  1.86e-02  9.92e-02  8.84e-01 

Solving SCF equations ... done (0.00 s)

Total energy                  : -7.6372920057199764e+01
DIIS error                    :  7.989506e-06
Energy change                 : -1.393558e-05
Max total density change      :  1.072044e-05
Max rms   density change      :  4.326581e-07
Dipole mu = ( 0.00000000, -0.00000000, -1.87324602) D

Iteration took 0.17 s.

 ******* Iteration    8 ********
Forming density fitted Coulomb matrix ... done (0.07 s)
Computing DFT exchange and correlation ... done (0.12 s)
Numerically integrated density is 10.00000 (-0.0000 %).
ADIIS weights
 3.42e-15  4.70e-18  5.24e-15  5.27e-12  8.70e-11  2.69e-10  4.99e-01  5.01e-01 
CDIIS weights
-1.18e-06  4.23e-06 -3.94e-05 -7.22e-05  9.23e-05  9.48e-04  7.88e-02  9.20e-01 
 DIIS weights
-1.18e-06  4.23e-06 -3.94e-05 -7.22e-05  9.23e-05  9.48e-04  7.88e-02  9.20e-01 

Solving SCF equations ... done (0.00 s)

Total energy                  : -7.6372920057458799e+01
DIIS error                    :  1.839528e-06
Energy change                 : -2.590355e-10
Max total density change      :  1.172390e-06
Max rms   density change      :  6.176663e-08
Dipole mu = ( 0.00000000, -0.00000000, -1.87324845) D

Iteration took 0.20 s.

 ******* Iteration    9 ********
Forming density fitted Coulomb matrix ... done (0.06 s)
Computing DFT exchange and correlation ... done (0.13 s)
Numerically integrated density is 10.00000 (-0.0000 %).
ADIIS weights
 3.15e-14  7.95e-17  6.92e-15  9.89e-14  1.63e-12  5.41e-11  3.33e-01  3.34e-01  3.34e-01 
CDIIS weights
-1.20e-07  2.21e-07 -2.08e-06 -1.65e-06 -6.09e-06 -1.03e-04  4.16e-03  8.98e-02  9.06e-01 
 DIIS weights
-1.20e-07  2.21e-07 -2.08e-06 -1.65e-06 -6.09e-06 -1.03e-04  4.16e-03  8.98e-02  9.06e-01 

Solving SCF equations ... done (0.00 s)

Total energy                  : -7.6372920057462721e+01
DIIS error                    :  5.917554e-08
Energy change                 : -3.922196e-12
Max total density change      :  8.501167e-08
Max rms   density change      :  2.817298e-09
Dipole mu = ( 0.00000000, -0.00000000, -1.87324793) D

Iteration took 0.22 s.

 ******* Convergence achieved ********
Solution of RDFT took 2.01 s.

Kinetic               energy:  7.6027043431178811e+01
Nuclear attraction    energy: -1.9913712395659712e+02
Total one-electron    energy: -1.2311008052541862e+02
Nuclear repulsion     energy:  9.1892221210306353e+00
Coulomb               energy:  4.6804724362840695e+01
Exchange-correlation  energy: -9.2567860159154218e+00
Non-local correlation energy:  0.0000000000000000e+00
-----------------------------------------------------
                Total energy: -7.6372920057462721e+01
               Virial factor:  1.0045493894103221e+00

Dipole mu = ( 0.00000000, -0.00000000, -1.87324793) D

HOMO-LUMO gap is    7.00 eV. Orbital energies:
     -18.7389*      -0.9183*      -0.4714*      -0.3272*      -0.2488*
       0.0084        0.0812        0.3379        0.3844        0.4645 
       0.5452        0.5911        0.5925        0.6465        0.7406 
       0.8812        0.9785        1.2425        1.2684        1.7056 
       1.7257        1.7562        1.8286        1.8975        2.1810 
       2.5381        2.9792        3.1224        3.1982        3.2863 
       3.2906        3.4449        3.5144        3.5754        3.6157 
       3.6361        3.6997        3.9258        3.9503        4.1764 
       4.1953        4.4392        4.6636        4.7315        4.9891 
       5.4988        6.0101        6.2911        6.2936        6.3871 
       6.4263        6.4754        6.5465        6.6718        6.8400 
       7.1855        7.6495       12.0215 

Mulliken charges
   1 O           -0.412953
   2 H            0.206477
   3 H            0.206477
Sum of Mulliken charges -1.310063e-14

Electron density at nuclei
   1 O          297.534845
   2 H            0.425950
   3 H            0.425950

Running program took 4.37 s.
Current time is Sat 22 Sep 2018 22:39:32.
