ERKALE - HF/DFT from Hel, OpenMP version, running on 6 cores.
(c) Susi Lehtola, 2010-2016.

This program is free software; you can redistribute it and/or modify
it under the terms of the GNU General Public License as published by
the Free Software Foundation; either version 2 of the License, or
(at your option) any later version.

Running on host lenovo.

Basis set cc-pVTZ found in file cc-pVTZ.gbs in /home/work/erkale/basis/.

Current Settings used by ERKALE:
     AtomGuess      	                Auto	Method used for atomic guess (Auto for same as method)
     Basis          	             cc-pVTZ	Basis set used in calculation
     BasisCutoff    	           1.000e-08	Cutoff for dropping out small primitives from contraction
     BasisOrth      	                Auto	Method of orthonormalization of basis set
     BasisRotate    	               false	Rotate basis set to remove redundant functions?
     Charge         	                   1	Total charge of system
     CholDepThresh  	           1.000e-07	Partial Cholesky decomposition threshold
     Cholesky       	                true	Use Cholesky decomposition?
     CholeskyMode   	                   0	Save/load integrals? 0 no, 1 save, -1 load
     CholeskyNAFThr 	           0.000e+00	Cholesky natural auxiliary function threshold
     CholeskyShThr  	           1.000e-02	Cholesky cache threshold
     CholeskyThr    	           1.000e-07	Cholesky decomposition threshold
     Confinement    	         0.0 0.0 0.0	Confinement potential V(r) = V_i x_i^2
     ConvThr        	           1.000e-06	Orbital gradient convergence threshold
     DFTBasisThr    	           1.000e-10	Threshold for screening basis functions on grid
     DFTCpars       	                    	Override parameters of correlation functional (expert)
     DFTDelta       	           1.000e+02	Switch to final DFT grid has converged within factor X
     DFTDensityThr  	           1.000e-10	Threshold for screening density on grid
     DFTFinalTol    	           1.000e-05	Tolerance of final DFT grid
     DFTGrid        	             50 -302	DFT integration grid to use: nrad lmax or Auto for adaptive
     DFTInitialTol  	           1.000e-04	Tolerance of initial DFT grid
     DFTLobatto     	               false	Use Lobatto quadrature instead of Lebedev quadrature?
     DFTQuadThresh  	           2.220e-16	Threshold for pruning points with small quadrature weight
     DFTXpars       	                    	Override parameters of exchange functional (expert)
     DIISComb       	               false	Combine alpha and beta errors in unrestricted calcs?
     DIISEps        	           1.000e-01	Start mixing in DIIS when error is
     DIISOrder      	                  10	How many DIIS iterations to keep in memory?
     DIISThr        	           1.000e-02	DIIS error threshold for DIIS updates
     DecFock        	               false	Use decontracted basis to calculate Fock matrix (direct HF)
     Decontract     	                    	Indices of atoms to decontract basis set for
     DensityFitting 	               false	Use density fitting / RI?
     Direct         	               false	Calculate two-electron integrals (or density fitting) on-the-fly?
     EField         	         0.0 0.0 0.0	Electric field
     FittingBasis   	                Auto	Basis to use for density fitting / RI (Auto for automatic)
     FittingCholeskyThreshold	           1.000e-08	Linear dependence threshold for pivoted Cholesky of Coulomb integrals in density fitting
     FittingMemory  	                1000	Amount of memory in MB to use for exchange fitting
     FittingThreshold	           1.000e-07	Linear dependence threshold for Coulomb integrals in density fitting
     ForcePol       	               false	Force polarized calculation
     Guess          	                Core	Used guess: SAD (default), SADNO, core, GWH, SAP, or SAPfit
     InputBohr      	               false	Use atomic units as input units instead of angstrom?
     IntegralThresh 	           1.000e-14	Integral screening threshold
     Kgwh           	           1.750e+00	Scaling constant for GWH
     LinDepThresh   	           1.000e-05	Basis set linear dependency threshold
     LinearB        	           0.000e+00	Magnetic field along bond axis
     LinearFreeze   	               false	If using linear symmetry, freeze symmetry to input guess
     LinearOccupationFile	         linoccs.dat	File to read linear occupations from
     LinearOccupations	                   0	Read in occupations for linear molecule calculations?
     LinearSymmetry 	               false	Do special calculation on linear molecule along z axis
     LoadChk        	                    	File to load old results from
     Logfile        	     Mg+_tpss_tz.log	File to print out full information, stdout for screen
     MaxIter        	                 100	Maximum number of iterations in SCF cycle
     Method         	mgga_x_tpss-mgga_c_tpss	Method used in calculation (HF or a DFT functional)
     Multiplicity   	                   2	Spin multiplicity
     NLGrid         	             50 -194	Integration grid to use for nonlocal correlation: nrad lmax
     Occupancies    	                    	Orbital occupancies
     OptLM          	                true	If spherical harmonics used, use cartesian s and p functions?
     PZ             	               false	Perform Perdew-Zunger self-interaction correction?
     PZEthr         	           1.000e-10	Threshold for energy convergence
     PZIthr         	           1.000e-02	Threshold for initialization convergence (not too small!)
     PZNRthr        	           0.000e+00	Threshold for use of NR method in OO optimization
     PZOOthr        	           1.000e-04	Gradient threshold for OO optimization
     PZOVthr        	           1.000e-05	Gradient threshold for OV optimization
     PZimag         	                Auto	Imaginary degrees of freedom in PZ?
     PZiter         	                  20	Max number of iterations in self-consistency iteration
     PZloc          	                Auto	Initial localization before SIC calculation?
     PZlocmet       	                  FB	Initial localization method (recommend FB or IAO)
     PZmode         	                  XC	Apply PZ to the operators (in addition to J): X C D
     PZoo           	                true	Optimize OO block?
     PZov           	                true	Optimize OV block?
     PZprec         	                   1	Precondition OV block? 0: no, 1: unified, 2: orbital
     PZrand         	                true	Apply random rotation in PZ initialization? (Should be true)
     PZscale        	            Constant	Scaling for PZ: Constant, Density or Kinetic
     PZscaleExp     	           1.000e+00	Exponent in the dynamic scaling equation
     PZseed         	                   0	Seed number for randomized matrices?
     PZstab         	                   0	Stability analysis for PZ-SIC? 1 or -1 for OO, 2 or -2 for OO+OV
     PZstabThr      	           1.000e-03	Instability threshold (interpreted as -thr)
     PZw            	           1.000e+00	Weight for Perdew-Zunger self-interaction correction
     SAPBasis       	    helfem_large.gbs	Tabulated atomic effective potential "basis set"
     SAPGrid        	                    	SAP integration grid to use: nrad lmax or leave empty
     SaveChk        	     Mg+_tpss_tz.chk	File to use as checkpoint
     Shift          	           0.000e+00	Level shift to use in Hartree
     System         	              Mg.xyz	System as an xyz file
     TRRHminS       	           9.750e-01	Trust-Region Roothaan-Hall minimal occupied orbital overlap
     UseADIIS       	                true	Use ADIIS for Fock matrix interpolation?
     UseBroyden     	               false	Use Broyden mixing of Fock matrices?
     UseDIIS        	                true	Use Pulay's Direct Inversion in the Iterative Subspace?
     UseLM          	                true	Use a spherical harmonics basis set by default?
     UseTRRH        	               false	Use Trust-Region Roothaan-Hall?
     VV10           	                Auto	Use VV10 non-local correlation?
     VV10Pars       	                    	VV10 parameters: b C
     Verbose        	                true	Verbose calculation?

There are 12 shells and 1 nuclei in the basis set.

List of nuclei, geometry in Ångström with three decimal places:
		 Z	    x	    y	    z
1	Mg	 12	  0.000	  0.000	  0.000

List of basis functions:
Shell    1	S cart shell at nucleus   1 with with basis functions    1-1   
Shell    2	S cart shell at nucleus   1 with with basis functions    2-2   
Shell    3	S cart shell at nucleus   1 with with basis functions    3-3   
Shell    4	S cart shell at nucleus   1 with with basis functions    4-4   
Shell    5	S cart shell at nucleus   1 with with basis functions    5-5   
Shell    6	P cart shell at nucleus   1 with with basis functions    6-8   
Shell    7	P cart shell at nucleus   1 with with basis functions    9-11  
Shell    8	P cart shell at nucleus   1 with with basis functions   12-14  
Shell    9	P cart shell at nucleus   1 with with basis functions   15-17  
Shell   10	D  sph shell at nucleus   1 with with basis functions   18-22  
Shell   11	D  sph shell at nucleus   1 with with basis functions   23-27  
Shell   12	F  sph shell at nucleus   1 with with basis functions   28-34  

Basis set contains 34 functions, maximum angular momentum is 3.
Spherical harmonic Gaussians are used by default, there are 39 cartesians.

Forming overlap matrix ... done (0.00 s)
Forming kinetic energy matrix ... done (0.00 s)
Forming nuclear attraction matrix ... done (0.00 s)

Smallest eigenvalue of overlap matrix is 4.56e-03, reciprocal condition number is 1.67e-03.
Using symmetric orthogonalization.
Basis set diagonalized in 0.00 s.

Computing repulsion integrals.
Screening by shell pairs and symmetry reduced dofs by factor 1.94.
Individual screening reduced dofs by a total factor 1.94.
Computing Cholesky vectors. Estimated memory size is 474 ki - 1 Mi.
Cholesky vectors no     0 -     0 computed, error is 9.329693e-01 (0.00 s).
Cholesky vectors no     1 -     6 computed, error is 2.667011e-01 (0.00 s).
Cholesky vectors no     7 -     9 computed, error is 2.510342e-01 (0.00 s).
Cholesky vectors no    10 -    24 computed, error is 6.985810e-02 (0.00 s).
Cholesky vectors no    25 -    30 computed, error is 6.879405e-02 (0.00 s).
Cholesky vectors no    31 -    51 computed, error is 5.613130e-02 (0.00 s).
Cholesky vectors no    52 -    54 computed, error is 1.668852e-02 (0.00 s).
Cholesky vectors no    55 -    57 computed, error is 1.660191e-02 (0.00 s).
Cholesky vectors no    58 -    85 computed, error is 1.445860e-02 (0.00 s).
Cholesky vectors no    86 -    86 computed, error is 5.969873e-03 (0.00 s).
Cholesky vectors no    87 -    96 computed, error is 3.357122e-03 (0.00 s).
Cholesky vectors no    97 -    99 computed, error is 2.961528e-03 (0.00 s).
Cholesky vectors no   100 -   114 computed, error is 1.388175e-03 (0.00 s).
Cholesky vectors no   115 -   115 computed, error is 1.290728e-03 (0.00 s).
Cholesky vectors no   116 -   125 computed, error is 1.132400e-03 (0.00 s).
Cholesky vectors no   126 -   146 computed, error is 6.365401e-04 (0.00 s).
Cholesky vectors no   147 -   151 computed, error is 1.116026e-04 (0.00 s).
Cholesky vectors no   152 -   152 computed, error is 9.843138e-05 (0.00 s).
Cholesky vectors no   153 -   158 computed, error is 5.633305e-05 (0.00 s).
Cholesky vectors no   159 -   159 computed, error is 3.912560e-05 (0.00 s).
Cholesky vectors no   160 -   173 computed, error is 3.808387e-05 (0.00 s).
Cholesky vectors no   174 -   183 computed, error is 1.098561e-05 (0.00 s).
Cholesky vectors no   184 -   190 computed, error is 5.374890e-06 (0.00 s).
Cholesky vectors no   191 -   204 computed, error is 1.717541e-06 (0.00 s).
Cholesky vectors no   205 -   207 computed, error is 7.654927e-07 (0.00 s).
Cholesky vectors no   208 -   208 computed, error is 5.380840e-07 (0.00 s).
Cholesky vectors no   209 -   215 computed, error is 4.092071e-07 (0.00 s).
Cholesky vectors no   216 -   216 computed, error is 1.795662e-07 (0.00 s).
Cholesky vectors no   217 -   221 computed, error is 1.277675e-07 (0.00 s).
Cholesky vectors no   222 -   222 computed, error is 5.227668e-08 (0.00 s).
Cholesky decomposition finished in 0.30 s. Realized memory size is 1 Mi 370 ki.
Time use: integrals 95.3 %, linear algebra 4.7 %.
78 shell pairs out of 78 are significant.

Initialization of computation done in 0.38 s.

Used exchange functional is mgga_x_tpss, 'Tao, Perdew, Staroverov & Scuseria', defined in the reference(s):
J. Tao, J. P. Perdew, V. N. Staroverov, and G. E. Scuseria.,  Phys. Rev. Lett. 91, 146401 (2003) (DOI 10.1103/PhysRevLett.91.146401)
J. P. Perdew, J. Tao, V. N. Staroverov, and G. E. Scuseria.,  J. Chem. Phys. 120, 6898 (2004) (DOI 10.1063/1.1665298)
Functional is a tau-mGGA

Used correlation functional is mgga_c_tpss, 'Tao, Perdew, Staroverov & Scuseria', defined in the reference(s):
J. Tao, J. P. Perdew, V. N. Staroverov, and G. E. Scuseria.,  Phys. Rev. Lett. 91, 146401 (2003) (DOI 10.1103/PhysRevLett.91.146401)
J. P. Perdew, J. Tao, V. N. Staroverov, and G. E. Scuseria.,  J. Chem. Phys. 120, 6898 (2004) (DOI 10.1063/1.1665298)
Functional is a tau-mGGA

alpha: HOMO-LUMO gap is   32.90 eV. Energies of lowest lying orbitals:
     -71.9364*     -17.0579*     -16.0975*     -16.0975*     -16.0975*
      -6.4373*      -5.2282       -5.2282       -5.2282       -4.6293 
      -4.6293       -4.6293       -4.6293       -4.6293       -3.2604 
beta:  HOMO-LUMO gap is  262.87 eV. Energies of lowest lying orbitals:
     -71.9364*     -17.0579*     -16.0975*     -16.0975*     -16.0975*
      -6.4373       -5.2282       -5.2282       -5.2282       -4.6293 

A pure exchange functional used, no exact exchange.
Constructing static nrad=50 lmax=29 XC grid.
Composition of XC grid:
    atom Npoints     Nfuncs
    1 Mg   14496     466892

 ******* Iteration    1 ********
Forming Cholesky Coulomb matrix ... done (0.00 s)
Computing DFT exchange and correlation ... done (0.07 s)
Numerically integrated density is 11.00000 (+0.0000 %).
ADIIS weights
 1.00e+00 

Solving SCF equations ... done (0.00 s)

Total energy                  : -1.9841116685118723e+02
DIIS error                    :  7.933629e-01
Energy change                 : -1.984112e+02
Max total density change      :  1.173689e+01
Max rms   density change      :  8.893503e-01
Max total alpha density change:  2.163178e+01
Max rms   alpha density change:  1.529485e+00
Max total beta  density change:  3.125890e+00
Max rms   beta  density change:  3.710431e-01
Dipole mu = ( 0.00000000, -0.00000000,  0.00000000) D

Iteration took 0.07 s.

 ******* Iteration    2 ********
Forming Cholesky Coulomb matrix ... done (0.00 s)
Computing DFT exchange and correlation ... done (0.07 s)
Numerically integrated density is 11.00000 (+0.0000 %).
ADIIS weights
 4.99e-21  1.00e+00 

Solving SCF equations ... done (0.00 s)

Total energy                  : -1.9964542545114688e+02
DIIS error                    :  2.670084e-01
Energy change                 : -1.234259e+00
Max total density change      :  1.110269e+00
Max rms   density change      :  1.159171e-01
Max total alpha density change:  1.186502e+00
Max rms   alpha density change:  1.304384e-01
Max total beta  density change:  1.034037e+00
Max rms   beta  density change:  1.039899e-01
Dipole mu = ( 0.00000000,  0.00000000, -0.00000000) D

Iteration took 0.07 s.

 ******* Iteration    3 ********
Forming Cholesky Coulomb matrix ... done (0.00 s)
Computing DFT exchange and correlation ... done (0.07 s)
Numerically integrated density is 11.00000 (+0.0000 %).
ADIIS weights
 4.27e-18  6.13e-16  1.00e+00 
CDIIS weights
-2.97e-02  2.15e-01  8.15e-01 
 DIIS weights
-1.49e-03  1.08e-02  9.91e-01 

Solving SCF equations ... done (0.00 s)

Total energy                  : -1.9978853419330989e+02
DIIS error                    :  9.548731e-02
Energy change                 : -1.431087e-01
Max total density change      :  3.724600e-01
Max rms   density change      :  3.728514e-02
Max total alpha density change:  6.522000e-01
Max rms   alpha density change:  4.243866e-02
Max total beta  density change:  3.695589e-01
Max rms   beta  density change:  3.540196e-02
Dipole mu = ( 0.00000000, -0.00000000,  0.00000000) D

Iteration took 0.07 s.

 ******* Iteration    4 ********
Forming Cholesky Coulomb matrix ... done (0.00 s)
Computing DFT exchange and correlation ... done (0.06 s)
Numerically integrated density is 11.00000 (+0.0000 %).
ADIIS weights
 4.04e-17  1.31e-14  7.34e-14  1.00e+00 
CDIIS weights
-2.97e-04 -4.21e-02  1.86e-01  8.56e-01 
 DIIS weights
-2.23e-04 -3.15e-02  1.39e-01  8.92e-01 

Solving SCF equations ... done (0.00 s)

Total energy                  : -1.9980752274286704e+02
DIIS error                    :  3.261574e-02
Energy change                 : -1.898855e-02
Max total density change      :  1.101242e-01
Max rms   density change      :  1.087165e-02
Max total alpha density change:  1.639061e-01
Max rms   alpha density change:  1.226412e-02
Max total beta  density change:  1.062173e-01
Max rms   beta  density change:  1.014424e-02
Dipole mu = (-0.00000000, -0.00000000, -0.00000000) D

Iteration took 0.07 s.

 ******* Iteration    5 ********
Forming Cholesky Coulomb matrix ... done (0.00 s)
Computing DFT exchange and correlation ... done (0.07 s)
Numerically integrated density is 11.00000 (+0.0000 %).
CDIIS weights
 4.55e-05 -2.34e-03 -7.12e-03  8.41e-02  9.25e-01 

Solving SCF equations ... done (0.00 s)

Total energy                  : -1.9981011027623569e+02
DIIS error                    :  3.044265e-03
Energy change                 : -2.587533e-03
Max total density change      :  9.135055e-03
Max rms   density change      :  9.056485e-04
Max total alpha density change:  1.531306e-02
Max rms   alpha density change:  1.008969e-03
Max total beta  density change:  9.231028e-03
Max rms   beta  density change:  8.776015e-04
Dipole mu = (-0.00000000, -0.00000000, -0.00000000) D

Iteration took 0.07 s.

 ******* Iteration    6 ********
Forming Cholesky Coulomb matrix ... done (0.00 s)
Computing DFT exchange and correlation ... done (0.07 s)
Numerically integrated density is 11.00000 (+0.0000 %).
CDIIS weights
-5.39e-07 -6.58e-04  2.07e-03  1.08e-02 -1.15e-03  9.89e-01 

Solving SCF equations ... done (0.00 s)

Total energy                  : -1.9981013200641902e+02
DIIS error                    :  1.523229e-05
Energy change                 : -2.173018e-05
Max total density change      :  1.530256e-05
Max rms   density change      :  1.288500e-06
Max total alpha density change:  1.317748e-05
Max rms   alpha density change:  1.265813e-06
Max total beta  density change:  1.742764e-05
Max rms   beta  density change:  1.571872e-06
Dipole mu = ( 0.00000000, -0.00000000, -0.00000000) D

Iteration took 0.07 s.

 ******* Iteration    7 ********
Forming Cholesky Coulomb matrix ... done (0.00 s)
Computing DFT exchange and correlation ... done (0.07 s)
Numerically integrated density is 11.00000 (+0.0000 %).
CDIIS weights
 3.19e-07 -2.05e-05  1.32e-04  5.88e-05 -5.05e-03 -4.29e-02  1.05e+00 

Solving SCF equations ... done (0.00 s)

Total energy                  : -1.9981013200718382e+02
DIIS error                    :  1.359756e-06
Energy change                 : -7.647998e-10
Max total density change      :  2.427763e-06
Max rms   density change      :  1.943553e-07
Max total alpha density change:  4.869376e-06
Max rms   alpha density change:  3.559241e-07
Max total beta  density change:  7.107783e-07
Max rms   beta  density change:  8.677369e-08
Dipole mu = (-0.00000000, -0.00000000, -0.00000000) D

Iteration took 0.07 s.

 ******* Iteration    8 ********
Forming Cholesky Coulomb matrix ... done (0.00 s)
Computing DFT exchange and correlation ... done (0.09 s)
Numerically integrated density is 11.00000 (+0.0000 %).
CDIIS weights
-2.70e-08 -5.99e-07  6.97e-06 -2.78e-06 -2.88e-04  4.25e-03 -8.86e-03  1.00e+00 

Solving SCF equations ... done (0.00 s)

Total energy                  : -1.9981013200719121e+02
DIIS error                    :  4.442004e-08
Energy change                 : -7.389644e-12
Max total density change      :  7.003989e-08
Max rms   density change      :  6.220578e-09
Max total alpha density change:  1.378233e-07
Max rms   alpha density change:  8.950045e-09
Max total beta  density change:  1.356671e-07
Max rms   beta  density change:  1.205807e-08
Dipole mu = ( 0.00000000,  0.00000000, -0.00000000) D

Iteration took 0.09 s.

 ******* Convergence achieved ********
Solution of UDFT took 0.64 s.

Kinetic               energy:  1.9895698254808119e+02
Nuclear attraction    energy: -4.7444649356208009e+02
Total one-electron    energy: -2.7548951101399894e+02
Nuclear repulsion     energy:  0.0000000000000000e+00
Coulomb               energy:  9.1943197459874867e+01
Exchange-correlation  energy: -1.6263818453067142e+01
Non-local correlation energy:  0.0000000000000000e+00
-----------------------------------------------------
                Total energy: -1.9981013200719121e+02
               Virial factor:  1.0042881101642354e+00

Dipole mu = ( 0.00000000,  0.00000000, -0.00000000) D

alpha: HOMO-LUMO gap is    4.41 eV. Orbital energies:
     -46.7990*      -3.3083*      -2.0694*      -2.0694*      -2.0694*
      -0.4352*      -0.2730       -0.2730       -0.2730       -0.1141 
      -0.0708       -0.0708       -0.0708       -0.0490       -0.0490 
      -0.0490       -0.0490       -0.0490        0.2970        0.2970 
       0.2970        0.5061        0.5061        0.5061        0.5061 
       0.5061        0.5149        0.5149        0.5149        0.5149 
       0.5149        0.5149        0.5149        0.5899 
beta:  HOMO-LUMO gap is   46.42 eV. Orbital energies:
     -46.7963*      -3.3027*      -2.0638*      -2.0638*      -2.0638*
      -0.3580       -0.1924       -0.1924       -0.1924       -0.0639 
      -0.0297       -0.0297       -0.0297        0.0375        0.0375 
       0.0375        0.0375        0.0375        0.3373        0.3373 
       0.3373        0.5418        0.5418        0.5418        0.5418 
       0.5418        0.5842        0.5842        0.5842        0.5842 
       0.5842        0.5842        0.5842        0.6263 

Mulliken charges: alpha, beta, total (incl. nucleus)
   1 Mg          -6.000000       -5.000000        1.000000
Sum of Mulliken charges 1.000000e+00

Mulliken spin charges
   1 Mg           1.000000
Sum of Mulliken spin charges 1.000000e+00

Electron density at nuclei: alpha, beta, total
   1 Mg         538.084417      536.202464     1074.286881

The spin expectation value <S^2> is 0.750031

Running program took 1.03 s.
Current time is Fri 08 May 2026 15:34:37.
