Basis set cc-pVTZ found in file cc-pVTZ.gbs in /home/work/erkale/source/erkale/basis/.


Current Settings used by ERKALE:
     AtomGuess      	                Auto	Method used for atomic guess (Auto for same as method)
     Basis          	             cc-pVTZ	Basis set used in calculation
     BasisCutoff    	           1.000e-08	Cutoff for dropping out small primitives from contraction
     BasisOrth      	                Auto	Method of orthonormalization of basis set
     BasisRotate    	                true	Rotate basis set to remove redundant functions?
     C1-DIIS        	               false	Use older version of DIIS (C1-DIIS instead of C2-DIIS)?
     Charge         	                   1	Total charge of system
     DIISEps        	           1.000e-01	Start mixing in DIIS when error is
     DIISOrder      	                  10	How many DIIS iterations to keep in memory?
     DIISThr        	           1.000e-02	DIIS error threshold for DIIS updates
     DecFock        	               false	Use decontracted basis to calculate Fock matrix (direct HF)
     Decontract     	                    	Indices of atoms to decontract basis set for
     DeltaEmax      	           1.000e-06	Maximum allowed change of energy
     DeltaPmax      	           1.000e-06	Maximum allowed maximum difference of density matrix
     DeltaPrms      	           1.000e-08	Maximum allowed RMS difference of density matrix
     DensityFitting 	               false	Use density fitting / RI?
     Direct         	               false	Calculate two-electron integrals (or density fitting) on-the-fly?
     EField         	         0.0 0.0 0.0	Electric field
     FittingBasis   	                Auto	Basis to use for density fitting / RI (Auto for automatic)
     FittingMemory  	                1000	Amount of memory in MB to use for exchange fitting
     FittingThreshold	           1.000e-08	Linear dependence threshold for Coulomb integrals in density fitting
     ForcePol       	               false	Force polarized calculation
     FreezeCore     	               false	Freeze the atomic cores?
     Guess          	                Core	Used guess: atomic (default), core, or GWH
     IntegralThresh 	           1.000e-14	Integral screening threshold
     LineSearch     	               false	Do line search in level shift (EXPENSIVE!)
     LoadChk        	                    	File to load old results from
     Logfile        	          Mg+_tz.log	File to print out full information, stdout for screen
     MaxIter        	                 100	Maximum number of iterations in SCF cycle
     Method         	                  HF	Method used in calculation (HF or a DFT functional)
     Multiplicity   	                   2	Spin multiplicity
     Occupancies    	                    	Orbital occupancies
     SaveChk        	          Mg+_tz.chk	File to use as checkpoint
     Shift          	           0.000e+00	Level shift to use in Hartree
     StrictIntegrals	               false	Use strict integrals?
     System         	              Mg.xyz	System as an xyz file
     UseADIIS       	                true	Use ADIIS for Fock matrix interpolation?
     UseBroyden     	               false	Use Broyden mixing of Fock matrices?
     UseDIIS        	                true	Use Pulay's Direct Inversion in the Iterative Subspace?
     UseLM          	                true	Use a spherical harmonics basis set by default?
     UseTRDSM       	               false	Use Trust-Region DSM?
     UseTRRH        	               false	Use Trust-Region Roothaan-Hall?
     Verbose        	                true	Verbose calculation?

There are 12 shells and 1 nuclei in the basis set.

List of nuclei, geometry in Ångström with three decimal places:
		 Z	    x	    y	    z
1	Mg	 12	  0.000	  0.000	  0.000

List of basis functions:
Shell    1	S cart shell at nucleus   1 with with basis functions    1-1   
Shell    2	S cart shell at nucleus   1 with with basis functions    2-2   
Shell    3	S cart shell at nucleus   1 with with basis functions    3-3   
Shell    4	S cart shell at nucleus   1 with with basis functions    4-4   
Shell    5	S cart shell at nucleus   1 with with basis functions    5-5   
Shell    6	P cart shell at nucleus   1 with with basis functions    6-8   
Shell    7	P cart shell at nucleus   1 with with basis functions    9-11  
Shell    8	P cart shell at nucleus   1 with with basis functions   12-14  
Shell    9	P cart shell at nucleus   1 with with basis functions   15-17  
Shell   10	D  sph shell at nucleus   1 with with basis functions   18-22  
Shell   11	D  sph shell at nucleus   1 with with basis functions   23-27  
Shell   12	F  sph shell at nucleus   1 with with basis functions   28-34  

Basis set contains 34 functions, maximum angular momentum is 3.
Spherical harmonic Gaussians are used by default, there are 39 cartesians.

Forming overlap matrix ... done (0.00 s)
Forming kinetic energy matrix ... done (0.00 s)
Forming nuclear attraction matrix ... done (0.00 s)

Smallest eigenvalue of overlap matrix is 2.51e-02, ratio to largest is 9.35e-03.
Using symmetric orthogonalization.
Basis set diagonalized in 0.00 s.

Forming table of 215847 ERIs, requiring 1 Mi 662 ki of memory ... done (0.56 s)
78 shell pairs out of 78 are significant.

Initialization of computation done in 0.56 s.

alpha: HOMO-LUMO gap is   32.90 eV. Energies of lowest lying orbitals:
     -71.9364*     -17.0579*     -16.0975*     -16.0975*     -16.0975*
      -6.4373*      -5.2282       -5.2282       -5.2282       -4.6293 
      -4.6293       -4.6293       -4.6293       -4.6293       -3.2604 
beta:  HOMO-LUMO gap is  262.87 eV. Energies of lowest lying orbitals:
     -71.9364*     -17.0579*     -16.0975*     -16.0975*     -16.0975*
      -6.4373       -5.2282       -5.2282       -5.2282       -4.6293 

 ******* Iteration    1 ********
Forming HF Coulomb matrix ... done (0.00 s)
Forming HF exchange matrix ... done (0.00 s)
ADIIS weights
 1.00e+00 
CDIIS weights
 1.00e+00 
 DIIS weights
 1.00e+00 

Solving SCF equations ... done (0.00 s)

DIIS error                    :  9.612268e-01
Energy change                 : -1.979607e+02
Max total density change      :  3.602418e+00
Max rms   density change      :  2.619128e-01
Max total alpha density change:  6.758223e+00
Max rms   alpha density change:  4.651778e-01
Max total beta  density change:  9.301240e-01
Max rms   beta  density change:  7.444440e-02
Dipole mu = ( 0.00000000, -0.00000000, -0.00000000) D

Iteration took 0.00 s.

 ******* Iteration    2 ********
Forming HF Coulomb matrix ... done (0.00 s)
Forming HF exchange matrix ... done (0.00 s)
ADIIS weights
 8.19e-25  1.00e+00 
CDIIS weights
 2.24e-02  9.78e-01 
 DIIS weights
 8.19e-25  1.00e+00 

Solving SCF equations ... done (0.00 s)

DIIS error                    :  1.064727e-01
Energy change                 : -1.394288e+00
Max total density change      :  1.874912e-01
Max rms   density change      :  7.425701e-03
Max total alpha density change:  3.753757e-01
Max rms   alpha density change:  1.437837e-02
Max total beta  density change:  1.659128e-02
Max rms   beta  density change:  1.188784e-03
Dipole mu = ( 0.00000000, -0.00000000, -0.00000000) D

Iteration took 0.00 s.

 ******* Iteration    3 ********
Forming HF Coulomb matrix ... done (0.00 s)
Forming HF exchange matrix ... done (0.00 s)
ADIIS weights
 1.99e-29  1.29e-25  1.00e+00 
CDIIS weights
-3.20e-03 -2.33e-01  1.24e+00 
 DIIS weights
-2.71e-03 -1.98e-01  1.20e+00 

Solving SCF equations ... done (0.00 s)

DIIS error                    :  2.368347e-02
Energy change                 : -1.418612e-02
Max total density change      :  4.567848e-02
Max rms   density change      :  2.022099e-03
Max total alpha density change:  9.158209e-02
Max rms   alpha density change:  3.940148e-03
Max total beta  density change:  5.097464e-03
Max rms   beta  density change:  3.138423e-04
Dipole mu = (-0.00000000, -0.00000000, -0.00000000) D

Iteration took 0.00 s.

 ******* Iteration    4 ********
Forming HF Coulomb matrix ... done (0.00 s)
Forming HF exchange matrix ... done (0.00 s)
ADIIS weights
 4.81e-19  3.69e-14  4.73e-11  1.00e+00 
CDIIS weights
 6.43e-04  3.67e-02 -3.46e-01  1.31e+00 
 DIIS weights
 6.43e-04  3.67e-02 -3.46e-01  1.31e+00 

Solving SCF equations ... done (0.00 s)

DIIS error                    :  3.289397e-03
Energy change                 : -1.322652e-03
Max total density change      :  7.748426e-03
Max rms   density change      :  4.430733e-04
Max total alpha density change:  1.550557e-02
Max rms   alpha density change:  8.858189e-04
Max total beta  density change:  3.296994e-04
Max rms   beta  density change:  2.342893e-05
Dipole mu = ( 0.00000000, -0.00000000, -0.00000000) D

Iteration took 0.00 s.

 ******* Iteration    5 ********
Forming HF Coulomb matrix ... done (0.00 s)
Forming HF exchange matrix ... done (0.00 s)
ADIIS weights
 8.03e-18  1.00e-12  4.09e-10  2.69e-08  1.00e+00 
CDIIS weights
-8.59e-05 -4.69e-03  5.16e-02 -2.83e-01  1.24e+00 
 DIIS weights
-8.59e-05 -4.69e-03  5.16e-02 -2.83e-01  1.24e+00 

Solving SCF equations ... done (0.00 s)

DIIS error                    :  3.805155e-04
Energy change                 : -6.886654e-05
Max total density change      :  8.837503e-04
Max rms   density change      :  6.537009e-05
Max total alpha density change:  1.765129e-03
Max rms   alpha density change:  1.305693e-04
Max total beta  density change:  9.119453e-05
Max rms   beta  density change:  5.865391e-06
Dipole mu = ( 0.00000000, -0.00000000,  0.00000000) D

Iteration took 0.00 s.

 ******* Iteration    6 ********
Forming HF Coulomb matrix ... done (0.00 s)
Forming HF exchange matrix ... done (0.00 s)
ADIIS weights
 8.61e-20  5.13e-13  5.62e-12  2.40e-10  5.81e-04  9.99e-01 
CDIIS weights
 1.26e-05  3.32e-04 -4.54e-03  2.81e-02 -1.79e-01  1.15e+00 
 DIIS weights
 1.26e-05  3.32e-04 -4.54e-03  2.81e-02 -1.79e-01  1.15e+00 

Solving SCF equations ... done (0.00 s)

DIIS error                    :  2.238642e-05
Energy change                 : -9.992027e-07
Max total density change      :  6.544220e-05
Max rms   density change      :  4.240463e-06
Max total alpha density change:  1.305704e-04
Max rms   alpha density change:  8.333628e-06
Max total beta  density change:  1.012230e-05
Max rms   beta  density change:  1.029779e-06
Dipole mu = ( 0.00000000, -0.00000000,  0.00000000) D

Iteration took 0.00 s.

 ******* Iteration    7 ********
Forming HF Coulomb matrix ... done (0.00 s)
Forming HF exchange matrix ... done (0.00 s)
ADIIS weights
 4.29e-17  1.27e-12  2.07e-10  9.18e-10  1.23e-04  5.04e-01  4.96e-01 
CDIIS weights
-1.48e-06 -2.92e-05  4.08e-04 -2.52e-03  1.64e-02 -1.10e-01  1.10e+00 
 DIIS weights
-1.48e-06 -2.92e-05  4.08e-04 -2.52e-03  1.64e-02 -1.10e-01  1.10e+00 

Solving SCF equations ... done (0.00 s)

DIIS error                    :  6.869108e-07
Energy change                 : -3.686040e-09
Max total density change      :  9.988440e-07
Max rms   density change      :  4.176325e-08
Max total alpha density change:  2.007456e-06
Max rms   alpha density change:  1.369403e-07
Max total beta  density change:  9.412875e-07
Max rms   beta  density change:  8.374498e-08
Dipole mu = ( 0.00000000, -0.00000000,  0.00000000) D

Iteration took 0.00 s.

 ******* Iteration    8 ********
Forming HF Coulomb matrix ... done (0.00 s)
Forming HF exchange matrix ... done (0.00 s)
ADIIS weights
 9.66e-12  2.67e-10  7.95e-07  9.65e-05  1.44e-02  3.20e-01  3.33e-01  3.33e-01 
CDIIS weights
 2.87e-07  3.12e-06 -3.45e-05  1.96e-04 -1.34e-03  9.75e-03 -2.73e-01  1.26e+00 
 DIIS weights
 2.87e-07  3.12e-06 -3.45e-05  1.96e-04 -1.34e-03  9.75e-03 -2.73e-01  1.26e+00 

Solving SCF equations ... done (0.00 s)

DIIS error                    :  1.959125e-07
Energy change                 : -1.134026e-11
Max total density change      :  6.881225e-08
Max rms   density change      :  4.723869e-09
Max total alpha density change:  2.401354e-07
Max rms   alpha density change:  2.366872e-08
Max total beta  density change:  3.081419e-07
Max rms   beta  density change:  2.841821e-08
Dipole mu = ( 0.00000000, -0.00000000,  0.00000000) D

Iteration took 0.01 s.

 ******* Iteration    9 ********
Forming HF Coulomb matrix ... done (0.00 s)
Forming HF exchange matrix ... done (0.00 s)
ADIIS weights
 1.34e-17  1.89e-14  3.56e-12  3.71e-09  3.69e-05  2.49e-01  2.50e-01  2.50e-01  2.50e-01 
CDIIS weights
-1.40e-09  1.46e-07 -2.67e-06  1.76e-05 -1.17e-04  8.46e-04 -6.11e-03  2.82e-03  1.00e+00 
 DIIS weights
-1.40e-09  1.46e-07 -2.67e-06  1.76e-05 -1.17e-04  8.46e-04 -6.11e-03  2.82e-03  1.00e+00 

Solving SCF equations ... done (0.00 s)

DIIS error                    :  1.080326e-08
Energy change                 : -3.694822e-13
Max total density change      :  2.294959e-08
Max rms   density change      :  1.002022e-09
Max total alpha density change:  4.595560e-08
Max rms   alpha density change:  2.002185e-09
Max total beta  density change:  4.534699e-09
Max rms   beta  density change:  3.781343e-10
Dipole mu = ( 0.00000000, -0.00000000,  0.00000000) D

Iteration took 0.00 s.

 ******* Iteration   10 ********
Forming HF Coulomb matrix ... done (0.00 s)
Forming HF exchange matrix ... done (0.00 s)
ADIIS weights
 4.98e-18  3.45e-17  7.65e-14  1.52e-09  1.04e-05  2.00e-01  2.00e-01  2.00e-01  2.00e-01  2.00e-01 
CDIIS weights
-4.43e-10 -8.62e-09  9.73e-08 -6.22e-07  4.14e-06 -2.80e-05  4.77e-04  2.07e-04 -4.41e-03  1.00e+00 
 DIIS weights
-4.43e-10 -8.62e-09  9.73e-08 -6.22e-07  4.14e-06 -2.80e-05  4.77e-04  2.07e-04 -4.41e-03  1.00e+00 

Solving SCF equations ... done (0.00 s)

DIIS error                    :  2.980625e-10
Energy change                 : -2.273737e-13
Max total density change      :  4.104213e-10
Max rms   density change      :  2.065822e-11
Max total alpha density change:  1.341807e-09
Max rms   alpha density change:  1.160680e-10
Max total beta  density change:  1.322308e-09
Max rms   beta  density change:  1.102903e-10
Dipole mu = ( 0.00000000, -0.00000000,  0.00000000) D

Iteration took 0.00 s.

 ******* Convergence achieved ********
Solution of UHF took 0.05 s.

Kinetic               energy:  1.9935622650201606e+02
Nuclear attraction    energy: -4.7504203262779475e+02
Total one-electron    energy: -2.7568580612577875e+02
Nuclear repulsion     energy:  0.0000000000000000e+00
Coulomb               energy:  9.2177100478740684e+01
Exchange              energy: -1.5861825296592828e+01
-----------------------------------------------------
                Total energy: -1.9937053094363091e+02
               Virial factor:  1.0000717531720269e+00

Dipole mu = ( 0.00000000, -0.00000000,  0.00000000) D

alpha: HOMO-LUMO gap is   10.10 eV. Orbital energies:
     -49.3620*      -4.0953*      -2.6067*      -2.6067*      -2.6067*
      -0.5415*      -0.1705       -0.1705       -0.1705       -0.0498 
      -0.0103       -0.0103       -0.0103        0.0793        0.0793 
       0.0793        0.0793        0.0793        0.4495        0.4495 
       0.4495        0.6860        0.6860        0.6860        0.6860 
       0.6860        0.6908        0.6908        0.6908        0.6908 
       0.6908        0.6908        0.6908        0.7876 
beta:  HOMO-LUMO gap is   64.36 eV. Orbital energies:
     -49.3551*      -4.0783*      -2.6010*      -2.6010*      -2.6010*
      -0.2356       -0.1263       -0.1263       -0.1263       -0.0236 
       0.0118        0.0118        0.0118        0.1044        0.1044 
       0.1044        0.1044        0.1044        0.4748        0.4748 
       0.4748        0.7070        0.7070        0.7070        0.7070 
       0.7070        0.7109        0.7109        0.7109        0.7109 
       0.7109        0.7109        0.7109        0.8207 

Mulliken charges: alpha, beta, total (incl. nucleus)
   1 Mg          -6.000000       -5.000000        1.000000
Sum of Mulliken charges 1.000000e+00

Mulliken spin charges
   1 Mg           1.000000
Sum of Mulliken spin charges 1.000000e+00

Electron density at nuclei: alpha, beta, total
   1 Mg         538.212298      536.487670     1074.699968

Running program took 0.63 s.
Current time is Wed 25 Feb 2015 01:23:12.
