ERKALE - HF/DFT from Hel, OpenMP version, running on 4 cores.
(c) Susi Lehtola, 2010-2016.

This program is free software; you can redistribute it and/or modify
it under the terms of the GNU General Public License as published by
the Free Software Foundation; either version 2 of the License, or
(at your option) any later version.

At svn revision 1938.

Running on host dx7-lehtola.chem.helsinki.fi.

Basis set cc-pVQZ found in file cc-pVQZ.gbs in /home/work/erkale/source/erkale.sap/basis/.

Current Settings used by ERKALE:
     AtomGuess      	                Auto	Method used for atomic guess (Auto for same as method)
     Basis          	             cc-pVQZ	Basis set used in calculation
     BasisCutoff    	           1.000e-08	Cutoff for dropping out small primitives from contraction
     BasisOrth      	                Auto	Method of orthonormalization of basis set
     BasisRotate    	               false	Rotate basis set to remove redundant functions?
     C1-DIIS        	               false	Use older version of DIIS (C1-DIIS instead of C2-DIIS)?
     Charge         	                   1	Total charge of system
     Cholesky       	                true	Use Cholesky decomposition?
     CholeskyMode   	                   0	Save/load integrals? 0 no, 1 save, -1 load
     CholeskyNAFThr 	           0.000e+00	Cholesky natural auxiliary function threshold
     CholeskyShThr  	           1.000e-02	Cholesky cache threshold
     CholeskyThr    	           1.000e-07	Cholesky decomposition threshold
     ConvThr        	           1.000e-06	Orbital gradient convergence threshold
     DIISEps        	           1.000e-01	Start mixing in DIIS when error is
     DIISOrder      	                  10	How many DIIS iterations to keep in memory?
     DIISThr        	           1.000e-02	DIIS error threshold for DIIS updates
     DecFock        	               false	Use decontracted basis to calculate Fock matrix (direct HF)
     Decontract     	                    	Indices of atoms to decontract basis set for
     DensityFitting 	               false	Use density fitting / RI?
     DimerSymmetry  	               false	Do special calculation on dimer along z axis
     Direct         	               false	Calculate two-electron integrals (or density fitting) on-the-fly?
     EField         	         0.0 0.0 0.0	Electric field
     FittingBasis   	                Auto	Basis to use for density fitting / RI (Auto for automatic)
     FittingMemory  	                1000	Amount of memory in MB to use for exchange fitting
     FittingThreshold	           1.000e-08	Linear dependence threshold for Coulomb integrals in density fitting
     ForcePol       	               false	Force polarized calculation
     Guess          	                Core	Used guess: SAD (default), NO, core, or GWH
     InputBohr      	               false	Use atomic units as input units instead of angstrom?
     IntegralThresh 	           1.000e-14	Integral screening threshold
     LoadChk        	                    	File to load old results from
     Logfile        	          Mg+_qz.log	File to print out full information, stdout for screen
     MaxIter        	                 100	Maximum number of iterations in SCF cycle
     Method         	                  HF	Method used in calculation (HF or a DFT functional)
     Multiplicity   	                   2	Spin multiplicity
     Occupancies    	                    	Orbital occupancies
     OptLM          	                true	If spherical harmonics used, use cartesian s and p functions?
     SaveChk        	          Mg+_qz.chk	File to use as checkpoint
     Shift          	           0.000e+00	Level shift to use in Hartree
     StrictIntegrals	               false	Use strict integrals?
     System         	              Mg.xyz	System as an xyz file
     UseADIIS       	                true	Use ADIIS for Fock matrix interpolation?
     UseBroyden     	               false	Use Broyden mixing of Fock matrices?
     UseDIIS        	                true	Use Pulay's Direct Inversion in the Iterative Subspace?
     UseLM          	                true	Use a spherical harmonics basis set by default?
     UseTRRH        	               false	Use Trust-Region Roothaan-Hall?
     Verbose        	                true	Verbose calculation?

There are 17 shells and 1 nuclei in the basis set.

List of nuclei, geometry in Ångström with three decimal places:
		 Z	    x	    y	    z
1	Mg	 12	  0.000	  0.000	  0.000

List of basis functions:
Shell    1	S cart shell at nucleus   1 with with basis functions    1-1   
Shell    2	S cart shell at nucleus   1 with with basis functions    2-2   
Shell    3	S cart shell at nucleus   1 with with basis functions    3-3   
Shell    4	S cart shell at nucleus   1 with with basis functions    4-4   
Shell    5	S cart shell at nucleus   1 with with basis functions    5-5   
Shell    6	S cart shell at nucleus   1 with with basis functions    6-6   
Shell    7	P cart shell at nucleus   1 with with basis functions    7-9   
Shell    8	P cart shell at nucleus   1 with with basis functions   10-12  
Shell    9	P cart shell at nucleus   1 with with basis functions   13-15  
Shell   10	P cart shell at nucleus   1 with with basis functions   16-18  
Shell   11	P cart shell at nucleus   1 with with basis functions   19-21  
Shell   12	D  sph shell at nucleus   1 with with basis functions   22-26  
Shell   13	D  sph shell at nucleus   1 with with basis functions   27-31  
Shell   14	D  sph shell at nucleus   1 with with basis functions   32-36  
Shell   15	F  sph shell at nucleus   1 with with basis functions   37-43  
Shell   16	F  sph shell at nucleus   1 with with basis functions   44-50  
Shell   17	G  sph shell at nucleus   1 with with basis functions   51-59  

Basis set contains 59 functions, maximum angular momentum is 4.
Spherical harmonic Gaussians are used by default, there are 74 cartesians.

Forming overlap matrix ... done (0.02 s)
Forming kinetic energy matrix ... done (0.00 s)
Forming nuclear attraction matrix ... done (0.01 s)

Smallest eigenvalue of overlap matrix is 6.45e-04, ratio to largest is 1.77e-04.
Using symmetric orthogonalization.
Basis set diagonalized in 0.00 s.

Computing repulsion integrals.
Screening by shell pairs and symmetry reduced dofs by factor 1.97.
Individual screening reduced dofs by a total factor 1.97.
Computing Cholesky vectors. Estimated memory size is 2 Mi - 7 Mi.
Cholesky vectors no     0 -     0 computed, error is 9.329681e-01 (0.00 s).
Cholesky vectors no     1 -     6 computed, error is 2.667005e-01 (0.05 s).
Cholesky vectors no     7 -     9 computed, error is 2.610065e-01 (0.03 s).
Cholesky vectors no    10 -    37 computed, error is 8.497006e-02 (0.00 s).
Cholesky vectors no    38 -    58 computed, error is 6.971121e-02 (0.00 s).
Cholesky vectors no    59 -    64 computed, error is 5.589684e-02 (0.00 s).
Cholesky vectors no    65 -    67 computed, error is 2.642996e-02 (0.03 s).
Cholesky vectors no    68 -    77 computed, error is 2.138989e-02 (0.00 s).
Cholesky vectors no    78 -   105 computed, error is 1.516313e-02 (0.02 s).
Cholesky vectors no   106 -   106 computed, error is 8.416166e-03 (0.01 s).
Cholesky vectors no   107 -   142 computed, error is 6.336984e-03 (0.02 s).
Cholesky vectors no   143 -   187 computed, error is 2.683449e-03 (0.03 s).
Cholesky vectors no   188 -   197 computed, error is 2.392621e-03 (0.01 s).
Cholesky vectors no   198 -   198 computed, error is 1.857227e-03 (0.00 s).
Cholesky vectors no   199 -   201 computed, error is 1.458708e-03 (0.00 s).
Cholesky vectors no   202 -   206 computed, error is 1.003064e-03 (0.02 s).
Cholesky vectors no   207 -   212 computed, error is 9.755798e-04 (0.00 s).
Cholesky vectors no   213 -   248 computed, error is 4.306328e-04 (0.03 s).
Cholesky vectors no   249 -   263 computed, error is 2.232043e-04 (0.00 s).
Cholesky vectors no   264 -   284 computed, error is 1.614767e-04 (0.01 s).
Cholesky vectors no   285 -   299 computed, error is 6.281731e-05 (0.01 s).
Cholesky vectors no   300 -   300 computed, error is 3.431969e-05 (0.02 s).
Cholesky vectors no   301 -   314 computed, error is 1.599284e-05 (0.21 s).
Cholesky vectors no   315 -   317 computed, error is 1.141409e-05 (0.07 s).
Cholesky vectors no   318 -   318 computed, error is 6.247219e-06 (0.03 s).
Cholesky vectors no   319 -   336 computed, error is 3.626173e-06 (0.16 s).
Cholesky vectors no   337 -   346 computed, error is 3.396952e-06 (0.04 s).
Cholesky vectors no   347 -   352 computed, error is 1.698657e-06 (0.00 s).
Cholesky vectors no   353 -   379 computed, error is 5.681367e-07 (0.04 s).
Cholesky vectors no   380 -   380 computed, error is 4.627326e-07 (0.01 s).
Cholesky vectors no   381 -   387 computed, error is 2.595746e-07 (0.01 s).
Cholesky vectors no   388 -   408 computed, error is 1.060550e-07 (0.03 s).
Cholesky vectors no   409 -   411 computed, error is 8.552861e-08 (0.00 s).
Cholesky decomposition finished in 2.47 s. Realized memory size is 6 Mi 770 ki.
Time use: integrals 62.5 %, linear algebra 37.5 %.
153 shell pairs out of 153 are significant.

Initialization of computation done in 2.66 s.

alpha: HOMO-LUMO gap is   53.35 eV. Energies of lowest lying orbitals:
     -71.9443*     -17.5552*     -16.1783*     -16.1783*     -16.1783*
      -7.4298*      -5.4693       -5.4693       -5.4693       -5.1286 
      -5.1286       -5.1286       -5.1286       -5.1286       -4.0060 
beta:  HOMO-LUMO gap is  238.06 eV. Energies of lowest lying orbitals:
     -71.9443*     -17.5552*     -16.1783*     -16.1783*     -16.1783*
      -7.4298       -5.4693       -5.4693       -5.4693       -5.1286 

 ******* Iteration    1 ********
Forming Cholesky Coulomb matrix ... done (0.01 s)
Forming Cholesky exchange matrix ... done (0.03 s)
ADIIS weights
 1.00e+00 
CDIIS weights
 1.00e+00 
 DIIS weights
 1.00e+00 

Solving SCF equations ... done (0.01 s)

Total energy                  : -1.9566542322720247e+02
DIIS error                    :  1.951082e+00
Energy change                 : -1.956654e+02
Max total density change      :  2.344468e+02
Max rms   density change      :  6.554932e+00
Max total alpha density change:  4.140439e+02
Max rms   alpha density change:  1.142208e+01
Max total beta  density change:  5.484969e+01
Max rms   beta  density change:  1.858004e+00
Dipole mu = (-0.00000000, -0.00000000,  0.00000000) D

Iteration took 0.06 s.

 ******* Iteration    2 ********
Forming Cholesky Coulomb matrix ... done (0.01 s)
Forming Cholesky exchange matrix ... done (0.04 s)
ADIIS weights
 1.73e-20  1.00e+00 
CDIIS weights
 1.02e-01  8.98e-01 
 DIIS weights
 1.73e-20  1.00e+00 

Solving SCF equations ... done (0.02 s)

Total energy                  : -1.9932004548714656e+02
DIIS error                    :  2.517824e-01
Energy change                 : -3.654622e+00
Max total density change      :  1.081538e+00
Max rms   density change      :  6.529859e-02
Max total alpha density change:  1.244662e+00
Max rms   alpha density change:  8.168638e-02
Max total beta  density change:  9.184145e-01
Max rms   beta  density change:  5.051885e-02
Dipole mu = (-0.00000000, -0.00000000, -0.00000000) D

Iteration took 0.07 s.

 ******* Iteration    3 ********
Forming Cholesky Coulomb matrix ... done (0.03 s)
Forming Cholesky exchange matrix ... done (0.05 s)
ADIIS weights
 4.68e-19  3.30e-16  1.00e+00 
CDIIS weights
-1.77e-02  5.33e-03  1.01e+00 
 DIIS weights
-1.07e-02  3.22e-03  1.01e+00 

Solving SCF equations ... done (0.25 s)

Total energy                  : -1.9937043362623075e+02
DIIS error                    :  4.564364e-02
Energy change                 : -5.038814e-02
Max total density change      :  2.015519e-01
Max rms   density change      :  5.651499e-03
Max total alpha density change:  4.212646e-01
Max rms   alpha density change:  8.591599e-03
Max total beta  density change:  1.620491e-01
Max rms   beta  density change:  6.797032e-03
Dipole mu = (-0.00000000, -0.00000000, -0.00000000) D

Iteration took 0.36 s.

 ******* Iteration    4 ********
Forming Cholesky Coulomb matrix ... done (0.01 s)
Forming Cholesky exchange matrix ... done (0.07 s)
ADIIS weights
 1.91e-04  1.97e-01  6.31e-02  7.39e-01 
CDIIS weights
 8.68e-04 -4.71e-03 -9.73e-02  1.10e+00 
 DIIS weights
 8.68e-04 -4.71e-03 -9.73e-02  1.10e+00 

Solving SCF equations ... done (0.00 s)

Total energy                  : -1.9937143942255074e+02
DIIS error                    :  2.617846e-03
Energy change                 : -1.005796e-03
Max total density change      :  1.328683e-02
Max rms   density change      :  4.584173e-04
Max total alpha density change:  2.638934e-02
Max rms   alpha density change:  1.039183e-03
Max total beta  density change:  1.320517e-02
Max rms   beta  density change:  5.893779e-04
Dipole mu = ( 0.00000000, -0.00000000, -0.00000000) D

Iteration took 0.14 s.

 ******* Iteration    5 ********
Forming Cholesky Coulomb matrix ... done (0.00 s)
Forming Cholesky exchange matrix ... done (0.03 s)
ADIIS weights
 2.53e-17  1.24e-14  2.28e-14  1.84e-14  1.00e+00 
CDIIS weights
-1.12e-04  1.37e-03  2.05e-02 -3.20e-01  1.30e+00 
 DIIS weights
-1.12e-04  1.37e-03  2.05e-02 -3.20e-01  1.30e+00 

Solving SCF equations ... done (0.00 s)

Total energy                  : -1.9937147871307278e+02
DIIS error                    :  4.748912e-04
Energy change                 : -3.929052e-05
Max total density change      :  3.075908e-03
Max rms   density change      :  8.837480e-05
Max total alpha density change:  6.126004e-03
Max rms   alpha density change:  2.119415e-04
Max total beta  density change:  2.244721e-03
Max rms   beta  density change:  1.218716e-04
Dipole mu = ( 0.00000000,  0.00000000, -0.00000000) D

Iteration took 0.05 s.

 ******* Iteration    6 ********
Forming Cholesky Coulomb matrix ... done (0.02 s)
Forming Cholesky exchange matrix ... done (0.05 s)
ADIIS weights
 1.37e-18  1.43e-15  8.56e-12  1.35e-10  4.43e-09  1.00e+00 
CDIIS weights
 3.47e-06 -1.29e-04 -2.67e-03  6.47e-02 -3.98e-01  1.34e+00 
 DIIS weights
 3.47e-06 -1.29e-04 -2.67e-03  6.47e-02 -3.98e-01  1.34e+00 

Solving SCF equations ... done (0.00 s)

Total energy                  : -1.9937148096454774e+02
DIIS error                    :  7.088374e-05
Energy change                 : -2.251475e-06
Max total density change      :  8.771876e-04
Max rms   density change      :  2.558903e-05
Max total alpha density change:  1.751934e-03
Max rms   alpha density change:  4.936263e-05
Max total beta  density change:  2.140847e-04
Max rms   beta  density change:  1.081783e-05
Dipole mu = ( 0.00000000, -0.00000000, -0.00000000) D

Iteration took 0.09 s.

 ******* Iteration    7 ********
Forming Cholesky Coulomb matrix ... done (0.00 s)
Forming Cholesky exchange matrix ... done (0.04 s)
ADIIS weights
 3.73e-17  2.87e-14  1.90e-14  1.07e-10  5.12e-11  7.26e-08  1.00e+00 
CDIIS weights
 6.50e-07  3.34e-05  5.67e-04 -1.50e-02  9.99e-02 -3.77e-01  1.29e+00 
 DIIS weights
 6.50e-07  3.34e-05  5.67e-04 -1.50e-02  9.99e-02 -3.77e-01  1.29e+00 

Solving SCF equations ... done (0.00 s)

Total energy                  : -1.9937148101365568e+02
DIIS error                    :  7.828571e-06
Energy change                 : -4.910794e-08
Max total density change      :  9.235900e-05
Max rms   density change      :  2.837845e-06
Max total alpha density change:  1.852248e-04
Max rms   alpha density change:  6.596061e-06
Max total beta  density change:  5.154496e-05
Max rms   beta  density change:  2.636219e-06
Dipole mu = ( 0.00000000, -0.00000000, -0.00000000) D

Iteration took 0.05 s.

 ******* Iteration    8 ********
Forming Cholesky Coulomb matrix ... done (0.00 s)
Forming Cholesky exchange matrix ... done (0.04 s)
ADIIS weights
 2.43e-19  7.62e-18  5.03e-13  8.51e-14  2.20e-10  7.43e-10  5.03e-01  4.97e-01 
CDIIS weights
-7.75e-09 -1.72e-07 -8.37e-06  1.92e-04 -1.20e-03  4.24e-03 -2.35e-02  1.02e+00 
 DIIS weights
-7.75e-09 -1.72e-07 -8.37e-06  1.92e-04 -1.20e-03  4.24e-03 -2.35e-02  1.02e+00 

Solving SCF equations ... done (0.00 s)

Total energy                  : -1.9937148101405941e+02
DIIS error                    :  1.675262e-07
Energy change                 : -4.037304e-10
Max total density change      :  7.796549e-07
Max rms   density change      :  3.176339e-08
Max total alpha density change:  3.404402e-06
Max rms   alpha density change:  1.832104e-07
Max total beta  density change:  2.664478e-06
Max rms   beta  density change:  1.378714e-07
Dipole mu = ( 0.00000000,  0.00000000, -0.00000000) D

Iteration took 0.05 s.

 ******* Convergence achieved ********
Solution of UHF took 0.89 s.

Kinetic               energy:  1.9935840823197199e+02
Nuclear attraction    energy: -4.7505270392373768e+02
Total one-electron    energy: -2.7569429569176589e+02
Nuclear repulsion     energy:  0.0000000000000000e+00
Coulomb               energy:  9.2185126271093452e+01
Exchange              energy: -1.5862311593386970e+01
-----------------------------------------------------
                Total energy: -1.9937148101405941e+02
               Virial factor:  1.0000655742699962e+00

Dipole mu = ( 0.00000000,  0.00000000, -0.00000000) D

alpha: HOMO-LUMO gap is   10.10 eV. Orbital energies:
     -49.3614*      -4.0947*      -2.6061*      -2.6061*      -2.6061*
      -0.5416*      -0.1704       -0.1704       -0.1704       -0.0705 
      -0.0426       -0.0426       -0.0426        0.0313        0.0313 
       0.0313        0.0313        0.0313        0.1605        0.1605 
       0.1605        0.2299        0.4221        0.4221        0.4221 
       0.4221        0.4221        0.4221        0.4221        0.4554 
       0.4554        0.4554        0.4554        0.4554        0.8024 
       0.8024        0.8024        1.2673        1.2673        1.2673 
       1.2673        1.2673        1.2673        1.2673        1.2673 
       1.2673        1.2707        1.2707        1.2707        1.2707 
       1.2707        1.4917        1.4917        1.4917        1.4917 
       1.4917        1.4917        1.4917        3.4437 
beta:  HOMO-LUMO gap is   64.35 eV. Orbital energies:
     -49.3543*      -4.0774*      -2.6003*      -2.6003*      -2.6003*
      -0.2353       -0.1267       -0.1267       -0.1267       -0.0538 
      -0.0290       -0.0290       -0.0290        0.0494        0.0494 
       0.0494        0.0494        0.0494        0.1812        0.1812 
       0.1812        0.2626        0.4357        0.4357        0.4357 
       0.4357        0.4357        0.4357        0.4357        0.4774 
       0.4774        0.4774        0.4774        0.4774        0.8213 
       0.8213        0.8213        1.2804        1.2804        1.2804 
       1.2804        1.2804        1.2804        1.2804        1.2804 
       1.2804        1.2824        1.2824        1.2824        1.2824 
       1.2824        1.5071        1.5071        1.5071        1.5071 
       1.5071        1.5071        1.5071        3.4669 

Mulliken charges: alpha, beta, total (incl. nucleus)
   1 Mg          -6.000000       -5.000000        1.000000
Sum of Mulliken charges 1.000000e+00

Mulliken spin charges
   1 Mg           1.000000
Sum of Mulliken spin charges 1.000000e+00

Electron density at nuclei: alpha, beta, total
   1 Mg         540.885918      539.131287     1080.017206

The spin expectation value <S^2> is 0.750062

Running program took 3.60 s.
Current time is Sat 22 Sep 2018 22:39:58.
