ERKALE - HF/DFT from Hel, OpenMP version, running on 4 cores.
(c) Susi Lehtola, 2010-2016.

This program is free software; you can redistribute it and/or modify
it under the terms of the GNU General Public License as published by
the Free Software Foundation; either version 2 of the License, or
(at your option) any later version.

At svn revision 1938.

Running on host dx7-lehtola.chem.helsinki.fi.

Basis set cc-pVTZ found in file cc-pVTZ.gbs in /home/work/erkale/source/erkale.sap/basis/.

Current Settings used by ERKALE:
     AtomGuess      	                Auto	Method used for atomic guess (Auto for same as method)
     Basis          	             cc-pVTZ	Basis set used in calculation
     BasisCutoff    	           1.000e-08	Cutoff for dropping out small primitives from contraction
     BasisOrth      	                Auto	Method of orthonormalization of basis set
     BasisRotate    	               false	Rotate basis set to remove redundant functions?
     C1-DIIS        	               false	Use older version of DIIS (C1-DIIS instead of C2-DIIS)?
     Charge         	                   1	Total charge of system
     Cholesky       	                true	Use Cholesky decomposition?
     CholeskyMode   	                   0	Save/load integrals? 0 no, 1 save, -1 load
     CholeskyNAFThr 	           0.000e+00	Cholesky natural auxiliary function threshold
     CholeskyShThr  	           1.000e-02	Cholesky cache threshold
     CholeskyThr    	           1.000e-07	Cholesky decomposition threshold
     ConvThr        	           1.000e-06	Orbital gradient convergence threshold
     DFTDelta       	           1.000e+02	Switch to final DFT grid has converged within factor X
     DFTFinalTol    	           1.000e-05	Tolerance of final DFT grid
     DFTGrid        	             50 -302	DFT integration grid to use: nrad lmax or Auto for adaptive
     DFTInitialTol  	           1.000e-04	Tolerance of initial DFT grid
     DFTLobatto     	               false	Use Lobatto quadrature instead of Lebedev quadrature?
     DIISEps        	           1.000e-01	Start mixing in DIIS when error is
     DIISOrder      	                  10	How many DIIS iterations to keep in memory?
     DIISThr        	           1.000e-02	DIIS error threshold for DIIS updates
     DecFock        	               false	Use decontracted basis to calculate Fock matrix (direct HF)
     Decontract     	                    	Indices of atoms to decontract basis set for
     DensityFitting 	               false	Use density fitting / RI?
     DimerSymmetry  	               false	Do special calculation on dimer along z axis
     Direct         	               false	Calculate two-electron integrals (or density fitting) on-the-fly?
     EField         	         0.0 0.0 0.0	Electric field
     FittingBasis   	                Auto	Basis to use for density fitting / RI (Auto for automatic)
     FittingMemory  	                1000	Amount of memory in MB to use for exchange fitting
     FittingThreshold	           1.000e-08	Linear dependence threshold for Coulomb integrals in density fitting
     ForcePol       	               false	Force polarized calculation
     Guess          	                Core	Used guess: SAD (default), NO, core, or GWH
     InputBohr      	               false	Use atomic units as input units instead of angstrom?
     IntegralThresh 	           1.000e-14	Integral screening threshold
     LoadChk        	                    	File to load old results from
     Logfile        	      Mg+_lda_tz.log	File to print out full information, stdout for screen
     MaxIter        	                 100	Maximum number of iterations in SCF cycle
     Method         	      lda_x-lda_c_pw	Method used in calculation (HF or a DFT functional)
     Multiplicity   	                   2	Spin multiplicity
     NLGrid         	             50 -194	Integration grid to use for nonlocal correlation: nrad lmax
     Occupancies    	                    	Orbital occupancies
     OptLM          	                true	If spherical harmonics used, use cartesian s and p functions?
     PZ             	               false	Perform Perdew-Zunger self-interaction correction?
     PZEthr         	           1.000e-10	Threshold for energy convergence
     PZIthr         	           1.000e-02	Threshold for initialization convergence (not too small!)
     PZNRthr        	           0.000e+00	Threshold for use of NR method in OO optimization
     PZOOthr        	           1.000e-04	Gradient threshold for OO optimization
     PZOVthr        	           1.000e-05	Gradient threshold for OV optimization
     PZimag         	                Auto	Imaginary degrees of freedom in PZ?
     PZiter         	                  20	Max number of iterations in self-consistency iteration
     PZloc          	                Auto	Initial localization before SIC calculation?
     PZlocmet       	                  FB	Initial localization method (recommend FB or IAO)
     PZmode         	                  XC	Apply PZ to the operators (in addition to J): X C D
     PZoo           	                true	Optimize OO block?
     PZov           	                true	Optimize OV block?
     PZprec         	                   1	Precondition OV block? 0: no, 1: unified, 2: orbital
     PZscale        	            Constant	Scaling for PZ: Constant, Density or Kinetic
     PZscaleExp     	           1.000e+00	Exponent in the dynamic scaling equation
     PZseed         	                   0	Seed number for randomized matrices?
     PZstab         	                   0	Stability analysis for PZ-SIC? 1 or -1 for OO, 2 or -2 for OO+OV
     PZstabThr      	           1.000e-03	Instability threshold (interpreted as -thr)
     PZw            	           1.000e+00	Weight for Perdew-Zunger self-interaction correction
     SaveChk        	      Mg+_lda_tz.chk	File to use as checkpoint
     Shift          	           0.000e+00	Level shift to use in Hartree
     StrictIntegrals	               false	Use strict integrals?
     System         	              Mg.xyz	System as an xyz file
     UseADIIS       	                true	Use ADIIS for Fock matrix interpolation?
     UseBroyden     	               false	Use Broyden mixing of Fock matrices?
     UseDIIS        	                true	Use Pulay's Direct Inversion in the Iterative Subspace?
     UseLM          	                true	Use a spherical harmonics basis set by default?
     UseTRRH        	               false	Use Trust-Region Roothaan-Hall?
     VV10           	                Auto	Use VV10 non-local correlation?
     VV10Pars       	                    	VV10 parameters: b C
     Verbose        	                true	Verbose calculation?

There are 12 shells and 1 nuclei in the basis set.

List of nuclei, geometry in Ångström with three decimal places:
		 Z	    x	    y	    z
1	Mg	 12	  0.000	  0.000	  0.000

List of basis functions:
Shell    1	S cart shell at nucleus   1 with with basis functions    1-1   
Shell    2	S cart shell at nucleus   1 with with basis functions    2-2   
Shell    3	S cart shell at nucleus   1 with with basis functions    3-3   
Shell    4	S cart shell at nucleus   1 with with basis functions    4-4   
Shell    5	S cart shell at nucleus   1 with with basis functions    5-5   
Shell    6	P cart shell at nucleus   1 with with basis functions    6-8   
Shell    7	P cart shell at nucleus   1 with with basis functions    9-11  
Shell    8	P cart shell at nucleus   1 with with basis functions   12-14  
Shell    9	P cart shell at nucleus   1 with with basis functions   15-17  
Shell   10	D  sph shell at nucleus   1 with with basis functions   18-22  
Shell   11	D  sph shell at nucleus   1 with with basis functions   23-27  
Shell   12	F  sph shell at nucleus   1 with with basis functions   28-34  

Basis set contains 34 functions, maximum angular momentum is 3.
Spherical harmonic Gaussians are used by default, there are 39 cartesians.

Forming overlap matrix ... done (0.00 s)
Forming kinetic energy matrix ... done (0.01 s)
Forming nuclear attraction matrix ... done (0.01 s)

Smallest eigenvalue of overlap matrix is 4.56e-03, ratio to largest is 1.67e-03.
Using symmetric orthogonalization.
Basis set diagonalized in 0.14 s.

Computing repulsion integrals.
Screening by shell pairs and symmetry reduced dofs by factor 1.94.
Individual screening reduced dofs by a total factor 1.94.
Computing Cholesky vectors. Estimated memory size is 474 ki - 1 Mi.
Cholesky vectors no     0 -     0 computed, error is 9.329693e-01 (0.00 s).
Cholesky vectors no     1 -     6 computed, error is 2.667011e-01 (0.00 s).
Cholesky vectors no     7 -     9 computed, error is 2.510342e-01 (0.00 s).
Cholesky vectors no    10 -    24 computed, error is 6.985810e-02 (0.01 s).
Cholesky vectors no    25 -    30 computed, error is 6.879405e-02 (0.00 s).
Cholesky vectors no    31 -    51 computed, error is 5.613130e-02 (0.03 s).
Cholesky vectors no    52 -    54 computed, error is 1.668852e-02 (0.00 s).
Cholesky vectors no    55 -    57 computed, error is 1.660191e-02 (0.00 s).
Cholesky vectors no    58 -    85 computed, error is 1.445860e-02 (0.00 s).
Cholesky vectors no    86 -    86 computed, error is 5.969873e-03 (0.00 s).
Cholesky vectors no    87 -    96 computed, error is 3.357122e-03 (0.00 s).
Cholesky vectors no    97 -    99 computed, error is 2.961528e-03 (0.00 s).
Cholesky vectors no   100 -   114 computed, error is 1.388175e-03 (0.00 s).
Cholesky vectors no   115 -   115 computed, error is 1.290728e-03 (0.00 s).
Cholesky vectors no   116 -   125 computed, error is 1.132400e-03 (0.00 s).
Cholesky vectors no   126 -   146 computed, error is 6.365401e-04 (0.00 s).
Cholesky vectors no   147 -   151 computed, error is 1.116026e-04 (0.00 s).
Cholesky vectors no   152 -   152 computed, error is 9.843138e-05 (0.00 s).
Cholesky vectors no   153 -   158 computed, error is 5.633305e-05 (0.00 s).
Cholesky vectors no   159 -   159 computed, error is 3.912560e-05 (0.02 s).
Cholesky vectors no   160 -   173 computed, error is 3.808387e-05 (0.01 s).
Cholesky vectors no   174 -   183 computed, error is 1.098561e-05 (0.07 s).
Cholesky vectors no   184 -   190 computed, error is 5.374890e-06 (0.01 s).
Cholesky vectors no   191 -   204 computed, error is 1.717541e-06 (0.01 s).
Cholesky vectors no   205 -   207 computed, error is 7.654927e-07 (0.00 s).
Cholesky vectors no   208 -   208 computed, error is 5.380840e-07 (0.00 s).
Cholesky vectors no   209 -   215 computed, error is 4.092071e-07 (0.00 s).
Cholesky vectors no   216 -   216 computed, error is 1.795662e-07 (0.00 s).
Cholesky vectors no   217 -   221 computed, error is 1.277675e-07 (0.00 s).
Cholesky vectors no   222 -   222 computed, error is 5.227668e-08 (0.00 s).
Cholesky decomposition finished in 1.09 s. Realized memory size is 1 Mi 370 ki.
Time use: integrals 83.0 %, linear algebra 17.0 %.
78 shell pairs out of 78 are significant.

Initialization of computation done in 1.39 s.

Used exchange functional is lda_x, 'Slater exchange', defined in the reference(s):
P. A. M. Dirac, Math. Proc. Cambridge Philos. Soc. 26, 376 (1930) (DOI 10.1017/S0305004100016108)
F. Bloch, Z. Phys. 57, 545 (1929) (DOI 10.1007/BF01340281)

Used correlation functional is lda_c_pw, 'Perdew & Wang', defined in the reference(s):
J. P. Perdew and Y. Wang, Phys. Rev. B 45, 13244 (1992) (DOI 10.1103/PhysRevB.45.13244)

alpha: HOMO-LUMO gap is   32.90 eV. Energies of lowest lying orbitals:
     -71.9364*     -17.0579*     -16.0975*     -16.0975*     -16.0975*
      -6.4373*      -5.2282       -5.2282       -5.2282       -4.6293 
      -4.6293       -4.6293       -4.6293       -4.6293       -3.2604 
beta:  HOMO-LUMO gap is  262.87 eV. Energies of lowest lying orbitals:
     -71.9364*     -17.0579*     -16.0975*     -16.0975*     -16.0975*
      -6.4373       -5.2282       -5.2282       -5.2282       -4.6293 

A pure exchange functional used, no exact exchange.
Constructing static nrad=50 lmax=29 XC grid.
Composition of XC grid:
    atom Npoints     Nfuncs
    1 Mg   14496     466892

 ******* Iteration    1 ********
Forming Cholesky Coulomb matrix ... done (0.00 s)
Computing DFT exchange and correlation ... done (0.04 s)
Numerically integrated density is 11.00000 (+0.0000 %).
ADIIS weights
 1.00e+00 
CDIIS weights
 1.00e+00 
 DIIS weights
 1.00e+00 

Solving SCF equations ... done (0.10 s)

Total energy                  : -1.9741926115133555e+02
DIIS error                    :  8.732088e-01
Energy change                 : -1.974193e+02
Max total density change      :  1.165472e+01
Max rms   density change      :  8.873969e-01
Max total alpha density change:  2.152397e+01
Max rms   alpha density change:  1.527085e+00
Max total beta  density change:  2.996085e+00
Max rms   beta  density change:  3.698407e-01
Dipole mu = ( 0.00000000,  0.00000000,  0.00000000) D

Iteration took 0.15 s.

 ******* Iteration    2 ********
Forming Cholesky Coulomb matrix ... done (0.02 s)
Computing DFT exchange and correlation ... done (0.04 s)
Numerically integrated density is 11.00000 (+0.0000 %).
ADIIS weights
 5.67e-21  1.00e+00 
CDIIS weights
 3.60e-01  6.40e-01 
 DIIS weights
 5.67e-21  1.00e+00 

Solving SCF equations ... done (0.01 s)

Total energy                  : -1.9865203405439223e+02
DIIS error                    :  5.472522e-01
Energy change                 : -1.232773e+00
Max total density change      :  1.208692e+00
Max rms   density change      :  1.296934e-01
Max total alpha density change:  1.315533e+00
Max rms   alpha density change:  1.456193e-01
Max total beta  density change:  1.135690e+00
Max rms   beta  density change:  1.167362e-01
Dipole mu = (-0.00000000, -0.00000000, -0.00000000) D

Iteration took 0.07 s.

 ******* Iteration    3 ********
Forming Cholesky Coulomb matrix ... done (0.00 s)
Computing DFT exchange and correlation ... done (0.03 s)
Numerically integrated density is 11.00000 (+0.0000 %).
ADIIS weights
 2.18e-17  2.35e-16  1.00e+00 
CDIIS weights
-5.28e-02  2.03e-01  8.50e-01 
 DIIS weights
 2.18e-17  2.35e-16  1.00e+00 

Solving SCF equations ... done (0.45 s)

Total energy                  : -1.9881322266987547e+02
DIIS error                    :  1.788180e-01
Energy change                 : -1.611886e-01
Max total density change      :  4.371078e-01
Max rms   density change      :  4.384297e-02
Max total alpha density change:  7.411514e-01
Max rms   alpha density change:  5.048488e-02
Max total beta  density change:  4.232953e-01
Max rms   beta  density change:  4.047780e-02
Dipole mu = (-0.00000000,  0.00000000,  0.00000000) D

Iteration took 0.51 s.

 ******* Iteration    4 ********
Forming Cholesky Coulomb matrix ... done (0.02 s)
Computing DFT exchange and correlation ... done (0.04 s)
Numerically integrated density is 11.00000 (+0.0000 %).
ADIIS weights
 5.90e-17  8.75e-16  4.42e-15  1.00e+00 
CDIIS weights
-6.08e-04 -4.83e-02  2.12e-01  8.37e-01 
 DIIS weights
-1.61e-04 -1.28e-02  5.62e-02  9.57e-01 

Solving SCF equations ... done (0.00 s)

Total energy                  : -1.9883658072799747e+02
DIIS error                    :  7.610307e-02
Energy change                 : -2.335806e-02
Max total density change      :  1.659279e-01
Max rms   density change      :  1.670411e-02
Max total alpha density change:  2.704633e-01
Max rms   alpha density change:  1.924165e-02
Max total beta  density change:  1.587237e-01
Max rms   beta  density change:  1.521803e-02
Dipole mu = (-0.00000000, -0.00000000, -0.00000000) D

Iteration took 0.06 s.

 ******* Iteration    5 ********
Forming Cholesky Coulomb matrix ... done (0.01 s)
Computing DFT exchange and correlation ... done (0.04 s)
Numerically integrated density is 11.00000 (+0.0000 %).
ADIIS weights
 8.26e-17  1.10e-15  5.96e-16  2.96e-13  1.00e+00 
CDIIS weights
 8.58e-05 -1.64e-03 -3.12e-02  1.80e-01  8.52e-01 
 DIIS weights
 7.49e-05 -1.43e-03 -2.72e-02  1.57e-01  8.71e-01 

Solving SCF equations ... done (0.00 s)

Total energy                  : -1.9884056294038680e+02
DIIS error                    :  2.148841e-02
Energy change                 : -3.982212e-03
Max total density change      :  3.854856e-02
Max rms   density change      :  3.850047e-03
Max total alpha density change:  6.462478e-02
Max rms   alpha density change:  4.431754e-03
Max total beta  density change:  3.718166e-02
Max rms   beta  density change:  3.537793e-03
Dipole mu = (-0.00000000, -0.00000000,  0.00000000) D

Iteration took 0.15 s.

 ******* Iteration    6 ********
Forming Cholesky Coulomb matrix ... done (0.00 s)
Computing DFT exchange and correlation ... done (0.03 s)
Numerically integrated density is 11.00000 (+0.0000 %).
ADIIS weights
 2.79e-19  7.27e-19  1.21e-16  6.93e-17  2.13e-16  1.00e+00 
CDIIS weights
-2.24e-07  3.88e-05  7.81e-04 -8.33e-03  1.52e-02  9.92e-01 
 DIIS weights
-2.24e-07  3.88e-05  7.81e-04 -8.33e-03  1.52e-02  9.92e-01 

Solving SCF equations ... done (0.00 s)

Total energy                  : -1.9884092663529449e+02
DIIS error                    :  1.086872e-03
Energy change                 : -3.636949e-04
Max total density change      :  1.853270e-03
Max rms   density change      :  1.854576e-04
Max total alpha density change:  3.109858e-03
Max rms   alpha density change:  2.144813e-04
Max total beta  density change:  1.775605e-03
Max rms   beta  density change:  1.691340e-04
Dipole mu = (-0.00000000,  0.00000000, -0.00000000) D

Iteration took 0.04 s.

 ******* Iteration    7 ********
Forming Cholesky Coulomb matrix ... done (0.00 s)
Computing DFT exchange and correlation ... done (0.03 s)
Numerically integrated density is 11.00000 (+0.0000 %).
ADIIS weights
 2.07e-16  1.31e-14  2.32e-14  3.44e-14  6.38e-11  2.22e-09  1.00e+00 
CDIIS weights
-5.23e-08  1.67e-06  5.11e-06 -7.58e-05 -3.03e-04 -7.76e-04  1.00e+00 
 DIIS weights
-5.23e-08  1.67e-06  5.11e-06 -7.58e-05 -3.03e-04 -7.76e-04  1.00e+00 

Solving SCF equations ... done (0.01 s)

Total energy                  : -1.9884092755591820e+02
DIIS error                    :  5.040032e-08
Energy change                 : -9.206237e-07
Max total density change      :  1.047698e-07
Max rms   density change      :  1.097337e-08
Max total alpha density change:  3.236919e-07
Max rms   alpha density change:  3.243938e-08
Max total beta  density change:  1.141524e-07
Max rms   beta  density change:  1.105161e-08
Dipole mu = (-0.00000000,  0.00000000,  0.00000000) D

Iteration took 0.06 s.

 ******* Convergence achieved ********
Solution of UDFT took 1.08 s.

Kinetic               energy:  1.9866907683306567e+02
Nuclear attraction    energy: -4.7404277511365717e+02
Total one-electron    energy: -2.7537369828059161e+02
Nuclear repulsion     energy:  0.0000000000000000e+00
Coulomb               energy:  9.1806117790003356e+01
Exchange-correlation  energy: -1.5273347065329959e+01
Non-local correlation energy:  0.0000000000000000e+00
-----------------------------------------------------
                Total energy: -1.9884092755591820e+02
               Virial factor:  1.0008650099229934e+00

Dipole mu = (-0.00000000,  0.00000000,  0.00000000) D

alpha: HOMO-LUMO gap is    4.44 eV. Orbital energies:
     -46.3382*      -3.2429*      -2.0595*      -2.0595*      -2.0595*
      -0.4406*      -0.2774       -0.2774       -0.2774       -0.1116 
      -0.0655       -0.0655       -0.0655       -0.0547       -0.0547 
      -0.0547       -0.0547       -0.0547        0.2743        0.2743 
       0.2743        0.4770        0.4770        0.4770        0.4770 
       0.4770        0.5023        0.5023        0.5023        0.5023 
       0.5023        0.5023        0.5023        0.5704 
beta:  HOMO-LUMO gap is   45.38 eV. Orbital energies:
     -46.3349*      -3.2380*      -2.0539*      -2.0539*      -2.0539*
      -0.3864       -0.2312       -0.2312       -0.2312       -0.0965 
      -0.0524       -0.0524       -0.0524       -0.0072       -0.0072 
      -0.0072       -0.0072       -0.0072        0.3087        0.3087 
       0.3087        0.5236        0.5236        0.5236        0.5236 
       0.5236        0.5633        0.5633        0.5633        0.5633 
       0.5633        0.5633        0.5633        0.5921 

Mulliken charges: alpha, beta, total (incl. nucleus)
   1 Mg          -6.000000       -5.000000        1.000000
Sum of Mulliken charges 1.000000e+00

Mulliken spin charges
   1 Mg           1.000000
Sum of Mulliken spin charges 1.000000e+00

Electron density at nuclei: alpha, beta, total
   1 Mg         537.878605      535.820578     1073.699183

The spin expectation value <S^2> is 0.750055

Running program took 2.51 s.
Current time is Sat 22 Sep 2018 22:38:04.
