Basis set cc-pVTZ found in file cc-pVTZ.gbs in /home/work/erkale/source/erkale.co/basis/.


Current Settings used by ERKALE:
     AtomGuess      	                Auto	Method used for atomic guess (Auto for same as method)
     Basis          	             cc-pVTZ	Basis set used in calculation
     BasisCutoff    	           1.000e-08	Cutoff for dropping out small primitives from contraction
     BasisOrth      	                Auto	Method of orthonormalization of basis set
     BasisRotate    	                true	Rotate basis set to remove redundant functions?
     C1-DIIS        	               false	Use older version of DIIS (C1-DIIS instead of C2-DIIS)?
     Charge         	                   0	Total charge of system
     DFTDelta       	           5.000e+03	Switch to final DFT grid, relative to deltaE and deltaP
     DFTDirect      	               false	Save memory by not storing values of basis functions in memory
     DFTFinalTol    	           1.000e-05	Tolerance of final DFT grid
     DFTGrid        	             50 -302	DFT integration grid to use: nrad lmax or Auto for adaptive
     DFTInitialTol  	           1.000e-04	Tolerance of initial DFT grid
     DFTLobatto     	               false	Use Lobatto quadrature instead of Lebedev quadrature?
     DIISEps        	           1.000e-01	Start mixing in DIIS when error is
     DIISOrder      	                  10	How many DIIS iterations to keep in memory?
     DIISThr        	           1.000e-02	DIIS error threshold for DIIS updates
     DecFock        	               false	Use decontracted basis to calculate Fock matrix (direct HF)
     Decontract     	                    	Indices of atoms to decontract basis set for
     DeltaEmax      	           1.000e-06	Maximum allowed change of energy
     DeltaPmax      	           1.000e-06	Maximum allowed maximum difference of density matrix
     DeltaPrms      	           1.000e-08	Maximum allowed RMS difference of density matrix
     DensityFitting 	               false	Use density fitting / RI?
     Direct         	               false	Calculate two-electron integrals (or density fitting) on-the-fly?
     EField         	         0.0 0.0 0.0	Electric field
     FittingBasis   	                Auto	Basis to use for density fitting / RI (Auto for automatic)
     FittingMemory  	                1000	Amount of memory in MB to use for exchange fitting
     FittingThreshold	           1.000e-08	Linear dependence threshold for Coulomb integrals in density fitting
     ForcePol       	               false	Force polarized calculation
     FreezeCore     	               false	Freeze the atomic cores?
     Guess          	                Core	Used guess: atomic (default), core, or GWH
     LineSearch     	               false	Do line search in level shift (EXPENSIVE!)
     LoadChk        	                    	File to load old results from
     Logfile        	      Mg_tpss_tz.log	File to print out full information, stdout for screen
     MaxIter        	                 100	Maximum number of iterations in SCF cycle
     Method         	mgga_x_tpss-mgga_c_tpss	Method used in calculation (HF or a DFT functional)
     Multiplicity   	                   1	Spin multiplicity
     Occupancies    	                    	Orbital occupancies
     PZ             	                  No	Perform Perdew-Zunger self-interaction correction? No, Pert, Full, OldFull, Real, Can, CanPert
     PZEmax         	           1.000e-06	Threshold for energy change in unitary optimization
     PZHam          	                Symm	Hamiltonian to use in PZ-SIC: Symm, United
     PZKmax         	           1.000e-03	Threshold for kappa max in unitary optimization
     PZKrms         	           1.000e-04	Threshold for kappa rms in unitary optimization
     PZdEmax        	           1.000e-05	Tolerance threshold for energy convergence
     PZdPmax        	           1.000e-05	Tolerance threshold for density convergence
     PZdPrms        	           1.000e-06	Tolerance threshold for density convergence
     PZiter         	                  20	Max number of iterations in self-consistency iteration
     PZloc          	                true	Initial localization before SIC calculation?
     PZmode         	              CoulXC	Mode to use PZ-SIC in. Coul, CoulX, CoulC, CoulXC
     PZseed         	                   0	Seed number for randomized matrices?
     PZstab         	                   0	Stability analysis for PZ-SIC? 0 for no, 1 for oo block, 2 for full analysis
     PZstabFz       	                    	Orbitals to freeze for stability analysis (only oo!)
     PZunit         	                  10	Max number of iterations in unitary optimization
     PZw            	           1.000e+00	Weight for Perdew-Zunger self-interaction correction
     SaveChk        	      Mg_tpss_tz.chk	File to use as checkpoint
     ShPairThr      	           1.000e-14	Threshold for shell pair screening, (ij|ij)<thr
     Shift          	           0.000e+00	Level shift to use in Hartree
     StrictIntegrals	               false	Use strict integrals?
     System         	              Mg.xyz	System as an xyz file
     UseADIIS       	                true	Use ADIIS for Fock matrix interpolation?
     UseBroyden     	               false	Use Broyden mixing of Fock matrices?
     UseDIIS        	                true	Use Pulay's Direct Inversion in the Iterative Subspace?
     UseLM          	                true	Use a spherical harmonics basis set by default?
     UseTRDSM       	               false	Use Trust-Region DSM?
     UseTRRH        	               false	Use Trust-Region Roothaan-Hall?
     Verbose        	                true	Verbose calculation?

There are 12 shells and 1 nuclei in the basis set.

List of nuclei, geometry in Ångström with three decimal places:
		 Z	    x	    y	    z
1	Mg	 12	  0.000	  0.000	  0.000

List of basis functions:
Shell    1	S cart shell at nucleus   1 with with basis functions    1-1   
Shell    2	S cart shell at nucleus   1 with with basis functions    2-2   
Shell    3	S cart shell at nucleus   1 with with basis functions    3-3   
Shell    4	S cart shell at nucleus   1 with with basis functions    4-4   
Shell    5	S cart shell at nucleus   1 with with basis functions    5-5   
Shell    6	P cart shell at nucleus   1 with with basis functions    6-8   
Shell    7	P cart shell at nucleus   1 with with basis functions    9-11  
Shell    8	P cart shell at nucleus   1 with with basis functions   12-14  
Shell    9	P cart shell at nucleus   1 with with basis functions   15-17  
Shell   10	D  sph shell at nucleus   1 with with basis functions   18-22  
Shell   11	D  sph shell at nucleus   1 with with basis functions   23-27  
Shell   12	F  sph shell at nucleus   1 with with basis functions   28-34  

Basis set contains 34 functions, maximum angular momentum is 3.
Spherical harmonic Gaussians are used by default, there are 39 cartesians.

Forming overlap matrix ... done (0.00 s)
Forming kinetic energy matrix ... done (0.00 s)
Forming nuclear attraction matrix ... done (0.00 s)

Smallest eigenvalue of overlap matrix is 2.51e-02, ratio to largest is 9.35e-03.
Using symmetric orthogonalization.
Basis set diagonalized in 0.00 s.

Forming table of 1418480 ERIs, requiring 1 Mi 361 ki of memory ... done (0.15 s)

Initialization of computation done in 0.15 s.

Used exchange functional is mgga_x_tpss, 'Tao, Perdew, Staroverov & Scuseria', defined in the reference(s):
J. Tao, J. P. Perdew, V. N. Staroverov, and G. E. Scuseria, Phys. Rev. Lett. 91, 146401 (2003) (DOI 10.1103/PhysRevLett.91.146401)
J. P. Perdew, J. Tao, V. N. Staroverov, and G. E. Scuseria, J. Chem. Phys. 120, 6898 (2004) (DOI 10.1063/1.1665298)

Used correlation functional is mgga_c_tpss, 'Tao, Perdew, Staroverov & Scuseria', defined in the reference(s):
J. Tao, J. P. Perdew, V. N. Staroverov, and G. E. Scuseria, Phys. Rev. Lett. 91, 146401 (2003) (DOI 10.1103/PhysRevLett.91.146401)
J. P. Perdew, J. Tao, V. N. Staroverov, and G. E. Scuseria, J. Chem. Phys. 120, 6898 (2004) (DOI 10.1063/1.1665298)

HOMO-LUMO gap is   32.90 eV. Energies of lowest lying states:
   -71.936363*   -17.057917*   -16.097508*   -16.097508*   -16.097508*
    -6.437318*    -5.228161     -5.228161     -5.228161     -4.629281 
    -4.629281     -4.629281     -4.629281     -4.629281     -3.260440 

A pure exchange functional used, no exact exchange.
Composition of static nrad=50 lmax=29 DFT grid:
	atom  Npoints      Nfuncs
	   1    15100      466288

 ******* Iteration    1 ********
Forming HF Coulomb matrix ... done (0.00 s)
Computing DFT exchange and correlation ... done (0.31 s)
Numerically integrated density is 12.00000 (+0.0000 %).
ADIIS weights
 1.00e+00 
CDIIS weights
 1.00e+00 
 DIIS weights
 1.00e+00 

Solving SCF equations ... done (0.00 s)
HOMO-LUMO gap is    1.58 eV. Energies of lowest lying states:
   -44.922517*    -2.117857*    -0.865981*    -0.865981*    -0.865981*
    -0.040527*     0.017663      0.017663      0.017663      0.145426 
     0.182461      0.182461      0.182461      0.287811      0.287811 

Dipole:	x		y		z		dipole change
	-0.00000000	-0.00000000	 0.00000000	 1.660390e-13
Energy:	electronic	total		virial		energy change
	-198.14805949	-198.14805949	 0.93722082	-198.148
	kinetic		nuclear		Coulomb		XC
	 211.42088912	-498.86913232	 106.87220059	-17.57201688
Errors:	Max dens	RMS dens	DIIS
	 7.386848e+00	 4.774567e-01	 9.205291e-01

Iteration took 0.31 s.

 ******* Iteration    2 ********
Forming HF Coulomb matrix ... done (0.00 s)
Computing DFT exchange and correlation ... done (0.45 s)
Numerically integrated density is 12.00000 (+0.0000 %).
ADIIS weights
 1.82e-27  1.00e+00 
CDIIS weights
 4.58e-01  5.42e-01 
 DIIS weights
 1.82e-27  1.00e+00 

Solving SCF equations ... done (0.00 s)
HOMO-LUMO gap is    4.40 eV. Energies of lowest lying states:
   -47.556210*    -3.594267*    -2.376073*    -2.376073*    -2.376073*
    -0.288054*    -0.126265     -0.126265     -0.126265     -0.000591 
     0.044984      0.044984      0.044984      0.119625      0.119625 

Dipole:	x		y		z		dipole change
	 0.00000000	 0.00000000	-0.00000000	-1.094531e-13
Energy:	electronic	total		virial		energy change
	-199.63183117	-199.63183117	 1.03838280	-1.48377
	kinetic		nuclear		Coulomb		XC
	 192.25263699	-464.39633090	 88.14672447	-15.63486172
Errors:	Max dens	RMS dens	DIIS
	 7.403324e-01	 4.451608e-02	 8.550019e-01

Iteration took 0.46 s.

 ******* Iteration    3 ********
Forming HF Coulomb matrix ... done (0.00 s)
Computing DFT exchange and correlation ... done (0.31 s)
Numerically integrated density is 12.00000 (+0.0000 %).
ADIIS weights
 1.11e-17  1.45e-15  1.00e+00 
CDIIS weights
-1.24e-01  1.93e-01  9.30e-01 
 DIIS weights
 1.11e-17  1.45e-15  1.00e+00 

Solving SCF equations ... done (0.00 s)
HOMO-LUMO gap is    3.07 eV. Energies of lowest lying states:
   -46.064024*    -2.751583*    -1.506310*    -1.506310*    -1.506310*
    -0.134271*    -0.021469     -0.021469     -0.021469      0.082289 
     0.109108      0.109108      0.109108      0.213163      0.213163 

Dipole:	x		y		z		dipole change
	-0.00000000	-0.00000000	 0.00000000	 2.018364e-14
Energy:	electronic	total		virial		energy change
	-200.00850851	-200.00850851	 0.99014447	-0.376677
	kinetic		nuclear		Coulomb		XC
	 201.99931864	-483.78214431	 98.50248763	-16.72817046
Errors:	Max dens	RMS dens	DIIS
	 4.048124e-01	 2.536294e-02	 2.689388e-01

Iteration took 0.31 s.

 ******* Iteration    4 ********
Forming HF Coulomb matrix ... done (0.00 s)
Computing DFT exchange and correlation ... done (0.34 s)
Numerically integrated density is 12.00000 (+0.0000 %).
ADIIS weights
 1.21e-17  3.13e-15  9.94e-14  1.00e+00 
CDIIS weights
-4.26e-03 -9.47e-02  1.92e-01  9.07e-01 
 DIIS weights
 1.21e-17  3.13e-15  9.94e-14  1.00e+00 

Solving SCF equations ... done (0.00 s)
HOMO-LUMO gap is    3.58 eV. Energies of lowest lying states:
   -46.647540*    -3.078373*    -1.842896*    -1.842896*    -1.842896*
    -0.191289*    -0.059628     -0.059628     -0.059628      0.056232 
     0.082442      0.082442      0.082442      0.173060      0.173060 

Dipole:	x		y		z		dipole change
	 0.00000000	 0.00000000	-0.00000000	-2.005231e-14
Energy:	electronic	total		virial		energy change
	-200.07258021	-200.07258021	 1.01061611	-0.0640717
	kinetic		nuclear		Coulomb		XC
	 197.97089970	-476.13080222	 94.38522373	-16.29790142
Errors:	Max dens	RMS dens	DIIS
	 1.028069e-01	 8.249593e-03	 1.425157e-01

Iteration took 0.34 s.

 ******* Iteration    5 ********
Forming HF Coulomb matrix ... done (0.00 s)
Computing DFT exchange and correlation ... done (0.30 s)
Numerically integrated density is 12.00000 (+0.0000 %).
ADIIS weights
 1.02e-17  8.43e-17  7.34e-14  7.27e-12  1.00e+00 
CDIIS weights
 8.97e-04 -1.30e-02 -3.46e-02  3.08e-01  7.39e-01 
 DIIS weights
 4.41e-04 -6.39e-03 -1.70e-02  1.51e-01  8.72e-01 

Solving SCF equations ... done (0.00 s)
HOMO-LUMO gap is    3.41 eV. Energies of lowest lying states:
   -46.424950*    -2.956652*    -1.716984*    -1.716984*    -1.716984*
    -0.171492*    -0.046017     -0.046017     -0.046017      0.066095 
     0.090696      0.090696      0.090696      0.185755      0.185755 

Dipole:	x		y		z		dipole change
	-0.00000000	-0.00000000	 0.00000000	-2.819744e-14
Energy:	electronic	total		virial		energy change
	-200.08484020	-200.08484020	 1.00167255	-0.01226
	kinetic		nuclear		Coulomb		XC
	 199.75074619	-479.51458256	 96.16948649	-16.49049032
Errors:	Max dens	RMS dens	DIIS
	 4.263633e-02	 3.265915e-03	 5.574771e-02

Iteration took 0.31 s.

 ******* Iteration    6 ********
Forming HF Coulomb matrix ... done (0.00 s)
Computing DFT exchange and correlation ... done (0.31 s)
Numerically integrated density is 12.00000 (+0.0000 %).
ADIIS weights
 4.31e-17  2.82e-15  3.08e-16  5.73e-14  1.65e-11  1.00e+00 
CDIIS weights
 8.20e-05  9.98e-05 -5.48e-03 -1.25e-02  1.78e-01  8.40e-01 
 DIIS weights
 8.00e-05  9.73e-05 -5.34e-03 -1.22e-02  1.74e-01  8.43e-01 

Solving SCF equations ... done (0.00 s)
HOMO-LUMO gap is    3.44 eV. Energies of lowest lying states:
   -46.463138*    -2.977392*    -1.738430*    -1.738430*    -1.738430*
    -0.174749*    -0.048207     -0.048207     -0.048207      0.064560 
     0.089317      0.089317      0.089317      0.183630      0.183630 

Dipole:	x		y		z		dipole change
	 0.00000000	 0.00000000	-0.00000000	-5.695895e-15
Energy:	electronic	total		virial		energy change
	-200.08726100	-200.08726100	 1.00485855	-0.0024208
	kinetic		nuclear		Coulomb		XC
	 199.11982734	-478.33020480	 95.54648062	-16.42336416
Errors:	Max dens	RMS dens	DIIS
	 6.994978e-03	 5.476211e-04	 1.219591e-02

Iteration took 0.31 s.

 ******* Iteration    7 ********
Forming HF Coulomb matrix ... done (0.00 s)
Computing DFT exchange and correlation ... done (0.32 s)
Numerically integrated density is 12.00000 (+0.0000 %).
ADIIS weights
 1.14e-16  1.40e-14  6.47e-15  8.73e-12  6.35e-11  2.10e-08  1.00e+00 
CDIIS weights
 9.28e-07 -1.20e-05  1.14e-04  1.04e-03 -7.13e-03 -3.09e-02  1.04e+00 
 DIIS weights
 9.28e-07 -1.20e-05  1.14e-04  1.04e-03 -7.13e-03 -3.09e-02  1.04e+00 

Solving SCF equations ... done (0.00 s)
HOMO-LUMO gap is    3.44 eV. Energies of lowest lying states:
   -46.462759*    -2.977187*    -1.738218*    -1.738218*    -1.738218*
    -0.174717*    -0.048187     -0.048187     -0.048187      0.064576 
     0.089334      0.089334      0.089334      0.183651      0.183651 

Dipole:	x		y		z		dipole change
	-0.00000000	-0.00000000	 0.00000000	-2.118876e-15
Energy:	electronic	total		virial		energy change
	-200.08737534	-200.08737534	 1.00429251	-0.000114346
	kinetic		nuclear		Coulomb		XC
	 199.23216975	-478.54129184	 95.65711059	-16.43536384
Errors:	Max dens	RMS dens	DIIS
	 7.416274e-05	 5.778496e-06	 1.227560e-04

Iteration took 0.32 s.

 ******* Iteration    8 ********
Forming HF Coulomb matrix ... done (0.00 s)
Computing DFT exchange and correlation ... done (0.31 s)
Numerically integrated density is 12.00000 (+0.0000 %).
ADIIS weights
 1.87e-18  1.06e-15  1.27e-14  2.59e-14  5.33e-13  1.40e-09  5.01e-01  4.99e-01 
CDIIS weights
 2.03e-08 -2.08e-07 -2.41e-06 -4.47e-05  2.76e-04  1.93e-03  2.21e-02  9.76e-01 
 DIIS weights
 2.03e-08 -2.08e-07 -2.41e-06 -4.47e-05  2.76e-04  1.93e-03  2.21e-02  9.76e-01 

Solving SCF equations ... done (0.00 s)
HOMO-LUMO gap is    3.44 eV. Energies of lowest lying states:
   -46.462760*    -2.977188*    -1.738219*    -1.738219*    -1.738219*
    -0.174718*    -0.048188     -0.048188     -0.048188      0.064576 
     0.089333      0.089333      0.089333      0.183650      0.183650 

Dipole:	x		y		z		dipole change
	 0.00000000	 0.00000000	-0.00000000	-9.519588e-16
Energy:	electronic	total		virial		energy change
	-200.08737536	-200.08737536	 1.00429827	-1.37056e-08
	kinetic		nuclear		Coulomb		XC
	 199.23102645	-478.53911234	 95.65595097	-16.43524043
Errors:	Max dens	RMS dens	DIIS
	 6.599302e-07	 4.795650e-08	 4.852882e-07

Iteration took 0.32 s.

 ******* Iteration    9 ********
Forming HF Coulomb matrix ... done (0.00 s)
Computing DFT exchange and correlation ... done (0.30 s)
Numerically integrated density is 12.00000 (+0.0000 %).
ADIIS weights
 1.13e-17  1.03e-15  3.47e-15  5.79e-14  1.53e-13  5.84e-09  3.34e-01  3.33e-01  3.33e-01 
CDIIS weights
 2.91e-10 -9.77e-09 -7.39e-08 -4.00e-07  5.46e-06  2.39e-05 -4.35e-04 -2.59e-03  1.00e+00 
 DIIS weights
 2.91e-10 -9.77e-09 -7.39e-08 -4.00e-07  5.46e-06  2.39e-05 -4.35e-04 -2.59e-03  1.00e+00 

Solving SCF equations ... done (0.00 s)
HOMO-LUMO gap is    3.44 eV. Energies of lowest lying states:
   -46.462760*    -2.977188*    -1.738219*    -1.738219*    -1.738219*
    -0.174718*    -0.048188     -0.048188     -0.048188      0.064576 
     0.089333      0.089333      0.089333      0.183650      0.183650 

Dipole:	x		y		z		dipole change
	-0.00000000	-0.00000000	-0.00000000	-1.079073e-14
Energy:	electronic	total		virial		energy change
	-200.08737536	-200.08737536	 1.00429824	-6.45173e-12
	kinetic		nuclear		Coulomb		XC
	 199.23103163	-478.53912437	 95.65595847	-16.43524109
Errors:	Max dens	RMS dens	DIIS
	 8.205728e-09	 5.156111e-10	 6.258924e-09

Iteration took 0.31 s.

 ******* Iteration   10 ********
Forming HF Coulomb matrix ... done (0.00 s)
Computing DFT exchange and correlation ... done (0.31 s)
Numerically integrated density is 12.00000 (+0.0000 %).
ADIIS weights
 1.76e-19  6.48e-19  9.65e-15  1.03e-12  1.72e-13  2.85e-10  1.04e-01  2.99e-01  2.99e-01  2.99e-01 
CDIIS weights
-2.80e-13 -1.87e-10 -8.51e-10  2.86e-09  4.91e-08 -1.51e-08 -2.05e-05 -2.85e-04  2.71e-05  1.00e+00 
 DIIS weights
-2.80e-13 -1.87e-10 -8.51e-10  2.86e-09  4.91e-08 -1.51e-08 -2.05e-05 -2.85e-04  2.71e-05  1.00e+00 

Solving SCF equations ... done (0.00 s)
HOMO-LUMO gap is    3.44 eV. Energies of lowest lying states:
   -46.462760*    -2.977188*    -1.738219*    -1.738219*    -1.738219*
    -0.174718*    -0.048188     -0.048188     -0.048188      0.064576 
     0.089333      0.089333      0.089333      0.183650      0.183650 

Dipole:	x		y		z		dipole change
	 0.00000000	 0.00000000	 0.00000000	 6.868660e-15
Energy:	electronic	total		virial		energy change
	-200.08737536	-200.08737536	 1.00429824	-1.39266e-12
	kinetic		nuclear		Coulomb		XC
	 199.23103170	-478.53912450	 95.65595854	-16.43524110
Errors:	Max dens	RMS dens	DIIS
	 2.039627e-10	 8.604565e-12	 7.878052e-11

Iteration took 0.31 s.

 ******* Convergence achieved ********
Dipole moment is (0.000000,0.000000,0.000000) D, |mu|=0.000000 D.
Solution of RDFT took 3.45 s.

Mulliken charges
   1 Mg          -0.000000
Sum of Mulliken charges -8.881784e-15

Electron density at nuclei
   1 Mg        1075.084523

Running program took 3.63 s.
Current time is Mon 09 Feb 2015 00:53:35.
