ERKALE - HF/DFT from Hel, OpenMP version, running on 4 cores.
(c) Susi Lehtola, 2010-2016.

This program is free software; you can redistribute it and/or modify
it under the terms of the GNU General Public License as published by
the Free Software Foundation; either version 2 of the License, or
(at your option) any later version.

At svn revision 1938.

Running on host dx7-lehtola.chem.helsinki.fi.

Basis set cc-pVTZ found in file cc-pVTZ.gbs in /home/work/erkale/source/erkale.sap/basis/.

Current Settings used by ERKALE:
     AtomGuess      	                Auto	Method used for atomic guess (Auto for same as method)
     Basis          	             cc-pVTZ	Basis set used in calculation
     BasisCutoff    	           1.000e-08	Cutoff for dropping out small primitives from contraction
     BasisOrth      	                Auto	Method of orthonormalization of basis set
     BasisRotate    	               false	Rotate basis set to remove redundant functions?
     C1-DIIS        	               false	Use older version of DIIS (C1-DIIS instead of C2-DIIS)?
     Charge         	                   0	Total charge of system
     Cholesky       	                true	Use Cholesky decomposition?
     CholeskyMode   	                   0	Save/load integrals? 0 no, 1 save, -1 load
     CholeskyNAFThr 	           0.000e+00	Cholesky natural auxiliary function threshold
     CholeskyShThr  	           1.000e-02	Cholesky cache threshold
     CholeskyThr    	           1.000e-07	Cholesky decomposition threshold
     ConvThr        	           1.000e-06	Orbital gradient convergence threshold
     DIISEps        	           1.000e-01	Start mixing in DIIS when error is
     DIISOrder      	                  10	How many DIIS iterations to keep in memory?
     DIISThr        	           1.000e-02	DIIS error threshold for DIIS updates
     DecFock        	               false	Use decontracted basis to calculate Fock matrix (direct HF)
     Decontract     	                    	Indices of atoms to decontract basis set for
     DensityFitting 	               false	Use density fitting / RI?
     DimerSymmetry  	               false	Do special calculation on dimer along z axis
     Direct         	               false	Calculate two-electron integrals (or density fitting) on-the-fly?
     EField         	         0.0 0.0 0.0	Electric field
     FittingBasis   	                Auto	Basis to use for density fitting / RI (Auto for automatic)
     FittingMemory  	                1000	Amount of memory in MB to use for exchange fitting
     FittingThreshold	           1.000e-08	Linear dependence threshold for Coulomb integrals in density fitting
     ForcePol       	               false	Force polarized calculation
     Guess          	                Core	Used guess: SAD (default), NO, core, or GWH
     InputBohr      	               false	Use atomic units as input units instead of angstrom?
     IntegralThresh 	           1.000e-14	Integral screening threshold
     LoadChk        	                    	File to load old results from
     Logfile        	           Mg_tz.log	File to print out full information, stdout for screen
     MaxIter        	                 100	Maximum number of iterations in SCF cycle
     Method         	                  HF	Method used in calculation (HF or a DFT functional)
     Multiplicity   	                   1	Spin multiplicity
     Occupancies    	                    	Orbital occupancies
     OptLM          	                true	If spherical harmonics used, use cartesian s and p functions?
     SaveChk        	           Mg_tz.chk	File to use as checkpoint
     Shift          	           0.000e+00	Level shift to use in Hartree
     StrictIntegrals	               false	Use strict integrals?
     System         	              Mg.xyz	System as an xyz file
     UseADIIS       	                true	Use ADIIS for Fock matrix interpolation?
     UseBroyden     	               false	Use Broyden mixing of Fock matrices?
     UseDIIS        	                true	Use Pulay's Direct Inversion in the Iterative Subspace?
     UseLM          	                true	Use a spherical harmonics basis set by default?
     UseTRRH        	               false	Use Trust-Region Roothaan-Hall?
     Verbose        	                true	Verbose calculation?

There are 12 shells and 1 nuclei in the basis set.

List of nuclei, geometry in Ångström with three decimal places:
		 Z	    x	    y	    z
1	Mg	 12	  0.000	  0.000	  0.000

List of basis functions:
Shell    1	S cart shell at nucleus   1 with with basis functions    1-1   
Shell    2	S cart shell at nucleus   1 with with basis functions    2-2   
Shell    3	S cart shell at nucleus   1 with with basis functions    3-3   
Shell    4	S cart shell at nucleus   1 with with basis functions    4-4   
Shell    5	S cart shell at nucleus   1 with with basis functions    5-5   
Shell    6	P cart shell at nucleus   1 with with basis functions    6-8   
Shell    7	P cart shell at nucleus   1 with with basis functions    9-11  
Shell    8	P cart shell at nucleus   1 with with basis functions   12-14  
Shell    9	P cart shell at nucleus   1 with with basis functions   15-17  
Shell   10	D  sph shell at nucleus   1 with with basis functions   18-22  
Shell   11	D  sph shell at nucleus   1 with with basis functions   23-27  
Shell   12	F  sph shell at nucleus   1 with with basis functions   28-34  

Basis set contains 34 functions, maximum angular momentum is 3.
Spherical harmonic Gaussians are used by default, there are 39 cartesians.

Forming overlap matrix ... done (0.02 s)
Forming kinetic energy matrix ... done (0.00 s)
Forming nuclear attraction matrix ... done (0.01 s)

Smallest eigenvalue of overlap matrix is 4.56e-03, ratio to largest is 1.67e-03.
Using symmetric orthogonalization.
Basis set diagonalized in 0.00 s.

Computing repulsion integrals.
Screening by shell pairs and symmetry reduced dofs by factor 1.94.
Individual screening reduced dofs by a total factor 1.94.
Computing Cholesky vectors. Estimated memory size is 474 ki - 1 Mi.
Cholesky vectors no     0 -     0 computed, error is 9.329693e-01 (0.00 s).
Cholesky vectors no     1 -     6 computed, error is 2.667011e-01 (0.00 s).
Cholesky vectors no     7 -     9 computed, error is 2.510342e-01 (0.00 s).
Cholesky vectors no    10 -    24 computed, error is 6.985810e-02 (0.00 s).
Cholesky vectors no    25 -    30 computed, error is 6.879405e-02 (0.00 s).
Cholesky vectors no    31 -    51 computed, error is 5.613130e-02 (0.19 s).
Cholesky vectors no    52 -    54 computed, error is 1.668852e-02 (0.08 s).
Cholesky vectors no    55 -    57 computed, error is 1.660191e-02 (0.05 s).
Cholesky vectors no    58 -    85 computed, error is 1.445860e-02 (0.05 s).
Cholesky vectors no    86 -    86 computed, error is 5.969873e-03 (0.02 s).
Cholesky vectors no    87 -    96 computed, error is 3.357122e-03 (0.09 s).
Cholesky vectors no    97 -    99 computed, error is 2.961528e-03 (0.00 s).
Cholesky vectors no   100 -   114 computed, error is 1.388175e-03 (0.01 s).
Cholesky vectors no   115 -   115 computed, error is 1.290728e-03 (0.00 s).
Cholesky vectors no   116 -   125 computed, error is 1.132400e-03 (0.00 s).
Cholesky vectors no   126 -   146 computed, error is 6.365401e-04 (0.00 s).
Cholesky vectors no   147 -   151 computed, error is 1.116026e-04 (0.08 s).
Cholesky vectors no   152 -   152 computed, error is 9.843138e-05 (0.00 s).
Cholesky vectors no   153 -   158 computed, error is 5.633305e-05 (0.00 s).
Cholesky vectors no   159 -   159 computed, error is 3.912560e-05 (0.00 s).
Cholesky vectors no   160 -   173 computed, error is 3.808387e-05 (0.03 s).
Cholesky vectors no   174 -   183 computed, error is 1.098561e-05 (0.00 s).
Cholesky vectors no   184 -   190 computed, error is 5.374890e-06 (0.02 s).
Cholesky vectors no   191 -   204 computed, error is 1.717541e-06 (0.12 s).
Cholesky vectors no   205 -   207 computed, error is 7.654927e-07 (0.00 s).
Cholesky vectors no   208 -   208 computed, error is 5.380840e-07 (0.02 s).
Cholesky vectors no   209 -   215 computed, error is 4.092071e-07 (0.06 s).
Cholesky vectors no   216 -   216 computed, error is 1.795662e-07 (0.01 s).
Cholesky vectors no   217 -   221 computed, error is 1.277675e-07 (0.03 s).
Cholesky vectors no   222 -   222 computed, error is 5.227668e-08 (0.00 s).
Cholesky decomposition finished in 1.92 s. Realized memory size is 1 Mi 370 ki.
Time use: integrals 55.0 %, linear algebra 45.0 %.
78 shell pairs out of 78 are significant.

Initialization of computation done in 2.11 s.

HOMO-LUMO gap is   32.90 eV. Energies of lowest lying orbitals:
     -71.9364*     -17.0579*     -16.0975*     -16.0975*     -16.0975*
      -6.4373*      -5.2282       -5.2282       -5.2282       -4.6293 
      -4.6293       -4.6293       -4.6293       -4.6293       -3.2604 

 ******* Iteration    1 ********
Forming Cholesky Coulomb matrix ... done (0.00 s)
Forming Cholesky exchange matrix ... done (0.00 s)
ADIIS weights
 1.00e+00 
CDIIS weights
 1.00e+00 
 DIIS weights
 1.00e+00 

Solving SCF equations ... done (0.01 s)

Total energy                  : -1.9763329483162994e+02
DIIS error                    :  8.964236e-01
Energy change                 : -1.976333e+02
Max total density change      :  2.316828e+01
Max rms   density change      :  1.556080e+00
Dipole mu = ( 0.00000000,  0.00000000,  0.00000000) D

Iteration took 0.01 s.

 ******* Iteration    2 ********
Forming Cholesky Coulomb matrix ... done (0.00 s)
Forming Cholesky exchange matrix ... done (0.00 s)
ADIIS weights
 2.22e-18  1.00e+00 
CDIIS weights
 9.99e-02  9.00e-01 
 DIIS weights
 2.22e-18  1.00e+00 

Solving SCF equations ... done (0.01 s)

Total energy                  : -1.9958779953756135e+02
DIIS error                    :  1.808026e-01
Energy change                 : -1.954505e+00
Max total density change      :  5.473568e-01
Max rms   density change      :  3.267011e-02
Dipole mu = (-0.00000000,  0.00000000,  0.00000000) D

Iteration took 0.01 s.

 ******* Iteration    3 ********
Forming Cholesky Coulomb matrix ... done (0.00 s)
Forming Cholesky exchange matrix ... done (0.00 s)
ADIIS weights
 5.73e-02  3.29e-01  6.14e-01 
CDIIS weights
-1.57e-02 -2.85e-02  1.04e+00 
 DIIS weights
-5.56e-03  2.14e-02  9.84e-01 

Solving SCF equations ... done (0.00 s)

Total energy                  : -1.9961270932844590e+02
DIIS error                    :  2.254662e-02
Energy change                 : -2.490979e-02
Max total density change      :  2.425445e-01
Max rms   density change      :  8.268949e-03
Dipole mu = (-0.00000000,  0.00000000,  0.00000000) D

Iteration took 0.00 s.

 ******* Iteration    4 ********
Forming Cholesky Coulomb matrix ... done (0.01 s)
Forming Cholesky exchange matrix ... done (0.00 s)
ADIIS weights
 1.98e-16  1.14e-14  1.29e-14  1.00e+00 
CDIIS weights
 9.96e-04 -6.71e-03 -2.06e-01  1.21e+00 
 DIIS weights
 9.96e-04 -6.71e-03 -2.06e-01  1.21e+00 

Solving SCF equations ... done (0.00 s)

Total energy                  : -1.9961331149655120e+02
DIIS error                    :  4.706841e-03
Energy change                 : -6.021681e-04
Max total density change      :  6.466703e-02
Max rms   density change      :  2.260612e-03
Dipole mu = ( 0.00000000,  0.00000000,  0.00000000) D

Iteration took 0.01 s.

 ******* Iteration    5 ********
Forming Cholesky Coulomb matrix ... done (0.00 s)
Forming Cholesky exchange matrix ... done (0.01 s)
ADIIS weights
 1.92e-17  6.80e-14  7.91e-14  3.17e-11  1.00e+00 
CDIIS weights
-1.63e-04  2.39e-03  5.06e-02 -3.71e-01  1.32e+00 
 DIIS weights
-1.63e-04  2.39e-03  5.06e-02 -3.71e-01  1.32e+00 

Solving SCF equations ... done (0.00 s)

Total energy                  : -1.9961334666291626e+02
DIIS error                    :  4.292704e-04
Energy change                 : -3.516637e-05
Max total density change      :  5.308193e-03
Max rms   density change      :  1.992478e-04
Dipole mu = ( 0.00000000,  0.00000000, -0.00000000) D

Iteration took 0.01 s.

 ******* Iteration    6 ********
Forming Cholesky Coulomb matrix ... done (0.00 s)
Forming Cholesky exchange matrix ... done (0.01 s)
ADIIS weights
 8.20e-18  4.20e-17  6.56e-15  1.18e-14  3.55e-11  1.00e+00 
CDIIS weights
-1.48e-05 -2.41e-04 -3.86e-03  3.85e-02 -1.95e-01  1.16e+00 
 DIIS weights
-1.48e-05 -2.41e-04 -3.86e-03  3.85e-02 -1.95e-01  1.16e+00 

Solving SCF equations ... done (0.00 s)

Total energy                  : -1.9961334734785447e+02
DIIS error                    :  2.897709e-05
Energy change                 : -6.849382e-07
Max total density change      :  5.627841e-05
Max rms   density change      :  5.369863e-06
Dipole mu = (-0.00000000,  0.00000000, -0.00000000) D

Iteration took 0.02 s.

 ******* Iteration    7 ********
Forming Cholesky Coulomb matrix ... done (0.01 s)
Forming Cholesky exchange matrix ... done (0.00 s)
ADIIS weights
 1.67e-05  4.74e-03  8.21e-01  4.04e-02  4.55e-02  4.42e-02  4.42e-02 
CDIIS weights
 1.88e-07  5.87e-06  1.27e-04 -1.12e-03  5.96e-03 -4.35e-02  1.04e+00 
 DIIS weights
 1.88e-07  5.87e-06  1.27e-04 -1.12e-03  5.96e-03 -4.35e-02  1.04e+00 

Solving SCF equations ... done (0.00 s)

Total energy                  : -1.9961334734942193e+02
DIIS error                    :  5.644835e-07
Energy change                 : -1.567457e-09
Max total density change      :  3.482181e-06
Max rms   density change      :  1.283742e-07
Dipole mu = (-0.00000000,  0.00000000,  0.00000000) D

Iteration took 0.01 s.

 ******* Convergence achieved ********
Solution of RHF took 0.09 s.

Kinetic               energy:  1.9961093952866651e+02
Nuclear attraction    energy: -4.7904011552292127e+02
Total one-electron    energy: -2.7942917599425488e+02
Nuclear repulsion     energy:  0.0000000000000000e+00
Coulomb               energy:  9.5809980124473270e+01
Exchange              energy: -1.5994151479640339e+01
-----------------------------------------------------
                Total energy: -1.9961334734942193e+02
               Virial factor:  1.0000120625691213e+00

Dipole mu = (-0.00000000,  0.00000000,  0.00000000) D

HOMO-LUMO gap is    7.88 eV. Orbital energies:
     -49.0318*      -3.7677*      -2.2821*      -2.2821*      -2.2821*
      -0.2530*       0.0367        0.0367        0.0367        0.1387 
       0.1835        0.1835        0.1835        0.3221        0.3221 
       0.3221        0.3221        0.3221        0.7146        0.7146 
       0.7146        0.9674        0.9674        0.9674        0.9674 
       0.9674        0.9674        0.9674        0.9702        0.9702 
       0.9702        0.9702        0.9702        1.0482 

Mulliken charges
   1 Mg          -0.000000
Sum of Mulliken charges -2.131628e-14

Electron density at nuclei
   1 Mg        1075.440318

Running program took 2.22 s.
Current time is Sat 22 Sep 2018 22:38:29.
