ERKALE - HF/DFT from Hel, OpenMP version, running on 4 cores.
(c) Susi Lehtola, 2010-2016.

This program is free software; you can redistribute it and/or modify
it under the terms of the GNU General Public License as published by
the Free Software Foundation; either version 2 of the License, or
(at your option) any later version.

At svn revision 1938.

Running on host dx7-lehtola.chem.helsinki.fi.

Basis set cc-pVDZ found in file cc-pVDZ.gbs in /home/work/erkale/source/erkale.sap/basis/.

Current Settings used by ERKALE:
     AtomGuess      	                Auto	Method used for atomic guess (Auto for same as method)
     Basis          	             cc-pVDZ	Basis set used in calculation
     BasisCutoff    	           1.000e-08	Cutoff for dropping out small primitives from contraction
     BasisOrth      	                Auto	Method of orthonormalization of basis set
     BasisRotate    	               false	Rotate basis set to remove redundant functions?
     C1-DIIS        	               false	Use older version of DIIS (C1-DIIS instead of C2-DIIS)?
     Charge         	                   0	Total charge of system
     Cholesky       	                true	Use Cholesky decomposition?
     CholeskyMode   	                   0	Save/load integrals? 0 no, 1 save, -1 load
     CholeskyNAFThr 	           0.000e+00	Cholesky natural auxiliary function threshold
     CholeskyShThr  	           1.000e-02	Cholesky cache threshold
     CholeskyThr    	           1.000e-07	Cholesky decomposition threshold
     ConvThr        	           1.000e-06	Orbital gradient convergence threshold
     DIISEps        	           1.000e-01	Start mixing in DIIS when error is
     DIISOrder      	                  10	How many DIIS iterations to keep in memory?
     DIISThr        	           1.000e-02	DIIS error threshold for DIIS updates
     DecFock        	               false	Use decontracted basis to calculate Fock matrix (direct HF)
     Decontract     	                    	Indices of atoms to decontract basis set for
     DensityFitting 	               false	Use density fitting / RI?
     DimerSymmetry  	               false	Do special calculation on dimer along z axis
     Direct         	               false	Calculate two-electron integrals (or density fitting) on-the-fly?
     EField         	         0.0 0.0 0.0	Electric field
     FittingBasis   	                Auto	Basis to use for density fitting / RI (Auto for automatic)
     FittingMemory  	                1000	Amount of memory in MB to use for exchange fitting
     FittingThreshold	           1.000e-08	Linear dependence threshold for Coulomb integrals in density fitting
     ForcePol       	               false	Force polarized calculation
     Guess          	                Core	Used guess: SAD (default), NO, core, or GWH
     InputBohr      	               false	Use atomic units as input units instead of angstrom?
     IntegralThresh 	           1.000e-14	Integral screening threshold
     LoadChk        	                    	File to load old results from
     Logfile        	      Ne_dz_cart.log	File to print out full information, stdout for screen
     MaxIter        	                 100	Maximum number of iterations in SCF cycle
     Method         	                  HF	Method used in calculation (HF or a DFT functional)
     Multiplicity   	                   1	Spin multiplicity
     Occupancies    	                    	Orbital occupancies
     OptLM          	                true	If spherical harmonics used, use cartesian s and p functions?
     SaveChk        	      Ne_dz_cart.chk	File to use as checkpoint
     Shift          	           0.000e+00	Level shift to use in Hartree
     StrictIntegrals	               false	Use strict integrals?
     System         	              Ne.xyz	System as an xyz file
     UseADIIS       	                true	Use ADIIS for Fock matrix interpolation?
     UseBroyden     	               false	Use Broyden mixing of Fock matrices?
     UseDIIS        	                true	Use Pulay's Direct Inversion in the Iterative Subspace?
     UseLM          	               false	Use a spherical harmonics basis set by default?
     UseTRRH        	               false	Use Trust-Region Roothaan-Hall?
     Verbose        	                true	Verbose calculation?

There are 6 shells and 1 nuclei in the basis set.

List of nuclei, geometry in Ångström with three decimal places:
		 Z	    x	    y	    z
1	Ne	 10	  0.000	  0.000	  0.000

List of basis functions:
Shell    1	S cart shell at nucleus   1 with with basis functions    1-1   
Shell    2	S cart shell at nucleus   1 with with basis functions    2-2   
Shell    3	S cart shell at nucleus   1 with with basis functions    3-3   
Shell    4	P cart shell at nucleus   1 with with basis functions    4-6   
Shell    5	P cart shell at nucleus   1 with with basis functions    7-9   
Shell    6	D cart shell at nucleus   1 with with basis functions   10-15  

Basis set contains 15 functions, maximum angular momentum is 2.
Cartesian Gaussians are used by default.

Forming overlap matrix ... done (0.00 s)
Forming kinetic energy matrix ... done (0.01 s)
Forming nuclear attraction matrix ... done (0.00 s)

Smallest eigenvalue of overlap matrix is 2.45e-02, ratio to largest is 7.09e-03.
Using symmetric orthogonalization.
Basis set diagonalized in 0.00 s.

Computing repulsion integrals.
Screening by shell pairs and symmetry reduced dofs by factor 1.88.
Individual screening reduced dofs by a total factor 1.88.
Computing Cholesky vectors. Estimated memory size is 42 ki - 140 ki.
Cholesky vectors no     0 -     0 computed, error is 1.001115e+00 (0.00 s).
Cholesky vectors no     1 -    15 computed, error is 3.736196e-01 (0.14 s).
Cholesky vectors no    16 -    25 computed, error is 1.553848e-01 (0.10 s).
Cholesky vectors no    26 -    31 computed, error is 3.687267e-02 (0.06 s).
Cholesky vectors no    32 -    34 computed, error is 3.194006e-02 (0.00 s).
Cholesky vectors no    35 -    37 computed, error is 2.389638e-02 (0.00 s).
Cholesky vectors no    38 -    43 computed, error is 3.020637e-03 (0.00 s).
Cholesky vectors no    44 -    53 computed, error is 2.224029e-03 (0.00 s).
Cholesky vectors no    54 -    54 computed, error is 1.082988e-03 (0.00 s).
Cholesky vectors no    55 -    55 computed, error is 6.347053e-04 (0.00 s).
Cholesky vectors no    56 -    58 computed, error is 3.568656e-04 (0.00 s).
Cholesky vectors no    59 -    64 computed, error is 1.753034e-04 (0.00 s).
Cholesky vectors no    65 -    70 computed, error is 6.274198e-06 (0.00 s).
Cholesky vectors no    71 -    71 computed, error is 1.231094e-06 (0.00 s).
Cholesky vectors no    72 -    77 computed, error is 9.404929e-07 (0.00 s).
Cholesky vectors no    78 -    83 computed, error is 6.928307e-07 (0.10 s).
Cholesky vectors no    84 -    86 computed, error is 2.381636e-07 (0.01 s).
Cholesky vectors no    87 -    89 computed, error is 6.443966e-08 (0.00 s).
Cholesky decomposition finished in 0.56 s. Realized memory size is 93 ki.
Time use: integrals 28.9 %, linear algebra 71.1 %.
21 shell pairs out of 21 are significant.

Initialization of computation done in 0.58 s.

HOMO-LUMO gap is  173.64 eV. Energies of lowest lying orbitals:
     -49.9715*     -12.4235*     -11.8074*     -11.8074*     -11.8074*
      -5.4263       -4.9222       -4.9222       -4.9222       -4.9222 

 ******* Iteration    1 ********
Forming Cholesky Coulomb matrix ... done (0.01 s)
Forming Cholesky exchange matrix ... done (0.02 s)
ADIIS weights
 1.00e+00 
CDIIS weights
 1.00e+00 
 DIIS weights
 1.00e+00 

Solving SCF equations ... done (0.10 s)

Total energy                  : -1.2146567299935433e+02
DIIS error                    :  3.007217e+00
Energy change                 : -1.214657e+02
Max total density change      :  7.147764e+00
Max rms   density change      :  7.405105e-01
Dipole mu = ( 0.00000000,  0.00000000, -0.00000000) D

Iteration took 0.15 s.

 ******* Iteration    2 ********
Forming Cholesky Coulomb matrix ... done (0.00 s)
Forming Cholesky exchange matrix ... done (0.00 s)
ADIIS weights
 1.58e-21  1.00e+00 
CDIIS weights
 2.79e-01  7.21e-01 
 DIIS weights
 1.58e-21  1.00e+00 

Solving SCF equations ... done (0.00 s)

Total energy                  : -1.2700608915506064e+02
DIIS error                    :  1.775943e+00
Energy change                 : -5.540416e+00
Max total density change      :  1.011502e+00
Max rms   density change      :  1.490678e-01
Dipole mu = (-0.00000000, -0.00000000, -0.00000000) D

Iteration took 0.00 s.

 ******* Iteration    3 ********
Forming Cholesky Coulomb matrix ... done (0.01 s)
Forming Cholesky exchange matrix ... done (0.00 s)
ADIIS weights
 5.49e-18  2.72e-16  1.00e+00 
CDIIS weights
-5.94e-02  2.62e-01  7.97e-01 
 DIIS weights
 5.49e-18  2.72e-16  1.00e+00 

Solving SCF equations ... done (0.00 s)

Total energy                  : -1.2819915491889481e+02
DIIS error                    :  7.346915e-01
Energy change                 : -1.193066e+00
Max total density change      :  6.932561e-01
Max rms   density change      :  8.575236e-02
Dipole mu = (-0.00000000, -0.00000000, -0.00000000) D

Iteration took 0.01 s.

 ******* Iteration    4 ********
Forming Cholesky Coulomb matrix ... done (0.00 s)
Forming Cholesky exchange matrix ... done (0.00 s)
ADIIS weights
 1.98e-18  4.61e-19  1.14e-17  1.00e+00 
CDIIS weights
-7.40e-04 -1.03e-01  2.03e-01  9.01e-01 
 DIIS weights
 1.98e-18  4.61e-19  1.14e-17  1.00e+00 

Solving SCF equations ... done (0.00 s)

Total energy                  : -1.2842645127972946e+02
DIIS error                    :  3.673410e-01
Energy change                 : -2.272964e-01
Max total density change      :  2.507484e-01
Max rms   density change      :  3.469578e-02
Dipole mu = ( 0.00000000,  0.00000000, -0.00000000) D

Iteration took 0.01 s.

 ******* Iteration    5 ********
Forming Cholesky Coulomb matrix ... done (0.01 s)
Forming Cholesky exchange matrix ... done (0.00 s)
ADIIS weights
 4.71e-18  2.64e-17  2.21e-19  1.71e-14  1.00e+00 
CDIIS weights
 5.86e-04  1.02e-02 -1.23e-01  1.39e-01  9.73e-01 
 DIIS weights
 4.71e-18  2.64e-17  2.21e-19  1.71e-14  1.00e+00 

Solving SCF equations ... done (0.00 s)

Total energy                  : -1.2847592233518668e+02
DIIS error                    :  1.626705e-01
Energy change                 : -4.947106e-02
Max total density change      :  1.283236e-01
Max rms   density change      :  1.678532e-02
Dipole mu = ( 0.00000000, -0.00000000, -0.00000000) D

Iteration took 0.01 s.

 ******* Iteration    6 ********
Forming Cholesky Coulomb matrix ... done (0.00 s)
Forming Cholesky exchange matrix ... done (0.00 s)
ADIIS weights
 2.45e-17  7.42e-18  2.85e-16  8.57e-17  1.81e-15  1.00e+00 
CDIIS weights
-3.39e-05  1.52e-03  3.79e-03 -1.27e-01  1.61e-01  9.61e-01 
 DIIS weights
-9.06e-06  4.06e-04  1.01e-03 -3.40e-02  4.31e-02  9.89e-01 

Solving SCF equations ... done (0.00 s)

Total energy                  : -1.2848612954958713e+02
DIIS error                    :  7.595342e-02
Energy change                 : -1.020721e-02
Max total density change      :  5.076850e-02
Max rms   density change      :  6.852361e-03
Dipole mu = ( 0.00000000,  0.00000000,  0.00000000) D

Iteration took 0.00 s.

 ******* Iteration    7 ********
Forming Cholesky Coulomb matrix ... done (0.02 s)
Forming Cholesky exchange matrix ... done (0.02 s)
ADIIS weights
 1.89e-18  1.86e-19  1.64e-19  1.18e-18  5.13e-15  4.31e-15  1.00e+00 
CDIIS weights
 4.08e-05 -1.05e-03 -8.99e-04  1.10e-01 -3.19e-01 -5.94e-01  1.81e+00 
 DIIS weights
 3.38e-05 -8.68e-04 -7.46e-04  9.09e-02 -2.65e-01 -4.93e-01  1.67e+00 

Solving SCF equations ... done (0.00 s)

Total energy                  : -1.2848855737539981e+02
DIIS error                    :  2.534716e-02
Energy change                 : -2.427826e-03
Max total density change      :  1.427742e-02
Max rms   density change      :  1.889689e-03
Dipole mu = ( 0.00000000, -0.00000000,  0.00000000) D

Iteration took 0.27 s.

 ******* Iteration    8 ********
Forming Cholesky Coulomb matrix ... done (0.00 s)
Forming Cholesky exchange matrix ... done (0.00 s)
ADIIS weights
 6.85e-19  2.86e-17  6.94e-16  4.67e-18  4.26e-15  7.80e-16  2.82e-13  1.00e+00 
CDIIS weights
-4.57e-05  1.21e-03 -4.72e-04 -1.31e-01  4.57e-01  5.90e-01 -2.73e+00  2.81e+00 
 DIIS weights
-4.57e-05  1.21e-03 -4.72e-04 -1.31e-01  4.57e-01  5.90e-01 -2.73e+00  2.81e+00 

Solving SCF equations ... done (0.00 s)

Total energy                  : -1.2848886431531602e+02
DIIS error                    :  1.991645e-03
Energy change                 : -3.069399e-04
Max total density change      :  1.031732e-03
Max rms   density change      :  1.373012e-04
Dipole mu = ( 0.00000000,  0.00000000,  0.00000000) D

Iteration took 0.00 s.

 ******* Iteration    9 ********
Forming Cholesky Coulomb matrix ... done (0.00 s)
Forming Cholesky exchange matrix ... done (0.00 s)
ADIIS weights
 1.38e-20  5.07e-17  1.80e-17  1.81e-15  3.15e-15  8.23e-14  1.30e-12  5.41e-12  1.00e+00 
CDIIS weights
 1.05e-05 -2.79e-04  8.71e-05  3.03e-02 -1.01e-01 -1.55e-01  6.02e-01  2.80e-03  6.21e-01 
 DIIS weights
 1.05e-05 -2.79e-04  8.71e-05  3.03e-02 -1.01e-01 -1.55e-01  6.02e-01  2.80e-03  6.21e-01 

Solving SCF equations ... done (0.00 s)

Total energy                  : -1.2848886621381905e+02
DIIS error                    :  1.203023e-05
Energy change                 : -1.898503e-06
Max total density change      :  1.179941e-05
Max rms   density change      :  1.099508e-06
Dipole mu = (-0.00000000,  0.00000000,  0.00000000) D

Iteration took 0.00 s.

 ******* Iteration   10 ********
Forming Cholesky Coulomb matrix ... done (0.01 s)
Forming Cholesky exchange matrix ... done (0.00 s)
ADIIS weights
 9.70e-19  5.44e-17  3.53e-17  9.42e-16  1.23e-16  3.21e-16  2.76e-13  5.26e-11  5.01e-01  4.99e-01 
CDIIS weights
-1.61e-06  4.29e-05 -1.08e-05 -4.72e-03  1.50e-02  2.73e-02 -8.86e-02 -1.16e-01  4.31e-02  1.12e+00 
 DIIS weights
-1.61e-06  4.29e-05 -1.08e-05 -4.72e-03  1.50e-02  2.73e-02 -8.86e-02 -1.16e-01  4.31e-02  1.12e+00 

Solving SCF equations ... done (0.00 s)

Total energy                  : -1.2848886621386566e+02
DIIS error                    :  2.755059e-06
Energy change                 : -4.661160e-11
Max total density change      :  2.531479e-06
Max rms   density change      :  2.362897e-07
Dipole mu = (-0.00000000, -0.00000000, -0.00000000) D

Iteration took 0.01 s.

 ******* Iteration   11 ********
Forming Cholesky Coulomb matrix ... done (0.00 s)
Forming Cholesky exchange matrix ... done (0.00 s)
ADIIS weights
 1.39e-20  1.12e-17  3.50e-18  3.75e-16  1.58e-14  8.49e-14  8.00e-13  3.34e-01  3.33e-01  3.33e-01 
CDIIS weights
-2.80e-07 -1.70e-05  2.69e-04  2.78e-03 -1.58e-02 -1.92e-02  5.30e-01  5.07e-01 -5.08e-03 -1.85e-04 
 DIIS weights
-2.80e-07 -1.70e-05  2.69e-04  2.78e-03 -1.58e-02 -1.92e-02  5.30e-01  5.07e-01 -5.08e-03 -1.85e-04 

Solving SCF equations ... done (0.00 s)

Total energy                  : -1.2848886621386811e+02
DIIS error                    :  4.214137e-07
Energy change                 : -2.444267e-12
Max total density change      :  3.292598e-07
Max rms   density change      :  3.108731e-08
Dipole mu = (-0.00000000, -0.00000000,  0.00000000) D

Iteration took 0.00 s.

 ******* Convergence achieved ********
Solution of RHF took 0.49 s.

Kinetic               energy:  1.2846686395650653e+02
Nuclear attraction    energy: -3.1108208127982385e+02
Total one-electron    energy: -1.8261521732331732e+02
Nuclear repulsion     energy:  0.0000000000000000e+00
Coulomb               energy:  6.6250050408757374e+01
Exchange              energy: -1.2123699299308168e+01
-----------------------------------------------------
                Total energy: -1.2848886621386811e+02
               Virial factor:  1.0001712679572301e+00

Dipole mu = (-0.00000000, -0.00000000,  0.00000000) D

HOMO-LUMO gap is   68.76 eV. Orbital energies:
     -32.7654*      -1.9190*      -0.8323*      -0.8323*      -0.8323*
       1.6944        1.6944        1.6944        1.9906        5.1964 
       5.1964        5.1964        5.1964        5.1964       10.3834 

Mulliken charges
   1 Ne          -0.000000
Sum of Mulliken charges -3.552714e-15

Electron density at nuclei
   1 Ne         593.639460

Running program took 1.09 s.
Current time is Sat 22 Sep 2018 22:37:38.
