ERKALE - HF/DFT from Hel, OpenMP version, running on 4 cores.
(c) Susi Lehtola, 2010-2016.

This program is free software; you can redistribute it and/or modify
it under the terms of the GNU General Public License as published by
the Free Software Foundation; either version 2 of the License, or
(at your option) any later version.

At svn revision 1938.

Running on host dx7-lehtola.chem.helsinki.fi.

Basis set cc-pVQZ found in file cc-pVQZ.gbs in /home/work/erkale/source/erkale.sap/basis/.

Current Settings used by ERKALE:
     AtomGuess      	                Auto	Method used for atomic guess (Auto for same as method)
     Basis          	             cc-pVQZ	Basis set used in calculation
     BasisCutoff    	           1.000e-08	Cutoff for dropping out small primitives from contraction
     BasisOrth      	                Auto	Method of orthonormalization of basis set
     BasisRotate    	               false	Rotate basis set to remove redundant functions?
     C1-DIIS        	               false	Use older version of DIIS (C1-DIIS instead of C2-DIIS)?
     Charge         	                   0	Total charge of system
     Cholesky       	                true	Use Cholesky decomposition?
     CholeskyMode   	                   0	Save/load integrals? 0 no, 1 save, -1 load
     CholeskyNAFThr 	           0.000e+00	Cholesky natural auxiliary function threshold
     CholeskyShThr  	           1.000e-02	Cholesky cache threshold
     CholeskyThr    	           1.000e-07	Cholesky decomposition threshold
     ConvThr        	           1.000e-06	Orbital gradient convergence threshold
     DFTDelta       	           1.000e+02	Switch to final DFT grid has converged within factor X
     DFTFinalTol    	           1.000e-05	Tolerance of final DFT grid
     DFTGrid        	             50 -302	DFT integration grid to use: nrad lmax or Auto for adaptive
     DFTInitialTol  	           1.000e-04	Tolerance of initial DFT grid
     DFTLobatto     	               false	Use Lobatto quadrature instead of Lebedev quadrature?
     DIISEps        	           1.000e-01	Start mixing in DIIS when error is
     DIISOrder      	                  10	How many DIIS iterations to keep in memory?
     DIISThr        	           1.000e-02	DIIS error threshold for DIIS updates
     DecFock        	               false	Use decontracted basis to calculate Fock matrix (direct HF)
     Decontract     	                    	Indices of atoms to decontract basis set for
     DensityFitting 	               false	Use density fitting / RI?
     DimerSymmetry  	               false	Do special calculation on dimer along z axis
     Direct         	               false	Calculate two-electron integrals (or density fitting) on-the-fly?
     EField         	         0.0 0.0 0.0	Electric field
     FittingBasis   	                Auto	Basis to use for density fitting / RI (Auto for automatic)
     FittingMemory  	                1000	Amount of memory in MB to use for exchange fitting
     FittingThreshold	           1.000e-08	Linear dependence threshold for Coulomb integrals in density fitting
     ForcePol       	               false	Force polarized calculation
     Guess          	                Core	Used guess: SAD (default), NO, core, or GWH
     InputBohr      	               false	Use atomic units as input units instead of angstrom?
     IntegralThresh 	           1.000e-14	Integral screening threshold
     LoadChk        	                    	File to load old results from
     Logfile        	       Ne_lda_qz.log	File to print out full information, stdout for screen
     MaxIter        	                 100	Maximum number of iterations in SCF cycle
     Method         	      lda_x-lda_c_pw	Method used in calculation (HF or a DFT functional)
     Multiplicity   	                   1	Spin multiplicity
     NLGrid         	             50 -194	Integration grid to use for nonlocal correlation: nrad lmax
     Occupancies    	                    	Orbital occupancies
     OptLM          	                true	If spherical harmonics used, use cartesian s and p functions?
     PZ             	               false	Perform Perdew-Zunger self-interaction correction?
     PZEthr         	           1.000e-10	Threshold for energy convergence
     PZIthr         	           1.000e-02	Threshold for initialization convergence (not too small!)
     PZNRthr        	           0.000e+00	Threshold for use of NR method in OO optimization
     PZOOthr        	           1.000e-04	Gradient threshold for OO optimization
     PZOVthr        	           1.000e-05	Gradient threshold for OV optimization
     PZimag         	                Auto	Imaginary degrees of freedom in PZ?
     PZiter         	                  20	Max number of iterations in self-consistency iteration
     PZloc          	                Auto	Initial localization before SIC calculation?
     PZlocmet       	                  FB	Initial localization method (recommend FB or IAO)
     PZmode         	                  XC	Apply PZ to the operators (in addition to J): X C D
     PZoo           	                true	Optimize OO block?
     PZov           	                true	Optimize OV block?
     PZprec         	                   1	Precondition OV block? 0: no, 1: unified, 2: orbital
     PZscale        	            Constant	Scaling for PZ: Constant, Density or Kinetic
     PZscaleExp     	           1.000e+00	Exponent in the dynamic scaling equation
     PZseed         	                   0	Seed number for randomized matrices?
     PZstab         	                   0	Stability analysis for PZ-SIC? 1 or -1 for OO, 2 or -2 for OO+OV
     PZstabThr      	           1.000e-03	Instability threshold (interpreted as -thr)
     PZw            	           1.000e+00	Weight for Perdew-Zunger self-interaction correction
     SaveChk        	       Ne_lda_qz.chk	File to use as checkpoint
     Shift          	           0.000e+00	Level shift to use in Hartree
     StrictIntegrals	               false	Use strict integrals?
     System         	              Ne.xyz	System as an xyz file
     UseADIIS       	                true	Use ADIIS for Fock matrix interpolation?
     UseBroyden     	               false	Use Broyden mixing of Fock matrices?
     UseDIIS        	                true	Use Pulay's Direct Inversion in the Iterative Subspace?
     UseLM          	                true	Use a spherical harmonics basis set by default?
     UseTRRH        	               false	Use Trust-Region Roothaan-Hall?
     VV10           	                Auto	Use VV10 non-local correlation?
     VV10Pars       	                    	VV10 parameters: b C
     Verbose        	                true	Verbose calculation?

There are 15 shells and 1 nuclei in the basis set.

List of nuclei, geometry in Ångström with three decimal places:
		 Z	    x	    y	    z
1	Ne	 10	  0.000	  0.000	  0.000

List of basis functions:
Shell    1	S cart shell at nucleus   1 with with basis functions    1-1   
Shell    2	S cart shell at nucleus   1 with with basis functions    2-2   
Shell    3	S cart shell at nucleus   1 with with basis functions    3-3   
Shell    4	S cart shell at nucleus   1 with with basis functions    4-4   
Shell    5	S cart shell at nucleus   1 with with basis functions    5-5   
Shell    6	P cart shell at nucleus   1 with with basis functions    6-8   
Shell    7	P cart shell at nucleus   1 with with basis functions    9-11  
Shell    8	P cart shell at nucleus   1 with with basis functions   12-14  
Shell    9	P cart shell at nucleus   1 with with basis functions   15-17  
Shell   10	D  sph shell at nucleus   1 with with basis functions   18-22  
Shell   11	D  sph shell at nucleus   1 with with basis functions   23-27  
Shell   12	D  sph shell at nucleus   1 with with basis functions   28-32  
Shell   13	F  sph shell at nucleus   1 with with basis functions   33-39  
Shell   14	F  sph shell at nucleus   1 with with basis functions   40-46  
Shell   15	G  sph shell at nucleus   1 with with basis functions   47-55  

Basis set contains 55 functions, maximum angular momentum is 4.
Spherical harmonic Gaussians are used by default, there are 70 cartesians.

Forming overlap matrix ... done (0.03 s)
Forming kinetic energy matrix ... done (0.02 s)
Forming nuclear attraction matrix ... done (0.04 s)

Smallest eigenvalue of overlap matrix is 5.23e-04, ratio to largest is 1.50e-04.
Using symmetric orthogonalization.
Basis set diagonalized in 0.83 s.

Computing repulsion integrals.
Screening by shell pairs and symmetry reduced dofs by factor 1.96.
Individual screening reduced dofs by a total factor 1.96.
Computing Cholesky vectors. Estimated memory size is 1 Mi - 6 Mi.
Cholesky vectors no     0 -     0 computed, error is 1.181512e+00 (0.03 s).
Cholesky vectors no     1 -    15 computed, error is 3.854022e-01 (0.06 s).
Cholesky vectors no    16 -    43 computed, error is 3.013873e-01 (0.01 s).
Cholesky vectors no    44 -    53 computed, error is 1.127604e-01 (0.08 s).
Cholesky vectors no    54 -    74 computed, error is 9.763075e-02 (0.01 s).
Cholesky vectors no    75 -    80 computed, error is 8.320385e-02 (0.00 s).
Cholesky vectors no    81 -   108 computed, error is 4.203569e-02 (0.01 s).
Cholesky vectors no   109 -   129 computed, error is 2.547843e-02 (0.01 s).
Cholesky vectors no   130 -   174 computed, error is 1.866896e-02 (0.02 s).
Cholesky vectors no   175 -   177 computed, error is 1.547578e-02 (0.08 s).
Cholesky vectors no   178 -   213 computed, error is 1.395826e-02 (0.16 s).
Cholesky vectors no   214 -   214 computed, error is 6.795186e-03 (0.02 s).
Cholesky vectors no   215 -   219 computed, error is 6.143572e-03 (0.01 s).
Cholesky vectors no   220 -   222 computed, error is 5.126339e-03 (0.06 s).
Cholesky vectors no   223 -   257 computed, error is 4.028930e-03 (0.10 s).
Cholesky vectors no   258 -   272 computed, error is 1.677994e-03 (0.01 s).
Cholesky vectors no   273 -   282 computed, error is 5.769671e-04 (0.12 s).
Cholesky vectors no   283 -   303 computed, error is 2.476100e-04 (0.10 s).
Cholesky vectors no   304 -   304 computed, error is 4.091826e-05 (0.00 s).
Cholesky vectors no   305 -   332 computed, error is 2.849831e-05 (0.07 s).
Cholesky vectors no   333 -   337 computed, error is 2.376132e-05 (0.00 s).
Cholesky vectors no   338 -   344 computed, error is 2.087177e-05 (0.00 s).
Cholesky vectors no   345 -   347 computed, error is 1.223679e-05 (0.02 s).
Cholesky vectors no   348 -   365 computed, error is 8.951324e-06 (0.03 s).
Cholesky vectors no   366 -   366 computed, error is 6.451570e-06 (0.01 s).
Cholesky vectors no   367 -   393 computed, error is 2.923102e-06 (0.12 s).
Cholesky vectors no   394 -   403 computed, error is 1.860801e-06 (0.01 s).
Cholesky vectors no   404 -   404 computed, error is 1.396361e-06 (0.00 s).
Cholesky vectors no   405 -   409 computed, error is 6.324477e-07 (0.00 s).
Cholesky vectors no   410 -   424 computed, error is 3.902075e-07 (0.01 s).
Cholesky vectors no   425 -   438 computed, error is 2.824712e-07 (0.01 s).
Cholesky vectors no   439 -   441 computed, error is 2.540942e-07 (0.00 s).
Cholesky vectors no   442 -   459 computed, error is 1.118168e-07 (0.01 s).
Cholesky vectors no   460 -   460 computed, error is 1.080167e-07 (0.00 s).
Cholesky vectors no   461 -   469 computed, error is 6.855300e-08 (0.01 s).
Cholesky decomposition finished in 1.74 s. Realized memory size is 5 Mi 895 ki.
Time use: integrals 28.9 %, linear algebra 71.1 %.
120 shell pairs out of 120 are significant.

Initialization of computation done in 2.76 s.

Used exchange functional is lda_x, 'Slater exchange', defined in the reference(s):
P. A. M. Dirac, Math. Proc. Cambridge Philos. Soc. 26, 376 (1930) (DOI 10.1017/S0305004100016108)
F. Bloch, Z. Phys. 57, 545 (1929) (DOI 10.1007/BF01340281)

Used correlation functional is lda_c_pw, 'Perdew & Wang', defined in the reference(s):
J. P. Perdew and Y. Wang, Phys. Rev. B 45, 13244 (1992) (DOI 10.1103/PhysRevB.45.13244)

HOMO-LUMO gap is  188.30 eV. Energies of lowest lying orbitals:
     -49.9941*     -12.4956*     -12.4956*     -12.4956*     -12.4644*
      -5.5444       -5.5444       -5.5444       -5.5411       -5.5411 

A pure exchange functional used, no exact exchange.
Constructing static nrad=50 lmax=29 XC grid.
Composition of XC grid:
    atom Npoints     Nfuncs
    1 Ne   12684     567458

 ******* Iteration    1 ********
Forming Cholesky Coulomb matrix ... done (0.00 s)
Computing DFT exchange and correlation ... done (0.01 s)
Numerically integrated density is 10.00000 (+0.0000 %).
ADIIS weights
 1.00e+00 
CDIIS weights
 1.00e+00 
 DIIS weights
 1.00e+00 

Solving SCF equations ... done (0.00 s)

Total energy                  : -1.1215723226081803e+02
DIIS error                    :  6.471523e+00
Energy change                 : -1.121572e+02
Max total density change      :  7.226973e+00
Max rms   density change      :  2.952226e-01
Dipole mu = ( 0.00000000, -0.00000000, -0.00000000) D

Iteration took 0.02 s.

 ******* Iteration    2 ********
Forming Cholesky Coulomb matrix ... done (0.01 s)
Computing DFT exchange and correlation ... done (0.01 s)
Numerically integrated density is 10.00000 (+0.0000 %).
ADIIS weights
 4.27e-01  5.73e-01 
CDIIS weights
 1.21e-01  8.79e-01 
 DIIS weights
 4.27e-01  5.73e-01 

Solving SCF equations ... done (0.01 s)

Total energy                  : -1.1594645283847981e+02
DIIS error                    :  2.925478e+00
Energy change                 : -3.789221e+00
Max total density change      :  1.227369e+00
Max rms   density change      :  6.119907e-02
Dipole mu = (-0.00000000,  0.00000000, -0.00000000) D

Iteration took 0.03 s.

 ******* Iteration    3 ********
Forming Cholesky Coulomb matrix ... done (0.00 s)
Computing DFT exchange and correlation ... done (0.02 s)
Numerically integrated density is 10.00000 (+0.0000 %).
ADIIS weights
 6.17e-19  6.32e-17  1.00e+00 
CDIIS weights
-9.23e-03  1.32e-01  8.78e-01 
 DIIS weights
 6.17e-19  6.32e-17  1.00e+00 

Solving SCF equations ... done (0.01 s)

Total energy                  : -1.2781236881192503e+02
DIIS error                    :  4.908491e-01
Energy change                 : -1.186592e+01
Max total density change      :  5.920879e-01
Max rms   density change      :  2.908098e-02
Dipole mu = ( 0.00000000,  0.00000000, -0.00000000) D

Iteration took 0.03 s.

 ******* Iteration    4 ********
Forming Cholesky Coulomb matrix ... done (0.00 s)
Computing DFT exchange and correlation ... done (0.01 s)
Numerically integrated density is 10.00000 (+0.0000 %).
ADIIS weights
 9.41e-20  2.24e-19  6.72e-01  3.28e-01 
CDIIS weights
 1.48e-02 -5.47e-02  5.61e-01  4.78e-01 
 DIIS weights
 9.41e-20  2.24e-19  6.72e-01  3.28e-01 

Solving SCF equations ... done (0.00 s)

Total energy                  : -1.2734216892179082e+02
DIIS error                    :  8.810892e-01
Energy change                 :  4.701999e-01
Max total density change      :  3.829106e-01
Max rms   density change      :  1.556107e-02
Dipole mu = ( 0.00000000, -0.00000000,  0.00000000) D

Iteration took 0.02 s.

 ******* Iteration    5 ********
Forming Cholesky Coulomb matrix ... done (0.01 s)
Computing DFT exchange and correlation ... done (0.01 s)
Numerically integrated density is 10.00000 (+0.0000 %).
ADIIS weights
 1.37e-18  3.11e-18  3.56e-18  5.70e-19  1.00e+00 
CDIIS weights
 3.45e-03  9.49e-03  5.11e-02 -1.02e-01  1.04e+00 
 DIIS weights
 1.37e-18  3.11e-18  3.56e-18  5.70e-19  1.00e+00 

Solving SCF equations ... done (0.00 s)

Total energy                  : -1.2821297280950267e+02
DIIS error                    :  9.884468e-02
Energy change                 : -8.708039e-01
Max total density change      :  1.366066e-01
Max rms   density change      :  5.631270e-03
Dipole mu = (-0.00000000,  0.00000000, -0.00000000) D

Iteration took 0.03 s.

 ******* Iteration    6 ********
Forming Cholesky Coulomb matrix ... done (0.00 s)
Computing DFT exchange and correlation ... done (0.03 s)
Numerically integrated density is 10.00000 (+0.0000 %).
ADIIS weights
 1.59e-19  1.45e-18  7.43e-18  1.51e-17  6.30e-01  3.70e-01 
CDIIS weights
-3.58e-04  2.69e-03  1.38e-02 -1.20e-02  6.19e-01  3.77e-01 
 DIIS weights
 1.59e-19  1.45e-18  7.43e-18  1.51e-17  6.30e-01  3.70e-01 

Solving SCF equations ... done (0.05 s)

Total energy                  : -1.2820375822913505e+02
DIIS error                    :  1.378745e-01
Energy change                 :  9.214580e-03
Max total density change      :  7.005977e-02
Max rms   density change      :  2.891053e-03
Dipole mu = ( 0.00000000,  0.00000000,  0.00000000) D

Iteration took 0.08 s.

 ******* Iteration    7 ********
Forming Cholesky Coulomb matrix ... done (0.00 s)
Computing DFT exchange and correlation ... done (0.01 s)
Numerically integrated density is 10.00000 (+0.0000 %).
ADIIS weights
 2.31e-18  5.98e-18  1.33e-15  2.09e-16  8.84e-15  1.95e-15  1.00e+00 
CDIIS weights
 2.59e-06 -6.09e-05 -3.09e-04  3.49e-03  1.60e-02 -1.13e-01  1.09e+00 
 DIIS weights
 2.37e-06 -5.57e-05 -2.83e-04  3.19e-03  1.46e-02 -1.03e-01  1.09e+00 

Solving SCF equations ... done (0.00 s)

Total energy                  : -1.2822363149893721e+02
DIIS error                    :  1.764472e-02
Energy change                 : -1.987327e-02
Max total density change      :  1.181254e-02
Max rms   density change      :  4.888467e-04
Dipole mu = ( 0.00000000,  0.00000000, -0.00000000) D

Iteration took 0.03 s.

 ******* Iteration    8 ********
Forming Cholesky Coulomb matrix ... done (0.00 s)
Computing DFT exchange and correlation ... done (0.01 s)
Numerically integrated density is 10.00000 (+0.0000 %).
ADIIS weights
 2.71e-19  1.44e-18  4.64e-16  1.50e-16  1.77e-16  1.59e-14  4.46e-15  1.00e+00 
CDIIS weights
-4.16e-06  1.07e-05  4.17e-05 -5.46e-04  6.71e-04  2.00e-02 -4.51e-02  1.02e+00 
 DIIS weights
-4.16e-06  1.07e-05  4.17e-05 -5.46e-04  6.71e-04  2.00e-02 -4.51e-02  1.02e+00 

Solving SCF equations ... done (0.00 s)

Total energy                  : -1.2822399477141590e+02
DIIS error                    :  2.152537e-03
Energy change                 : -3.632725e-04
Max total density change      :  1.282743e-03
Max rms   density change      :  5.290347e-05
Dipole mu = ( 0.00000000,  0.00000000,  0.00000000) D

Iteration took 0.02 s.

 ******* Iteration    9 ********
Forming Cholesky Coulomb matrix ... done (0.00 s)
Computing DFT exchange and correlation ... done (0.01 s)
Numerically integrated density is 10.00000 (+0.0000 %).
ADIIS weights
 1.27e-20  4.51e-18  1.26e-15  4.09e-19  4.17e-15  2.01e-14  4.53e-13  4.04e-10  1.00e+00 
CDIIS weights
-1.05e-08 -1.47e-08 -9.95e-08 -3.78e-07 -5.13e-05  6.00e-05 -8.76e-04  3.77e-04  1.00e+00 
 DIIS weights
-1.05e-08 -1.47e-08 -9.95e-08 -3.78e-07 -5.13e-05  6.00e-05 -8.76e-04  3.77e-04  1.00e+00 

Solving SCF equations ... done (0.02 s)

Total energy                  : -1.2822400022211735e+02
DIIS error                    :  3.117678e-06
Energy change                 : -5.450701e-06
Max total density change      :  1.904086e-06
Max rms   density change      :  8.228515e-08
Dipole mu = ( 0.00000000, -0.00000000, -0.00000000) D

Iteration took 0.03 s.

 ******* Iteration   10 ********
Forming Cholesky Coulomb matrix ... done (0.01 s)
Computing DFT exchange and correlation ... done (0.05 s)
Numerically integrated density is 10.00000 (+0.0000 %).
ADIIS weights
 4.55e-19  8.97e-18  2.40e-16  4.00e-16  1.04e-14  3.68e-15  7.93e-15  1.83e-14  5.00e-01  5.00e-01 
CDIIS weights
 2.90e-11  2.49e-11  3.11e-09 -7.89e-10  1.93e-07 -2.91e-07  7.97e-06  2.65e-05 -3.46e-05  1.00e+00 
 DIIS weights
 2.90e-11  2.49e-11  3.11e-09 -7.89e-10  1.93e-07 -2.91e-07  7.97e-06  2.65e-05 -3.46e-05  1.00e+00 

Solving SCF equations ... done (0.00 s)

Total energy                  : -1.2822400022212997e+02
DIIS error                    :  2.756496e-08
Energy change                 : -1.261924e-11
Max total density change      :  1.659966e-08
Max rms   density change      :  7.177215e-10
Dipole mu = ( 0.00000000,  0.00000000, -0.00000000) D

Iteration took 0.10 s.

 ******* Convergence achieved ********
Solution of RDFT took 0.40 s.

Kinetic               energy:  1.2774393252903894e+02
Nuclear attraction    energy: -3.1004693169041695e+02
Total one-electron    energy: -1.8230299916137810e+02
Nuclear repulsion     energy:  0.0000000000000000e+00
Coulomb               energy:  6.5795068573586462e+01
Exchange-correlation  energy: -1.1716069634338332e+01
Non-local correlation energy:  0.0000000000000000e+00
-----------------------------------------------------
                Total energy: -1.2822400022212997e+02
               Virial factor:  1.0037580469270577e+00

Dipole mu = ( 0.00000000,  0.00000000, -0.00000000) D

HOMO-LUMO gap is   29.08 eV. Orbital energies:
     -30.2945*      -1.3165*      -0.4913*      -0.4913*      -0.4913*
       0.5774        0.5774        0.5774        0.6595        1.6465 
       1.6465        1.6465        1.6465        1.6465        3.3572 
       3.3572        3.3572        5.1621        5.3356        5.3356 
       5.3356        5.3356        5.3356        5.3356        5.3356 
       6.1171        6.1171        6.1171        6.1171        6.1171 
      14.0915       14.0915       14.0915       14.0915       14.0915 
      14.0915       14.0915       14.0915       14.0915       14.6732 
      14.6732       14.6732       18.8009       18.8009       18.8009 
      18.8009       18.8009       18.8009       18.8009       19.8541 
      19.8541       19.8541       19.8541       19.8541       64.4450 

Mulliken charges
   1 Ne           0.000000
Sum of Mulliken charges 3.552714e-15

Electron density at nuclei
   1 Ne         600.876750

Running program took 3.19 s.
Current time is Sat 22 Sep 2018 22:38:41.
