Basis set cc-pVTZ found in file cc-pVTZ.gbs in /usr/share/erkale/basis/.


Current Settings used by ERKALE:
     AtomGuess      	                Auto	Method used for atomic guess (Auto for same as method)
     Basis          	             cc-pVTZ	Basis set used in calculation
     BasisCutoff    	           1.000e-08	Cutoff for dropping out small primitives from contraction
     BasisOrth      	                Auto	Method of orthonormalization of basis set
     BasisRotate    	                true	Rotate basis set to remove redundant functions?
     C1-DIIS        	               false	Use older version of DIIS (C1-DIIS instead of C2-DIIS)?
     Charge         	                   0	Total charge of system
     DFTDelta       	           5.000e+03	Switch to final DFT grid, relative to deltaE and deltaP
     DFTDirect      	               false	Save memory by not storing values of basis functions in memory
     DFTFinalTol    	           1.000e-05	Tolerance of final DFT grid
     DFTGrid        	             50 -302	DFT integration grid to use: nrad lmax or Auto for adaptive
     DFTInitialTol  	           1.000e-04	Tolerance of initial DFT grid
     DFTLobatto     	               false	Use Lobatto quadrature instead of Lebedev quadrature?
     DIISEps        	           1.000e-01	Start mixing in DIIS when error is
     DIISOrder      	                  10	How many DIIS iterations to keep in memory?
     DIISThr        	           1.000e-02	DIIS error threshold for DIIS updates
     DecFock        	               false	Use decontracted basis to calculate Fock matrix (direct HF)
     Decontract     	                    	Indices of atoms to decontract basis set for
     DeltaEmax      	           1.000e-06	Maximum allowed change of energy
     DeltaPmax      	           1.000e-06	Maximum allowed maximum difference of density matrix
     DeltaPrms      	           1.000e-08	Maximum allowed RMS difference of density matrix
     DensityFitting 	               false	Use density fitting / RI?
     Direct         	               false	Calculate two-electron integrals (or density fitting) on-the-fly?
     EField         	         0.0 0.0 0.0	Electric field
     FittingBasis   	                Auto	Basis to use for density fitting / RI (Auto for automatic)
     FittingMemory  	                1000	Amount of memory in MB to use for exchange fitting
     FittingThreshold	           1.000e-08	Linear dependence threshold for Coulomb integrals in density fitting
     ForcePol       	               false	Force polarized calculation
     FreezeCore     	               false	Freeze the atomic cores?
     Guess          	                Core	Used guess: atomic (default), core, or GWH
     LineSearch     	               false	Do line search in level shift (EXPENSIVE!)
     LoadChk        	                    	File to load old results from
     Logfile        	       Ne_pbe_tz.log	File to print out full information, stdout for screen
     MaxIter        	                 100	Maximum number of iterations in SCF cycle
     Method         	 gga_x_pbe-gga_c_pbe	Method used in calculation (HF or a DFT functional)
     Multiplicity   	                   1	Spin multiplicity
     Occupancies    	                    	Orbital occupancies
     PZ             	                  No	Perform Perdew-Zunger self-interaction correction? No, Pert, Full, OldFull, Real, Can, CanPert
     PZEmax         	           1.000e-06	Threshold for energy change in unitary optimization
     PZHam          	                Symm	Hamiltonian to use in PZ-SIC: Symm, United
     PZKmax         	           1.000e-03	Threshold for kappa max in unitary optimization
     PZKrms         	           1.000e-04	Threshold for kappa rms in unitary optimization
     PZdEmax        	           1.000e-05	Tolerance threshold for energy convergence
     PZdPmax        	           1.000e-05	Tolerance threshold for density convergence
     PZdPrms        	           1.000e-06	Tolerance threshold for density convergence
     PZiter         	                  20	Max number of iterations in self-consistency iteration
     PZloc          	                true	Initial localization before SIC calculation?
     PZmode         	              CoulXC	Mode to use PZ-SIC in. Coul, CoulX, CoulC, CoulXC
     PZseed         	                   0	Seed number for randomized matrices?
     PZstab         	                   0	Stability analysis for PZ-SIC? 0 for no, 1 for oo block, 2 for full analysis
     PZstabFz       	                    	Orbitals to freeze for stability analysis (only oo!)
     PZunit         	                  10	Max number of iterations in unitary optimization
     PZw            	           1.000e+00	Weight for Perdew-Zunger self-interaction correction
     SaveChk        	       Ne_pbe_tz.chk	File to use as checkpoint
     ShPairThr      	           1.000e-14	Threshold for shell pair screening, (ij|ij)<thr
     Shift          	           0.000e+00	Level shift to use in Hartree
     StrictIntegrals	               false	Use strict integrals?
     System         	              Ne.xyz	System as an xyz file
     UseADIIS       	                true	Use ADIIS for Fock matrix interpolation?
     UseBroyden     	               false	Use Broyden mixing of Fock matrices?
     UseDIIS        	                true	Use Pulay's Direct Inversion in the Iterative Subspace?
     UseLM          	                true	Use a spherical harmonics basis set by default?
     UseTRDSM       	               false	Use Trust-Region DSM?
     UseTRRH        	               false	Use Trust-Region Roothaan-Hall?
     Verbose        	                true	Verbose calculation?

There are 10 shells and 1 nuclei in the basis set.

List of nuclei, geometry in Ångström with three decimal places:
		 Z	    x	    y	    z
1	Ne	 10	  0.000	  0.000	  0.000

List of basis functions:
Shell    1	S cart shell at nucleus   1 with with basis functions    1-1   
Shell    2	S cart shell at nucleus   1 with with basis functions    2-2   
Shell    3	S cart shell at nucleus   1 with with basis functions    3-3   
Shell    4	S cart shell at nucleus   1 with with basis functions    4-4   
Shell    5	P cart shell at nucleus   1 with with basis functions    5-7   
Shell    6	P cart shell at nucleus   1 with with basis functions    8-10  
Shell    7	P cart shell at nucleus   1 with with basis functions   11-13  
Shell    8	D  sph shell at nucleus   1 with with basis functions   14-18  
Shell    9	D  sph shell at nucleus   1 with with basis functions   19-23  
Shell   10	F  sph shell at nucleus   1 with with basis functions   24-30  

Basis set contains 30 functions, maximum angular momentum is 3.
Spherical harmonic Gaussians are used by default, there are 35 cartesians.

Forming overlap matrix ... done (0.00 s)
Forming kinetic energy matrix ... done (0.00 s)
Forming nuclear attraction matrix ... done (0.00 s)

Smallest eigenvalue of overlap matrix is 5.59e-02, ratio to largest is 2.19e-02.
Using symmetric orthogonalization.
Basis set diagonalized in 0.00 s.

Forming table of 866760 ERIs, requiring 846 ki of memory ... done (0.01 s)

Initialization of computation done in 0.01 s.

Used exchange functional is gga_x_pbe, 'Perdew, Burke & Ernzerhof', defined in the reference(s):
J. P. Perdew, K. Burke, and M. Ernzerhof, Phys. Rev. Lett. 77, 3865 (1996) (DOI 10.1103/PhysRevLett.77.3865)
J. P. Perdew, K. Burke, and M. Ernzerhof, Phys. Rev. Lett. 78, 1396 (1997) (DOI 10.1103/PhysRevLett.78.1396)

Used correlation functional is gga_c_pbe, 'Perdew, Burke & Ernzerhof', defined in the reference(s):
J. P. Perdew, K. Burke, and M. Ernzerhof, Phys. Rev. Lett. 77, 3865 (1996) (DOI 10.1103/PhysRevLett.77.3865)
J. P. Perdew, K. Burke, and M. Ernzerhof, Phys. Rev. Lett. 78, 1396 (1997) (DOI 10.1103/PhysRevLett.78.1396)

HOMO-LUMO gap is  188.68 eV. Energies of lowest lying states:
   -49.984618*   -12.467700*   -12.444559*   -12.444559*   -12.444559*
    -5.510626     -5.510626     -5.510626     -5.505074     -5.505074 

A pure exchange functional used, no exact exchange.
Composition of static nrad=50 lmax=29 DFT grid:
	atom  Npoints      Nfuncs
	   1    15100      322234

 ******* Iteration    1 ********
Forming HF Coulomb matrix ... done (0.00 s)
Computing DFT exchange and correlation ... done (0.10 s)
Numerically integrated density is 10.00000 (+0.0000 %).
ADIIS weights
 1.00e+00 
CDIIS weights
 1.00e+00 
 DIIS weights
 1.00e+00 

Solving SCF equations ... done (0.00 s)
HOMO-LUMO gap is   46.37 eV. Energies of lowest lying states:
   -23.781095*     0.115565*     0.558161*     0.558161*     0.558161*
     2.262382      2.262382      2.262382      2.460701      3.223941 

Dipole:	x		y		z		dipole change
	-0.00000000	-0.00000000	 0.00000000	 2.810879e-15
Energy:	electronic	total		virial		energy change
	-114.13673236	-114.13673236	 0.59090122	-114.137
	kinetic		nuclear		Coulomb		XC
	 193.15704172	-392.72903002	 102.82268062	-17.38742468
Errors:	Max dens	RMS dens	DIIS
	 1.005951e+00	 9.128420e-02	 6.272865e+00

Iteration took 0.11 s.

 ******* Iteration    2 ********
Forming HF Coulomb matrix ... done (0.00 s)
Computing DFT exchange and correlation ... done (0.10 s)
Numerically integrated density is 10.00000 (+0.0000 %).
ADIIS weights
 3.96e-01  6.04e-01 
CDIIS weights
 2.02e-01  7.98e-01 
 DIIS weights
 3.96e-01  6.04e-01 

Solving SCF equations ... done (0.00 s)
HOMO-LUMO gap is   47.65 eV. Energies of lowest lying states:
   -31.221198*    -2.063212*    -1.205470*    -1.205470*    -1.205470*
     0.545523      0.545523      0.545523      0.713052      1.837860 

Dipole:	x		y		z		dipole change
	 0.00000000	 0.00000000	 0.00000000	-2.027663e-15
Energy:	electronic	total		virial		energy change
	-118.66911854	-118.66911854	 1.21097646	-4.53239
	kinetic		nuclear		Coulomb		XC
	 97.99457101	-247.44310184	 40.05627015	-9.27685785
Errors:	Max dens	RMS dens	DIIS
	 9.607051e-01	 7.353299e-02	 2.617298e+00

Iteration took 0.11 s.

 ******* Iteration    3 ********
Forming HF Coulomb matrix ... done (0.00 s)
Computing DFT exchange and correlation ... done (0.15 s)
Numerically integrated density is 10.00000 (+0.0000 %).
ADIIS weights
 1.38e-25  2.07e-26  1.00e+00 
CDIIS weights
-5.54e-02  1.46e-01  9.10e-01 
 DIIS weights
 1.38e-25  2.07e-26  1.00e+00 

Solving SCF equations ... done (0.00 s)
HOMO-LUMO gap is   30.64 eV. Energies of lowest lying states:
   -29.376544*    -0.881194*    -0.069342*    -0.069342*    -0.069342*
     1.056803      1.056803      1.056803      1.342327      2.650191 

Dipole:	x		y		z		dipole change
	 0.00000000	-0.00000000	-0.00000000	 1.722667e-15
Energy:	electronic	total		virial		energy change
	-128.42425368	-128.42425368	 0.95125609	-9.75514
	kinetic		nuclear		Coulomb		XC
	 135.00492152	-322.51104283	 72.26620141	-13.18433378
Errors:	Max dens	RMS dens	DIIS
	 2.693029e-01	 2.726897e-02	 6.141801e-01

Iteration took 0.16 s.

 ******* Iteration    4 ********
Forming HF Coulomb matrix ... done (0.00 s)
Computing DFT exchange and correlation ... done (0.10 s)
Numerically integrated density is 10.00000 (+0.0000 %).
ADIIS weights
 1.77e-18  3.01e-17  6.46e-01  3.54e-01 
CDIIS weights
-5.88e-03 -4.21e-02  5.88e-01  4.60e-01 
 DIIS weights
 1.77e-18  3.01e-17  6.46e-01  3.54e-01 

Solving SCF equations ... done (0.00 s)
HOMO-LUMO gap is   34.45 eV. Energies of lowest lying states:
   -30.346205*    -1.267585*    -0.423222*    -0.423222*    -0.423222*
     0.842673      0.842673      0.842673      1.113151      2.423829 

Dipole:	x		y		z		dipole change
	 0.00000000	-0.00000000	 0.00000000	-9.454344e-16
Energy:	electronic	total		virial		energy change
	-128.02869846	-128.02869846	 1.07828815	 0.395555
	kinetic		nuclear		Coulomb		XC
	 118.73328874	-292.87825459	 57.42803458	-11.31176718
Errors:	Max dens	RMS dens	DIIS
	 1.638378e-01	 1.367085e-02	 1.087832e+00

Iteration took 0.10 s.

 ******* Iteration    5 ********
Forming HF Coulomb matrix ... done (0.00 s)
Computing DFT exchange and correlation ... done (0.10 s)
Numerically integrated density is 10.00000 (+0.0000 %).
ADIIS weights
 2.06e-17  1.73e-17  6.98e-16  4.06e-16  1.00e+00 
CDIIS weights
 4.24e-03  6.69e-03  2.17e-02 -1.14e-01  1.08e+00 
 DIIS weights
 2.06e-17  1.73e-17  6.98e-16  4.06e-16  1.00e+00 

Solving SCF equations ... done (0.00 s)
HOMO-LUMO gap is   36.32 eV. Energies of lowest lying states:
   -30.657243*    -1.391416*    -0.546378*    -0.546378*    -0.546378*
     0.788406      0.788406      0.788406      1.048782      2.357567 

Dipole:	x		y		z		dipole change
	 0.00000000	-0.00000000	 0.00000000	-1.239777e-16
Energy:	electronic	total		virial		energy change
	-128.83570103	-128.83570103	 1.01279976	-0.807003
	kinetic		nuclear		Coulomb		XC
	 127.20747532	-308.79477798	 65.01451516	-12.26291353
Errors:	Max dens	RMS dens	DIIS
	 3.389503e-02	 3.668508e-03	 1.180105e-01

Iteration took 0.10 s.

 ******* Iteration    6 ********
Forming HF Coulomb matrix ... done (0.00 s)
Computing DFT exchange and correlation ... done (0.10 s)
Numerically integrated density is 10.00000 (+0.0000 %).
ADIIS weights
 1.17e-17  1.54e-20  1.72e-15  4.77e-16  6.07e-01  3.93e-01 
CDIIS weights
-1.34e-04  1.53e-03  3.86e-03 -1.67e-02  6.24e-01  3.88e-01 
 DIIS weights
 1.17e-17  1.54e-20  1.72e-15  4.77e-16  6.07e-01  3.93e-01 

Solving SCF equations ... done (0.00 s)
HOMO-LUMO gap is   35.32 eV. Energies of lowest lying states:
   -30.493210*    -1.326101*    -0.481300*    -0.481300*    -0.481300*
     0.816608      0.816608      0.816608      1.082728      2.393136 

Dipole:	x		y		z		dipole change
	-0.00000000	 0.00000000	-0.00000000	-9.569711e-16
Energy:	electronic	total		virial		energy change
	-128.82934259	-128.82934259	 0.99190972	 0.00635844
	kinetic		nuclear		Coulomb		XC
	 129.88010924	-313.41274104	 67.25106085	-12.54777164
Errors:	Max dens	RMS dens	DIIS
	 1.635626e-02	 1.834072e-03	 1.455751e-01

Iteration took 0.10 s.

 ******* Iteration    7 ********
Forming HF Coulomb matrix ... done (0.00 s)
Computing DFT exchange and correlation ... done (0.11 s)
Numerically integrated density is 10.00000 (+0.0000 %).
ADIIS weights
 4.82e-19  6.48e-17  9.17e-16  1.49e-15  1.63e-10  5.26e-12  1.00e+00 
CDIIS weights
 2.81e-05 -6.45e-05 -7.40e-04  2.81e-03 -7.61e-03 -1.09e-01  1.11e+00 
 DIIS weights
 2.61e-05 -5.98e-05 -6.87e-04  2.61e-03 -7.06e-03 -1.01e-01  1.11e+00 

Solving SCF equations ... done (0.00 s)
HOMO-LUMO gap is   35.19 eV. Energies of lowest lying states:
   -30.471561*    -1.317156*    -0.472484*    -0.472484*    -0.472484*
     0.820624      0.820624      0.820624      1.087490      2.398142 

Dipole:	x		y		z		dipole change
	-0.00000000	-0.00000000	 0.00000000	 1.915391e-15
Energy:	electronic	total		virial		energy change
	-128.84565889	-128.84565889	 1.00242944	-0.0163163
	kinetic		nuclear		Coulomb		XC
	 128.53339535	-311.10736767	 66.13336045	-12.40504702
Errors:	Max dens	RMS dens	DIIS
	 2.371755e-03	 2.546150e-04	 1.642958e-02

Iteration took 0.11 s.

 ******* Iteration    8 ********
Forming HF Coulomb matrix ... done (0.00 s)
Computing DFT exchange and correlation ... done (0.10 s)
Numerically integrated density is 10.00000 (+0.0000 %).
ADIIS weights
 1.46e-18  1.46e-19  1.79e-16  5.42e-18  5.37e-14  9.95e-14  1.95e-09  1.00e+00 
CDIIS weights
-1.69e-07  7.43e-07 -7.48e-05 -7.11e-05 -2.25e-04  3.93e-03  5.07e-02  9.46e-01 
 DIIS weights
-1.69e-07  7.43e-07 -7.48e-05 -7.11e-05 -2.25e-04  3.93e-03  5.07e-02  9.46e-01 

Solving SCF equations ... done (0.00 s)
HOMO-LUMO gap is   35.20 eV. Energies of lowest lying states:
   -30.473449*    -1.317907*    -0.473226*    -0.473226*    -0.473226*
     0.820285      0.820285      0.820285      1.087087      2.397728 

Dipole:	x		y		z		dipole change
	 0.00000000	 0.00000000	 0.00000000	-9.652312e-16
Energy:	electronic	total		virial		energy change
	-128.84586204	-128.84586204	 1.00384555	-0.000203156
	kinetic		nuclear		Coulomb		XC
	 128.35227633	-310.79304752	 65.98047964	-12.38557050
Errors:	Max dens	RMS dens	DIIS
	 2.022738e-04	 2.164158e-05	 1.546460e-03

Iteration took 0.11 s.

 ******* Iteration    9 ********
Forming HF Coulomb matrix ... done (0.00 s)
Computing DFT exchange and correlation ... done (0.10 s)
Numerically integrated density is 10.00000 (+0.0000 %).
ADIIS weights
 3.38e-14  4.63e-16  1.74e-13  1.63e-14  5.19e-10  1.78e-11  4.31e-07  3.31e-04  1.00e+00 
CDIIS weights
 5.81e-09 -3.75e-09 -5.01e-07  2.77e-07  1.72e-05 -1.71e-05  3.39e-04  4.46e-04  9.99e-01 
 DIIS weights
 5.81e-09 -3.75e-09 -5.01e-07  2.77e-07  1.72e-05 -1.71e-05  3.39e-04  4.46e-04  9.99e-01 

Solving SCF equations ... done (0.00 s)
HOMO-LUMO gap is   35.20 eV. Energies of lowest lying states:
   -30.473449*    -1.317907*    -0.473226*    -0.473226*    -0.473226*
     0.820285      0.820285      0.820285      1.087087      2.397728 

Dipole:	x		y		z		dipole change
	-0.00000000	-0.00000000	-0.00000000	 5.038279e-15
Energy:	electronic	total		virial		energy change
	-128.84586384	-128.84586384	 1.00372345	-1.80052e-06
	kinetic		nuclear		Coulomb		XC
	 128.36789269	-310.82009082	 65.99357357	-12.38723929
Errors:	Max dens	RMS dens	DIIS
	 2.916380e-08	 3.134660e-09	 2.516195e-07

Iteration took 0.11 s.

 ******* Iteration   10 ********
Forming HF Coulomb matrix ... done (0.00 s)
Computing DFT exchange and correlation ... done (0.10 s)
Numerically integrated density is 10.00000 (+0.0000 %).
ADIIS weights
 6.38e-14  1.51e-12  8.04e-10  5.42e-11  5.62e-09  1.40e-08  8.31e-06  4.27e-03  4.98e-01  4.98e-01 
CDIIS weights
 1.79e-11 -1.51e-11 -1.78e-09  7.89e-10 -1.22e-08  8.47e-08 -6.10e-06 -4.95e-05 -3.60e-06  1.00e+00 
 DIIS weights
 1.79e-11 -1.51e-11 -1.78e-09  7.89e-10 -1.22e-08  8.47e-08 -6.10e-06 -4.95e-05 -3.60e-06  1.00e+00 

Solving SCF equations ... done (0.00 s)
HOMO-LUMO gap is   35.20 eV. Energies of lowest lying states:
   -30.473449*    -1.317907*    -0.473226*    -0.473226*    -0.473226*
     0.820285      0.820285      0.820285      1.087087      2.397728 

Dipole:	x		y		z		dipole change
	-0.00000000	-0.00000000	-0.00000000	-5.565760e-15
Energy:	electronic	total		virial		energy change
	-128.84586384	-128.84586384	 1.00372346	-2.55795e-13
	kinetic		nuclear		Coulomb		XC
	 128.36789052	-310.82008694	 65.99357163	-12.38723904
Errors:	Max dens	RMS dens	DIIS
	 1.757018e-09	 1.877965e-10	 1.182773e-08

Iteration took 0.10 s.

 ******* Iteration   11 ********
Forming HF Coulomb matrix ... done (0.00 s)
Computing DFT exchange and correlation ... done (0.10 s)
Numerically integrated density is 10.00000 (+0.0000 %).
ADIIS weights
 2.28e-19  1.54e-16  8.05e-18  8.71e-14  4.27e-13  9.52e-10  1.01e-04  3.33e-01  3.33e-01  3.33e-01 
CDIIS weights
-8.59e-14 -1.94e-11  1.34e-12  2.54e-10  3.82e-10 -8.08e-09 -6.24e-08  6.70e-06  4.52e-07  1.00e+00 
 DIIS weights
-8.59e-14 -1.94e-11  1.34e-12  2.54e-10  3.82e-10 -8.08e-09 -6.24e-08  6.70e-06  4.52e-07  1.00e+00 

Solving SCF equations ... done (0.00 s)
HOMO-LUMO gap is   35.20 eV. Energies of lowest lying states:
   -30.473449*    -1.317907*    -0.473226*    -0.473226*    -0.473226*
     0.820285      0.820285      0.820285      1.087087      2.397728 

Dipole:	x		y		z		dipole change
	-0.00000000	 0.00000000	-0.00000000	 7.928456e-16
Energy:	electronic	total		virial		energy change
	-128.84586384	-128.84586384	 1.00372347	 2.84217e-13
	kinetic		nuclear		Coulomb		XC
	 128.36789041	-310.82008674	 65.99357152	-12.38723903
Errors:	Max dens	RMS dens	DIIS
	 3.438555e-12	 3.701501e-13	 2.206257e-11

Iteration took 0.10 s.

 ******* Convergence achieved ********
Dipole moment is (-0.000000,0.000000,-0.000000) D, |mu|=0.000000 D.
Solution of RDFT took 1.27 s.

Mulliken charges
   1 Ne          -0.000000
Sum of Mulliken charges -8.881784e-15

Electron density at nuclei
   1 Ne         595.374269

Running program took 1.30 s.
Current time is Fri 06 Feb 2015 05:52:18.
