ERKALE - HF/DFT from Hel, OpenMP version, running on 4 cores.
(c) Susi Lehtola, 2010-2016.

This program is free software; you can redistribute it and/or modify
it under the terms of the GNU General Public License as published by
the Free Software Foundation; either version 2 of the License, or
(at your option) any later version.

At svn revision 1938.

Running on host dx7-lehtola.chem.helsinki.fi.

Basis set cc-pVQZ found in file cc-pVQZ.gbs in /home/work/erkale/source/erkale.sap/basis/.

Current Settings used by ERKALE:
     AtomGuess      	                Auto	Method used for atomic guess (Auto for same as method)
     Basis          	             cc-pVQZ	Basis set used in calculation
     BasisCutoff    	           1.000e-08	Cutoff for dropping out small primitives from contraction
     BasisOrth      	                Auto	Method of orthonormalization of basis set
     BasisRotate    	               false	Rotate basis set to remove redundant functions?
     C1-DIIS        	               false	Use older version of DIIS (C1-DIIS instead of C2-DIIS)?
     Charge         	                   0	Total charge of system
     Cholesky       	                true	Use Cholesky decomposition?
     CholeskyMode   	                   0	Save/load integrals? 0 no, 1 save, -1 load
     CholeskyNAFThr 	           0.000e+00	Cholesky natural auxiliary function threshold
     CholeskyShThr  	           1.000e-02	Cholesky cache threshold
     CholeskyThr    	           1.000e-07	Cholesky decomposition threshold
     ConvThr        	           1.000e-06	Orbital gradient convergence threshold
     DIISEps        	           1.000e-01	Start mixing in DIIS when error is
     DIISOrder      	                  10	How many DIIS iterations to keep in memory?
     DIISThr        	           1.000e-02	DIIS error threshold for DIIS updates
     DecFock        	               false	Use decontracted basis to calculate Fock matrix (direct HF)
     Decontract     	                    	Indices of atoms to decontract basis set for
     DensityFitting 	               false	Use density fitting / RI?
     DimerSymmetry  	               false	Do special calculation on dimer along z axis
     Direct         	               false	Calculate two-electron integrals (or density fitting) on-the-fly?
     EField         	         0.0 0.0 0.0	Electric field
     FittingBasis   	                Auto	Basis to use for density fitting / RI (Auto for automatic)
     FittingMemory  	                1000	Amount of memory in MB to use for exchange fitting
     FittingThreshold	           1.000e-08	Linear dependence threshold for Coulomb integrals in density fitting
     ForcePol       	               false	Force polarized calculation
     Guess          	                Core	Used guess: SAD (default), NO, core, or GWH
     InputBohr      	               false	Use atomic units as input units instead of angstrom?
     IntegralThresh 	           1.000e-14	Integral screening threshold
     LoadChk        	                    	File to load old results from
     Logfile        	           Ne_qz.log	File to print out full information, stdout for screen
     MaxIter        	                 100	Maximum number of iterations in SCF cycle
     Method         	                  HF	Method used in calculation (HF or a DFT functional)
     Multiplicity   	                   1	Spin multiplicity
     Occupancies    	                    	Orbital occupancies
     OptLM          	                true	If spherical harmonics used, use cartesian s and p functions?
     SaveChk        	           Ne_qz.chk	File to use as checkpoint
     Shift          	           0.000e+00	Level shift to use in Hartree
     StrictIntegrals	               false	Use strict integrals?
     System         	              Ne.xyz	System as an xyz file
     UseADIIS       	                true	Use ADIIS for Fock matrix interpolation?
     UseBroyden     	               false	Use Broyden mixing of Fock matrices?
     UseDIIS        	                true	Use Pulay's Direct Inversion in the Iterative Subspace?
     UseLM          	                true	Use a spherical harmonics basis set by default?
     UseTRRH        	               false	Use Trust-Region Roothaan-Hall?
     Verbose        	                true	Verbose calculation?

There are 15 shells and 1 nuclei in the basis set.

List of nuclei, geometry in Ångström with three decimal places:
		 Z	    x	    y	    z
1	Ne	 10	  0.000	  0.000	  0.000

List of basis functions:
Shell    1	S cart shell at nucleus   1 with with basis functions    1-1   
Shell    2	S cart shell at nucleus   1 with with basis functions    2-2   
Shell    3	S cart shell at nucleus   1 with with basis functions    3-3   
Shell    4	S cart shell at nucleus   1 with with basis functions    4-4   
Shell    5	S cart shell at nucleus   1 with with basis functions    5-5   
Shell    6	P cart shell at nucleus   1 with with basis functions    6-8   
Shell    7	P cart shell at nucleus   1 with with basis functions    9-11  
Shell    8	P cart shell at nucleus   1 with with basis functions   12-14  
Shell    9	P cart shell at nucleus   1 with with basis functions   15-17  
Shell   10	D  sph shell at nucleus   1 with with basis functions   18-22  
Shell   11	D  sph shell at nucleus   1 with with basis functions   23-27  
Shell   12	D  sph shell at nucleus   1 with with basis functions   28-32  
Shell   13	F  sph shell at nucleus   1 with with basis functions   33-39  
Shell   14	F  sph shell at nucleus   1 with with basis functions   40-46  
Shell   15	G  sph shell at nucleus   1 with with basis functions   47-55  

Basis set contains 55 functions, maximum angular momentum is 4.
Spherical harmonic Gaussians are used by default, there are 70 cartesians.

Forming overlap matrix ... done (0.02 s)
Forming kinetic energy matrix ... done (0.02 s)
Forming nuclear attraction matrix ... done (0.02 s)

Smallest eigenvalue of overlap matrix is 5.23e-04, ratio to largest is 1.50e-04.
Using symmetric orthogonalization.
Basis set diagonalized in 0.07 s.

Computing repulsion integrals.
Screening by shell pairs and symmetry reduced dofs by factor 1.96.
Individual screening reduced dofs by a total factor 1.96.
Computing Cholesky vectors. Estimated memory size is 1 Mi - 6 Mi.
Cholesky vectors no     0 -     0 computed, error is 1.181512e+00 (0.03 s).
Cholesky vectors no     1 -    15 computed, error is 3.854022e-01 (0.32 s).
Cholesky vectors no    16 -    43 computed, error is 3.013873e-01 (0.04 s).
Cholesky vectors no    44 -    53 computed, error is 1.127604e-01 (0.00 s).
Cholesky vectors no    54 -    74 computed, error is 9.763075e-02 (0.00 s).
Cholesky vectors no    75 -    80 computed, error is 8.320385e-02 (0.01 s).
Cholesky vectors no    81 -   108 computed, error is 4.203569e-02 (0.00 s).
Cholesky vectors no   109 -   129 computed, error is 2.547843e-02 (0.01 s).
Cholesky vectors no   130 -   174 computed, error is 1.866896e-02 (0.29 s).
Cholesky vectors no   175 -   177 computed, error is 1.547578e-02 (0.00 s).
Cholesky vectors no   178 -   213 computed, error is 1.395826e-02 (0.10 s).
Cholesky vectors no   214 -   214 computed, error is 6.795186e-03 (0.00 s).
Cholesky vectors no   215 -   219 computed, error is 6.143572e-03 (0.01 s).
Cholesky vectors no   220 -   222 computed, error is 5.126339e-03 (0.00 s).
Cholesky vectors no   223 -   257 computed, error is 4.028930e-03 (0.36 s).
Cholesky vectors no   258 -   272 computed, error is 1.677994e-03 (0.04 s).
Cholesky vectors no   273 -   282 computed, error is 5.769671e-04 (0.00 s).
Cholesky vectors no   283 -   303 computed, error is 2.476100e-04 (0.15 s).
Cholesky vectors no   304 -   304 computed, error is 4.091826e-05 (0.00 s).
Cholesky vectors no   305 -   332 computed, error is 2.849831e-05 (0.06 s).
Cholesky vectors no   333 -   337 computed, error is 2.376132e-05 (0.00 s).
Cholesky vectors no   338 -   344 computed, error is 2.087177e-05 (0.01 s).
Cholesky vectors no   345 -   347 computed, error is 1.223679e-05 (0.00 s).
Cholesky vectors no   348 -   365 computed, error is 8.951324e-06 (0.16 s).
Cholesky vectors no   366 -   366 computed, error is 6.451570e-06 (0.00 s).
Cholesky vectors no   367 -   393 computed, error is 2.923102e-06 (0.02 s).
Cholesky vectors no   394 -   403 computed, error is 1.860801e-06 (0.01 s).
Cholesky vectors no   404 -   404 computed, error is 1.396361e-06 (0.01 s).
Cholesky vectors no   405 -   409 computed, error is 6.324477e-07 (0.00 s).
Cholesky vectors no   410 -   424 computed, error is 3.902075e-07 (0.01 s).
Cholesky vectors no   425 -   438 computed, error is 2.824712e-07 (0.01 s).
Cholesky vectors no   439 -   441 computed, error is 2.540942e-07 (0.00 s).
Cholesky vectors no   442 -   459 computed, error is 1.118168e-07 (0.00 s).
Cholesky vectors no   460 -   460 computed, error is 1.080167e-07 (0.00 s).
Cholesky vectors no   461 -   469 computed, error is 6.855300e-08 (0.00 s).
Cholesky decomposition finished in 2.08 s. Realized memory size is 5 Mi 895 ki.
Time use: integrals 19.9 %, linear algebra 80.1 %.
120 shell pairs out of 120 are significant.

Initialization of computation done in 2.33 s.

HOMO-LUMO gap is  188.30 eV. Energies of lowest lying orbitals:
     -49.9941*     -12.4956*     -12.4956*     -12.4956*     -12.4644*
      -5.5444       -5.5444       -5.5444       -5.5411       -5.5411 

 ******* Iteration    1 ********
Forming Cholesky Coulomb matrix ... done (0.00 s)
Forming Cholesky exchange matrix ... done (0.01 s)
ADIIS weights
 1.00e+00 
CDIIS weights
 1.00e+00 
 DIIS weights
 1.00e+00 

Solving SCF equations ... done (0.00 s)

Total energy                  : -1.1265674113257622e+02
DIIS error                    :  6.251718e+00
Energy change                 : -1.126567e+02
Max total density change      :  7.181840e+00
Max rms   density change      :  2.937606e-01
Dipole mu = ( 0.00000000, -0.00000000, -0.00000000) D

Iteration took 0.01 s.

 ******* Iteration    2 ********
Forming Cholesky Coulomb matrix ... done (0.01 s)
Forming Cholesky exchange matrix ... done (0.01 s)
ADIIS weights
 2.96e-01  7.04e-01 
CDIIS weights
 1.13e-01  8.87e-01 
 DIIS weights
 2.96e-01  7.04e-01 

Solving SCF equations ... done (0.00 s)

Total energy                  : -1.1959347256472930e+02
DIIS error                    :  2.472859e+00
Energy change                 : -6.936731e+00
Max total density change      :  1.381844e+00
Max rms   density change      :  5.980387e-02
Dipole mu = ( 0.00000000,  0.00000000,  0.00000000) D

Iteration took 0.02 s.

 ******* Iteration    3 ********
Forming Cholesky Coulomb matrix ... done (0.00 s)
Forming Cholesky exchange matrix ... done (0.01 s)
ADIIS weights
 7.70e-20  6.79e-18  1.00e+00 
CDIIS weights
-7.46e-02  1.49e-01  9.26e-01 
 DIIS weights
 7.70e-20  6.79e-18  1.00e+00 

Solving SCF equations ... done (0.00 s)

Total energy                  : -1.2796260176921356e+02
DIIS error                    :  8.816815e-01
Energy change                 : -8.369129e+00
Max total density change      :  6.644192e-01
Max rms   density change      :  2.811943e-02
Dipole mu = (-0.00000000,  0.00000000, -0.00000000) D

Iteration took 0.01 s.

 ******* Iteration    4 ********
Forming Cholesky Coulomb matrix ... done (0.00 s)
Forming Cholesky exchange matrix ... done (0.01 s)
ADIIS weights
 7.30e-19  1.30e-18  4.83e-02  9.52e-01 
CDIIS weights
 4.55e-03 -6.16e-02  2.72e-01  7.85e-01 
 DIIS weights
 7.30e-19  1.30e-18  4.83e-02  9.52e-01 

Solving SCF equations ... done (0.00 s)

Total energy                  : -1.2837147326172661e+02
DIIS error                    :  3.817582e-01
Energy change                 : -4.088715e-01
Max total density change      :  3.442085e-01
Max rms   density change      :  1.360026e-02
Dipole mu = ( 0.00000000,  0.00000000, -0.00000000) D

Iteration took 0.01 s.

 ******* Iteration    5 ********
Forming Cholesky Coulomb matrix ... done (0.00 s)
Forming Cholesky exchange matrix ... done (0.01 s)
ADIIS weights
 1.65e-19  7.77e-20  3.74e-18  1.07e-16  1.00e+00 
CDIIS weights
-2.46e-03 -1.06e-02 -3.72e-02  3.07e-01  7.43e-01 
 DIIS weights
 1.65e-19  7.77e-20  3.74e-18  1.07e-16  1.00e+00 

Solving SCF equations ... done (0.00 s)

Total energy                  : -1.2850937638036342e+02
DIIS error                    :  2.160955e-01
Energy change                 : -1.379031e-01
Max total density change      :  1.732726e-01
Max rms   density change      :  6.884311e-03
Dipole mu = ( 0.00000000,  0.00000000, -0.00000000) D

Iteration took 0.01 s.

 ******* Iteration    6 ********
Forming Cholesky Coulomb matrix ... done (0.00 s)
Forming Cholesky exchange matrix ... done (0.01 s)
ADIIS weights
 2.87e-19  4.16e-19  6.51e-17  3.10e-17  2.82e-02  9.72e-01 
CDIIS weights
 1.25e-05  5.25e-04 -6.45e-03 -1.00e-01  2.50e-01  8.56e-01 
 DIIS weights
 2.87e-19  4.16e-19  6.51e-17  3.10e-17  2.82e-02  9.72e-01 

Solving SCF equations ... done (0.00 s)

Total energy                  : -1.2853431469329911e+02
DIIS error                    :  1.001499e-01
Energy change                 : -2.493831e-02
Max total density change      :  8.482114e-02
Max rms   density change      :  3.350815e-03
Dipole mu = (-0.00000000, -0.00000000, -0.00000000) D

Iteration took 0.01 s.

 ******* Iteration    7 ********
Forming Cholesky Coulomb matrix ... done (0.00 s)
Forming Cholesky exchange matrix ... done (0.03 s)
ADIIS weights
 1.44e-21  2.57e-17  3.42e-17  5.81e-15  6.13e-15  3.30e-14  1.00e+00 
CDIIS weights
 2.64e-05  9.19e-05  1.67e-03  4.95e-03 -1.67e-01  1.46e-01  1.01e+00 
 DIIS weights
 1.46e-05  5.08e-05  9.23e-04  2.74e-03 -9.22e-02  8.09e-02  1.01e+00 

Solving SCF equations ... done (0.00 s)

Total energy                  : -1.2854144652163058e+02
DIIS error                    :  5.020700e-02
Energy change                 : -7.131828e-03
Max total density change      :  3.391606e-02
Max rms   density change      :  1.343783e-03
Dipole mu = ( 0.00000000,  0.00000000,  0.00000000) D

Iteration took 0.09 s.

 ******* Iteration    8 ********
Forming Cholesky Coulomb matrix ... done (0.00 s)
Forming Cholesky exchange matrix ... done (0.02 s)
ADIIS weights
 6.95e-17  9.13e-17  3.60e-15  7.23e-14  4.34e-14  4.53e-15  1.97e-12  1.00e+00 
CDIIS weights
 1.59e-06  1.03e-05 -1.77e-04  2.04e-03  8.79e-03 -8.44e-02  4.19e-02  1.03e+00 
 DIIS weights
 1.57e-06  1.02e-05 -1.75e-04  2.01e-03  8.67e-03 -8.32e-02  4.13e-02  1.03e+00 

Solving SCF equations ... done (0.00 s)

Total energy                  : -1.2854336442350356e+02
DIIS error                    :  1.119723e-02
Energy change                 : -1.917902e-03
Max total density change      :  6.313267e-03
Max rms   density change      :  2.493278e-04
Dipole mu = ( 0.00000000,  0.00000000, -0.00000000) D

Iteration took 0.03 s.

 ******* Iteration    9 ********
Forming Cholesky Coulomb matrix ... done (0.00 s)
Forming Cholesky exchange matrix ... done (0.01 s)
ADIIS weights
 1.56e-20  1.46e-18  4.20e-17  1.27e-16  1.05e-15  7.94e-14  9.77e-14  2.23e-12  1.00e+00 
CDIIS weights
 1.03e-07  1.92e-06  1.18e-05 -1.03e-04 -1.23e-03  6.16e-03 -1.01e-03 -7.09e-02  1.07e+00 
 DIIS weights
 1.03e-07  1.92e-06  1.18e-05 -1.03e-04 -1.23e-03  6.16e-03 -1.01e-03 -7.09e-02  1.07e+00 

Solving SCF equations ... done (0.00 s)

Total energy                  : -1.2854346971713537e+02
DIIS error                    :  8.391300e-05
Energy change                 : -1.052936e-04
Max total density change      :  4.596308e-05
Max rms   density change      :  1.842062e-06
Dipole mu = (-0.00000000, -0.00000000, -0.00000000) D

Iteration took 0.02 s.

 ******* Iteration   10 ********
Forming Cholesky Coulomb matrix ... done (0.00 s)
Forming Cholesky exchange matrix ... done (0.02 s)
ADIIS weights
 6.21e-20  5.60e-18  1.58e-16  5.51e-17  2.51e-16  2.21e-15  5.53e-15  5.03e-14  5.01e-01  4.99e-01 
CDIIS weights
-1.09e-08 -1.22e-07 -1.93e-06  2.29e-05  7.34e-05 -9.66e-04  1.35e-03  1.31e-02 -2.96e-01  1.28e+00 
 DIIS weights
-1.09e-08 -1.22e-07 -1.93e-06  2.29e-05  7.34e-05 -9.66e-04  1.35e-03  1.31e-02 -2.96e-01  1.28e+00 

Solving SCF equations ... done (0.00 s)

Total energy                  : -1.2854346972343257e+02
DIIS error                    :  1.286029e-06
Energy change                 : -6.297199e-09
Max total density change      :  7.372734e-07
Max rms   density change      :  3.661226e-08
Dipole mu = ( 0.00000000,  0.00000000,  0.00000000) D

Iteration took 0.06 s.

 ******* Iteration   11 ********
Forming Cholesky Coulomb matrix ... done (0.00 s)
Forming Cholesky exchange matrix ... done (0.02 s)
ADIIS weights
 1.84e-18  4.05e-17  2.52e-17  1.25e-16  1.55e-14  7.13e-17  5.05e-13  3.34e-01  3.33e-01  3.33e-01 
CDIIS weights
 2.32e-09  4.61e-08 -3.52e-07 -1.58e-06  1.63e-05 -2.22e-05 -2.10e-04  7.18e-03  2.94e-03  9.90e-01 
 DIIS weights
 2.32e-09  4.61e-08 -3.52e-07 -1.58e-06  1.63e-05 -2.22e-05 -2.10e-04  7.18e-03  2.94e-03  9.90e-01 

Solving SCF equations ... done (0.00 s)

Total energy                  : -1.2854346972343492e+02
DIIS error                    :  5.508352e-08
Energy change                 : -2.359002e-12
Max total density change      :  2.962129e-08
Max rms   density change      :  1.452596e-09
Dipole mu = ( 0.00000000, -0.00000000, -0.00000000) D

Iteration took 0.06 s.

 ******* Convergence achieved ********
Solution of RHF took 0.37 s.

Kinetic               energy:  1.2854341967820937e+02
Nuclear attraction    energy: -3.1113493706128872e+02
Total one-electron    energy: -1.8259151738307935e+02
Nuclear repulsion     energy:  0.0000000000000000e+00
Coulomb               energy:  6.6158049611800607e+01
Exchange              energy: -1.2110001952156189e+01
-----------------------------------------------------
                Total energy: -1.2854346972343492e+02
               Virial factor:  1.0000003893254565e+00

Dipole mu = ( 0.00000000, -0.00000000, -0.00000000) D

HOMO-LUMO gap is   45.11 eV. Orbital energies:
     -32.7715*      -1.9293*      -0.8490*      -0.8490*      -0.8490*
       0.8089        0.8089        0.8089        0.9356        1.9978 
       1.9978        1.9978        1.9978        1.9978        3.9328 
       3.9328        3.9328        5.8107        5.9042        5.9042 
       5.9042        5.9042        5.9042        5.9042        5.9042 
       6.7617        6.7617        6.7617        6.7617        6.7617 
      14.9036       14.9036       14.9036       14.9036       14.9036 
      14.9036       14.9036       14.9036       14.9036       15.8044 
      15.8044       15.8044       19.7946       19.7946       19.7946 
      19.7946       19.7946       19.7946       19.7946       20.9546 
      20.9546       20.9546       20.9546       20.9546       66.5510 

Mulliken charges
   1 Ne           0.000000
Sum of Mulliken charges 8.881784e-15

Electron density at nuclei
   1 Ne         608.773914

Running program took 2.72 s.
Current time is Sat 22 Sep 2018 22:38:47.
