Basis set cc-pVTZ found in file cc-pVTZ.gbs in /home/work/erkale/source/erkale/basis/.


Current Settings used by ERKALE:
     AtomGuess      	                Auto	Method used for atomic guess (Auto for same as method)
     Basis          	             cc-pVTZ	Basis set used in calculation
     BasisCutoff    	           1.000e-08	Cutoff for dropping out small primitives from contraction
     BasisOrth      	                Auto	Method of orthonormalization of basis set
     BasisRotate    	                true	Rotate basis set to remove redundant functions?
     C1-DIIS        	               false	Use older version of DIIS (C1-DIIS instead of C2-DIIS)?
     Charge         	                   0	Total charge of system
     DIISEps        	           1.000e-01	Start mixing in DIIS when error is
     DIISOrder      	                  10	How many DIIS iterations to keep in memory?
     DIISThr        	           1.000e-02	DIIS error threshold for DIIS updates
     DecFock        	               false	Use decontracted basis to calculate Fock matrix (direct HF)
     Decontract     	                    	Indices of atoms to decontract basis set for
     DeltaEmax      	           1.000e-06	Maximum allowed change of energy
     DeltaPmax      	           1.000e-06	Maximum allowed maximum difference of density matrix
     DeltaPrms      	           1.000e-08	Maximum allowed RMS difference of density matrix
     DensityFitting 	               false	Use density fitting / RI?
     Direct         	               false	Calculate two-electron integrals (or density fitting) on-the-fly?
     EField         	         0.0 0.0 0.0	Electric field
     FittingBasis   	                Auto	Basis to use for density fitting / RI (Auto for automatic)
     FittingMemory  	                1000	Amount of memory in MB to use for exchange fitting
     FittingThreshold	           1.000e-08	Linear dependence threshold for Coulomb integrals in density fitting
     ForcePol       	               false	Force polarized calculation
     FreezeCore     	               false	Freeze the atomic cores?
     Guess          	                Core	Used guess: atomic (default), core, or GWH
     IntegralThresh 	           1.000e-14	Integral screening threshold
     LineSearch     	               false	Do line search in level shift (EXPENSIVE!)
     LoadChk        	                    	File to load old results from
     Logfile        	      Ne_tz_cart.log	File to print out full information, stdout for screen
     MaxIter        	                 100	Maximum number of iterations in SCF cycle
     Method         	                  HF	Method used in calculation (HF or a DFT functional)
     Multiplicity   	                   1	Spin multiplicity
     Occupancies    	                    	Orbital occupancies
     SaveChk        	      Ne_tz_cart.chk	File to use as checkpoint
     Shift          	           0.000e+00	Level shift to use in Hartree
     StrictIntegrals	               false	Use strict integrals?
     System         	              Ne.xyz	System as an xyz file
     UseADIIS       	                true	Use ADIIS for Fock matrix interpolation?
     UseBroyden     	               false	Use Broyden mixing of Fock matrices?
     UseDIIS        	                true	Use Pulay's Direct Inversion in the Iterative Subspace?
     UseLM          	               false	Use a spherical harmonics basis set by default?
     UseTRDSM       	               false	Use Trust-Region DSM?
     UseTRRH        	               false	Use Trust-Region Roothaan-Hall?
     Verbose        	                true	Verbose calculation?

There are 10 shells and 1 nuclei in the basis set.

List of nuclei, geometry in Ångström with three decimal places:
		 Z	    x	    y	    z
1	Ne	 10	  0.000	  0.000	  0.000

List of basis functions:
Shell    1	S cart shell at nucleus   1 with with basis functions    1-1   
Shell    2	S cart shell at nucleus   1 with with basis functions    2-2   
Shell    3	S cart shell at nucleus   1 with with basis functions    3-3   
Shell    4	S cart shell at nucleus   1 with with basis functions    4-4   
Shell    5	P cart shell at nucleus   1 with with basis functions    5-7   
Shell    6	P cart shell at nucleus   1 with with basis functions    8-10  
Shell    7	P cart shell at nucleus   1 with with basis functions   11-13  
Shell    8	D cart shell at nucleus   1 with with basis functions   14-19  
Shell    9	D cart shell at nucleus   1 with with basis functions   20-25  
Shell   10	F cart shell at nucleus   1 with with basis functions   26-35  

Basis set contains 35 functions, maximum angular momentum is 3.
Cartesian Gaussians are used by default.

Forming overlap matrix ... done (0.00 s)
Forming kinetic energy matrix ... done (0.00 s)
Forming nuclear attraction matrix ... done (0.00 s)

Smallest eigenvalue of overlap matrix is 4.20e-03, ratio to largest is 8.56e-04.
Using symmetric orthogonalization.
Basis set diagonalized in 0.00 s.

Forming table of 268410 ERIs, requiring 2 Mi 48 ki of memory ... done (0.03 s)
55 shell pairs out of 55 are significant.

Initialization of computation done in 0.03 s.

HOMO-LUMO gap is  187.97 eV. Energies of lowest lying orbitals:
     -49.9965*     -12.4776*     -12.4452*     -12.4452*     -12.4452*
      -5.5376       -5.5221       -5.5221       -5.5221       -5.5051 

 ******* Iteration    1 ********
Forming HF Coulomb matrix ... done (0.00 s)
Forming HF exchange matrix ... done (0.00 s)
ADIIS weights
 1.00e+00 
CDIIS weights
 1.00e+00 
 DIIS weights
 1.00e+00 

Solving SCF equations ... done (0.00 s)

DIIS error                    :  4.654478e+00
Energy change                 : -1.137583e+02
Max total density change      :  1.032495e+00
Max rms   density change      :  8.603587e-02
Dipole mu = (-0.00000000, -0.00000000,  0.00000000) D

Iteration took 0.00 s.

 ******* Iteration    2 ********
Forming HF Coulomb matrix ... done (0.00 s)
Forming HF exchange matrix ... done (0.00 s)
ADIIS weights
 2.34e-01  7.66e-01 
CDIIS weights
 1.58e-01  8.42e-01 
 DIIS weights
 2.34e-01  7.66e-01 

Solving SCF equations ... done (0.00 s)

DIIS error                    :  2.110564e+00
Energy change                 : -7.531911e+00
Max total density change      :  9.636505e-01
Max rms   density change      :  6.840111e-02
Dipole mu = (-0.00000000, -0.00000000,  0.00000000) D

Iteration took 0.00 s.

 ******* Iteration    3 ********
Forming HF Coulomb matrix ... done (0.00 s)
Forming HF exchange matrix ... done (0.00 s)
ADIIS weights
 8.61e-17  1.25e-16  1.00e+00 
CDIIS weights
-1.15e-01  1.63e-01  9.52e-01 
 DIIS weights
 8.61e-17  1.25e-16  1.00e+00 

Solving SCF equations ... done (0.00 s)

DIIS error                    :  8.093250e-01
Energy change                 : -6.623909e+00
Max total density change      :  1.352013e-01
Max rms   density change      :  1.416280e-02
Dipole mu = ( 0.00000000, -0.00000000,  0.00000000) D

Iteration took 0.00 s.

 ******* Iteration    4 ********
Forming HF Coulomb matrix ... done (0.00 s)
Forming HF exchange matrix ... done (0.00 s)
ADIIS weights
 9.89e-18  7.16e-17  2.90e-02  9.71e-01 
CDIIS weights
 2.04e-03 -6.98e-02  2.62e-01  8.06e-01 
 DIIS weights
 9.89e-18  7.16e-17  2.90e-02  9.71e-01 

Solving SCF equations ... done (0.00 s)

DIIS error                    :  4.636550e-01
Energy change                 : -4.439527e-01
Max total density change      :  9.069709e-02
Max rms   density change      :  8.345544e-03
Dipole mu = (-0.00000000, -0.00000000,  0.00000000) D

Iteration took 0.00 s.

 ******* Iteration    5 ********
Forming HF Coulomb matrix ... done (0.00 s)
Forming HF exchange matrix ... done (0.00 s)
ADIIS weights
 5.93e-17  5.10e-17  1.54e-15  1.05e-13  1.00e+00 
CDIIS weights
-2.01e-03 -1.11e-02 -5.37e-02  3.01e-01  7.66e-01 
 DIIS weights
 5.93e-17  5.10e-17  1.54e-15  1.05e-13  1.00e+00 

Solving SCF equations ... done (0.00 s)

DIIS error                    :  2.025684e-01
Energy change                 : -1.368191e-01
Max total density change      :  3.461842e-02
Max rms   density change      :  3.610756e-03
Dipole mu = (-0.00000000, -0.00000000,  0.00000000) D

Iteration took 0.00 s.

 ******* Iteration    6 ********
Forming HF Coulomb matrix ... done (0.00 s)
Forming HF exchange matrix ... done (0.00 s)
ADIIS weights
 8.09e-21  5.99e-19  3.01e-16  5.11e-16  1.01e-02  9.90e-01 
CDIIS weights
-1.81e-06  5.75e-04 -5.28e-03 -1.04e-01  2.44e-01  8.65e-01 
 DIIS weights
 8.09e-21  5.99e-19  3.01e-16  5.11e-16  1.01e-02  9.90e-01 

Solving SCF equations ... done (0.00 s)

DIIS error                    :  1.066000e-01
Energy change                 : -2.754387e-02
Max total density change      :  1.925020e-02
Max rms   density change      :  1.906375e-03
Dipole mu = (-0.00000000, -0.00000000, -0.00000000) D

Iteration took 0.00 s.

 ******* Iteration    7 ********
Forming HF Coulomb matrix ... done (0.00 s)
Forming HF exchange matrix ... done (0.00 s)
ADIIS weights
 4.65e-18  2.87e-17  2.31e-16  2.39e-14  1.81e-18  2.46e-08  1.00e+00 
CDIIS weights
 1.74e-05  5.85e-05  1.80e-03  4.12e-03 -1.59e-01  1.66e-01  9.86e-01 
 DIIS weights
 9.43e-06  3.17e-05  9.75e-04  2.23e-03 -8.59e-02  9.01e-02  9.93e-01 

Solving SCF equations ... done (0.00 s)

DIIS error                    :  5.119941e-02
Energy change                 : -7.313004e-03
Max total density change      :  7.266036e-03
Max rms   density change      :  7.457551e-04
Dipole mu = (-0.00000000, -0.00000000,  0.00000000) D

Iteration took 0.00 s.

 ******* Iteration    8 ********
Forming HF Coulomb matrix ... done (0.00 s)
Forming HF exchange matrix ... done (0.00 s)
ADIIS weights
 1.08e-17  8.23e-17  7.00e-17  5.24e-14  1.14e-13  1.06e-13  7.69e-11  1.00e+00 
CDIIS weights
-1.26e-06 -1.26e-05 -6.78e-04  2.21e-03  4.90e-02 -1.55e-01 -1.87e-01  1.29e+00 
 DIIS weights
-1.24e-06 -1.24e-05 -6.64e-04  2.17e-03  4.80e-02 -1.51e-01 -1.83e-01  1.28e+00 

Solving SCF equations ... done (0.00 s)

DIIS error                    :  1.187784e-02
Energy change                 : -2.165604e-03
Max total density change      :  1.426737e-03
Max rms   density change      :  1.435068e-04
Dipole mu = (-0.00000000, -0.00000000,  0.00000000) D

Iteration took 0.00 s.

 ******* Iteration    9 ********
Forming HF Coulomb matrix ... done (0.00 s)
Forming HF exchange matrix ... done (0.00 s)
ADIIS weights
 5.49e-19  1.20e-17  3.19e-15  1.97e-14  1.65e-13  1.02e-12  1.11e-12  5.38e-11  1.00e+00 
CDIIS weights
 2.17e-07 -8.35e-07  1.13e-05  8.82e-05  2.32e-04 -2.67e-03 -3.97e-03  1.80e-02  9.88e-01 
 DIIS weights
 2.17e-07 -8.35e-07  1.13e-05  8.82e-05  2.32e-04 -2.67e-03 -3.97e-03  1.80e-02  9.88e-01 

Solving SCF equations ... done (0.00 s)

DIIS error                    :  1.169485e-04
Energy change                 : -1.212710e-04
Max total density change      :  1.311063e-05
Max rms   density change      :  1.347453e-06
Dipole mu = (-0.00000000,  0.00000000,  0.00000000) D

Iteration took 0.00 s.

 ******* Iteration   10 ********
Forming HF Coulomb matrix ... done (0.00 s)
Forming HF exchange matrix ... done (0.00 s)
ADIIS weights
 4.52e-19  1.85e-19  3.74e-17  7.80e-16  1.03e-15  1.01e-13  8.03e-12  4.99e-10  5.01e-01  4.99e-01 
CDIIS weights
-1.24e-08 -8.27e-08 -2.55e-06  1.90e-06  9.95e-05 -3.00e-04  1.37e-04  3.72e-03 -9.93e-02  1.10e+00 
 DIIS weights
-1.24e-08 -8.27e-08 -2.55e-06  1.90e-06  9.95e-05 -3.00e-04  1.37e-04  3.72e-03 -9.93e-02  1.10e+00 

Solving SCF equations ... done (0.00 s)

DIIS error                    :  6.138731e-07
Energy change                 : -1.172342e-08
Max total density change      :  1.568715e-07
Max rms   density change      :  1.226386e-08
Dipole mu = (-0.00000000, -0.00000000,  0.00000000) D

Iteration took 0.00 s.

 ******* Iteration   11 ********
Forming HF Coulomb matrix ... done (0.00 s)
Forming HF exchange matrix ... done (0.00 s)
ADIIS weights
 1.05e-19  1.91e-16  6.38e-15  7.01e-15  3.05e-13  7.60e-13  2.31e-12  3.34e-01  3.33e-01  3.33e-01 
CDIIS weights
-9.12e-09 -1.39e-07  7.84e-07  5.30e-06 -3.73e-05  3.65e-05  4.70e-04 -7.05e-03  5.13e-02  9.55e-01 
 DIIS weights
-9.12e-09 -1.39e-07  7.84e-07  5.30e-06 -3.73e-05  3.65e-05  4.70e-04 -7.05e-03  5.13e-02  9.55e-01 

Solving SCF equations ... done (0.00 s)

DIIS error                    :  3.439592e-08
Energy change                 : -4.547474e-13
Max total density change      :  9.521727e-09
Max rms   density change      :  6.819572e-10
Dipole mu = (-0.00000000, -0.00000000,  0.00000000) D

Iteration took 0.00 s.

 ******* Iteration   12 ********
Forming HF Coulomb matrix ... done (0.00 s)
Forming HF exchange matrix ... done (0.00 s)
ADIIS weights
 3.59e-16  2.15e-16  1.21e-19  6.71e-13  3.79e-11  6.73e-10  2.50e-01  2.50e-01  2.50e-01  2.50e-01 
CDIIS weights
 1.25e-08  2.82e-08 -3.64e-08  1.53e-07 -4.69e-06 -1.33e-05  8.89e-04 -1.56e-02  1.67e-04  1.01e+00 
 DIIS weights
 1.25e-08  2.82e-08 -3.64e-08  1.53e-07 -4.69e-06 -1.33e-05  8.89e-04 -1.56e-02  1.67e-04  1.01e+00 

Solving SCF equations ... done (0.00 s)

DIIS error                    :  3.922237e-09
Energy change                 : -8.526513e-14
Max total density change      :  1.332896e-09
Max rms   density change      :  8.440147e-11
Dipole mu = ( 0.00000000, -0.00000000,  0.00000000) D

Iteration took 0.00 s.

 ******* Convergence achieved ********
Solution of RHF took 0.04 s.

Kinetic               energy:  1.2850942587375755e+02
Nuclear attraction    energy: -3.1110454340160976e+02
Total one-electron    energy: -1.8259511752785235e+02
Nuclear repulsion     energy:  0.0000000000000000e+00
Coulomb               energy:  6.6176040533349891e+01
Exchange              energy: -1.2112932990676009e+01
-----------------------------------------------------
                Total energy: -1.2853200998517846e+02
               Virial factor:  1.0001757389488541e+00

Dipole mu = ( 0.00000000, -0.00000000,  0.00000000) D

HOMO-LUMO gap is   46.97 eV. Orbital energies:
     -32.7698*      -1.9275*      -0.8457*      -0.8457*      -0.8457*
       0.8804        1.0282        1.0282        1.0282        2.8139 
       2.8139        2.8139        2.8139        2.8139        4.1362 
       4.6398        4.6398        4.6398        9.6470        9.6470 
       9.6470        9.6470        9.6470        9.6470        9.6470 
      11.2269       11.2269       11.2269       11.2269       11.2269 
      11.3175       11.3175       11.3175       16.3944       28.8161 

Mulliken charges
   1 Ne          -0.000000
Sum of Mulliken charges -8.881784e-15

Electron density at nuclei
   1 Ne         597.081540

Running program took 0.08 s.
Current time is Wed 25 Feb 2015 01:23:12.
