ERKALE - HF/DFT from Hel, OpenMP version, running on 4 cores.
(c) Susi Lehtola, 2010-2016.

This program is free software; you can redistribute it and/or modify
it under the terms of the GNU General Public License as published by
the Free Software Foundation; either version 2 of the License, or
(at your option) any later version.

At svn revision 1938.

Running on host dx7-lehtola.chem.helsinki.fi.

Basis set cc-pVTZ found in file cc-pVTZ.gbs in /home/work/erkale/source/erkale.sap/basis/.

Current Settings used by ERKALE:
     AtomGuess      	                Auto	Method used for atomic guess (Auto for same as method)
     Basis          	             cc-pVTZ	Basis set used in calculation
     BasisCutoff    	           1.000e-08	Cutoff for dropping out small primitives from contraction
     BasisOrth      	                Auto	Method of orthonormalization of basis set
     BasisRotate    	               false	Rotate basis set to remove redundant functions?
     C1-DIIS        	               false	Use older version of DIIS (C1-DIIS instead of C2-DIIS)?
     Charge         	                   0	Total charge of system
     Cholesky       	                true	Use Cholesky decomposition?
     CholeskyMode   	                   0	Save/load integrals? 0 no, 1 save, -1 load
     CholeskyNAFThr 	           0.000e+00	Cholesky natural auxiliary function threshold
     CholeskyShThr  	           1.000e-02	Cholesky cache threshold
     CholeskyThr    	           1.000e-07	Cholesky decomposition threshold
     ConvThr        	           1.000e-06	Orbital gradient convergence threshold
     DFTDelta       	           1.000e+02	Switch to final DFT grid has converged within factor X
     DFTFinalTol    	           1.000e-05	Tolerance of final DFT grid
     DFTGrid        	             50 -302	DFT integration grid to use: nrad lmax or Auto for adaptive
     DFTInitialTol  	           1.000e-04	Tolerance of initial DFT grid
     DFTLobatto     	               false	Use Lobatto quadrature instead of Lebedev quadrature?
     DIISEps        	           1.000e-01	Start mixing in DIIS when error is
     DIISOrder      	                  10	How many DIIS iterations to keep in memory?
     DIISThr        	           1.000e-02	DIIS error threshold for DIIS updates
     DecFock        	               false	Use decontracted basis to calculate Fock matrix (direct HF)
     Decontract     	                    	Indices of atoms to decontract basis set for
     DensityFitting 	               false	Use density fitting / RI?
     DimerSymmetry  	               false	Do special calculation on dimer along z axis
     Direct         	               false	Calculate two-electron integrals (or density fitting) on-the-fly?
     EField         	         0.0 0.0 0.0	Electric field
     FittingBasis   	                Auto	Basis to use for density fitting / RI (Auto for automatic)
     FittingMemory  	                1000	Amount of memory in MB to use for exchange fitting
     FittingThreshold	           1.000e-08	Linear dependence threshold for Coulomb integrals in density fitting
     ForcePol       	               false	Force polarized calculation
     Guess          	                Core	Used guess: SAD (default), NO, core, or GWH
     InputBohr      	               false	Use atomic units as input units instead of angstrom?
     IntegralThresh 	           1.000e-14	Integral screening threshold
     LoadChk        	                    	File to load old results from
     Logfile        	      Ne_tpss_tz.log	File to print out full information, stdout for screen
     MaxIter        	                 100	Maximum number of iterations in SCF cycle
     Method         	mgga_x_tpss-mgga_c_tpss	Method used in calculation (HF or a DFT functional)
     Multiplicity   	                   1	Spin multiplicity
     NLGrid         	             50 -194	Integration grid to use for nonlocal correlation: nrad lmax
     Occupancies    	                    	Orbital occupancies
     OptLM          	                true	If spherical harmonics used, use cartesian s and p functions?
     PZ             	               false	Perform Perdew-Zunger self-interaction correction?
     PZEthr         	           1.000e-10	Threshold for energy convergence
     PZIthr         	           1.000e-02	Threshold for initialization convergence (not too small!)
     PZNRthr        	           0.000e+00	Threshold for use of NR method in OO optimization
     PZOOthr        	           1.000e-04	Gradient threshold for OO optimization
     PZOVthr        	           1.000e-05	Gradient threshold for OV optimization
     PZimag         	                Auto	Imaginary degrees of freedom in PZ?
     PZiter         	                  20	Max number of iterations in self-consistency iteration
     PZloc          	                Auto	Initial localization before SIC calculation?
     PZlocmet       	                  FB	Initial localization method (recommend FB or IAO)
     PZmode         	                  XC	Apply PZ to the operators (in addition to J): X C D
     PZoo           	                true	Optimize OO block?
     PZov           	                true	Optimize OV block?
     PZprec         	                   1	Precondition OV block? 0: no, 1: unified, 2: orbital
     PZscale        	            Constant	Scaling for PZ: Constant, Density or Kinetic
     PZscaleExp     	           1.000e+00	Exponent in the dynamic scaling equation
     PZseed         	                   0	Seed number for randomized matrices?
     PZstab         	                   0	Stability analysis for PZ-SIC? 1 or -1 for OO, 2 or -2 for OO+OV
     PZstabThr      	           1.000e-03	Instability threshold (interpreted as -thr)
     PZw            	           1.000e+00	Weight for Perdew-Zunger self-interaction correction
     SaveChk        	      Ne_tpss_tz.chk	File to use as checkpoint
     Shift          	           0.000e+00	Level shift to use in Hartree
     StrictIntegrals	               false	Use strict integrals?
     System         	              Ne.xyz	System as an xyz file
     UseADIIS       	                true	Use ADIIS for Fock matrix interpolation?
     UseBroyden     	               false	Use Broyden mixing of Fock matrices?
     UseDIIS        	                true	Use Pulay's Direct Inversion in the Iterative Subspace?
     UseLM          	                true	Use a spherical harmonics basis set by default?
     UseTRRH        	               false	Use Trust-Region Roothaan-Hall?
     VV10           	                Auto	Use VV10 non-local correlation?
     VV10Pars       	                    	VV10 parameters: b C
     Verbose        	                true	Verbose calculation?

There are 10 shells and 1 nuclei in the basis set.

List of nuclei, geometry in Ångström with three decimal places:
		 Z	    x	    y	    z
1	Ne	 10	  0.000	  0.000	  0.000

List of basis functions:
Shell    1	S cart shell at nucleus   1 with with basis functions    1-1   
Shell    2	S cart shell at nucleus   1 with with basis functions    2-2   
Shell    3	S cart shell at nucleus   1 with with basis functions    3-3   
Shell    4	S cart shell at nucleus   1 with with basis functions    4-4   
Shell    5	P cart shell at nucleus   1 with with basis functions    5-7   
Shell    6	P cart shell at nucleus   1 with with basis functions    8-10  
Shell    7	P cart shell at nucleus   1 with with basis functions   11-13  
Shell    8	D  sph shell at nucleus   1 with with basis functions   14-18  
Shell    9	D  sph shell at nucleus   1 with with basis functions   19-23  
Shell   10	F  sph shell at nucleus   1 with with basis functions   24-30  

Basis set contains 30 functions, maximum angular momentum is 3.
Spherical harmonic Gaussians are used by default, there are 35 cartesians.

Forming overlap matrix ... done (0.02 s)
Forming kinetic energy matrix ... done (0.01 s)
Forming nuclear attraction matrix ... done (0.02 s)

Smallest eigenvalue of overlap matrix is 1.67e-02, ratio to largest is 6.60e-03.
Using symmetric orthogonalization.
Basis set diagonalized in 0.05 s.

Computing repulsion integrals.
Screening by shell pairs and symmetry reduced dofs by factor 1.94.
Individual screening reduced dofs by a total factor 1.94.
Computing Cholesky vectors. Estimated memory size is 326 ki - 1 Mi.
Cholesky vectors no     0 -     0 computed, error is 1.056163e+00 (0.03 s).
Cholesky vectors no     1 -    15 computed, error is 2.645670e-01 (0.01 s).
Cholesky vectors no    16 -    21 computed, error is 2.140268e-01 (0.00 s).
Cholesky vectors no    22 -    31 computed, error is 9.828245e-02 (0.00 s).
Cholesky vectors no    32 -    59 computed, error is 7.718379e-02 (0.00 s).
Cholesky vectors no    60 -    69 computed, error is 4.770423e-02 (0.00 s).
Cholesky vectors no    70 -    70 computed, error is 2.655920e-02 (0.00 s).
Cholesky vectors no    71 -    73 computed, error is 2.163936e-02 (0.00 s).
Cholesky vectors no    74 -    94 computed, error is 1.581420e-02 (0.00 s).
Cholesky vectors no    95 -   109 computed, error is 1.095269e-02 (0.00 s).
Cholesky vectors no   110 -   112 computed, error is 6.491977e-03 (0.00 s).
Cholesky vectors no   113 -   133 computed, error is 4.387165e-03 (0.00 s).
Cholesky vectors no   134 -   138 computed, error is 3.252621e-03 (0.00 s).
Cholesky vectors no   139 -   139 computed, error is 3.630847e-04 (0.00 s).
Cholesky vectors no   140 -   144 computed, error is 3.491981e-04 (0.00 s).
Cholesky vectors no   145 -   154 computed, error is 1.780498e-04 (0.00 s).
Cholesky vectors no   155 -   157 computed, error is 8.208286e-05 (0.00 s).
Cholesky vectors no   158 -   158 computed, error is 4.172231e-05 (0.00 s).
Cholesky vectors no   159 -   173 computed, error is 1.868358e-05 (0.00 s).
Cholesky vectors no   174 -   178 computed, error is 9.665391e-06 (0.00 s).
Cholesky vectors no   179 -   192 computed, error is 8.661037e-06 (0.00 s).
Cholesky vectors no   193 -   199 computed, error is 7.692125e-06 (0.00 s).
Cholesky vectors no   200 -   200 computed, error is 1.822812e-06 (0.00 s).
Cholesky vectors no   201 -   206 computed, error is 7.045694e-07 (0.00 s).
Cholesky vectors no   207 -   220 computed, error is 5.376649e-07 (0.00 s).
Cholesky vectors no   221 -   227 computed, error is 3.583664e-07 (0.00 s).
Cholesky vectors no   228 -   230 computed, error is 1.547798e-07 (0.00 s).
Cholesky vectors no   231 -   240 computed, error is 1.072958e-07 (0.00 s).
Cholesky vectors no   241 -   249 computed, error is 7.623901e-08 (0.00 s).
Cholesky decomposition finished in 0.30 s. Realized memory size is 1 Mi 65 ki.
Time use: integrals 86.2 %, linear algebra 13.8 %.
55 shell pairs out of 55 are significant.

Initialization of computation done in 0.48 s.

Used exchange functional is mgga_x_tpss, 'Tao, Perdew, Staroverov & Scuseria', defined in the reference(s):
J. Tao, J. P. Perdew, V. N. Staroverov, and G. E. Scuseria, Phys. Rev. Lett. 91, 146401 (2003) (DOI 10.1103/PhysRevLett.91.146401)
J. P. Perdew, J. Tao, V. N. Staroverov, and G. E. Scuseria, J. Chem. Phys. 120, 6898 (2004) (DOI 10.1063/1.1665298)

Used correlation functional is mgga_c_tpss, 'Tao, Perdew, Staroverov & Scuseria', defined in the reference(s):
J. Tao, J. P. Perdew, V. N. Staroverov, and G. E. Scuseria, Phys. Rev. Lett. 91, 146401 (2003) (DOI 10.1103/PhysRevLett.91.146401)
J. P. Perdew, J. Tao, V. N. Staroverov, and G. E. Scuseria, J. Chem. Phys. 120, 6898 (2004) (DOI 10.1063/1.1665298)

HOMO-LUMO gap is  188.68 eV. Energies of lowest lying orbitals:
     -49.9846*     -12.4677*     -12.4446*     -12.4446*     -12.4446*
      -5.5106       -5.5106       -5.5106       -5.5051       -5.5051 

A pure exchange functional used, no exact exchange.
Constructing static nrad=50 lmax=29 XC grid.
Composition of XC grid:
    atom Npoints     Nfuncs
    1 Ne   12382     319516

 ******* Iteration    1 ********
Forming Cholesky Coulomb matrix ... done (0.00 s)
Computing DFT exchange and correlation ... done (0.06 s)
Numerically integrated density is 10.00000 (+0.0000 %).
ADIIS weights
 1.00e+00 
CDIIS weights
 1.00e+00 
 DIIS weights
 1.00e+00 

Solving SCF equations ... done (0.13 s)

Total energy                  : -1.1428593986736659e+02
DIIS error                    :  6.612351e+00
Energy change                 : -1.142859e+02
Max total density change      :  5.133190e+00
Max rms   density change      :  3.946790e-01
Dipole mu = (-0.00000000, -0.00000000, -0.00000000) D

Iteration took 0.19 s.

 ******* Iteration    2 ********
Forming Cholesky Coulomb matrix ... done (0.03 s)
Computing DFT exchange and correlation ... done (0.06 s)
Numerically integrated density is 10.00000 (+0.0000 %).
ADIIS weights
 3.91e-01  6.09e-01 
CDIIS weights
 1.98e-01  8.02e-01 
 DIIS weights
 3.91e-01  6.09e-01 

Solving SCF equations ... done (0.15 s)

Total energy                  : -1.1881693139852169e+02
DIIS error                    :  2.509153e+00
Energy change                 : -4.530992e+00
Max total density change      :  1.288031e+00
Max rms   density change      :  1.098536e-01
Dipole mu = ( 0.00000000, -0.00000000,  0.00000000) D

Iteration took 0.23 s.

 ******* Iteration    3 ********
Forming Cholesky Coulomb matrix ... done (0.01 s)
Computing DFT exchange and correlation ... done (0.06 s)
Numerically integrated density is 10.00000 (+0.0000 %).
ADIIS weights
 3.40e-21  8.80e-19  1.00e+00 
CDIIS weights
-5.96e-02  1.44e-01  9.15e-01 
 DIIS weights
 3.40e-21  8.80e-19  1.00e+00 

Solving SCF equations ... done (0.01 s)

Total energy                  : -1.2854994933913412e+02
DIIS error                    :  6.912498e-01
Energy change                 : -9.733018e+00
Max total density change      :  6.886052e-01
Max rms   density change      :  5.974553e-02
Dipole mu = ( 0.00000000, -0.00000000,  0.00000000) D

Iteration took 0.08 s.

 ******* Iteration    4 ********
Forming Cholesky Coulomb matrix ... done (0.00 s)
Computing DFT exchange and correlation ... done (0.05 s)
Numerically integrated density is 10.00000 (+0.0000 %).
ADIIS weights
 1.16e-19  8.63e-19  6.28e-01  3.72e-01 
CDIIS weights
-6.98e-03 -3.39e-02  5.84e-01  4.57e-01 
 DIIS weights
 1.16e-19  8.63e-19  6.28e-01  3.72e-01 

Solving SCF equations ... done (0.00 s)

Total energy                  : -1.2823159333842545e+02
DIIS error                    :  1.132367e+00
Energy change                 :  3.183560e-01
Max total density change      :  3.490750e-01
Max rms   density change      :  2.733093e-02
Dipole mu = ( 0.00000000, -0.00000000,  0.00000000) D

Iteration took 0.06 s.

 ******* Iteration    5 ********
Forming Cholesky Coulomb matrix ... done (0.00 s)
Computing DFT exchange and correlation ... done (0.04 s)
Numerically integrated density is 10.00000 (+0.0000 %).
ADIIS weights
 3.35e-19  9.48e-20  5.03e-17  1.34e-17  1.00e+00 
CDIIS weights
 3.24e-03  6.04e-03  1.70e-02 -9.86e-02  1.07e+00 
 DIIS weights
 3.35e-19  9.48e-20  5.03e-17  1.34e-17  1.00e+00 

Solving SCF equations ... done (0.00 s)

Total energy                  : -1.2895498699772557e+02
DIIS error                    :  1.052734e-01
Energy change                 : -7.233937e-01
Max total density change      :  1.004888e-01
Max rms   density change      :  7.804453e-03
Dipole mu = ( 0.00000000, -0.00000000, -0.00000000) D

Iteration took 0.06 s.

 ******* Iteration    6 ********
Forming Cholesky Coulomb matrix ... done (0.00 s)
Computing DFT exchange and correlation ... done (0.06 s)
Numerically integrated density is 10.00000 (+0.0000 %).
ADIIS weights
 1.08e-19  1.42e-19  3.20e-19  2.70e-19  5.90e-01  4.10e-01 
CDIIS weights
 2.98e-04  2.12e-03  3.96e-03 -2.51e-02  6.68e-01  3.51e-01 
 DIIS weights
 1.08e-19  1.42e-19  3.20e-19  2.70e-19  5.90e-01  4.10e-01 

Solving SCF equations ... done (0.00 s)

Total energy                  : -1.2895170214536324e+02
DIIS error                    :  1.253839e-01
Energy change                 :  3.284852e-03
Max total density change      :  5.060948e-02
Max rms   density change      :  3.970516e-03
Dipole mu = ( 0.00000000, -0.00000000,  0.00000000) D

Iteration took 0.06 s.

 ******* Iteration    7 ********
Forming Cholesky Coulomb matrix ... done (0.00 s)
Computing DFT exchange and correlation ... done (0.06 s)
Numerically integrated density is 10.00000 (+0.0000 %).
ADIIS weights
 1.22e-18  6.69e-19  3.05e-17  2.32e-18  2.03e-16  3.62e-16  1.00e+00 
CDIIS weights
 2.25e-05 -2.22e-05 -6.33e-04  1.40e-03 -3.41e-03 -9.02e-02  1.09e+00 
 DIIS weights
 2.20e-05 -2.18e-05 -6.21e-04  1.37e-03 -3.34e-03 -8.84e-02  1.09e+00 

Solving SCF equations ... done (0.00 s)

Total energy                  : -1.2896159073793919e+02
DIIS error                    :  1.179246e-02
Energy change                 : -9.888593e-03
Max total density change      :  5.169292e-03
Max rms   density change      :  4.082625e-04
Dipole mu = ( 0.00000000,  0.00000000, -0.00000000) D

Iteration took 0.07 s.

 ******* Iteration    8 ********
Forming Cholesky Coulomb matrix ... done (0.01 s)
Computing DFT exchange and correlation ... done (0.06 s)
Numerically integrated density is 10.00000 (+0.0000 %).
ADIIS weights
 1.17e-15  4.84e-16  1.36e-12  1.41e-15  2.63e-13  2.44e-14  7.33e-10  1.00e+00 
CDIIS weights
 6.70e-07 -2.74e-06 -7.50e-05  1.11e-04 -8.35e-04 -3.41e-03  6.59e-02  9.38e-01 
 DIIS weights
 6.70e-07 -2.74e-06 -7.50e-05  1.11e-04 -8.35e-04 -3.41e-03  6.59e-02  9.38e-01 

Solving SCF equations ... done (0.00 s)

Total energy                  : -1.2896167729708421e+02
DIIS error                    :  2.856316e-04
Energy change                 : -8.655915e-05
Max total density change      :  1.266608e-04
Max rms   density change      :  9.717629e-06
Dipole mu = ( 0.00000000, -0.00000000,  0.00000000) D

Iteration took 0.08 s.

 ******* Iteration    9 ********
Forming Cholesky Coulomb matrix ... done (0.02 s)
Computing DFT exchange and correlation ... done (0.06 s)
Numerically integrated density is 10.00000 (+0.0000 %).
ADIIS weights
 1.85e-19  5.59e-19  1.97e-19  7.59e-17  2.02e-14  5.08e-15  1.17e-12  1.51e-09  1.00e+00 
CDIIS weights
 3.31e-09  8.52e-09  1.67e-06  3.06e-07 -2.66e-05 -6.25e-05 -1.43e-03 -7.49e-02  1.08e+00 
 DIIS weights
 3.31e-09  8.52e-09  1.67e-06  3.06e-07 -2.66e-05 -6.25e-05 -1.43e-03 -7.49e-02  1.08e+00 

Solving SCF equations ... done (0.01 s)

Total energy                  : -1.2896167734728388e+02
DIIS error                    :  8.963358e-07
Energy change                 : -5.019967e-08
Max total density change      :  3.660798e-07
Max rms   density change      :  3.131391e-08
Dipole mu = ( 0.00000000, -0.00000000,  0.00000000) D

Iteration took 0.09 s.

 ******* Convergence achieved ********
Solution of RDFT took 0.95 s.

Kinetic               energy:  1.2853596219483902e+02
Nuclear attraction    energy: -3.1103648121387960e+02
Total one-electron    energy: -1.8250051901904055e+02
Nuclear repulsion     energy:  0.0000000000000000e+00
Coulomb               energy:  6.6053302921351488e+01
Exchange-correlation  energy: -1.2514461249594813e+01
Non-local correlation energy:  0.0000000000000000e+00
-----------------------------------------------------
                Total energy: -1.2896167734728388e+02
               Virial factor:  1.0033120314748922e+00

Dipole mu = ( 0.00000000, -0.00000000,  0.00000000) D

HOMO-LUMO gap is   35.98 eV. Orbital energies:
     -30.6468*      -1.3506*      -0.4813*      -0.4813*      -0.4813*
       0.8407        0.8407        0.8407        1.1026        2.4245 
       2.4245        2.4245        2.4245        2.4245        5.4688 
       5.4688        5.4688        9.0435        9.0435        9.0435 
       9.0435        9.0435        9.0435        9.0435       10.4644 
      10.4644       10.4644       10.4644       10.4644       10.9019 

Mulliken charges
   1 Ne           0.000000
Sum of Mulliken charges 1.776357e-15

Electron density at nuclei
   1 Ne         596.431447

Running program took 1.49 s.
Current time is Sat 22 Sep 2018 22:37:52.
