ERKALE - HF/DFT from Hel, OpenMP version, running on 4 cores.
(c) Susi Lehtola, 2010-2016.

This program is free software; you can redistribute it and/or modify
it under the terms of the GNU General Public License as published by
the Free Software Foundation; either version 2 of the License, or
(at your option) any later version.

At svn revision 1946.

Running on host dx7-lehtola.chem.helsinki.fi.

Basis set aug-cc-pVDZ found in file aug-cc-pVDZ.gbs in /home/work/erkale/source/erkale.sap/basis/.

Current Settings used by ERKALE:
     AtomGuess      	                Auto	Method used for atomic guess (Auto for same as method)
     Basis          	         aug-cc-pVDZ	Basis set used in calculation
     BasisCutoff    	           1.000e-08	Cutoff for dropping out small primitives from contraction
     BasisOrth      	                Auto	Method of orthonormalization of basis set
     BasisRotate    	               false	Rotate basis set to remove redundant functions?
     Charge         	                   0	Total charge of system
     Cholesky       	               false	Use Cholesky decomposition?
     CholeskyMode   	                   0	Save/load integrals? 0 no, 1 save, -1 load
     CholeskyNAFThr 	           0.000e+00	Cholesky natural auxiliary function threshold
     CholeskyShThr  	           1.000e-02	Cholesky cache threshold
     CholeskyThr    	           1.000e-07	Cholesky decomposition threshold
     ConvThr        	           1.000e-06	Orbital gradient convergence threshold
     DIISComb       	               false	Combine alpha and beta errors in unrestricted calcs?
     DIISEps        	           1.000e-01	Start mixing in DIIS when error is
     DIISOrder      	                  10	How many DIIS iterations to keep in memory?
     DIISThr        	           1.000e-02	DIIS error threshold for DIIS updates
     DecFock        	               false	Use decontracted basis to calculate Fock matrix (direct HF)
     Decontract     	                    	Indices of atoms to decontract basis set for
     DensityFitting 	                true	Use density fitting / RI?
     DimerSymmetry  	               false	Do special calculation on dimer along z axis
     Direct         	                true	Calculate two-electron integrals (or density fitting) on-the-fly?
     EField         	         0.0 0.0 0.0	Electric field
     FittingBasis   	      aug-cc-pVDZ-JK	Basis to use for density fitting / RI (Auto for automatic)
     FittingMemory  	                1000	Amount of memory in MB to use for exchange fitting
     FittingThreshold	           1.000e-08	Linear dependence threshold for Coulomb integrals in density fitting
     ForcePol       	               false	Force polarized calculation
     Guess          	              Atomic	Used guess: SAD (default), NO, core, or GWH
     InputBohr      	               false	Use atomic units as input units instead of angstrom?
     IntegralThresh 	           1.000e-14	Integral screening threshold
     LoadChk        	                    	File to load old results from
     Logfile        	water_cluster_rihf.log	File to print out full information, stdout for screen
     MaxIter        	                 100	Maximum number of iterations in SCF cycle
     Method         	                  HF	Method used in calculation (HF or a DFT functional)
     Multiplicity   	                   1	Spin multiplicity
     Occupancies    	                    	Orbital occupancies
     OptLM          	                true	If spherical harmonics used, use cartesian s and p functions?
     SaveChk        	water_cluster_rihf.chk	File to use as checkpoint
     Shift          	           0.000e+00	Level shift to use in Hartree
     StrictIntegrals	               false	Use strict integrals?
     System         	   water_cluster.xyz	System as an xyz file
     TRRHminS       	           9.750e-01	Trust-Region Roothaan-Hall minimal occupied orbital overlap
     UseADIIS       	                true	Use ADIIS for Fock matrix interpolation?
     UseBroyden     	               false	Use Broyden mixing of Fock matrices?
     UseDIIS        	                true	Use Pulay's Direct Inversion in the Iterative Subspace?
     UseLM          	                true	Use a spherical harmonics basis set by default?
     UseTRRH        	               false	Use Trust-Region Roothaan-Hall?
     Verbose        	                true	Verbose calculation?

Performing HF guess for atoms:
O : 1 4 7 10 (0.02 s)
H : 2 3 5 6 8 9 11 12 (0.00 s)
Atomic guess formed in 0.02 s.

There are 76 shells and 12 nuclei in the basis set.

List of nuclei, geometry in Ångström with three decimal places:
		 Z	    x	    y	    z
1	O	 8	  1.300	 -0.680	 -0.110
2	H	 1	  0.890	 -1.420	  0.420
3	H	 1	  1.940	 -0.170	  0.470
4	O	 8	  0.270	 -2.660	  1.170
5	H	 1	  0.080	 -3.620	  1.380
6	H	 1	 -0.060	 -2.080	  1.920
7	O	 8	  1.300	 -0.410	 -2.910
8	H	 1	  1.200	 -0.560	 -1.920
9	H	 1	  0.440	 -0.050	 -3.270
10	O	 8	  2.970	  0.350	  1.710
11	H	 1	  3.460	  1.190	  1.500
12	H	 1	  3.590	 -0.300	  2.160

Interatomic distance matrix:
          1O    2H    3H    4O    5H    6H    7O    8H    9H   10O   11H 
   2H  0.998
   3H  1.003 1.633
   4O  2.573 1.576 3.079
   5H  3.515 2.533 4.024 1.001
   6H  2.816 1.894 3.123 1.004 1.638
   7O  2.813 3.504 3.448 4.772 5.495 5.288
   8H  1.817 2.512 2.532 3.850 4.638 4.318 1.006
   9H  3.335 3.962 4.031 5.153 5.873 5.595 0.999 1.631
  10O  2.676 3.020 1.694 4.079 4.922 3.890 4.971 4.140 5.600
  11H  3.279 3.819 2.285 5.011 5.880 4.823 5.165 4.457 5.780 0.995
  12H  3.247 3.402 2.365 4.192 4.894 4.068 5.564 4.736 6.283 1.005 1.635

List of basis functions:
Shell    1	S cart shell at nucleus   1 with with basis functions    1-1   
Shell    2	S cart shell at nucleus   1 with with basis functions    2-2   
Shell    3	S cart shell at nucleus   1 with with basis functions    3-3   
Shell    4	S cart shell at nucleus   1 with with basis functions    4-4   
Shell    5	P cart shell at nucleus   1 with with basis functions    5-7   
Shell    6	P cart shell at nucleus   1 with with basis functions    8-10  
Shell    7	P cart shell at nucleus   1 with with basis functions   11-13  
Shell    8	D  sph shell at nucleus   1 with with basis functions   14-18  
Shell    9	D  sph shell at nucleus   1 with with basis functions   19-23  
Shell   10	S cart shell at nucleus   2 with with basis functions   24-24  
Shell   11	S cart shell at nucleus   2 with with basis functions   25-25  
Shell   12	S cart shell at nucleus   2 with with basis functions   26-26  
Shell   13	P cart shell at nucleus   2 with with basis functions   27-29  
Shell   14	P cart shell at nucleus   2 with with basis functions   30-32  
Shell   15	S cart shell at nucleus   3 with with basis functions   33-33  
Shell   16	S cart shell at nucleus   3 with with basis functions   34-34  
Shell   17	S cart shell at nucleus   3 with with basis functions   35-35  
Shell   18	P cart shell at nucleus   3 with with basis functions   36-38  
Shell   19	P cart shell at nucleus   3 with with basis functions   39-41  
Shell   20	S cart shell at nucleus   4 with with basis functions   42-42  
Shell   21	S cart shell at nucleus   4 with with basis functions   43-43  
Shell   22	S cart shell at nucleus   4 with with basis functions   44-44  
Shell   23	S cart shell at nucleus   4 with with basis functions   45-45  
Shell   24	P cart shell at nucleus   4 with with basis functions   46-48  
Shell   25	P cart shell at nucleus   4 with with basis functions   49-51  
Shell   26	P cart shell at nucleus   4 with with basis functions   52-54  
Shell   27	D  sph shell at nucleus   4 with with basis functions   55-59  
Shell   28	D  sph shell at nucleus   4 with with basis functions   60-64  
Shell   29	S cart shell at nucleus   5 with with basis functions   65-65  
Shell   30	S cart shell at nucleus   5 with with basis functions   66-66  
Shell   31	S cart shell at nucleus   5 with with basis functions   67-67  
Shell   32	P cart shell at nucleus   5 with with basis functions   68-70  
Shell   33	P cart shell at nucleus   5 with with basis functions   71-73  
Shell   34	S cart shell at nucleus   6 with with basis functions   74-74  
Shell   35	S cart shell at nucleus   6 with with basis functions   75-75  
Shell   36	S cart shell at nucleus   6 with with basis functions   76-76  
Shell   37	P cart shell at nucleus   6 with with basis functions   77-79  
Shell   38	P cart shell at nucleus   6 with with basis functions   80-82  
Shell   39	S cart shell at nucleus   7 with with basis functions   83-83  
Shell   40	S cart shell at nucleus   7 with with basis functions   84-84  
Shell   41	S cart shell at nucleus   7 with with basis functions   85-85  
Shell   42	S cart shell at nucleus   7 with with basis functions   86-86  
Shell   43	P cart shell at nucleus   7 with with basis functions   87-89  
Shell   44	P cart shell at nucleus   7 with with basis functions   90-92  
Shell   45	P cart shell at nucleus   7 with with basis functions   93-95  
Shell   46	D  sph shell at nucleus   7 with with basis functions   96-100 
Shell   47	D  sph shell at nucleus   7 with with basis functions  101-105 
Shell   48	S cart shell at nucleus   8 with with basis functions  106-106 
Shell   49	S cart shell at nucleus   8 with with basis functions  107-107 
Shell   50	S cart shell at nucleus   8 with with basis functions  108-108 
Shell   51	P cart shell at nucleus   8 with with basis functions  109-111 
Shell   52	P cart shell at nucleus   8 with with basis functions  112-114 
Shell   53	S cart shell at nucleus   9 with with basis functions  115-115 
Shell   54	S cart shell at nucleus   9 with with basis functions  116-116 
Shell   55	S cart shell at nucleus   9 with with basis functions  117-117 
Shell   56	P cart shell at nucleus   9 with with basis functions  118-120 
Shell   57	P cart shell at nucleus   9 with with basis functions  121-123 
Shell   58	S cart shell at nucleus  10 with with basis functions  124-124 
Shell   59	S cart shell at nucleus  10 with with basis functions  125-125 
Shell   60	S cart shell at nucleus  10 with with basis functions  126-126 
Shell   61	S cart shell at nucleus  10 with with basis functions  127-127 
Shell   62	P cart shell at nucleus  10 with with basis functions  128-130 
Shell   63	P cart shell at nucleus  10 with with basis functions  131-133 
Shell   64	P cart shell at nucleus  10 with with basis functions  134-136 
Shell   65	D  sph shell at nucleus  10 with with basis functions  137-141 
Shell   66	D  sph shell at nucleus  10 with with basis functions  142-146 
Shell   67	S cart shell at nucleus  11 with with basis functions  147-147 
Shell   68	S cart shell at nucleus  11 with with basis functions  148-148 
Shell   69	S cart shell at nucleus  11 with with basis functions  149-149 
Shell   70	P cart shell at nucleus  11 with with basis functions  150-152 
Shell   71	P cart shell at nucleus  11 with with basis functions  153-155 
Shell   72	S cart shell at nucleus  12 with with basis functions  156-156 
Shell   73	S cart shell at nucleus  12 with with basis functions  157-157 
Shell   74	S cart shell at nucleus  12 with with basis functions  158-158 
Shell   75	P cart shell at nucleus  12 with with basis functions  159-161 
Shell   76	P cart shell at nucleus  12 with with basis functions  162-164 

Basis set contains 164 functions, maximum angular momentum is 2.
Spherical harmonic Gaussians are used by default, there are 172 cartesians.

Forming overlap matrix ... done (0.00 s)
Forming kinetic energy matrix ... done (0.00 s)
Forming nuclear attraction matrix ... done (0.01 s)

Smallest eigenvalue of overlap matrix is 1.20e-03, ratio to largest is 1.10e-04.
Using symmetric orthogonalization.
Basis set diagonalized in 0.00 s.

Basis set aug-cc-pVDZ-JK found in file aug-cc-pVDZ-JK.gbs in /home/work/erkale/source/erkale.sap/basis/.
Initializing density fitting calculation, requiring 5 Mi 514 ki memory ... done (0.03 s)
2911 shell pairs out of 2926 are significant.
Auxiliary basis contains 600 functions.

Initialization of computation done in 0.06 s.

Forming density fitted Coulomb matrix ... done (0.79 s)
Forming density fitted exchange matrix ... done (0.63 s)
Solving SCF equations ... done (0.00 s)

Kinetic               energy:  3.0218611443494916e+02
Nuclear attraction    energy: -9.7078360163409275e+02
Total one-electron    energy: -6.6859748719914455e+02
Nuclear repulsion     energy:  1.2862784408961625e+02
Coulomb               energy:  2.7084091067762660e+02
Exchange              energy: -3.4216480400971285e+01
-----------------------------------------------------
                Total energy: -3.0334521283287302e+02
               Virial factor:  1.0038357103207447e+00

Dipole mu = ( 0.00002805, -0.00001633, -0.00000067) D

HOMO-LUMO gap is    0.52 eV. Orbital energies:
     -20.8574*     -20.8566*     -20.8563*     -20.8526*      -1.7061*
      -1.6529*      -1.6402*      -1.6010*      -0.8397*      -0.7903*
      -0.7794*      -0.7656*      -0.6730*      -0.6118*      -0.5951*
      -0.5586*      -0.5214*      -0.5146*      -0.5071*      -0.5003*
      -0.0245        0.0070        0.0151        0.0523        0.0576 
       0.0694        0.0862        0.0883        0.1218        0.1282 
       0.1369        0.1581        0.1682        0.1786        0.1809 
       0.1866        0.2030        0.2055        0.2143        0.2325 
       0.2391        0.2474        0.2531        0.2676        0.2743 
       0.2982        0.3032        0.3148        0.3340        0.3529 
       0.3590        0.3727        0.3800        0.4015        0.4112 
       0.4344        0.4527        0.4538        0.4952        0.4970 
       0.5089        0.5176        0.5387        0.5430        0.5550 
       0.5575        0.5746        0.5933        0.6015        0.6147 
       0.6158        0.6285        0.6476        0.7388        0.7739 
       0.8059        0.8264        0.8479        0.8642        0.8696 
       0.9016        0.9388        0.9630        0.9808        1.0236 
       1.0436        1.0589        1.0804        1.0934        1.1196 
       1.1295        1.1417        1.1769        1.1832        1.1984 
       1.2254        1.3019        1.3110        1.3343        1.3661 
       1.3876        1.4125        1.4352        1.4494        1.4685 
       1.5051        1.5676        1.5889        1.6405        1.8048 
       1.8538        1.9091        1.9154        1.9310        1.9757 
       1.9774        1.9966        2.0023        2.0395        2.0628 
       2.0730        2.1495        2.1769        2.2070        2.3047 
       2.3133        2.3697        2.3770        2.4099        2.4240 
       2.4310        2.5137        2.6000        2.6564        2.7052 
       2.7485        2.7856        2.8173        2.8406        2.8603 
       2.9131        2.9351        2.9767        3.3017        3.4902 
       3.5044        3.5185        3.5309        3.5510        3.5628 
       3.5764        3.5888        3.6083        3.6300        3.6568 
       3.7751        3.8721        3.8760        3.9418        4.0349 
       4.0662        4.1737        4.2523        4.4010 
HOMO-LUMO gap is   12.95 eV. Energies of lowest lying orbitals:
     -20.8574*     -20.8566*     -20.8563*     -20.8526*      -1.7061*
      -1.6529*      -1.6402*      -1.6010*      -0.8397*      -0.7903*
      -0.7794*      -0.7656*      -0.6730*      -0.6118*      -0.5951*
      -0.5586*      -0.5214*      -0.5146*      -0.5071*      -0.5003*
      -0.0245        0.0070        0.0151        0.0523        0.0576 

 ******* Iteration    1 ********
Forming density fitted Coulomb matrix ... done (0.80 s)
Forming density fitted exchange matrix ... done (0.44 s)
ADIIS weights
 1.00e+00 

Solving SCF equations ... done (0.00 s)

Total energy                  : -3.0397467654481613e+02
DIIS error                    :  1.681387e-01
Energy change                 : -3.039747e+02
Max total density change      :  1.924906e-01
Max rms   density change      :  5.620875e-03
Dipole mu = ( 0.31253998, -0.99621662,  6.42070589) D

Iteration took 1.24 s.

 ******* Iteration    2 ********
Forming density fitted Coulomb matrix ... done (0.80 s)
Forming density fitted exchange matrix ... done (0.44 s)
ADIIS weights
 1.51e-02  9.85e-01 

Solving SCF equations ... done (0.00 s)

Total energy                  : -3.0409229748683316e+02
DIIS error                    :  1.266752e-01
Energy change                 : -1.176209e-01
Max total density change      :  1.329313e-01
Max rms   density change      :  3.099099e-03
Dipole mu = ( 0.00529448, -0.88353723,  7.11234728) D

Iteration took 1.24 s.

 ******* Iteration    3 ********
Forming density fitted Coulomb matrix ... done (0.79 s)
Forming density fitted exchange matrix ... done (0.44 s)
ADIIS weights
 8.89e-19  1.65e-01  8.35e-01 
CDIIS weights
-5.67e-02  3.48e-01  7.09e-01 
 DIIS weights
-1.24e-02  2.05e-01  8.07e-01 

Solving SCF equations ... done (0.00 s)

Total energy                  : -3.0412606267371240e+02
DIIS error                    :  8.032418e-02
Energy change                 : -3.376519e-02
Max total density change      :  6.826930e-02
Max rms   density change      :  1.559110e-03
Dipole mu = ( 0.13585308, -0.91505875,  6.70593232) D

Iteration took 1.24 s.

 ******* Iteration    4 ********
Forming density fitted Coulomb matrix ... done (0.82 s)
Forming density fitted exchange matrix ... done (0.44 s)
ADIIS weights
 1.29e-14  9.71e-14  1.51e-13  1.00e+00 
CDIIS weights
-1.55e-02 -8.24e-02  1.66e-01  9.32e-01 
 DIIS weights
-1.30e-02 -6.93e-02  1.39e-01  9.43e-01 

Solving SCF equations ... done (0.00 s)

Total energy                  : -3.0414360658985635e+02
DIIS error                    :  2.435782e-02
Energy change                 : -1.754392e-02
Max total density change      :  1.763863e-02
Max rms   density change      :  3.674409e-04
Dipole mu = ( 0.09495723, -0.90113341,  6.76774330) D

Iteration took 1.26 s.

 ******* Iteration    5 ********
Forming density fitted Coulomb matrix ... done (0.80 s)
Forming density fitted exchange matrix ... done (0.45 s)
CDIIS weights
-8.31e-04 -3.49e-02 -1.62e-02  2.22e-01  8.30e-01 

Solving SCF equations ... done (0.00 s)

Total energy                  : -3.0414513815502505e+02
DIIS error                    :  3.323501e-03
Energy change                 : -1.531565e-03
Max total density change      :  2.491997e-03
Max rms   density change      :  4.651044e-05
Dipole mu = ( 0.10110763, -0.90272734,  6.75423978) D

Iteration took 1.26 s.

 ******* Iteration    6 ********
Forming density fitted Coulomb matrix ... done (0.81 s)
Forming density fitted exchange matrix ... done (0.44 s)
CDIIS weights
 1.98e-03  8.46e-03 -2.83e-02 -1.24e-01  1.03e-01  1.04e+00 

Solving SCF equations ... done (0.00 s)

Total energy                  : -3.0414516251194669e+02
DIIS error                    :  4.661986e-04
Energy change                 : -2.435692e-05
Max total density change      :  4.219251e-04
Max rms   density change      :  1.252976e-05
Dipole mu = ( 0.09981692, -0.90224377,  6.75121888) D

Iteration took 1.25 s.

 ******* Iteration    7 ********
Forming density fitted Coulomb matrix ... done (0.80 s)
Forming density fitted exchange matrix ... done (0.45 s)
CDIIS weights
-3.35e-04 -4.46e-04  5.95e-03  1.50e-02 -5.77e-02 -2.01e-01  1.24e+00 

Solving SCF equations ... done (0.00 s)

Total energy                  : -3.0414516385466078e+02
DIIS error                    :  6.831367e-05
Energy change                 : -1.342714e-06
Max total density change      :  8.290888e-05
Max rms   density change      :  2.587196e-06
Dipole mu = ( 0.09991032, -0.90240559,  6.75064425) D

Iteration took 1.26 s.

 ******* Iteration    8 ********
Forming density fitted Coulomb matrix ... done (0.80 s)
Forming density fitted exchange matrix ... done (0.44 s)
CDIIS weights
-9.72e-05 -3.89e-04  1.59e-03  6.39e-03 -8.43e-03 -6.01e-02  8.27e-02  9.78e-01 

Solving SCF equations ... done (0.00 s)

Total energy                  : -3.0414516390939184e+02
DIIS error                    :  1.851137e-05
Energy change                 : -5.473106e-08
Max total density change      :  2.289609e-05
Max rms   density change      :  4.771842e-07
Dipole mu = ( 0.09994248, -0.90240439,  6.75054735) D

Iteration took 1.25 s.

 ******* Iteration    9 ********
Forming density fitted Coulomb matrix ... done (0.83 s)
Forming density fitted exchange matrix ... done (0.44 s)
CDIIS weights
 5.90e-06 -7.30e-05 -2.08e-04  2.53e-04  4.39e-03  5.73e-03 -1.10e-01  2.37e-01  8.63e-01 

Solving SCF equations ... done (0.00 s)

Total energy                  : -3.0414516391182235e+02
DIIS error                    :  8.679893e-06
Energy change                 : -2.430511e-09
Max total density change      :  8.313730e-06
Max rms   density change      :  1.718173e-07
Dipole mu = ( 0.09991660, -0.90240316,  6.75053218) D

Iteration took 1.28 s.

 ******* Iteration   10 ********
Forming density fitted Coulomb matrix ... done (0.80 s)
Forming density fitted exchange matrix ... done (0.44 s)
CDIIS weights
 1.15e-05  4.10e-05 -1.78e-04 -6.80e-04  9.34e-04  6.16e-03 -7.71e-03 -1.01e-01  1.23e-02  1.09e+00 

Solving SCF equations ... done (0.00 s)

Total energy                  : -3.0414516391222355e+02
DIIS error                    :  1.654920e-06
Energy change                 : -4.012009e-10
Max total density change      :  1.685349e-06
Max rms   density change      :  5.299199e-08
Dipole mu = ( 0.09991971, -0.90240556,  6.75052877) D

Iteration took 1.25 s.

 ******* Iteration   11 ********
Forming density fitted Coulomb matrix ... done (0.81 s)
Forming density fitted exchange matrix ... done (0.44 s)
CDIIS weights
-4.11e-07  1.39e-05  2.68e-05 -2.18e-04 -6.22e-04  4.06e-03  7.18e-03 -3.26e-02 -2.20e-01  1.24e+00 

Solving SCF equations ... done (0.00 s)

Total energy                  : -3.0414516391154257e+02
DIIS error                    :  3.134736e-07
Energy change                 :  6.809842e-10
Max total density change      :  5.807199e-07
Max rms   density change      :  1.493803e-08
Dipole mu = ( 0.09991840, -0.90240451,  6.75052786) D

Iteration took 1.26 s.

 ******* Convergence achieved ********
Solution of RHF took 13.78 s.

Kinetic               energy:  3.0327824838296453e+02
Nuclear attraction    energy: -9.7965887107629624e+02
Total one-electron    energy: -6.7638062269333182e+02
Nuclear repulsion     energy:  1.2862784408961625e+02
Coulomb               energy:  2.7925041088187265e+02
Exchange              energy: -3.5642796189699638e+01
-----------------------------------------------------
                Total energy: -3.0414516391154257e+02
               Virial factor:  1.0028584823778175e+00

Dipole mu = ( 0.09991840, -0.90240451,  6.75052786) D

HOMO-LUMO gap is   12.51 eV. Orbital energies:
     -20.6139*     -20.6134*     -20.5161*     -20.5137*      -1.3748*
      -1.3710*      -1.2858*      -1.2658*      -0.7525*      -0.7399*
      -0.6933*      -0.6535*      -0.6253*      -0.5769*      -0.5454*
      -0.5393*      -0.5236*      -0.4842*      -0.4538*      -0.4405*
       0.0194        0.0320        0.0531        0.0558        0.0658 
       0.0975        0.1043        0.1163        0.1670        0.1737 
       0.1895        0.1905        0.2162        0.2194        0.2229 
       0.2432        0.2506        0.2569        0.2604        0.2674 
       0.2830        0.2876        0.3015        0.3119        0.3290 
       0.3368        0.3530        0.3644        0.3805        0.4011 
       0.4121        0.4483        0.4548        0.4626        0.4828 
       0.4860        0.4978        0.5099        0.5222        0.5350 
       0.5431        0.5611        0.5780        0.5931        0.6085 
       0.6249        0.6415        0.6416        0.6472        0.6528 
       0.6615        0.6931        0.7098        0.8214        0.8366 
       0.8636        0.8758        0.9021        0.9161        0.9361 
       0.9838        1.0208        1.0399        1.0952        1.1146 
       1.1480        1.1696        1.1749        1.1795        1.2049 
       1.2380        1.2417        1.2600        1.2897        1.2997 
       1.3474        1.3758        1.3891        1.4484        1.4852 
       1.5241        1.5485        1.5592        1.5626        1.5805 
       1.6568        1.6849        1.7500        1.7950        1.9227 
       1.9483        1.9800        2.0049        2.0289        2.0442 
       2.0688        2.0771        2.0855        2.0905        2.1263 
       2.1448        2.2287        2.2866        2.3051        2.3782 
       2.3880        2.4425        2.4825        2.5153        2.5231 
       2.5393        2.5924        2.6970        2.7732        2.8018 
       2.8350        2.8608        2.9410        2.9532        3.0169 
       3.0628        3.0920        3.1387        3.4481        3.6596 
       3.6893        3.7155        3.7371        3.7451        3.7546 
       3.7668        3.7939        3.8108        3.8274        3.8502 
       4.0006        4.0121        4.0154        4.1607        4.1908 
       4.2078        4.3836        4.4704        4.6033 

Mulliken charges
   1 O           -0.652417
   2 H            0.393311
   3 H            0.374855
   4 O           -0.580572
   5 H            0.249777
   6 H            0.221792
   7 O           -0.462012
   8 H            0.345628
   9 H            0.165409
  10 O           -0.524836
  11 H            0.236611
  12 H            0.232454
Sum of Mulliken charges -2.264855e-14

Electron density at nuclei
   1 O          297.043712
   2 H            0.326416
   3 H            0.322346
   4 O          297.173913
   5 H            0.336000
   6 H            0.335166
   7 O          297.143461
   8 H            0.315151
   9 H            0.346102
  10 O          297.140744
  11 H            0.339804
  12 H            0.333248

Running program took 15.31 s.
Current time is Sat 17 Nov 2018 21:47:16.
