ERKALE - HF/DFT from Hel, OpenMP version, running on 4 cores.
(c) Susi Lehtola, 2010-2016.

This program is free software; you can redistribute it and/or modify
it under the terms of the GNU General Public License as published by
the Free Software Foundation; either version 2 of the License, or
(at your option) any later version.

At svn revision 1938.

Running on host dx7-lehtola.chem.helsinki.fi.

Basis set aug-cc-pVDZ found in file aug-cc-pVDZ.gbs in /home/work/erkale/source/erkale.sap/basis/.

Current Settings used by ERKALE:
     AtomGuess      	                Auto	Method used for atomic guess (Auto for same as method)
     Basis          	         aug-cc-pVDZ	Basis set used in calculation
     BasisCutoff    	           1.000e-08	Cutoff for dropping out small primitives from contraction
     BasisOrth      	                Auto	Method of orthonormalization of basis set
     BasisRotate    	               false	Rotate basis set to remove redundant functions?
     C1-DIIS        	               false	Use older version of DIIS (C1-DIIS instead of C2-DIIS)?
     Charge         	                   0	Total charge of system
     Cholesky       	                true	Use Cholesky decomposition?
     CholeskyMode   	                   0	Save/load integrals? 0 no, 1 save, -1 load
     CholeskyNAFThr 	           0.000e+00	Cholesky natural auxiliary function threshold
     CholeskyShThr  	           1.000e-02	Cholesky cache threshold
     CholeskyThr    	           1.000e-07	Cholesky decomposition threshold
     ConvThr        	           1.000e-06	Orbital gradient convergence threshold
     DIISEps        	           1.000e-01	Start mixing in DIIS when error is
     DIISOrder      	                  10	How many DIIS iterations to keep in memory?
     DIISThr        	           1.000e-02	DIIS error threshold for DIIS updates
     DecFock        	               false	Use decontracted basis to calculate Fock matrix (direct HF)
     Decontract     	                    	Indices of atoms to decontract basis set for
     DensityFitting 	               false	Use density fitting / RI?
     DimerSymmetry  	               false	Do special calculation on dimer along z axis
     Direct         	               false	Calculate two-electron integrals (or density fitting) on-the-fly?
     EField         	         0.0 0.0 0.0	Electric field
     FittingBasis   	                Auto	Basis to use for density fitting / RI (Auto for automatic)
     FittingMemory  	                1000	Amount of memory in MB to use for exchange fitting
     FittingThreshold	           1.000e-08	Linear dependence threshold for Coulomb integrals in density fitting
     ForcePol       	               false	Force polarized calculation
     Guess          	              Atomic	Used guess: SAD (default), NO, core, or GWH
     InputBohr      	               false	Use atomic units as input units instead of angstrom?
     IntegralThresh 	           1.000e-14	Integral screening threshold
     LoadChk        	                    	File to load old results from
     Logfile        	water_cluster_cholesky.log	File to print out full information, stdout for screen
     MaxIter        	                 100	Maximum number of iterations in SCF cycle
     Method         	                  HF	Method used in calculation (HF or a DFT functional)
     Multiplicity   	                   1	Spin multiplicity
     Occupancies    	                    	Orbital occupancies
     OptLM          	                true	If spherical harmonics used, use cartesian s and p functions?
     SaveChk        	water_cluster_cholesky.chk	File to use as checkpoint
     Shift          	           0.000e+00	Level shift to use in Hartree
     StrictIntegrals	               false	Use strict integrals?
     System         	   water_cluster.xyz	System as an xyz file
     UseADIIS       	                true	Use ADIIS for Fock matrix interpolation?
     UseBroyden     	               false	Use Broyden mixing of Fock matrices?
     UseDIIS        	                true	Use Pulay's Direct Inversion in the Iterative Subspace?
     UseLM          	                true	Use a spherical harmonics basis set by default?
     UseTRRH        	               false	Use Trust-Region Roothaan-Hall?
     Verbose        	                true	Verbose calculation?

Performing HF guess for atoms:
O : 1 4 7 10 (0.58 s)
H : 2 3 5 6 8 9 11 12 (0.01 s)
Atomic guess formed in 0.59 s.

There are 76 shells and 12 nuclei in the basis set.

List of nuclei, geometry in Ångström with three decimal places:
		 Z	    x	    y	    z
1	O	 8	  1.300	 -0.680	 -0.110
2	H	 1	  0.890	 -1.420	  0.420
3	H	 1	  1.940	 -0.170	  0.470
4	O	 8	  0.270	 -2.660	  1.170
5	H	 1	  0.080	 -3.620	  1.380
6	H	 1	 -0.060	 -2.080	  1.920
7	O	 8	  1.300	 -0.410	 -2.910
8	H	 1	  1.200	 -0.560	 -1.920
9	H	 1	  0.440	 -0.050	 -3.270
10	O	 8	  2.970	  0.350	  1.710
11	H	 1	  3.460	  1.190	  1.500
12	H	 1	  3.590	 -0.300	  2.160

Interatomic distance matrix:
          1O    2H    3H    4O    5H    6H    7O    8H    9H   10O   11H 
   2H  0.998
   3H  1.003 1.633
   4O  2.573 1.576 3.079
   5H  3.515 2.533 4.024 1.001
   6H  2.816 1.894 3.123 1.004 1.638
   7O  2.813 3.504 3.448 4.772 5.495 5.288
   8H  1.817 2.512 2.532 3.850 4.638 4.318 1.006
   9H  3.335 3.962 4.031 5.153 5.873 5.595 0.999 1.631
  10O  2.676 3.020 1.694 4.079 4.922 3.890 4.971 4.140 5.600
  11H  3.279 3.819 2.285 5.011 5.880 4.823 5.165 4.457 5.780 0.995
  12H  3.247 3.402 2.365 4.192 4.894 4.068 5.564 4.736 6.283 1.005 1.635

List of basis functions:
Shell    1	S cart shell at nucleus   1 with with basis functions    1-1   
Shell    2	S cart shell at nucleus   1 with with basis functions    2-2   
Shell    3	S cart shell at nucleus   1 with with basis functions    3-3   
Shell    4	S cart shell at nucleus   1 with with basis functions    4-4   
Shell    5	P cart shell at nucleus   1 with with basis functions    5-7   
Shell    6	P cart shell at nucleus   1 with with basis functions    8-10  
Shell    7	P cart shell at nucleus   1 with with basis functions   11-13  
Shell    8	D  sph shell at nucleus   1 with with basis functions   14-18  
Shell    9	D  sph shell at nucleus   1 with with basis functions   19-23  
Shell   10	S cart shell at nucleus   2 with with basis functions   24-24  
Shell   11	S cart shell at nucleus   2 with with basis functions   25-25  
Shell   12	S cart shell at nucleus   2 with with basis functions   26-26  
Shell   13	P cart shell at nucleus   2 with with basis functions   27-29  
Shell   14	P cart shell at nucleus   2 with with basis functions   30-32  
Shell   15	S cart shell at nucleus   3 with with basis functions   33-33  
Shell   16	S cart shell at nucleus   3 with with basis functions   34-34  
Shell   17	S cart shell at nucleus   3 with with basis functions   35-35  
Shell   18	P cart shell at nucleus   3 with with basis functions   36-38  
Shell   19	P cart shell at nucleus   3 with with basis functions   39-41  
Shell   20	S cart shell at nucleus   4 with with basis functions   42-42  
Shell   21	S cart shell at nucleus   4 with with basis functions   43-43  
Shell   22	S cart shell at nucleus   4 with with basis functions   44-44  
Shell   23	S cart shell at nucleus   4 with with basis functions   45-45  
Shell   24	P cart shell at nucleus   4 with with basis functions   46-48  
Shell   25	P cart shell at nucleus   4 with with basis functions   49-51  
Shell   26	P cart shell at nucleus   4 with with basis functions   52-54  
Shell   27	D  sph shell at nucleus   4 with with basis functions   55-59  
Shell   28	D  sph shell at nucleus   4 with with basis functions   60-64  
Shell   29	S cart shell at nucleus   5 with with basis functions   65-65  
Shell   30	S cart shell at nucleus   5 with with basis functions   66-66  
Shell   31	S cart shell at nucleus   5 with with basis functions   67-67  
Shell   32	P cart shell at nucleus   5 with with basis functions   68-70  
Shell   33	P cart shell at nucleus   5 with with basis functions   71-73  
Shell   34	S cart shell at nucleus   6 with with basis functions   74-74  
Shell   35	S cart shell at nucleus   6 with with basis functions   75-75  
Shell   36	S cart shell at nucleus   6 with with basis functions   76-76  
Shell   37	P cart shell at nucleus   6 with with basis functions   77-79  
Shell   38	P cart shell at nucleus   6 with with basis functions   80-82  
Shell   39	S cart shell at nucleus   7 with with basis functions   83-83  
Shell   40	S cart shell at nucleus   7 with with basis functions   84-84  
Shell   41	S cart shell at nucleus   7 with with basis functions   85-85  
Shell   42	S cart shell at nucleus   7 with with basis functions   86-86  
Shell   43	P cart shell at nucleus   7 with with basis functions   87-89  
Shell   44	P cart shell at nucleus   7 with with basis functions   90-92  
Shell   45	P cart shell at nucleus   7 with with basis functions   93-95  
Shell   46	D  sph shell at nucleus   7 with with basis functions   96-100 
Shell   47	D  sph shell at nucleus   7 with with basis functions  101-105 
Shell   48	S cart shell at nucleus   8 with with basis functions  106-106 
Shell   49	S cart shell at nucleus   8 with with basis functions  107-107 
Shell   50	S cart shell at nucleus   8 with with basis functions  108-108 
Shell   51	P cart shell at nucleus   8 with with basis functions  109-111 
Shell   52	P cart shell at nucleus   8 with with basis functions  112-114 
Shell   53	S cart shell at nucleus   9 with with basis functions  115-115 
Shell   54	S cart shell at nucleus   9 with with basis functions  116-116 
Shell   55	S cart shell at nucleus   9 with with basis functions  117-117 
Shell   56	P cart shell at nucleus   9 with with basis functions  118-120 
Shell   57	P cart shell at nucleus   9 with with basis functions  121-123 
Shell   58	S cart shell at nucleus  10 with with basis functions  124-124 
Shell   59	S cart shell at nucleus  10 with with basis functions  125-125 
Shell   60	S cart shell at nucleus  10 with with basis functions  126-126 
Shell   61	S cart shell at nucleus  10 with with basis functions  127-127 
Shell   62	P cart shell at nucleus  10 with with basis functions  128-130 
Shell   63	P cart shell at nucleus  10 with with basis functions  131-133 
Shell   64	P cart shell at nucleus  10 with with basis functions  134-136 
Shell   65	D  sph shell at nucleus  10 with with basis functions  137-141 
Shell   66	D  sph shell at nucleus  10 with with basis functions  142-146 
Shell   67	S cart shell at nucleus  11 with with basis functions  147-147 
Shell   68	S cart shell at nucleus  11 with with basis functions  148-148 
Shell   69	S cart shell at nucleus  11 with with basis functions  149-149 
Shell   70	P cart shell at nucleus  11 with with basis functions  150-152 
Shell   71	P cart shell at nucleus  11 with with basis functions  153-155 
Shell   72	S cart shell at nucleus  12 with with basis functions  156-156 
Shell   73	S cart shell at nucleus  12 with with basis functions  157-157 
Shell   74	S cart shell at nucleus  12 with with basis functions  158-158 
Shell   75	P cart shell at nucleus  12 with with basis functions  159-161 
Shell   76	P cart shell at nucleus  12 with with basis functions  162-164 

Basis set contains 164 functions, maximum angular momentum is 2.
Spherical harmonic Gaussians are used by default, there are 172 cartesians.

Forming overlap matrix ... done (0.01 s)
Forming kinetic energy matrix ... done (0.01 s)
Forming nuclear attraction matrix ... done (0.02 s)

Smallest eigenvalue of overlap matrix is 1.20e-03, ratio to largest is 1.10e-04.
Using symmetric orthogonalization.
Basis set diagonalized in 0.02 s.

Computing repulsion integrals.
Screening by shell pairs and symmetry reduced dofs by factor 2.02.
Individual screening reduced dofs by a total factor 2.02.
Computing Cholesky vectors. Estimated memory size is 49 Mi - 166 Mi.
Cholesky vectors no     0 -     0 computed, error is 4.734115e+00 (0.00 s).
Cholesky vectors no     1 -     1 computed, error is 4.731279e+00 (0.04 s).
Cholesky vectors no     2 -     2 computed, error is 4.727434e+00 (0.02 s).
Cholesky vectors no     3 -     3 computed, error is 7.300360e-01 (0.00 s).
Cholesky vectors no     4 -     9 computed, error is 7.223565e-01 (0.00 s).
Cholesky vectors no    10 -    15 computed, error is 7.149495e-01 (0.00 s).
Cholesky vectors no    16 -    21 computed, error is 6.509312e-01 (0.00 s).
Cholesky vectors no    22 -    27 computed, error is 6.100922e-01 (0.00 s).
Cholesky vectors no    28 -    33 computed, error is 5.886964e-01 (0.00 s).
Cholesky vectors no    34 -    39 computed, error is 5.754650e-01 (0.00 s).
Cholesky vectors no    40 -    45 computed, error is 5.555992e-01 (0.00 s).
Cholesky vectors no    46 -    51 computed, error is 3.078379e-01 (0.00 s).
Cholesky vectors no    52 -    66 computed, error is 2.966456e-01 (0.01 s).
Cholesky vectors no    67 -    81 computed, error is 2.880793e-01 (0.01 s).
Cholesky vectors no    82 -    96 computed, error is 2.641270e-01 (0.01 s).
Cholesky vectors no    97 -   111 computed, error is 1.200749e-01 (0.03 s).
Cholesky vectors no   112 -   114 computed, error is 1.186614e-01 (0.01 s).
Cholesky vectors no   115 -   124 computed, error is 1.177275e-01 (0.06 s).
Cholesky vectors no   125 -   127 computed, error is 1.042810e-01 (0.00 s).
Cholesky vectors no   128 -   130 computed, error is 9.718942e-02 (0.01 s).
Cholesky vectors no   131 -   136 computed, error is 9.498106e-02 (0.03 s).
Cholesky vectors no   137 -   142 computed, error is 9.010328e-02 (0.04 s).
Cholesky vectors no   143 -   145 computed, error is 8.851663e-02 (0.01 s).
Cholesky vectors no   146 -   151 computed, error is 8.578134e-02 (0.04 s).
Cholesky vectors no   152 -   154 computed, error is 8.341454e-02 (0.01 s).
Cholesky vectors no   155 -   157 computed, error is 8.003330e-02 (0.01 s).
Cholesky vectors no   158 -   160 computed, error is 7.944636e-02 (0.01 s).
Cholesky vectors no   161 -   163 computed, error is 7.587596e-02 (0.01 s).
Cholesky vectors no   164 -   166 computed, error is 7.341770e-02 (0.01 s).
Cholesky vectors no   167 -   169 computed, error is 6.631429e-02 (0.01 s).
Cholesky vectors no   170 -   175 computed, error is 6.142415e-02 (0.03 s).
Cholesky vectors no   176 -   181 computed, error is 6.138847e-02 (0.02 s).
Cholesky vectors no   182 -   184 computed, error is 6.103130e-02 (0.01 s).
Cholesky vectors no   185 -   190 computed, error is 4.021286e-02 (0.02 s).
Cholesky vectors no   191 -   196 computed, error is 3.784397e-02 (0.02 s).
Cholesky vectors no   197 -   211 computed, error is 3.528521e-02 (0.07 s).
Cholesky vectors no   212 -   226 computed, error is 2.816926e-02 (0.06 s).
Cholesky vectors no   227 -   236 computed, error is 2.599080e-02 (0.03 s).
Cholesky vectors no   237 -   239 computed, error is 2.557932e-02 (0.01 s).
Cholesky vectors no   240 -   249 computed, error is 2.461561e-02 (0.03 s).
Cholesky vectors no   250 -   259 computed, error is 2.364034e-02 (0.06 s).
Cholesky vectors no   260 -   262 computed, error is 2.348840e-02 (0.02 s).
Cholesky vectors no   263 -   277 computed, error is 2.287727e-02 (0.09 s).
Cholesky vectors no   278 -   283 computed, error is 2.273455e-02 (0.04 s).
Cholesky vectors no   284 -   289 computed, error is 2.267781e-02 (0.16 s).
Cholesky vectors no   290 -   295 computed, error is 2.252145e-02 (0.16 s).
Cholesky vectors no   296 -   301 computed, error is 2.168109e-02 (0.14 s).
Cholesky vectors no   302 -   304 computed, error is 2.164801e-02 (0.04 s).
Cholesky vectors no   305 -   307 computed, error is 2.004490e-02 (0.04 s).
Cholesky vectors no   308 -   317 computed, error is 1.966850e-02 (0.07 s).
Cholesky vectors no   318 -   332 computed, error is 1.812302e-02 (0.26 s).
Cholesky vectors no   333 -   338 computed, error is 1.417920e-02 (0.04 s).
Cholesky vectors no   339 -   341 computed, error is 1.304571e-02 (0.03 s).
Cholesky vectors no   342 -   347 computed, error is 1.116644e-02 (0.04 s).
Cholesky vectors no   348 -   357 computed, error is 9.992735e-03 (0.08 s).
Cholesky vectors no   358 -   367 computed, error is 8.786891e-03 (0.06 s).
Cholesky vectors no   368 -   368 computed, error is 8.538737e-03 (0.01 s).
Cholesky vectors no   369 -   369 computed, error is 7.891918e-03 (0.02 s).
Cholesky vectors no   370 -   370 computed, error is 7.254715e-03 (0.01 s).
Cholesky vectors no   371 -   371 computed, error is 7.010251e-03 (0.01 s).
Cholesky vectors no   372 -   374 computed, error is 6.815587e-03 (0.02 s).
Cholesky vectors no   375 -   384 computed, error is 5.034882e-03 (0.08 s).
Cholesky vectors no   385 -   390 computed, error is 3.864050e-03 (0.05 s).
Cholesky vectors no   391 -   396 computed, error is 2.799261e-03 (0.08 s).
Cholesky vectors no   397 -   397 computed, error is 2.403429e-03 (0.01 s).
Cholesky vectors no   398 -   403 computed, error is 2.167488e-03 (0.10 s).
Cholesky vectors no   404 -   404 computed, error is 2.154735e-03 (0.02 s).
Cholesky vectors no   405 -   405 computed, error is 2.151533e-03 (0.01 s).
Cholesky vectors no   406 -   406 computed, error is 2.133151e-03 (0.02 s).
Cholesky vectors no   407 -   407 computed, error is 1.923964e-03 (0.02 s).
Cholesky vectors no   408 -   410 computed, error is 1.163307e-03 (0.03 s).
Cholesky vectors no   411 -   413 computed, error is 1.150592e-03 (0.03 s).
Cholesky vectors no   414 -   428 computed, error is 1.125563e-03 (0.13 s).
Cholesky vectors no   429 -   443 computed, error is 1.107452e-03 (0.21 s).
Cholesky vectors no   444 -   457 computed, error is 1.061193e-03 (0.19 s).
Cholesky vectors no   458 -   472 computed, error is 9.536758e-04 (0.21 s).
Cholesky vectors no   473 -   478 computed, error is 9.505879e-04 (0.09 s).
Cholesky vectors no   479 -   484 computed, error is 8.944750e-04 (0.09 s).
Cholesky vectors no   485 -   490 computed, error is 8.533122e-04 (0.09 s).
Cholesky vectors no   491 -   496 computed, error is 8.447186e-04 (0.08 s).
Cholesky vectors no   497 -   511 computed, error is 8.123908e-04 (0.25 s).
Cholesky vectors no   512 -   521 computed, error is 7.866130e-04 (0.15 s).
Cholesky vectors no   522 -   527 computed, error is 7.819813e-04 (0.08 s).
Cholesky vectors no   528 -   541 computed, error is 7.231060e-04 (0.28 s).
Cholesky vectors no   542 -   544 computed, error is 6.750698e-04 (0.06 s).
Cholesky vectors no   545 -   554 computed, error is 6.474972e-04 (0.15 s).
Cholesky vectors no   555 -   564 computed, error is 6.186517e-04 (0.19 s).
Cholesky vectors no   565 -   574 computed, error is 5.745329e-04 (0.18 s).
Cholesky vectors no   575 -   580 computed, error is 5.520708e-04 (0.09 s).
Cholesky vectors no   581 -   583 computed, error is 5.467470e-04 (0.03 s).
Cholesky vectors no   584 -   586 computed, error is 5.173440e-04 (0.03 s).
Cholesky vectors no   587 -   592 computed, error is 5.040404e-04 (0.05 s).
Cholesky vectors no   593 -   593 computed, error is 4.816238e-04 (0.02 s).
Cholesky vectors no   594 -   607 computed, error is 4.459698e-04 (0.24 s).
Cholesky vectors no   608 -   608 computed, error is 4.125388e-04 (0.01 s).
Cholesky vectors no   609 -   622 computed, error is 4.019013e-04 (0.17 s).
Cholesky vectors no   623 -   625 computed, error is 4.012522e-04 (0.04 s).
Cholesky vectors no   626 -   628 computed, error is 3.933943e-04 (0.05 s).
Cholesky vectors no   629 -   631 computed, error is 3.580358e-04 (0.06 s).
Cholesky vectors no   632 -   632 computed, error is 3.558972e-04 (0.01 s).
Cholesky vectors no   633 -   633 computed, error is 3.359814e-04 (0.03 s).
Cholesky vectors no   634 -   636 computed, error is 3.208771e-04 (0.05 s).
Cholesky vectors no   637 -   650 computed, error is 2.933793e-04 (0.20 s).
Cholesky vectors no   651 -   664 computed, error is 2.800304e-04 (0.22 s).
Cholesky vectors no   665 -   678 computed, error is 2.536155e-04 (0.15 s).
Cholesky vectors no   679 -   692 computed, error is 2.463030e-04 (0.21 s).
Cholesky vectors no   693 -   695 computed, error is 2.438971e-04 (0.04 s).
Cholesky vectors no   696 -   709 computed, error is 2.155850e-04 (0.28 s).
Cholesky vectors no   710 -   715 computed, error is 2.056453e-04 (0.06 s).
Cholesky vectors no   716 -   729 computed, error is 1.956161e-04 (0.25 s).
Cholesky vectors no   730 -   743 computed, error is 1.945452e-04 (0.36 s).
Cholesky vectors no   744 -   753 computed, error is 1.839052e-04 (0.27 s).
Cholesky vectors no   754 -   767 computed, error is 1.528963e-04 (0.34 s).
Cholesky vectors no   768 -   777 computed, error is 1.341238e-04 (0.16 s).
Cholesky vectors no   778 -   791 computed, error is 1.288976e-04 (0.23 s).
Cholesky vectors no   792 -   805 computed, error is 1.178269e-04 (0.31 s).
Cholesky vectors no   806 -   819 computed, error is 1.137847e-04 (0.18 s).
Cholesky vectors no   820 -   833 computed, error is 1.009940e-04 (0.29 s).
Cholesky vectors no   834 -   834 computed, error is 9.842300e-05 (0.01 s).
Cholesky vectors no   835 -   835 computed, error is 9.650767e-05 (0.02 s).
Cholesky vectors no   836 -   836 computed, error is 9.198193e-05 (0.03 s).
Cholesky vectors no   837 -   839 computed, error is 8.966473e-05 (0.05 s).
Cholesky vectors no   840 -   849 computed, error is 8.010347e-05 (0.18 s).
Cholesky vectors no   850 -   850 computed, error is 7.966156e-05 (0.02 s).
Cholesky vectors no   851 -   855 computed, error is 7.648368e-05 (0.07 s).
Cholesky vectors no   856 -   860 computed, error is 7.281245e-05 (0.07 s).
Cholesky vectors no   861 -   865 computed, error is 7.112152e-05 (0.08 s).
Cholesky vectors no   866 -   870 computed, error is 6.693332e-05 (0.10 s).
Cholesky vectors no   871 -   880 computed, error is 6.411400e-05 (0.15 s).
Cholesky vectors no   881 -   883 computed, error is 6.318380e-05 (0.04 s).
Cholesky vectors no   884 -   891 computed, error is 5.262095e-05 (0.15 s).
Cholesky vectors no   892 -   892 computed, error is 5.245486e-05 (0.02 s).
Cholesky vectors no   893 -   906 computed, error is 4.894952e-05 (0.29 s).
Cholesky vectors no   907 -   909 computed, error is 4.725481e-05 (0.04 s).
Cholesky vectors no   910 -   917 computed, error is 4.603628e-05 (0.12 s).
Cholesky vectors no   918 -   925 computed, error is 4.507378e-05 (0.13 s).
Cholesky vectors no   926 -   928 computed, error is 4.459118e-05 (0.06 s).
Cholesky vectors no   929 -   942 computed, error is 4.080007e-05 (0.21 s).
Cholesky vectors no   943 -   956 computed, error is 3.503673e-05 (0.21 s).
Cholesky vectors no   957 -   959 computed, error is 3.073318e-05 (0.06 s).
Cholesky vectors no   960 -   960 computed, error is 2.876750e-05 (0.02 s).
Cholesky vectors no   961 -   963 computed, error is 2.780556e-05 (0.06 s).
Cholesky vectors no   964 -   966 computed, error is 2.626277e-05 (0.07 s).
Cholesky vectors no   967 -   973 computed, error is 2.440223e-05 (0.11 s).
Cholesky vectors no   974 -   974 computed, error is 1.939324e-05 (0.02 s).
Cholesky vectors no   975 -   981 computed, error is 1.907823e-05 (0.25 s).
Cholesky vectors no   982 -   989 computed, error is 1.760692e-05 (0.13 s).
Cholesky vectors no   990 -  1002 computed, error is 1.523455e-05 (0.30 s).
Cholesky vectors no  1003 -  1015 computed, error is 1.335617e-05 (0.30 s).
Cholesky vectors no  1016 -  1028 computed, error is 1.330751e-05 (0.26 s).
Cholesky vectors no  1029 -  1036 computed, error is 1.243538e-05 (0.15 s).
Cholesky vectors no  1037 -  1050 computed, error is 1.241153e-05 (0.22 s).
Cholesky vectors no  1051 -  1051 computed, error is 1.226366e-05 (0.02 s).
Cholesky vectors no  1052 -  1052 computed, error is 1.119695e-05 (0.02 s).
Cholesky vectors no  1053 -  1053 computed, error is 1.118201e-05 (0.01 s).
Cholesky vectors no  1054 -  1054 computed, error is 1.088968e-05 (0.01 s).
Cholesky vectors no  1055 -  1062 computed, error is 1.045309e-05 (0.20 s).
Cholesky vectors no  1063 -  1073 computed, error is 9.859933e-06 (0.31 s).
Cholesky vectors no  1074 -  1074 computed, error is 9.525297e-06 (0.03 s).
Cholesky vectors no  1075 -  1081 computed, error is 8.473785e-06 (0.12 s).
Cholesky vectors no  1082 -  1094 computed, error is 7.699708e-06 (0.24 s).
Cholesky vectors no  1095 -  1106 computed, error is 7.361067e-06 (0.34 s).
Cholesky vectors no  1107 -  1119 computed, error is 6.190904e-06 (0.22 s).
Cholesky vectors no  1120 -  1127 computed, error is 6.069569e-06 (0.14 s).
Cholesky vectors no  1128 -  1141 computed, error is 5.865294e-06 (0.27 s).
Cholesky vectors no  1142 -  1155 computed, error is 5.392999e-06 (0.23 s).
Cholesky vectors no  1156 -  1156 computed, error is 4.923628e-06 (0.02 s).
Cholesky vectors no  1157 -  1163 computed, error is 4.876086e-06 (0.13 s).
Cholesky vectors no  1164 -  1171 computed, error is 4.181166e-06 (0.23 s).
Cholesky vectors no  1172 -  1172 computed, error is 4.137011e-06 (0.03 s).
Cholesky vectors no  1173 -  1186 computed, error is 3.831246e-06 (0.28 s).
Cholesky vectors no  1187 -  1193 computed, error is 3.618902e-06 (0.10 s).
Cholesky vectors no  1194 -  1201 computed, error is 3.361780e-06 (0.29 s).
Cholesky vectors no  1202 -  1214 computed, error is 3.053854e-06 (0.22 s).
Cholesky vectors no  1215 -  1217 computed, error is 3.040217e-06 (0.07 s).
Cholesky vectors no  1218 -  1225 computed, error is 2.744020e-06 (0.15 s).
Cholesky vectors no  1226 -  1236 computed, error is 2.541392e-06 (0.18 s).
Cholesky vectors no  1237 -  1243 computed, error is 2.301696e-06 (0.12 s).
Cholesky vectors no  1244 -  1251 computed, error is 2.030257e-06 (0.18 s).
Cholesky vectors no  1252 -  1259 computed, error is 1.833162e-06 (0.16 s).
Cholesky vectors no  1260 -  1260 computed, error is 1.805269e-06 (0.03 s).
Cholesky vectors no  1261 -  1267 computed, error is 1.680060e-06 (0.18 s).
Cholesky vectors no  1268 -  1275 computed, error is 1.568833e-06 (0.18 s).
Cholesky vectors no  1276 -  1276 computed, error is 1.422403e-06 (0.03 s).
Cholesky vectors no  1277 -  1279 computed, error is 1.307347e-06 (0.06 s).
Cholesky vectors no  1280 -  1287 computed, error is 1.288505e-06 (0.15 s).
Cholesky vectors no  1288 -  1292 computed, error is 1.274102e-06 (0.09 s).
Cholesky vectors no  1293 -  1297 computed, error is 1.236968e-06 (0.12 s).
Cholesky vectors no  1298 -  1302 computed, error is 1.149215e-06 (0.24 s).
Cholesky vectors no  1303 -  1307 computed, error is 1.086219e-06 (0.12 s).
Cholesky vectors no  1308 -  1308 computed, error is 1.059011e-06 (0.03 s).
Cholesky vectors no  1309 -  1316 computed, error is 9.750918e-07 (0.21 s).
Cholesky vectors no  1317 -  1319 computed, error is 9.368785e-07 (0.08 s).
Cholesky vectors no  1320 -  1332 computed, error is 9.157086e-07 (0.33 s).
Cholesky vectors no  1333 -  1340 computed, error is 8.841411e-07 (0.24 s).
Cholesky vectors no  1341 -  1348 computed, error is 8.168532e-07 (0.22 s).
Cholesky vectors no  1349 -  1353 computed, error is 8.120538e-07 (0.13 s).
Cholesky vectors no  1354 -  1361 computed, error is 7.828223e-07 (0.21 s).
Cholesky vectors no  1362 -  1366 computed, error is 7.749584e-07 (0.13 s).
Cholesky vectors no  1367 -  1371 computed, error is 7.566075e-07 (0.13 s).
Cholesky vectors no  1372 -  1376 computed, error is 7.414261e-07 (0.14 s).
Cholesky vectors no  1377 -  1377 computed, error is 6.954030e-07 (0.03 s).
Cholesky vectors no  1378 -  1380 computed, error is 6.706236e-07 (0.07 s).
Cholesky vectors no  1381 -  1385 computed, error is 6.550053e-07 (0.13 s).
Cholesky vectors no  1386 -  1392 computed, error is 6.157899e-07 (0.18 s).
Cholesky vectors no  1393 -  1393 computed, error is 5.969356e-07 (0.03 s).
Cholesky vectors no  1394 -  1398 computed, error is 5.759501e-07 (0.16 s).
Cholesky vectors no  1399 -  1399 computed, error is 5.630143e-07 (0.02 s).
Cholesky vectors no  1400 -  1404 computed, error is 5.283509e-07 (0.26 s).
Cholesky vectors no  1405 -  1412 computed, error is 5.156108e-07 (0.23 s).
Cholesky vectors no  1413 -  1417 computed, error is 5.137568e-07 (0.14 s).
Cholesky vectors no  1418 -  1420 computed, error is 5.056714e-07 (0.11 s).
Cholesky vectors no  1421 -  1421 computed, error is 4.946691e-07 (0.04 s).
Cholesky vectors no  1422 -  1428 computed, error is 4.767443e-07 (0.20 s).
Cholesky vectors no  1429 -  1433 computed, error is 4.716238e-07 (0.15 s).
Cholesky vectors no  1434 -  1441 computed, error is 4.554125e-07 (0.23 s).
Cholesky vectors no  1442 -  1442 computed, error is 4.302393e-07 (0.03 s).
Cholesky vectors no  1443 -  1445 computed, error is 3.989234e-07 (0.08 s).
Cholesky vectors no  1446 -  1448 computed, error is 3.976483e-07 (0.08 s).
Cholesky vectors no  1449 -  1451 computed, error is 3.942649e-07 (0.08 s).
Cholesky vectors no  1452 -  1452 computed, error is 3.889971e-07 (0.02 s).
Cholesky vectors no  1453 -  1455 computed, error is 3.812165e-07 (0.13 s).
Cholesky vectors no  1456 -  1463 computed, error is 3.633624e-07 (0.24 s).
Cholesky vectors no  1464 -  1479 computed, error is 3.194040e-07 (0.41 s).
Cholesky vectors no  1480 -  1482 computed, error is 2.964445e-07 (0.08 s).
Cholesky vectors no  1483 -  1490 computed, error is 2.816624e-07 (0.19 s).
Cholesky vectors no  1491 -  1495 computed, error is 2.696484e-07 (0.15 s).
Cholesky vectors no  1496 -  1502 computed, error is 2.550954e-07 (0.29 s).
Cholesky vectors no  1503 -  1507 computed, error is 2.452615e-07 (0.13 s).
Cholesky vectors no  1508 -  1512 computed, error is 2.102083e-07 (0.13 s).
Cholesky vectors no  1513 -  1527 computed, error is 2.065903e-07 (0.39 s).
Cholesky vectors no  1528 -  1528 computed, error is 2.027787e-07 (0.03 s).
Cholesky vectors no  1529 -  1537 computed, error is 1.838865e-07 (0.25 s).
Cholesky vectors no  1538 -  1538 computed, error is 1.766678e-07 (0.02 s).
Cholesky vectors no  1539 -  1548 computed, error is 1.706133e-07 (0.25 s).
Cholesky vectors no  1549 -  1549 computed, error is 1.672144e-07 (0.03 s).
Cholesky vectors no  1550 -  1557 computed, error is 1.578370e-07 (0.20 s).
Cholesky vectors no  1558 -  1558 computed, error is 1.511254e-07 (0.02 s).
Cholesky vectors no  1559 -  1561 computed, error is 1.439962e-07 (0.07 s).
Cholesky vectors no  1562 -  1569 computed, error is 1.387272e-07 (0.23 s).
Cholesky vectors no  1570 -  1572 computed, error is 1.356787e-07 (0.07 s).
Cholesky vectors no  1573 -  1582 computed, error is 1.348807e-07 (0.22 s).
Cholesky vectors no  1583 -  1592 computed, error is 1.318210e-07 (0.20 s).
Cholesky vectors no  1593 -  1595 computed, error is 1.305433e-07 (0.04 s).
Cholesky vectors no  1596 -  1602 computed, error is 1.211044e-07 (0.30 s).
Cholesky vectors no  1603 -  1610 computed, error is 1.099387e-07 (0.23 s).
Cholesky vectors no  1611 -  1611 computed, error is 1.083682e-07 (0.02 s).
Cholesky vectors no  1612 -  1618 computed, error is 1.035378e-07 (0.20 s).
Cholesky vectors no  1619 -  1626 computed, error is 1.017320e-07 (0.20 s).
Cholesky vectors no  1627 -  1634 computed, error is 9.704374e-08 (0.21 s).
Cholesky decomposition finished in 35.46 s. Realized memory size is 172 Mi 711 ki.
Time use: integrals 20.8 %, linear algebra 79.2 %.
2911 shell pairs out of 2926 are significant.

Initialization of computation done in 35.93 s.

Forming Cholesky Coulomb matrix ... done (0.02 s)
Forming Cholesky exchange matrix ... done (3.24 s)
Solving SCF equations ... done (0.30 s)

Kinetic               energy:  3.0218562142893251e+02
Nuclear attraction    energy: -9.7078280912409957e+02
Total one-electron    energy: -6.6859718769516758e+02
Nuclear repulsion     energy:  1.2862784408961625e+02
Coulomb               energy:  2.7084055152885708e+02
Exchange              energy: -3.4216552513227931e+01
-----------------------------------------------------
                Total energy: -3.0334534458992221e+02
               Virial factor:  1.0038377840596973e+00

Dipole mu = ( 0.00002805, -0.00001633, -0.00000067) D

HOMO-LUMO gap is    0.52 eV. Orbital energies:
     -20.8574*     -20.8566*     -20.8563*     -20.8526*      -1.7061*
      -1.6529*      -1.6402*      -1.6011*      -0.8397*      -0.7903*
      -0.7794*      -0.7656*      -0.6730*      -0.6119*      -0.5951*
      -0.5586*      -0.5214*      -0.5146*      -0.5071*      -0.5004*
      -0.0245        0.0070        0.0151        0.0523        0.0576 
       0.0694        0.0862        0.0883        0.1218        0.1282 
       0.1369        0.1581        0.1682        0.1786        0.1809 
       0.1865        0.2030        0.2055        0.2143        0.2325 
       0.2391        0.2474        0.2531        0.2676        0.2743 
       0.2981        0.3032        0.3148        0.3340        0.3529 
       0.3590        0.3726        0.3800        0.4015        0.4112 
       0.4344        0.4526        0.4538        0.4951        0.4969 
       0.5088        0.5175        0.5387        0.5429        0.5550 
       0.5574        0.5746        0.5933        0.6015        0.6147 
       0.6158        0.6285        0.6475        0.7388        0.7739 
       0.8059        0.8263        0.8479        0.8642        0.8696 
       0.9016        0.9387        0.9630        0.9807        1.0235 
       1.0436        1.0588        1.0803        1.0932        1.1195 
       1.1294        1.1416        1.1768        1.1830        1.1983 
       1.2253        1.3018        1.3109        1.3342        1.3660 
       1.3875        1.4124        1.4351        1.4492        1.4684 
       1.5049        1.5675        1.5888        1.6404        1.8045 
       1.8535        1.9085        1.9149        1.9303        1.9751 
       1.9768        1.9960        2.0017        2.0389        2.0622 
       2.0723        2.1488        2.1764        2.2062        2.3046 
       2.3132        2.3693        2.3766        2.4095        2.4236 
       2.4308        2.5131        2.5996        2.6560        2.7046 
       2.7481        2.7852        2.8168        2.8402        2.8599 
       2.9125        2.9347        2.9761        3.3013        3.4897 
       3.5040        3.5181        3.5304        3.5506        3.5623 
       3.5759        3.5883        3.6078        3.6296        3.6564 
       3.7746        3.8715        3.8755        3.9412        4.0343 
       4.0657        4.1731        4.2516        4.4004 
HOMO-LUMO gap is   12.95 eV. Energies of lowest lying orbitals:
     -20.8574*     -20.8566*     -20.8563*     -20.8526*      -1.7061*
      -1.6529*      -1.6402*      -1.6011*      -0.8397*      -0.7903*
      -0.7794*      -0.7656*      -0.6730*      -0.6119*      -0.5951*
      -0.5586*      -0.5214*      -0.5146*      -0.5071*      -0.5004*
      -0.0245        0.0070        0.0151        0.0523        0.0576 

 ******* Iteration    1 ********
Forming Cholesky Coulomb matrix ... done (0.05 s)
Forming Cholesky exchange matrix ... done (1.43 s)
ADIIS weights
 1.00e+00 
CDIIS weights
 1.00e+00 
 DIIS weights
 1.00e+00 

Solving SCF equations ... done (0.05 s)

Total energy                  : -3.0397474586180527e+02
DIIS error                    :  1.681402e-01
Energy change                 : -3.039747e+02
Max total density change      :  1.925431e-01
Max rms   density change      :  5.621137e-03
Dipole mu = ( 0.31254035, -0.99620660,  6.42049004) D

Iteration took 1.59 s.

 ******* Iteration    2 ********
Forming Cholesky Coulomb matrix ... done (0.03 s)
Forming Cholesky exchange matrix ... done (1.45 s)
ADIIS weights
 1.52e-02  9.85e-01 
CDIIS weights
 3.50e-01  6.50e-01 
 DIIS weights
 1.52e-02  9.85e-01 

Solving SCF equations ... done (0.02 s)

Total energy                  : -3.0409237449152693e+02
DIIS error                    :  1.266833e-01
Energy change                 : -1.176286e-01
Max total density change      :  1.329368e-01
Max rms   density change      :  3.099229e-03
Dipole mu = ( 0.00531062, -0.88353057,  7.11212429) D

Iteration took 1.50 s.

 ******* Iteration    3 ********
Forming Cholesky Coulomb matrix ... done (0.03 s)
Forming Cholesky exchange matrix ... done (1.32 s)
ADIIS weights
 7.24e-19  1.65e-01  8.35e-01 
CDIIS weights
-7.55e-02  3.36e-01  7.40e-01 
 DIIS weights
-1.65e-02  2.02e-01  8.14e-01 

Solving SCF equations ... done (0.26 s)

Total energy                  : -3.0412614798502261e+02
DIIS error                    :  8.031921e-02
Energy change                 : -3.377349e-02
Max total density change      :  6.830946e-02
Max rms   density change      :  1.560224e-03
Dipole mu = ( 0.13586220, -0.91491127,  6.70489973) D

Iteration took 1.76 s.

 ******* Iteration    4 ********
Forming Cholesky Coulomb matrix ... done (0.03 s)
Forming Cholesky exchange matrix ... done (1.24 s)
ADIIS weights
 1.24e-14  9.57e-14  1.40e-13  1.00e+00 
CDIIS weights
-1.33e-02 -1.05e-01  1.38e-01  9.80e-01 
 DIIS weights
-1.11e-02 -8.80e-02  1.16e-01  9.84e-01 

Solving SCF equations ... done (0.28 s)

Total energy                  : -3.0414368689935645e+02
DIIS error                    :  2.441806e-02
Energy change                 : -1.753891e-02
Max total density change      :  1.776620e-02
Max rms   density change      :  3.683616e-04
Dipole mu = ( 0.09456241, -0.90091493,  6.76596920) D

Iteration took 1.70 s.

 ******* Iteration    5 ********
Forming Cholesky Coulomb matrix ... done (0.03 s)
Forming Cholesky exchange matrix ... done (1.42 s)
ADIIS weights
 2.14e-15  5.01e-16  3.21e-15  4.95e-14  1.00e+00 
CDIIS weights
 1.43e-03 -3.03e-02 -3.46e-02  1.57e-01  9.06e-01 
 DIIS weights
 1.43e-03 -3.03e-02 -3.46e-02  1.57e-01  9.06e-01 

Solving SCF equations ... done (0.06 s)

Total energy                  : -3.0414522249079891e+02
DIIS error                    :  3.418938e-03
Energy change                 : -1.535591e-03
Max total density change      :  2.715277e-03
Max rms   density change      :  4.828659e-05
Dipole mu = ( 0.10153363, -0.90282857,  6.75330221) D

Iteration took 1.53 s.

 ******* Iteration    6 ********
Forming Cholesky Coulomb matrix ... done (0.03 s)
Forming Cholesky exchange matrix ... done (1.38 s)
ADIIS weights
 2.28e-14  5.22e-14  2.53e-13  4.54e-12  2.27e-09  1.00e+00 
CDIIS weights
 2.11e-03  9.05e-03 -2.99e-02 -1.23e-01  2.00e-01  9.41e-01 
 DIIS weights
 2.11e-03  9.05e-03 -2.99e-02 -1.23e-01  2.00e-01  9.41e-01 

Solving SCF equations ... done (0.65 s)

Total energy                  : -3.0414524626076809e+02
DIIS error                    :  6.552477e-04
Energy change                 : -2.376997e-05
Max total density change      :  5.046539e-04
Max rms   density change      :  1.179066e-05
Dipole mu = ( 0.09976957, -0.90221524,  6.75089388) D

Iteration took 2.49 s.

 ******* Iteration    7 ********
Forming Cholesky Coulomb matrix ... done (0.05 s)
Forming Cholesky exchange matrix ... done (1.52 s)
ADIIS weights
 3.03e-15  6.98e-14  1.30e-16  4.38e-13  2.50e-11  1.65e-09  1.00e+00 
CDIIS weights
-4.74e-04 -6.59e-04  7.64e-03  1.80e-02 -8.89e-02 -2.00e-01  1.26e+00 
 DIIS weights
-4.74e-04 -6.59e-04  7.64e-03  1.80e-02 -8.89e-02 -2.00e-01  1.26e+00 

Solving SCF equations ... done (0.03 s)

Total energy                  : -3.0414524763480983e+02
DIIS error                    :  7.449851e-05
Energy change                 : -1.374042e-06
Max total density change      :  7.411683e-05
Max rms   density change      :  2.389412e-06
Dipole mu = ( 0.09990890, -0.90240095,  6.75040489) D

Iteration took 1.73 s.

 ******* Iteration    8 ********
Forming Cholesky Coulomb matrix ... done (0.03 s)
Forming Cholesky exchange matrix ... done (1.47 s)
ADIIS weights
 2.23e-15  1.08e-13  5.24e-13  9.15e-12  1.53e-11  4.64e-10  3.74e-08  1.00e+00 
CDIIS weights
-7.09e-05 -3.31e-04  1.16e-03  4.76e-03 -8.15e-03 -3.87e-02  1.60e-02  1.03e+00 
 DIIS weights
-7.09e-05 -3.31e-04  1.16e-03  4.76e-03 -8.15e-03 -3.87e-02  1.60e-02  1.03e+00 

Solving SCF equations ... done (0.04 s)

Total energy                  : -3.0414524767960773e+02
DIIS error                    :  1.738669e-05
Energy change                 : -4.479790e-08
Max total density change      :  2.168022e-05
Max rms   density change      :  4.662895e-07
Dipole mu = ( 0.09994148, -0.90239036,  6.75032958) D

Iteration took 1.67 s.

 ******* Iteration    9 ********
Forming Cholesky Coulomb matrix ... done (0.04 s)
Forming Cholesky exchange matrix ... done (1.37 s)
ADIIS weights
 1.12e-14  1.28e-14  2.58e-13  4.44e-14  5.07e-11  3.92e-10  6.02e-08  5.10e-01  4.90e-01 
CDIIS weights
 1.64e-05 -5.99e-05 -3.39e-04 -8.87e-06  6.28e-03  7.00e-03 -1.14e-01  2.67e-01  8.34e-01 
 DIIS weights
 1.64e-05 -5.99e-05 -3.39e-04 -8.87e-06  6.28e-03  7.00e-03 -1.14e-01  2.67e-01  8.34e-01 

Solving SCF equations ... done (0.12 s)

Total energy                  : -3.0414524768124056e+02
DIIS error                    :  1.055697e-05
Energy change                 : -1.632827e-09
Max total density change      :  7.958393e-06
Max rms   density change      :  1.781565e-07
Dipole mu = ( 0.09990977, -0.90238899,  6.75032379) D

Iteration took 2.50 s.

 ******* Iteration   10 ********
Forming Cholesky Coulomb matrix ... done (0.03 s)
Forming Cholesky exchange matrix ... done (1.21 s)
ADIIS weights
 5.00e-15  3.04e-14  8.25e-14  1.51e-12  1.21e-10  3.28e-09  8.74e-08  3.36e-01  3.33e-01  3.31e-01 
CDIIS weights
 1.14e-05  3.81e-05 -1.75e-04 -6.06e-04  1.39e-03  5.04e-03 -8.53e-03 -9.72e-02  3.77e-02  1.06e+00 
 DIIS weights
 1.14e-05  3.81e-05 -1.75e-04 -6.06e-04  1.39e-03  5.04e-03 -8.53e-03 -9.72e-02  3.77e-02  1.06e+00 

Solving SCF equations ... done (0.02 s)

Total energy                  : -3.0414524768155223e+02
DIIS error                    :  1.813042e-06
Energy change                 : -3.116725e-10
Max total density change      :  1.724745e-06
Max rms   density change      :  4.806863e-08
Dipole mu = ( 0.09991472, -0.90239164,  6.75032189) D

Iteration took 1.35 s.

 ******* Iteration   11 ********
Forming Cholesky Coulomb matrix ... done (0.03 s)
Forming Cholesky exchange matrix ... done (1.30 s)
ADIIS weights
 2.17e-12  1.32e-12  4.47e-12  9.62e-09  1.58e-05  4.88e-06  2.49e-01  2.51e-01  2.50e-01  2.49e-01 
CDIIS weights
-8.01e-07  1.71e-05  2.91e-05 -3.19e-04 -6.07e-04  4.55e-03  7.27e-03 -4.48e-02 -2.47e-01  1.28e+00 
 DIIS weights
-8.01e-07  1.71e-05  2.91e-05 -3.19e-04 -6.07e-04  4.55e-03  7.27e-03 -4.48e-02 -2.47e-01  1.28e+00 

Solving SCF equations ... done (0.19 s)

Total energy                  : -3.0414524768157020e+02
DIIS error                    :  3.110372e-07
Energy change                 : -1.796252e-11
Max total density change      :  5.586602e-07
Max rms   density change      :  1.492681e-08
Dipole mu = ( 0.09991315, -0.90239037,  6.75032104) D

Iteration took 1.55 s.

 ******* Convergence achieved ********
Solution of RHF took 19.39 s.

Kinetic               energy:  3.0327828161028413e+02
Nuclear attraction    energy: -9.7965900713470694e+02
Total one-electron    energy: -6.7638072552442031e+02
Nuclear repulsion     energy:  1.2862784408961625e+02
Coulomb               energy:  2.7925062918072649e+02
Exchange              energy: -3.5642995427492629e+01
-----------------------------------------------------
                Total energy: -3.0414524768157020e+02
               Virial factor:  1.0028586487191988e+00

Dipole mu = ( 0.09991315, -0.90239037,  6.75032104) D

HOMO-LUMO gap is   12.51 eV. Orbital energies:
     -20.6139*     -20.6134*     -20.5161*     -20.5137*      -1.3747*
      -1.3710*      -1.2858*      -1.2658*      -0.7525*      -0.7399*
      -0.6933*      -0.6535*      -0.6253*      -0.5769*      -0.5454*
      -0.5394*      -0.5236*      -0.4842*      -0.4538*      -0.4405*
       0.0194        0.0320        0.0530        0.0558        0.0658 
       0.0975        0.1043        0.1163        0.1670        0.1736 
       0.1895        0.1904        0.2161        0.2194        0.2229 
       0.2432        0.2506        0.2569        0.2604        0.2674 
       0.2830        0.2876        0.3015        0.3119        0.3289 
       0.3367        0.3530        0.3644        0.3805        0.4011 
       0.4120        0.4483        0.4547        0.4626        0.4827 
       0.4860        0.4978        0.5099        0.5221        0.5350 
       0.5431        0.5611        0.5780        0.5930        0.6085 
       0.6249        0.6415        0.6416        0.6472        0.6528 
       0.6615        0.6931        0.7098        0.8215        0.8366 
       0.8636        0.8757        0.9021        0.9161        0.9361 
       0.9838        1.0207        1.0398        1.0951        1.1145 
       1.1479        1.1695        1.1748        1.1794        1.2047 
       1.2379        1.2416        1.2599        1.2896        1.2996 
       1.3473        1.3757        1.3890        1.4483        1.4851 
       1.5240        1.5483        1.5591        1.5626        1.5804 
       1.6567        1.6847        1.7498        1.7948        1.9222 
       1.9477        1.9794        2.0045        2.0282        2.0435 
       2.0683        2.0765        2.0849        2.0898        2.1258 
       2.1443        2.2280        2.2861        2.3044        2.3781 
       2.3879        2.4419        2.4819        2.5150        2.5228 
       2.5391        2.5917        2.6965        2.7726        2.8013 
       2.8344        2.8601        2.9404        2.9528        3.0164 
       3.0623        3.0916        3.1381        3.4476        3.6591 
       3.6888        3.7149        3.7365        3.7445        3.7540 
       3.7661        3.7933        3.8103        3.8268        3.8497 
       3.9999        4.0116        4.0150        4.1603        4.1905 
       4.2076        4.3831        4.4698        4.6028 

Mulliken charges
   1 O           -0.651944
   2 H            0.393080
   3 H            0.374636
   4 O           -0.580179
   5 H            0.249588
   6 H            0.221590
   7 O           -0.461613
   8 H            0.345412
   9 H            0.165207
  10 O           -0.524434
  11 H            0.236410
  12 H            0.232247
Sum of Mulliken charges -3.330669e-16

Electron density at nuclei
   1 O          297.043621
   2 H            0.326437
   3 H            0.322369
   4 O          297.173813
   5 H            0.336020
   6 H            0.335190
   7 O          297.143357
   8 H            0.315173
   9 H            0.346127
  10 O          297.140636
  11 H            0.339826
  12 H            0.333270

Running program took 59.71 s.
Current time is Sat 22 Sep 2018 22:55:52.
