ERKALE - HF/DFT from Hel, OpenMP version, running on 4 cores.
(c) Susi Lehtola, 2010-2016.

This program is free software; you can redistribute it and/or modify
it under the terms of the GNU General Public License as published by
the Free Software Foundation; either version 2 of the License, or
(at your option) any later version.

At svn revision 1938.

Running on host dx7-lehtola.chem.helsinki.fi.

Basis set aug-cc-pVDZ found in file aug-cc-pVDZ.gbs in /home/work/erkale/source/erkale.sap/basis/.

Current Settings used by ERKALE:
     AtomGuess      	                Auto	Method used for atomic guess (Auto for same as method)
     Basis          	         aug-cc-pVDZ	Basis set used in calculation
     BasisCutoff    	           1.000e-08	Cutoff for dropping out small primitives from contraction
     BasisOrth      	                Auto	Method of orthonormalization of basis set
     BasisRotate    	               false	Rotate basis set to remove redundant functions?
     C1-DIIS        	               false	Use older version of DIIS (C1-DIIS instead of C2-DIIS)?
     Charge         	                   0	Total charge of system
     Cholesky       	                true	Use Cholesky decomposition?
     CholeskyMode   	                   0	Save/load integrals? 0 no, 1 save, -1 load
     CholeskyNAFThr 	           0.000e+00	Cholesky natural auxiliary function threshold
     CholeskyShThr  	           1.000e-02	Cholesky cache threshold
     CholeskyThr    	           1.000e-07	Cholesky decomposition threshold
     ConvThr        	           1.000e-06	Orbital gradient convergence threshold
     DFTDelta       	           1.000e+02	Switch to final DFT grid has converged within factor X
     DFTFinalTol    	           1.000e-05	Tolerance of final DFT grid
     DFTGrid        	             50 -194	DFT integration grid to use: nrad lmax or Auto for adaptive
     DFTInitialTol  	           1.000e-04	Tolerance of initial DFT grid
     DFTLobatto     	               false	Use Lobatto quadrature instead of Lebedev quadrature?
     DIISEps        	           1.000e-01	Start mixing in DIIS when error is
     DIISOrder      	                  10	How many DIIS iterations to keep in memory?
     DIISThr        	           1.000e-02	DIIS error threshold for DIIS updates
     DecFock        	               false	Use decontracted basis to calculate Fock matrix (direct HF)
     Decontract     	                    	Indices of atoms to decontract basis set for
     DensityFitting 	               false	Use density fitting / RI?
     DimerSymmetry  	               false	Do special calculation on dimer along z axis
     Direct         	               false	Calculate two-electron integrals (or density fitting) on-the-fly?
     EField         	         0.0 0.0 0.0	Electric field
     FittingBasis   	                Auto	Basis to use for density fitting / RI (Auto for automatic)
     FittingMemory  	                1000	Amount of memory in MB to use for exchange fitting
     FittingThreshold	           1.000e-08	Linear dependence threshold for Coulomb integrals in density fitting
     ForcePol       	               false	Force polarized calculation
     Guess          	              Atomic	Used guess: SAD (default), NO, core, or GWH
     InputBohr      	               false	Use atomic units as input units instead of angstrom?
     IntegralThresh 	           1.000e-14	Integral screening threshold
     LoadChk        	                    	File to load old results from
     Logfile        	water_dimer_wb97x_v.log	File to print out full information, stdout for screen
     MaxIter        	                 100	Maximum number of iterations in SCF cycle
     Method         	  hyb_gga_xc_wb97x_v	Method used in calculation (HF or a DFT functional)
     Multiplicity   	                   1	Spin multiplicity
     NLGrid         	             25 -170	Integration grid to use for nonlocal correlation: nrad lmax
     Occupancies    	                    	Orbital occupancies
     OptLM          	                true	If spherical harmonics used, use cartesian s and p functions?
     PZ             	               false	Perform Perdew-Zunger self-interaction correction?
     PZEthr         	           1.000e-10	Threshold for energy convergence
     PZIthr         	           1.000e-02	Threshold for initialization convergence (not too small!)
     PZNRthr        	           0.000e+00	Threshold for use of NR method in OO optimization
     PZOOthr        	           1.000e-04	Gradient threshold for OO optimization
     PZOVthr        	           1.000e-05	Gradient threshold for OV optimization
     PZimag         	                Auto	Imaginary degrees of freedom in PZ?
     PZiter         	                  20	Max number of iterations in self-consistency iteration
     PZloc          	                Auto	Initial localization before SIC calculation?
     PZlocmet       	                  FB	Initial localization method (recommend FB or IAO)
     PZmode         	                  XC	Apply PZ to the operators (in addition to J): X C D
     PZoo           	                true	Optimize OO block?
     PZov           	                true	Optimize OV block?
     PZprec         	                   1	Precondition OV block? 0: no, 1: unified, 2: orbital
     PZscale        	            Constant	Scaling for PZ: Constant, Density or Kinetic
     PZscaleExp     	           1.000e+00	Exponent in the dynamic scaling equation
     PZseed         	                   0	Seed number for randomized matrices?
     PZstab         	                   0	Stability analysis for PZ-SIC? 1 or -1 for OO, 2 or -2 for OO+OV
     PZstabThr      	           1.000e-03	Instability threshold (interpreted as -thr)
     PZw            	           1.000e+00	Weight for Perdew-Zunger self-interaction correction
     SaveChk        	water_dimer_wb97x_v.chk	File to use as checkpoint
     Shift          	           0.000e+00	Level shift to use in Hartree
     StrictIntegrals	               false	Use strict integrals?
     System         	     water_dimer.xyz	System as an xyz file
     UseADIIS       	                true	Use ADIIS for Fock matrix interpolation?
     UseBroyden     	               false	Use Broyden mixing of Fock matrices?
     UseDIIS        	                true	Use Pulay's Direct Inversion in the Iterative Subspace?
     UseLM          	                true	Use a spherical harmonics basis set by default?
     UseTRRH        	               false	Use Trust-Region Roothaan-Hall?
     VV10           	                Auto	Use VV10 non-local correlation?
     VV10Pars       	                    	VV10 parameters: b C
     Verbose        	                true	Verbose calculation?

Performing hyb_gga_xc_wb97x_v guess for atoms:
O : 1 4 (1.26 s)
H : 2 3 5 6 (0.12 s)
Atomic guess formed in 1.38 s.

There are 38 shells and 6 nuclei in the basis set.

List of nuclei, geometry in Ångström with three decimal places:
		 Z	    x	    y	    z
1	O	 8	 -1.464	  0.099	  0.300
2	H	 1	 -1.956	  0.624	 -0.340
3	H	 1	 -1.797	 -0.799	  0.206
4	O	 8	  1.369	  0.146	 -0.395
5	H	 1	  1.894	  0.486	  0.335
6	H	 1	  0.451	  0.165	 -0.083

Interatomic distance matrix:
          1O    2H    3H    4O    5H 
   2H  0.963
   3H  0.962 1.532
   4O  2.917 3.360 3.358
   5H  3.380 3.911 3.910 0.961
   6H  1.954 2.464 2.463 0.970 1.536

List of basis functions:
Shell    1	S cart shell at nucleus   1 with with basis functions    1-1   
Shell    2	S cart shell at nucleus   1 with with basis functions    2-2   
Shell    3	S cart shell at nucleus   1 with with basis functions    3-3   
Shell    4	S cart shell at nucleus   1 with with basis functions    4-4   
Shell    5	P cart shell at nucleus   1 with with basis functions    5-7   
Shell    6	P cart shell at nucleus   1 with with basis functions    8-10  
Shell    7	P cart shell at nucleus   1 with with basis functions   11-13  
Shell    8	D  sph shell at nucleus   1 with with basis functions   14-18  
Shell    9	D  sph shell at nucleus   1 with with basis functions   19-23  
Shell   10	S cart shell at nucleus   2 with with basis functions   24-24  
Shell   11	S cart shell at nucleus   2 with with basis functions   25-25  
Shell   12	S cart shell at nucleus   2 with with basis functions   26-26  
Shell   13	P cart shell at nucleus   2 with with basis functions   27-29  
Shell   14	P cart shell at nucleus   2 with with basis functions   30-32  
Shell   15	S cart shell at nucleus   3 with with basis functions   33-33  
Shell   16	S cart shell at nucleus   3 with with basis functions   34-34  
Shell   17	S cart shell at nucleus   3 with with basis functions   35-35  
Shell   18	P cart shell at nucleus   3 with with basis functions   36-38  
Shell   19	P cart shell at nucleus   3 with with basis functions   39-41  
Shell   20	S cart shell at nucleus   4 with with basis functions   42-42  
Shell   21	S cart shell at nucleus   4 with with basis functions   43-43  
Shell   22	S cart shell at nucleus   4 with with basis functions   44-44  
Shell   23	S cart shell at nucleus   4 with with basis functions   45-45  
Shell   24	P cart shell at nucleus   4 with with basis functions   46-48  
Shell   25	P cart shell at nucleus   4 with with basis functions   49-51  
Shell   26	P cart shell at nucleus   4 with with basis functions   52-54  
Shell   27	D  sph shell at nucleus   4 with with basis functions   55-59  
Shell   28	D  sph shell at nucleus   4 with with basis functions   60-64  
Shell   29	S cart shell at nucleus   5 with with basis functions   65-65  
Shell   30	S cart shell at nucleus   5 with with basis functions   66-66  
Shell   31	S cart shell at nucleus   5 with with basis functions   67-67  
Shell   32	P cart shell at nucleus   5 with with basis functions   68-70  
Shell   33	P cart shell at nucleus   5 with with basis functions   71-73  
Shell   34	S cart shell at nucleus   6 with with basis functions   74-74  
Shell   35	S cart shell at nucleus   6 with with basis functions   75-75  
Shell   36	S cart shell at nucleus   6 with with basis functions   76-76  
Shell   37	P cart shell at nucleus   6 with with basis functions   77-79  
Shell   38	P cart shell at nucleus   6 with with basis functions   80-82  

Basis set contains 82 functions, maximum angular momentum is 2.
Spherical harmonic Gaussians are used by default, there are 86 cartesians.

Forming overlap matrix ... done (0.00 s)
Forming kinetic energy matrix ... done (0.00 s)
Forming nuclear attraction matrix ... done (0.00 s)

Smallest eigenvalue of overlap matrix is 1.69e-03, ratio to largest is 1.98e-04.
Using symmetric orthogonalization.
Basis set diagonalized in 0.02 s.

Computing repulsion integrals.
Screening by shell pairs and symmetry reduced dofs by factor 1.98.
Individual screening reduced dofs by a total factor 1.98.
Computing Cholesky vectors. Estimated memory size is 6 Mi - 21 Mi.
Cholesky vectors no     0 -     0 computed, error is 4.734640e+00 (0.00 s).
Cholesky vectors no     1 -     1 computed, error is 7.301862e-01 (0.01 s).
Cholesky vectors no     2 -     7 computed, error is 7.104012e-01 (0.00 s).
Cholesky vectors no     8 -    13 computed, error is 6.018771e-01 (0.00 s).
Cholesky vectors no    14 -    19 computed, error is 5.688391e-01 (0.00 s).
Cholesky vectors no    20 -    25 computed, error is 3.039446e-01 (0.00 s).
Cholesky vectors no    26 -    40 computed, error is 2.908685e-01 (0.01 s).
Cholesky vectors no    41 -    55 computed, error is 1.163445e-01 (0.02 s).
Cholesky vectors no    56 -    58 computed, error is 1.090000e-01 (0.00 s).
Cholesky vectors no    59 -    68 computed, error is 9.642770e-02 (0.01 s).
Cholesky vectors no    69 -    74 computed, error is 9.068693e-02 (0.01 s).
Cholesky vectors no    75 -    80 computed, error is 7.952190e-02 (0.00 s).
Cholesky vectors no    81 -    83 computed, error is 7.738001e-02 (0.00 s).
Cholesky vectors no    84 -    86 computed, error is 7.038370e-02 (0.00 s).
Cholesky vectors no    87 -    89 computed, error is 6.323953e-02 (0.00 s).
Cholesky vectors no    90 -    95 computed, error is 5.373572e-02 (0.01 s).
Cholesky vectors no    96 -   110 computed, error is 4.889783e-02 (0.01 s).
Cholesky vectors no   111 -   113 computed, error is 3.812807e-02 (0.08 s).
Cholesky vectors no   114 -   128 computed, error is 3.102447e-02 (0.01 s).
Cholesky vectors no   129 -   138 computed, error is 2.552526e-02 (0.01 s).
Cholesky vectors no   139 -   141 computed, error is 2.363380e-02 (0.01 s).
Cholesky vectors no   142 -   144 computed, error is 2.282758e-02 (0.05 s).
Cholesky vectors no   145 -   150 computed, error is 2.276639e-02 (0.10 s).
Cholesky vectors no   151 -   156 computed, error is 2.258497e-02 (0.14 s).
Cholesky vectors no   157 -   162 computed, error is 1.934409e-02 (0.14 s).
Cholesky vectors no   163 -   172 computed, error is 1.511266e-02 (0.23 s).
Cholesky vectors no   173 -   178 computed, error is 1.290242e-02 (0.15 s).
Cholesky vectors no   179 -   184 computed, error is 1.051748e-02 (0.14 s).
Cholesky vectors no   185 -   194 computed, error is 5.051526e-03 (0.25 s).
Cholesky vectors no   195 -   197 computed, error is 3.484589e-03 (0.07 s).
Cholesky vectors no   198 -   198 computed, error is 2.874160e-03 (0.00 s).
Cholesky vectors no   199 -   199 computed, error is 2.164986e-03 (0.00 s).
Cholesky vectors no   200 -   200 computed, error is 2.151835e-03 (0.02 s).
Cholesky vectors no   201 -   201 computed, error is 1.853272e-03 (0.02 s).
Cholesky vectors no   202 -   204 computed, error is 1.179373e-03 (0.03 s).
Cholesky vectors no   205 -   207 computed, error is 1.153703e-03 (0.01 s).
Cholesky vectors no   208 -   222 computed, error is 1.144779e-03 (0.11 s).
Cholesky vectors no   223 -   237 computed, error is 9.440063e-04 (0.15 s).
Cholesky vectors no   238 -   243 computed, error is 9.178672e-04 (0.01 s).
Cholesky vectors no   244 -   257 computed, error is 8.599821e-04 (0.02 s).
Cholesky vectors no   258 -   263 computed, error is 8.480366e-04 (0.13 s).
Cholesky vectors no   264 -   273 computed, error is 7.458922e-04 (0.24 s).
Cholesky vectors no   274 -   279 computed, error is 6.444152e-04 (0.00 s).
Cholesky vectors no   280 -   282 computed, error is 6.107303e-04 (0.00 s).
Cholesky vectors no   283 -   292 computed, error is 5.911555e-04 (0.03 s).
Cholesky vectors no   293 -   306 computed, error is 5.398257e-04 (0.05 s).
Cholesky vectors no   307 -   309 computed, error is 5.069870e-04 (0.00 s).
Cholesky vectors no   310 -   315 computed, error is 4.719210e-04 (0.08 s).
Cholesky vectors no   316 -   316 computed, error is 3.855182e-04 (0.01 s).
Cholesky vectors no   317 -   319 computed, error is 3.563615e-04 (0.01 s).
Cholesky vectors no   320 -   332 computed, error is 3.433314e-04 (0.11 s).
Cholesky vectors no   333 -   335 computed, error is 2.727582e-04 (0.02 s).
Cholesky vectors no   336 -   349 computed, error is 2.630355e-04 (0.02 s).
Cholesky vectors no   350 -   363 computed, error is 2.386226e-04 (0.10 s).
Cholesky vectors no   364 -   377 computed, error is 2.018423e-04 (0.20 s).
Cholesky vectors no   378 -   387 computed, error is 1.568158e-04 (0.02 s).
Cholesky vectors no   388 -   397 computed, error is 1.504953e-04 (0.11 s).
Cholesky vectors no   398 -   411 computed, error is 1.110144e-04 (0.14 s).
Cholesky vectors no   412 -   425 computed, error is 8.231380e-05 (0.03 s).
Cholesky vectors no   426 -   426 computed, error is 8.182834e-05 (0.00 s).
Cholesky vectors no   427 -   427 computed, error is 7.955393e-05 (0.00 s).
Cholesky vectors no   428 -   428 computed, error is 7.920289e-05 (0.00 s).
Cholesky vectors no   429 -   429 computed, error is 6.925240e-05 (0.02 s).
Cholesky vectors no   430 -   437 computed, error is 6.294516e-05 (0.04 s).
Cholesky vectors no   438 -   442 computed, error is 6.168977e-05 (0.01 s).
Cholesky vectors no   443 -   447 computed, error is 6.064672e-05 (0.01 s).
Cholesky vectors no   448 -   450 computed, error is 5.262770e-05 (0.00 s).
Cholesky vectors no   451 -   458 computed, error is 4.791065e-05 (0.03 s).
Cholesky vectors no   459 -   459 computed, error is 3.863687e-05 (0.00 s).
Cholesky vectors no   460 -   462 computed, error is 3.553025e-05 (0.06 s).
Cholesky vectors no   463 -   465 computed, error is 3.486498e-05 (0.00 s).
Cholesky vectors no   466 -   479 computed, error is 2.894824e-05 (0.14 s).
Cholesky vectors no   480 -   482 computed, error is 2.010003e-05 (0.07 s).
Cholesky vectors no   483 -   489 computed, error is 1.812548e-05 (0.13 s).
Cholesky vectors no   490 -   503 computed, error is 1.633542e-05 (0.09 s).
Cholesky vectors no   504 -   516 computed, error is 1.230649e-05 (0.03 s).
Cholesky vectors no   517 -   517 computed, error is 1.151344e-05 (0.00 s).
Cholesky vectors no   518 -   518 computed, error is 1.144541e-05 (0.00 s).
Cholesky vectors no   519 -   531 computed, error is 1.021148e-05 (0.02 s).
Cholesky vectors no   532 -   539 computed, error is 7.646056e-06 (0.03 s).
Cholesky vectors no   540 -   552 computed, error is 6.778937e-06 (0.04 s).
Cholesky vectors no   553 -   564 computed, error is 6.494630e-06 (0.18 s).
Cholesky vectors no   565 -   572 computed, error is 6.218035e-06 (0.11 s).
Cholesky vectors no   573 -   580 computed, error is 6.104470e-06 (0.07 s).
Cholesky vectors no   581 -   588 computed, error is 5.119927e-06 (0.09 s).
Cholesky vectors no   589 -   589 computed, error is 4.893767e-06 (0.01 s).
Cholesky vectors no   590 -   596 computed, error is 4.809475e-06 (0.06 s).
Cholesky vectors no   597 -   597 computed, error is 4.461983e-06 (0.02 s).
Cholesky vectors no   598 -   605 computed, error is 3.376966e-06 (0.09 s).
Cholesky vectors no   606 -   614 computed, error is 3.113015e-06 (0.05 s).
Cholesky vectors no   615 -   621 computed, error is 2.364671e-06 (0.17 s).
Cholesky vectors no   622 -   622 computed, error is 2.142711e-06 (0.02 s).
Cholesky vectors no   623 -   625 computed, error is 1.675458e-06 (0.06 s).
Cholesky vectors no   626 -   632 computed, error is 1.329757e-06 (0.03 s).
Cholesky vectors no   633 -   637 computed, error is 1.134731e-06 (0.06 s).
Cholesky vectors no   638 -   642 computed, error is 9.964049e-07 (0.12 s).
Cholesky vectors no   643 -   650 computed, error is 9.784747e-07 (0.07 s).
Cholesky vectors no   651 -   653 computed, error is 9.166106e-07 (0.00 s).
Cholesky vectors no   654 -   656 computed, error is 8.456417e-07 (0.01 s).
Cholesky vectors no   657 -   661 computed, error is 7.044036e-07 (0.01 s).
Cholesky vectors no   662 -   669 computed, error is 6.820910e-07 (0.02 s).
Cholesky vectors no   670 -   670 computed, error is 6.649230e-07 (0.00 s).
Cholesky vectors no   671 -   675 computed, error is 6.463042e-07 (0.11 s).
Cholesky vectors no   676 -   683 computed, error is 5.939319e-07 (0.05 s).
Cholesky vectors no   684 -   688 computed, error is 5.846155e-07 (0.05 s).
Cholesky vectors no   689 -   696 computed, error is 5.794489e-07 (0.10 s).
Cholesky vectors no   697 -   701 computed, error is 5.044640e-07 (0.14 s).
Cholesky vectors no   702 -   706 computed, error is 4.456850e-07 (0.03 s).
Cholesky vectors no   707 -   713 computed, error is 4.191903e-07 (0.06 s).
Cholesky vectors no   714 -   716 computed, error is 4.091538e-07 (0.02 s).
Cholesky vectors no   717 -   719 computed, error is 2.969878e-07 (0.05 s).
Cholesky vectors no   720 -   726 computed, error is 2.833383e-07 (0.04 s).
Cholesky vectors no   727 -   727 computed, error is 2.358534e-07 (0.02 s).
Cholesky vectors no   728 -   728 computed, error is 1.981866e-07 (0.00 s).
Cholesky vectors no   729 -   729 computed, error is 1.825291e-07 (0.00 s).
Cholesky vectors no   730 -   730 computed, error is 1.762104e-07 (0.00 s).
Cholesky vectors no   731 -   738 computed, error is 1.707163e-07 (0.02 s).
Cholesky vectors no   739 -   748 computed, error is 1.675996e-07 (0.03 s).
Cholesky vectors no   749 -   751 computed, error is 1.608340e-07 (0.01 s).
Cholesky vectors no   752 -   766 computed, error is 1.480650e-07 (0.07 s).
Cholesky vectors no   767 -   769 computed, error is 1.322665e-07 (0.01 s).
Cholesky vectors no   770 -   772 computed, error is 1.262991e-07 (0.00 s).
Cholesky vectors no   773 -   782 computed, error is 1.215857e-07 (0.02 s).
Cholesky vectors no   783 -   790 computed, error is 1.167949e-07 (0.18 s).
Cholesky vectors no   791 -   798 computed, error is 1.150561e-07 (0.15 s).
Cholesky vectors no   799 -   799 computed, error is 1.075267e-07 (0.02 s).
Cholesky vectors no   800 -   806 computed, error is 1.014243e-07 (0.18 s).
Cholesky vectors no   807 -   814 computed, error is 9.944269e-08 (0.12 s).
Cholesky decomposition finished in 8.66 s. Realized memory size is 23 Mi 375 ki.
Time use: integrals 23.3 %, linear algebra 76.7 %.
741 shell pairs out of 741 are significant.

Initialization of computation done in 8.75 s.


Using range separated exchange with range separation constant omega =  0.300.
Using  16.700 % short range and  100.000 % long range exchange.
Computing short-range repulsion integrals.
Screening by shell pairs and symmetry reduced dofs by factor 1.98.
Individual screening reduced dofs by a total factor 1.98.
Computing Cholesky vectors. Estimated memory size is 6 Mi - 21 Mi.
Cholesky vectors no     0 -     0 computed, error is 4.404134e+00 (0.00 s).
Cholesky vectors no     1 -     1 computed, error is 4.685971e-01 (0.00 s).
Cholesky vectors no     2 -     7 computed, error is 4.679325e-01 (0.00 s).
Cholesky vectors no     8 -    13 computed, error is 4.503262e-01 (0.00 s).
Cholesky vectors no    14 -    19 computed, error is 4.482757e-01 (0.01 s).
Cholesky vectors no    20 -    25 computed, error is 2.814445e-01 (0.00 s).
Cholesky vectors no    26 -    40 computed, error is 2.752896e-01 (0.01 s).
Cholesky vectors no    41 -    55 computed, error is 1.108726e-01 (0.00 s).
Cholesky vectors no    56 -    58 computed, error is 1.054284e-01 (0.00 s).
Cholesky vectors no    59 -    68 computed, error is 8.591864e-02 (0.01 s).
Cholesky vectors no    69 -    71 computed, error is 7.629300e-02 (0.00 s).
Cholesky vectors no    72 -    74 computed, error is 6.869183e-02 (0.00 s).
Cholesky vectors no    75 -    77 computed, error is 5.946667e-02 (0.07 s).
Cholesky vectors no    78 -    92 computed, error is 5.668373e-02 (0.36 s).
Cholesky vectors no    93 -    98 computed, error is 4.861496e-02 (0.14 s).
Cholesky vectors no    99 -   101 computed, error is 4.297417e-02 (0.07 s).
Cholesky vectors no   102 -   107 computed, error is 3.731487e-02 (0.14 s).
Cholesky vectors no   108 -   113 computed, error is 3.425190e-02 (0.15 s).
Cholesky vectors no   114 -   128 computed, error is 2.784794e-02 (0.35 s).
Cholesky vectors no   129 -   138 computed, error is 2.551727e-02 (0.24 s).
Cholesky vectors no   139 -   141 computed, error is 2.360850e-02 (0.07 s).
Cholesky vectors no   142 -   144 computed, error is 2.278708e-02 (0.07 s).
Cholesky vectors no   145 -   150 computed, error is 2.271169e-02 (0.16 s).
Cholesky vectors no   151 -   156 computed, error is 1.952845e-02 (0.09 s).
Cholesky vectors no   157 -   166 computed, error is 1.824408e-02 (0.02 s).
Cholesky vectors no   167 -   172 computed, error is 1.225744e-02 (0.02 s).
Cholesky vectors no   173 -   182 computed, error is 9.673309e-03 (0.03 s).
Cholesky vectors no   183 -   188 computed, error is 7.504728e-03 (0.03 s).
Cholesky vectors no   189 -   194 computed, error is 3.504554e-03 (0.04 s).
Cholesky vectors no   195 -   197 computed, error is 2.164854e-03 (0.02 s).
Cholesky vectors no   198 -   198 computed, error is 2.151705e-03 (0.00 s).
Cholesky vectors no   199 -   199 computed, error is 1.854292e-03 (0.00 s).
Cholesky vectors no   200 -   202 computed, error is 1.428531e-03 (0.01 s).
Cholesky vectors no   203 -   203 computed, error is 1.257843e-03 (0.00 s).
Cholesky vectors no   204 -   204 computed, error is 1.160729e-03 (0.00 s).
Cholesky vectors no   205 -   219 computed, error is 1.136244e-03 (0.03 s).
Cholesky vectors no   220 -   234 computed, error is 9.539954e-04 (0.03 s).
Cholesky vectors no   235 -   237 computed, error is 9.169503e-04 (0.01 s).
Cholesky vectors no   238 -   251 computed, error is 9.107190e-04 (0.04 s).
Cholesky vectors no   252 -   257 computed, error is 8.562107e-04 (0.02 s).
Cholesky vectors no   258 -   267 computed, error is 8.164479e-04 (0.02 s).
Cholesky vectors no   268 -   273 computed, error is 7.387570e-04 (0.01 s).
Cholesky vectors no   274 -   279 computed, error is 6.089544e-04 (0.08 s).
Cholesky vectors no   280 -   289 computed, error is 5.930434e-04 (0.17 s).
Cholesky vectors no   290 -   303 computed, error is 5.404075e-04 (0.04 s).
Cholesky vectors no   304 -   306 computed, error is 4.963491e-04 (0.01 s).
Cholesky vectors no   307 -   312 computed, error is 4.197894e-04 (0.01 s).
Cholesky vectors no   313 -   315 computed, error is 3.618285e-04 (0.01 s).
Cholesky vectors no   316 -   318 computed, error is 3.567271e-04 (0.00 s).
Cholesky vectors no   319 -   332 computed, error is 3.126024e-04 (0.05 s).
Cholesky vectors no   333 -   335 computed, error is 2.723353e-04 (0.00 s).
Cholesky vectors no   336 -   349 computed, error is 2.626057e-04 (0.19 s).
Cholesky vectors no   350 -   363 computed, error is 2.384608e-04 (0.08 s).
Cholesky vectors no   364 -   377 computed, error is 2.096307e-04 (0.06 s).
Cholesky vectors no   378 -   378 computed, error is 1.950288e-04 (0.00 s).
Cholesky vectors no   379 -   388 computed, error is 1.505437e-04 (0.07 s).
Cholesky vectors no   389 -   402 computed, error is 1.483008e-04 (0.11 s).
Cholesky vectors no   403 -   412 computed, error is 1.109094e-04 (0.08 s).
Cholesky vectors no   413 -   426 computed, error is 8.213429e-05 (0.09 s).
Cholesky vectors no   427 -   427 computed, error is 8.177260e-05 (0.00 s).
Cholesky vectors no   428 -   428 computed, error is 7.923083e-05 (0.00 s).
Cholesky vectors no   429 -   429 computed, error is 7.915974e-05 (0.01 s).
Cholesky vectors no   430 -   430 computed, error is 6.756187e-05 (0.00 s).
Cholesky vectors no   431 -   438 computed, error is 6.283906e-05 (0.05 s).
Cholesky vectors no   439 -   443 computed, error is 6.165640e-05 (0.01 s).
Cholesky vectors no   444 -   448 computed, error is 5.465550e-05 (0.06 s).
Cholesky vectors no   449 -   456 computed, error is 4.162089e-05 (0.07 s).
Cholesky vectors no   457 -   464 computed, error is 3.478252e-05 (0.12 s).
Cholesky vectors no   465 -   478 computed, error is 3.241788e-05 (0.17 s).
Cholesky vectors no   479 -   481 computed, error is 2.753272e-05 (0.02 s).
Cholesky vectors no   482 -   482 computed, error is 2.526873e-05 (0.00 s).
Cholesky vectors no   483 -   485 computed, error is 1.852557e-05 (0.01 s).
Cholesky vectors no   486 -   498 computed, error is 1.789521e-05 (0.03 s).
Cholesky vectors no   499 -   512 computed, error is 1.564895e-05 (0.18 s).
Cholesky vectors no   513 -   520 computed, error is 1.225091e-05 (0.11 s).
Cholesky vectors no   521 -   521 computed, error is 1.151732e-05 (0.00 s).
Cholesky vectors no   522 -   534 computed, error is 1.132100e-05 (0.10 s).
Cholesky vectors no   535 -   535 computed, error is 8.835754e-06 (0.02 s).
Cholesky vectors no   536 -   548 computed, error is 7.629686e-06 (0.08 s).
Cholesky vectors no   549 -   556 computed, error is 6.655087e-06 (0.03 s).
Cholesky vectors no   557 -   564 computed, error is 6.506468e-06 (0.03 s).
Cholesky vectors no   565 -   575 computed, error is 6.110210e-06 (0.03 s).
Cholesky vectors no   576 -   583 computed, error is 4.678465e-06 (0.01 s).
Cholesky vectors no   584 -   591 computed, error is 3.954567e-06 (0.02 s).
Cholesky vectors no   592 -   592 computed, error is 3.467892e-06 (0.00 s).
Cholesky vectors no   593 -   599 computed, error is 3.382338e-06 (0.08 s).
Cholesky vectors no   600 -   606 computed, error is 3.021755e-06 (0.17 s).
Cholesky vectors no   607 -   614 computed, error is 2.843941e-06 (0.20 s).
Cholesky vectors no   615 -   615 computed, error is 1.791141e-06 (0.02 s).
Cholesky vectors no   616 -   623 computed, error is 1.579148e-06 (0.20 s).
Cholesky vectors no   624 -   624 computed, error is 1.459299e-06 (0.02 s).
Cholesky vectors no   625 -   627 computed, error is 1.279623e-06 (0.06 s).
Cholesky vectors no   628 -   632 computed, error is 1.156486e-06 (0.05 s).
Cholesky vectors no   633 -   637 computed, error is 1.005631e-06 (0.02 s).
Cholesky vectors no   638 -   640 computed, error is 9.866198e-07 (0.00 s).
Cholesky vectors no   641 -   648 computed, error is 9.549085e-07 (0.04 s).
Cholesky vectors no   649 -   651 computed, error is 8.875977e-07 (0.01 s).
Cholesky vectors no   652 -   654 computed, error is 8.163517e-07 (0.00 s).
Cholesky vectors no   655 -   659 computed, error is 7.050126e-07 (0.03 s).
Cholesky vectors no   660 -   667 computed, error is 6.623374e-07 (0.18 s).
Cholesky vectors no   668 -   672 computed, error is 6.547876e-07 (0.03 s).
Cholesky vectors no   673 -   680 computed, error is 6.047264e-07 (0.05 s).
Cholesky vectors no   681 -   685 computed, error is 5.993364e-07 (0.03 s).
Cholesky vectors no   686 -   693 computed, error is 5.574487e-07 (0.04 s).
Cholesky vectors no   694 -   698 computed, error is 5.063248e-07 (0.03 s).
Cholesky vectors no   699 -   703 computed, error is 4.189397e-07 (0.02 s).
Cholesky vectors no   704 -   706 computed, error is 4.103108e-07 (0.02 s).
Cholesky vectors no   707 -   709 computed, error is 4.078271e-07 (0.06 s).
Cholesky vectors no   710 -   717 computed, error is 2.860368e-07 (0.17 s).
Cholesky vectors no   718 -   724 computed, error is 2.808563e-07 (0.08 s).
Cholesky vectors no   725 -   725 computed, error is 2.344575e-07 (0.01 s).
Cholesky vectors no   726 -   726 computed, error is 2.277825e-07 (0.00 s).
Cholesky vectors no   727 -   729 computed, error is 1.875384e-07 (0.02 s).
Cholesky vectors no   730 -   734 computed, error is 1.738687e-07 (0.03 s).
Cholesky vectors no   735 -   744 computed, error is 1.608102e-07 (0.08 s).
Cholesky vectors no   745 -   759 computed, error is 1.552295e-07 (0.08 s).
Cholesky vectors no   760 -   762 computed, error is 1.487713e-07 (0.04 s).
Cholesky vectors no   763 -   772 computed, error is 1.426085e-07 (0.03 s).
Cholesky vectors no   773 -   780 computed, error is 1.182103e-07 (0.03 s).
Cholesky vectors no   781 -   788 computed, error is 1.165454e-07 (0.02 s).
Cholesky vectors no   789 -   796 computed, error is 1.161645e-07 (0.02 s).
Cholesky vectors no   797 -   797 computed, error is 1.079118e-07 (0.00 s).
Cholesky vectors no   798 -   800 computed, error is 1.019332e-07 (0.01 s).
Cholesky vectors no   801 -   803 computed, error is 1.009492e-07 (0.04 s).
Cholesky vectors no   804 -   811 computed, error is 9.613470e-08 (0.03 s).
Cholesky decomposition finished in 8.90 s. Realized memory size is 23 Mi 375 ki.
Time use: integrals 24.7 %, linear algebra 75.3 %.
741 shell pairs out of 741 are significant.
Constructing static nrad=50 lmax=23 XC grid.
Composition of XC grid:
    atom Npoints     Nfuncs
    1 O     8158     593911
    2 H     8508     610154
    3 H     8508     609925
    4 O     8385     593651
    5 H     8639     603224
    6 H     8303     637838
Forming Cholesky Coulomb matrix ... done (0.02 s)
Forming Cholesky exchange matrix ... done (0.16 s)
Forming short-range Cholesky exchange matrix ... done (0.20 s)
Computing DFT exchange and correlation ... done (0.32 s)
Numerically integrated density is 20.00007 (+0.0004 %).
Solving SCF equations ... done (0.01 s)

Kinetic               energy:  1.5110431020357947e+02
Nuclear attraction    energy: -4.3016669338051747e+02
Total one-electron    energy: -2.7906238317693800e+02
Nuclear repulsion     energy:  3.6502871607913640e+01
Coulomb               energy:  1.0795205435871848e+02
Exchange-correlation  energy: -1.8127277324487160e+01
Non-local correlation energy:  0.0000000000000000e+00
-----------------------------------------------------
                Total energy: -1.5273473453479303e+02
               Virial factor:  1.0107900583975198e+00

Dipole mu = (-0.00000046,  0.00000118, -0.00000046) D

HOMO-LUMO gap is    0.91 eV. Orbital energies:
     -19.4827*     -19.4805*      -1.4294*      -1.3938*      -0.7293*
      -0.7270*      -0.5952*      -0.5636*      -0.4904*      -0.4872*
      -0.0280        0.0162        0.0486        0.0755        0.1133 
       0.1242        0.1411        0.1596        0.1674        0.1828 
       0.1910        0.2211        0.2224        0.2610        0.2946 
       0.3075        0.3142        0.3307        0.3780        0.4142 
       0.4596        0.4723        0.5065        0.5294        0.5535 
       0.5668        0.5854        0.6755        0.6792        0.7558 
       0.8189        0.8516        0.9261        0.9660        0.9806 
       1.0065        1.0267        1.0433        1.1530        1.1600 
       1.2243        1.2309        1.3086        1.3237        1.3715 
       1.7209        1.7572        1.8007        1.8191        1.8499 
       1.9641        2.0444        2.1525        2.1706        2.2221 
       2.2675        2.3148        2.4247        2.4523        2.4755 
       2.6778        2.8068        3.2394        3.2744        3.2824 
       3.2871        3.3073        3.3769        3.6310        3.7012 
       3.8563        3.9250 
Used exchange-correlation functional is hyb_gga_xc_wb97x_v, 'wB97X-V range-separated functional', defined in the reference(s):
N. Mardirossian and M. Head-Gordon, Phys. Chem. Chem. Phys. 16, 9904 (2014) (DOI 10.1039/C3CP54374A)
Using VV10 non-local correlation with b =  6.000000, C = 0.010000
HOMO-LUMO gap is   12.49 eV. Energies of lowest lying orbitals:
     -19.4827*     -19.4805*      -1.4294*      -1.3938*      -0.7293*
      -0.7270*      -0.5952*      -0.5636*      -0.4904*      -0.4872*
      -0.0280        0.0162        0.0486        0.0755        0.1133 

Using range separated exchange with range separation constant omega =  0.300.
Using  16.700 % short range and  100.000 % long range exchange.
Constructing static nrad=50 lmax=23 XC grid.
Composition of XC grid:
    atom Npoints     Nfuncs
    1 O     8158     593911
    2 H     8508     610154
    3 H     8508     609925
    4 O     8385     593651
    5 H     8639     603224
    6 H     8303     637838
Constructing static nrad=25 lmax=21 NL grid.
Composition of NL grid:
    atom Npoints     Nfuncs
    1 O     3578     260784
    2 H     3733     270103
    3 H     3741     269936
    4 O     3685     262491
    5 H     3790     266983
    6 H     3649     281540

 ******* Iteration    1 ********
Forming Cholesky Coulomb matrix ... done (0.01 s)
Forming Cholesky exchange matrix ... done (0.07 s)
Forming short-range Cholesky exchange matrix ... done (0.07 s)
Computing DFT exchange and correlation ... done (0.32 s)
Numerically integrated density is 20.00004 (+0.0002 %).
ADIIS weights
 1.00e+00 
CDIIS weights
 1.00e+00 
 DIIS weights
 1.00e+00 

Solving SCF equations ... done (0.01 s)

Total energy                  : -1.5280094743861730e+02
DIIS error                    :  2.191795e-01
Energy change                 : -1.528009e+02
Max total density change      :  2.688590e-01
Max rms   density change      :  1.110888e-02
Dipole mu = (-2.09905285, -0.10039280,  0.34040158) D

Iteration took 0.53 s.

 ******* Iteration    2 ********
Forming Cholesky Coulomb matrix ... done (0.02 s)
Forming Cholesky exchange matrix ... done (0.08 s)
Forming short-range Cholesky exchange matrix ... done (0.06 s)
Computing DFT exchange and correlation ... done (0.33 s)
Numerically integrated density is 20.00008 (+0.0004 %).
ADIIS weights
 4.82e-01  5.18e-01 
CDIIS weights
 5.05e-01  4.95e-01 
 DIIS weights
 4.82e-01  5.18e-01 

Solving SCF equations ... done (0.03 s)

Total energy                  : -1.5280833801353342e+02
DIIS error                    :  2.247816e-01
Energy change                 : -7.390575e-03
Max total density change      :  1.485389e-01
Max rms   density change      :  5.616577e-03
Dipole mu = (-2.59286669, -0.05362523,  0.59816503) D

Iteration took 0.55 s.

 ******* Iteration    3 ********
Forming Cholesky Coulomb matrix ... done (0.00 s)
Forming Cholesky exchange matrix ... done (0.10 s)
Forming short-range Cholesky exchange matrix ... done (0.10 s)
Computing DFT exchange and correlation ... done (0.42 s)
Numerically integrated density is 20.00006 (+0.0003 %).
ADIIS weights
 3.23e-14  9.03e-14  1.00e+00 
CDIIS weights
 7.02e-03  6.23e-02  9.31e-01 
 DIIS weights
 6.44e-03  5.71e-02  9.36e-01 

Solving SCF equations ... done (0.00 s)

Total energy                  : -1.5291919956812268e+02
DIIS error                    :  1.744593e-02
Energy change                 : -1.108616e-01
Max total density change      :  1.346132e-02
Max rms   density change      :  4.844519e-04
Dipole mu = (-2.56562998, -0.06149021,  0.57006815) D

Iteration took 0.64 s.

 ******* Iteration    4 ********
Forming Cholesky Coulomb matrix ... done (0.00 s)
Forming Cholesky exchange matrix ... done (0.09 s)
Forming short-range Cholesky exchange matrix ... done (0.12 s)
Computing DFT exchange and correlation ... done (0.48 s)
Numerically integrated density is 20.00006 (+0.0003 %).
ADIIS weights
 2.12e-15  5.91e-16  9.11e-12  1.00e+00 
CDIIS weights
-1.90e-02 -2.29e-02  7.40e-02  9.68e-01 
 DIIS weights
-1.90e-02 -2.29e-02  7.40e-02  9.68e-01 

Solving SCF equations ... done (0.01 s)

Total energy                  : -1.5291982458758784e+02
DIIS error                    :  3.669006e-03
Energy change                 : -6.250195e-04
Max total density change      :  4.372688e-03
Max rms   density change      :  1.249536e-04
Dipole mu = (-2.55898007, -0.05541270,  0.58396134) D

Iteration took 0.74 s.

 ******* Iteration    5 ********
Forming Cholesky Coulomb matrix ... done (0.00 s)
Forming Cholesky exchange matrix ... done (0.10 s)
Forming short-range Cholesky exchange matrix ... done (0.11 s)
Computing DFT exchange and correlation ... done (0.41 s)
Numerically integrated density is 20.00006 (+0.0003 %).
ADIIS weights
 4.37e-14  4.06e-17  8.47e-14  4.73e-10  1.00e+00 
CDIIS weights
-8.41e-03 -1.22e-02  8.65e-03  4.45e-01  5.67e-01 
 DIIS weights
-8.41e-03 -1.22e-02  8.65e-03  4.45e-01  5.67e-01 

Solving SCF equations ... done (0.02 s)

Total energy                  : -1.5291984738813866e+02
DIIS error                    :  1.755953e-03
Energy change                 : -2.280055e-05
Max total density change      :  1.269822e-03
Max rms   density change      :  4.482790e-05
Dipole mu = (-2.55974310, -0.05820760,  0.57690416) D

Iteration took 0.73 s.

 ******* Iteration    6 ********
Forming Cholesky Coulomb matrix ... done (0.00 s)
Forming Cholesky exchange matrix ... done (0.09 s)
Forming short-range Cholesky exchange matrix ... done (0.11 s)
Computing DFT exchange and correlation ... done (0.40 s)
Numerically integrated density is 20.00006 (+0.0003 %).
ADIIS weights
 3.29e-14  2.47e-15  4.69e-12  8.75e-12  2.67e-09  1.00e+00 
CDIIS weights
 1.21e-03  8.12e-04 -1.04e-02 -7.63e-02  5.17e-02  1.03e+00 
 DIIS weights
 1.21e-03  8.12e-04 -1.04e-02 -7.63e-02  5.17e-02  1.03e+00 

Solving SCF equations ... done (0.16 s)

Total energy                  : -1.5291985329954008e+02
DIIS error                    :  2.361942e-04
Energy change                 : -5.911401e-06
Max total density change      :  2.032408e-04
Max rms   density change      :  1.168265e-05
Dipole mu = (-2.55943686, -0.05777993,  0.57791761) D

Iteration took 0.78 s.
Turning on non-local correlation contributions

 ******* Iteration    6 ********
Forming Cholesky Coulomb matrix ... done (0.00 s)
Forming Cholesky exchange matrix ... done (0.10 s)
Forming short-range Cholesky exchange matrix ... done (0.09 s)
Computing DFT exchange and correlation ... done (0.46 s)
Numerically integrated density is 20.00006 (+0.0003 %).
Computing non-local correlation ... 20328 points ... done (3.91 s)
ADIIS weights
 1.00e+00 
CDIIS weights
 1.00e+00 
 DIIS weights
 1.00e+00 

Solving SCF equations ... done (0.02 s)

Total energy                  : -1.5283569598098595e+02
DIIS error                    :  7.072932e-04
Energy change                 :  8.415732e-02
Max total density change      :  1.338037e-03
Max rms   density change      :  7.851094e-05
Dipole mu = (-2.55822332, -0.05787445,  0.57733774) D

Iteration took 4.68 s.

 ******* Iteration    7 ********
Forming Cholesky Coulomb matrix ... done (0.00 s)
Forming Cholesky exchange matrix ... done (0.10 s)
Forming short-range Cholesky exchange matrix ... done (0.10 s)
Computing DFT exchange and correlation ... done (0.44 s)
Numerically integrated density is 20.00006 (+0.0003 %).
Computing non-local correlation ... 20331 points ... done (3.85 s)
ADIIS weights
 7.29e-04  9.99e-01 
CDIIS weights
 4.51e-01  5.49e-01 
 DIIS weights
 4.51e-01  5.49e-01 

Solving SCF equations ... done (0.00 s)

Total energy                  : -1.5283569828242210e+02
DIIS error                    :  7.939881e-04
Energy change                 : -2.301436e-06
Max total density change      :  5.631645e-04
Max rms   density change      :  2.240996e-05
Dipole mu = (-2.56009356, -0.05782264,  0.57799402) D

Iteration took 4.52 s.

 ******* Iteration    8 ********
Forming Cholesky Coulomb matrix ... done (0.00 s)
Forming Cholesky exchange matrix ... done (0.10 s)
Forming short-range Cholesky exchange matrix ... done (0.07 s)
Computing DFT exchange and correlation ... done (0.38 s)
Numerically integrated density is 20.00006 (+0.0003 %).
Computing non-local correlation ... 20329 points ... done (4.23 s)
ADIIS weights
 3.73e-05  7.47e-05  1.00e+00 
CDIIS weights
-7.99e-02  2.92e-02  1.05e+00 
 DIIS weights
-7.99e-02  2.92e-02  1.05e+00 

Solving SCF equations ... done (0.64 s)

Total energy                  : -1.5283569955111096e+02
DIIS error                    :  9.102833e-05
Energy change                 : -1.268689e-06
Max total density change      :  1.159230e-04
Max rms   density change      :  5.560169e-06
Dipole mu = (-2.56021503, -0.05787178,  0.57790347) D

Iteration took 5.62 s.

 ******* Iteration    9 ********
Forming Cholesky Coulomb matrix ... done (0.00 s)
Forming Cholesky exchange matrix ... done (0.07 s)
Forming short-range Cholesky exchange matrix ... done (0.12 s)
Computing DFT exchange and correlation ... done (0.53 s)
Numerically integrated density is 20.00006 (+0.0003 %).
Computing non-local correlation ... 20329 points ... done (3.93 s)
ADIIS weights
 2.38e-07  5.81e-06  2.34e-04  1.00e+00 
CDIIS weights
 2.75e-03 -2.09e-02 -1.10e-01  1.13e+00 
 DIIS weights
 2.75e-03 -2.09e-02 -1.10e-01  1.13e+00 

Solving SCF equations ... done (0.03 s)

Total energy                  : -1.5283569960501188e+02
DIIS error                    :  1.550570e-05
Energy change                 : -5.390092e-08
Max total density change      :  1.703414e-05
Max rms   density change      :  1.033231e-06
Dipole mu = (-2.56032100, -0.05784655,  0.57799871) D

Iteration took 4.79 s.

 ******* Iteration   10 ********
Forming Cholesky Coulomb matrix ... done (0.00 s)
Forming Cholesky exchange matrix ... done (0.08 s)
Forming short-range Cholesky exchange matrix ... done (0.11 s)
Computing DFT exchange and correlation ... done (0.42 s)
Numerically integrated density is 20.00006 (+0.0003 %).
Computing non-local correlation ... 20329 points ... done (4.08 s)
ADIIS weights
 1.99e-05  9.78e-06  2.61e-04  4.95e-01  5.05e-01 
CDIIS weights
 3.85e-03 -4.95e-03 -7.09e-02  2.26e-01  8.46e-01 
 DIIS weights
 3.85e-03 -4.95e-03 -7.09e-02  2.26e-01  8.46e-01 

Solving SCF equations ... done (0.04 s)

Total energy                  : -1.5283569960697088e+02
DIIS error                    :  7.378037e-06
Energy change                 : -1.958995e-09
Max total density change      :  8.191868e-06
Max rms   density change      :  3.322102e-07
Dipole mu = (-2.56035439, -0.05786581,  0.57795837) D

Iteration took 4.79 s.

 ******* Iteration   11 ********
Forming Cholesky Coulomb matrix ... done (0.00 s)
Forming Cholesky exchange matrix ... done (0.09 s)
Forming short-range Cholesky exchange matrix ... done (0.09 s)
Computing DFT exchange and correlation ... done (0.37 s)
Numerically integrated density is 20.00006 (+0.0003 %).
Computing non-local correlation ... 20329 points ... done (3.24 s)
ADIIS weights
 9.47e-06  3.75e-05  1.89e-05  3.27e-01  3.38e-01  3.35e-01 
CDIIS weights
 1.50e-03 -5.12e-04 -2.49e-02  1.43e-02  3.80e-01  6.30e-01 
 DIIS weights
 1.50e-03 -5.12e-04 -2.49e-02  1.43e-02  3.80e-01  6.30e-01 

Solving SCF equations ... done (0.00 s)

Total energy                  : -1.5283569960711802e+02
DIIS error                    :  4.232431e-06
Energy change                 : -1.471392e-10
Max total density change      :  3.164811e-06
Max rms   density change      :  1.250603e-07
Dipole mu = (-2.56035886, -0.05785876,  0.57797800) D

Iteration took 3.83 s.

 ******* Iteration   12 ********
Forming Cholesky Coulomb matrix ... done (0.00 s)
Forming Cholesky exchange matrix ... done (0.07 s)
Forming short-range Cholesky exchange matrix ... done (0.09 s)
Computing DFT exchange and correlation ... done (0.31 s)
Numerically integrated density is 20.00006 (+0.0003 %).
Computing non-local correlation ... 20329 points ... done (3.22 s)
ADIIS weights
 8.49e-07  3.13e-05  1.17e-06  2.41e-01  2.54e-01  2.53e-01  2.52e-01 
CDIIS weights
-3.54e-04  8.44e-04  7.35e-03 -3.47e-02 -8.92e-02  3.48e-02  1.08e+00 
 DIIS weights
-3.54e-04  8.44e-04  7.35e-03 -3.47e-02 -8.92e-02  3.48e-02  1.08e+00 

Solving SCF equations ... done (0.00 s)

Total energy                  : -1.5283569960715766e+02
DIIS error                    :  6.743101e-07
Energy change                 : -3.964828e-11
Max total density change      :  7.639754e-07
Max rms   density change      :  3.880868e-08
Dipole mu = (-2.56036432, -0.05785913,  0.57797859) D

Iteration took 3.74 s.

 ******* Convergence achieved ********
Solution of RDFT took 36.29 s.

Kinetic               energy:  1.5181090965631290e+02
Nuclear attraction    energy: -4.3392662718332804e+02
Total one-electron    energy: -2.8211571752701468e+02
Nuclear repulsion     energy:  3.6502871607913640e+01
Coulomb               energy:  1.1135998018995798e+02
Exchange-correlation  energy: -1.8666984196841490e+01
Non-local correlation energy:  8.4150318826885590e-02
-----------------------------------------------------
                Total energy: -1.5283569960715766e+02
               Virial factor:  1.0067504367977558e+00

Dipole mu = (-2.56036432, -0.05785913,  0.57797859) D

HOMO-LUMO gap is   11.61 eV. Orbital energies:
     -19.2684*     -19.2126*      -1.1739*      -1.1171*      -0.6733*
      -0.6243*      -0.5354*      -0.4794*      -0.4518*      -0.4029*
       0.0238        0.0552        0.0570        0.0916        0.1495 
       0.1652        0.1988        0.2016        0.2105        0.2194 
       0.2466        0.2535        0.2747        0.3049        0.3197 
       0.3374        0.3511        0.4001        0.4154        0.4502 
       0.4898        0.5078        0.5178        0.5687        0.5924 
       0.6163        0.6231        0.7159        0.7351        0.8309 
       0.8662        0.9365        1.0249        1.0466        1.0531 
       1.0832        1.1072        1.1234        1.2243        1.2595 
       1.3027        1.3324        1.4295        1.4306        1.4787 
       1.8115        1.8245        1.8739        1.8868        1.9242 
       2.0032        2.1127        2.2019        2.2411        2.3267 
       2.3605        2.3940        2.5104        2.5531        2.5795 
       2.8051        2.8887        3.4168        3.4224        3.4348 
       3.4614        3.4938        3.5170        3.7536        3.8695 
       3.9765        4.0953 

Mulliken charges
   1 O           -0.257925
   2 H            0.129082
   3 H            0.128377
   4 O           -0.224844
   5 H            0.079305
   6 H            0.146005
Sum of Mulliken charges -8.326673e-15

Electron density at nuclei
   1 O          296.857235
   2 H            0.374279
   3 H            0.374722
   4 O          296.873269
   5 H            0.379575
   6 H            0.361551

Running program took 56.59 s.
Current time is Sat 22 Sep 2018 22:44:12.
