
Current Settings used by ERKALE:
     AtomGuess      	                Auto	Method used for atomic guess (Auto for same as method)
     AugChk         	  erkale_xrs_aug.chk	Save augmented calculation to file (if applicable)
     Basis          	         aug-cc-pVDZ	Basis set used in calculation
     BasisCutoff    	           1.000e-08	Cutoff for dropping out small primitives from contraction
     BasisOrth      	                Auto	Method of orthonormalization of basis set
     BasisRotate    	                true	Rotate basis set to remove redundant functions?
     C1-DIIS        	               false	Use older version of DIIS (C1-DIIS instead of C2-DIIS)?
     Charge         	                   0	Total charge of system
     DFTDelta       	           1.000e+02	Switch to final DFT grid, relative to deltaE and deltaP
     DFTDirect      	               false	Save memory by not storing values of basis functions in memory
     DFTFinalTol    	           1.000e-05	Tolerance of final DFT grid
     DFTGrid        	                Auto	DFT integration grid to use: nrad lmax or Auto for adaptive
     DFTInitialTol  	           1.000e-04	Tolerance of initial DFT grid
     DFTLobatto     	               false	Use Lobatto quadrature instead of Lebedev quadrature?
     DIISEps        	           1.000e-01	Start mixing in DIIS when error is
     DIISOrder      	                  10	How many DIIS iterations to keep in memory?
     DIISThr        	           1.000e-02	DIIS error threshold for DIIS updates
     DecFock        	               false	Use decontracted basis to calculate Fock matrix (direct HF)
     Decontract     	                    	Indices of atoms to decontract basis set for
     DeltaEmax      	           1.000e-06	Maximum allowed change of energy
     DeltaPmax      	           1.000e-05	Maximum allowed maximum difference of density matrix
     DeltaPrms      	           1.000e-06	Maximum allowed RMS difference of density matrix
     DensityFitting 	               false	Use density fitting / RI?
     Direct         	               false	Calculate two-electron integrals (or density fitting) on-the-fly?
     EField         	         0.0 0.0 0.0	Electric field
     FittingBasis   	                Auto	Basis to use for density fitting / RI (Auto for automatic)
     FittingMemory  	                1000	Amount of memory in MB to use for exchange fitting
     FittingThreshold	           1.000e-08	Linear dependence threshold for Coulomb integrals in density fitting
     Guess          	              Atomic	Used guess: atomic (default), core, or GWH
     LineSearch     	               false	Do line search in level shift (EXPENSIVE!)
     LoadChk        	water_dimer_wb97x.chk	Initialize with ground state calculation from file
     Logfile        	water_dimer_wb97x_fch.log	File to print out full information, stdout for screen
     MaxIter        	                 100	Maximum number of iterations in SCF cycle
     Method         	    hyb_gga_xc_wb97x	Method used in calculation (HF or a DFT functional)
     Multiplicity   	                   1	Spin multiplicity
     Occupancies    	                    	Orbital occupancies
     PZ             	                  No	Perform Perdew-Zunger self-interaction correction? No, Pert, Full, OldFull, Real, Can, CanPert
     PZEmax         	           1.000e-06	Threshold for energy change in unitary optimization
     PZHam          	                Symm	Hamiltonian to use in PZ-SIC: Symm, United
     PZKmax         	           1.000e-03	Threshold for kappa max in unitary optimization
     PZKrms         	           1.000e-04	Threshold for kappa rms in unitary optimization
     PZdEmax        	           1.000e-05	Tolerance threshold for energy convergence
     PZdPmax        	           1.000e-05	Tolerance threshold for density convergence
     PZdPrms        	           1.000e-06	Tolerance threshold for density convergence
     PZiter         	                  20	Max number of iterations in self-consistency iteration
     PZloc          	                true	Initial localization before SIC calculation?
     PZmode         	              CoulXC	Mode to use PZ-SIC in. Coul, CoulX, CoulC, CoulXC
     PZseed         	                   0	Seed number for randomized matrices?
     PZstab         	                   0	Stability analysis for PZ-SIC? 0 for no, 1 for oo block, 2 for full analysis
     PZstabFz       	                    	Orbitals to freeze for stability analysis (only oo!)
     PZunit         	                  10	Max number of iterations in unitary optimization
     PZw            	           1.000e+00	Weight for Perdew-Zunger self-interaction correction
     SaveChk        	water_dimer_wb97x_fch.chk	Try initializing with and save results to file
     ShPairThr      	           1.000e-14	Threshold for shell pair screening, (ij|ij)<thr
     Shift          	           0.000e+00	Level shift to use in Hartree
     StrictIntegrals	               false	Use strict integrals?
     System         	 water_dimer_xrs.xyz	System as an xyz file
     UseADIIS       	                true	Use ADIIS for Fock matrix interpolation?
     UseBroyden     	               false	Use Broyden mixing of Fock matrices?
     UseDIIS        	                true	Use Pulay's Direct Inversion in the Iterative Subspace?
     UseLM          	                true	Use a spherical harmonics basis set by default?
     UseTRDSM       	               false	Use Trust-Region DSM?
     UseTRRH        	               false	Use Trust-Region Roothaan-Hall?
     Verbose        	                true	Verbose calculation?
     XRSAugment     	                    	Which atoms to augment with diffuse functions? E.g. 1,3:5,10
     XRSDoubleBasis 	              X-AUTO	The augmentation basis to use for double-basis set calculations
     XRSGridTol     	           1.000e-04	DFT grid tolerance in double basis set calculation
     XRSInitialOrbital	                   1	Index of orbital in state to excite
     XRSInitialState	                  1s	Initial atomic state to excite
     XRSLmax        	                   5	Local: expand orbitals up to Lmax
     XRSLquad       	                  30	Local: perform angular expansion using quadrature of Lquad order
     XRSMethod      	                 fch	Which kind of calculation to perform: TP, XCH or FCH
     XRSNrad        	                 200	Local: how many point to use in radial integration
     XRSQMethod     	             Fourier	Method of computing momentum transfer matrix: Local, Fourier or Series
     XRSQval        	                    	List or range of Q values to compute
     XRSSpin        	               false	Spin to excite (false for alpha, true for beta)

Basis set aug-cc-pVDZ found in file aug-cc-pVDZ.gbs in /usr/share/erkale/basis/.
Initializing with ground-state calculation from water_dimer_wb97x.chk.

Localizing 2 orbitals on center 1.
	sh i       occ  R [Å]
	1s 1* 0.999983  0.028
	2s 1  0.965045  0.937

There are 38 shells and 6 nuclei in the basis set.

List of nuclei, geometry in Ångström with three decimal places:
		 Z	    x	    y	    z
1	O	 8	 -1.464	  0.099	  0.300
2	H	 1	 -1.956	  0.624	 -0.340
3	H	 1	 -1.797	 -0.799	  0.206
4	O	 8	  1.369	  0.146	 -0.395
5	H	 1	  1.894	  0.486	  0.335
6	H	 1	  0.451	  0.165	 -0.083

List of basis functions:
Shell    1	S cart shell at nucleus   1 with with basis functions    1-1   
Shell    2	S cart shell at nucleus   1 with with basis functions    2-2   
Shell    3	S cart shell at nucleus   1 with with basis functions    3-3   
Shell    4	S cart shell at nucleus   1 with with basis functions    4-4   
Shell    5	P cart shell at nucleus   1 with with basis functions    5-7   
Shell    6	P cart shell at nucleus   1 with with basis functions    8-10  
Shell    7	P cart shell at nucleus   1 with with basis functions   11-13  
Shell    8	D  sph shell at nucleus   1 with with basis functions   14-18  
Shell    9	D  sph shell at nucleus   1 with with basis functions   19-23  
Shell   10	S cart shell at nucleus   2 with with basis functions   24-24  
Shell   11	S cart shell at nucleus   2 with with basis functions   25-25  
Shell   12	S cart shell at nucleus   2 with with basis functions   26-26  
Shell   13	P cart shell at nucleus   2 with with basis functions   27-29  
Shell   14	P cart shell at nucleus   2 with with basis functions   30-32  
Shell   15	S cart shell at nucleus   3 with with basis functions   33-33  
Shell   16	S cart shell at nucleus   3 with with basis functions   34-34  
Shell   17	S cart shell at nucleus   3 with with basis functions   35-35  
Shell   18	P cart shell at nucleus   3 with with basis functions   36-38  
Shell   19	P cart shell at nucleus   3 with with basis functions   39-41  
Shell   20	S cart shell at nucleus   4 with with basis functions   42-42  
Shell   21	S cart shell at nucleus   4 with with basis functions   43-43  
Shell   22	S cart shell at nucleus   4 with with basis functions   44-44  
Shell   23	S cart shell at nucleus   4 with with basis functions   45-45  
Shell   24	P cart shell at nucleus   4 with with basis functions   46-48  
Shell   25	P cart shell at nucleus   4 with with basis functions   49-51  
Shell   26	P cart shell at nucleus   4 with with basis functions   52-54  
Shell   27	D  sph shell at nucleus   4 with with basis functions   55-59  
Shell   28	D  sph shell at nucleus   4 with with basis functions   60-64  
Shell   29	S cart shell at nucleus   5 with with basis functions   65-65  
Shell   30	S cart shell at nucleus   5 with with basis functions   66-66  
Shell   31	S cart shell at nucleus   5 with with basis functions   67-67  
Shell   32	P cart shell at nucleus   5 with with basis functions   68-70  
Shell   33	P cart shell at nucleus   5 with with basis functions   71-73  
Shell   34	S cart shell at nucleus   6 with with basis functions   74-74  
Shell   35	S cart shell at nucleus   6 with with basis functions   75-75  
Shell   36	S cart shell at nucleus   6 with with basis functions   76-76  
Shell   37	P cart shell at nucleus   6 with with basis functions   77-79  
Shell   38	P cart shell at nucleus   6 with with basis functions   80-82  

Basis set contains 82 functions, maximum angular momentum is 2.
Spherical harmonic Gaussians are used by default, there are 86 cartesians.

Forming overlap matrix ... done (0.00 s)
Forming kinetic energy matrix ... done (0.00 s)
Forming nuclear attraction matrix ... done (0.00 s)

Smallest eigenvalue of overlap matrix is 1.61e-03, ratio to largest is 2.11e-04.
Using symmetric orthogonalization.
Basis set diagonalized in 0.00 s.

Forming table of 46335248 ERIs, requiring 44 Mi 193 ki of memory ... done (0.60 s)

Initialization of computation done in 0.60 s.

alpha: HOMO-LUMO gap is -499.70 eV. Energies of lowest lying states:
   -19.241203     -1.081841*    -0.464996*    -0.634054*    -0.674102*
    -0.900055*   -19.109290*    -0.403253*    -0.518419*    -0.877491*
     0.033408      0.064302      0.064601      0.099774      0.159513 
beta:  HOMO-LUMO gap is   11.88 eV. Energies of lowest lying states:
   -19.252051*   -19.196057*    -1.171706*    -1.114677*    -0.674145*
    -0.624990*    -0.535891*    -0.479771*    -0.452200*    -0.403218*
     0.033408      0.064302      0.064601      0.099774      0.159513 

Using range separated exchange with range separation constant omega =  0.300.
Using  15.771 % short range and  100.000 % long range exchange.
	atom  Npoints      Nfuncs  t
	   3     3318      211078  0.56 s
	   4     3488      224435  0.62 s
	   2     3210      205160  0.63 s
	   1     4176      277935  0.82 s
	   5     3126      190753  0.48 s
	   6     3526      254588  0.72 s
DFT XC grid constructed in 1.34 s.

 ******* Iteration    1 ********
Forming HF Coulomb and exchange matrices ... done (0.13 s)
Forming screened HF exchange matrix ... done (0.09 s)
Computing DFT exchange and correlation ... done (0.37 s)
Numerically integrated density is 19.00006 (+0.0003 %).
ADIIS weights
 1.00e+00 
CDIIS weights
 1.00e+00 
 DIIS weights
 1.00e+00 

Solving SCF equations ... done (0.00 s)
alpha: HOMO-LUMO gap is -573.41 eV. Energies of lowest lying states:
   -21.656279    -19.376625*    -2.253072*    -1.727205*    -1.653546*
    -1.614601*    -1.305283*    -0.814786*    -0.659370*    -0.583986*
    -0.367143     -0.334434     -0.141472     -0.128460     -0.074970 
beta:  HOMO-LUMO gap is    5.60 eV. Energies of lowest lying states:
   -23.973825*   -19.376625*    -2.304438*    -1.749445*    -1.683254*
    -1.649762*    -1.305329*    -0.814927*    -0.659423*    -0.583991*
    -0.378047     -0.342694     -0.144936     -0.132310     -0.076116 

Dipole:	x		y		z		dipole change
	-3.89262031	-0.09572501	 0.14955137	 3.896668e+00
Energy:	electronic	total		virial		energy change
	-168.71198336	-132.20911126	 1.08046348	-132.209
	kinetic		nuclear		Coulomb		XC
	 122.36333182	-369.63303127	 94.59849879	-16.04078271
Errors:	Max dens	RMS dens	DIIS
alpha	4.201560e-01	1.219337e-02	7.533305e-01
beta	4.421299e-01	1.342815e-02

Iteration took 0.59 s.

 ******* Iteration    2 ********
Forming HF Coulomb and exchange matrices ... done (0.13 s)
Forming screened HF exchange matrix ... done (0.09 s)
Computing DFT exchange and correlation ... done (0.36 s)
Numerically integrated density is 18.99996 (-0.0002 %).
ADIIS weights
 3.14e-01  6.86e-01 
CDIIS weights
 3.98e-01  6.02e-01 
 DIIS weights
 3.14e-01  6.86e-01 

Solving SCF equations ... done (0.00 s)
alpha: HOMO-LUMO gap is -533.27 eV. Energies of lowest lying states:
   -20.189285    -19.406815*    -1.638581*    -1.308917*    -1.134704*
    -0.991450*    -0.929086*    -0.808385*    -0.665742*    -0.591807*
    -0.217079     -0.151445     -0.077971     -0.065822     -0.042928 
beta:  HOMO-LUMO gap is    9.98 eV. Energies of lowest lying states:
   -22.405509*   -19.406808*    -1.681943*    -1.308903*    -1.148685*
    -1.014343*    -0.955145*    -0.809311*    -0.665851*    -0.591794*
    -0.225116     -0.157069     -0.079378     -0.068446     -0.045322 

Dipole:	x		y		z		dipole change
	-3.70049000	 0.07053410	 0.52749368	-1.581054e-01
Energy:	electronic	total		virial		energy change
	-169.03081471	-132.52794261	 0.99373310	-0.318831
	kinetic		nuclear		Coulomb		XC
	 133.36371957	-389.31965167	 104.38022415	-17.45510676
Errors:	Max dens	RMS dens	DIIS
alpha	2.470729e-01	7.660453e-03	5.414603e-01
beta	2.446928e-01	7.766454e-03

Iteration took 0.58 s.

 ******* Iteration    3 ********
Forming HF Coulomb and exchange matrices ... done (0.14 s)
Forming screened HF exchange matrix ... done (0.09 s)
Computing DFT exchange and correlation ... done (0.36 s)
Numerically integrated density is 18.99999 (-0.0000 %).
ADIIS weights
 1.26e-16  1.01e-18  1.00e+00 
CDIIS weights
-2.41e-02  1.19e-01  9.05e-01 
 DIIS weights
-2.82e-03  1.39e-02  9.89e-01 

Solving SCF equations ... done (0.00 s)
alpha: HOMO-LUMO gap is -542.67 eV. Energies of lowest lying states:
   -20.514528    -19.348774*    -1.752195*    -1.290098*    -1.247356*
    -1.128937*    -1.067933*    -0.797196*    -0.647073*    -0.571793*
    -0.227848     -0.166841     -0.081074     -0.071264     -0.050042 
beta:  HOMO-LUMO gap is    9.14 eV. Energies of lowest lying states:
   -22.756697*   -19.348758*    -1.801357*    -1.290102*    -1.267528*
    -1.157724*    -1.102156*    -0.797548*    -0.647127*    -0.571769*
    -0.235814     -0.172414     -0.082214     -0.071957     -0.051020 

Dipole:	x		y		z		dipole change
	-3.73139573	 0.01439952	 0.39031724	 1.321943e-02
Energy:	electronic	total		virial		energy change
	-169.37322373	-132.87035163	 1.03594085	-0.342409
	kinetic		nuclear		Coulomb		XC
	 128.26055811	-380.66645310	 99.82362142	-16.79095016
Errors:	Max dens	RMS dens	DIIS
alpha	4.756906e-02	1.512509e-03	8.949200e-02
beta	5.504069e-02	1.717300e-03

Iteration took 0.60 s.

 ******* Iteration    4 ********
Forming HF Coulomb and exchange matrices ... done (0.15 s)
Forming screened HF exchange matrix ... done (0.10 s)
Computing DFT exchange and correlation ... done (0.39 s)
Numerically integrated density is 18.99998 (-0.0001 %).
ADIIS weights
 2.38e-18  5.24e-16  3.16e-01  6.84e-01 
CDIIS weights
-9.37e-03 -1.77e-03  4.62e-01  5.50e-01 
 DIIS weights
-3.76e-03 -7.11e-04  3.74e-01  6.30e-01 

Solving SCF equations ... done (0.00 s)
alpha: HOMO-LUMO gap is -538.31 eV. Energies of lowest lying states:
   -20.369676    -19.391799*    -1.695775*    -1.304387*    -1.194464*
    -1.065530*    -1.002999*    -0.807227*    -0.661580*    -0.587060*
    -0.217603     -0.154131     -0.078581     -0.067516     -0.045547 
beta:  HOMO-LUMO gap is    9.84 eV. Energies of lowest lying states:
   -22.604936*   -19.391779*    -1.743724*    -1.304332*    -1.213110*
    -1.093443*    -1.035988*    -0.807723*    -0.661631*    -0.587027*
    -0.225231     -0.159424     -0.079588     -0.068566     -0.047238 

Dipole:	x		y		z		dipole change
	-3.71753515	 0.04342376	 0.46186495	-5.414210e-03
Energy:	electronic	total		virial		energy change
	-169.37808513	-132.87521303	 1.02843793	-0.0048614
	kinetic		nuclear		Coulomb		XC
	 129.20100419	-382.31676749	 100.65271705	-16.91503887
Errors:	Max dens	RMS dens	DIIS
alpha	2.562879e-02	7.743894e-04	6.386901e-02
beta	2.460072e-02	7.649310e-04

Iteration took 0.65 s.

 ******* Iteration    5 ********
Forming HF Coulomb and exchange matrices ... done (0.15 s)
Forming screened HF exchange matrix ... done (0.10 s)
Computing DFT exchange and correlation ... done (0.39 s)
Numerically integrated density is 18.99999 (-0.0001 %).
ADIIS weights
 5.39e-16  3.29e-15  3.86e-12  2.28e-11  1.00e+00 
CDIIS weights
 6.20e-04 -2.05e-02 -8.53e-04  2.60e-01  7.60e-01 
 DIIS weights
 6.20e-04 -2.05e-02 -8.53e-04  2.60e-01  7.60e-01 

Solving SCF equations ... done (0.00 s)
alpha: HOMO-LUMO gap is -538.80 eV. Energies of lowest lying states:
   -20.382760    -19.379427*    -1.700954*    -1.299842*    -1.199364*
    -1.070988*    -1.008855*    -0.803734*    -0.657075*    -0.582398*
    -0.218416     -0.155093     -0.078433     -0.068042     -0.046009 
beta:  HOMO-LUMO gap is    9.70 eV. Energies of lowest lying states:
   -22.620830*   -19.379402*    -1.749554*    -1.299776*    -1.218675*
    -1.099694*    -1.042730*    -0.804206*    -0.657115*    -0.582358*
    -0.225935     -0.160320     -0.079386     -0.068880     -0.047666 

Dipole:	x		y		z		dipole change
	-3.71384590	 0.03951246	 0.45064651	-5.072014e-03
Energy:	electronic	total		virial		energy change
	-169.38324145	-132.88036935	 1.03136226	-0.00515632
	kinetic		nuclear		Coulomb		XC
	 128.83966629	-381.71927008	 100.36680184	-16.87043949
Errors:	Max dens	RMS dens	DIIS
alpha	2.008744e-03	8.182886e-05	7.328365e-03
beta	3.118246e-03	1.113405e-04

Iteration took 0.65 s.

 ******* Iteration    6 ********
Forming HF Coulomb and exchange matrices ... done (0.15 s)
Forming screened HF exchange matrix ... done (0.10 s)
Computing DFT exchange and correlation ... done (0.37 s)
Numerically integrated density is 18.99999 (-0.0001 %).
ADIIS weights
 2.01e-16  8.07e-15  9.78e-12  5.54e-13  6.52e-08  1.00e+00 
CDIIS weights
 1.82e-04 -3.70e-04 -1.81e-02 -1.46e-02  5.06e-02  9.82e-01 
 DIIS weights
 1.82e-04 -3.70e-04 -1.81e-02 -1.46e-02  5.06e-02  9.82e-01 

Solving SCF equations ... done (0.00 s)
alpha: HOMO-LUMO gap is -538.76 eV. Energies of lowest lying states:
   -20.381583    -19.380075*    -1.700321*    -1.300065*    -1.198667*
    -1.070499*    -1.008316*    -0.803905*    -0.657290*    -0.582633*
    -0.218233     -0.154947     -0.078443     -0.068059     -0.045954 
beta:  HOMO-LUMO gap is    9.71 eV. Energies of lowest lying states:
   -22.620077*   -19.380047*    -1.749195*    -1.299988*    -1.218288*
    -1.099550*    -1.042519*    -0.804375*    -0.657321*    -0.582586*
    -0.225646     -0.160086     -0.079363     -0.068785     -0.047562 

Dipole:	x		y		z		dipole change
	-3.71386422	 0.03949307	 0.45059440	 1.170027e-05
Energy:	electronic	total		virial		energy change
	-169.38336938	-132.88049728	 1.03135395	-0.000127932
	kinetic		nuclear		Coulomb		XC
	 128.84082785	-381.71023476	 100.35632138	-16.87028385
Errors:	Max dens	RMS dens	DIIS
alpha	5.342616e-04	1.385033e-05	3.698850e-04
beta	4.009147e-04	1.353000e-05

Iteration took 0.63 s.

 ******* Iteration    7 ********
Forming HF Coulomb and exchange matrices ... done (0.15 s)
Forming screened HF exchange matrix ... done (0.10 s)
Computing DFT exchange and correlation ... done (0.36 s)
Numerically integrated density is 18.99999 (-0.0001 %).
ADIIS weights
 2.59e-16  1.02e-14  2.32e-12  3.45e-11  1.09e-10  1.16e-05  1.00e+00 
CDIIS weights
-1.81e-05  3.40e-04  2.05e-03 -2.23e-03 -1.85e-02 -1.10e-01  1.13e+00 
 DIIS weights
-1.81e-05  3.40e-04  2.05e-03 -2.23e-03 -1.85e-02 -1.10e-01  1.13e+00 

Solving SCF equations ... done (0.00 s)
alpha: HOMO-LUMO gap is -538.75 eV. Energies of lowest lying states:
   -20.381387    -19.380045*    -1.700271*    -1.300044*    -1.198587*
    -1.070399*    -1.008243*    -0.803882*    -0.657274*    -0.582618*
    -0.218262     -0.154964     -0.078443     -0.068083     -0.045967 
beta:  HOMO-LUMO gap is    9.71 eV. Energies of lowest lying states:
   -22.620065*   -19.380014*    -1.749247*    -1.299961*    -1.218329*
    -1.099590*    -1.042569*    -0.804350*    -0.657299*    -0.582566*
    -0.225623     -0.160058     -0.079345     -0.068751     -0.047538 

Dipole:	x		y		z		dipole change
	-3.71373369	 0.03949805	 0.45056903	-1.325734e-04
Energy:	electronic	total		virial		energy change
	-169.38337113	-132.88049903	 1.03132909	-1.74634e-06
	kinetic		nuclear		Coulomb		XC
	 128.84393543	-381.71666702	 100.36021232	-16.87085186
Errors:	Max dens	RMS dens	DIIS
alpha	2.336142e-04	5.768715e-06	2.616705e-05
beta	1.968615e-04	5.583737e-06

Iteration took 0.62 s.

 ******* Iteration    8 ********
Forming HF Coulomb and exchange matrices ... done (0.16 s)
Forming screened HF exchange matrix ... done (0.10 s)
Computing DFT exchange and correlation ... done (0.39 s)
Numerically integrated density is 18.99999 (-0.0001 %).
ADIIS weights
 2.60e-17  1.07e-17  4.36e-12  1.94e-11  5.19e-09  6.78e-06  2.25e-04  1.00e+00 
CDIIS weights
 7.09e-06 -1.47e-05  4.38e-04  7.03e-04 -1.35e-03 -3.40e-02 -6.54e-02  1.10e+00 
 DIIS weights
 7.09e-06 -1.47e-05  4.38e-04  7.03e-04 -1.35e-03 -3.40e-02 -6.54e-02  1.10e+00 

Solving SCF equations ... done (0.00 s)
alpha: HOMO-LUMO gap is -538.75 eV. Energies of lowest lying states:
   -20.381334    -19.380037*    -1.700255*    -1.300043*    -1.198569*
    -1.070380*    -1.008227*    -0.803879*    -0.657269*    -0.582616*
    -0.218271     -0.154971     -0.078445     -0.068091     -0.045972 
beta:  HOMO-LUMO gap is    9.71 eV. Energies of lowest lying states:
   -22.620096*   -19.380005*    -1.749271*    -1.299956*    -1.218357*
    -1.099623*    -1.042597*    -0.804346*    -0.657292*    -0.582562*
    -0.225610     -0.160045     -0.079340     -0.068736     -0.047529 

Dipole:	x		y		z		dipole change
	-3.71371983	 0.03948645	 0.45053461	-1.803019e-05
Energy:	electronic	total		virial		energy change
	-169.38337139	-132.88049929	 1.03132923	-2.6498e-07
	kinetic		nuclear		Coulomb		XC
	 128.84391891	-381.71660002	 100.36018824	-16.87087852
Errors:	Max dens	RMS dens	DIIS
alpha	8.745667e-05	2.185812e-06	5.533214e-06
beta	8.283881e-05	2.254543e-06

Iteration took 0.66 s.

 ******* Convergence achieved ********
Dipole moment is (-9.439333,0.100365,1.145145) D, |mu|=9.509072 D.
Solution of UDFT took 7.07 s.
alpha: HOMO-LUMO gap is -538.75 eV. Energies of lowest lying states:
   -20.381334    -19.380037*    -1.700255*    -1.300043*    -1.198569*
    -1.070380*    -1.008227*    -0.803879*    -0.657269*    -0.582616*
    -0.218271     -0.154971     -0.078445     -0.068091     -0.045972 
beta:  HOMO-LUMO gap is    9.71 eV. Energies of lowest lying states:
   -22.620096*   -19.380005*    -1.749271*    -1.299956*    -1.218357*
    -1.099623*    -1.042597*    -0.804346*    -0.657292*    -0.582562*
    -0.225610     -0.160045     -0.079340     -0.068736     -0.047529 

Using range separated exchange with range separation constant omega =  0.300.
Using  15.771 % short range and  100.000 % long range exchange.
	atom  Npoints      Nfuncs  t
	   4     7438      473366  1.50 s
	   3     7988      503147  1.69 s
	   2     7840      492220  1.98 s
	   1     8722      573396  2.29 s
	   5     7700      468195  1.42 s
	   6     8876      626205  2.34 s
DFT XC grid constructed in 4.04 s.

 ******* Iteration    1 ********
Forming HF Coulomb and exchange matrices ... done (0.13 s)
Forming screened HF exchange matrix ... done (0.09 s)
Computing DFT exchange and correlation ... done (1.02 s)
Numerically integrated density is 19.00000 (-0.0000 %).
ADIIS weights
 1.00e+00 
CDIIS weights
 1.00e+00 
 DIIS weights
 1.00e+00 

Solving SCF equations ... done (0.00 s)
alpha: HOMO-LUMO gap is -538.89 eV. Energies of lowest lying states:
   -20.386407    -19.380831*    -1.699747*    -1.299662*    -1.198713*
    -1.070335*    -1.008343*    -0.803646*    -0.657025*    -0.582416*
    -0.218248     -0.155058     -0.078430     -0.068104     -0.046020 
beta:  HOMO-LUMO gap is    9.71 eV. Energies of lowest lying states:
   -22.619742*   -19.380798*    -1.749230*    -1.299577*    -1.218432*
    -1.099790*    -1.042781*    -0.804119*    -0.657049*    -0.582361*
    -0.225589     -0.160056     -0.079325     -0.068713     -0.047517 

Dipole:	x		y		z		dipole change
	-3.71400645	 0.03922875	 0.44997245	 3.741371e+00
Energy:	electronic	total		virial		energy change
	-169.38305193	-132.88017983	 1.03132683	-132.88
	kinetic		nuclear		Coulomb		XC
	 128.84390892	-381.71654835	 100.36015328	-16.87056578
Errors:	Max dens	RMS dens	DIIS
alpha	6.483540e-04	3.181729e-05	8.331908e-04
beta	5.367728e-04	1.616535e-05

Iteration took 1.24 s.

 ******* Iteration    2 ********
Forming HF Coulomb and exchange matrices ... done (0.15 s)
Forming screened HF exchange matrix ... done (0.10 s)
Computing DFT exchange and correlation ... done (1.06 s)
Numerically integrated density is 19.00000 (-0.0000 %).
ADIIS weights
 1.67e-04  1.00e+00 
CDIIS weights
 2.39e-01  7.61e-01 
 DIIS weights
 2.39e-01  7.61e-01 

Solving SCF equations ... done (0.00 s)
alpha: HOMO-LUMO gap is -538.87 eV. Energies of lowest lying states:
   -20.385955    -19.381961*    -1.699590*    -1.300028*    -1.198593*
    -1.070178*    -1.008178*    -0.803933*    -0.657392*    -0.582800*
    -0.218231     -0.155037     -0.078449     -0.068102     -0.046019 
beta:  HOMO-LUMO gap is    9.72 eV. Energies of lowest lying states:
   -22.619303*   -19.381928*    -1.749079*    -1.299941*    -1.218296*
    -1.099637*    -1.042613*    -0.804406*    -0.657414*    -0.582744*
    -0.225569     -0.160032     -0.079343     -0.068702     -0.047505 

Dipole:	x		y		z		dipole change
	-3.71441256	 0.03949502	 0.45078683	 5.039676e-04
Energy:	electronic	total		virial		energy change
	-169.38305264	-132.88018054	 1.03136435	-7.18875e-07
	kinetic		nuclear		Coulomb		XC
	 128.83922197	-381.70767080	 100.35539885	-16.87000266
Errors:	Max dens	RMS dens	DIIS
alpha	1.929706e-04	5.875993e-06	4.465534e-04
beta	1.920415e-04	5.630372e-06

Iteration took 1.32 s.

 ******* Iteration    3 ********
Forming HF Coulomb and exchange matrices ... done (0.16 s)
Forming screened HF exchange matrix ... done (0.10 s)
Computing DFT exchange and correlation ... done (1.05 s)
Numerically integrated density is 19.00000 (-0.0000 %).
ADIIS weights
 1.06e-05  2.11e-01  7.89e-01 
CDIIS weights
-6.19e-02  3.44e-01  7.18e-01 
 DIIS weights
-6.19e-02  3.44e-01  7.18e-01 

Solving SCF equations ... done (0.00 s)
alpha: HOMO-LUMO gap is -538.88 eV. Energies of lowest lying states:
   -20.386023    -19.381549*    -1.699632*    -1.299858*    -1.198648*
    -1.070234*    -1.008232*    -0.803803*    -0.657227*    -0.582630*
    -0.218246     -0.155057     -0.078441     -0.068112     -0.046030 
beta:  HOMO-LUMO gap is    9.71 eV. Energies of lowest lying states:
   -22.619394*   -19.381515*    -1.749129*    -1.299770*    -1.218346*
    -1.099698*    -1.042670*    -0.804274*    -0.657248*    -0.582574*
    -0.225582     -0.160050     -0.079334     -0.068707     -0.047510 

Dipole:	x		y		z		dipole change
	-3.71431986	 0.03940435	 0.45053037	-1.238617e-04
Energy:	electronic	total		virial		energy change
	-169.38305283	-132.88018073	 1.03133862	-1.81805e-07
	kinetic		nuclear		Coulomb		XC
	 128.84243613	-381.71471951	 100.35974136	-16.87051080
Errors:	Max dens	RMS dens	DIIS
alpha	6.586362e-05	2.200212e-06	2.460006e-04
beta	6.671110e-05	2.073340e-06

Iteration took 1.32 s.

 ******* Iteration    4 ********
Forming HF Coulomb and exchange matrices ... done (0.15 s)
Forming screened HF exchange matrix ... done (0.10 s)
Computing DFT exchange and correlation ... done (1.00 s)
Numerically integrated density is 19.00000 (-0.0000 %).
ADIIS weights
 2.06e-05  3.44e-03  1.03e-03  9.96e-01 
CDIIS weights
-9.29e-03  3.94e-02  9.45e-02  8.75e-01 
 DIIS weights
-9.29e-03  3.94e-02  9.45e-02  8.75e-01 

Solving SCF equations ... done (0.00 s)
alpha: HOMO-LUMO gap is -538.88 eV. Energies of lowest lying states:
   -20.386065    -19.381564*    -1.699649*    -1.299862*    -1.198665*
    -1.070252*    -1.008251*    -0.803807*    -0.657233*    -0.582636*
    -0.218249     -0.155060     -0.078441     -0.068114     -0.046031 
beta:  HOMO-LUMO gap is    9.71 eV. Energies of lowest lying states:
   -22.619441*   -19.381530*    -1.749146*    -1.299773*    -1.218362*
    -1.099716*    -1.042690*    -0.804277*    -0.657253*    -0.582579*
    -0.225586     -0.160054     -0.079334     -0.068707     -0.047512 

Dipole:	x		y		z		dipole change
	-3.71434978	 0.03940239	 0.45053570	 3.031995e-05
Energy:	electronic	total		virial		energy change
	-169.38305291	-132.88018081	 1.03135148	-8.11112e-08
	kinetic		nuclear		Coulomb		XC
	 128.84083071	-381.71149072	 100.35789147	-16.87028436
Errors:	Max dens	RMS dens	DIIS
alpha	1.057672e-05	4.340758e-07	1.380505e-05
beta	6.588824e-06	2.693572e-07

Iteration took 1.26 s.

 ******* Iteration    5 ********
Forming HF Coulomb and exchange matrices ... done (0.15 s)
Forming screened HF exchange matrix ... done (0.10 s)
Computing DFT exchange and correlation ... done (1.05 s)
Numerically integrated density is 19.00000 (-0.0000 %).
ADIIS weights
 8.63e-05  7.58e-04  8.45e-03  4.92e-01  4.99e-01 
CDIIS weights
 4.82e-03 -3.88e-02 -7.62e-02  3.07e-01  8.03e-01 
 DIIS weights
 4.82e-03 -3.88e-02 -7.62e-02  3.07e-01  8.03e-01 

Solving SCF equations ... done (0.00 s)
alpha: HOMO-LUMO gap is -538.88 eV. Energies of lowest lying states:
   -20.386046    -19.381558*    -1.699643*    -1.299859*    -1.198659*
    -1.070245*    -1.008244*    -0.803804*    -0.657230*    -0.582633*
    -0.218248     -0.155059     -0.078441     -0.068114     -0.046031 
beta:  HOMO-LUMO gap is    9.71 eV. Energies of lowest lying states:
   -22.619423*   -19.381523*    -1.749139*    -1.299770*    -1.218356*
    -1.099709*    -1.042683*    -0.804275*    -0.657250*    -0.582576*
    -0.225585     -0.160053     -0.079334     -0.068707     -0.047511 

Dipole:	x		y		z		dipole change
	-3.71435046	 0.03940422	 0.45054186	 1.438221e-06
Energy:	electronic	total		virial		energy change
	-169.38305291	-132.88018081	 1.03134958	-5.62977e-10
	kinetic		nuclear		Coulomb		XC
	 128.84106716	-381.71194842	 100.35814696	-16.87031861
Errors:	Max dens	RMS dens	DIIS
alpha	3.521486e-06	1.747745e-07	8.415609e-06
beta	4.297103e-06	1.484341e-07

Iteration took 1.32 s.

 ******* Iteration    6 ********
Forming HF Coulomb and exchange matrices ... done (0.15 s)
Forming screened HF exchange matrix ... done (0.10 s)
Computing DFT exchange and correlation ... done (1.00 s)
Numerically integrated density is 19.00000 (-0.0000 %).
ADIIS weights
 2.63e-05  2.14e-03  2.58e-02  3.22e-01  3.25e-01  3.25e-01 
CDIIS weights
 3.98e-04  9.25e-05 -1.57e-03 -6.53e-02 -6.37e-02  1.13e+00 
 DIIS weights
 3.98e-04  9.25e-05 -1.57e-03 -6.53e-02 -6.37e-02  1.13e+00 

Solving SCF equations ... done (0.00 s)
alpha: HOMO-LUMO gap is -538.88 eV. Energies of lowest lying states:
   -20.386048    -19.381558*    -1.699643*    -1.299859*    -1.198660*
    -1.070246*    -1.008244*    -0.803804*    -0.657231*    -0.582633*
    -0.218248     -0.155059     -0.078441     -0.068114     -0.046031 
beta:  HOMO-LUMO gap is    9.71 eV. Energies of lowest lying states:
   -22.619424*   -19.381523*    -1.749139*    -1.299770*    -1.218356*
    -1.099709*    -1.042683*    -0.804275*    -0.657250*    -0.582576*
    -0.225585     -0.160054     -0.079334     -0.068707     -0.047512 

Dipole:	x		y		z		dipole change
	-3.71435209	 0.03940435	 0.45054314	 1.775184e-06
Energy:	electronic	total		virial		energy change
	-169.38305291	-132.88018081	 1.03135040	-1.75817e-10
	kinetic		nuclear		Coulomb		XC
	 128.84096505	-381.71176692	 100.35805465	-16.87030568
Errors:	Max dens	RMS dens	DIIS
alpha	1.011959e-06	6.009515e-08	4.286219e-07
beta	7.559817e-07	3.595296e-08

Iteration took 1.26 s.

 ******* Convergence achieved ********
Dipole moment is (-9.440940,0.100156,1.145166) D, |mu|=9.510667 D.
Solution of UDFT took 11.77 s.
Vertical photoionization energy is 543.47 eV.



Running program took 19.61 s.
Current time is Fri 06 Feb 2015 06:04:25.
