ERKALE - XRS from Hel, OpenMP version, running on 6 cores.
(c) Susi Lehtola, 2010-2016.

This program is free software; you can redistribute it and/or modify
it under the terms of the GNU General Public License as published by
the Free Software Foundation; either version 2 of the License, or
(at your option) any later version.

Running on host lenovo.


Current Settings used by ERKALE:
     AtomGuess      	                Auto	Method used for atomic guess (Auto for same as method)
     AugChk         	  erkale_xrs_aug.chk	Save augmented calculation to file (if applicable)
     Basis          	         aug-cc-pVDZ	Basis set used in calculation
     BasisCutoff    	           1.000e-08	Cutoff for dropping out small primitives from contraction
     BasisOrth      	                Auto	Method of orthonormalization of basis set
     BasisRotate    	               false	Rotate basis set to remove redundant functions?
     Charge         	                   0	Total charge of system
     CholDepThresh  	           1.000e-07	Partial Cholesky decomposition threshold
     Cholesky       	                true	Use Cholesky decomposition?
     CholeskyMode   	                   0	Save/load integrals? 0 no, 1 save, -1 load
     CholeskyNAFThr 	           0.000e+00	Cholesky natural auxiliary function threshold
     CholeskyShThr  	           1.000e-02	Cholesky cache threshold
     CholeskyThr    	           1.000e-07	Cholesky decomposition threshold
     Confinement    	         0.0 0.0 0.0	Confinement potential V(r) = V_i x_i^2
     ConvThr        	           1.000e-06	Orbital gradient convergence threshold
     DFTBasisThr    	           1.000e-10	Threshold for screening basis functions on grid
     DFTCpars       	                    	Override parameters of correlation functional (expert)
     DFTDelta       	           1.000e+02	Switch to final DFT grid has converged within factor X
     DFTDensityThr  	           1.000e-10	Threshold for screening density on grid
     DFTFinalTol    	           1.000e-05	Tolerance of final DFT grid
     DFTGrid        	             50 -194	DFT integration grid to use: nrad lmax or Auto for adaptive
     DFTInitialTol  	           1.000e-04	Tolerance of initial DFT grid
     DFTLobatto     	               false	Use Lobatto quadrature instead of Lebedev quadrature?
     DFTQuadThresh  	           2.220e-16	Threshold for pruning points with small quadrature weight
     DFTXpars       	                    	Override parameters of exchange functional (expert)
     DIISComb       	               false	Combine alpha and beta errors in unrestricted calcs?
     DIISEps        	           1.000e-01	Start mixing in DIIS when error is
     DIISOrder      	                  10	How many DIIS iterations to keep in memory?
     DIISThr        	           1.000e-02	DIIS error threshold for DIIS updates
     DecFock        	               false	Use decontracted basis to calculate Fock matrix (direct HF)
     Decontract     	                    	Indices of atoms to decontract basis set for
     DensityFitting 	               false	Use density fitting / RI?
     Direct         	               false	Calculate two-electron integrals (or density fitting) on-the-fly?
     EField         	         0.0 0.0 0.0	Electric field
     FittingBasis   	                Auto	Basis to use for density fitting / RI (Auto for automatic)
     FittingCholeskyThreshold	           1.000e-08	Linear dependence threshold for pivoted Cholesky of Coulomb integrals in density fitting
     FittingMemory  	                1000	Amount of memory in MB to use for exchange fitting
     FittingThreshold	           1.000e-07	Linear dependence threshold for Coulomb integrals in density fitting
     Guess          	                 SAD	Used guess: SAD (default), SADNO, core, GWH, SAP, or SAPfit
     InputBohr      	               false	Use atomic units as input units instead of angstrom?
     IntegralThresh 	           1.000e-14	Integral screening threshold
     Kgwh           	           1.750e+00	Scaling constant for GWH
     LinDepThresh   	           1.000e-05	Basis set linear dependency threshold
     LinearB        	           0.000e+00	Magnetic field along bond axis
     LinearFreeze   	               false	If using linear symmetry, freeze symmetry to input guess
     LinearOccupationFile	         linoccs.dat	File to read linear occupations from
     LinearOccupations	                   0	Read in occupations for linear molecule calculations?
     LinearSymmetry 	               false	Do special calculation on linear molecule along z axis
     LoadChk        	water_dimer_wb97.chk	Initialize with ground state calculation from file
     Logfile        	water_dimer_wb97_xrs.log	File to print out full information, stdout for screen
     MaxIter        	                 100	Maximum number of iterations in SCF cycle
     Method         	     hyb_gga_xc_wb97	Method used in calculation (HF or a DFT functional)
     Multiplicity   	                   1	Spin multiplicity
     NLGrid         	             50 -194	Integration grid to use for nonlocal correlation: nrad lmax
     Occupancies    	                    	Orbital occupancies
     OptLM          	                true	If spherical harmonics used, use cartesian s and p functions?
     PZ             	               false	Perform Perdew-Zunger self-interaction correction?
     PZEthr         	           1.000e-10	Threshold for energy convergence
     PZIthr         	           1.000e-02	Threshold for initialization convergence (not too small!)
     PZNRthr        	           0.000e+00	Threshold for use of NR method in OO optimization
     PZOOthr        	           1.000e-04	Gradient threshold for OO optimization
     PZOVthr        	           1.000e-05	Gradient threshold for OV optimization
     PZimag         	                Auto	Imaginary degrees of freedom in PZ?
     PZiter         	                  20	Max number of iterations in self-consistency iteration
     PZloc          	                Auto	Initial localization before SIC calculation?
     PZlocmet       	                  FB	Initial localization method (recommend FB or IAO)
     PZmode         	                  XC	Apply PZ to the operators (in addition to J): X C D
     PZoo           	                true	Optimize OO block?
     PZov           	                true	Optimize OV block?
     PZprec         	                   1	Precondition OV block? 0: no, 1: unified, 2: orbital
     PZrand         	                true	Apply random rotation in PZ initialization? (Should be true)
     PZscale        	            Constant	Scaling for PZ: Constant, Density or Kinetic
     PZscaleExp     	           1.000e+00	Exponent in the dynamic scaling equation
     PZseed         	                   0	Seed number for randomized matrices?
     PZstab         	                   0	Stability analysis for PZ-SIC? 1 or -1 for OO, 2 or -2 for OO+OV
     PZstabThr      	           1.000e-03	Instability threshold (interpreted as -thr)
     PZw            	           1.000e+00	Weight for Perdew-Zunger self-interaction correction
     SAPBasis       	    helfem_large.gbs	Tabulated atomic effective potential "basis set"
     SAPGrid        	                    	SAP integration grid to use: nrad lmax or leave empty
     SaveChk        	water_dimer_wb97_xrs.chk	Try initializing with and save results to file
     Shift          	           0.000e+00	Level shift to use in Hartree
     System         	 water_dimer_xrs.xyz	System as an xyz file
     TRRHminS       	           9.750e-01	Trust-Region Roothaan-Hall minimal occupied orbital overlap
     UseADIIS       	                true	Use ADIIS for Fock matrix interpolation?
     UseBroyden     	               false	Use Broyden mixing of Fock matrices?
     UseDIIS        	                true	Use Pulay's Direct Inversion in the Iterative Subspace?
     UseLM          	                true	Use a spherical harmonics basis set by default?
     UseTRRH        	               false	Use Trust-Region Roothaan-Hall?
     VV10           	                Auto	Use VV10 non-local correlation?
     VV10Pars       	                    	VV10 parameters: b C
     Verbose        	                true	Verbose calculation?
     XRSAugment     	                    	Which atoms to augment with diffuse functions? E.g. 1,3:5,10
     XRSDoubleBasis 	              X-AUTO	The augmentation basis to use for double-basis set calculations
     XRSInitialOrbital	                   1	Index of orbital in state to excite
     XRSInitialState	                  1s	Initial atomic state to excite
     XRSLmax        	                   5	Local: expand orbitals up to Lmax
     XRSLquad       	                  30	Local: perform angular expansion using quadrature of Lquad order
     XRSMethod      	                  tp	Which kind of calculation to perform: TP, XCH or FCH
     XRSNrad        	                 200	Local: how many point to use in radial integration
     XRSQMethod     	             Fourier	Method of computing momentum transfer matrix: Local, Fourier or Series
     XRSQval        	                    	List or range of Q values to compute
     XRSSpin        	               false	Spin to excite (false for alpha, true for beta)

Basis set aug-cc-pVDZ found in file aug-cc-pVDZ.gbs in /home/work/erkale/basis/.
Initializing with ground-state calculation from water_dimer_wb97.chk.

Localizing 2 orbitals on center 1.
	sh i       occ  R [Å]
	1s 1* 0.999984  0.028
	2s 1  0.963448  0.945

There are 38 shells and 6 nuclei in the basis set.

List of nuclei, geometry in Ångström with three decimal places:
		 Z	    x	    y	    z
1	O	 8	 -1.464	  0.099	  0.300
2	H	 1	 -1.956	  0.624	 -0.340
3	H	 1	 -1.797	 -0.799	  0.206
4	O	 8	  1.369	  0.146	 -0.395
5	H	 1	  1.894	  0.486	  0.335
6	H	 1	  0.451	  0.165	 -0.083

Interatomic distance matrix:
          1O    2H    3H    4O    5H 
   2H  0.963
   3H  0.962 1.532
   4O  2.917 3.360 3.358
   5H  3.380 3.911 3.910 0.961
   6H  1.954 2.464 2.463 0.970 1.536

List of basis functions:
Shell    1	S cart shell at nucleus   1 with with basis functions    1-1   
Shell    2	S cart shell at nucleus   1 with with basis functions    2-2   
Shell    3	S cart shell at nucleus   1 with with basis functions    3-3   
Shell    4	S cart shell at nucleus   1 with with basis functions    4-4   
Shell    5	P cart shell at nucleus   1 with with basis functions    5-7   
Shell    6	P cart shell at nucleus   1 with with basis functions    8-10  
Shell    7	P cart shell at nucleus   1 with with basis functions   11-13  
Shell    8	D  sph shell at nucleus   1 with with basis functions   14-18  
Shell    9	D  sph shell at nucleus   1 with with basis functions   19-23  
Shell   10	S cart shell at nucleus   2 with with basis functions   24-24  
Shell   11	S cart shell at nucleus   2 with with basis functions   25-25  
Shell   12	S cart shell at nucleus   2 with with basis functions   26-26  
Shell   13	P cart shell at nucleus   2 with with basis functions   27-29  
Shell   14	P cart shell at nucleus   2 with with basis functions   30-32  
Shell   15	S cart shell at nucleus   3 with with basis functions   33-33  
Shell   16	S cart shell at nucleus   3 with with basis functions   34-34  
Shell   17	S cart shell at nucleus   3 with with basis functions   35-35  
Shell   18	P cart shell at nucleus   3 with with basis functions   36-38  
Shell   19	P cart shell at nucleus   3 with with basis functions   39-41  
Shell   20	S cart shell at nucleus   4 with with basis functions   42-42  
Shell   21	S cart shell at nucleus   4 with with basis functions   43-43  
Shell   22	S cart shell at nucleus   4 with with basis functions   44-44  
Shell   23	S cart shell at nucleus   4 with with basis functions   45-45  
Shell   24	P cart shell at nucleus   4 with with basis functions   46-48  
Shell   25	P cart shell at nucleus   4 with with basis functions   49-51  
Shell   26	P cart shell at nucleus   4 with with basis functions   52-54  
Shell   27	D  sph shell at nucleus   4 with with basis functions   55-59  
Shell   28	D  sph shell at nucleus   4 with with basis functions   60-64  
Shell   29	S cart shell at nucleus   5 with with basis functions   65-65  
Shell   30	S cart shell at nucleus   5 with with basis functions   66-66  
Shell   31	S cart shell at nucleus   5 with with basis functions   67-67  
Shell   32	P cart shell at nucleus   5 with with basis functions   68-70  
Shell   33	P cart shell at nucleus   5 with with basis functions   71-73  
Shell   34	S cart shell at nucleus   6 with with basis functions   74-74  
Shell   35	S cart shell at nucleus   6 with with basis functions   75-75  
Shell   36	S cart shell at nucleus   6 with with basis functions   76-76  
Shell   37	P cart shell at nucleus   6 with with basis functions   77-79  
Shell   38	P cart shell at nucleus   6 with with basis functions   80-82  

Basis set contains 82 functions, maximum angular momentum is 2.
Spherical harmonic Gaussians are used by default, there are 86 cartesians.

Forming overlap matrix ... done (0.00 s)
Forming kinetic energy matrix ... done (0.01 s)
Forming nuclear attraction matrix ... done (0.01 s)

Smallest eigenvalue of overlap matrix is 1.69e-03, reciprocal condition number is 1.98e-04.
Using symmetric orthogonalization.
Basis set diagonalized in 0.00 s.

Computing repulsion integrals.
Screening by shell pairs and symmetry reduced dofs by factor 1.98.
Individual screening reduced dofs by a total factor 1.98.
Computing Cholesky vectors. Estimated memory size is 6 Mi - 21 Mi.
Cholesky vectors no     0 -     0 computed, error is 4.734640e+00 (0.00 s).
Cholesky vectors no     1 -     1 computed, error is 7.301862e-01 (0.00 s).
Cholesky vectors no     2 -     7 computed, error is 7.104012e-01 (0.00 s).
Cholesky vectors no     8 -    13 computed, error is 6.018771e-01 (0.00 s).
Cholesky vectors no    14 -    19 computed, error is 5.688391e-01 (0.00 s).
Cholesky vectors no    20 -    25 computed, error is 3.039446e-01 (0.00 s).
Cholesky vectors no    26 -    40 computed, error is 2.908685e-01 (0.01 s).
Cholesky vectors no    41 -    55 computed, error is 1.163445e-01 (0.01 s).
Cholesky vectors no    56 -    58 computed, error is 1.090000e-01 (0.00 s).
Cholesky vectors no    59 -    68 computed, error is 9.642770e-02 (0.00 s).
Cholesky vectors no    69 -    74 computed, error is 9.068693e-02 (0.00 s).
Cholesky vectors no    75 -    80 computed, error is 7.952190e-02 (0.00 s).
Cholesky vectors no    81 -    83 computed, error is 7.738001e-02 (0.00 s).
Cholesky vectors no    84 -    86 computed, error is 7.038370e-02 (0.00 s).
Cholesky vectors no    87 -    89 computed, error is 6.323953e-02 (0.00 s).
Cholesky vectors no    90 -    95 computed, error is 5.373572e-02 (0.00 s).
Cholesky vectors no    96 -   110 computed, error is 4.889783e-02 (0.01 s).
Cholesky vectors no   111 -   113 computed, error is 3.812807e-02 (0.00 s).
Cholesky vectors no   114 -   128 computed, error is 3.102447e-02 (0.01 s).
Cholesky vectors no   129 -   138 computed, error is 2.552526e-02 (0.01 s).
Cholesky vectors no   139 -   141 computed, error is 2.363380e-02 (0.00 s).
Cholesky vectors no   142 -   144 computed, error is 2.282758e-02 (0.00 s).
Cholesky vectors no   145 -   150 computed, error is 2.276639e-02 (0.00 s).
Cholesky vectors no   151 -   156 computed, error is 2.258497e-02 (0.00 s).
Cholesky vectors no   157 -   162 computed, error is 1.934409e-02 (0.00 s).
Cholesky vectors no   163 -   172 computed, error is 1.511266e-02 (0.01 s).
Cholesky vectors no   173 -   178 computed, error is 1.290242e-02 (0.00 s).
Cholesky vectors no   179 -   184 computed, error is 1.051748e-02 (0.00 s).
Cholesky vectors no   185 -   194 computed, error is 5.051526e-03 (0.01 s).
Cholesky vectors no   195 -   197 computed, error is 3.484589e-03 (0.00 s).
Cholesky vectors no   198 -   198 computed, error is 2.874160e-03 (0.00 s).
Cholesky vectors no   199 -   199 computed, error is 2.164986e-03 (0.00 s).
Cholesky vectors no   200 -   200 computed, error is 2.151835e-03 (0.01 s).
Cholesky vectors no   201 -   201 computed, error is 1.853272e-03 (0.00 s).
Cholesky vectors no   202 -   204 computed, error is 1.179373e-03 (0.00 s).
Cholesky vectors no   205 -   207 computed, error is 1.153703e-03 (0.00 s).
Cholesky vectors no   208 -   222 computed, error is 1.144779e-03 (0.01 s).
Cholesky vectors no   223 -   237 computed, error is 9.440063e-04 (0.01 s).
Cholesky vectors no   238 -   243 computed, error is 9.178672e-04 (0.00 s).
Cholesky vectors no   244 -   257 computed, error is 8.599821e-04 (0.01 s).
Cholesky vectors no   258 -   263 computed, error is 8.480366e-04 (0.00 s).
Cholesky vectors no   264 -   273 computed, error is 7.458922e-04 (0.01 s).
Cholesky vectors no   274 -   279 computed, error is 6.444152e-04 (0.01 s).
Cholesky vectors no   280 -   282 computed, error is 6.107303e-04 (0.00 s).
Cholesky vectors no   283 -   292 computed, error is 5.911555e-04 (0.01 s).
Cholesky vectors no   293 -   306 computed, error is 5.398257e-04 (0.02 s).
Cholesky vectors no   307 -   309 computed, error is 5.069870e-04 (0.00 s).
Cholesky vectors no   310 -   315 computed, error is 4.719210e-04 (0.01 s).
Cholesky vectors no   316 -   316 computed, error is 3.855182e-04 (0.00 s).
Cholesky vectors no   317 -   319 computed, error is 3.563615e-04 (0.00 s).
Cholesky vectors no   320 -   332 computed, error is 3.433314e-04 (0.01 s).
Cholesky vectors no   333 -   335 computed, error is 2.727582e-04 (0.00 s).
Cholesky vectors no   336 -   349 computed, error is 2.630355e-04 (0.01 s).
Cholesky vectors no   350 -   363 computed, error is 2.386226e-04 (0.01 s).
Cholesky vectors no   364 -   377 computed, error is 2.018423e-04 (0.01 s).
Cholesky vectors no   378 -   387 computed, error is 1.568158e-04 (0.01 s).
Cholesky vectors no   388 -   397 computed, error is 1.504953e-04 (0.01 s).
Cholesky vectors no   398 -   411 computed, error is 1.110144e-04 (0.02 s).
Cholesky vectors no   412 -   425 computed, error is 8.231380e-05 (0.01 s).
Cholesky vectors no   426 -   426 computed, error is 8.182834e-05 (0.00 s).
Cholesky vectors no   427 -   427 computed, error is 7.955393e-05 (0.00 s).
Cholesky vectors no   428 -   428 computed, error is 7.920289e-05 (0.00 s).
Cholesky vectors no   429 -   429 computed, error is 6.925240e-05 (0.00 s).
Cholesky vectors no   430 -   437 computed, error is 6.294516e-05 (0.01 s).
Cholesky vectors no   438 -   442 computed, error is 6.168977e-05 (0.01 s).
Cholesky vectors no   443 -   447 computed, error is 6.064672e-05 (0.00 s).
Cholesky vectors no   448 -   450 computed, error is 5.262770e-05 (0.00 s).
Cholesky vectors no   451 -   458 computed, error is 4.791065e-05 (0.01 s).
Cholesky vectors no   459 -   459 computed, error is 3.863687e-05 (0.00 s).
Cholesky vectors no   460 -   462 computed, error is 3.553025e-05 (0.00 s).
Cholesky vectors no   463 -   465 computed, error is 3.486498e-05 (0.00 s).
Cholesky vectors no   466 -   479 computed, error is 2.894824e-05 (0.01 s).
Cholesky vectors no   480 -   482 computed, error is 2.010003e-05 (0.00 s).
Cholesky vectors no   483 -   489 computed, error is 1.812548e-05 (0.01 s).
Cholesky vectors no   490 -   503 computed, error is 1.633542e-05 (0.02 s).
Cholesky vectors no   504 -   516 computed, error is 1.230649e-05 (0.01 s).
Cholesky vectors no   517 -   517 computed, error is 1.151344e-05 (0.00 s).
Cholesky vectors no   518 -   518 computed, error is 1.144541e-05 (0.00 s).
Cholesky vectors no   519 -   531 computed, error is 1.021148e-05 (0.01 s).
Cholesky vectors no   532 -   539 computed, error is 7.646056e-06 (0.01 s).
Cholesky vectors no   540 -   552 computed, error is 6.778937e-06 (0.01 s).
Cholesky vectors no   553 -   564 computed, error is 6.494630e-06 (0.01 s).
Cholesky vectors no   565 -   572 computed, error is 6.218035e-06 (0.01 s).
Cholesky vectors no   573 -   580 computed, error is 6.104470e-06 (0.01 s).
Cholesky vectors no   581 -   588 computed, error is 5.119927e-06 (0.01 s).
Cholesky vectors no   589 -   589 computed, error is 4.893767e-06 (0.00 s).
Cholesky vectors no   590 -   596 computed, error is 4.809475e-06 (0.01 s).
Cholesky vectors no   597 -   597 computed, error is 4.461983e-06 (0.00 s).
Cholesky vectors no   598 -   605 computed, error is 3.376966e-06 (0.02 s).
Cholesky vectors no   606 -   614 computed, error is 3.113015e-06 (0.01 s).
Cholesky vectors no   615 -   621 computed, error is 2.364671e-06 (0.01 s).
Cholesky vectors no   622 -   622 computed, error is 2.142711e-06 (0.00 s).
Cholesky vectors no   623 -   625 computed, error is 1.675458e-06 (0.00 s).
Cholesky vectors no   626 -   632 computed, error is 1.329757e-06 (0.01 s).
Cholesky vectors no   633 -   637 computed, error is 1.134731e-06 (0.01 s).
Cholesky vectors no   638 -   642 computed, error is 9.964049e-07 (0.00 s).
Cholesky vectors no   643 -   650 computed, error is 9.784747e-07 (0.01 s).
Cholesky vectors no   651 -   653 computed, error is 9.166106e-07 (0.00 s).
Cholesky vectors no   654 -   656 computed, error is 8.456417e-07 (0.00 s).
Cholesky vectors no   657 -   661 computed, error is 7.044036e-07 (0.01 s).
Cholesky vectors no   662 -   669 computed, error is 6.820910e-07 (0.01 s).
Cholesky vectors no   670 -   670 computed, error is 6.649230e-07 (0.00 s).
Cholesky vectors no   671 -   675 computed, error is 6.463042e-07 (0.00 s).
Cholesky vectors no   676 -   683 computed, error is 5.939319e-07 (0.01 s).
Cholesky vectors no   684 -   688 computed, error is 5.846155e-07 (0.01 s).
Cholesky vectors no   689 -   696 computed, error is 5.794489e-07 (0.01 s).
Cholesky vectors no   697 -   701 computed, error is 5.044640e-07 (0.02 s).
Cholesky vectors no   702 -   706 computed, error is 4.456850e-07 (0.01 s).
Cholesky vectors no   707 -   713 computed, error is 4.191903e-07 (0.01 s).
Cholesky vectors no   714 -   716 computed, error is 4.091538e-07 (0.00 s).
Cholesky vectors no   717 -   719 computed, error is 2.969878e-07 (0.00 s).
Cholesky vectors no   720 -   726 computed, error is 2.833383e-07 (0.01 s).
Cholesky vectors no   727 -   727 computed, error is 2.358534e-07 (0.00 s).
Cholesky vectors no   728 -   728 computed, error is 1.981866e-07 (0.00 s).
Cholesky vectors no   729 -   729 computed, error is 1.825291e-07 (0.00 s).
Cholesky vectors no   730 -   730 computed, error is 1.762104e-07 (0.00 s).
Cholesky vectors no   731 -   738 computed, error is 1.707163e-07 (0.01 s).
Cholesky vectors no   739 -   748 computed, error is 1.675996e-07 (0.01 s).
Cholesky vectors no   749 -   751 computed, error is 1.608340e-07 (0.00 s).
Cholesky vectors no   752 -   766 computed, error is 1.480650e-07 (0.02 s).
Cholesky vectors no   767 -   769 computed, error is 1.322665e-07 (0.00 s).
Cholesky vectors no   770 -   772 computed, error is 1.262991e-07 (0.00 s).
Cholesky vectors no   773 -   782 computed, error is 1.215857e-07 (0.01 s).
Cholesky vectors no   783 -   790 computed, error is 1.167949e-07 (0.01 s).
Cholesky vectors no   791 -   798 computed, error is 1.150561e-07 (0.01 s).
Cholesky vectors no   799 -   799 computed, error is 1.075267e-07 (0.00 s).
Cholesky vectors no   800 -   806 computed, error is 1.014243e-07 (0.03 s).
Cholesky vectors no   807 -   814 computed, error is 9.944269e-08 (0.01 s).
Cholesky decomposition finished in 1.65 s. Realized memory size is 23 Mi 375 ki.
Time use: integrals 50.5 %, linear algebra 49.5 %.
741 shell pairs out of 741 are significant.

Initialization of computation done in 1.74 s.

alpha: HOMO-LUMO gap is   24.96 eV. Energies of lowest lying orbitals:
     -19.0437o      -1.0865*      -0.4754*      -0.6471*      -0.6853*
      -0.9089*     -18.9133*      -0.4138*      -0.5292*      -0.8855*
       0.0317        0.0604        0.0611        0.0970        0.1614 
beta:  HOMO-LUMO gap is   12.12 eV. Energies of lowest lying orbitals:
     -19.0541*     -18.9982*      -1.1794*      -1.1224*      -0.6854*
      -0.6368*      -0.5463*      -0.4903*      -0.4622*      -0.4137*
       0.0317        0.0604        0.0611        0.0970        0.1614 

Using range separated exchange with range separation constant omega =  0.400.
Using  0.000 % short range and  100.000 % long range exchange.
Computing short-range repulsion integrals.
Screening by shell pairs and symmetry reduced dofs by factor 1.98.
Individual screening reduced dofs by a total factor 1.98.
Computing Cholesky vectors. Estimated memory size is 6 Mi - 21 Mi.
Cholesky vectors no     0 -     0 computed, error is 4.292757e+00 (0.00 s).
Cholesky vectors no     1 -     1 computed, error is 3.955199e-01 (0.00 s).
Cholesky vectors no     2 -     7 computed, error is 3.952370e-01 (0.00 s).
Cholesky vectors no     8 -    13 computed, error is 3.856062e-01 (0.00 s).
Cholesky vectors no    14 -    19 computed, error is 3.845434e-01 (0.00 s).
Cholesky vectors no    20 -    25 computed, error is 2.614959e-01 (0.00 s).
Cholesky vectors no    26 -    40 computed, error is 2.574122e-01 (0.00 s).
Cholesky vectors no    41 -    55 computed, error is 1.061252e-01 (0.00 s).
Cholesky vectors no    56 -    58 computed, error is 1.025538e-01 (0.00 s).
Cholesky vectors no    59 -    68 computed, error is 8.302428e-02 (0.00 s).
Cholesky vectors no    69 -    71 computed, error is 7.379474e-02 (0.00 s).
Cholesky vectors no    72 -    74 computed, error is 6.643264e-02 (0.00 s).
Cholesky vectors no    75 -    77 computed, error is 5.324863e-02 (0.00 s).
Cholesky vectors no    78 -    92 computed, error is 5.163170e-02 (0.01 s).
Cholesky vectors no    93 -    95 computed, error is 4.730291e-02 (0.00 s).
Cholesky vectors no    96 -   110 computed, error is 3.399590e-02 (0.01 s).
Cholesky vectors no   111 -   120 computed, error is 2.924538e-02 (0.00 s).
Cholesky vectors no   121 -   126 computed, error is 2.624073e-02 (0.00 s).
Cholesky vectors no   127 -   132 computed, error is 2.550907e-02 (0.00 s).
Cholesky vectors no   133 -   135 computed, error is 2.413415e-02 (0.00 s).
Cholesky vectors no   136 -   141 computed, error is 2.359009e-02 (0.00 s).
Cholesky vectors no   142 -   144 computed, error is 2.275381e-02 (0.00 s).
Cholesky vectors no   145 -   150 computed, error is 2.267065e-02 (0.00 s).
Cholesky vectors no   151 -   156 computed, error is 1.948113e-02 (0.00 s).
Cholesky vectors no   157 -   166 computed, error is 1.628464e-02 (0.01 s).
Cholesky vectors no   167 -   172 computed, error is 1.181111e-02 (0.00 s).
Cholesky vectors no   173 -   182 computed, error is 7.667771e-03 (0.01 s).
Cholesky vectors no   183 -   188 computed, error is 5.979001e-03 (0.00 s).
Cholesky vectors no   189 -   194 computed, error is 2.829039e-03 (0.00 s).
Cholesky vectors no   195 -   197 computed, error is 2.164730e-03 (0.00 s).
Cholesky vectors no   198 -   198 computed, error is 2.151546e-03 (0.00 s).
Cholesky vectors no   199 -   199 computed, error is 1.852042e-03 (0.00 s).
Cholesky vectors no   200 -   202 computed, error is 1.150403e-03 (0.01 s).
Cholesky vectors no   203 -   217 computed, error is 1.132468e-03 (0.01 s).
Cholesky vectors no   218 -   232 computed, error is 1.013779e-03 (0.01 s).
Cholesky vectors no   233 -   233 computed, error is 9.243104e-04 (0.00 s).
Cholesky vectors no   234 -   247 computed, error is 8.963860e-04 (0.01 s).
Cholesky vectors no   248 -   248 computed, error is 8.882355e-04 (0.00 s).
Cholesky vectors no   249 -   254 computed, error is 8.708509e-04 (0.00 s).
Cholesky vectors no   255 -   260 computed, error is 8.548701e-04 (0.00 s).
Cholesky vectors no   261 -   274 computed, error is 7.788734e-04 (0.01 s).
Cholesky vectors no   275 -   280 computed, error is 7.258122e-04 (0.00 s).
Cholesky vectors no   281 -   286 computed, error is 6.782947e-04 (0.01 s).
Cholesky vectors no   287 -   296 computed, error is 6.354427e-04 (0.01 s).
Cholesky vectors no   297 -   299 computed, error is 5.908921e-04 (0.00 s).
Cholesky vectors no   300 -   309 computed, error is 5.007206e-04 (0.02 s).
Cholesky vectors no   310 -   312 computed, error is 3.591437e-04 (0.00 s).
Cholesky vectors no   313 -   325 computed, error is 3.501030e-04 (0.01 s).
Cholesky vectors no   326 -   328 computed, error is 3.311752e-04 (0.00 s).
Cholesky vectors no   329 -   331 computed, error is 2.903283e-04 (0.00 s).
Cholesky vectors no   332 -   334 computed, error is 2.719333e-04 (0.00 s).
Cholesky vectors no   335 -   348 computed, error is 2.625299e-04 (0.01 s).
Cholesky vectors no   349 -   362 computed, error is 2.381672e-04 (0.01 s).
Cholesky vectors no   363 -   376 computed, error is 1.883253e-04 (0.01 s).
Cholesky vectors no   377 -   386 computed, error is 1.503159e-04 (0.01 s).
Cholesky vectors no   387 -   400 computed, error is 1.414342e-04 (0.01 s).
Cholesky vectors no   401 -   410 computed, error is 1.340988e-04 (0.01 s).
Cholesky vectors no   411 -   411 computed, error is 1.107799e-04 (0.00 s).
Cholesky vectors no   412 -   425 computed, error is 8.221645e-05 (0.01 s).
Cholesky vectors no   426 -   426 computed, error is 8.172176e-05 (0.00 s).
Cholesky vectors no   427 -   427 computed, error is 7.948699e-05 (0.00 s).
Cholesky vectors no   428 -   428 computed, error is 7.911985e-05 (0.00 s).
Cholesky vectors no   429 -   429 computed, error is 6.465507e-05 (0.00 s).
Cholesky vectors no   430 -   437 computed, error is 6.287071e-05 (0.01 s).
Cholesky vectors no   438 -   442 computed, error is 6.161086e-05 (0.00 s).
Cholesky vectors no   443 -   447 computed, error is 5.324072e-05 (0.00 s).
Cholesky vectors no   448 -   455 computed, error is 3.803164e-05 (0.01 s).
Cholesky vectors no   456 -   463 computed, error is 3.468030e-05 (0.01 s).
Cholesky vectors no   464 -   477 computed, error is 2.869876e-05 (0.01 s).
Cholesky vectors no   478 -   480 computed, error is 2.249005e-05 (0.00 s).
Cholesky vectors no   481 -   483 computed, error is 2.072866e-05 (0.00 s).
Cholesky vectors no   484 -   484 computed, error is 1.834848e-05 (0.00 s).
Cholesky vectors no   485 -   497 computed, error is 1.757226e-05 (0.01 s).
Cholesky vectors no   498 -   511 computed, error is 1.417913e-05 (0.02 s).
Cholesky vectors no   512 -   519 computed, error is 1.221220e-05 (0.01 s).
Cholesky vectors no   520 -   520 computed, error is 1.149481e-05 (0.00 s).
Cholesky vectors no   521 -   521 computed, error is 1.135839e-05 (0.00 s).
Cholesky vectors no   522 -   534 computed, error is 8.705343e-06 (0.01 s).
Cholesky vectors no   535 -   547 computed, error is 7.460830e-06 (0.01 s).
Cholesky vectors no   548 -   555 computed, error is 6.647599e-06 (0.01 s).
Cholesky vectors no   556 -   563 computed, error is 6.442863e-06 (0.01 s).
Cholesky vectors no   564 -   574 computed, error is 6.118213e-06 (0.01 s).
Cholesky vectors no   575 -   582 computed, error is 4.326629e-06 (0.01 s).
Cholesky vectors no   583 -   590 computed, error is 3.466033e-06 (0.01 s).
Cholesky vectors no   591 -   597 computed, error is 3.302637e-06 (0.01 s).
Cholesky vectors no   598 -   604 computed, error is 2.951817e-06 (0.02 s).
Cholesky vectors no   605 -   612 computed, error is 2.499001e-06 (0.01 s).
Cholesky vectors no   613 -   613 computed, error is 2.190828e-06 (0.00 s).
Cholesky vectors no   614 -   614 computed, error is 1.668740e-06 (0.00 s).
Cholesky vectors no   615 -   622 computed, error is 1.348580e-06 (0.01 s).
Cholesky vectors no   623 -   625 computed, error is 1.277482e-06 (0.00 s).
Cholesky vectors no   626 -   630 computed, error is 1.221134e-06 (0.01 s).
Cholesky vectors no   631 -   631 computed, error is 1.154553e-06 (0.00 s).
Cholesky vectors no   632 -   636 computed, error is 9.958273e-07 (0.01 s).
Cholesky vectors no   637 -   644 computed, error is 8.628212e-07 (0.01 s).
Cholesky vectors no   645 -   649 computed, error is 8.170897e-07 (0.01 s).
Cholesky vectors no   650 -   652 computed, error is 7.895375e-07 (0.00 s).
Cholesky vectors no   653 -   655 computed, error is 7.174756e-07 (0.00 s).
Cholesky vectors no   656 -   658 computed, error is 7.031610e-07 (0.00 s).
Cholesky vectors no   659 -   666 computed, error is 6.794622e-07 (0.01 s).
Cholesky vectors no   667 -   667 computed, error is 6.619486e-07 (0.00 s).
Cholesky vectors no   668 -   672 computed, error is 6.532928e-07 (0.01 s).
Cholesky vectors no   673 -   680 computed, error is 6.042906e-07 (0.01 s).
Cholesky vectors no   681 -   685 computed, error is 5.977697e-07 (0.01 s).
Cholesky vectors no   686 -   693 computed, error is 5.571178e-07 (0.01 s).
Cholesky vectors no   694 -   698 computed, error is 5.058966e-07 (0.01 s).
Cholesky vectors no   699 -   703 computed, error is 4.187284e-07 (0.01 s).
Cholesky vectors no   704 -   706 computed, error is 4.099698e-07 (0.00 s).
Cholesky vectors no   707 -   709 computed, error is 3.865454e-07 (0.00 s).
Cholesky vectors no   710 -   716 computed, error is 2.829537e-07 (0.01 s).
Cholesky vectors no   717 -   717 computed, error is 2.719463e-07 (0.00 s).
Cholesky vectors no   718 -   724 computed, error is 2.347407e-07 (0.01 s).
Cholesky vectors no   725 -   725 computed, error is 2.082391e-07 (0.00 s).
Cholesky vectors no   726 -   728 computed, error is 1.844547e-07 (0.00 s).
Cholesky vectors no   729 -   733 computed, error is 1.735728e-07 (0.01 s).
Cholesky vectors no   734 -   743 computed, error is 1.599137e-07 (0.01 s).
Cholesky vectors no   744 -   758 computed, error is 1.552262e-07 (0.02 s).
Cholesky vectors no   759 -   761 computed, error is 1.488411e-07 (0.00 s).
Cholesky vectors no   762 -   771 computed, error is 1.383527e-07 (0.01 s).
Cholesky vectors no   772 -   779 computed, error is 1.191584e-07 (0.01 s).
Cholesky vectors no   780 -   787 computed, error is 1.164944e-07 (0.01 s).
Cholesky vectors no   788 -   795 computed, error is 1.015110e-07 (0.01 s).
Cholesky vectors no   796 -   803 computed, error is 9.965685e-08 (0.01 s).
Cholesky decomposition finished in 1.84 s. Realized memory size is 23 Mi 375 ki.
Time use: integrals 58.6 %, linear algebra 41.4 %.
741 shell pairs out of 741 are significant.
Constructing static nrad=50 lmax=23 XC grid.
Composition of XC grid:
    atom Npoints     Nfuncs
    1 O     8158     593911
    2 H     8508     610154
    3 H     8508     609925
    4 O     8385     593651
    5 H     8639     603224
    6 H     8303     637838

 ******* Iteration    1 ********
Forming Cholesky Coulomb matrix ... done (0.00 s)
Forming Cholesky exchange matrix ... done (0.87 s)
Forming short-range Cholesky exchange matrix ... done (0.84 s)
Computing DFT exchange and correlation ... done (0.76 s)
Numerically integrated density is 19.50006 (+0.0003 %).
ADIIS weights
 1.00e+00 

Solving SCF equations ... done (0.01 s)

Total energy                  : -1.4291542999489147e+02
DIIS error                    :  2.046137e-01
Energy change                 : -1.429154e+02
Max total density change      :  5.545003e-01
Max rms   density change      :  1.613759e-02
Max total alpha density change:  5.443406e-01
Max rms   alpha density change:  1.581648e-02
Max total beta  density change:  5.646599e-01
Max rms   beta  density change:  1.646762e-02
Dipole mu = (-6.37889786, -0.21897107,  0.34371578) D

Iteration took 2.48 s.

 ******* Iteration    2 ********
Forming Cholesky Coulomb matrix ... done (0.00 s)
Forming Cholesky exchange matrix ... done (0.87 s)
Forming short-range Cholesky exchange matrix ... done (0.90 s)
Computing DFT exchange and correlation ... done (0.82 s)
Numerically integrated density is 19.50003 (+0.0002 %).
ADIIS weights
 4.34e-01  5.66e-01 

Solving SCF equations ... done (0.00 s)

Total energy                  : -1.4295361800200601e+02
DIIS error                    :  1.790770e-01
Energy change                 : -3.818801e-02
Max total density change      :  3.076508e-01
Max rms   density change      :  8.990132e-03
Max total alpha density change:  3.111358e-01
Max rms   alpha density change:  9.027232e-03
Max total beta  density change:  3.041658e-01
Max rms   beta  density change:  8.953825e-03
Dipole mu = (-6.00105153,  0.04232040,  0.91660175) D

Iteration took 2.61 s.

 ******* Iteration    3 ********
Forming Cholesky Coulomb matrix ... done (0.00 s)
Forming Cholesky exchange matrix ... done (0.97 s)
Forming short-range Cholesky exchange matrix ... done (0.91 s)
Computing DFT exchange and correlation ... done (0.88 s)
Numerically integrated density is 19.50004 (+0.0002 %).
ADIIS weights
 1.33e-14  1.35e-14  1.00e+00 
CDIIS weights
-2.20e-03  5.30e-02  9.49e-01 
 DIIS weights
-2.18e-03  5.25e-02  9.50e-01 

Solving SCF equations ... done (0.01 s)

Total energy                  : -1.4308608428588380e+02
DIIS error                    :  1.092473e-02
Energy change                 : -1.324663e-01
Max total density change      :  1.503182e-02
Max rms   density change      :  5.362135e-04
Max total alpha density change:  1.212937e-02
Max rms   alpha density change:  4.658816e-04
Max total beta  density change:  1.809640e-02
Max rms   beta  density change:  6.105847e-04
Dipole mu = (-5.99476826,  0.01645842,  0.84753983) D

Iteration took 2.78 s.

 ******* Iteration    4 ********
Forming Cholesky Coulomb matrix ... done (0.00 s)
Forming Cholesky exchange matrix ... done (0.95 s)
Forming short-range Cholesky exchange matrix ... done (0.91 s)
Computing DFT exchange and correlation ... done (0.84 s)
Numerically integrated density is 19.50004 (+0.0002 %).
CDIIS weights
-4.07e-03  1.50e-02  3.66e-01  6.23e-01 

Solving SCF equations ... done (0.00 s)

Total energy                  : -1.4308662768129466e+02
DIIS error                    :  2.630855e-03
Energy change                 : -5.433954e-04
Max total density change      :  3.999286e-03
Max rms   density change      :  1.187968e-04
Max total alpha density change:  4.002857e-03
Max rms   alpha density change:  1.228161e-04
Max total beta  density change:  3.995714e-03
Max rms   beta  density change:  1.191331e-04
Dipole mu = (-5.99473816,  0.02333150,  0.86533874) D

Iteration took 2.73 s.

 ******* Iteration    5 ********
Forming Cholesky Coulomb matrix ... done (0.00 s)
Forming Cholesky exchange matrix ... done (0.96 s)
Forming short-range Cholesky exchange matrix ... done (0.90 s)
Computing DFT exchange and correlation ... done (0.77 s)
Numerically integrated density is 19.50004 (+0.0002 %).
CDIIS weights
-3.13e-04 -5.63e-03 -7.17e-02  1.51e-01  9.27e-01 

Solving SCF equations ... done (0.00 s)

Total energy                  : -1.4308666342013200e+02
DIIS error                    :  6.770882e-04
Energy change                 : -3.573884e-05
Max total density change      :  9.053589e-04
Max rms   density change      :  3.887532e-05
Max total alpha density change:  1.251442e-03
Max rms   alpha density change:  4.982522e-05
Max total beta  density change:  9.103681e-04
Max rms   beta  density change:  4.289357e-05
Dipole mu = (-5.98723937,  0.02334649,  0.86323902) D

Iteration took 2.66 s.

 ******* Iteration    6 ********
Forming Cholesky Coulomb matrix ... done (0.00 s)
Forming Cholesky exchange matrix ... done (0.91 s)
Forming short-range Cholesky exchange matrix ... done (0.86 s)
Computing DFT exchange and correlation ... done (0.82 s)
Numerically integrated density is 19.50004 (+0.0002 %).
CDIIS weights
 2.43e-04 -1.30e-03 -2.73e-02 -3.78e-02  8.65e-03  1.06e+00 

Solving SCF equations ... done (0.00 s)

Total energy                  : -1.4308666784021412e+02
DIIS error                    :  1.388283e-04
Energy change                 : -4.420082e-06
Max total density change      :  1.008390e-04
Max rms   density change      :  6.876784e-06
Max total alpha density change:  4.636755e-04
Max rms   alpha density change:  1.439285e-05
Max total beta  density change:  3.916826e-04
Max rms   beta  density change:  1.385350e-05
Dipole mu = (-5.98658251,  0.02323439,  0.86275743) D

Iteration took 2.63 s.

 ******* Iteration    7 ********
Forming Cholesky Coulomb matrix ... done (0.00 s)
Forming Cholesky exchange matrix ... done (1.03 s)
Forming short-range Cholesky exchange matrix ... done (1.03 s)
Computing DFT exchange and correlation ... done (0.79 s)
Numerically integrated density is 19.50004 (+0.0002 %).
CDIIS weights
-4.22e-05  9.55e-04  1.56e-02  3.87e-03 -7.02e-02 -4.28e-01  1.48e+00 

Solving SCF equations ... done (0.00 s)

Total energy                  : -1.4308666813278973e+02
DIIS error                    :  4.738159e-05
Energy change                 : -2.925756e-07
Max total density change      :  2.498975e-05
Max rms   density change      :  1.540620e-06
Max total alpha density change:  2.239352e-04
Max rms   alpha density change:  6.502005e-06
Max total beta  density change:  2.376927e-04
Max rms   beta  density change:  6.712452e-06
Dipole mu = (-5.98643927,  0.02322258,  0.86268542) D

Iteration took 2.89 s.

 ******* Iteration    8 ********
Forming Cholesky Coulomb matrix ... done (0.00 s)
Forming Cholesky exchange matrix ... done (0.87 s)
Forming short-range Cholesky exchange matrix ... done (0.84 s)
Computing DFT exchange and correlation ... done (0.78 s)
Numerically integrated density is 19.50004 (+0.0002 %).
CDIIS weights
 5.40e-06 -1.00e-04 -1.78e-03  1.72e-04  1.26e-02  3.58e-02 -2.61e-01  1.21e+00 

Solving SCF equations ... done (0.00 s)

Total energy                  : -1.4308666816954874e+02
DIIS error                    :  8.469428e-06
Energy change                 : -3.675902e-08
Max total density change      :  9.118944e-06
Max rms   density change      :  4.420066e-07
Max total alpha density change:  3.174027e-05
Max rms   alpha density change:  9.215381e-07
Max total beta  density change:  3.320350e-05
Max rms   beta  density change:  1.019270e-06
Dipole mu = (-5.98649923,  0.02320840,  0.86266562) D

Iteration took 2.52 s.

 ******* Iteration    9 ********
Forming Cholesky Coulomb matrix ... done (0.00 s)
Forming Cholesky exchange matrix ... done (0.86 s)
Forming short-range Cholesky exchange matrix ... done (0.86 s)
Computing DFT exchange and correlation ... done (0.76 s)
Numerically integrated density is 19.50004 (+0.0002 %).
CDIIS weights
 2.38e-06 -4.24e-05 -7.14e-04 -2.44e-04  3.23e-03  1.97e-02 -6.38e-02 -7.08e-02  1.11e+00 

Solving SCF equations ... done (0.01 s)

Total energy                  : -1.4308666817049325e+02
DIIS error                    :  1.290736e-06
Energy change                 : -9.445102e-10
Max total density change      :  2.058641e-06
Max rms   density change      :  1.030919e-07
Max total alpha density change:  4.714423e-06
Max rms   alpha density change:  1.639071e-07
Max total beta  density change:  5.500269e-06
Max rms   beta  density change:  1.830212e-07
Dipole mu = (-5.98651054,  0.02321096,  0.86267551) D

Iteration took 2.52 s.

 ******* Iteration   10 ********
Forming Cholesky Coulomb matrix ... done (0.00 s)
Forming Cholesky exchange matrix ... done (0.85 s)
Forming short-range Cholesky exchange matrix ... done (0.82 s)
Computing DFT exchange and correlation ... done (0.76 s)
Numerically integrated density is 19.50004 (+0.0002 %).
CDIIS weights
-2.62e-07  1.06e-06  3.98e-05  2.57e-06 -3.21e-04 -7.93e-04  6.69e-03 -3.78e-02  1.73e-02  1.01e+00 

Solving SCF equations ... done (0.00 s)

Total energy                  : -1.4308666817053333e+02
DIIS error                    :  2.009934e-07
Energy change                 : -4.007461e-11
Max total density change      :  4.831912e-07
Max rms   density change      :  1.924324e-08
Max total alpha density change:  5.786815e-07
Max rms   alpha density change:  2.571566e-08
Max total beta  density change:  6.515127e-07
Max rms   beta  density change:  2.557506e-08
Dipole mu = (-5.98651315,  0.02321101,  0.86267638) D

Iteration took 2.48 s.

 ******* Convergence achieved ********
Solution of UDFT took 28.73 s.

Kinetic               energy:  1.4031289569162459e+02
Nuclear attraction    energy: -4.0795021773796429e+02
Total one-electron    energy: -2.6763732204633931e+02
Nuclear repulsion     energy:  3.6502871607913640e+01
Coulomb               energy:  1.0558281588060598e+02
Exchange-correlation  energy: -1.7535033612713661e+01
Non-local correlation energy:  0.0000000000000000e+00
-----------------------------------------------------
                Total energy: -1.4308666817053333e+02
               Virial factor:  1.0197684786222705e+00

Dipole mu = (-5.98651315,  0.02321101,  0.86267638) D

alpha: HOMO-LUMO gap is   11.66 eV. Orbital energies:
     -20.0327o     -19.0906*      -1.4370*      -1.2148*      -0.9303*
      -0.8019*      -0.7433*      -0.7047*      -0.5770*      -0.5031*
      -0.0747       -0.0243       -0.0003        0.0244        0.0508 
       0.0715        0.0848        0.1236        0.1284        0.1421 
       0.1655        0.1783        0.1857        0.2091        0.2384 
       0.2386        0.2635        0.3147        0.3353        0.3520 
       0.3915        0.4052        0.4076        0.4591        0.4840 
       0.4851        0.5588        0.5862        0.6568        0.7174 
       0.7489        0.8401        0.8938        0.9124        0.9546 
       0.9661        0.9991        1.0459        1.0601        1.1317 
       1.1606        1.1657        1.3105        1.3374        1.3500 
       1.6511        1.6769        1.7336        1.8018        1.8422 
       1.8423        1.9920        2.0175        2.0461        2.1571 
       2.2382        2.2630        2.3285        2.4281        2.4869 
       2.7068        2.7242        3.2075        3.2097        3.3144 
       3.3348        3.3603        3.3925        3.5393        3.7567 
       3.7657        3.9874 
beta:  HOMO-LUMO gap is   11.64 eV. Orbital energies:
     -20.7166*     -19.0906*      -1.4484*      -1.2148*      -0.9359*
      -0.8094*      -0.7491*      -0.7080*      -0.5770*      -0.5031*
      -0.0753       -0.0243       -0.0003        0.0243        0.0501 
       0.0712        0.0830        0.1234        0.1288        0.1426 
       0.1658        0.1783        0.1851        0.2095        0.2387 
       0.2388        0.2634        0.3146        0.3341        0.3521 
       0.3912        0.4044        0.4082        0.4579        0.4840 
       0.4850        0.5587        0.5868        0.6567        0.7179 
       0.7481        0.8394        0.8941        0.9126        0.9545 
       0.9661        0.9978        1.0456        1.0572        1.1276 
       1.1570        1.1619        1.3085        1.3373        1.3485 
       1.6511        1.6731        1.7339        1.8018        1.8422 
       1.8427        1.9907        2.0120        2.0453        2.1509 
       2.2382        2.2626        2.3288        2.4276        2.4869 
       2.7064        2.7240        3.2066        3.2088        3.3135 
       3.3348        3.3603        3.3925        3.5379        3.7552 
       3.7657        3.9872 



Running program took 31.01 s.
Current time is Fri 08 May 2026 16:47:12.
