Basis set aug-cc-pVDZ found in file aug-cc-pVDZ.gbs in /home/work/erkale/source/erkale/basis/.


Current Settings used by ERKALE:
     AtomGuess      	                Auto	Method used for atomic guess (Auto for same as method)
     Basis          	         aug-cc-pVDZ	Basis set used in calculation
     BasisCutoff    	           1.000e-08	Cutoff for dropping out small primitives from contraction
     BasisOrth      	                Auto	Method of orthonormalization of basis set
     BasisRotate    	                true	Rotate basis set to remove redundant functions?
     C1-DIIS        	               false	Use older version of DIIS (C1-DIIS instead of C2-DIIS)?
     Charge         	                   0	Total charge of system
     DFTDelta       	           5.000e+03	Switch to final DFT grid, relative to deltaE and deltaP
     DFTDirect      	               false	Save memory by not storing values of basis functions in memory
     DFTFinalTol    	           1.000e-05	Tolerance of final DFT grid
     DFTGrid        	                Auto	DFT integration grid to use: nrad lmax or Auto for adaptive
     DFTInitialTol  	           1.000e-04	Tolerance of initial DFT grid
     DFTLobatto     	               false	Use Lobatto quadrature instead of Lebedev quadrature?
     DIISEps        	           1.000e-01	Start mixing in DIIS when error is
     DIISOrder      	                  10	How many DIIS iterations to keep in memory?
     DIISThr        	           1.000e-02	DIIS error threshold for DIIS updates
     DecFock        	               false	Use decontracted basis to calculate Fock matrix (direct HF)
     Decontract     	                    	Indices of atoms to decontract basis set for
     DeltaEmax      	           1.000e-06	Maximum allowed change of energy
     DeltaPmax      	           1.000e-06	Maximum allowed maximum difference of density matrix
     DeltaPrms      	           1.000e-08	Maximum allowed RMS difference of density matrix
     DensityFitting 	                true	Use density fitting / RI?
     Direct         	                true	Calculate two-electron integrals (or density fitting) on-the-fly?
     EField         	         0.0 0.0 0.0	Electric field
     FittingBasis   	                Auto	Basis to use for density fitting / RI (Auto for automatic)
     FittingMemory  	                1000	Amount of memory in MB to use for exchange fitting
     FittingThreshold	           1.000e-08	Linear dependence threshold for Coulomb integrals in density fitting
     ForcePol       	               false	Force polarized calculation
     FreezeCore     	               false	Freeze the atomic cores?
     Guess          	              Atomic	Used guess: atomic (default), core, or GWH
     IntegralThresh 	           1.000e-14	Integral screening threshold
     LineSearch     	               false	Do line search in level shift (EXPENSIVE!)
     LoadChk        	                    	File to load old results from
     Logfile        	   water_cluster.log	File to print out full information, stdout for screen
     MaxIter        	                 100	Maximum number of iterations in SCF cycle
     Method         	 gga_x_pbe-gga_c_pbe	Method used in calculation (HF or a DFT functional)
     Multiplicity   	                   1	Spin multiplicity
     NLGrid         	             50 -194	Integration grid to use for nonlocal correlation: nrad lmax
     Occupancies    	                    	Orbital occupancies
     PZ             	                  No	Perform Perdew-Zunger self-interaction correction? No, Pert, Full, OldFull, Real, Can, CanPert
     PZEmax         	           1.000e-06	Threshold for energy change in unitary optimization
     PZHam          	                Symm	Hamiltonian to use in PZ-SIC: Symm, United
     PZKmax         	           1.000e-03	Threshold for kappa max in unitary optimization
     PZKrms         	           1.000e-04	Threshold for kappa rms in unitary optimization
     PZdEmax        	           1.000e-05	Tolerance threshold for energy convergence
     PZdPmax        	           1.000e-05	Tolerance threshold for density convergence
     PZdPrms        	           1.000e-06	Tolerance threshold for density convergence
     PZiter         	                  20	Max number of iterations in self-consistency iteration
     PZloc          	                true	Initial localization before SIC calculation?
     PZmode         	                  XC	Apply PZ to the operators (in addition to J): X C D
     PZseed         	                   0	Seed number for randomized matrices?
     PZstab         	                   0	Stability analysis for PZ-SIC? 0 for no, 1 for oo block, 2 for full analysis
     PZstabFz       	                    	Orbitals to freeze for stability analysis (only oo!)
     PZunit         	                  10	Max number of iterations in unitary optimization
     PZw            	           1.000e+00	Weight for Perdew-Zunger self-interaction correction
     SaveChk        	   water_cluster.chk	File to use as checkpoint
     Shift          	           0.000e+00	Level shift to use in Hartree
     StrictIntegrals	               false	Use strict integrals?
     System         	   water_cluster.xyz	System as an xyz file
     UseADIIS       	                true	Use ADIIS for Fock matrix interpolation?
     UseBroyden     	               false	Use Broyden mixing of Fock matrices?
     UseDIIS        	                true	Use Pulay's Direct Inversion in the Iterative Subspace?
     UseLM          	                true	Use a spherical harmonics basis set by default?
     UseTRDSM       	               false	Use Trust-Region DSM?
     UseTRRH        	               false	Use Trust-Region Roothaan-Hall?
     VV10           	                Auto	Use VV10 non-local correlation?
     VV10Pars       	                    	VV10 parameters: b C
     Verbose        	                true	Verbose calculation?

Performing gga_x_pbe-gga_c_pbe guess for atoms:
	1 4 7 10  (0.07 s)
	2 3 5 6 8 9 11 12  (0.02 s)
Diagonalizing density matrix ... done (0.01 s)
Atomic guess formed in 0.10 s.

There are 76 shells and 12 nuclei in the basis set.

List of nuclei, geometry in Ångström with three decimal places:
		 Z	    x	    y	    z
1	O	 8	  1.300	 -0.680	 -0.110
2	H	 1	  0.890	 -1.420	  0.420
3	H	 1	  1.940	 -0.170	  0.470
4	O	 8	  0.270	 -2.660	  1.170
5	H	 1	  0.080	 -3.620	  1.380
6	H	 1	 -0.060	 -2.080	  1.920
7	O	 8	  1.300	 -0.410	 -2.910
8	H	 1	  1.200	 -0.560	 -1.920
9	H	 1	  0.440	 -0.050	 -3.270
10	O	 8	  2.970	  0.350	  1.710
11	H	 1	  3.460	  1.190	  1.500
12	H	 1	  3.590	 -0.300	  2.160

Interatomic distance matrix:
          1O    2H    3H    4O    5H    6H    7O    8H    9H   10O   11H 
   2H  0.998
   3H  1.003 1.633
   4O  2.573 1.576 3.079
   5H  3.515 2.533 4.024 1.001
   6H  2.816 1.894 3.123 1.004 1.638
   7O  2.813 3.504 3.448 4.772 5.495 5.288
   8H  1.817 2.512 2.532 3.850 4.638 4.318 1.006
   9H  3.335 3.962 4.031 5.153 5.873 5.595 0.999 1.631
  10O  2.676 3.020 1.694 4.079 4.922 3.890 4.971 4.140 5.600
  11H  3.279 3.819 2.285 5.011 5.880 4.823 5.165 4.457 5.780 0.995
  12H  3.247 3.402 2.365 4.192 4.894 4.068 5.564 4.736 6.283 1.005 1.635

List of basis functions:
Shell    1	S cart shell at nucleus   1 with with basis functions    1-1   
Shell    2	S cart shell at nucleus   1 with with basis functions    2-2   
Shell    3	S cart shell at nucleus   1 with with basis functions    3-3   
Shell    4	S cart shell at nucleus   1 with with basis functions    4-4   
Shell    5	P cart shell at nucleus   1 with with basis functions    5-7   
Shell    6	P cart shell at nucleus   1 with with basis functions    8-10  
Shell    7	P cart shell at nucleus   1 with with basis functions   11-13  
Shell    8	D  sph shell at nucleus   1 with with basis functions   14-18  
Shell    9	D  sph shell at nucleus   1 with with basis functions   19-23  
Shell   10	S cart shell at nucleus   2 with with basis functions   24-24  
Shell   11	S cart shell at nucleus   2 with with basis functions   25-25  
Shell   12	S cart shell at nucleus   2 with with basis functions   26-26  
Shell   13	P cart shell at nucleus   2 with with basis functions   27-29  
Shell   14	P cart shell at nucleus   2 with with basis functions   30-32  
Shell   15	S cart shell at nucleus   3 with with basis functions   33-33  
Shell   16	S cart shell at nucleus   3 with with basis functions   34-34  
Shell   17	S cart shell at nucleus   3 with with basis functions   35-35  
Shell   18	P cart shell at nucleus   3 with with basis functions   36-38  
Shell   19	P cart shell at nucleus   3 with with basis functions   39-41  
Shell   20	S cart shell at nucleus   4 with with basis functions   42-42  
Shell   21	S cart shell at nucleus   4 with with basis functions   43-43  
Shell   22	S cart shell at nucleus   4 with with basis functions   44-44  
Shell   23	S cart shell at nucleus   4 with with basis functions   45-45  
Shell   24	P cart shell at nucleus   4 with with basis functions   46-48  
Shell   25	P cart shell at nucleus   4 with with basis functions   49-51  
Shell   26	P cart shell at nucleus   4 with with basis functions   52-54  
Shell   27	D  sph shell at nucleus   4 with with basis functions   55-59  
Shell   28	D  sph shell at nucleus   4 with with basis functions   60-64  
Shell   29	S cart shell at nucleus   5 with with basis functions   65-65  
Shell   30	S cart shell at nucleus   5 with with basis functions   66-66  
Shell   31	S cart shell at nucleus   5 with with basis functions   67-67  
Shell   32	P cart shell at nucleus   5 with with basis functions   68-70  
Shell   33	P cart shell at nucleus   5 with with basis functions   71-73  
Shell   34	S cart shell at nucleus   6 with with basis functions   74-74  
Shell   35	S cart shell at nucleus   6 with with basis functions   75-75  
Shell   36	S cart shell at nucleus   6 with with basis functions   76-76  
Shell   37	P cart shell at nucleus   6 with with basis functions   77-79  
Shell   38	P cart shell at nucleus   6 with with basis functions   80-82  
Shell   39	S cart shell at nucleus   7 with with basis functions   83-83  
Shell   40	S cart shell at nucleus   7 with with basis functions   84-84  
Shell   41	S cart shell at nucleus   7 with with basis functions   85-85  
Shell   42	S cart shell at nucleus   7 with with basis functions   86-86  
Shell   43	P cart shell at nucleus   7 with with basis functions   87-89  
Shell   44	P cart shell at nucleus   7 with with basis functions   90-92  
Shell   45	P cart shell at nucleus   7 with with basis functions   93-95  
Shell   46	D  sph shell at nucleus   7 with with basis functions   96-100 
Shell   47	D  sph shell at nucleus   7 with with basis functions  101-105 
Shell   48	S cart shell at nucleus   8 with with basis functions  106-106 
Shell   49	S cart shell at nucleus   8 with with basis functions  107-107 
Shell   50	S cart shell at nucleus   8 with with basis functions  108-108 
Shell   51	P cart shell at nucleus   8 with with basis functions  109-111 
Shell   52	P cart shell at nucleus   8 with with basis functions  112-114 
Shell   53	S cart shell at nucleus   9 with with basis functions  115-115 
Shell   54	S cart shell at nucleus   9 with with basis functions  116-116 
Shell   55	S cart shell at nucleus   9 with with basis functions  117-117 
Shell   56	P cart shell at nucleus   9 with with basis functions  118-120 
Shell   57	P cart shell at nucleus   9 with with basis functions  121-123 
Shell   58	S cart shell at nucleus  10 with with basis functions  124-124 
Shell   59	S cart shell at nucleus  10 with with basis functions  125-125 
Shell   60	S cart shell at nucleus  10 with with basis functions  126-126 
Shell   61	S cart shell at nucleus  10 with with basis functions  127-127 
Shell   62	P cart shell at nucleus  10 with with basis functions  128-130 
Shell   63	P cart shell at nucleus  10 with with basis functions  131-133 
Shell   64	P cart shell at nucleus  10 with with basis functions  134-136 
Shell   65	D  sph shell at nucleus  10 with with basis functions  137-141 
Shell   66	D  sph shell at nucleus  10 with with basis functions  142-146 
Shell   67	S cart shell at nucleus  11 with with basis functions  147-147 
Shell   68	S cart shell at nucleus  11 with with basis functions  148-148 
Shell   69	S cart shell at nucleus  11 with with basis functions  149-149 
Shell   70	P cart shell at nucleus  11 with with basis functions  150-152 
Shell   71	P cart shell at nucleus  11 with with basis functions  153-155 
Shell   72	S cart shell at nucleus  12 with with basis functions  156-156 
Shell   73	S cart shell at nucleus  12 with with basis functions  157-157 
Shell   74	S cart shell at nucleus  12 with with basis functions  158-158 
Shell   75	P cart shell at nucleus  12 with with basis functions  159-161 
Shell   76	P cart shell at nucleus  12 with with basis functions  162-164 

Basis set contains 164 functions, maximum angular momentum is 2.
Spherical harmonic Gaussians are used by default, there are 172 cartesians.

Forming overlap matrix ... done (0.00 s)
Forming kinetic energy matrix ... done (0.00 s)
Forming nuclear attraction matrix ... done (0.02 s)

Smallest eigenvalue of overlap matrix is 1.16e-03, ratio to largest is 1.17e-04.
Using symmetric orthogonalization.
Basis set diagonalized in 0.00 s.

Initializing density fitting calculation, requiring 4 Mi 73 ki memory ... done (0.10 s)
2827 shell pairs out of 2926 are significant.
Auxiliary basis contains 516 functions.

Initialization of computation done in 0.14 s.

Used exchange functional is gga_x_pbe, 'Perdew, Burke & Ernzerhof', defined in the reference(s):
J. P. Perdew, K. Burke, and M. Ernzerhof, Phys. Rev. Lett. 77, 3865 (1996) (DOI 10.1103/PhysRevLett.77.3865)
J. P. Perdew, K. Burke, and M. Ernzerhof, Phys. Rev. Lett. 78, 1396 (1997) (DOI 10.1103/PhysRevLett.78.1396)

Used correlation functional is gga_c_pbe, 'Perdew, Burke & Ernzerhof', defined in the reference(s):
J. P. Perdew, K. Burke, and M. Ernzerhof, Phys. Rev. Lett. 77, 3865 (1996) (DOI 10.1103/PhysRevLett.77.3865)
J. P. Perdew, K. Burke, and M. Ernzerhof, Phys. Rev. Lett. 78, 1396 (1997) (DOI 10.1103/PhysRevLett.78.1396)

HOMO-LUMO gap is    2.65 eV. Energies of lowest lying orbitals:
     -18.9228*     -18.9228*     -18.9228*     -18.9228*      -0.9286*
      -0.9286*      -0.9286*      -0.9286*      -0.3758*      -0.3758*
      -0.3758*      -0.3758*      -0.3758*      -0.3758*      -0.3758*
      -0.3758*      -0.3758*      -0.3758*      -0.3758*      -0.3758*
      -0.2784       -0.2784       -0.2784       -0.2784       -0.2784 

A pure exchange functional used, no exact exchange.
Constructing XC grid.
	atom  Npoints      Nfuncs  t
	   4     3818      492200  1.15 s
	   3     3174      444735  1.17 s
	   2     3233      462607  1.18 s
	   1     3809      546100  1.39 s
	   5     3114      304775  0.66 s
	   7     3409      372153  0.75 s
	   6     3148      359695  0.89 s
	   9     3053      290607  0.60 s
	   8     3442      442338  1.09 s
	  11     3222      330374  0.74 s
	  10     3584      457446  1.01 s
	  12     3444      379707  0.82 s
DFT XC grid constructed in 3.23 s.

 ******* Iteration    1 ********
Forming density fitted Coulomb matrix ... done (1.03 s)
Computing DFT exchange and correlation ... done (0.89 s)
Numerically integrated density is 39.99992 (-0.0002 %).
ADIIS weights
 1.00e+00 
CDIIS weights
 1.00e+00 
 DIIS weights
 1.00e+00 

Solving SCF equations ... done (0.00 s)

DIIS error                    :  6.342756e-01
Energy change                 : -3.044069e+02
Max total density change      :  2.255520e-01
Max rms   density change      :  8.559763e-03
Dipole mu = ( 1.51266296, -0.89364404,  2.49219721) D

Iteration took 1.93 s.

 ******* Iteration    2 ********
Forming density fitted Coulomb matrix ... done (1.04 s)
Computing DFT exchange and correlation ... done (0.85 s)
Numerically integrated density is 39.99983 (-0.0004 %).
ADIIS weights
 1.23e-30  1.00e+00 
CDIIS weights
 1.91e-01  8.09e-01 
 DIIS weights
 1.23e-30  1.00e+00 

Solving SCF equations ... done (0.00 s)

DIIS error                    :  2.608085e-01
Energy change                 : -6.802647e-01
Max total density change      :  2.652258e-01
Max rms   density change      :  5.868794e-03
Dipole mu = (-0.93864387, -0.80231651,  9.76259210) D

Iteration took 1.90 s.

 ******* Iteration    3 ********
Forming density fitted Coulomb matrix ... done (1.04 s)
Computing DFT exchange and correlation ... done (0.84 s)
Numerically integrated density is 39.99996 (-0.0001 %).
ADIIS weights
 9.22e-22  6.69e-01  3.31e-01 
CDIIS weights
 5.06e-02  6.07e-01  3.42e-01 
 DIIS weights
 9.22e-22  6.69e-01  3.31e-01 

Solving SCF equations ... done (0.00 s)

DIIS error                    :  6.100404e-01
Energy change                 :  4.691839e-01
Max total density change      :  1.576610e-01
Max rms   density change      :  3.106553e-03
Dipole mu = (-0.14792667, -0.81405441,  7.32659133) D

Iteration took 1.89 s.

 ******* Iteration    4 ********
Forming density fitted Coulomb matrix ... done (1.02 s)
Computing DFT exchange and correlation ... done (0.85 s)
Numerically integrated density is 39.99992 (-0.0002 %).
ADIIS weights
 5.31e-16  1.89e-15  3.59e-15  1.00e+00 
CDIIS weights
-5.79e-04  1.91e-01  1.05e-02  7.99e-01 
 DIIS weights
 5.31e-16  1.89e-15  3.59e-15  1.00e+00 

Solving SCF equations ... done (0.00 s)

DIIS error                    :  6.367164e-02
Energy change                 : -8.101165e-01
Max total density change      :  6.253821e-02
Max rms   density change      :  1.744893e-03
Dipole mu = ( 0.65827005, -0.98131906,  5.52716730) D

Iteration took 1.89 s.

 ******* Iteration    5 ********
Forming density fitted Coulomb matrix ... done (1.05 s)
Computing DFT exchange and correlation ... done (0.85 s)
Numerically integrated density is 39.99987 (-0.0003 %).
ADIIS weights
 5.73e-17  6.15e-15  5.96e-15  7.18e-01  2.82e-01 
CDIIS weights
-6.99e-04  1.87e-01  1.18e-02  7.92e-01  9.63e-03 
 DIIS weights
 5.73e-17  6.15e-15  5.96e-15  7.18e-01  2.82e-01 

Solving SCF equations ... done (0.00 s)

DIIS error                    :  1.472941e-01
Energy change                 :  3.867734e-02
Max total density change      :  4.031401e-02
Max rms   density change      :  9.494983e-04
Dipole mu = ( 0.30317808, -0.95321578,  6.29662340) D

Iteration took 1.91 s.

 ******* Iteration    6 ********
Forming density fitted Coulomb matrix ... done (1.03 s)
Computing DFT exchange and correlation ... done (0.88 s)
Numerically integrated density is 39.99990 (-0.0002 %).
ADIIS weights
 5.75e-16  1.89e-15  4.19e-15  1.29e-12  7.77e-15  1.00e+00 
CDIIS weights
-2.95e-04 -8.40e-03  8.93e-04  2.28e-01  5.33e-02  7.27e-01 
 DIIS weights
-2.87e-04 -8.19e-03  8.70e-04  2.22e-01  5.19e-02  7.34e-01 

Solving SCF equations ... done (0.01 s)

DIIS error                    :  1.231932e-02
Energy change                 : -5.752164e-02
Max total density change      :  6.361519e-03
Max rms   density change      :  1.969571e-04
Dipole mu = ( 0.18317977, -0.88564971,  6.49951863) D

Iteration took 1.93 s.

 ******* Iteration    7 ********
Forming density fitted Coulomb matrix ... done (1.10 s)
Computing DFT exchange and correlation ... done (0.86 s)
Numerically integrated density is 39.99991 (-0.0002 %).
ADIIS weights
 2.65e-18  2.24e-15  4.05e-15  3.83e-15  6.25e-14  1.14e-09  1.00e+00 
CDIIS weights
-8.47e-05 -3.56e-03 -1.35e-03  1.45e-01  2.11e-02  4.78e-01  3.61e-01 
 DIIS weights
-8.47e-05 -3.56e-03 -1.35e-03  1.45e-01  2.11e-02  4.78e-01  3.61e-01 

Solving SCF equations ... done (0.00 s)

DIIS error                    :  5.299537e-03
Energy change                 : -1.290932e-03
Max total density change      :  1.700043e-03
Max rms   density change      :  3.948934e-05
Dipole mu = ( 0.18906650, -0.89670835,  6.49308085) D

Iteration took 1.97 s.

 ******* Iteration    8 ********
Forming density fitted Coulomb matrix ... done (1.03 s)
Computing DFT exchange and correlation ... done (0.86 s)
Numerically integrated density is 39.99991 (-0.0002 %).
ADIIS weights
 2.28e-18  6.26e-17  3.08e-16  2.98e-14  1.70e-13  2.51e-12  4.39e-08  1.00e+00 
CDIIS weights
 1.97e-05 -1.12e-03 -4.93e-04  4.47e-02  3.05e-03  1.58e-01  1.51e-01  6.45e-01 
 DIIS weights
 1.97e-05 -1.12e-03 -4.93e-04  4.47e-02  3.05e-03  1.58e-01  1.51e-01  6.45e-01 

Solving SCF equations ... done (0.00 s)

DIIS error                    :  7.143994e-04
Energy change                 : -8.516192e-05
Max total density change      :  2.688766e-04
Max rms   density change      :  8.258035e-06
Dipole mu = ( 0.19781863, -0.90284066,  6.49870129) D

Iteration took 1.91 s.

 ******* Iteration    9 ********
Forming density fitted Coulomb matrix ... done (1.05 s)
Computing DFT exchange and correlation ... done (0.85 s)
Numerically integrated density is 39.99991 (-0.0002 %).
ADIIS weights
 1.93e-18  4.71e-19  1.83e-15  4.45e-13  2.63e-14  9.56e-11  7.44e-09  1.05e-01  8.95e-01 
CDIIS weights
-1.88e-05 -1.22e-03  2.69e-04  8.91e-03  1.61e-03  4.43e-02  4.28e-02  3.54e-01  5.50e-01 
 DIIS weights
-1.88e-05 -1.22e-03  2.69e-04  8.91e-03  1.61e-03  4.43e-02  4.28e-02  3.54e-01  5.50e-01 

Solving SCF equations ... done (0.01 s)

DIIS error                    :  4.586439e-04
Energy change                 : -1.653398e-06
Max total density change      :  1.559183e-04
Max rms   density change      :  3.266273e-06
Dipole mu = ( 0.19429271, -0.90177369,  6.49917868) D

Iteration took 1.92 s.

 ******* Iteration   10 ********
Forming density fitted Coulomb matrix ... done (1.10 s)
Computing DFT exchange and correlation ... done (0.89 s)
Numerically integrated density is 39.99991 (-0.0002 %).
ADIIS weights
 6.10e-13  2.21e-12  2.00e-11  5.77e-09  4.18e-14  8.11e-09  3.38e-10  1.18e-04  1.22e-02  9.88e-01 
CDIIS weights
 2.90e-07 -9.01e-05  2.55e-05  1.40e-03 -2.55e-04  6.81e-03  5.14e-03  8.32e-02  1.88e-01  7.16e-01 
 DIIS weights
 2.90e-07 -9.01e-05  2.55e-05  1.40e-03 -2.55e-04  6.81e-03  5.14e-03  8.32e-02  1.88e-01  7.16e-01 

Solving SCF equations ... done (0.00 s)

DIIS error                    :  5.741221e-05
Energy change                 : -4.554697e-07
Max total density change      :  1.667466e-05
Max rms   density change      :  4.088201e-07
Dipole mu = ( 0.19448475, -0.90160172,  6.49919772) D

Iteration took 2.01 s.

 ******* Iteration   11 ********
Forming density fitted Coulomb matrix ... done (1.03 s)
Computing DFT exchange and correlation ... done (0.86 s)
Numerically integrated density is 39.99991 (-0.0002 %).
ADIIS weights
 2.43e-12  3.93e-13  1.99e-10  2.09e-12  4.05e-09  7.49e-09  1.19e-06  4.63e-04  4.70e-01  5.30e-01 
CDIIS weights
-7.99e-06  3.89e-06  2.75e-04 -1.18e-04  1.35e-03  9.49e-04  1.97e-02  5.04e-02  2.18e-01  7.10e-01 
 DIIS weights
-7.99e-06  3.89e-06  2.75e-04 -1.18e-04  1.35e-03  9.49e-04  1.97e-02  5.04e-02  2.18e-01  7.10e-01 

Solving SCF equations ... done (0.00 s)

DIIS error                    :  6.801308e-06
Energy change                 : -9.398889e-09
Max total density change      :  3.368040e-06
Max rms   density change      :  8.622107e-08
Dipole mu = ( 0.19446321, -0.90165166,  6.49916835) D

Iteration took 1.92 s.

 ******* Convergence achieved ********
Solution of RDFT took 24.42 s.

Kinetic               energy:  3.0336371331809420e+02
Nuclear attraction    energy: -9.7933237938364084e+02
Total one-electron    energy: -6.7596866606554522e+02
Nuclear repulsion     energy:  1.2862784582245234e+02
Coulomb               energy:  2.7873896594282473e+02
Exchange-correlation  energy: -3.6846445717617193e+01
Non-local correlation energy:  0.0000000000000000e+00
-----------------------------------------------------
                Total energy: -3.0544830001788534e+02
               Virial factor:  1.0068715756310820e+00

Dipole mu = ( 0.19446321, -0.90165166,  6.49916835) D

HOMO-LUMO gap is    3.86 eV. Orbital energies:
     -18.8170*     -18.8170*     -18.7270*     -18.7183*      -0.9553*
      -0.9532*      -0.8707*      -0.8513*      -0.5222*      -0.5146*
      -0.4559*      -0.4216*      -0.3894*      -0.3510*      -0.3064*
      -0.2982*      -0.2903*      -0.2591*      -0.2226*      -0.2038*
      -0.0619       -0.0455        0.0013        0.0037        0.0083 
       0.0417        0.0525        0.0631        0.0770        0.0788 
       0.0840        0.1039        0.1095        0.1202        0.1245 
       0.1428        0.1471        0.1510        0.1555        0.1595 
       0.1613        0.1693        0.1917        0.2030        0.2154 
       0.2238        0.2321        0.2380        0.2561        0.2662 
       0.2802        0.2911        0.3057        0.3160        0.3242 
       0.3261        0.3504        0.3584        0.3807        0.3966 
       0.4023        0.4122        0.4250        0.4325        0.4476 
       0.4551        0.4653        0.4789        0.4890        0.4946 
       0.5000        0.5134        0.5378        0.6293        0.6518 
       0.6726        0.6783        0.7011        0.7105        0.7228 
       0.7657        0.7951        0.8117        0.8638        0.8792 
       0.9085        0.9268        0.9309        0.9375        0.9583 
       0.9804        0.9892        1.0042        1.0261        1.0425 
       1.0750        1.1026        1.1069        1.1568        1.1800 
       1.2026        1.2380        1.2472        1.2556        1.2655 
       1.3173        1.3630        1.4173        1.4526        1.5882 
       1.6155        1.6440        1.6668        1.7065        1.7224 
       1.7311        1.7533        1.7656        1.7730        1.7930 
       1.8084        1.8978        1.9342        1.9580        1.9768 
       1.9866        2.1028        2.1258        2.1288        2.1430 
       2.1640        2.2553        2.3271        2.3978        2.4253 
       2.4533        2.4884        2.5454        2.5615        2.6204 
       2.6641        2.6991        2.7250        2.9989        3.1762 
       3.2055        3.2325        3.2529        3.2630        3.2709 
       3.2813        3.3107        3.3235        3.3407        3.3612 
       3.5066        3.5163        3.5195        3.6575        3.6872 
       3.6982        3.8754        3.9665        4.0831 
HOMO-LUMO gap is    3.86 eV. Energies of lowest lying orbitals:
     -18.8170*     -18.8170*     -18.7270*     -18.7183*      -0.9553*
      -0.9532*      -0.8707*      -0.8513*      -0.5222*      -0.5146*
      -0.4559*      -0.4216*      -0.3894*      -0.3510*      -0.3064*
      -0.2982*      -0.2903*      -0.2591*      -0.2226*      -0.2038*
      -0.0619       -0.0455        0.0013        0.0037        0.0083 

A pure exchange functional used, no exact exchange.
Constructing XC grid.
	atom  Npoints      Nfuncs  t
	   4     7845     1012254  2.44 s
	   2     6860      983194  2.61 s
	   3     6946      987866  2.63 s
	   1     7751     1117201  3.03 s
	   5     6953      669718  1.56 s
	   6     7154      824012  2.00 s
	   7     8096      864273  2.07 s
	   8     7033      898286  2.34 s
	   9     7096      659517  1.54 s
	  11     7041      737795  1.67 s
	  10     7663      980122  2.34 s
	  12     7368      798740  1.87 s
DFT XC grid constructed in 7.23 s.

 ******* Iteration    1 ********
Forming density fitted Coulomb matrix ... done (1.02 s)
Computing DFT exchange and correlation ... done (1.88 s)
Numerically integrated density is 40.00000 (-0.0000 %).
ADIIS weights
 1.00e+00 
CDIIS weights
 1.00e+00 
 DIIS weights
 1.00e+00 

Solving SCF equations ... done (0.00 s)

DIIS error                    :  1.447326e-04
Energy change                 : -3.054481e+02
Max total density change      :  6.911179e-05
Max rms   density change      :  2.850357e-06
Dipole mu = ( 0.19459365, -0.90135555,  6.49901489) D

Iteration took 2.91 s.

 ******* Iteration    2 ********
Forming density fitted Coulomb matrix ... done (1.04 s)
Computing DFT exchange and correlation ... done (1.85 s)
Numerically integrated density is 40.00000 (-0.0000 %).
ADIIS weights
 6.58e-05  1.00e+00 
CDIIS weights
 1.51e-02  9.85e-01 
 DIIS weights
 1.51e-02  9.85e-01 

Solving SCF equations ... done (0.01 s)

DIIS error                    :  1.174583e-05
Energy change                 : -1.832552e-08
Max total density change      :  9.957051e-06
Max rms   density change      :  2.292294e-07
Dipole mu = ( 0.19446893, -0.90145824,  6.49907058) D

Iteration took 2.90 s.

 ******* Iteration    3 ********
Forming density fitted Coulomb matrix ... done (1.04 s)
Computing DFT exchange and correlation ... done (1.89 s)
Numerically integrated density is 40.00000 (-0.0000 %).
ADIIS weights
 1.14e-03  5.22e-01  4.76e-01 
CDIIS weights
 7.17e-03  6.32e-01  3.61e-01 
 DIIS weights
 7.17e-03  6.32e-01  3.61e-01 

Solving SCF equations ... done (0.00 s)

DIIS error                    :  2.329536e-05
Energy change                 :  7.710810e-10
Max total density change      :  7.356026e-06
Max rms   density change      :  1.515699e-07
Dipole mu = ( 0.19455344, -0.90143996,  6.49903201) D

Iteration took 2.94 s.

 ******* Iteration    4 ********
Forming density fitted Coulomb matrix ... done (1.04 s)
Computing DFT exchange and correlation ... done (1.88 s)
Numerically integrated density is 40.00000 (-0.0000 %).
ADIIS weights
 2.96e-06  3.41e-01  3.17e-01  3.42e-01 
CDIIS weights
 1.30e-03  1.81e-01  1.60e-01  6.58e-01 
 DIIS weights
 1.30e-03  1.81e-01  1.60e-01  6.58e-01 

Solving SCF equations ... done (0.00 s)

DIIS error                    :  2.620997e-06
Energy change                 : -1.222134e-09
Max total density change      :  7.543039e-07
Max rms   density change      :  2.121786e-08
Dipole mu = ( 0.19454451, -0.90142201,  6.49904952) D

Iteration took 2.93 s.

 ******* Iteration    5 ********
Forming density fitted Coulomb matrix ... done (1.06 s)
Computing DFT exchange and correlation ... done (2.33 s)
Numerically integrated density is 40.00000 (-0.0000 %).
ADIIS weights
 1.60e-04  2.53e-01  2.37e-01  2.55e-01  2.55e-01 
CDIIS weights
 2.68e-04  5.13e-02  4.92e-02  2.35e-01  6.64e-01 
 DIIS weights
 2.68e-04  5.13e-02  4.92e-02  2.35e-01  6.64e-01 

Solving SCF equations ... done (0.01 s)

DIIS error                    :  3.269693e-07
Energy change                 : -2.069100e-11
Max total density change      :  2.069165e-07
Max rms   density change      :  4.615383e-09
Dipole mu = ( 0.19454564, -0.90142493,  6.49904432) D

Iteration took 3.41 s.

 ******* Iteration    6 ********
Forming density fitted Coulomb matrix ... done (1.11 s)
Computing DFT exchange and correlation ... done (1.89 s)
Numerically integrated density is 40.00000 (-0.0000 %).
ADIIS weights
 1.11e-04  2.01e-01  1.90e-01  2.03e-01  2.03e-01  2.03e-01 
CDIIS weights
 1.29e-04  2.25e-02  2.25e-02  1.15e-01  4.61e-01  3.79e-01 
 DIIS weights
 1.29e-04  2.25e-02  2.25e-02  1.15e-01  4.61e-01  3.79e-01 

Solving SCF equations ... done (0.00 s)

DIIS error                    :  3.650167e-07
Energy change                 : -2.273737e-13
Max total density change      :  1.109566e-07
Max rms   density change      :  2.065681e-09
Dipole mu = ( 0.19454594, -0.90142534,  6.49904477) D

Iteration took 3.01 s.

 ******* Iteration    7 ********
Forming density fitted Coulomb matrix ... done (1.04 s)
Computing DFT exchange and correlation ... done (2.25 s)
Numerically integrated density is 40.00000 (-0.0000 %).
ADIIS weights
 7.28e-05  1.67e-01  1.58e-01  1.69e-01  1.69e-01  1.69e-01  1.69e-01 
CDIIS weights
 2.25e-05  3.68e-03  4.02e-03  2.26e-02  1.28e-01  1.44e-01  6.97e-01 
 DIIS weights
 2.25e-05  3.68e-03  4.02e-03  2.26e-02  1.28e-01  1.44e-01  6.97e-01 

Solving SCF equations ... done (0.01 s)

DIIS error                    :  2.450376e-08
Energy change                 : -1.136868e-13
Max total density change      :  1.622723e-08
Max rms   density change      :  3.763623e-10
Dipole mu = ( 0.19454561, -0.90142489,  6.49904499) D

Iteration took 3.31 s.

 ******* Iteration    8 ********
Forming density fitted Coulomb matrix ... done (1.29 s)
Computing DFT exchange and correlation ... done (1.92 s)
Numerically integrated density is 40.00000 (-0.0000 %).
ADIIS weights
 4.72e-05  1.42e-01  1.36e-01  1.44e-01  1.44e-01  1.44e-01  1.44e-01  1.44e-01 
CDIIS weights
-1.16e-06  8.36e-04  1.03e-03  6.44e-03  4.75e-02  5.87e-02  3.94e-01  4.92e-01 
 DIIS weights
-1.16e-06  8.36e-04  1.03e-03  6.44e-03  4.75e-02  5.87e-02  3.94e-01  4.92e-01 

Solving SCF equations ... done (0.01 s)

DIIS error                    :  1.401454e-08
Energy change                 :  6.821210e-13
Max total density change      :  5.416551e-09
Max rms   density change      :  1.383707e-10
Dipole mu = ( 0.19454568, -0.90142493,  6.49904492) D

Iteration took 3.24 s.

 ******* Iteration    9 ********
Forming density fitted Coulomb matrix ... done (1.08 s)
Computing DFT exchange and correlation ... done (1.90 s)
Numerically integrated density is 40.00000 (-0.0000 %).
ADIIS weights
 3.07e-05  1.24e-01  1.19e-01  1.26e-01  1.26e-01  1.26e-01  1.26e-01  1.26e-01  1.26e-01 
CDIIS weights
-1.03e-06 -3.06e-05  2.76e-05  4.46e-04  9.18e-03  1.40e-02  1.47e-01  3.19e-01  5.11e-01 
 DIIS weights
-1.03e-06 -3.06e-05  2.76e-05  4.46e-04  9.18e-03  1.40e-02  1.47e-01  3.19e-01  5.11e-01 

Solving SCF equations ... done (0.00 s)

DIIS error                    :  5.365850e-09
Energy change                 : -1.080025e-12
Max total density change      :  1.706010e-09
Max rms   density change      :  4.690662e-11
Dipole mu = ( 0.19454569, -0.90142496,  6.49904495) D

Iteration took 3.00 s.

 ******* Convergence achieved ********
Solution of RDFT took 34.90 s.

Kinetic               energy:  3.0336309291710973e+02
Nuclear attraction    energy: -9.7933189193753958e+02
Total one-electron    energy: -6.7596879902043008e+02
Nuclear repulsion     energy:  1.2862784582245234e+02
Coulomb               energy:  2.7873909205104468e+02
Exchange-correlation  energy: -3.6846281644510086e+01
Non-local correlation energy:  0.0000000000000000e+00
-----------------------------------------------------
                Total energy: -3.0544814279144316e+02
               Virial factor:  1.0068731164832341e+00

Dipole mu = ( 0.19454569, -0.90142496,  6.49904495) D

HOMO-LUMO gap is    3.86 eV. Orbital energies:
     -18.8170*     -18.8170*     -18.7270*     -18.7184*      -0.9553*
      -0.9531*      -0.8707*      -0.8513*      -0.5222*      -0.5146*
      -0.4559*      -0.4216*      -0.3894*      -0.3510*      -0.3064*
      -0.2982*      -0.2903*      -0.2591*      -0.2226*      -0.2038*
      -0.0619       -0.0455        0.0013        0.0037        0.0083 
       0.0416        0.0525        0.0631        0.0770        0.0789 
       0.0840        0.1039        0.1095        0.1202        0.1245 
       0.1428        0.1471        0.1510        0.1555        0.1595 
       0.1612        0.1693        0.1917        0.2030        0.2154 
       0.2238        0.2321        0.2379        0.2561        0.2662 
       0.2802        0.2910        0.3057        0.3160        0.3242 
       0.3261        0.3504        0.3584        0.3807        0.3965 
       0.4023        0.4122        0.4250        0.4325        0.4476 
       0.4551        0.4653        0.4789        0.4890        0.4946 
       0.5000        0.5134        0.5378        0.6293        0.6518 
       0.6725        0.6783        0.7010        0.7105        0.7228 
       0.7657        0.7951        0.8117        0.8638        0.8792 
       0.9085        0.9268        0.9309        0.9375        0.9583 
       0.9804        0.9892        1.0042        1.0260        1.0425 
       1.0750        1.1026        1.1069        1.1568        1.1800 
       1.2026        1.2380        1.2472        1.2556        1.2655 
       1.3173        1.3630        1.4172        1.4525        1.5881 
       1.6155        1.6439        1.6668        1.7065        1.7223 
       1.7311        1.7533        1.7656        1.7730        1.7930 
       1.8084        1.8978        1.9342        1.9580        1.9768 
       1.9866        2.1029        2.1258        2.1288        2.1430 
       2.1640        2.2553        2.3271        2.3978        2.4253 
       2.4533        2.4884        2.5455        2.5615        2.6204 
       2.6641        2.6991        2.7250        2.9989        3.1762 
       3.2056        3.2325        3.2529        3.2630        3.2710 
       3.2813        3.3107        3.3235        3.3407        3.3612 
       3.5067        3.5163        3.5195        3.6575        3.6872 
       3.6982        3.8754        3.9665        4.0831 

Mulliken charges
   1 O           -0.425886
   2 H            0.254740
   3 H            0.241215
   4 O           -0.399563
   5 H            0.181382
   6 H            0.153359
   7 O           -0.310378
   8 H            0.223429
   9 H            0.094659
  10 O           -0.344750
  11 H            0.169734
  12 H            0.162058
Sum of Mulliken charges 3.042011e-14

Electron density at nuclei
   1 O          296.788254
   2 H            0.343552
   3 H            0.339016
   4 O          296.900184
   5 H            0.348091
   6 H            0.346866
   7 O          296.899905
   8 H            0.331949
   9 H            0.356012
  10 O          296.871150
  11 H            0.351537
  12 H            0.345304

Running program took 59.59 s.
Current time is Wed 25 Feb 2015 01:35:08.
