ERKALE - HF/DFT from Hel, OpenMP version, running on 6 cores.
(c) Susi Lehtola, 2010-2016.

This program is free software; you can redistribute it and/or modify
it under the terms of the GNU General Public License as published by
the Free Software Foundation; either version 2 of the License, or
(at your option) any later version.

Running on host lenovo.

Basis set aug-cc-pVDZ found in file aug-cc-pVDZ.gbs in /home/work/erkale/basis/.

Current Settings used by ERKALE:
     AtomGuess      	                Auto	Method used for atomic guess (Auto for same as method)
     Basis          	         aug-cc-pVDZ	Basis set used in calculation
     BasisCutoff    	           1.000e-08	Cutoff for dropping out small primitives from contraction
     BasisOrth      	                Auto	Method of orthonormalization of basis set
     BasisRotate    	               false	Rotate basis set to remove redundant functions?
     Charge         	                   0	Total charge of system
     CholDepThresh  	           1.000e-07	Partial Cholesky decomposition threshold
     CholeskyFile   	        cholesky.chk	Filename for the DF/CD integral cache (used when CholeskyMode != 0). Plain and range-separated entries coexist in the same file under distinct keys.
     CholeskyMode   	                   0	Save/load the DF/CD integral cache? 0 no, 1 save after fill, -1 load before fill (falls back to fill on mismatch). Useful for repeated runs that share orbital + auxiliary basis. Ignored when Direct=true.
     CholeskyShThr  	           1.000e-02	Cholesky cache threshold
     CholeskyThr    	           1.000e-07	Cholesky decomposition threshold
     Confinement    	         0.0 0.0 0.0	Confinement potential V(r) = V_i x_i^2
     ConvThr        	           1.000e-06	Orbital gradient convergence threshold
     DFTBasisThr    	           1.000e-10	Threshold for screening basis functions on grid
     DFTCpars       	                    	Override parameters of correlation functional (expert)
     DFTDelta       	           1.000e+02	Switch to final DFT grid has converged within factor X
     DFTDensityThr  	           1.000e-10	Threshold for screening density on grid
     DFTFinalTol    	           1.000e-05	Tolerance of final DFT grid
     DFTGrid        	             50 -194	DFT integration grid to use: nrad lmax or Auto for adaptive
     DFTInitialTol  	           1.000e-04	Tolerance of initial DFT grid
     DFTLobatto     	               false	Use Lobatto quadrature instead of Lebedev quadrature?
     DFTQuadThresh  	           2.220e-16	Threshold for pruning points with small quadrature weight
     DFTXpars       	                    	Override parameters of exchange functional (expert)
     DIISComb       	               false	Combine alpha and beta errors in unrestricted calcs?
     DIISEps        	           1.000e-01	Start mixing in DIIS when error is
     DIISOrder      	                  10	How many DIIS iterations to keep in memory?
     DIISThr        	           1.000e-02	DIIS error threshold for DIIS updates
     DecFock        	               false	Use decontracted basis to calculate Fock matrix (direct HF)
     Decontract     	                    	Indices of atoms to decontract basis set for
     Direct         	               false	Calculate two-electron integrals (or density fitting) on-the-fly?
     EField         	         0.0 0.0 0.0	Electric field
     FittingBasis   	                Auto	Basis to use for density fitting / RI: a basis-set name, Auto (CD-derived auto-aux, Lehtola JCTC 17, 6886 (2021); uncontracted, lmax-pruned per FittingLmaxInc) or AutoABS (Eichkorn-style automatic aux, J-only)
     FittingCholeskyThreshold	           1.000e-08	Linear dependence threshold for pivoted Cholesky of Coulomb integrals in density fitting
     FittingLmaxInc 	                   1	Angular-momentum pruning increment for the CD-derived auto-aux: keep l <= max(2*l_occ, l_obs+l_occ+FittingLmaxInc) (Lehtola JCTC 19, 6242 (2023)); negative keeps all shells
     FittingThreshold	           1.000e-07	Linear dependence threshold for Coulomb integrals in density fitting
     ForcePol       	               false	Force polarized calculation
     Guess          	                 SAD	Used guess: SAD (default), SADNO, core, GWH, SAP, or SAPfit
     InputBohr      	               false	Use atomic units as input units instead of angstrom?
     IntegralThresh 	           1.000e-14	Integral screening threshold
     JKMethod       	                  RI	Coulomb/exchange build method: 4index (exact ERIs, in-core or Direct), RI (density fitting with a Gaussian auxiliary basis -- set FittingBasis), Cholesky (two-step pivoted Cholesky decomposition; Folkestad/Kjonstad/Koch JCP 150, 194112 (2019); exact at threshold) or CDFit (density fitting on a per-atom CD-derived auxiliary basis; Lehtola JCTC 17, 6886 (2021); exact only as the orbital basis becomes complete).
     Kgwh           	           1.750e+00	Scaling constant for GWH
     LinDepThresh   	           1.000e-05	Basis set linear dependency threshold
     LinearB        	           0.000e+00	Magnetic field along bond axis
     LinearFreeze   	               false	If using linear symmetry, freeze symmetry to input guess
     LinearOccupationFile	         linoccs.dat	File to read linear occupations from
     LinearOccupations	                   0	Read in occupations for linear molecule calculations?
     LinearSymmetry 	               false	Do special calculation on linear molecule along z axis
     LoadChk        	                    	File to load old results from
     Logfile        	water_dimer_pbe0_cdaux.log	File to print out full information, stdout for screen
     MaxIter        	                 100	Maximum number of iterations in SCF cycle
     Method         	     hyb_gga_xc_pbeh	Method used in calculation (HF or a DFT functional)
     Multiplicity   	                   1	Spin multiplicity
     NLGrid         	             50 -194	Integration grid to use for nonlocal correlation: nrad lmax
     OccRIK         	               false	Use the occ-RI-K algorithm (Manzer et al, JCP 143, 024113 (2015)) for density-fitted/Cholesky exchange? Gives the exact (RI) SCF energy and density but only approximate virtual orbital energies. Ignored for the four-index method.
     Occupancies    	                    	Orbital occupancies
     OptLM          	                true	If spherical harmonics used, use cartesian s and p functions?
     PZ             	               false	Perform Perdew-Zunger self-interaction correction?
     PZEthr         	           1.000e-10	Threshold for energy convergence
     PZIthr         	           1.000e-02	Threshold for initialization convergence (not too small!)
     PZNRthr        	           0.000e+00	Threshold for use of NR method in OO optimization
     PZOOthr        	           1.000e-04	Gradient threshold for OO optimization
     PZOVthr        	           1.000e-05	Gradient threshold for OV optimization
     PZimag         	                Auto	Imaginary degrees of freedom in PZ?
     PZiter         	                  20	Max number of iterations in self-consistency iteration
     PZloc          	                Auto	Initial localization before SIC calculation?
     PZlocmet       	                  FB	Initial localization method (recommend FB or IAO)
     PZmode         	                  XC	Apply PZ to the operators (in addition to J): X C D
     PZoo           	                true	Optimize OO block?
     PZov           	                true	Optimize OV block?
     PZprec         	                   1	Precondition OV block? 0: no, 1: unified, 2: orbital
     PZrand         	                true	Apply random rotation in PZ initialization? (Should be true)
     PZscale        	            Constant	Scaling for PZ: Constant, Density or Kinetic
     PZscaleExp     	           1.000e+00	Exponent in the dynamic scaling equation
     PZseed         	                   0	Seed number for randomized matrices?
     PZstab         	                   0	Stability analysis for PZ-SIC? 1 or -1 for OO, 2 or -2 for OO+OV
     PZstabThr      	           1.000e-03	Instability threshold (interpreted as -thr)
     PZw            	           1.000e+00	Weight for Perdew-Zunger self-interaction correction
     SAPBasis       	    helfem_large.gbs	Tabulated atomic effective potential "basis set"
     SAPGrid        	                    	SAP integration grid to use: nrad lmax or leave empty
     SaveChk        	water_dimer_pbe0_cdaux.chk	File to use as checkpoint
     ScreeningThresh	           1.000e-10	Density-weighted Fock-contribution screening threshold
     Shift          	           0.000e+00	Level shift to use in Hartree
     System         	     water_dimer.xyz	System as an xyz file
     TRRHminS       	           9.750e-01	Trust-Region Roothaan-Hall minimal occupied orbital overlap
     UseADIIS       	                true	Use ADIIS for Fock matrix interpolation?
     UseBroyden     	               false	Use Broyden mixing of Fock matrices?
     UseDIIS        	                true	Use Pulay's Direct Inversion in the Iterative Subspace?
     UseLM          	                true	Use a spherical harmonics basis set by default?
     UseTRRH        	               false	Use Trust-Region Roothaan-Hall?
     VV10           	                Auto	Use VV10 non-local correlation?
     VV10Pars       	                    	VV10 parameters: b C
     Verbose        	                true	Verbose calculation?

There are 38 shells and 6 nuclei in the basis set.

List of nuclei, geometry in Ångström with three decimal places:
		 Z	    x	    y	    z
1	O	 8	 -1.464	  0.099	  0.300
2	H	 1	 -1.956	  0.624	 -0.340
3	H	 1	 -1.797	 -0.799	  0.206
4	O	 8	  1.369	  0.146	 -0.395
5	H	 1	  1.894	  0.486	  0.335
6	H	 1	  0.451	  0.165	 -0.083

Interatomic distance matrix:
          1O    2H    3H    4O    5H 
   2H  0.963
   3H  0.962 1.532
   4O  2.917 3.360 3.358
   5H  3.380 3.911 3.910 0.961
   6H  1.954 2.464 2.463 0.970 1.536

List of basis functions:
Shell    1	S cart shell at nucleus   1 with with basis functions    1-1   
Shell    2	S cart shell at nucleus   1 with with basis functions    2-2   
Shell    3	S cart shell at nucleus   1 with with basis functions    3-3   
Shell    4	S cart shell at nucleus   1 with with basis functions    4-4   
Shell    5	P cart shell at nucleus   1 with with basis functions    5-7   
Shell    6	P cart shell at nucleus   1 with with basis functions    8-10  
Shell    7	P cart shell at nucleus   1 with with basis functions   11-13  
Shell    8	D  sph shell at nucleus   1 with with basis functions   14-18  
Shell    9	D  sph shell at nucleus   1 with with basis functions   19-23  
Shell   10	S cart shell at nucleus   2 with with basis functions   24-24  
Shell   11	S cart shell at nucleus   2 with with basis functions   25-25  
Shell   12	S cart shell at nucleus   2 with with basis functions   26-26  
Shell   13	P cart shell at nucleus   2 with with basis functions   27-29  
Shell   14	P cart shell at nucleus   2 with with basis functions   30-32  
Shell   15	S cart shell at nucleus   3 with with basis functions   33-33  
Shell   16	S cart shell at nucleus   3 with with basis functions   34-34  
Shell   17	S cart shell at nucleus   3 with with basis functions   35-35  
Shell   18	P cart shell at nucleus   3 with with basis functions   36-38  
Shell   19	P cart shell at nucleus   3 with with basis functions   39-41  
Shell   20	S cart shell at nucleus   4 with with basis functions   42-42  
Shell   21	S cart shell at nucleus   4 with with basis functions   43-43  
Shell   22	S cart shell at nucleus   4 with with basis functions   44-44  
Shell   23	S cart shell at nucleus   4 with with basis functions   45-45  
Shell   24	P cart shell at nucleus   4 with with basis functions   46-48  
Shell   25	P cart shell at nucleus   4 with with basis functions   49-51  
Shell   26	P cart shell at nucleus   4 with with basis functions   52-54  
Shell   27	D  sph shell at nucleus   4 with with basis functions   55-59  
Shell   28	D  sph shell at nucleus   4 with with basis functions   60-64  
Shell   29	S cart shell at nucleus   5 with with basis functions   65-65  
Shell   30	S cart shell at nucleus   5 with with basis functions   66-66  
Shell   31	S cart shell at nucleus   5 with with basis functions   67-67  
Shell   32	P cart shell at nucleus   5 with with basis functions   68-70  
Shell   33	P cart shell at nucleus   5 with with basis functions   71-73  
Shell   34	S cart shell at nucleus   6 with with basis functions   74-74  
Shell   35	S cart shell at nucleus   6 with with basis functions   75-75  
Shell   36	S cart shell at nucleus   6 with with basis functions   76-76  
Shell   37	P cart shell at nucleus   6 with with basis functions   77-79  
Shell   38	P cart shell at nucleus   6 with with basis functions   80-82  

Basis set contains 82 functions, maximum angular momentum is 2.
Spherical harmonic Gaussians are used by default, there are 86 cartesians.

Forming overlap matrix ... done (0.00 s)
Forming kinetic energy matrix ... done (0.00 s)
Forming nuclear attraction matrix ... done (0.00 s)

Smallest eigenvalue of overlap matrix is 1.69e-03, reciprocal condition number is 1.98e-04.
Using symmetric orthogonalization.
Basis set diagonalized in 0.00 s.

Two-step CD: screening reduced dofs by factor 1.94.
Two-step CD selected 225 pivot orbital pairs after pivoting (0.01 s).
Pivot selection time use: integrals 53.5 %, linear algebra 46.5 %.
 O has 48 significant auxiliary shell pairs
Using Coulomb overlap metric
Linear ordering: 23 pivot indices
Ordering by increasing off-diagonal overlap: 23 pivot indices
L=0: 26 products => 23 independent auxiliary functions
Using Coulomb overlap metric
Linear ordering: 18 pivot indices
Ordering by increasing off-diagonal overlap: 18 pivot indices
L=1: 19 products => 18 independent auxiliary functions
Using Coulomb overlap metric
Linear ordering: 13 pivot indices
Ordering by increasing off-diagonal overlap: 13 pivot indices
L=2: 14 products => 13 independent auxiliary functions
Using Coulomb overlap metric
Linear ordering: 7 pivot indices
Ordering by increasing off-diagonal overlap: 7 pivot indices
L=3: 7 products => 7 independent auxiliary functions
Using Coulomb overlap metric
Linear ordering: 3 pivot indices
Ordering by increasing off-diagonal overlap: 3 pivot indices
L=4: 3 products => 3 independent auxiliary functions
Two-step CD: screening reduced dofs by factor 1.83.
Two-step CD selected 50 pivot orbital pairs after pivoting (0.00 s).
Pivot selection time use: integrals 57.9 %, linear algebra 42.1 %.
 H has 19 significant auxiliary shell pairs
Using Coulomb overlap metric
Linear ordering: 11 pivot indices
Ordering by increasing off-diagonal overlap: 11 pivot indices
L=0: 11 products => 11 independent auxiliary functions
Using Coulomb overlap metric
Linear ordering: 8 pivot indices
Ordering by increasing off-diagonal overlap: 8 pivot indices
L=1: 8 products => 8 independent auxiliary functions
Using Coulomb overlap metric
Linear ordering: 3 pivot indices
Ordering by increasing off-diagonal overlap: 3 pivot indices
L=2: 3 products => 3 independent auxiliary functions
Two-step CD: screening reduced dofs by factor 1.83.
Two-step CD selected 50 pivot orbital pairs after pivoting (0.00 s).
Pivot selection time use: integrals 55.1 %, linear algebra 44.9 %.
 H has 19 significant auxiliary shell pairs
Using Coulomb overlap metric
Linear ordering: 11 pivot indices
Ordering by increasing off-diagonal overlap: 11 pivot indices
L=0: 11 products => 11 independent auxiliary functions
Using Coulomb overlap metric
Linear ordering: 8 pivot indices
Ordering by increasing off-diagonal overlap: 8 pivot indices
L=1: 8 products => 8 independent auxiliary functions
Using Coulomb overlap metric
Linear ordering: 3 pivot indices
Ordering by increasing off-diagonal overlap: 3 pivot indices
L=2: 3 products => 3 independent auxiliary functions
Two-step CD: screening reduced dofs by factor 1.94.
Two-step CD selected 225 pivot orbital pairs after pivoting (0.01 s).
Pivot selection time use: integrals 56.5 %, linear algebra 43.5 %.
 O has 48 significant auxiliary shell pairs
Using Coulomb overlap metric
Linear ordering: 23 pivot indices
Ordering by increasing off-diagonal overlap: 23 pivot indices
L=0: 26 products => 23 independent auxiliary functions
Using Coulomb overlap metric
Linear ordering: 18 pivot indices
Ordering by increasing off-diagonal overlap: 18 pivot indices
L=1: 19 products => 18 independent auxiliary functions
Using Coulomb overlap metric
Linear ordering: 13 pivot indices
Ordering by increasing off-diagonal overlap: 13 pivot indices
L=2: 14 products => 13 independent auxiliary functions
Using Coulomb overlap metric
Linear ordering: 7 pivot indices
Ordering by increasing off-diagonal overlap: 7 pivot indices
L=3: 7 products => 7 independent auxiliary functions
Using Coulomb overlap metric
Linear ordering: 3 pivot indices
Ordering by increasing off-diagonal overlap: 3 pivot indices
L=4: 3 products => 3 independent auxiliary functions
Two-step CD: screening reduced dofs by factor 1.83.
Two-step CD selected 50 pivot orbital pairs after pivoting (0.00 s).
Pivot selection time use: integrals 53.5 %, linear algebra 46.5 %.
 H has 19 significant auxiliary shell pairs
Using Coulomb overlap metric
Linear ordering: 11 pivot indices
Ordering by increasing off-diagonal overlap: 11 pivot indices
L=0: 11 products => 11 independent auxiliary functions
Using Coulomb overlap metric
Linear ordering: 8 pivot indices
Ordering by increasing off-diagonal overlap: 8 pivot indices
L=1: 8 products => 8 independent auxiliary functions
Using Coulomb overlap metric
Linear ordering: 3 pivot indices
Ordering by increasing off-diagonal overlap: 3 pivot indices
L=2: 3 products => 3 independent auxiliary functions
Two-step CD: screening reduced dofs by factor 1.83.
Two-step CD selected 50 pivot orbital pairs after pivoting (0.00 s).
Pivot selection time use: integrals 52.1 %, linear algebra 47.9 %.
 H has 19 significant auxiliary shell pairs
Using Coulomb overlap metric
Linear ordering: 11 pivot indices
Ordering by increasing off-diagonal overlap: 11 pivot indices
L=0: 11 products => 11 independent auxiliary functions
Using Coulomb overlap metric
Linear ordering: 8 pivot indices
Ordering by increasing off-diagonal overlap: 8 pivot indices
L=1: 8 products => 8 independent auxiliary functions
Using Coulomb overlap metric
Linear ordering: 3 pivot indices
Ordering by increasing off-diagonal overlap: 3 pivot indices
L=2: 3 products => 3 independent auxiliary functions
Computing density fitting integrals, requiring 26 Mi 182 ki memory ... (A|uv) integrals require 0.018 GB
done (0.23 s)
741 shell pairs out of 741 are significant.
Auxiliary basis contains 636 functions.

Initialization of computation done in 0.36 s.

Performing hyb_gga_xc_pbeh guess for atoms:
O : 1 4, 5 orbitals (0.56 s)
H : 2 3 5 6, 1 orbitals (0.11 s)
SAD guess formed in 0.67 s.


Using hybrid exchange with  25.000 % of exact exchange.
Constructing static nrad=50 lmax=23 XC grid.
Composition of XC grid:
    atom Npoints     Nfuncs
    1 O     8158     593911
    2 H     8508     610154
    3 H     8508     609925
    4 O     8385     593651
    5 H     8639     603224
    6 H     8303     637838
Forming Coulomb and exchange matrices ... done (0.03 s)
Computing DFT exchange and correlation ... done (0.28 s)
Numerically integrated density is 20.00009 (+0.0004 %).
Solving SCF equations ... done (0.00 s)

Kinetic               energy:  1.5001011811806490e+02
Nuclear attraction    energy: -4.2786459481711626e+02
Total one-electron    energy: -2.7785447669905147e+02
Nuclear repulsion     energy:  3.6502871607913640e+01
Coulomb               energy:  1.0711529979106339e+02
Exchange-correlation  energy: -1.7787800291226255e+01
Non-local correlation energy:  0.0000000000000000e+00
-----------------------------------------------------
                Total energy: -1.5202410559130070e+02
               Virial factor:  1.0134256775376358e+00

Dipole mu = ( 0.00000000, -0.00000000,  0.00000000) D

HOMO-LUMO gap is    0.84 eV. Orbital energies:
     -19.5323*     -19.5290*      -1.2528*      -1.2372*      -0.7135*
      -0.7125*      -0.5881*      -0.5661*      -0.5048*      -0.4984*
      -0.0751       -0.0346        0.0025        0.0353        0.0663 
       0.0709        0.0904        0.0910        0.1110        0.1136 
       0.1261        0.1558        0.1598        0.1910        0.2179 
       0.2269        0.2282        0.2544        0.2944        0.3360 
       0.3767        0.3837        0.4256        0.4454        0.4686 
       0.4809        0.4988        0.5828        0.5871        0.6548 
       0.7115        0.7483        0.8172        0.8543        0.8670 
       0.8981        0.9147        0.9304        1.0395        1.0468 
       1.1113        1.1184        1.1918        1.2102        1.2564 
       1.6048        1.6316        1.6759        1.6945        1.7248 
       1.8392        1.9187        2.0300        2.0397        2.0947 
       2.1439        2.1873        2.2951        2.3304        2.3550 
       2.5575        2.6834        3.1125        3.1460        3.1528 
       3.1574        3.1796        3.2483        3.5040        3.5754 
       3.7283        3.7984 
Used exchange-correlation functional is hyb_gga_xc_pbeh, 'PBEH (PBE0)', defined in the reference(s):
C. Adamo and V. Barone.,  J. Chem. Phys. 110, 6158 (1999) (DOI 10.1063/1.478522)
M. Ernzerhof and G. E. Scuseria.,  J. Chem. Phys. 110, 5029 (1999) (DOI 10.1063/1.478401)
Functional is a GGA
HOMO-LUMO gap is   11.52 eV. Energies of lowest lying orbitals:
     -19.5323*     -19.5290*      -1.2528*      -1.2372*      -0.7135*
      -0.7125*      -0.5881*      -0.5661*      -0.5048*      -0.4984*
      -0.0751       -0.0346        0.0025        0.0353        0.0663 

Using hybrid exchange with  25.000 % of exact exchange.
Constructing static nrad=50 lmax=23 XC grid.
Composition of XC grid:
    atom Npoints     Nfuncs
    1 O     8158     593911
    2 H     8508     610154
    3 H     8508     609925
    4 O     8385     593651
    5 H     8639     603224
    6 H     8303     637838

 ******* Iteration    1 ********
Forming Coulomb and exchange matrices ... done (0.05 s)
Computing DFT exchange and correlation ... done (0.62 s)
Numerically integrated density is 20.00003 (+0.0002 %).
ADIIS weights
 1.00e+00 

Solving SCF equations ... done (0.00 s)

Total energy                  : -1.5253986061155709e+02
DIIS error                    :  2.885818e-01
Energy change                 : -1.525399e+02
Max total density change      :  4.284373e-01
Max rms   density change      :  1.629219e-02
Dipole mu = (-1.37586899, -0.12690629,  0.07211508) D

Iteration took 0.68 s.

 ******* Iteration    2 ********
Forming Coulomb and exchange matrices ... done (0.07 s)
Computing DFT exchange and correlation ... done (0.66 s)
Numerically integrated density is 20.00012 (+0.0006 %).
ADIIS weights
 6.82e-01  3.18e-01 

Solving SCF equations ... done (0.00 s)

Total energy                  : -1.5227761723373672e+02
DIIS error                    :  3.816095e-01
Energy change                 :  2.622434e-01
Max total density change      :  2.162425e-01
Max rms   density change      :  7.832910e-03
Dipole mu = (-2.39177765, -0.05426805,  0.54065573) D

Iteration took 0.74 s.

 ******* Iteration    3 ********
Forming Coulomb and exchange matrices ... done (0.06 s)
Computing DFT exchange and correlation ... done (0.64 s)
Numerically integrated density is 20.00007 (+0.0003 %).
ADIIS weights
 5.72e-15  9.58e-18  1.00e+00 

Solving SCF equations ... done (0.00 s)

Total energy                  : -1.5271630379256231e+02
DIIS error                    :  6.833634e-02
Energy change                 : -4.386866e-01
Max total density change      :  9.942127e-02
Max rms   density change      :  4.185322e-03
Dipole mu = (-2.79784247, -0.06000599,  0.63801320) D

Iteration took 0.71 s.

 ******* Iteration    4 ********
Forming Coulomb and exchange matrices ... done (0.07 s)
Computing DFT exchange and correlation ... done (0.62 s)
Numerically integrated density is 20.00005 (+0.0003 %).
ADIIS weights
 1.69e-16  9.01e-16  6.47e-01  3.53e-01 

Solving SCF equations ... done (0.00 s)

Total energy                  : -1.5270442177380372e+02
DIIS error                    :  9.864415e-02
Energy change                 :  1.188202e-02
Max total density change      :  4.980309e-02
Max rms   density change      :  2.112906e-03
Dipole mu = (-2.60094590, -0.06009245,  0.58333906) D

Iteration took 0.70 s.

 ******* Iteration    5 ********
Forming Coulomb and exchange matrices ... done (0.06 s)
Computing DFT exchange and correlation ... done (0.61 s)
Numerically integrated density is 20.00006 (+0.0003 %).
ADIIS weights
 1.34e-14  3.92e-17  3.84e-13  5.18e-14  1.00e+00 
CDIIS weights
-2.79e-03  1.29e-04  1.24e-01 -4.07e-02  9.20e-01 
 DIIS weights
-2.64e-03  1.22e-04  1.17e-01 -3.86e-02  9.24e-01 

Solving SCF equations ... done (0.00 s)

Total energy                  : -1.5272753710809141e+02
DIIS error                    :  1.462909e-02
Energy change                 : -2.311533e-02
Max total density change      :  9.500863e-03
Max rms   density change      :  3.920802e-04
Dipole mu = (-2.55812800, -0.05818176,  0.57646771) D

Iteration took 0.68 s.

 ******* Iteration    6 ********
Forming Coulomb and exchange matrices ... done (0.06 s)
Computing DFT exchange and correlation ... done (0.63 s)
Numerically integrated density is 20.00006 (+0.0003 %).
CDIIS weights
-5.28e-03  1.63e-03  1.37e-02 -6.53e-03  3.11e-01  6.86e-01 

Solving SCF equations ... done (0.00 s)

Total energy                  : -1.5272806283985582e+02
DIIS error                    :  1.590611e-03
Energy change                 : -5.257318e-04
Max total density change      :  1.004883e-03
Max rms   density change      :  3.391163e-05
Dipole mu = (-2.56137887, -0.05901397,  0.57519337) D

Iteration took 0.71 s.

 ******* Iteration    7 ********
Forming Coulomb and exchange matrices ... done (0.07 s)
Computing DFT exchange and correlation ... done (0.63 s)
Numerically integrated density is 20.00006 (+0.0003 %).
CDIIS weights
-5.45e-06  1.24e-04 -3.86e-03 -2.91e-03  1.34e-02  1.33e-01  8.60e-01 

Solving SCF equations ... done (0.00 s)

Total energy                  : -1.5272806679060946e+02
DIIS error                    :  9.008445e-05
Energy change                 : -3.950754e-06
Max total density change      :  5.570069e-05
Max rms   density change      :  2.178712e-06
Dipole mu = (-2.56138719, -0.05894396,  0.57538163) D

Iteration took 0.71 s.

 ******* Iteration    8 ********
Forming Coulomb and exchange matrices ... done (0.07 s)
Computing DFT exchange and correlation ... done (0.60 s)
Numerically integrated density is 20.00006 (+0.0003 %).
CDIIS weights
 1.25e-04 -4.87e-06 -1.32e-03 -8.10e-04 -2.65e-03  1.93e-02  2.38e-01  7.48e-01 

Solving SCF equations ... done (0.00 s)

Total energy                  : -1.5272806693102936e+02
DIIS error                    :  9.702257e-06
Energy change                 : -1.404199e-07
Max total density change      :  1.145679e-05
Max rms   density change      :  3.222102e-07
Dipole mu = (-2.56133144, -0.05893931,  0.57537696) D

Iteration took 0.68 s.

 ******* Iteration    9 ********
Forming Coulomb and exchange matrices ... done (0.06 s)
Computing DFT exchange and correlation ... done (0.65 s)
Numerically integrated density is 20.00006 (+0.0003 %).
CDIIS weights
 2.59e-06 -4.59e-06  4.01e-05  6.30e-05 -6.85e-04 -3.45e-03 -1.50e-02  2.14e-02  9.98e-01 

Solving SCF equations ... done (0.00 s)

Total energy                  : -1.5272806705733618e+02
DIIS error                    :  5.985486e-07
Energy change                 : -1.263068e-07
Max total density change      :  7.078991e-07
Max rms   density change      :  4.163908e-08
Dipole mu = (-2.56133361, -0.05894189,  0.57537099) D

Iteration took 0.75 s.

 ******* Convergence achieved ********
Solution of RDFT took 6.73 s.

Kinetic               energy:  1.5186704298441481e+02
Nuclear attraction    energy: -4.3405781899804117e+02
Total one-electron    energy: -2.8219077601362619e+02
Nuclear repulsion     energy:  3.6502871607913640e+01
Coulomb               energy:  1.1144504629335513e+02
Exchange-correlation  energy: -1.8485208944978751e+01
Non-local correlation energy:  0.0000000000000000e+00
-----------------------------------------------------
                Total energy: -1.5272806705733618e+02
               Virial factor:  1.0056695913478062e+00

Dipole mu = (-2.56133361, -0.05894189,  0.57537099) D

HOMO-LUMO gap is    7.71 eV. Orbital energies:
     -19.2572*     -19.2006*      -1.0731*      -1.0158*      -0.5772*
      -0.5267*      -0.4397*      -0.3831*      -0.3567*      -0.3063*
      -0.0229        0.0167        0.0269        0.0616        0.0995 
       0.1139        0.1431        0.1434        0.1542        0.1623 
       0.1890        0.1910        0.2144        0.2325        0.2513 
       0.2662        0.2804        0.3255        0.3439        0.3825 
       0.4187        0.4348        0.4515        0.4984        0.5186 
       0.5424        0.5483        0.6333        0.6586        0.7458 
       0.7795        0.8504        0.9314        0.9538        0.9605 
       0.9921        1.0150        1.0308        1.1316        1.1661 
       1.2095        1.2380        1.3348        1.3362        1.3856 
       1.7124        1.7305        1.7750        1.7884        1.8234 
       1.9035        2.0117        2.1037        2.1421        2.2290 
       2.2616        2.2979        2.4174        2.4559        2.4866 
       2.7124        2.7948        3.3208        3.3265        3.3392 
       3.3659        3.3986        3.4213        3.6593        3.7760 
       3.8835        4.0029 

Mulliken charges
   1 O           -0.301130
   2 H            0.147230
   3 H            0.146510
   4 O           -0.260977
   5 H            0.094913
   6 H            0.173454
Sum of Mulliken charges 3.907985e-14

Electron density at nuclei
   1 O          296.927950
   2 H            0.371907
   3 H            0.372347
   4 O          296.946621
   5 H            0.377194
   6 H            0.359532

Running program took 8.33 s.
Current time is Thu 18 Jun 2026 08:21:01.
