ERKALE - HF/DFT from Hel, OpenMP version, running on 6 cores.
(c) Susi Lehtola, 2010-2016.

This program is free software; you can redistribute it and/or modify
it under the terms of the GNU General Public License as published by
the Free Software Foundation; either version 2 of the License, or
(at your option) any later version.

Running on host lenovo.

Basis set aug-cc-pVDZ found in file aug-cc-pVDZ.gbs in /home/work/erkale/basis/.

Current Settings used by ERKALE:
     AtomGuess      	                Auto	Method used for atomic guess (Auto for same as method)
     Basis          	         aug-cc-pVDZ	Basis set used in calculation
     BasisCutoff    	           1.000e-08	Cutoff for dropping out small primitives from contraction
     BasisOrth      	                Auto	Method of orthonormalization of basis set
     BasisRotate    	               false	Rotate basis set to remove redundant functions?
     Charge         	                   0	Total charge of system
     CholDepThresh  	           1.000e-07	Partial Cholesky decomposition threshold
     Cholesky       	                true	Use Cholesky decomposition?
     CholeskyAlgorithm	             TwoStep	Cholesky/RI algorithm. OneStep (default): full pivoted CD on (uv|ls); exact at threshold. TwoStep: orbital-pair pivots on atom pairs evaluated via three-center machinery (Folkestad/Kjonstad/Koch JCP 150, 194112 (2019)); exact at threshold, same L vectors as OneStep. CDFit: density fitting with an atom-centered aux basis built by per-atom pivoted Cholesky on the orbital primitives (Lehtola JCTC 17, 6886 (2021)); only converges to the exact ERI tensor as the orbital basis becomes complete.
     CholeskyMode   	                   0	Save/load integrals? 0 no, 1 save, -1 load
     CholeskyNAFThr 	           0.000e+00	Cholesky natural auxiliary function threshold
     CholeskyShThr  	           1.000e-02	Cholesky cache threshold
     CholeskyThr    	           1.000e-07	Cholesky decomposition threshold
     Confinement    	         0.0 0.0 0.0	Confinement potential V(r) = V_i x_i^2
     ConvThr        	           1.000e-06	Orbital gradient convergence threshold
     DFTBasisThr    	           1.000e-10	Threshold for screening basis functions on grid
     DFTCpars       	                    	Override parameters of correlation functional (expert)
     DFTDelta       	           1.000e+02	Switch to final DFT grid has converged within factor X
     DFTDensityThr  	           1.000e-10	Threshold for screening density on grid
     DFTFinalTol    	           1.000e-05	Tolerance of final DFT grid
     DFTGrid        	             75 -302	DFT integration grid to use: nrad lmax or Auto for adaptive
     DFTInitialTol  	           1.000e-04	Tolerance of initial DFT grid
     DFTLobatto     	               false	Use Lobatto quadrature instead of Lebedev quadrature?
     DFTQuadThresh  	           2.220e-16	Threshold for pruning points with small quadrature weight
     DFTXpars       	                    	Override parameters of exchange functional (expert)
     DIISComb       	               false	Combine alpha and beta errors in unrestricted calcs?
     DIISEps        	           1.000e-01	Start mixing in DIIS when error is
     DIISOrder      	                  10	How many DIIS iterations to keep in memory?
     DIISThr        	           1.000e-02	DIIS error threshold for DIIS updates
     DecFock        	               false	Use decontracted basis to calculate Fock matrix (direct HF)
     Decontract     	                    	Indices of atoms to decontract basis set for
     DensityFitting 	               false	Use density fitting / RI?
     Direct         	               false	Calculate two-electron integrals (or density fitting) on-the-fly?
     EField         	         0.0 0.0 0.0	Electric field
     FittingBasis   	                Auto	Basis to use for density fitting / RI (Auto for automatic)
     FittingCholeskyThreshold	           1.000e-08	Linear dependence threshold for pivoted Cholesky of Coulomb integrals in density fitting
     FittingMemory  	                1000	Amount of memory in MB to use for exchange fitting
     FittingThreshold	           1.000e-07	Linear dependence threshold for Coulomb integrals in density fitting
     ForcePol       	               false	Force polarized calculation
     Guess          	                 SAD	Used guess: SAD (default), SADNO, core, GWH, SAP, or SAPfit
     InputBohr      	               false	Use atomic units as input units instead of angstrom?
     IntegralThresh 	           1.000e-14	Integral screening threshold
     Kgwh           	           1.750e+00	Scaling constant for GWH
     LinDepThresh   	           1.000e-05	Basis set linear dependency threshold
     LinearB        	           0.000e+00	Magnetic field along bond axis
     LinearFreeze   	               false	If using linear symmetry, freeze symmetry to input guess
     LinearOccupationFile	         linoccs.dat	File to read linear occupations from
     LinearOccupations	                   0	Read in occupations for linear molecule calculations?
     LinearSymmetry 	               false	Do special calculation on linear molecule along z axis
     LoadChk        	                    	File to load old results from
     Logfile        	water_cluster_cholesky_twostep.log	File to print out full information, stdout for screen
     MaxIter        	                 100	Maximum number of iterations in SCF cycle
     Method         	                  HF	Method used in calculation (HF or a DFT functional)
     Multiplicity   	                   1	Spin multiplicity
     NLGrid         	             50 -194	Integration grid to use for nonlocal correlation: nrad lmax
     Occupancies    	                    	Orbital occupancies
     OptLM          	                true	If spherical harmonics used, use cartesian s and p functions?
     PZ             	               false	Perform Perdew-Zunger self-interaction correction?
     PZEthr         	           1.000e-10	Threshold for energy convergence
     PZIthr         	           1.000e-02	Threshold for initialization convergence (not too small!)
     PZNRthr        	           0.000e+00	Threshold for use of NR method in OO optimization
     PZOOthr        	           1.000e-04	Gradient threshold for OO optimization
     PZOVthr        	           1.000e-05	Gradient threshold for OV optimization
     PZimag         	                Auto	Imaginary degrees of freedom in PZ?
     PZiter         	                  20	Max number of iterations in self-consistency iteration
     PZloc          	                Auto	Initial localization before SIC calculation?
     PZlocmet       	                  FB	Initial localization method (recommend FB or IAO)
     PZmode         	                  XC	Apply PZ to the operators (in addition to J): X C D
     PZoo           	                true	Optimize OO block?
     PZov           	                true	Optimize OV block?
     PZprec         	                   1	Precondition OV block? 0: no, 1: unified, 2: orbital
     PZrand         	                true	Apply random rotation in PZ initialization? (Should be true)
     PZscale        	            Constant	Scaling for PZ: Constant, Density or Kinetic
     PZscaleExp     	           1.000e+00	Exponent in the dynamic scaling equation
     PZseed         	                   0	Seed number for randomized matrices?
     PZstab         	                   0	Stability analysis for PZ-SIC? 1 or -1 for OO, 2 or -2 for OO+OV
     PZstabThr      	           1.000e-03	Instability threshold (interpreted as -thr)
     PZw            	           1.000e+00	Weight for Perdew-Zunger self-interaction correction
     SAPBasis       	    helfem_large.gbs	Tabulated atomic effective potential "basis set"
     SAPGrid        	                    	SAP integration grid to use: nrad lmax or leave empty
     SaveChk        	water_cluster_cholesky_twostep.chk	File to use as checkpoint
     Shift          	           0.000e+00	Level shift to use in Hartree
     System         	   water_cluster.xyz	System as an xyz file
     TRRHminS       	           9.750e-01	Trust-Region Roothaan-Hall minimal occupied orbital overlap
     UseADIIS       	                true	Use ADIIS for Fock matrix interpolation?
     UseBroyden     	               false	Use Broyden mixing of Fock matrices?
     UseDIIS        	                true	Use Pulay's Direct Inversion in the Iterative Subspace?
     UseLM          	                true	Use a spherical harmonics basis set by default?
     UseTRRH        	               false	Use Trust-Region Roothaan-Hall?
     VV10           	                Auto	Use VV10 non-local correlation?
     VV10Pars       	                    	VV10 parameters: b C
     Verbose        	                true	Verbose calculation?

There are 76 shells and 12 nuclei in the basis set.

List of nuclei, geometry in Ångström with three decimal places:
		 Z	    x	    y	    z
1	O	 8	  1.300	 -0.680	 -0.110
2	H	 1	  0.890	 -1.420	  0.420
3	H	 1	  1.940	 -0.170	  0.470
4	O	 8	  0.270	 -2.660	  1.170
5	H	 1	  0.080	 -3.620	  1.380
6	H	 1	 -0.060	 -2.080	  1.920
7	O	 8	  1.300	 -0.410	 -2.910
8	H	 1	  1.200	 -0.560	 -1.920
9	H	 1	  0.440	 -0.050	 -3.270
10	O	 8	  2.970	  0.350	  1.710
11	H	 1	  3.460	  1.190	  1.500
12	H	 1	  3.590	 -0.300	  2.160

Interatomic distance matrix:
          1O    2H    3H    4O    5H    6H    7O    8H    9H   10O   11H 
   2H  0.998
   3H  1.003 1.633
   4O  2.573 1.576 3.079
   5H  3.515 2.533 4.024 1.001
   6H  2.816 1.894 3.123 1.004 1.638
   7O  2.813 3.504 3.448 4.772 5.495 5.288
   8H  1.817 2.512 2.532 3.850 4.638 4.318 1.006
   9H  3.335 3.962 4.031 5.153 5.873 5.595 0.999 1.631
  10O  2.676 3.020 1.694 4.079 4.922 3.890 4.971 4.140 5.600
  11H  3.279 3.819 2.285 5.011 5.880 4.823 5.165 4.457 5.780 0.995
  12H  3.247 3.402 2.365 4.192 4.894 4.068 5.564 4.736 6.283 1.005 1.635

List of basis functions:
Shell    1	S cart shell at nucleus   1 with with basis functions    1-1   
Shell    2	S cart shell at nucleus   1 with with basis functions    2-2   
Shell    3	S cart shell at nucleus   1 with with basis functions    3-3   
Shell    4	S cart shell at nucleus   1 with with basis functions    4-4   
Shell    5	P cart shell at nucleus   1 with with basis functions    5-7   
Shell    6	P cart shell at nucleus   1 with with basis functions    8-10  
Shell    7	P cart shell at nucleus   1 with with basis functions   11-13  
Shell    8	D  sph shell at nucleus   1 with with basis functions   14-18  
Shell    9	D  sph shell at nucleus   1 with with basis functions   19-23  
Shell   10	S cart shell at nucleus   2 with with basis functions   24-24  
Shell   11	S cart shell at nucleus   2 with with basis functions   25-25  
Shell   12	S cart shell at nucleus   2 with with basis functions   26-26  
Shell   13	P cart shell at nucleus   2 with with basis functions   27-29  
Shell   14	P cart shell at nucleus   2 with with basis functions   30-32  
Shell   15	S cart shell at nucleus   3 with with basis functions   33-33  
Shell   16	S cart shell at nucleus   3 with with basis functions   34-34  
Shell   17	S cart shell at nucleus   3 with with basis functions   35-35  
Shell   18	P cart shell at nucleus   3 with with basis functions   36-38  
Shell   19	P cart shell at nucleus   3 with with basis functions   39-41  
Shell   20	S cart shell at nucleus   4 with with basis functions   42-42  
Shell   21	S cart shell at nucleus   4 with with basis functions   43-43  
Shell   22	S cart shell at nucleus   4 with with basis functions   44-44  
Shell   23	S cart shell at nucleus   4 with with basis functions   45-45  
Shell   24	P cart shell at nucleus   4 with with basis functions   46-48  
Shell   25	P cart shell at nucleus   4 with with basis functions   49-51  
Shell   26	P cart shell at nucleus   4 with with basis functions   52-54  
Shell   27	D  sph shell at nucleus   4 with with basis functions   55-59  
Shell   28	D  sph shell at nucleus   4 with with basis functions   60-64  
Shell   29	S cart shell at nucleus   5 with with basis functions   65-65  
Shell   30	S cart shell at nucleus   5 with with basis functions   66-66  
Shell   31	S cart shell at nucleus   5 with with basis functions   67-67  
Shell   32	P cart shell at nucleus   5 with with basis functions   68-70  
Shell   33	P cart shell at nucleus   5 with with basis functions   71-73  
Shell   34	S cart shell at nucleus   6 with with basis functions   74-74  
Shell   35	S cart shell at nucleus   6 with with basis functions   75-75  
Shell   36	S cart shell at nucleus   6 with with basis functions   76-76  
Shell   37	P cart shell at nucleus   6 with with basis functions   77-79  
Shell   38	P cart shell at nucleus   6 with with basis functions   80-82  
Shell   39	S cart shell at nucleus   7 with with basis functions   83-83  
Shell   40	S cart shell at nucleus   7 with with basis functions   84-84  
Shell   41	S cart shell at nucleus   7 with with basis functions   85-85  
Shell   42	S cart shell at nucleus   7 with with basis functions   86-86  
Shell   43	P cart shell at nucleus   7 with with basis functions   87-89  
Shell   44	P cart shell at nucleus   7 with with basis functions   90-92  
Shell   45	P cart shell at nucleus   7 with with basis functions   93-95  
Shell   46	D  sph shell at nucleus   7 with with basis functions   96-100 
Shell   47	D  sph shell at nucleus   7 with with basis functions  101-105 
Shell   48	S cart shell at nucleus   8 with with basis functions  106-106 
Shell   49	S cart shell at nucleus   8 with with basis functions  107-107 
Shell   50	S cart shell at nucleus   8 with with basis functions  108-108 
Shell   51	P cart shell at nucleus   8 with with basis functions  109-111 
Shell   52	P cart shell at nucleus   8 with with basis functions  112-114 
Shell   53	S cart shell at nucleus   9 with with basis functions  115-115 
Shell   54	S cart shell at nucleus   9 with with basis functions  116-116 
Shell   55	S cart shell at nucleus   9 with with basis functions  117-117 
Shell   56	P cart shell at nucleus   9 with with basis functions  118-120 
Shell   57	P cart shell at nucleus   9 with with basis functions  121-123 
Shell   58	S cart shell at nucleus  10 with with basis functions  124-124 
Shell   59	S cart shell at nucleus  10 with with basis functions  125-125 
Shell   60	S cart shell at nucleus  10 with with basis functions  126-126 
Shell   61	S cart shell at nucleus  10 with with basis functions  127-127 
Shell   62	P cart shell at nucleus  10 with with basis functions  128-130 
Shell   63	P cart shell at nucleus  10 with with basis functions  131-133 
Shell   64	P cart shell at nucleus  10 with with basis functions  134-136 
Shell   65	D  sph shell at nucleus  10 with with basis functions  137-141 
Shell   66	D  sph shell at nucleus  10 with with basis functions  142-146 
Shell   67	S cart shell at nucleus  11 with with basis functions  147-147 
Shell   68	S cart shell at nucleus  11 with with basis functions  148-148 
Shell   69	S cart shell at nucleus  11 with with basis functions  149-149 
Shell   70	P cart shell at nucleus  11 with with basis functions  150-152 
Shell   71	P cart shell at nucleus  11 with with basis functions  153-155 
Shell   72	S cart shell at nucleus  12 with with basis functions  156-156 
Shell   73	S cart shell at nucleus  12 with with basis functions  157-157 
Shell   74	S cart shell at nucleus  12 with with basis functions  158-158 
Shell   75	P cart shell at nucleus  12 with with basis functions  159-161 
Shell   76	P cart shell at nucleus  12 with with basis functions  162-164 

Basis set contains 164 functions, maximum angular momentum is 2.
Spherical harmonic Gaussians are used by default, there are 172 cartesians.

Forming overlap matrix ... done (0.00 s)
Forming kinetic energy matrix ... done (0.00 s)
Forming nuclear attraction matrix ... done (0.01 s)

Smallest eigenvalue of overlap matrix is 1.20e-03, reciprocal condition number is 1.10e-04.
Using symmetric orthogonalization.
Basis set diagonalized in 0.01 s.

Computing repulsion integrals (two-step CD).
Two-step CD: screening reduced dofs by factor 2.02.
Two-step CD selected 1635 pivot orbital pairs after pivoting (1 min 3.93 s).
Two-step CD: pivot metric orthogonalisation reduced 1635 -> 1574 Cholesky vectors (0.88 s).
Two-step CD finished in 1 min 6.12 s. Realised memory size is 159 Mi 916 ki.
Time use: integrals 2.8 %, linear algebra 97.2 %.
2911 shell pairs out of 2926 are significant.

Initialization of computation done in 1 min 6.20 s.

Performing HF guess for atoms:
O : 1 4 7 10, 5 orbitals (0.05 s)
H : 2 3 5 6 8 9 11 12, 1 orbitals (0.01 s)
SAD guess formed in 0.06 s.

Forming Cholesky Coulomb matrix ... done (0.01 s)
Forming Cholesky exchange matrix ... done (0.54 s)
Solving SCF equations ... done (0.01 s)

Kinetic               energy:  2.9809048111393861e+02
Nuclear attraction    energy: -9.6294715640602010e+02
Total one-electron    energy: -6.6485667529208206e+02
Nuclear repulsion     energy:  1.2862784408961625e+02
Coulomb               energy:  2.6744302200324853e+02
Exchange              energy: -3.3294335863099320e+01
-----------------------------------------------------
                Total energy: -3.0208014506231660e+02
               Virial factor:  1.0133840702778196e+00

Dipole mu = (-0.00000000,  0.00000000,  0.00000000) D

HOMO-LUMO gap is    0.82 eV. Orbital energies:
     -20.9855*     -20.9833*     -20.9814*     -20.9734*      -1.6548*
      -1.5877*      -1.5696*      -1.5265*      -0.9310*      -0.8776*
      -0.8719*      -0.8582*      -0.7617*      -0.6973*      -0.6901*
      -0.6549*      -0.6302*      -0.6251*      -0.6117*      -0.6080*
      -0.0723       -0.0281       -0.0138        0.0410        0.0453 
       0.0573        0.0823        0.0829        0.1131        0.1187 
       0.1260        0.1447        0.1580        0.1588        0.1613 
       0.1666        0.1953        0.1979        0.2056        0.2181 
       0.2245        0.2286        0.2392        0.2508        0.2616 
       0.2754        0.2860        0.3020        0.3209        0.3326 
       0.3406        0.3519        0.3593        0.3847        0.3916 
       0.4145        0.4311        0.4358        0.4760        0.4768 
       0.4874        0.4976        0.5192        0.5231        0.5353 
       0.5369        0.5550        0.5736        0.5814        0.5944 
       0.5964        0.6101        0.6258        0.7185        0.7502 
       0.7839        0.7988        0.8172        0.8321        0.8375 
       0.8692        0.9078        0.9314        0.9538        0.9976 
       1.0106        1.0230        1.0439        1.0575        1.0816 
       1.0934        1.1060        1.1365        1.1460        1.1572 
       1.1862        1.2588        1.2690        1.2961        1.3233 
       1.3518        1.3708        1.3897        1.4074        1.4223 
       1.4609        1.5238        1.5450        1.5952        1.7542 
       1.8010        1.8567        1.8600        1.8771        1.9231 
       1.9249        1.9429        1.9473        1.9859        2.0097 
       2.0194        2.0971        2.1237        2.1533        2.2374 
       2.2457        2.3105        2.3250        2.3524        2.3653 
       2.3769        2.4597        2.5426        2.5983        2.6437 
       2.6855        2.7251        2.7570        2.7799        2.8060 
       2.8510        2.8805        2.9144        3.2337        3.4304 
       3.4362        3.4556        3.4633        3.4861        3.4969 
       3.5091        3.5242        3.5413        3.5620        3.5891 
       3.7069        3.8006        3.8059        3.8750        3.9619 
       3.9904        4.1038        4.1850        4.3266 
HOMO-LUMO gap is   14.58 eV. Energies of lowest lying orbitals:
     -20.9855*     -20.9833*     -20.9814*     -20.9734*      -1.6548*
      -1.5877*      -1.5696*      -1.5265*      -0.9310*      -0.8776*
      -0.8719*      -0.8582*      -0.7617*      -0.6973*      -0.6901*
      -0.6549*      -0.6302*      -0.6251*      -0.6117*      -0.6080*
      -0.0723       -0.0281       -0.0138        0.0410        0.0453 

 ******* Iteration    1 ********
Forming Cholesky Coulomb matrix ... done (0.01 s)
Forming Cholesky exchange matrix ... done (0.43 s)
ADIIS weights
 1.00e+00 

Solving SCF equations ... done (0.01 s)

Total energy                  : -3.0384370219435237e+02
DIIS error                    :  2.411152e-01
Energy change                 : -3.038437e+02
Max total density change      :  2.461735e-01
Max rms   density change      :  7.048822e-03
Dipole mu = ( 0.36934278, -1.04744250,  6.48015772) D

Iteration took 0.45 s.

 ******* Iteration    2 ********
Forming Cholesky Coulomb matrix ... done (0.01 s)
Forming Cholesky exchange matrix ... done (0.41 s)
ADIIS weights
 5.46e-02  9.45e-01 

Solving SCF equations ... done (0.01 s)

Total energy                  : -3.0404433500477353e+02
DIIS error                    :  1.676116e-01
Energy change                 : -2.006328e-01
Max total density change      :  1.871876e-01
Max rms   density change      :  4.113622e-03
Dipole mu = (-0.00628430, -0.89398220,  7.27460944) D

Iteration took 0.44 s.

 ******* Iteration    3 ********
Forming Cholesky Coulomb matrix ... done (0.01 s)
Forming Cholesky exchange matrix ... done (0.41 s)
ADIIS weights
 3.91e-15  9.83e-02  9.02e-01 
CDIIS weights
-1.09e-01  2.87e-01  8.22e-01 
 DIIS weights
-2.05e-03  1.02e-01  9.00e-01 

Solving SCF equations ... done (0.01 s)

Total energy                  : -3.0411547235229887e+02
DIIS error                    :  9.830926e-02
Energy change                 : -7.113735e-02
Max total density change      :  8.829373e-02
Max rms   density change      :  2.171921e-03
Dipole mu = ( 0.16663460, -0.93222383,  6.67345019) D

Iteration took 0.44 s.

 ******* Iteration    4 ********
Forming Cholesky Coulomb matrix ... done (0.01 s)
Forming Cholesky exchange matrix ... done (0.42 s)
ADIIS weights
 4.22e-18  8.05e-14  9.81e-11  1.00e+00 
CDIIS weights
-1.97e-02 -1.18e-01  2.45e-01  8.93e-01 
 DIIS weights
-1.16e-02 -6.97e-02  1.45e-01  9.37e-01 

Solving SCF equations ... done (0.00 s)

Total energy                  : -3.0413909744728346e+02
DIIS error                    :  4.693566e-02
Energy change                 : -2.362509e-02
Max total density change      :  4.128644e-02
Max rms   density change      :  8.439460e-04
Dipole mu = ( 0.08217449, -0.89984162,  6.81960603) D

Iteration took 0.44 s.

 ******* Iteration    5 ********
Forming Cholesky Coulomb matrix ... done (0.01 s)
Forming Cholesky exchange matrix ... done (0.42 s)
ADIIS weights
 3.55e-15  1.42e-14  1.88e-13  1.61e-14  1.00e+00 
CDIIS weights
 3.80e-03 -5.32e-02 -6.47e-02  3.04e-01  8.10e-01 
 DIIS weights
 3.67e-03 -5.14e-02 -6.25e-02  2.94e-01  8.16e-01 

Solving SCF equations ... done (0.01 s)

Total energy                  : -3.0414480480554141e+02
DIIS error                    :  1.308341e-02
Energy change                 : -5.707358e-03
Max total density change      :  8.701471e-03
Max rms   density change      :  1.904864e-04
Dipole mu = ( 0.10180042, -0.90388629,  6.75905790) D

Iteration took 0.44 s.

 ******* Iteration    6 ********
Forming Cholesky Coulomb matrix ... done (0.01 s)
Forming Cholesky exchange matrix ... done (0.40 s)
CDIIS weights
 2.31e-03  1.41e-02 -3.87e-02 -1.21e-01  5.71e-02  1.09e+00 

Solving SCF equations ... done (0.01 s)

Total energy                  : -3.0414524393034196e+02
DIIS error                    :  1.003891e-03
Energy change                 : -4.391248e-04
Max total density change      :  9.237145e-04
Max rms   density change      :  1.953523e-05
Dipole mu = ( 0.09987031, -0.90239965,  6.75209116) D

Iteration took 0.43 s.

 ******* Iteration    7 ********
Forming Cholesky Coulomb matrix ... done (0.01 s)
Forming Cholesky exchange matrix ... done (0.40 s)
CDIIS weights
-6.11e-04 -5.86e-04  9.90e-03  1.03e-02 -4.57e-02 -2.17e-01  1.24e+00 

Solving SCF equations ... done (0.01 s)

Total energy                  : -3.0414524755872111e+02
DIIS error                    :  1.101571e-04
Energy change                 : -3.628379e-06
Max total density change      :  1.826931e-04
Max rms   density change      :  3.767729e-06
Dipole mu = ( 0.09988646, -0.90240776,  6.75051991) D

Iteration took 0.42 s.

 ******* Iteration    8 ********
Forming Cholesky Coulomb matrix ... done (0.01 s)
Forming Cholesky exchange matrix ... done (0.43 s)
CDIIS weights
-1.61e-04 -7.33e-04  2.97e-03  7.06e-03 -8.23e-03 -8.25e-02  1.61e-01  9.21e-01 

Solving SCF equations ... done (0.01 s)

Total energy                  : -3.0414524769375157e+02
DIIS error                    :  3.146799e-05
Energy change                 : -1.350305e-07
Max total density change      :  3.712244e-05
Max rms   density change      :  7.919910e-07
Dipole mu = ( 0.09995771, -0.90239549,  6.75032953) D

Iteration took 0.46 s.

 ******* Iteration    9 ********
Forming Cholesky Coulomb matrix ... done (0.01 s)
Forming Cholesky exchange matrix ... done (0.50 s)
CDIIS weights
 5.27e-05 -9.87e-05 -8.57e-04  2.66e-04  5.89e-03  1.52e-02 -1.60e-01  1.86e-01  9.53e-01 

Solving SCF equations ... done (0.01 s)

Total energy                  : -3.0414524770080959e+02
DIIS error                    :  1.669456e-05
Energy change                 : -7.058020e-09
Max total density change      :  1.717829e-05
Max rms   density change      :  3.273553e-07
Dipole mu = ( 0.09990983, -0.90238737,  6.75031082) D

Iteration took 0.53 s.

 ******* Iteration   10 ********
Forming Cholesky Coulomb matrix ... done (0.01 s)
Forming Cholesky exchange matrix ... done (0.47 s)
CDIIS weights
 1.09e-05  4.82e-05 -1.88e-04 -4.84e-04  3.92e-04  4.99e-03 -3.24e-03 -7.20e-02 -3.44e-02  1.10e+00 

Solving SCF equations ... done (0.01 s)

Total energy                  : -3.0414524770191946e+02
DIIS error                    :  2.578797e-06
Energy change                 : -1.109868e-09
Max total density change      :  3.132723e-06
Max rms   density change      :  7.633934e-08
Dipole mu = ( 0.09991375, -0.90239121,  6.75031846) D

Iteration took 0.50 s.

 ******* Iteration   11 ********
Forming Cholesky Coulomb matrix ... done (0.01 s)
Forming Cholesky exchange matrix ... done (0.48 s)
CDIIS weights
-1.40e-06  2.46e-05  1.41e-05 -1.87e-04 -7.59e-04  4.66e-03  5.15e-03 -2.85e-02 -2.44e-01  1.26e+00 

Solving SCF equations ... done (0.01 s)

Total energy                  : -3.0414524770197795e+02
DIIS error                    :  4.630693e-07
Energy change                 : -5.849188e-11
Max total density change      :  8.466074e-07
Max rms   density change      :  2.613248e-08
Dipole mu = ( 0.09991286, -0.90239016,  6.75032036) D

Iteration took 0.51 s.

 ******* Convergence achieved ********
Solution of RHF took 5.07 s.

Kinetic               energy:  3.0327827949732625e+02
Nuclear attraction    energy: -9.7965900447692297e+02
Total one-electron    energy: -6.7638072497959672e+02
Nuclear repulsion     energy:  1.2862784408961625e+02
Coulomb               energy:  2.7925062856989496e+02
Exchange              energy: -3.5642995381892469e+01
-----------------------------------------------------
                Total energy: -3.0414524770197795e+02
               Virial factor:  1.0028586557734653e+00

Dipole mu = ( 0.09991286, -0.90239016,  6.75032036) D

HOMO-LUMO gap is   12.51 eV. Orbital energies:
     -20.6139*     -20.6134*     -20.5161*     -20.5137*      -1.3747*
      -1.3710*      -1.2858*      -1.2658*      -0.7525*      -0.7399*
      -0.6933*      -0.6535*      -0.6253*      -0.5769*      -0.5454*
      -0.5394*      -0.5236*      -0.4842*      -0.4538*      -0.4405*
       0.0194        0.0320        0.0530        0.0558        0.0658 
       0.0975        0.1043        0.1163        0.1670        0.1736 
       0.1895        0.1904        0.2161        0.2194        0.2229 
       0.2432        0.2506        0.2569        0.2604        0.2674 
       0.2830        0.2876        0.3015        0.3119        0.3289 
       0.3367        0.3530        0.3644        0.3805        0.4011 
       0.4120        0.4483        0.4547        0.4626        0.4827 
       0.4860        0.4978        0.5099        0.5221        0.5350 
       0.5431        0.5611        0.5780        0.5930        0.6085 
       0.6249        0.6415        0.6416        0.6472        0.6528 
       0.6615        0.6931        0.7098        0.8215        0.8366 
       0.8636        0.8757        0.9021        0.9161        0.9361 
       0.9838        1.0207        1.0398        1.0951        1.1145 
       1.1479        1.1695        1.1748        1.1794        1.2047 
       1.2379        1.2416        1.2599        1.2896        1.2996 
       1.3473        1.3757        1.3890        1.4483        1.4851 
       1.5240        1.5483        1.5591        1.5626        1.5804 
       1.6567        1.6847        1.7498        1.7948        1.9222 
       1.9477        1.9794        2.0045        2.0282        2.0435 
       2.0683        2.0765        2.0849        2.0898        2.1258 
       2.1443        2.2280        2.2861        2.3044        2.3781 
       2.3879        2.4419        2.4819        2.5150        2.5228 
       2.5391        2.5917        2.6965        2.7726        2.8013 
       2.8344        2.8602        2.9404        2.9528        3.0164 
       3.0623        3.0916        3.1381        3.4476        3.6591 
       3.6888        3.7149        3.7365        3.7445        3.7540 
       3.7661        3.7933        3.8103        3.8268        3.8497 
       3.9999        4.0116        4.0150        4.1603        4.1905 
       4.2076        4.3831        4.4698        4.6028 

Mulliken charges
   1 O           -0.651944
   2 H            0.393080
   3 H            0.374636
   4 O           -0.580179
   5 H            0.249588
   6 H            0.221590
   7 O           -0.461612
   8 H            0.345412
   9 H            0.165207
  10 O           -0.524435
  11 H            0.236411
  12 H            0.232247
Sum of Mulliken charges 4.773959e-15

Electron density at nuclei
   1 O          297.043621
   2 H            0.326437
   3 H            0.322369
   4 O          297.173813
   5 H            0.336020
   6 H            0.335190
   7 O          297.143357
   8 H            0.315173
   9 H            0.346127
  10 O          297.140635
  11 H            0.339826
  12 H            0.333270

Running program took 1 min 11.94 s.
Current time is Sun 10 May 2026 22:02:54.
