Basis set 3-21G found in file 3-21G.gbs in /usr/share/erkale/basis/.


Current Settings used by ERKALE:
     AtomGuess      	                Auto	Method used for atomic guess (Auto for same as method)
     Basis          	               3-21G	Basis set used in calculation
     BasisCutoff    	           1.000e-08	Cutoff for dropping out small primitives from contraction
     BasisOrth      	                Auto	Method of orthonormalization of basis set
     BasisRotate    	                true	Rotate basis set to remove redundant functions?
     C1-DIIS        	               false	Use older version of DIIS (C1-DIIS instead of C2-DIIS)?
     Charge         	                   0	Total charge of system
     DIISEps        	           1.000e-01	Start mixing in DIIS when error is
     DIISOrder      	                  10	How many DIIS iterations to keep in memory?
     DIISThr        	           1.000e-02	DIIS error threshold for DIIS updates
     DecFock        	               false	Use decontracted basis to calculate Fock matrix (direct HF)
     Decontract     	                    	Indices of atoms to decontract basis set for
     DeltaEmax      	           1.000e-06	Maximum allowed change of energy
     DeltaPmax      	           1.000e-06	Maximum allowed maximum difference of density matrix
     DeltaPrms      	           1.000e-08	Maximum allowed RMS difference of density matrix
     DensityFitting 	               false	Use density fitting / RI?
     Direct         	               false	Calculate two-electron integrals (or density fitting) on-the-fly?
     EField         	         0.0 0.0 0.0	Electric field
     FittingBasis   	                Auto	Basis to use for density fitting / RI (Auto for automatic)
     FittingMemory  	                1000	Amount of memory in MB to use for exchange fitting
     FittingThreshold	           1.000e-08	Linear dependence threshold for Coulomb integrals in density fitting
     ForcePol       	               false	Force polarized calculation
     FreezeCore     	               false	Freeze the atomic cores?
     Guess          	              Atomic	Used guess: atomic (default), core, or GWH
     LineSearch     	               false	Do line search in level shift (EXPENSIVE!)
     LoadChk        	                    	File to load old results from
     Logfile        	       Cdcplx_hf.log	File to print out full information, stdout for screen
     MaxIter        	                 100	Maximum number of iterations in SCF cycle
     Method         	                  HF	Method used in calculation (HF or a DFT functional)
     Multiplicity   	                   1	Spin multiplicity
     Occupancies    	                    	Orbital occupancies
     SaveChk        	       Cdcplx_hf.chk	File to use as checkpoint
     ShPairThr      	           1.000e-14	Threshold for shell pair screening, (ij|ij)<thr
     Shift          	           0.000e+00	Level shift to use in Hartree
     StrictIntegrals	               false	Use strict integrals?
     System         	         cd-cplx.xyz	System as an xyz file
     UseADIIS       	                true	Use ADIIS for Fock matrix interpolation?
     UseBroyden     	               false	Use Broyden mixing of Fock matrices?
     UseDIIS        	                true	Use Pulay's Direct Inversion in the Iterative Subspace?
     UseLM          	                true	Use a spherical harmonics basis set by default?
     UseTRDSM       	               false	Use Trust-Region DSM?
     UseTRRH        	               false	Use Trust-Region Roothaan-Hall?
     Verbose        	                true	Verbose calculation?

Performing HF guess for atoms:
	1  (0.10 s)
	2 3  (0.10 s)
	4 5 6  (0.02 s)
	7 8 9 10  (0.01 s)
Diagonalizing density matrix ... done (0.00 s)
Atomic guess formed in 0.23 s.

There are 47 shells and 10 nuclei in the basis set.

List of nuclei, geometry in Ångström with three decimal places:
		 Z	    x	    y	    z
1	Cd	 48	  0.000	  0.000	  0.000
2	N	 7	  0.000	  0.000	 -2.260
3	N	 7	 -0.685	  0.000	 -4.348
4	C	 6	  0.676	  0.000	 -4.385
5	C	 6	  1.085	  0.000	 -3.091
6	C	 6	 -1.045	  0.000	 -3.060
7	H	 1	  1.232	  0.000	 -5.301
8	H	 1	  2.089	  0.000	 -2.711
9	H	 1	 -2.069	  0.000	 -2.727
10	H	 1	 -1.313	  0.000	 -5.175

List of basis functions:
Shell    1	S cart shell at nucleus   1 with with basis functions    1-1   
Shell    2	S cart shell at nucleus   1 with with basis functions    2-2   
Shell    3	S cart shell at nucleus   1 with with basis functions    3-3   
Shell    4	S cart shell at nucleus   1 with with basis functions    4-4   
Shell    5	S cart shell at nucleus   1 with with basis functions    5-5   
Shell    6	S cart shell at nucleus   1 with with basis functions    6-6   
Shell    7	P cart shell at nucleus   1 with with basis functions    7-9   
Shell    8	P cart shell at nucleus   1 with with basis functions   10-12  
Shell    9	P cart shell at nucleus   1 with with basis functions   13-15  
Shell   10	P cart shell at nucleus   1 with with basis functions   16-18  
Shell   11	P cart shell at nucleus   1 with with basis functions   19-21  
Shell   12	D  sph shell at nucleus   1 with with basis functions   22-26  
Shell   13	D  sph shell at nucleus   1 with with basis functions   27-31  
Shell   14	D  sph shell at nucleus   1 with with basis functions   32-36  
Shell   15	S cart shell at nucleus   2 with with basis functions   37-37  
Shell   16	S cart shell at nucleus   2 with with basis functions   38-38  
Shell   17	S cart shell at nucleus   2 with with basis functions   39-39  
Shell   18	P cart shell at nucleus   2 with with basis functions   40-42  
Shell   19	P cart shell at nucleus   2 with with basis functions   43-45  
Shell   20	S cart shell at nucleus   3 with with basis functions   46-46  
Shell   21	S cart shell at nucleus   3 with with basis functions   47-47  
Shell   22	S cart shell at nucleus   3 with with basis functions   48-48  
Shell   23	P cart shell at nucleus   3 with with basis functions   49-51  
Shell   24	P cart shell at nucleus   3 with with basis functions   52-54  
Shell   25	S cart shell at nucleus   4 with with basis functions   55-55  
Shell   26	S cart shell at nucleus   4 with with basis functions   56-56  
Shell   27	S cart shell at nucleus   4 with with basis functions   57-57  
Shell   28	P cart shell at nucleus   4 with with basis functions   58-60  
Shell   29	P cart shell at nucleus   4 with with basis functions   61-63  
Shell   30	S cart shell at nucleus   5 with with basis functions   64-64  
Shell   31	S cart shell at nucleus   5 with with basis functions   65-65  
Shell   32	S cart shell at nucleus   5 with with basis functions   66-66  
Shell   33	P cart shell at nucleus   5 with with basis functions   67-69  
Shell   34	P cart shell at nucleus   5 with with basis functions   70-72  
Shell   35	S cart shell at nucleus   6 with with basis functions   73-73  
Shell   36	S cart shell at nucleus   6 with with basis functions   74-74  
Shell   37	S cart shell at nucleus   6 with with basis functions   75-75  
Shell   38	P cart shell at nucleus   6 with with basis functions   76-78  
Shell   39	P cart shell at nucleus   6 with with basis functions   79-81  
Shell   40	S cart shell at nucleus   7 with with basis functions   82-82  
Shell   41	S cart shell at nucleus   7 with with basis functions   83-83  
Shell   42	S cart shell at nucleus   8 with with basis functions   84-84  
Shell   43	S cart shell at nucleus   8 with with basis functions   85-85  
Shell   44	S cart shell at nucleus   9 with with basis functions   86-86  
Shell   45	S cart shell at nucleus   9 with with basis functions   87-87  
Shell   46	S cart shell at nucleus  10 with with basis functions   88-88  
Shell   47	S cart shell at nucleus  10 with with basis functions   89-89  

Basis set contains 89 functions, maximum angular momentum is 2.
Spherical harmonic Gaussians are used by default, there are 92 cartesians.

Forming overlap matrix ... done (0.00 s)
Forming kinetic energy matrix ... done (0.00 s)
Forming nuclear attraction matrix ... done (0.01 s)

Smallest eigenvalue of overlap matrix is 5.56e-03, ratio to largest is 1.13e-03.
Using symmetric orthogonalization.
Basis set diagonalized in 0.00 s.

Forming table of 64176120 ERIs, requiring 61 Mi 207 ki of memory ... done (0.68 s)

Initialization of computation done in 0.69 s.

HOMO-LUMO gap is    0.00 eV. Energies of lowest lying states:
  -949.632367*  -141.487126*  -131.210181*  -131.210181*  -131.210181*
   -27.715311*   -23.269261*   -23.269261*   -23.269261*   -16.085886*
   -16.085886*   -16.085886*   -16.085886*   -16.085886*   -15.572618*
   -15.572618*   -11.318995*   -11.318995*   -11.318995*    -4.445586*
    -2.943824*    -2.943824*    -2.943824*    -1.141394*    -1.141394*
    -0.829673*    -0.829673*    -0.829673*    -0.761497*    -0.761497*
    -0.761497*    -0.761497*    -0.761497*    -0.553859*    -0.553859*
    -0.553859*    -0.553859*    -0.553859*    -0.553859*    -0.496199*
    -0.496199*    -0.496199*    -0.496199     -0.272219     -0.272219 
    -0.272219     -0.272219     -0.272219     -0.272219     -0.272219 

 ******* Iteration    1 ********
Forming HF Coulomb and exchange matrices ... done (0.13 s)
ADIIS weights
 1.00e+00 
CDIIS weights
 1.00e+00 
 DIIS weights
 1.00e+00 

Solving SCF equations ... done (0.00 s)
HOMO-LUMO gap is    4.12 eV. Energies of lowest lying states:
  -949.512322*  -141.368354*  -131.091140*  -131.091120*  -131.091100*
   -27.599860*   -23.153901*   -23.153839*   -23.152920*   -15.970157*
   -15.970152*   -15.970021*   -15.969592*   -15.969531*   -15.806384*
   -15.155802*   -11.842383*   -11.696105*   -11.604556*    -4.337052*
    -2.837933*    -2.837485*    -2.832774*    -1.605692*    -1.296563*
    -1.263931*    -1.010291*    -0.953676*    -0.940631*    -0.818928*
    -0.788228*    -0.757573*    -0.669299*    -0.662868*    -0.659963*
    -0.659894*    -0.655242*    -0.651018*    -0.566859*    -0.482404*
    -0.418277*    -0.160844*    -0.009588      0.075424      0.077678 
     0.107089      0.110043      0.154662      0.177075      0.202394 

Dipole:	x		y		z		dipole change
	-0.01725320	-0.00000000	-2.35398750	 2.354051e+00
Energy:	electronic	total		virial		energy change
	-6098.18318118	-5662.34326791	 0.99838171	-5662.34
	kinetic		nuclear		Coulomb		Exchange
	 5671.52141865	-14358.99004078	 2767.66917576	-178.38373480
Errors:	Max dens	RMS dens	DIIS
	 3.161733e-01	 1.455568e-02	 6.527311e-01

Iteration took 0.13 s.

 ******* Iteration    2 ********
Forming HF Coulomb and exchange matrices ... done (0.13 s)
ADIIS weights
 8.99e-19  1.00e+00 
CDIIS weights
 8.63e-02  9.14e-01 
 DIIS weights
 8.99e-19  1.00e+00 

Solving SCF equations ... done (0.00 s)
HOMO-LUMO gap is    7.30 eV. Energies of lowest lying states:
  -949.655306*  -141.507982*  -131.231633*  -131.231593*  -131.231494*
   -27.731617*   -23.286246*   -23.286117*   -23.285242*   -16.103306*
   -16.103302*   -16.102788*   -16.102652*   -16.102588*   -15.933024*
   -15.421929*   -11.145428*   -11.043145*   -11.027995*    -4.453969*
    -2.952183*    -2.951720*    -2.951561*    -1.415208*    -1.188952*
    -1.011521*    -0.865984*    -0.817422*    -0.768237*    -0.768191*
    -0.766899*    -0.766810*    -0.765505*    -0.746134*    -0.635811*
    -0.631642*    -0.609711*    -0.553326*    -0.536516*    -0.442082*
    -0.312178*    -0.217149*     0.051025      0.054167      0.097739 
     0.163169      0.179364      0.226546      0.226880      0.248243 

Dipole:	x		y		z		dipole change
	-0.94667393	-0.00000000	-4.35667535	 2.104291e+00
Energy:	electronic	total		virial		energy change
	-6099.03013044	-5663.19021718	 0.99858596	-0.846949
	kinetic		nuclear		Coulomb		Exchange
	 5671.20954631	-14360.23929183	 2768.59665655	-178.59704147
Errors:	Max dens	RMS dens	DIIS
	 1.109834e-01	 8.091077e-03	 1.940027e-01

Iteration took 0.13 s.

 ******* Iteration    3 ********
Forming HF Coulomb and exchange matrices ... done (0.13 s)
ADIIS weights
 4.01e-23  2.30e-01  7.70e-01 
CDIIS weights
-2.65e-02  3.89e-01  6.38e-01 
 DIIS weights
 4.01e-23  2.30e-01  7.70e-01 

Solving SCF equations ... done (0.00 s)
HOMO-LUMO gap is    6.72 eV. Energies of lowest lying states:
  -949.559119*  -141.413513*  -131.136740*  -131.136685*  -131.136614*
   -27.642399*   -23.196987*   -23.196788*   -23.195630*   -16.013581*
   -16.013576*   -16.012796*   -16.012723*   -16.012640*   -15.668106*
   -15.341785*   -11.326346*   -11.289161*   -11.191647*    -4.375318*
    -2.876152*    -2.875562*    -2.871786*    -1.421256*    -1.198221*
    -1.063679*    -0.873681*    -0.844997*    -0.815921*    -0.701601*
    -0.696132*    -0.696132*    -0.692752*    -0.692456*    -0.663491*
    -0.661248*    -0.642388*    -0.582403*    -0.451007*    -0.427385*
    -0.366705*    -0.171899*     0.075236      0.079873      0.121179 
     0.149609      0.202473      0.207205      0.211207      0.261048 

Dipole:	x		y		z		dipole change
	-0.34921070	 0.00000000	-3.63486169	-8.067438e-01
Energy:	electronic	total		virial		energy change
	-6099.13317042	-5663.29325715	 0.99856812	-0.10304
	kinetic		nuclear		Coulomb		Exchange
	 5671.41403178	-14364.37413479	 2772.48432302	-178.65739043
Errors:	Max dens	RMS dens	DIIS
	 6.892895e-02	 4.420205e-03	 1.916895e-01

Iteration took 0.13 s.

 ******* Iteration    4 ********
Forming HF Coulomb and exchange matrices ... done (0.13 s)
ADIIS weights
 4.70e-17  8.49e-15  7.11e-13  1.00e+00 
CDIIS weights
-9.25e-03 -1.60e-02  2.68e-01  7.57e-01 
 DIIS weights
-3.48e-03 -6.03e-03  1.01e-01  9.09e-01 

Solving SCF equations ... done (0.00 s)
HOMO-LUMO gap is    6.91 eV. Energies of lowest lying states:
  -949.597254*  -141.450948*  -131.174419*  -131.174356*  -131.174175*
   -27.677854*   -23.232683*   -23.232462*   -23.231074*   -16.049502*
   -16.049499*   -16.048448*   -16.048414*   -16.048357*   -15.622567*
   -15.555848*   -11.287016*   -11.258286*   -11.227005*    -4.406664*
    -2.906832*    -2.906255*    -2.903517*    -1.420018*    -1.237643*
    -1.060818*    -0.876936*    -0.850658*    -0.809145*    -0.732790*
    -0.724967*    -0.724955*    -0.723008*    -0.721707*    -0.654578*
    -0.653520*    -0.635451*    -0.632260*    -0.536904*    -0.464445*
    -0.370709*    -0.187692*     0.066082      0.070291      0.111229 
     0.148992      0.186023      0.198926      0.223922      0.247608 

Dipole:	x		y		z		dipole change
	-0.61812989	 0.00000000	-4.18066871	 5.745203e-01
Energy:	electronic	total		virial		energy change
	-6099.20641158	-5663.36649831	 0.99872399	-0.0732412
	kinetic		nuclear		Coulomb		Exchange
	 5670.60222050	-14360.11402146	 2768.85746311	-178.55207373
Errors:	Max dens	RMS dens	DIIS
	 2.323728e-02	 2.010792e-03	 6.614928e-02

Iteration took 0.13 s.

 ******* Iteration    5 ********
Forming HF Coulomb and exchange matrices ... done (0.14 s)
ADIIS weights
 6.34e-17  5.40e-16  1.41e-13  1.22e-01  8.78e-01 
CDIIS weights
 1.82e-03 -4.52e-02 -1.01e-01  3.18e-01  8.26e-01 
 DIIS weights
 1.29e-03 -3.21e-02 -7.19e-02  2.61e-01  8.41e-01 

Solving SCF equations ... done (0.00 s)
HOMO-LUMO gap is    6.81 eV. Energies of lowest lying states:
  -949.583361*  -141.437250*  -131.160685*  -131.160616*  -131.160420*
   -27.664886*   -23.219760*   -23.219516*   -23.218023*   -16.036524*
   -16.036520*   -16.035396*   -16.035333*   -16.035299*   -15.614614*
   -15.519483*   -11.298096*   -11.254382*   -11.226802*    -4.395106*
    -2.895781*    -2.895168*    -2.891673*    -1.418360*    -1.229798*
    -1.061070*    -0.876255*    -0.852701*    -0.813112*    -0.722025*
    -0.714609*    -0.714602*    -0.711655*    -0.710868*    -0.657407*
    -0.654076*    -0.649706*    -0.615991*    -0.506787*    -0.455409*
    -0.369239*    -0.179791*     0.070417      0.075058      0.116279 
     0.150073      0.195454      0.204368      0.211098      0.253599 

Dipole:	x		y		z		dipole change
	-0.50584580	 0.00000000	-4.06526472	-1.295029e-01
Energy:	electronic	total		virial		energy change
	-6099.21591778	-5663.37600451	 0.99865908	-0.0095062
	kinetic		nuclear		Coulomb		Exchange
	 5670.98031397	-14362.09547324	 2770.50117802	-178.60193652
Errors:	Max dens	RMS dens	DIIS
	 1.487188e-02	 8.187512e-04	 3.607809e-02

Iteration took 0.14 s.

 ******* Iteration    6 ********
Forming HF Coulomb and exchange matrices ... done (0.13 s)
ADIIS weights
 7.94e-16  2.88e-14  2.93e-13  3.14e-11  2.60e-11  1.00e+00 
CDIIS weights
 5.65e-04 -6.75e-03 -3.02e-02 -2.74e-02  1.92e-01  8.71e-01 
 DIIS weights
 5.65e-04 -6.75e-03 -3.02e-02 -2.74e-02  1.92e-01  8.71e-01 

Solving SCF equations ... done (0.00 s)
HOMO-LUMO gap is    6.81 eV. Energies of lowest lying states:
  -949.585366*  -141.439252*  -131.162701*  -131.162630*  -131.162414*
   -27.666961*   -23.221874*   -23.221623*   -23.220072*   -16.038642*
   -16.038638*   -16.037472*   -16.037385*   -16.037373*   -15.602218*
   -15.530950*   -11.296140*   -11.248205*   -11.231962*    -4.397301*
    -2.898034*    -2.897418*    -2.893922*    -1.416851*    -1.230377*
    -1.060339*    -0.875490*    -0.852211*    -0.812428*    -0.724034*
    -0.716845*    -0.716834*    -0.713896*    -0.713055*    -0.655730*
    -0.654019*    -0.647551*    -0.618941*    -0.510782*    -0.456177*
    -0.368788*    -0.180533*     0.069685      0.074380      0.115619 
     0.150706      0.194219      0.203977      0.212686      0.252623 

Dipole:	x		y		z		dipole change
	-0.52229726	 0.00000000	-4.11847371	 5.484466e-02
Energy:	electronic	total		virial		energy change
	-6099.21935712	-5663.37944386	 0.99868271	-0.00343934
	kinetic		nuclear		Coulomb		Exchange
	 5670.84958744	-14361.29743938	 2769.81335165	-178.58485683
Errors:	Max dens	RMS dens	DIIS
	 2.137065e-03	 1.443985e-04	 4.748932e-03

Iteration took 0.13 s.

 ******* Iteration    7 ********
Forming HF Coulomb and exchange matrices ... done (0.14 s)
ADIIS weights
 1.10e-16  4.21e-15  2.13e-14  5.74e-12  5.59e-12  3.40e-10  1.00e+00 
CDIIS weights
-3.26e-04  8.34e-03  2.19e-02 -5.35e-02 -1.76e-01 -1.17e-01  1.32e+00 
 DIIS weights
-3.26e-04  8.34e-03  2.19e-02 -5.35e-02 -1.76e-01 -1.17e-01  1.32e+00 

Solving SCF equations ... done (0.00 s)
HOMO-LUMO gap is    6.80 eV. Energies of lowest lying states:
  -949.585806*  -141.439693*  -131.163149*  -131.163077*  -131.162849*
   -27.667448*   -23.222384*   -23.222129*   -23.220541*   -16.039152*
   -16.039148*   -16.037958*   -16.037857*   -16.037856*   -15.604510*
   -15.532408*   -11.296645*   -11.249267*   -11.232697*    -4.397882*
    -2.898660*    -2.898045*    -2.894522*    -1.417779*    -1.231258*
    -1.061040*    -0.876365*    -0.852984*    -0.813006*    -0.724669*
    -0.717485*    -0.717475*    -0.714523*    -0.713673*    -0.656464*
    -0.654790*    -0.648167*    -0.619518*    -0.511510*    -0.456940*
    -0.369193*    -0.180514*     0.069560      0.074259      0.115494 
     0.149939      0.193547      0.204024      0.212083      0.252411 

Dipole:	x		y		z		dipole change
	-0.52221359	 0.00000000	-4.13135495	 1.276871e-02
Energy:	electronic	total		virial		energy change
	-6099.21947431	-5663.37956105	 0.99868319	-0.000117191
	kinetic		nuclear		Coulomb		Exchange
	 5670.84697392	-14361.33371275	 2769.85176306	-178.58449854
Errors:	Max dens	RMS dens	DIIS
	 1.665974e-03	 4.991305e-05	 5.644423e-04

Iteration took 0.14 s.

 ******* Iteration    8 ********
Forming HF Coulomb and exchange matrices ... done (0.13 s)
ADIIS weights
 2.64e-16  3.32e-17  1.13e-13  1.10e-13  6.01e-12  9.77e-08  9.38e-08  1.00e+00 
CDIIS weights
 5.05e-05 -1.97e-03 -3.83e-03  2.01e-02  3.72e-02 -2.76e-02 -3.82e-01  1.36e+00 
 DIIS weights
 5.05e-05 -1.97e-03 -3.83e-03  2.01e-02  3.72e-02 -2.76e-02 -3.82e-01  1.36e+00 

Solving SCF equations ... done (0.00 s)
HOMO-LUMO gap is    6.80 eV. Energies of lowest lying states:
  -949.585849*  -141.439729*  -131.163186*  -131.163114*  -131.162886*
   -27.667460*   -23.222397*   -23.222142*   -23.220554*   -16.039167*
   -16.039163*   -16.037973*   -16.037872*   -16.037871*   -15.604397*
   -15.532163*   -11.296609*   -11.249246*   -11.232512*    -4.397851*
    -2.898625*    -2.898009*    -2.894484*    -1.417719*    -1.231173*
    -1.061008*    -0.876355*    -0.852947*    -0.812978*    -0.724619*
    -0.717440*    -0.717430*    -0.714474*    -0.713625*    -0.656444*
    -0.654745*    -0.648153*    -0.619419*    -0.511346*    -0.456870*
    -0.369199*    -0.180483*     0.069594      0.074294      0.115533 
     0.149996      0.193632      0.204054      0.212018      0.252455 

Dipole:	x		y		z		dipole change
	-0.52203543	-0.00000000	-4.13126142	-1.151322e-04
Energy:	electronic	total		virial		energy change
	-6099.21947898	-5663.37956571	 0.99868251	-4.66628e-06
	kinetic		nuclear		Coulomb		Exchange
	 5670.85084785	-14361.33383315	 2769.84823909	-178.58473276
Errors:	Max dens	RMS dens	DIIS
	 1.408262e-04	 9.814510e-06	 1.263215e-04

Iteration took 0.13 s.

 ******* Iteration    9 ********
Forming HF Coulomb and exchange matrices ... done (0.13 s)
ADIIS weights
 6.75e-11  2.07e-11  1.54e-09  1.69e-08  2.78e-08  2.84e-06  9.08e-05  1.37e-01  8.63e-01 
CDIIS weights
 2.05e-05 -3.88e-04 -1.27e-03  4.70e-04  8.97e-03  1.90e-02 -5.22e-02 -3.26e-01  1.35e+00 
 DIIS weights
 2.05e-05 -3.88e-04 -1.27e-03  4.70e-04  8.97e-03  1.90e-02 -5.22e-02 -3.26e-01  1.35e+00 

Solving SCF equations ... done (0.00 s)
HOMO-LUMO gap is    6.80 eV. Energies of lowest lying states:
  -949.585748*  -141.439634*  -131.163089*  -131.163017*  -131.162790*
   -27.667380*   -23.222315*   -23.222061*   -23.220475*   -16.039084*
   -16.039080*   -16.037891*   -16.037790*   -16.037790*   -15.604504*
   -15.532163*   -11.296572*   -11.249124*   -11.232633*    -4.397799*
    -2.898575*    -2.897960*    -2.894436*    -1.417732*    -1.231194*
    -1.061004*    -0.876367*    -0.852953*    -0.812960*    -0.724587*
    -0.717398*    -0.717388*    -0.714435*    -0.713585*    -0.656442*
    -0.654750*    -0.648119*    -0.619444*    -0.511351*    -0.456875*
    -0.369199*    -0.180486*     0.069593      0.074292      0.115528 
     0.149999      0.193621      0.204049      0.212027      0.252456 

Dipole:	x		y		z		dipole change
	-0.52222657	 0.00000000	-4.13103736	-1.983241e-04
Energy:	electronic	total		virial		energy change
	-6099.21947926	-5663.37956600	 0.99868251	-2.85399e-07
	kinetic		nuclear		Coulomb		Exchange
	 5670.85084162	-14361.33232450	 2769.84660836	-178.58460474
Errors:	Max dens	RMS dens	DIIS
	 6.993553e-05	 3.290150e-06	 5.213055e-05

Iteration took 0.14 s.

 ******* Iteration   10 ********
Forming HF Coulomb and exchange matrices ... done (0.13 s)
ADIIS weights
 1.95e-15  6.98e-13  3.82e-12  3.39e-12  6.13e-12  2.10e-08  2.17e-09  5.63e-04  5.18e-01  4.82e-01 
CDIIS weights
-1.89e-06  1.16e-04  1.61e-04 -1.77e-03 -2.09e-03  5.57e-03  2.77e-02 -1.52e-01  2.89e-01  8.33e-01 
 DIIS weights
-1.89e-06  1.16e-04  1.61e-04 -1.77e-03 -2.09e-03  5.57e-03  2.77e-02 -1.52e-01  2.89e-01  8.33e-01 

Solving SCF equations ... done (0.00 s)
HOMO-LUMO gap is    6.81 eV. Energies of lowest lying states:
  -949.585791*  -141.439674*  -131.163130*  -131.163058*  -131.162831*
   -27.667413*   -23.222347*   -23.222093*   -23.220507*   -16.039117*
   -16.039113*   -16.037924*   -16.037824*   -16.037823*   -15.604464*
   -15.532171*   -11.296582*   -11.249180*   -11.232577*    -4.397816*
    -2.898589*    -2.897974*    -2.894450*    -1.417727*    -1.231188*
    -1.061001*    -0.876358*    -0.852948*    -0.812960*    -0.724596*
    -0.717408*    -0.717399*    -0.714445*    -0.713595*    -0.656434*
    -0.654746*    -0.648125*    -0.619434*    -0.511352*    -0.456863*
    -0.369197*    -0.180488*     0.069593      0.074292      0.115528 
     0.149999      0.193623      0.204046      0.212033      0.252455 

Dipole:	x		y		z		dipole change
	-0.52220935	 0.00000000	-4.13083545	-2.024695e-04
Energy:	electronic	total		virial		energy change
	-6099.21947929	-5663.37956602	 0.99868262	-2.44399e-08
	kinetic		nuclear		Coulomb		Exchange
	 5670.85024492	-14361.33135148	 2769.84619910	-178.58457183
Errors:	Max dens	RMS dens	DIIS
	 2.253850e-05	 7.190133e-07	 1.946258e-05

Iteration took 0.14 s.

 ******* Iteration   11 ********
Forming HF Coulomb and exchange matrices ... done (0.13 s)
ADIIS weights
 1.11e-15  4.30e-15  6.71e-13  8.40e-13  1.62e-09  9.02e-09  1.17e-08  2.74e-04  4.79e-01  5.20e-01 
CDIIS weights
-1.79e-06  2.97e-05  3.33e-04 -1.39e-04 -2.39e-03 -1.01e-03  4.65e-02 -1.81e-01 -1.46e-01  1.28e+00 
 DIIS weights
-1.79e-06  2.97e-05  3.33e-04 -1.39e-04 -2.39e-03 -1.01e-03  4.65e-02 -1.81e-01 -1.46e-01  1.28e+00 

Solving SCF equations ... done (0.00 s)
HOMO-LUMO gap is    6.81 eV. Energies of lowest lying states:
  -949.585786*  -141.439668*  -131.163125*  -131.163053*  -131.162825*
   -27.667407*   -23.222342*   -23.222088*   -23.220502*   -16.039112*
   -16.039108*   -16.037918*   -16.037818*   -16.037818*   -15.604468*
   -15.532164*   -11.296579*   -11.249169*   -11.232581*    -4.397811*
    -2.898584*    -2.897969*    -2.894445*    -1.417724*    -1.231186*
    -1.060998*    -0.876357*    -0.852946*    -0.812957*    -0.724591*
    -0.717403*    -0.717394*    -0.714440*    -0.713591*    -0.656431*
    -0.654744*    -0.648122*    -0.619433*    -0.511348*    -0.456858*
    -0.369193*    -0.180488*     0.069594      0.074293      0.115529 
     0.150002      0.193627      0.204046      0.212033      0.252457 

Dipole:	x		y		z		dipole change
	-0.52222229	-0.00000000	-4.13073793	-9.512564e-05
Energy:	electronic	total		virial		energy change
	-6099.21947929	-5663.37956603	 0.99868256	-2.00816e-09
	kinetic		nuclear		Coulomb		Exchange
	 5670.85058843	-14361.33247800	 2769.84700637	-178.58459609
Errors:	Max dens	RMS dens	DIIS
	 7.345268e-06	 3.448967e-07	 5.255356e-06

Iteration took 0.14 s.

 ******* Iteration   12 ********
Forming HF Coulomb and exchange matrices ... done (0.13 s)
ADIIS weights
 9.19e-17  1.93e-13  1.29e-12  1.92e-09  2.32e-08  2.50e-05  1.72e-02  3.13e-01  3.41e-01  3.29e-01 
CDIIS weights
-1.04e-05 -5.45e-05  8.68e-05  4.17e-04  6.76e-05 -9.85e-03  4.87e-02  2.41e-02 -4.23e-01  1.36e+00 
 DIIS weights
-1.04e-05 -5.45e-05  8.68e-05  4.17e-04  6.76e-05 -9.85e-03  4.87e-02  2.41e-02 -4.23e-01  1.36e+00 

Solving SCF equations ... done (0.00 s)
HOMO-LUMO gap is    6.81 eV. Energies of lowest lying states:
  -949.585784*  -141.439667*  -131.163123*  -131.163051*  -131.162824*
   -27.667406*   -23.222341*   -23.222087*   -23.220501*   -16.039110*
   -16.039107*   -16.037917*   -16.037817*   -16.037817*   -15.604466*
   -15.532164*   -11.296578*   -11.249169*   -11.232580*    -4.397811*
    -2.898584*    -2.897969*    -2.894445*    -1.417723*    -1.231185*
    -1.060998*    -0.876356*    -0.852946*    -0.812957*    -0.724591*
    -0.717403*    -0.717394*    -0.714440*    -0.713591*    -0.656431*
    -0.654743*    -0.648122*    -0.619433*    -0.511349*    -0.456858*
    -0.369193*    -0.180488*     0.069593      0.074293      0.115529 
     0.150003      0.193627      0.204046      0.212033      0.252457 

Dipole:	x		y		z		dipole change
	-0.52222470	 0.00000000	-4.13072483	-1.269434e-05
Energy:	electronic	total		virial		energy change
	-6099.21947929	-5663.37956603	 0.99868256	-2.41926e-10
	kinetic		nuclear		Coulomb		Exchange
	 5670.85055991	-14361.33245823	 2769.84701387	-178.58459483
Errors:	Max dens	RMS dens	DIIS
	 9.307334e-07	 6.495770e-08	 9.487584e-07

Iteration took 0.14 s.

 ******* Iteration   13 ********
Forming HF Coulomb and exchange matrices ... done (0.14 s)
ADIIS weights
 9.22e-15  2.19e-13  8.54e-11  2.07e-09  3.26e-06  4.70e-03  2.30e-01  2.58e-01  2.54e-01  2.53e-01 
CDIIS weights
-6.16e-06 -5.17e-06  3.60e-06 -2.02e-05 -1.48e-03  5.72e-03  7.87e-03 -5.33e-02 -1.30e-01  1.17e+00 
 DIIS weights
-6.16e-06 -5.17e-06  3.60e-06 -2.02e-05 -1.48e-03  5.72e-03  7.87e-03 -5.33e-02 -1.30e-01  1.17e+00 

Solving SCF equations ... done (0.00 s)
HOMO-LUMO gap is    6.81 eV. Energies of lowest lying states:
  -949.585786*  -141.439668*  -131.163125*  -131.163053*  -131.162826*
   -27.667408*   -23.222342*   -23.222088*   -23.220502*   -16.039112*
   -16.039108*   -16.037919*   -16.037818*   -16.037818*   -15.604466*
   -15.532164*   -11.296579*   -11.249168*   -11.232581*    -4.397812*
    -2.898585*    -2.897969*    -2.894446*    -1.417724*    -1.231185*
    -1.060998*    -0.876357*    -0.852946*    -0.812957*    -0.724592*
    -0.717404*    -0.717394*    -0.714440*    -0.713591*    -0.656431*
    -0.654744*    -0.648122*    -0.619433*    -0.511349*    -0.456858*
    -0.369193*    -0.180488*     0.069593      0.074293      0.115529 
     0.150003      0.193627      0.204046      0.212033      0.252457 

Dipole:	x		y		z		dipole change
	-0.52222589	-0.00000000	-4.13072548	 7.891544e-07
Energy:	electronic	total		virial		energy change
	-6099.21947929	-5663.37956603	 0.99868256	-2.45564e-11
	kinetic		nuclear		Coulomb		Exchange
	 5670.85054517	-14361.33242153	 2769.84699117	-178.58459409
Errors:	Max dens	RMS dens	DIIS
	 3.248169e-07	 1.909260e-08	 3.757096e-07

Iteration took 0.15 s.

 ******* Iteration   14 ********
Forming HF Coulomb and exchange matrices ... done (0.14 s)
ADIIS weights
 4.50e-12  1.17e-09  4.82e-08  8.69e-06  5.15e-03  1.83e-01  2.04e-01  2.03e-01  2.02e-01  2.02e-01 
CDIIS weights
-8.03e-06 -6.99e-06  9.65e-05  3.78e-04 -4.18e-03  1.15e-03  4.21e-02 -2.15e-01  2.01e-01  9.75e-01 
 DIIS weights
-8.03e-06 -6.99e-06  9.65e-05  3.78e-04 -4.18e-03  1.15e-03  4.21e-02 -2.15e-01  2.01e-01  9.75e-01 

Solving SCF equations ... done (0.00 s)
HOMO-LUMO gap is    6.81 eV. Energies of lowest lying states:
  -949.585785*  -141.439668*  -131.163124*  -131.163052*  -131.162825*
   -27.667407*   -23.222342*   -23.222088*   -23.220502*   -16.039111*
   -16.039107*   -16.037918*   -16.037818*   -16.037818*   -15.604466*
   -15.532164*   -11.296579*   -11.249168*   -11.232581*    -4.397811*
    -2.898585*    -2.897969*    -2.894446*    -1.417723*    -1.231185*
    -1.060998*    -0.876356*    -0.852946*    -0.812957*    -0.724591*
    -0.717404*    -0.717394*    -0.714440*    -0.713591*    -0.656431*
    -0.654744*    -0.648121*    -0.619433*    -0.511349*    -0.456858*
    -0.369193*    -0.180488*     0.069593      0.074293      0.115529 
     0.150003      0.193627      0.204046      0.212033      0.252457 

Dipole:	x		y		z		dipole change
	-0.52222588	 0.00000000	-4.13072511	-3.664847e-07
Energy:	electronic	total		virial		energy change
	-6099.21947929	-5663.37956603	 0.99868256	 7.27596e-12
	kinetic		nuclear		Coulomb		Exchange
	 5670.85055852	-14361.33245670	 2769.84701389	-178.58459500
Errors:	Max dens	RMS dens	DIIS
	 1.084049e-07	 6.299075e-09	 1.881621e-07

Iteration took 0.14 s.

 ******* Iteration   15 ********
Forming HF Coulomb and exchange matrices ... done (0.13 s)
ADIIS weights
 2.60e-09  1.72e-09  2.99e-05  1.51e-03  1.57e-01  1.70e-01  1.68e-01  1.68e-01  1.68e-01  1.68e-01 
CDIIS weights
-3.40e-06 -4.11e-06  2.16e-05  3.78e-04 -5.26e-04 -3.08e-03  4.32e-02 -1.55e-01 -2.57e-01  1.37e+00 
 DIIS weights
-3.40e-06 -4.11e-06  2.16e-05  3.78e-04 -5.26e-04 -3.08e-03  4.32e-02 -1.55e-01 -2.57e-01  1.37e+00 

Solving SCF equations ... done (0.00 s)
HOMO-LUMO gap is    6.81 eV. Energies of lowest lying states:
  -949.585785*  -141.439668*  -131.163124*  -131.163052*  -131.162825*
   -27.667407*   -23.222342*   -23.222088*   -23.220502*   -16.039111*
   -16.039108*   -16.037918*   -16.037818*   -16.037818*   -15.604466*
   -15.532164*   -11.296579*   -11.249168*   -11.232581*    -4.397811*
    -2.898585*    -2.897969*    -2.894446*    -1.417724*    -1.231185*
    -1.060998*    -0.876357*    -0.852946*    -0.812957*    -0.724591*
    -0.717404*    -0.717394*    -0.714440*    -0.713591*    -0.656431*
    -0.654744*    -0.648122*    -0.619433*    -0.511349*    -0.456858*
    -0.369193*    -0.180488*     0.069593      0.074293      0.115529 
     0.150003      0.193627      0.204046      0.212033      0.252457 

Dipole:	x		y		z		dipole change
	-0.52222598	 0.00000000	-4.13072566	 5.608206e-07
Energy:	electronic	total		virial		energy change
	-6099.21947929	-5663.37956603	 0.99868256	-1.09139e-11
	kinetic		nuclear		Coulomb		Exchange
	 5670.85055253	-14361.33243972	 2769.84700251	-178.58459461
Errors:	Max dens	RMS dens	DIIS
	 5.190568e-08	 2.975523e-09	 4.380729e-08

Iteration took 0.13 s.

 ******* Convergence achieved ********
Dipole moment is (-1.327366,0.000000,-10.499256) D, |mu|=10.582830 D.
Solution of RHF took 2.07 s.

Mulliken charges
   1 Cd          -0.137938
   2 N           -0.767764
   3 N           -0.899205
   4 C            0.048922
   5 C           -0.000194
   6 C            0.476053
   7 H            0.287540
   8 H            0.283583
   9 H            0.305505
  10 H            0.403497
Sum of Mulliken charges 6.517009e-14

Electron density at nuclei
   1 Cd       58475.446299
   2 N          153.772559
   3 N          153.305852
   4 C           93.921686
   5 C           93.947985
   6 C           93.895266
   7 H            0.364861
   8 H            0.366786
   9 H            0.365307
  10 H            0.319068

Running program took 3.00 s.
Current time is Fri 06 Feb 2015 05:49:49.
