Basis set 3-21G found in file 3-21G.gbs in /home/work/erkale/source/erkale/basis/.


Current Settings used by ERKALE:
     AtomGuess      	                Auto	Method used for atomic guess (Auto for same as method)
     Basis          	               3-21G	Basis set used in calculation
     BasisCutoff    	           1.000e-08	Cutoff for dropping out small primitives from contraction
     BasisOrth      	                Auto	Method of orthonormalization of basis set
     BasisRotate    	                true	Rotate basis set to remove redundant functions?
     C1-DIIS        	               false	Use older version of DIIS (C1-DIIS instead of C2-DIIS)?
     Charge         	                   0	Total charge of system
     DFTDelta       	           5.000e+03	Switch to final DFT grid, relative to deltaE and deltaP
     DFTDirect      	               false	Save memory by not storing values of basis functions in memory
     DFTFinalTol    	           1.000e-05	Tolerance of final DFT grid
     DFTGrid        	                Auto	DFT integration grid to use: nrad lmax or Auto for adaptive
     DFTInitialTol  	           1.000e-04	Tolerance of initial DFT grid
     DFTLobatto     	               false	Use Lobatto quadrature instead of Lebedev quadrature?
     DIISEps        	           1.000e-01	Start mixing in DIIS when error is
     DIISOrder      	                  10	How many DIIS iterations to keep in memory?
     DIISThr        	           1.000e-02	DIIS error threshold for DIIS updates
     DecFock        	               false	Use decontracted basis to calculate Fock matrix (direct HF)
     Decontract     	                    	Indices of atoms to decontract basis set for
     DeltaEmax      	           1.000e-06	Maximum allowed change of energy
     DeltaPmax      	           1.000e-06	Maximum allowed maximum difference of density matrix
     DeltaPrms      	           1.000e-08	Maximum allowed RMS difference of density matrix
     DensityFitting 	               false	Use density fitting / RI?
     Direct         	               false	Calculate two-electron integrals (or density fitting) on-the-fly?
     EField         	         0.0 0.0 0.0	Electric field
     FittingBasis   	                Auto	Basis to use for density fitting / RI (Auto for automatic)
     FittingMemory  	                1000	Amount of memory in MB to use for exchange fitting
     FittingThreshold	           1.000e-08	Linear dependence threshold for Coulomb integrals in density fitting
     ForcePol       	               false	Force polarized calculation
     FreezeCore     	               false	Freeze the atomic cores?
     Guess          	              Atomic	Used guess: atomic (default), core, or GWH
     IntegralThresh 	           1.000e-14	Integral screening threshold
     LineSearch     	               false	Do line search in level shift (EXPENSIVE!)
     LoadChk        	                    	File to load old results from
     Logfile        	    Cdcplx_b3lyp.log	File to print out full information, stdout for screen
     MaxIter        	                 100	Maximum number of iterations in SCF cycle
     Method         	    hyb_gga_xc_b3lyp	Method used in calculation (HF or a DFT functional)
     Multiplicity   	                   1	Spin multiplicity
     NLGrid         	             50 -194	Integration grid to use for nonlocal correlation: nrad lmax
     Occupancies    	                    	Orbital occupancies
     PZ             	                  No	Perform Perdew-Zunger self-interaction correction? No, Pert, Full, OldFull, Real, Can, CanPert
     PZEmax         	           1.000e-06	Threshold for energy change in unitary optimization
     PZHam          	                Symm	Hamiltonian to use in PZ-SIC: Symm, United
     PZKmax         	           1.000e-03	Threshold for kappa max in unitary optimization
     PZKrms         	           1.000e-04	Threshold for kappa rms in unitary optimization
     PZdEmax        	           1.000e-05	Tolerance threshold for energy convergence
     PZdPmax        	           1.000e-05	Tolerance threshold for density convergence
     PZdPrms        	           1.000e-06	Tolerance threshold for density convergence
     PZiter         	                  20	Max number of iterations in self-consistency iteration
     PZloc          	                true	Initial localization before SIC calculation?
     PZmode         	                  XC	Apply PZ to the operators (in addition to J): X C D
     PZseed         	                   0	Seed number for randomized matrices?
     PZstab         	                   0	Stability analysis for PZ-SIC? 0 for no, 1 for oo block, 2 for full analysis
     PZstabFz       	                    	Orbitals to freeze for stability analysis (only oo!)
     PZunit         	                  10	Max number of iterations in unitary optimization
     PZw            	           1.000e+00	Weight for Perdew-Zunger self-interaction correction
     SaveChk        	    Cdcplx_b3lyp.chk	File to use as checkpoint
     Shift          	           0.000e+00	Level shift to use in Hartree
     StrictIntegrals	               false	Use strict integrals?
     System         	         cd-cplx.xyz	System as an xyz file
     UseADIIS       	                true	Use ADIIS for Fock matrix interpolation?
     UseBroyden     	               false	Use Broyden mixing of Fock matrices?
     UseDIIS        	                true	Use Pulay's Direct Inversion in the Iterative Subspace?
     UseLM          	                true	Use a spherical harmonics basis set by default?
     UseTRDSM       	               false	Use Trust-Region DSM?
     UseTRRH        	               false	Use Trust-Region Roothaan-Hall?
     VV10           	                Auto	Use VV10 non-local correlation?
     VV10Pars       	                    	VV10 parameters: b C
     Verbose        	                true	Verbose calculation?

Performing hyb_gga_xc_b3lyp guess for atoms:
	1  (0.90 s)
	2 3  (0.05 s)
	4 5 6  (0.06 s)
	7 8 9 10  (0.02 s)
Diagonalizing density matrix ... done (0.00 s)
Atomic guess formed in 1.04 s.

There are 47 shells and 10 nuclei in the basis set.

List of nuclei, geometry in Ångström with three decimal places:
		 Z	    x	    y	    z
1	Cd	 48	  0.000	  0.000	  0.000
2	N	 7	  0.000	  0.000	 -2.260
3	N	 7	 -0.685	  0.000	 -4.348
4	C	 6	  0.676	  0.000	 -4.385
5	C	 6	  1.085	  0.000	 -3.091
6	C	 6	 -1.045	  0.000	 -3.060
7	H	 1	  1.232	  0.000	 -5.301
8	H	 1	  2.089	  0.000	 -2.711
9	H	 1	 -2.069	  0.000	 -2.727
10	H	 1	 -1.313	  0.000	 -5.175

Interatomic distance matrix:
          1Cd   2N    3N    4C    5C    6C    7H    8H    9H 
   2N  2.260
   3N  4.402 2.198
   4C  4.437 2.230 1.362
   5C  3.276 1.367 2.171 1.357
   6C  3.234 1.316 1.337 2.172 2.130
   7H  5.442 3.281 2.141 1.071 2.214 3.194
   8H  3.422 2.137 3.221 2.190 1.073 3.153 2.728
   9H  3.423 2.121 2.131 3.207 3.175 1.077 4.186 4.157
  10H  5.339 3.197 1.038 2.140 3.177 2.131 2.548 4.200 2.562

List of basis functions:
Shell    1	S cart shell at nucleus   1 with with basis functions    1-1   
Shell    2	S cart shell at nucleus   1 with with basis functions    2-2   
Shell    3	S cart shell at nucleus   1 with with basis functions    3-3   
Shell    4	S cart shell at nucleus   1 with with basis functions    4-4   
Shell    5	S cart shell at nucleus   1 with with basis functions    5-5   
Shell    6	S cart shell at nucleus   1 with with basis functions    6-6   
Shell    7	P cart shell at nucleus   1 with with basis functions    7-9   
Shell    8	P cart shell at nucleus   1 with with basis functions   10-12  
Shell    9	P cart shell at nucleus   1 with with basis functions   13-15  
Shell   10	P cart shell at nucleus   1 with with basis functions   16-18  
Shell   11	P cart shell at nucleus   1 with with basis functions   19-21  
Shell   12	D  sph shell at nucleus   1 with with basis functions   22-26  
Shell   13	D  sph shell at nucleus   1 with with basis functions   27-31  
Shell   14	D  sph shell at nucleus   1 with with basis functions   32-36  
Shell   15	S cart shell at nucleus   2 with with basis functions   37-37  
Shell   16	S cart shell at nucleus   2 with with basis functions   38-38  
Shell   17	S cart shell at nucleus   2 with with basis functions   39-39  
Shell   18	P cart shell at nucleus   2 with with basis functions   40-42  
Shell   19	P cart shell at nucleus   2 with with basis functions   43-45  
Shell   20	S cart shell at nucleus   3 with with basis functions   46-46  
Shell   21	S cart shell at nucleus   3 with with basis functions   47-47  
Shell   22	S cart shell at nucleus   3 with with basis functions   48-48  
Shell   23	P cart shell at nucleus   3 with with basis functions   49-51  
Shell   24	P cart shell at nucleus   3 with with basis functions   52-54  
Shell   25	S cart shell at nucleus   4 with with basis functions   55-55  
Shell   26	S cart shell at nucleus   4 with with basis functions   56-56  
Shell   27	S cart shell at nucleus   4 with with basis functions   57-57  
Shell   28	P cart shell at nucleus   4 with with basis functions   58-60  
Shell   29	P cart shell at nucleus   4 with with basis functions   61-63  
Shell   30	S cart shell at nucleus   5 with with basis functions   64-64  
Shell   31	S cart shell at nucleus   5 with with basis functions   65-65  
Shell   32	S cart shell at nucleus   5 with with basis functions   66-66  
Shell   33	P cart shell at nucleus   5 with with basis functions   67-69  
Shell   34	P cart shell at nucleus   5 with with basis functions   70-72  
Shell   35	S cart shell at nucleus   6 with with basis functions   73-73  
Shell   36	S cart shell at nucleus   6 with with basis functions   74-74  
Shell   37	S cart shell at nucleus   6 with with basis functions   75-75  
Shell   38	P cart shell at nucleus   6 with with basis functions   76-78  
Shell   39	P cart shell at nucleus   6 with with basis functions   79-81  
Shell   40	S cart shell at nucleus   7 with with basis functions   82-82  
Shell   41	S cart shell at nucleus   7 with with basis functions   83-83  
Shell   42	S cart shell at nucleus   8 with with basis functions   84-84  
Shell   43	S cart shell at nucleus   8 with with basis functions   85-85  
Shell   44	S cart shell at nucleus   9 with with basis functions   86-86  
Shell   45	S cart shell at nucleus   9 with with basis functions   87-87  
Shell   46	S cart shell at nucleus  10 with with basis functions   88-88  
Shell   47	S cart shell at nucleus  10 with with basis functions   89-89  

Basis set contains 89 functions, maximum angular momentum is 2.
Spherical harmonic Gaussians are used by default, there are 92 cartesians.

Forming overlap matrix ... done (0.00 s)
Forming kinetic energy matrix ... done (0.00 s)
Forming nuclear attraction matrix ... done (0.01 s)

Smallest eigenvalue of overlap matrix is 5.56e-03, ratio to largest is 1.13e-03.
Using symmetric orthogonalization.
Basis set diagonalized in 0.00 s.

Forming table of 7192466 ERIs, requiring 54 Mi 895 ki of memory ... done (4.42 s)
1035 shell pairs out of 1128 are significant.

Initialization of computation done in 4.44 s.

Used exchange-correlation functional is hyb_gga_xc_b3lyp, 'B3LYP', defined in the reference(s):
P. J. Stephens, F. J. Devlin, C. F. Chabalowski, and M. J. Frisch, J. Phys. Chem. 98, 11623 (1994) (DOI 10.1021/j100096a001)
HOMO-LUMO gap is    0.00 eV. Energies of lowest lying orbitals:
    -939.5394*    -137.5482*    -127.7745*    -127.7745*    -127.7745*
     -25.9139*     -21.7398*     -21.7398*     -21.7398*     -15.0059*
     -15.0059*     -15.0059*     -15.0059*     -15.0059*     -14.3340*
     -14.3340*     -10.2466*     -10.2466*     -10.2466*      -3.7705*
      -2.4190*      -2.4190*      -2.4190*      -0.7851*      -0.7851*
      -0.5835*      -0.5835*      -0.5835*      -0.5162*      -0.5162*
      -0.5162*      -0.5162*      -0.5162*      -0.3288*      -0.3288*
      -0.3288*      -0.3288*      -0.3288*      -0.3288*      -0.3099*
      -0.3099*      -0.3099*      -0.3099       -0.2218       -0.2218 
      -0.2218       -0.2218       -0.2218       -0.2218       -0.2218 

Using hybrid exchange with  20.000 % of exact exchange.
Constructing XC grid.
	atom  Npoints      Nfuncs  t
	   4     2856      169582  0.24 s
	   3     2907      174136  0.26 s
	   1     4782      214133  0.28 s
	   2     3778      247777  0.38 s
	   7     2131       98342  0.12 s
	   5     3156      202299  0.28 s
	   6     3182      201908  0.29 s
	   9     3078      143679  0.19 s
	   8     3293      157817  0.23 s
	  10     2183      102364  0.13 s
DFT XC grid constructed in 0.65 s.

 ******* Iteration    1 ********
Forming HF Coulomb matrix ... done (0.19 s)
Forming HF exchange matrix ... done (0.22 s)
Computing DFT exchange and correlation ... done (0.22 s)
Numerically integrated density is 84.00008 (+0.0001 %).
ADIIS weights
 1.00e+00 
CDIIS weights
 1.00e+00 
 DIIS weights
 1.00e+00 

Solving SCF equations ... done (0.00 s)

DIIS error                    :  6.141474e-01
Energy change                 : -5.666336e+03
Max total density change      :  5.612746e-01
Max rms   density change      :  2.654533e-02
Dipole mu = (-1.25390246, -0.00000000,  34.04226564) D

Iteration took 0.64 s.

 ******* Iteration    2 ********
Forming HF Coulomb matrix ... done (0.20 s)
Forming HF exchange matrix ... done (0.22 s)
Computing DFT exchange and correlation ... done (0.23 s)
Numerically integrated density is 84.00010 (+0.0001 %).
ADIIS weights
 7.32e-01  2.68e-01 
CDIIS weights
 5.38e-01  4.62e-01 
 DIIS weights
 7.32e-01  2.68e-01 

Solving SCF equations ... done (0.00 s)

DIIS error                    :  6.090459e-01
Energy change                 :  1.530775e+00
Max total density change      :  5.077571e-01
Max rms   density change      :  2.095061e-02
Dipole mu = (-0.21767098,  0.00000000, -13.54432965) D

Iteration took 0.64 s.

 ******* Iteration    3 ********
Forming HF Coulomb matrix ... done (0.25 s)
Forming HF exchange matrix ... done (0.23 s)
Computing DFT exchange and correlation ... done (0.22 s)
Numerically integrated density is 84.00007 (+0.0001 %).
ADIIS weights
 3.22e-22  4.79e-23  1.00e+00 
CDIIS weights
 1.86e-02 -2.73e-02  1.01e+00 
 DIIS weights
 3.22e-22  4.79e-23  1.00e+00 

Solving SCF equations ... done (0.00 s)

DIIS error                    :  1.330775e-01
Energy change                 : -2.440668e+00
Max total density change      :  2.370514e-01
Max rms   density change      :  8.393517e-03
Dipole mu = (-2.79725468, -0.00000000, -5.46371424) D

Iteration took 0.70 s.

 ******* Iteration    4 ********
Forming HF Coulomb matrix ... done (0.20 s)
Forming HF exchange matrix ... done (0.22 s)
Computing DFT exchange and correlation ... done (0.24 s)
Numerically integrated density is 84.00008 (+0.0001 %).
ADIIS weights
 3.24e-16  1.70e-18  6.59e-01  3.41e-01 
CDIIS weights
 7.78e-05 -1.82e-02  6.30e-01  3.88e-01 
 DIIS weights
 3.24e-16  1.70e-18  6.59e-01  3.41e-01 

Solving SCF equations ... done (0.00 s)

DIIS error                    :  2.068805e-01
Energy change                 :  7.010352e-02
Max total density change      :  6.756047e-02
Max rms   density change      :  3.763799e-03
Dipole mu = (-1.56482200,  0.00000000, -8.70235992) D

Iteration took 0.66 s.

 ******* Iteration    5 ********
Forming HF Coulomb matrix ... done (0.20 s)
Forming HF exchange matrix ... done (0.22 s)
Computing DFT exchange and correlation ... done (0.24 s)
Numerically integrated density is 84.00007 (+0.0001 %).
ADIIS weights
 6.79e-16  1.18e-16  4.19e-13  4.09e-15  1.00e+00 
CDIIS weights
-1.93e-03  8.70e-03  1.63e-01  2.22e-02  8.08e-01 
 DIIS weights
-1.65e-03  7.44e-03  1.39e-01  1.90e-02  8.36e-01 

Solving SCF equations ... done (0.00 s)

DIIS error                    :  2.298983e-02
Energy change                 : -1.312740e-01
Max total density change      :  2.864233e-02
Max rms   density change      :  1.039815e-03
Dipole mu = (-1.05886381, -0.00000000, -9.35204513) D

Iteration took 0.66 s.

 ******* Iteration    6 ********
Forming HF Coulomb matrix ... done (0.20 s)
Forming HF exchange matrix ... done (0.22 s)
Computing DFT exchange and correlation ... done (0.24 s)
Numerically integrated density is 84.00007 (+0.0001 %).
ADIIS weights
 3.85e-18  2.17e-17  2.01e-14  6.23e-15  1.48e-01  8.52e-01 
CDIIS weights
-8.43e-04  3.42e-03  6.03e-02  3.67e-04  4.79e-01  4.58e-01 
 DIIS weights
-8.42e-04  3.42e-03  6.03e-02  3.67e-04  4.78e-01  4.59e-01 

Solving SCF equations ... done (0.00 s)

DIIS error                    :  1.009178e-02
Energy change                 : -1.968599e-03
Max total density change      :  4.811043e-03
Max rms   density change      :  3.095275e-04
Dipole mu = (-1.31178818,  0.00000000, -9.38054210) D

Iteration took 0.66 s.

 ******* Iteration    7 ********
Forming HF Coulomb matrix ... done (0.20 s)
Forming HF exchange matrix ... done (0.22 s)
Computing DFT exchange and correlation ... done (0.24 s)
Numerically integrated density is 84.00007 (+0.0001 %).
ADIIS weights
 3.43e-16  1.01e-16  2.96e-13  7.96e-16  3.54e-11  1.06e-10  1.00e+00 
CDIIS weights
-2.29e-04  1.35e-03 -1.47e-03 -4.36e-03  9.93e-02  1.77e-01  7.29e-01 
 DIIS weights
-2.29e-04  1.35e-03 -1.47e-03 -4.36e-03  9.93e-02  1.77e-01  7.29e-01 

Solving SCF equations ... done (0.00 s)

DIIS error                    :  1.575439e-03
Energy change                 : -5.782431e-04
Max total density change      :  2.462933e-03
Max rms   density change      :  7.710556e-05
Dipole mu = (-1.25008924, -0.00000000, -9.33171653) D

Iteration took 0.66 s.

 ******* Iteration    8 ********
Forming HF Coulomb matrix ... done (0.19 s)
Forming HF exchange matrix ... done (0.22 s)
Computing DFT exchange and correlation ... done (0.27 s)
Numerically integrated density is 84.00007 (+0.0001 %).
ADIIS weights
 1.03e-16  2.53e-16  4.84e-15  6.80e-14  4.60e-12  4.28e-10  4.67e-05  1.00e+00 
CDIIS weights
-7.05e-05  3.91e-04 -6.57e-03 -1.31e-03  4.45e-03  5.05e-02  3.74e-01  5.78e-01 
 DIIS weights
-7.05e-05  3.91e-04 -6.57e-03 -1.31e-03  4.45e-03  5.05e-02  3.74e-01  5.78e-01 

Solving SCF equations ... done (0.00 s)

DIIS error                    :  8.119734e-04
Energy change                 : -1.673945e-05
Max total density change      :  3.781073e-04
Max rms   density change      :  2.689843e-05
Dipole mu = (-1.27335001,  0.00000000, -9.30971688) D

Iteration took 0.69 s.

 ******* Iteration    9 ********
Forming HF Coulomb matrix ... done (0.20 s)
Forming HF exchange matrix ... done (0.22 s)
Computing DFT exchange and correlation ... done (0.24 s)
Numerically integrated density is 84.00007 (+0.0001 %).
ADIIS weights
 2.22e-16  6.44e-17  1.52e-14  1.88e-14  5.94e-11  4.67e-11  5.45e-07  1.14e-04  1.00e+00 
CDIIS weights
-1.44e-05  1.01e-04 -2.80e-03  1.44e-04 -7.08e-03  9.54e-03  1.14e-01  2.62e-01  6.24e-01 
 DIIS weights
-1.44e-05  1.01e-04 -2.80e-03  1.44e-04 -7.08e-03  9.54e-03  1.14e-01  2.62e-01  6.24e-01 

Solving SCF equations ... done (0.00 s)

DIIS error                    :  2.746431e-04
Energy change                 : -3.029417e-06
Max total density change      :  1.413723e-04
Max rms   density change      :  6.394145e-06
Dipole mu = (-1.26877536,  0.00000000, -9.30737727) D

Iteration took 0.67 s.

 ******* Iteration   10 ********
Forming HF Coulomb matrix ... done (0.20 s)
Forming HF exchange matrix ... done (0.22 s)
Computing DFT exchange and correlation ... done (0.21 s)
Numerically integrated density is 84.00007 (+0.0001 %).
ADIIS weights
 7.13e-11  8.54e-12  2.88e-09  3.53e-10  1.22e-08  1.07e-06  3.18e-06  2.63e-04  2.62e-01  7.38e-01 
CDIIS weights
 2.61e-06  3.85e-06 -3.09e-04  2.33e-04 -3.24e-03 -1.99e-03 -4.16e-03  2.12e-02  2.79e-01  7.09e-01 
 DIIS weights
 2.61e-06  3.85e-06 -3.09e-04  2.33e-04 -3.24e-03 -1.99e-03 -4.16e-03  2.12e-02  2.79e-01  7.09e-01 

Solving SCF equations ... done (0.00 s)

DIIS error                    :  8.034782e-05
Energy change                 : -1.821518e-07
Max total density change      :  4.453748e-05
Max rms   density change      :  2.269786e-06
Dipole mu = (-1.26989463, -0.00000000, -9.30782771) D

Iteration took 0.63 s.

 ******* Iteration   11 ********
Forming HF Coulomb matrix ... done (0.19 s)
Forming HF exchange matrix ... done (0.22 s)
Computing DFT exchange and correlation ... done (0.21 s)
Numerically integrated density is 84.00007 (+0.0001 %).
ADIIS weights
 1.40e-13  2.67e-12  1.38e-12  3.45e-09  1.45e-10  8.74e-07  2.22e-05  7.17e-02  3.05e-01  6.23e-01 
CDIIS weights
-2.09e-06  1.19e-05  3.04e-05 -1.58e-04 -6.96e-05 -5.31e-04 -1.81e-05  3.48e-02  1.12e-01  8.54e-01 
 DIIS weights
-2.09e-06  1.19e-05  3.04e-05 -1.58e-04 -6.96e-05 -5.31e-04 -1.81e-05  3.48e-02  1.12e-01  8.54e-01 

Solving SCF equations ... done (0.00 s)

DIIS error                    :  5.175155e-06
Energy change                 : -2.253728e-08
Max total density change      :  7.593165e-06
Max rms   density change      :  4.028836e-07
Dipole mu = (-1.26971212,  0.00000000, -9.30763670) D

Iteration took 0.63 s.

 ******* Convergence achieved ********
Solution of RDFT took 7.91 s.

Kinetic               energy:  5.6699148395609873e+03
Nuclear attraction    energy: -1.4361148005831414e+04
Total one-electron    energy: -8.6912331662704273e+03
Nuclear repulsion     energy:  4.3583991326354231e+02
Coulomb               energy:  2.7705786294397794e+03
Exchange-correlation  energy: -1.8249548563587751e+02
Non-local correlation energy:  0.0000000000000000e+00
-----------------------------------------------------
                Total energy: -5.6673101092029829e+03
               Virial factor:  9.9954060502993269e-01

Dipole mu = (-1.26971212,  0.00000000, -9.30763670) D

HOMO-LUMO gap is    3.50 eV. Orbital energies:
    -939.4940*    -137.5021*    -127.7286*    -127.7285*    -127.7283*
     -25.8674*     -21.6938*     -21.6936*     -21.6922*     -14.9599*
     -14.9598*     -14.9590*     -14.9589*     -14.9588*     -14.3601*
     -14.2840*     -10.2219*     -10.1889*     -10.1723*      -3.7239*
      -2.3741*      -2.3735*      -2.3702*      -1.0857*      -0.9307*
      -0.7924*      -0.6630*      -0.6423*      -0.6090*      -0.4977*
      -0.4852*      -0.4816*      -0.4748*      -0.4719*      -0.4718*
      -0.4668*      -0.4668*      -0.4527*      -0.3398*      -0.3296*
      -0.2717*      -0.1328*      -0.0042       -0.0019        0.0085 
       0.0347        0.0379        0.0643        0.1049        0.1324 
       0.1352        0.1583        0.1627        0.1885        0.2032 
       0.2199        0.2467        0.3677        0.3755        0.4539 
       0.6626        0.6762        0.7029        0.7253        0.7340 
       0.7748        0.8162        0.8418        0.9285        0.9687 
       1.0044        1.0248        1.0799        1.1228        1.1963 
       1.2138        1.2832        1.2976        1.3285        1.3342 
       1.3821        1.4194        1.5531        1.6678        1.6795 
       1.7665        1.9159        2.6528        2.7496 
HOMO-LUMO gap is    3.50 eV. Energies of lowest lying orbitals:
    -939.4940*    -137.5021*    -127.7286*    -127.7285*    -127.7283*
     -25.8674*     -21.6938*     -21.6936*     -21.6922*     -14.9599*
     -14.9598*     -14.9590*     -14.9589*     -14.9588*     -14.3601*
     -14.2840*     -10.2219*     -10.1889*     -10.1723*      -3.7239*
      -2.3741*      -2.3735*      -2.3702*      -1.0857*      -0.9307*
      -0.7924*      -0.6630*      -0.6423*      -0.6090*      -0.4977*
      -0.4852*      -0.4816*      -0.4748*      -0.4719*      -0.4718*
      -0.4668*      -0.4668*      -0.4527*      -0.3398*      -0.3296*
      -0.2717*      -0.1328*      -0.0042       -0.0019        0.0085 
       0.0347        0.0379        0.0643        0.1049        0.1324 

Using hybrid exchange with  20.000 % of exact exchange.
Constructing XC grid.
	atom  Npoints      Nfuncs  t
	   4     6160      365111  0.55 s
	   3     6162      368148  0.56 s
	   1     9360      400639  0.63 s
	   2     7349      481169  0.77 s
	   7     5200      238108  0.36 s
	   5     6938      450952  0.68 s
	   6     6904      451476  0.70 s
	   8     7344      340932  0.54 s
	   9     7180      329801  0.51 s
	  10     5440      251682  0.38 s
DFT XC grid constructed in 1.61 s.

 ******* Iteration    1 ********
Forming HF Coulomb matrix ... done (0.20 s)
Forming HF exchange matrix ... done (0.22 s)
Computing DFT exchange and correlation ... done (0.49 s)
Numerically integrated density is 84.00002 (+0.0000 %).
ADIIS weights
 1.00e+00 
CDIIS weights
 1.00e+00 
 DIIS weights
 1.00e+00 

Solving SCF equations ... done (0.00 s)

DIIS error                    :  4.813349e-05
Energy change                 : -5.667310e+03
Max total density change      :  2.259362e-05
Max rms   density change      :  1.818222e-06
Dipole mu = (-1.26974810, -0.00000000, -9.30810416) D

Iteration took 0.91 s.

 ******* Iteration    2 ********
Forming HF Coulomb matrix ... done (0.19 s)
Forming HF exchange matrix ... done (0.22 s)
Computing DFT exchange and correlation ... done (0.49 s)
Numerically integrated density is 84.00002 (+0.0000 %).
ADIIS weights
 8.72e-03  9.91e-01 
CDIIS weights
 6.90e-02  9.31e-01 
 DIIS weights
 6.90e-02  9.31e-01 

Solving SCF equations ... done (0.00 s)

DIIS error                    :  1.168571e-05
Energy change                 : -7.198651e-09
Max total density change      :  1.104723e-05
Max rms   density change      :  5.908449e-07
Dipole mu = (-1.26951131, -0.00000000, -9.30793534) D

Iteration took 0.90 s.

 ******* Iteration    3 ********
Forming HF Coulomb matrix ... done (0.19 s)
Forming HF exchange matrix ... done (0.22 s)
Computing DFT exchange and correlation ... done (0.48 s)
Numerically integrated density is 84.00002 (+0.0000 %).
ADIIS weights
 1.19e-03  5.39e-01  4.60e-01 
CDIIS weights
-6.13e-03  5.35e-01  4.71e-01 
 DIIS weights
-6.13e-03  5.35e-01  4.71e-01 

Solving SCF equations ... done (0.00 s)

DIIS error                    :  1.141022e-05
Energy change                 :  2.355591e-10
Max total density change      :  6.271065e-06
Max rms   density change      :  3.407542e-07
Dipole mu = (-1.26969486, -0.00000000, -9.30805311) D

Iteration took 0.90 s.

 ******* Iteration    4 ********
Forming HF Coulomb matrix ... done (0.19 s)
Forming HF exchange matrix ... done (0.22 s)
Computing DFT exchange and correlation ... done (0.47 s)
Numerically integrated density is 84.00002 (+0.0000 %).
ADIIS weights
 1.63e-06  3.41e-01  3.03e-01  3.55e-01 
CDIIS weights
-5.51e-03  2.15e-01  2.18e-01  5.72e-01 
 DIIS weights
-5.51e-03  2.15e-01  2.18e-01  5.72e-01 

Solving SCF equations ... done (0.00 s)

DIIS error                    :  2.098259e-06
Energy change                 : -9.613359e-10
Max total density change      :  1.662591e-06
Max rms   density change      :  6.704856e-08
Dipole mu = (-1.26965541, -0.00000000, -9.30803040) D

Iteration took 0.88 s.

 ******* Iteration    5 ********
Forming HF Coulomb matrix ... done (0.19 s)
Forming HF exchange matrix ... done (0.22 s)
Computing DFT exchange and correlation ... done (0.56 s)
Numerically integrated density is 84.00002 (+0.0000 %).
ADIIS weights
 1.87e-04  2.49e-01  2.25e-01  2.62e-01  2.63e-01 
CDIIS weights
-7.34e-04  8.00e-03  1.17e-02  1.77e-01  8.04e-01 
 DIIS weights
-7.34e-04  8.00e-03  1.17e-02  1.77e-01  8.04e-01 

Solving SCF equations ... done (0.00 s)

DIIS error                    :  4.655749e-07
Energy change                 : -2.182787e-11
Max total density change      :  3.207452e-07
Max rms   density change      :  1.405139e-08
Dipole mu = (-1.26965802, -0.00000000, -9.30804087) D

Iteration took 0.97 s.

 ******* Iteration    6 ********
Forming HF Coulomb matrix ... done (0.19 s)
Forming HF exchange matrix ... done (0.22 s)
Computing DFT exchange and correlation ... done (0.60 s)
Numerically integrated density is 84.00002 (+0.0000 %).
ADIIS weights
 1.35e-04  1.96e-01  1.80e-01  2.08e-01  2.08e-01  2.08e-01 
CDIIS weights
-1.75e-04 -2.56e-03 -1.44e-03  5.90e-02  3.43e-01  6.02e-01 
 DIIS weights
-1.75e-04 -2.56e-03 -1.44e-03  5.90e-02  3.43e-01  6.02e-01 

Solving SCF equations ... done (0.00 s)

DIIS error                    :  1.097772e-07
Energy change                 :  9.094947e-12
Max total density change      :  5.250919e-08
Max rms   density change      :  3.441833e-09
Dipole mu = (-1.26965937,  0.00000000, -9.30803786) D

Iteration took 1.02 s.

 ******* Iteration    7 ********
Forming HF Coulomb matrix ... done (0.19 s)
Forming HF exchange matrix ... done (0.22 s)
Computing DFT exchange and correlation ... done (0.56 s)
Numerically integrated density is 84.00002 (+0.0000 %).
ADIIS weights
 9.35e-05  1.62e-01  1.50e-01  1.72e-01  1.72e-01  1.72e-01  1.72e-01 
CDIIS weights
-2.96e-05 -2.32e-03 -2.33e-03  1.18e-02  1.01e-01  4.00e-01  4.91e-01 
 DIIS weights
-2.96e-05 -2.32e-03 -2.33e-03  1.18e-02  1.01e-01  4.00e-01  4.91e-01 

Solving SCF equations ... done (0.00 s)

DIIS error                    :  5.514480e-08
Energy change                 : -1.091394e-11
Max total density change      :  3.887514e-08
Max rms   density change      :  2.228040e-09
Dipole mu = (-1.26965957,  0.00000000, -9.30803873) D

Iteration took 0.97 s.

 ******* Iteration    8 ********
Forming HF Coulomb matrix ... done (0.19 s)
Forming HF exchange matrix ... done (0.22 s)
Computing DFT exchange and correlation ... done (0.56 s)
Numerically integrated density is 84.00002 (+0.0000 %).
ADIIS weights
 6.41e-05  1.37e-01  1.28e-01  1.47e-01  1.47e-01  1.47e-01  1.47e-01  1.47e-01 
CDIIS weights
 5.07e-06 -9.86e-04 -1.16e-03  5.23e-04  1.75e-02  1.13e-01  2.28e-01  6.43e-01 
 DIIS weights
 5.07e-06 -9.86e-04 -1.16e-03  5.23e-04  1.75e-02  1.13e-01  2.28e-01  6.43e-01 

Solving SCF equations ... done (0.00 s)

DIIS error                    :  1.262479e-08
Energy change                 :  0.000000e+00
Max total density change      :  7.006523e-09
Max rms   density change      :  5.090149e-10
Dipole mu = (-1.26965897, -0.00000000, -9.30803863) D

Iteration took 0.97 s.

 ******* Iteration    9 ********
Forming HF Coulomb matrix ... done (0.19 s)
Forming HF exchange matrix ... done (0.22 s)
Computing DFT exchange and correlation ... done (0.51 s)
Numerically integrated density is 84.00002 (+0.0000 %).
ADIIS weights
 4.43e-05  1.19e-01  1.12e-01  1.28e-01  1.28e-01  1.28e-01  1.28e-01  1.28e-01  1.28e-01 
CDIIS weights
 7.03e-06 -1.79e-04 -3.19e-04 -1.06e-03 -3.04e-03  1.55e-02  7.72e-02  3.93e-01  5.19e-01 
 DIIS weights
 7.03e-06 -1.79e-04 -3.19e-04 -1.06e-03 -3.04e-03  1.55e-02  7.72e-02  3.93e-01  5.19e-01 

Solving SCF equations ... done (0.00 s)

DIIS error                    :  5.921133e-09
Energy change                 :  2.728484e-12
Max total density change      :  3.302883e-09
Max rms   density change      :  1.798213e-10
Dipole mu = (-1.26965918, -0.00000000, -9.30803868) D

Iteration took 0.93 s.

 ******* Convergence achieved ********
Solution of RDFT took 10.08 s.

Kinetic               energy:  5.6699154802040293e+03
Nuclear attraction    energy: -1.4361149773441421e+04
Total one-electron    energy: -8.6912342932373922e+03
Nuclear repulsion     energy:  4.3583991326354231e+02
Coulomb               energy:  2.7705798065734984e+03
Exchange-correlation  energy: -1.8249562215948504e+02
Non-local correlation energy:  0.0000000000000000e+00
-----------------------------------------------------
                Total energy: -5.6673101955598368e+03
               Virial factor:  9.9954050732267730e-01

Dipole mu = (-1.26965918, -0.00000000, -9.30803868) D

HOMO-LUMO gap is    3.50 eV. Orbital energies:
    -939.4939*    -137.5021*    -127.7286*    -127.7285*    -127.7283*
     -25.8673*     -21.6938*     -21.6935*     -21.6922*     -14.9599*
     -14.9599*     -14.9590*     -14.9589*     -14.9589*     -14.3601*
     -14.2840*     -10.2219*     -10.1889*     -10.1723*      -3.7239*
      -2.3741*      -2.3735*      -2.3702*      -1.0857*      -0.9307*
      -0.7924*      -0.6630*      -0.6423*      -0.6090*      -0.4977*
      -0.4852*      -0.4816*      -0.4748*      -0.4719*      -0.4718*
      -0.4668*      -0.4668*      -0.4527*      -0.3398*      -0.3296*
      -0.2717*      -0.1328*      -0.0042       -0.0019        0.0085 
       0.0347        0.0379        0.0643        0.1049        0.1324 
       0.1352        0.1583        0.1627        0.1885        0.2032 
       0.2199        0.2467        0.3677        0.3755        0.4539 
       0.6626        0.6762        0.7029        0.7253        0.7340 
       0.7748        0.8161        0.8418        0.9285        0.9687 
       1.0044        1.0248        1.0799        1.1227        1.1963 
       1.2138        1.2832        1.2976        1.3285        1.3342 
       1.3821        1.4194        1.5531        1.6678        1.6795 
       1.7665        1.9159        2.6528        2.7497 

Mulliken charges
   1 Cd          -0.183062
   2 N           -0.597173
   3 N           -0.724126
   4 C            0.057885
   5 C            0.001861
   6 C            0.381019
   7 H            0.229212
   8 H            0.230430
   9 H            0.255808
  10 H            0.348145
Sum of Mulliken charges 9.436896e-15

Electron density at nuclei
   1 Cd       58476.827871
   2 N          153.604127
   3 N          153.087802
   4 C           93.747412
   5 C           93.774578
   6 C           93.693056
   7 H            0.368330
   8 H            0.369890
   9 H            0.367019
  10 H            0.330766

Running program took 23.50 s.
Current time is Wed 25 Feb 2015 01:33:35.
