Basis set cc-pVDZ found in file cc-pVDZ.gbs in /home/work/erkale/source/erkale/basis/.


Current Settings used by ERKALE:
     AtomGuess      	                Auto	Method used for atomic guess (Auto for same as method)
     Basis          	             cc-pVDZ	Basis set used in calculation
     BasisCutoff    	           1.000e-08	Cutoff for dropping out small primitives from contraction
     BasisOrth      	                Auto	Method of orthonormalization of basis set
     BasisRotate    	                true	Rotate basis set to remove redundant functions?
     C1-DIIS        	               false	Use older version of DIIS (C1-DIIS instead of C2-DIIS)?
     Charge         	                   0	Total charge of system
     Cholesky       	               false	Use Cholesky decomposition?
     CholeskyMode   	                   0	Save/load integrals? 0 no, 1 save, -1 load
     CholeskyShThr  	           1.000e-02	Cholesky cache threshold
     CholeskyThr    	           1.000e-07	Cholesky decomposition threshold
     DFTDelta       	           5.000e+03	Switch to final DFT grid, relative to deltaE and deltaP
     DFTDirect      	               false	Save memory by not storing values of basis functions in memory
     DFTFinalTol    	           1.000e-05	Tolerance of final DFT grid
     DFTGrid        	                Auto	DFT integration grid to use: nrad lmax or Auto for adaptive
     DFTInitialTol  	           1.000e-04	Tolerance of initial DFT grid
     DFTLobatto     	               false	Use Lobatto quadrature instead of Lebedev quadrature?
     DIISEps        	           1.000e-01	Start mixing in DIIS when error is
     DIISOrder      	                  10	How many DIIS iterations to keep in memory?
     DIISThr        	           1.000e-02	DIIS error threshold for DIIS updates
     DecFock        	               false	Use decontracted basis to calculate Fock matrix (direct HF)
     Decontract     	                    	Indices of atoms to decontract basis set for
     DeltaEmax      	           1.000e-06	Maximum allowed change of energy
     DeltaPmax      	           1.000e-06	Maximum allowed maximum difference of density matrix
     DeltaPrms      	           1.000e-08	Maximum allowed RMS difference of density matrix
     DensityFitting 	                true	Use density fitting / RI?
     Direct         	               false	Calculate two-electron integrals (or density fitting) on-the-fly?
     EField         	         0.0 0.0 0.0	Electric field
     FittingBasis   	                Auto	Basis to use for density fitting / RI (Auto for automatic)
     FittingMemory  	                1000	Amount of memory in MB to use for exchange fitting
     FittingThreshold	           1.000e-08	Linear dependence threshold for Coulomb integrals in density fitting
     ForcePol       	               false	Force polarized calculation
     FreezeCore     	               false	Freeze the atomic cores?
     Guess          	              Atomic	Used guess: atomic (default), core, or GWH
     IntegralThresh 	           1.000e-14	Integral screening threshold
     LineSearch     	               false	Do line search in level shift (EXPENSIVE!)
     LoadChk        	                    	File to load old results from
     Logfile        	         decanol.log	File to print out full information, stdout for screen
     MaxIter        	                 100	Maximum number of iterations in SCF cycle
     Method         	      lda_x-lda_c_pw	Method used in calculation (HF or a DFT functional)
     Multiplicity   	                   1	Spin multiplicity
     NLGrid         	             50 -194	Integration grid to use for nonlocal correlation: nrad lmax
     Occupancies    	                    	Orbital occupancies
     PZ             	               false	Perform Perdew-Zunger self-interaction correction?
     PZEthr         	           1.000e-10	Threshold for energy convergence
     PZIthr         	           1.000e-01	Threshold for initialization convergence (not too small!)
     PZNRthr        	           0.000e+00	Threshold for use of NR method in OO optimization
     PZOOthr        	           1.000e-03	Gradient threshold for OO optimization
     PZOVthr        	           1.000e-04	Gradient threshold for OV optimization
     PZimag         	                Auto	Imaginary degrees of freedom in PZ?
     PZiter         	                 100	Max number of iterations in self-consistency iteration
     PZloc          	                true	Initial localization before SIC calculation?
     PZmode         	                  XC	Apply PZ to the operators (in addition to J): X C D
     PZoo           	                true	Optimize OO block?
     PZov           	                true	Optimize OV block?
     PZprec         	                   1	Precondition OV block? 0: no, 1: unified, 2: orbital
     PZreal         	                true	Real degrees of freedom in PZ?
     PZseed         	                   0	Seed number for randomized matrices?
     PZstab         	                   0	Stability analysis for PZ-SIC? 1 or -1 for OO, 2 or -2 for OO+OV
     PZstabThr      	           1.000e-03	Instability threshold (interpreted as -thr)
     PZw            	           1.000e+00	Weight for Perdew-Zunger self-interaction correction
     SaveChk        	         decanol.chk	File to use as checkpoint
     Shift          	           0.000e+00	Level shift to use in Hartree
     StrictIntegrals	               false	Use strict integrals?
     System         	       1-decanol.xyz	System as an xyz file
     UseADIIS       	                true	Use ADIIS for Fock matrix interpolation?
     UseBroyden     	               false	Use Broyden mixing of Fock matrices?
     UseDIIS        	                true	Use Pulay's Direct Inversion in the Iterative Subspace?
     UseLM          	                true	Use a spherical harmonics basis set by default?
     UseTRRH        	               false	Use Trust-Region Roothaan-Hall?
     VV10           	                Auto	Use VV10 non-local correlation?
     VV10Pars       	                    	VV10 parameters: b C
     Verbose        	                true	Verbose calculation?

Performing lda_x-lda_c_pw guess for atoms:
C : 1 2 3 4 5 6 7 8 9 10 (0.12 s)
O : 11 (0.13 s)
H : 12 13 14 15 16 17 18 19 20 21 22 23 24 25 26 27 28 29 30 31 32 33 (0.02 s)
Diagonalizing density matrix ... done (0.02 s)
Atomic guess formed in 0.29 s.

There are 132 shells and 33 nuclei in the basis set.

List of nuclei, geometry in Ångström with three decimal places:
		 Z	    x	    y	    z
1	C	 6	  3.951	  3.954	  3.422
2	C	 6	  5.374	  3.650	  2.992
3	C	 6	  5.463	  3.377	  1.498
4	C	 6	  3.868	  4.262	  4.910
5	C	 6	  6.848	  2.886	  1.104
6	C	 6	  2.477	  4.734	  5.304
7	C	 6	  7.148	  1.524	  1.712
8	C	 6	  2.137	  6.069	  4.659
9	C	 6	  8.591	  1.087	  1.480
10	C	 6	  0.699	  6.461	  4.906
11	O	 8	  9.421	  1.797	  2.372
12	H	 1	  3.288	  3.101	  3.176
13	H	 1	  3.545	  4.820	  2.851
14	H	 1	  5.765	  2.762	  3.542
15	H	 1	  6.048	  4.486	  3.268
16	H	 1	  5.215	  4.295	  0.931
17	H	 1	  4.701	  2.628	  1.203
18	H	 1	  4.617	  5.035	  5.179
19	H	 1	  4.143	  3.363	  5.497
20	H	 1	  6.927	  2.833	  0.000
21	H	 1	  7.614	  3.620	  1.425
22	H	 1	  2.408	  4.819	  6.406
23	H	 1	  1.725	  3.973	  5.015
24	H	 1	  6.912	  1.559	  2.801
25	H	 1	  6.470	  0.761	  1.283
26	H	 1	  2.344	  6.002	  3.567
27	H	 1	  2.817	  6.856	  5.041
28	H	 1	  8.699	  0.000	  1.663
29	H	 1	  8.897	  1.277	  0.432
30	H	 1	  0.462	  7.423	  4.435
31	H	 1	  0.000	  5.717	  4.502
32	H	 1	  0.486	  6.559	  5.979
33	H	 1	 10.312	  1.558	  2.157

List of basis functions:
Shell    1	S cart shell at nucleus   1 with with basis functions    1-1   
Shell    2	S cart shell at nucleus   1 with with basis functions    2-2   
Shell    3	S cart shell at nucleus   1 with with basis functions    3-3   
Shell    4	P cart shell at nucleus   1 with with basis functions    4-6   
Shell    5	P cart shell at nucleus   1 with with basis functions    7-9   
Shell    6	D  sph shell at nucleus   1 with with basis functions   10-14  
Shell    7	S cart shell at nucleus   2 with with basis functions   15-15  
Shell    8	S cart shell at nucleus   2 with with basis functions   16-16  
Shell    9	S cart shell at nucleus   2 with with basis functions   17-17  
Shell   10	P cart shell at nucleus   2 with with basis functions   18-20  
Shell   11	P cart shell at nucleus   2 with with basis functions   21-23  
Shell   12	D  sph shell at nucleus   2 with with basis functions   24-28  
Shell   13	S cart shell at nucleus   3 with with basis functions   29-29  
Shell   14	S cart shell at nucleus   3 with with basis functions   30-30  
Shell   15	S cart shell at nucleus   3 with with basis functions   31-31  
Shell   16	P cart shell at nucleus   3 with with basis functions   32-34  
Shell   17	P cart shell at nucleus   3 with with basis functions   35-37  
Shell   18	D  sph shell at nucleus   3 with with basis functions   38-42  
Shell   19	S cart shell at nucleus   4 with with basis functions   43-43  
Shell   20	S cart shell at nucleus   4 with with basis functions   44-44  
Shell   21	S cart shell at nucleus   4 with with basis functions   45-45  
Shell   22	P cart shell at nucleus   4 with with basis functions   46-48  
Shell   23	P cart shell at nucleus   4 with with basis functions   49-51  
Shell   24	D  sph shell at nucleus   4 with with basis functions   52-56  
Shell   25	S cart shell at nucleus   5 with with basis functions   57-57  
Shell   26	S cart shell at nucleus   5 with with basis functions   58-58  
Shell   27	S cart shell at nucleus   5 with with basis functions   59-59  
Shell   28	P cart shell at nucleus   5 with with basis functions   60-62  
Shell   29	P cart shell at nucleus   5 with with basis functions   63-65  
Shell   30	D  sph shell at nucleus   5 with with basis functions   66-70  
Shell   31	S cart shell at nucleus   6 with with basis functions   71-71  
Shell   32	S cart shell at nucleus   6 with with basis functions   72-72  
Shell   33	S cart shell at nucleus   6 with with basis functions   73-73  
Shell   34	P cart shell at nucleus   6 with with basis functions   74-76  
Shell   35	P cart shell at nucleus   6 with with basis functions   77-79  
Shell   36	D  sph shell at nucleus   6 with with basis functions   80-84  
Shell   37	S cart shell at nucleus   7 with with basis functions   85-85  
Shell   38	S cart shell at nucleus   7 with with basis functions   86-86  
Shell   39	S cart shell at nucleus   7 with with basis functions   87-87  
Shell   40	P cart shell at nucleus   7 with with basis functions   88-90  
Shell   41	P cart shell at nucleus   7 with with basis functions   91-93  
Shell   42	D  sph shell at nucleus   7 with with basis functions   94-98  
Shell   43	S cart shell at nucleus   8 with with basis functions   99-99  
Shell   44	S cart shell at nucleus   8 with with basis functions  100-100 
Shell   45	S cart shell at nucleus   8 with with basis functions  101-101 
Shell   46	P cart shell at nucleus   8 with with basis functions  102-104 
Shell   47	P cart shell at nucleus   8 with with basis functions  105-107 
Shell   48	D  sph shell at nucleus   8 with with basis functions  108-112 
Shell   49	S cart shell at nucleus   9 with with basis functions  113-113 
Shell   50	S cart shell at nucleus   9 with with basis functions  114-114 
Shell   51	S cart shell at nucleus   9 with with basis functions  115-115 
Shell   52	P cart shell at nucleus   9 with with basis functions  116-118 
Shell   53	P cart shell at nucleus   9 with with basis functions  119-121 
Shell   54	D  sph shell at nucleus   9 with with basis functions  122-126 
Shell   55	S cart shell at nucleus  10 with with basis functions  127-127 
Shell   56	S cart shell at nucleus  10 with with basis functions  128-128 
Shell   57	S cart shell at nucleus  10 with with basis functions  129-129 
Shell   58	P cart shell at nucleus  10 with with basis functions  130-132 
Shell   59	P cart shell at nucleus  10 with with basis functions  133-135 
Shell   60	D  sph shell at nucleus  10 with with basis functions  136-140 
Shell   61	S cart shell at nucleus  11 with with basis functions  141-141 
Shell   62	S cart shell at nucleus  11 with with basis functions  142-142 
Shell   63	S cart shell at nucleus  11 with with basis functions  143-143 
Shell   64	P cart shell at nucleus  11 with with basis functions  144-146 
Shell   65	P cart shell at nucleus  11 with with basis functions  147-149 
Shell   66	D  sph shell at nucleus  11 with with basis functions  150-154 
Shell   67	S cart shell at nucleus  12 with with basis functions  155-155 
Shell   68	S cart shell at nucleus  12 with with basis functions  156-156 
Shell   69	P cart shell at nucleus  12 with with basis functions  157-159 
Shell   70	S cart shell at nucleus  13 with with basis functions  160-160 
Shell   71	S cart shell at nucleus  13 with with basis functions  161-161 
Shell   72	P cart shell at nucleus  13 with with basis functions  162-164 
Shell   73	S cart shell at nucleus  14 with with basis functions  165-165 
Shell   74	S cart shell at nucleus  14 with with basis functions  166-166 
Shell   75	P cart shell at nucleus  14 with with basis functions  167-169 
Shell   76	S cart shell at nucleus  15 with with basis functions  170-170 
Shell   77	S cart shell at nucleus  15 with with basis functions  171-171 
Shell   78	P cart shell at nucleus  15 with with basis functions  172-174 
Shell   79	S cart shell at nucleus  16 with with basis functions  175-175 
Shell   80	S cart shell at nucleus  16 with with basis functions  176-176 
Shell   81	P cart shell at nucleus  16 with with basis functions  177-179 
Shell   82	S cart shell at nucleus  17 with with basis functions  180-180 
Shell   83	S cart shell at nucleus  17 with with basis functions  181-181 
Shell   84	P cart shell at nucleus  17 with with basis functions  182-184 
Shell   85	S cart shell at nucleus  18 with with basis functions  185-185 
Shell   86	S cart shell at nucleus  18 with with basis functions  186-186 
Shell   87	P cart shell at nucleus  18 with with basis functions  187-189 
Shell   88	S cart shell at nucleus  19 with with basis functions  190-190 
Shell   89	S cart shell at nucleus  19 with with basis functions  191-191 
Shell   90	P cart shell at nucleus  19 with with basis functions  192-194 
Shell   91	S cart shell at nucleus  20 with with basis functions  195-195 
Shell   92	S cart shell at nucleus  20 with with basis functions  196-196 
Shell   93	P cart shell at nucleus  20 with with basis functions  197-199 
Shell   94	S cart shell at nucleus  21 with with basis functions  200-200 
Shell   95	S cart shell at nucleus  21 with with basis functions  201-201 
Shell   96	P cart shell at nucleus  21 with with basis functions  202-204 
Shell   97	S cart shell at nucleus  22 with with basis functions  205-205 
Shell   98	S cart shell at nucleus  22 with with basis functions  206-206 
Shell   99	P cart shell at nucleus  22 with with basis functions  207-209 
Shell  100	S cart shell at nucleus  23 with with basis functions  210-210 
Shell  101	S cart shell at nucleus  23 with with basis functions  211-211 
Shell  102	P cart shell at nucleus  23 with with basis functions  212-214 
Shell  103	S cart shell at nucleus  24 with with basis functions  215-215 
Shell  104	S cart shell at nucleus  24 with with basis functions  216-216 
Shell  105	P cart shell at nucleus  24 with with basis functions  217-219 
Shell  106	S cart shell at nucleus  25 with with basis functions  220-220 
Shell  107	S cart shell at nucleus  25 with with basis functions  221-221 
Shell  108	P cart shell at nucleus  25 with with basis functions  222-224 
Shell  109	S cart shell at nucleus  26 with with basis functions  225-225 
Shell  110	S cart shell at nucleus  26 with with basis functions  226-226 
Shell  111	P cart shell at nucleus  26 with with basis functions  227-229 
Shell  112	S cart shell at nucleus  27 with with basis functions  230-230 
Shell  113	S cart shell at nucleus  27 with with basis functions  231-231 
Shell  114	P cart shell at nucleus  27 with with basis functions  232-234 
Shell  115	S cart shell at nucleus  28 with with basis functions  235-235 
Shell  116	S cart shell at nucleus  28 with with basis functions  236-236 
Shell  117	P cart shell at nucleus  28 with with basis functions  237-239 
Shell  118	S cart shell at nucleus  29 with with basis functions  240-240 
Shell  119	S cart shell at nucleus  29 with with basis functions  241-241 
Shell  120	P cart shell at nucleus  29 with with basis functions  242-244 
Shell  121	S cart shell at nucleus  30 with with basis functions  245-245 
Shell  122	S cart shell at nucleus  30 with with basis functions  246-246 
Shell  123	P cart shell at nucleus  30 with with basis functions  247-249 
Shell  124	S cart shell at nucleus  31 with with basis functions  250-250 
Shell  125	S cart shell at nucleus  31 with with basis functions  251-251 
Shell  126	P cart shell at nucleus  31 with with basis functions  252-254 
Shell  127	S cart shell at nucleus  32 with with basis functions  255-255 
Shell  128	S cart shell at nucleus  32 with with basis functions  256-256 
Shell  129	P cart shell at nucleus  32 with with basis functions  257-259 
Shell  130	S cart shell at nucleus  33 with with basis functions  260-260 
Shell  131	S cart shell at nucleus  33 with with basis functions  261-261 
Shell  132	P cart shell at nucleus  33 with with basis functions  262-264 

Basis set contains 264 functions, maximum angular momentum is 2.
Spherical harmonic Gaussians are used by default, there are 275 cartesians.

Forming overlap matrix ... done (0.00 s)
Forming kinetic energy matrix ... done (0.02 s)
Forming nuclear attraction matrix ... done (0.16 s)

Smallest eigenvalue of overlap matrix is 1.74e-03, ratio to largest is 2.53e-04.
Using symmetric orthogonalization.
Basis set diagonalized in 0.01 s.

Computing density fitting integrals, requiring 295 Mi 580 ki memory ... done (17.63 s)
7192 shell pairs out of 8778 are significant.
Auxiliary basis contains 1045 functions.

Initialization of computation done in 17.88 s.

Used exchange functional is lda_x, 'Slater exchange', defined in the reference(s):
P. A. M. Dirac, Math. Proc. Cambridge Philos. Soc. 26, 376 (1930) (DOI 10.1017/S0305004100016108)
F. Bloch, Z. Phys. 57, 545 (1929) (DOI 10.1007/BF01340281)

Used correlation functional is lda_c_pw, 'Perdew & Wang', defined in the reference(s):
J. P. Perdew and Y. Wang, Phys. Rev. B 45, 13244 (1992) (DOI 10.1103/PhysRevB.45.13244)

HOMO-LUMO gap is    0.00 eV. Energies of lowest lying orbitals:
     -18.7413*      -9.9198*      -9.9198*      -9.9198*      -9.9198*
      -9.9198*      -9.9198*      -9.9198*      -9.9198*      -9.9198*
      -9.9198*      -0.8907*      -0.5230*      -0.5230*      -0.5230*
      -0.5230*      -0.5230*      -0.5230*      -0.5230*      -0.5230*
      -0.5230*      -0.5230*      -0.3522*      -0.3522*      -0.3522*
      -0.2647*      -0.2647*      -0.2647*      -0.2647*      -0.2647*
      -0.2647*      -0.2647*      -0.2647*      -0.2647*      -0.2647*
      -0.2647*      -0.2647*      -0.2647*      -0.2647*      -0.2647*
      -0.2647*      -0.2647*      -0.2647*      -0.2647*      -0.2647*
      -0.2647       -0.2647       -0.2167       -0.2167       -0.2167 

A pure exchange functional used, no exact exchange.
Constructing adaptive XC grid with tolerance 1.000000e-04.
DFT XC grid constructed in 7.64 s.
Composition of XC grid:
    atom Npoints     Nfuncs
    1 C     2965     593504
    2 C     2968     596740
    3 C     2775     503525
    4 C     2863     513795
    5 C     2848     494163
    6 C     2850     462540
    7 C     2994     502897
    8 C     2871     442263
    9 C     3060     425414
   10 C     3114     389954
   11 O     2917     386097
   12 H     2653     522225
   13 H     2602     516299
   14 H     2598     525301
   15 H     2551     506962
   16 H     2700     473145
   17 H     2572     462523
   18 H     2486     442743
   19 H     2307     400470
   20 H     2444     385037
   21 H     2324     401765
   22 H     2637     396168
   23 H     2534     408613
   24 H     2534     466245
   25 H     2400     386923
   26 H     2489     423436
   27 H     2419     365242
   28 H     2519     311588
   29 H     2524     321815
   30 H     2373     260167
   31 H     2468     307658
   32 H     2462     280102
   33 H     2633     283384

 ******* Iteration    1 ********
Forming density fitted Coulomb matrix ... done (0.03 s)
Computing DFT exchange and correlation ... done (1.71 s)
Numerically integrated density is 90.00010 (+0.0001 %).
ADIIS weights
 1.00e+00 
CDIIS weights
 1.00e+00 
 DIIS weights
 1.00e+00 

Solving SCF equations ... done (0.01 s)

DIIS error                    :  5.619560e-01
Energy change                 : -4.630487e+02
Max total density change      :  3.132401e-01
Max rms   density change      :  1.049911e-02
Dipole mu = ( 4.70963056,  2.94133337,  4.21101181) D

Iteration took 1.78 s.

 ******* Iteration    2 ********
Forming density fitted Coulomb matrix ... done (0.03 s)
Computing DFT exchange and correlation ... done (1.71 s)
Numerically integrated density is 90.00033 (+0.0004 %).
ADIIS weights
 5.89e-01  4.11e-01 
CDIIS weights
 4.95e-01  5.05e-01 
 DIIS weights
 5.89e-01  4.11e-01 

Solving SCF equations ... done (0.01 s)

DIIS error                    :  4.887602e-01
Energy change                 :  9.171842e-01
Max total density change      :  3.067477e-01
Max rms   density change      :  7.331881e-03
Dipole mu = (-0.03795937, -2.01369964, -2.25862586) D

Iteration took 1.78 s.

 ******* Iteration    3 ********
Forming density fitted Coulomb matrix ... done (0.03 s)
Computing DFT exchange and correlation ... done (1.72 s)
Numerically integrated density is 90.00028 (+0.0003 %).
ADIIS weights
 5.47e-27  3.50e-26  1.00e+00 
CDIIS weights
 3.98e-02  1.24e-01  8.36e-01 
 DIIS weights
 5.47e-27  3.50e-26  1.00e+00 

Solving SCF equations ... done (0.01 s)

DIIS error                    :  2.807414e-01
Energy change                 : -2.982809e+00
Max total density change      :  2.210701e-01
Max rms   density change      :  4.568770e-03
Dipole mu = ( 2.78889984,  2.29290067,  2.64153396) D

Iteration took 1.79 s.

 ******* Iteration    4 ********
Forming density fitted Coulomb matrix ... done (0.03 s)
Computing DFT exchange and correlation ... done (1.74 s)
Numerically integrated density is 90.00024 (+0.0003 %).
ADIIS weights
 2.50e-17  7.83e-17  7.61e-01  2.39e-01 
CDIIS weights
 1.28e-02  6.05e-04  6.66e-01  3.21e-01 
 DIIS weights
 2.50e-17  7.83e-17  7.61e-01  2.39e-01 

Solving SCF equations ... done (0.01 s)

DIIS error                    :  5.165409e-01
Energy change                 :  3.689732e-01
Max total density change      :  1.198337e-01
Max rms   density change      :  3.038694e-03
Dipole mu = ( 1.04653389, -0.23542409, -0.31919398) D

Iteration took 1.80 s.

 ******* Iteration    5 ********
Forming density fitted Coulomb matrix ... done (0.03 s)
Computing DFT exchange and correlation ... done (1.72 s)
Numerically integrated density is 90.00026 (+0.0003 %).
ADIIS weights
 7.32e-18  2.94e-18  1.98e-01  1.81e-15  8.02e-01 
CDIIS weights
 3.84e-03  3.10e-03  2.46e-01 -7.39e-02  8.21e-01 
 DIIS weights
 7.32e-18  2.94e-18  1.98e-01  1.81e-15  8.02e-01 

Solving SCF equations ... done (0.01 s)

DIIS error                    :  1.299284e-01
Energy change                 : -4.627937e-01
Max total density change      :  6.085015e-02
Max rms   density change      :  9.200156e-04
Dipole mu = ( 0.63622506, -1.17690160, -1.28719432) D

Iteration took 1.79 s.

 ******* Iteration    6 ********
Forming density fitted Coulomb matrix ... done (0.03 s)
Computing DFT exchange and correlation ... done (1.72 s)
Numerically integrated density is 90.00026 (+0.0003 %).
ADIIS weights
 9.16e-17  7.71e-20  4.25e-14  1.43e-15  3.83e-01  6.17e-01 
CDIIS weights
 8.89e-04  1.35e-03  1.37e-01 -3.09e-02  6.15e-01  2.77e-01 
 DIIS weights
 3.43e-05  5.22e-05  5.29e-03 -1.19e-03  3.92e-01  6.03e-01 

Solving SCF equations ... done (0.01 s)

DIIS error                    :  9.652802e-02
Energy change                 : -1.132518e-02
Max total density change      :  3.094431e-02
Max rms   density change      :  4.697333e-04
Dipole mu = ( 0.78455794, -0.69241236, -0.79654974) D

Iteration took 1.80 s.

 ******* Iteration    7 ********
Forming density fitted Coulomb matrix ... done (0.03 s)
Computing DFT exchange and correlation ... done (1.72 s)
Numerically integrated density is 90.00026 (+0.0003 %).
ADIIS weights
 4.21e-16  1.01e-15  1.34e-14  3.20e-15  5.65e-13  3.96e-03  9.96e-01 
CDIIS weights
-2.55e-04 -2.29e-04  2.76e-03 -8.24e-03  1.53e-01  2.69e-01  5.84e-01 
 DIIS weights
-2.29e-04 -2.06e-04  2.49e-03 -7.42e-03  1.38e-01  2.42e-01  6.25e-01 

Solving SCF equations ... done (0.01 s)

DIIS error                    :  1.892707e-02
Energy change                 : -1.279932e-02
Max total density change      :  5.774234e-03
Max rms   density change      :  9.997027e-05
Dipole mu = ( 0.78145590, -0.78848627, -0.89373031) D

Iteration took 1.79 s.

 ******* Iteration    8 ********
Forming density fitted Coulomb matrix ... done (0.03 s)
Computing DFT exchange and correlation ... done (1.73 s)
Numerically integrated density is 90.00026 (+0.0003 %).
ADIIS weights
 1.07e-17  7.23e-17  1.83e-16  2.09e-16  2.77e-14  1.62e-13  2.34e-09  1.00e+00 
CDIIS weights
-5.62e-05 -1.76e-04  4.09e-04 -3.31e-03  5.84e-02  9.97e-02  3.00e-01  5.46e-01 
 DIIS weights
-5.62e-05 -1.76e-04  4.09e-04 -3.31e-03  5.84e-02  9.97e-02  3.00e-01  5.46e-01 

Solving SCF equations ... done (0.01 s)

DIIS error                    :  2.962683e-03
Energy change                 : -5.950862e-04
Max total density change      :  8.324523e-04
Max rms   density change      :  1.674725e-05
Dipole mu = ( 0.77855567, -0.77626658, -0.88138438) D

Iteration took 1.81 s.

 ******* Iteration    9 ********
Forming density fitted Coulomb matrix ... done (0.03 s)
Computing DFT exchange and correlation ... done (1.73 s)
Numerically integrated density is 90.00026 (+0.0003 %).
ADIIS weights
 3.97e-17  1.70e-18  3.03e-14  4.79e-15  1.55e-13  5.97e-14  4.58e-11  2.13e-06  1.00e+00 
CDIIS weights
-1.06e-05 -9.17e-05 -4.35e-04 -8.66e-04  1.49e-02  2.77e-02  1.06e-01  3.24e-01  5.29e-01 
 DIIS weights
-1.06e-05 -9.17e-05 -4.35e-04 -8.66e-04  1.49e-02  2.77e-02  1.06e-01  3.24e-01  5.29e-01 

Solving SCF equations ... done (0.01 s)

DIIS error                    :  2.064684e-04
Energy change                 : -1.863087e-05
Max total density change      :  1.017781e-04
Max rms   density change      :  3.066055e-06
Dipole mu = ( 0.77743681, -0.77726288, -0.88183573) D

Iteration took 1.82 s.

 ******* Iteration   10 ********
Forming density fitted Coulomb matrix ... done (0.03 s)
Computing DFT exchange and correlation ... done (1.71 s)
Numerically integrated density is 90.00026 (+0.0003 %).
ADIIS weights
 5.34e-17  1.86e-16  7.37e-15  1.89e-16  5.04e-15  3.81e-13  1.61e-10  1.30e-08  2.37e-03  9.98e-01 
CDIIS weights
-2.28e-06 -2.56e-05 -2.43e-04 -1.55e-04  2.66e-03  5.89e-03  2.57e-02  1.02e-01  2.28e-01  6.36e-01 
 DIIS weights
-2.28e-06 -2.56e-05 -2.43e-04 -1.55e-04  2.66e-03  5.89e-03  2.57e-02  1.02e-01  2.28e-01  6.36e-01 

Solving SCF equations ... done (0.01 s)

DIIS error                    :  5.223970e-05
Energy change                 : -6.157770e-07
Max total density change      :  1.973211e-05
Max rms   density change      :  6.146642e-07
Dipole mu = ( 0.77785326, -0.77697144, -0.88215071) D

Iteration took 1.80 s.

 ******* Iteration   11 ********
Forming density fitted Coulomb matrix ... done (0.03 s)
Computing DFT exchange and correlation ... done (1.71 s)
Numerically integrated density is 90.00026 (+0.0003 %).
ADIIS weights
 1.59e-13  1.26e-10  2.93e-13  4.91e-10  1.76e-09  4.02e-07  1.02e-04  8.69e-04  3.59e-01  6.40e-01 
CDIIS weights
-7.70e-06 -5.76e-05 -4.40e-05  7.09e-04  1.57e-03  7.44e-03  3.60e-02  9.22e-02  3.45e-01  5.17e-01 
 DIIS weights
-7.70e-06 -5.76e-05 -4.40e-05  7.09e-04  1.57e-03  7.44e-03  3.60e-02  9.22e-02  3.45e-01  5.17e-01 

Solving SCF equations ... done (0.01 s)

DIIS error                    :  1.733875e-05
Energy change                 : -1.854687e-08
Max total density change      :  5.829098e-06
Max rms   density change      :  1.795212e-07
Dipole mu = ( 0.77781632, -0.77705878, -0.88212641) D

Iteration took 1.80 s.

 ******* Convergence achieved ********
Solution of RDFT took 27.41 s.

Kinetic               energy:  4.6461138367110703e+02
Nuclear attraction    energy: -2.3362179360701384e+03
Total one-electron    energy: -1.8716065523990333e+03
Nuclear repulsion     energy:  6.2425685440275879e+02
Coulomb               energy:  8.4881923443708570e+02
Exchange-correlation  energy: -6.6702452757604021e+01
Non-local correlation energy:  0.0000000000000000e+00
-----------------------------------------------------
                Total energy: -4.6523291631679285e+02
               Virial factor:  1.0013377473465561e+00

Dipole mu = ( 0.77781632, -0.77705878, -0.88212641) D

HOMO-LUMO gap is    6.47 eV. Orbital energies:
     -18.5936*      -9.8161*      -9.7712*      -9.7706*      -9.7684*
      -9.7683*      -9.7682*      -9.7679*      -9.7676*      -9.7673*
      -9.7631*      -0.9260*      -0.7378*      -0.7207*      -0.6887*
      -0.6556*      -0.6169*      -0.5678*      -0.5377*      -0.5265*
      -0.5002*      -0.4943*      -0.4653*      -0.4205*      -0.4166*
      -0.3999*      -0.3939*      -0.3879*      -0.3720*      -0.3608*
      -0.3557*      -0.3344*      -0.3303*      -0.3205*      -0.3090*
      -0.3058*      -0.2984*      -0.2836*      -0.2778*      -0.2753*
      -0.2732*      -0.2655*      -0.2618*      -0.2497*      -0.2093*
       0.0286        0.0338        0.0404        0.0427        0.0488 
       0.0588        0.0655        0.0694        0.0783        0.0953 
       0.1033        0.1090        0.1100        0.1233        0.1273 
       0.1294        0.1323        0.1390        0.1419        0.1491 
       0.1660        0.1691        0.1748        0.1824        0.1866 
       0.1980        0.2039        0.2180        0.2280        0.2382 
       0.2421        0.2522        0.3592        0.3661        0.3771 
       0.3781        0.3827        0.3900        0.3964        0.4159 
       0.4228        0.4351        0.4521        0.4699        0.4853 
       0.4977        0.5143        0.5284        0.5477        0.5506 
       0.5575        0.5644        0.5688        0.5766        0.5878 
       0.5920        0.5965        0.5991        0.6049        0.6068 
       0.6088        0.6141        0.6173        0.6206        0.6252 
       0.6327        0.6393        0.6435        0.6461        0.6544 
       0.6572        0.6623        0.6645        0.6688        0.6737 
       0.6867        0.6918        0.7290        0.7345        0.7376 
       0.7646        0.7770        0.8141        0.8478        0.8496 
       0.8726        0.8797        0.9405        0.9676        0.9925 
       0.9982        1.0187        1.0254        1.0708        1.0827 
       1.0896        1.1149        1.1333        1.1554        1.1635 
       1.1837        1.1986        1.2030        1.2106        1.2287 
       1.2525        1.2639        1.2886        1.3083        1.3188 
       1.3369        1.3552        1.3705        1.3909        1.4009 
       1.4149        1.4438        1.4738        1.4988        1.5077 
       1.5209        1.5232        1.5262        1.5353        1.5483 
       1.5523        1.5611        1.5670        1.5685        1.5760 
       1.5873        1.5961        1.6030        1.6071        1.6122 
       1.6167        1.6265        1.6335        1.6343        1.6435 
       1.6474        1.6547        1.6563        1.6661        1.6706 
       1.6742        1.6828        1.6948        1.7000        1.7116 
       1.7148        1.7304        1.7436        1.7518        1.7545 
       1.7765        1.7946        1.8000        1.8118        1.8471 
       1.8556        1.8774        1.8936        1.9056        1.9150 
       1.9218        1.9330        1.9651        1.9840        1.9953 
       2.0034        2.0239        2.0454        2.0523        2.0840 
       2.0950        2.1221        2.1330        2.1339        2.1602 
       2.1715        2.1833        2.1981        2.2047        2.2133 
       2.2231        2.2394        2.2445        2.2640        2.2756 
       2.2788        2.2892        2.3038        2.3090        2.3268 
       2.3477        2.3598        2.3660        2.3920        2.4146 
       2.4238        2.4411        2.4580        2.4707        2.4994 
       2.5174        2.5421        2.5500        2.5925        2.6186 
       2.6289        2.6665        2.7080        2.7306        2.8966 
       2.9555        3.0312        3.1278        3.6425 
HOMO-LUMO gap is    6.47 eV. Energies of lowest lying orbitals:
     -18.5936*      -9.8161*      -9.7712*      -9.7706*      -9.7684*
      -9.7683*      -9.7682*      -9.7679*      -9.7676*      -9.7673*
      -9.7631*      -0.9260*      -0.7378*      -0.7207*      -0.6887*
      -0.6556*      -0.6169*      -0.5678*      -0.5377*      -0.5265*
      -0.5002*      -0.4943*      -0.4653*      -0.4205*      -0.4166*
      -0.3999*      -0.3939*      -0.3879*      -0.3720*      -0.3608*
      -0.3557*      -0.3344*      -0.3303*      -0.3205*      -0.3090*
      -0.3058*      -0.2984*      -0.2836*      -0.2778*      -0.2753*
      -0.2732*      -0.2655*      -0.2618*      -0.2497*      -0.2093*
       0.0286        0.0338        0.0404        0.0427        0.0488 

A pure exchange functional used, no exact exchange.
Constructing adaptive XC grid with tolerance 1.000000e-05.
DFT XC grid constructed in 5.21 s.
Composition of XC grid:
    atom Npoints     Nfuncs
    1 C     5985    1205653
    2 C     5928    1194665
    3 C     5862    1083626
    4 C     5868    1074509
    5 C     5647     995893
    6 C     5668     935214
    7 C     5622     952823
    8 C     5926     923289
    9 C     5933     828948
   10 C     6252     787398
   11 O     6422     872549
   12 H     5807    1160271
   13 H     5687    1137992
   14 H     5688    1163604
   15 H     5887    1189000
   16 H     5392     959379
   17 H     5428     992620
   18 H     5389     974745
   19 H     5398     953056
   20 H     5246     839703
   21 H     5864    1037908
   22 H     5534     840241
   23 H     5931     973672
   24 H     5747    1065844
   25 H     5859     958992
   26 H     5509     945670
   27 H     5666     870317
   28 H     5589     702453
   29 H     5383     701135
   30 H     5781     651335
   31 H     5542     698515
   32 H     5396     620680
   33 H     5665     618433

 ******* Iteration    1 ********
Forming density fitted Coulomb matrix ... done (0.04 s)
Computing DFT exchange and correlation ... done (1.50 s)
Numerically integrated density is 89.99992 (-0.0001 %).
ADIIS weights
 1.00e+00 
CDIIS weights
 1.00e+00 
 DIIS weights
 1.00e+00 

Solving SCF equations ... done (0.01 s)

DIIS error                    :  2.201182e-05
Energy change                 : -4.652327e+02
Max total density change      :  3.031780e-05
Max rms   density change      :  1.787256e-06
Dipole mu = ( 0.77833615, -0.77721047, -0.88222056) D

Iteration took 1.58 s.

 ******* Iteration    2 ********
Forming density fitted Coulomb matrix ... done (0.04 s)
Computing DFT exchange and correlation ... done (1.52 s)
Numerically integrated density is 89.99992 (-0.0001 %).
ADIIS weights
 1.31e-04  1.00e+00 
CDIIS weights
 6.09e-02  9.39e-01 
 DIIS weights
 6.09e-02  9.39e-01 

Solving SCF equations ... done (0.01 s)

DIIS error                    :  1.224280e-05
Energy change                 : -2.346906e-08
Max total density change      :  8.455084e-06
Max rms   density change      :  2.635727e-07
Dipole mu = ( 0.77816074, -0.77709767, -0.88214407) D

Iteration took 1.60 s.

 ******* Iteration    3 ********
Forming density fitted Coulomb matrix ... done (0.04 s)
Computing DFT exchange and correlation ... done (1.53 s)
Numerically integrated density is 89.99992 (-0.0001 %).
ADIIS weights
 1.14e-03  5.20e-01  4.78e-01 
CDIIS weights
 1.37e-02  5.74e-01  4.12e-01 
 DIIS weights
 1.37e-02  5.74e-01  4.12e-01 

Solving SCF equations ... done (0.01 s)

DIIS error                    :  2.047160e-05
Energy change                 :  5.679794e-10
Max total density change      :  6.227512e-06
Max rms   density change      :  1.469584e-07
Dipole mu = ( 0.77815826, -0.77716288, -0.88222061) D

Iteration took 1.61 s.

 ******* Iteration    4 ********
Forming density fitted Coulomb matrix ... done (0.04 s)
Computing DFT exchange and correlation ... done (1.79 s)
Numerically integrated density is 89.99992 (-0.0001 %).
ADIIS weights
 3.00e-06  3.39e-01  3.18e-01  3.44e-01 
CDIIS weights
 1.94e-03  2.30e-01  2.07e-01  5.61e-01 
 DIIS weights
 1.94e-03  2.30e-01  2.07e-01  5.61e-01 

Solving SCF equations ... done (0.02 s)

DIIS error                    :  3.347853e-06
Energy change                 : -1.525905e-09
Max total density change      :  1.158193e-06
Max rms   density change      :  3.157710e-08
Dipole mu = ( 0.77819418, -0.77714201, -0.88218693) D

Iteration took 1.89 s.

 ******* Iteration    5 ********
Forming density fitted Coulomb matrix ... done (0.05 s)
Computing DFT exchange and correlation ... done (2.18 s)
Numerically integrated density is 89.99992 (-0.0001 %).
ADIIS weights
 1.60e-04  2.51e-01  2.37e-01  2.56e-01  2.56e-01 
CDIIS weights
 2.84e-04  7.94e-02  7.62e-02  2.74e-01  5.70e-01 
 DIIS weights
 2.84e-04  7.94e-02  7.62e-02  2.74e-01  5.70e-01 

Solving SCF equations ... done (0.17 s)

DIIS error                    :  9.147684e-07
Energy change                 : -3.819878e-11
Max total density change      :  3.503046e-07
Max rms   density change      :  8.188844e-09
Dipole mu = ( 0.77819159, -0.77715234, -0.88219850) D

Iteration took 2.54 s.

 ******* Iteration    6 ********
Forming density fitted Coulomb matrix ... done (0.08 s)
Computing DFT exchange and correlation ... done (2.26 s)
Numerically integrated density is 89.99992 (-0.0001 %).
ADIIS weights
 1.11e-04  1.99e-01  1.90e-01  2.04e-01  2.04e-01  2.04e-01 
CDIIS weights
 6.44e-06  2.57e-02  2.61e-02  1.11e-01  3.45e-01  4.92e-01 
 DIIS weights
 6.44e-06  2.57e-02  2.61e-02  1.11e-01  3.45e-01  4.92e-01 

Solving SCF equations ... done (0.04 s)

DIIS error                    :  4.078392e-07
Energy change                 : -6.139089e-12
Max total density change      :  1.188220e-07
Max rms   density change      :  2.626349e-09
Dipole mu = ( 0.77819184, -0.77715049, -0.88219621) D

Iteration took 2.47 s.

 ******* Iteration    7 ********
Forming density fitted Coulomb matrix ... done (0.08 s)
Computing DFT exchange and correlation ... done (2.02 s)
Numerically integrated density is 89.99992 (-0.0001 %).
ADIIS weights
 7.36e-05  1.65e-01  1.58e-01  1.69e-01  1.69e-01  1.69e-01  1.69e-01 
CDIIS weights
-3.18e-05  6.05e-03  6.53e-03  3.05e-02  1.17e-01  2.19e-01  6.21e-01 
 DIIS weights
-3.18e-05  6.05e-03  6.53e-03  3.05e-02  1.17e-01  2.19e-01  6.21e-01 

Solving SCF equations ... done (0.01 s)

DIIS error                    :  4.776558e-08
Energy change                 :  1.136868e-12
Max total density change      :  1.580702e-08
Max rms   density change      :  5.635394e-10
Dipole mu = ( 0.77819182, -0.77715022, -0.88219612) D

Iteration took 2.16 s.

 ******* Iteration    8 ********
Forming density fitted Coulomb matrix ... done (0.04 s)
Computing DFT exchange and correlation ... done (1.65 s)
Numerically integrated density is 89.99992 (-0.0001 %).
ADIIS weights
 4.80e-05  1.41e-01  1.35e-01  1.45e-01  1.45e-01  1.45e-01  1.45e-01  1.45e-01 
CDIIS weights
-1.55e-05  2.02e-03  2.26e-03  1.11e-02  4.59e-02  9.37e-02  3.37e-01  5.08e-01 
 DIIS weights
-1.55e-05  2.02e-03  2.26e-03  1.11e-02  4.59e-02  9.37e-02  3.37e-01  5.08e-01 

Solving SCF equations ... done (0.01 s)

DIIS error                    :  1.484224e-08
Energy change                 :  6.821210e-13
Max total density change      :  6.212244e-09
Max rms   density change      :  1.721202e-10
Dipole mu = ( 0.77819181, -0.77715021, -0.88219618) D

Iteration took 1.75 s.

 ******* Iteration    9 ********
Forming density fitted Coulomb matrix ... done (0.04 s)
Computing DFT exchange and correlation ... done (1.68 s)
Numerically integrated density is 89.99992 (-0.0001 %).
ADIIS weights
 3.14e-05  1.23e-01  1.19e-01  1.26e-01  1.26e-01  1.26e-01  1.26e-01  1.26e-01  1.26e-01 
CDIIS weights
-5.39e-06  4.56e-04  5.31e-04  2.79e-03  1.26e-02  2.82e-02  1.19e-01  2.68e-01  5.69e-01 
 DIIS weights
-5.39e-06  4.56e-04  5.31e-04  2.79e-03  1.26e-02  2.82e-02  1.19e-01  2.68e-01  5.69e-01 

Solving SCF equations ... done (0.01 s)

DIIS error                    :  3.297520e-09
Energy change                 : -1.136868e-12
Max total density change      :  1.485111e-09
Max rms   density change      :  4.842959e-11
Dipole mu = ( 0.77819180, -0.77715025, -0.88219617) D

Iteration took 1.79 s.

 ******* Convergence achieved ********
Solution of RDFT took 22.63 s.

Kinetic               energy:  4.6461160777130499e+02
Nuclear attraction    energy: -2.3362182316838380e+03
Total one-electron    energy: -1.8716066239125353e+03
Nuclear repulsion     energy:  6.2425685440275879e+02
Coulomb               energy:  8.4881932739271201e+02
Exchange-correlation  energy: -6.6702301535279375e+01
Non-local correlation energy:  0.0000000000000000e+00
-----------------------------------------------------
                Total energy: -4.6523274365234397e+02
               Virial factor:  1.0013368927307229e+00

Dipole mu = ( 0.77819180, -0.77715025, -0.88219617) D

HOMO-LUMO gap is    6.47 eV. Orbital energies:
     -18.5936*      -9.8161*      -9.7712*      -9.7706*      -9.7684*
      -9.7683*      -9.7682*      -9.7679*      -9.7676*      -9.7673*
      -9.7631*      -0.9260*      -0.7378*      -0.7207*      -0.6887*
      -0.6556*      -0.6169*      -0.5678*      -0.5377*      -0.5265*
      -0.5002*      -0.4943*      -0.4653*      -0.4205*      -0.4166*
      -0.3999*      -0.3939*      -0.3879*      -0.3720*      -0.3608*
      -0.3557*      -0.3344*      -0.3303*      -0.3205*      -0.3091*
      -0.3058*      -0.2984*      -0.2836*      -0.2778*      -0.2753*
      -0.2732*      -0.2655*      -0.2618*      -0.2497*      -0.2093*
       0.0286        0.0338        0.0403        0.0427        0.0488 
       0.0588        0.0655        0.0694        0.0783        0.0953 
       0.1033        0.1090        0.1100        0.1233        0.1273 
       0.1294        0.1323        0.1390        0.1419        0.1491 
       0.1660        0.1691        0.1748        0.1824        0.1866 
       0.1980        0.2039        0.2180        0.2280        0.2382 
       0.2421        0.2522        0.3592        0.3661        0.3771 
       0.3781        0.3827        0.3900        0.3964        0.4159 
       0.4228        0.4350        0.4521        0.4699        0.4853 
       0.4977        0.5143        0.5284        0.5477        0.5506 
       0.5575        0.5644        0.5688        0.5766        0.5878 
       0.5920        0.5965        0.5991        0.6049        0.6068 
       0.6088        0.6141        0.6173        0.6205        0.6252 
       0.6327        0.6393        0.6435        0.6461        0.6544 
       0.6572        0.6623        0.6645        0.6688        0.6737 
       0.6867        0.6918        0.7290        0.7345        0.7376 
       0.7646        0.7770        0.8141        0.8478        0.8496 
       0.8726        0.8797        0.9405        0.9676        0.9925 
       0.9982        1.0187        1.0254        1.0708        1.0827 
       1.0896        1.1149        1.1333        1.1554        1.1635 
       1.1837        1.1986        1.2030        1.2106        1.2287 
       1.2525        1.2639        1.2886        1.3083        1.3188 
       1.3369        1.3552        1.3705        1.3910        1.4009 
       1.4149        1.4438        1.4738        1.4988        1.5077 
       1.5209        1.5232        1.5262        1.5353        1.5483 
       1.5523        1.5611        1.5670        1.5685        1.5760 
       1.5873        1.5961        1.6030        1.6071        1.6122 
       1.6167        1.6265        1.6335        1.6343        1.6435 
       1.6474        1.6547        1.6563        1.6661        1.6706 
       1.6742        1.6828        1.6948        1.7000        1.7116 
       1.7148        1.7304        1.7436        1.7518        1.7545 
       1.7765        1.7946        1.8000        1.8118        1.8471 
       1.8556        1.8774        1.8936        1.9056        1.9150 
       1.9218        1.9330        1.9651        1.9840        1.9953 
       2.0034        2.0239        2.0454        2.0523        2.0840 
       2.0950        2.1221        2.1330        2.1339        2.1602 
       2.1715        2.1833        2.1981        2.2047        2.2133 
       2.2231        2.2394        2.2445        2.2640        2.2756 
       2.2788        2.2892        2.3038        2.3090        2.3268 
       2.3477        2.3598        2.3660        2.3920        2.4146 
       2.4238        2.4411        2.4580        2.4707        2.4994 
       2.5174        2.5421        2.5500        2.5924        2.6186 
       2.6289        2.6664        2.7079        2.7306        2.8966 
       2.9555        3.0312        3.1278        3.6425 

Mulliken charges
   1 C           -0.097321
   2 C           -0.094905
   3 C           -0.075179
   4 C           -0.074607
   5 C           -0.071150
   6 C           -0.071794
   7 C           -0.114077
   8 C           -0.140269
   9 C            0.016017
  10 C           -0.120266
  11 O           -0.220725
  12 H            0.042813
  13 H            0.045552
  14 H            0.048734
  15 H            0.047166
  16 H            0.037651
  17 H            0.035808
  18 H            0.039134
  19 H            0.037499
  20 H            0.032385
  21 H            0.048142
  22 H            0.034763
  23 H            0.037475
  24 H            0.061635
  25 H            0.041459
  26 H            0.054786
  27 H            0.048099
  28 H            0.031515
  29 H            0.032552
  30 H            0.050223
  31 H            0.056175
  32 H            0.055236
  33 H            0.145475
Sum of Mulliken charges -5.440093e-14

Electron density at nuclei
   1 C          120.251931
   2 C          120.250179
   3 C          120.252409
   4 C          120.252042
   5 C          120.247824
   6 C          120.257146
   7 C          120.261679
   8 C          120.233462
   9 C          120.199902
  10 C          120.251988
  11 O          296.610826
  12 H            0.356569
  13 H            0.355520
  14 H            0.355360
  15 H            0.356060
  16 H            0.358415
  17 H            0.357132
  18 H            0.356596
  19 H            0.358319
  20 H            0.358768
  21 H            0.354611
  22 H            0.358312
  23 H            0.356603
  24 H            0.351383
  25 H            0.356563
  26 H            0.355777
  27 H            0.356976
  28 H            0.366375
  29 H            0.364086
  30 H            0.356311
  31 H            0.354734
  32 H            0.354976
  33 H            0.366171

Running program took 1 min 8.27 s.
Current time is Tue 21 Jul 2015 07:33:50.
