Basis set cc-pVDZ found in file cc-pVDZ.gbs in /usr/share/erkale/basis/.


Current Settings used by ERKALE:
     AtomGuess      	                Auto	Method used for atomic guess (Auto for same as method)
     Basis          	             cc-pVDZ	Basis set used in calculation
     BasisCutoff    	           1.000e-08	Cutoff for dropping out small primitives from contraction
     BasisOrth      	                Auto	Method of orthonormalization of basis set
     BasisRotate    	                true	Rotate basis set to remove redundant functions?
     C1-DIIS        	               false	Use older version of DIIS (C1-DIIS instead of C2-DIIS)?
     Charge         	                   0	Total charge of system
     DIISEps        	           1.000e-01	Start mixing in DIIS when error is
     DIISOrder      	                  10	How many DIIS iterations to keep in memory?
     DIISThr        	           1.000e-02	DIIS error threshold for DIIS updates
     DecFock        	               false	Use decontracted basis to calculate Fock matrix (direct HF)
     Decontract     	                    	Indices of atoms to decontract basis set for
     DeltaEmax      	           1.000e-06	Maximum allowed change of energy
     DeltaPmax      	           1.000e-06	Maximum allowed maximum difference of density matrix
     DeltaPrms      	           1.000e-08	Maximum allowed RMS difference of density matrix
     DensityFitting 	               false	Use density fitting / RI?
     Direct         	               false	Calculate two-electron integrals (or density fitting) on-the-fly?
     EField         	         0.0 0.0 0.0	Electric field
     FittingBasis   	                Auto	Basis to use for density fitting / RI (Auto for automatic)
     FittingMemory  	                1000	Amount of memory in MB to use for exchange fitting
     FittingThreshold	           1.000e-08	Linear dependence threshold for Coulomb integrals in density fitting
     ForcePol       	               false	Force polarized calculation
     FreezeCore     	               false	Freeze the atomic cores?
     Guess          	                Core	Used guess: atomic (default), core, or GWH
     LineSearch     	               false	Do line search in level shift (EXPENSIVE!)
     LoadChk        	                    	File to load old results from
     Logfile        	            F_dz.log	File to print out full information, stdout for screen
     MaxIter        	                 100	Maximum number of iterations in SCF cycle
     Method         	                  HF	Method used in calculation (HF or a DFT functional)
     Multiplicity   	                   2	Spin multiplicity
     Occupancies    	                    	Orbital occupancies
     SaveChk        	            F_dz.chk	File to use as checkpoint
     ShPairThr      	           1.000e-14	Threshold for shell pair screening, (ij|ij)<thr
     Shift          	           0.000e+00	Level shift to use in Hartree
     StrictIntegrals	               false	Use strict integrals?
     System         	               F.xyz	System as an xyz file
     UseADIIS       	                true	Use ADIIS for Fock matrix interpolation?
     UseBroyden     	               false	Use Broyden mixing of Fock matrices?
     UseDIIS        	                true	Use Pulay's Direct Inversion in the Iterative Subspace?
     UseLM          	                true	Use a spherical harmonics basis set by default?
     UseTRDSM       	               false	Use Trust-Region DSM?
     UseTRRH        	               false	Use Trust-Region Roothaan-Hall?
     Verbose        	                true	Verbose calculation?

There are 6 shells and 1 nuclei in the basis set.

List of nuclei, geometry in Ångström with three decimal places:
		 Z	    x	    y	    z
1	F	 9	  0.000	  0.000	  0.000

List of basis functions:
Shell    1	S cart shell at nucleus   1 with with basis functions    1-1   
Shell    2	S cart shell at nucleus   1 with with basis functions    2-2   
Shell    3	S cart shell at nucleus   1 with with basis functions    3-3   
Shell    4	P cart shell at nucleus   1 with with basis functions    4-6   
Shell    5	P cart shell at nucleus   1 with with basis functions    7-9   
Shell    6	D  sph shell at nucleus   1 with with basis functions   10-14  

Basis set contains 14 functions, maximum angular momentum is 2.
Spherical harmonic Gaussians are used by default, there are 15 cartesians.

Forming overlap matrix ... done (0.00 s)
Forming kinetic energy matrix ... done (0.00 s)
Forming nuclear attraction matrix ... done (0.00 s)

Smallest eigenvalue of overlap matrix is 2.06e-01, ratio to largest is 1.09e-01.
Using symmetric orthogonalization.
Basis set diagonalized in 0.00 s.

Forming table of 44520 ERIs, requiring 43 ki of memory ... done (0.01 s)

Initialization of computation done in 0.01 s.

alpha: HOMO-LUMO gap is  144.62 eV. Energies of lowest lying states:
   -40.448909*    -9.805589*    -9.515797*    -9.515797*    -9.515797*
    -4.201291     -4.069192     -4.069192     -4.069192     -4.069192 
beta:  HOMO-LUMO gap is    0.00 eV. Energies of lowest lying states:
   -40.448909*    -9.805589*    -9.515797*    -9.515797*    -9.515797 
    -4.201291     -4.069192     -4.069192     -4.069192     -4.069192 

 ******* Iteration    1 ********
Forming HF Coulomb and exchange matrices ... done (0.00 s)
ADIIS weights
 1.00e+00 
CDIIS weights
 1.00e+00 
 DIIS weights
 1.00e+00 

Solving SCF equations ... done (0.00 s)
alpha: HOMO-LUMO gap is   42.38 eV. Energies of lowest lying states:
   -23.632107*    -0.674987*     0.133589*     0.224426*     0.224426*
     1.781766      1.868899      1.868899      2.183307      4.697784 
beta:  HOMO-LUMO gap is   10.55 eV. Energies of lowest lying states:
   -23.547171*    -0.499737*     0.263224*     0.263224*     0.650800 
     1.907601      1.907601      2.268678      2.655871      4.824999 

Dipole:	x		y		z		dipole change
	 0.00000000	-0.00000000	 0.00000000	 2.199434e-16
Energy:	electronic	total		virial		energy change
	-95.37489248	-95.37489248	 0.79861874	-95.3749
	kinetic		nuclear		Coulomb		Exchange
	 119.42481171	-267.51279272	 64.94236784	-12.22927932
Errors:	Max dens	RMS dens	DIIS
alpha	1.011152e+00	1.669971e-01	2.165631e+00
beta	1.063777e+00	1.520791e-01

Iteration took 0.00 s.

 ******* Iteration    2 ********
Forming HF Coulomb and exchange matrices ... done (0.00 s)
ADIIS weights
 6.00e-28  1.00e+00 
CDIIS weights
 3.28e-01  6.72e-01 
 DIIS weights
 6.00e-28  1.00e+00 

Solving SCF equations ... done (0.00 s)
alpha: HOMO-LUMO gap is   58.17 eV. Energies of lowest lying states:
   -27.506199*    -2.065435*    -1.192019*    -1.077284*    -1.077284*
     1.060465      1.118505      1.118505      1.429861      3.436121 
beta:  HOMO-LUMO gap is   18.93 eV. Energies of lowest lying states:
   -27.469038*    -1.872508*    -1.016603*    -1.016603*    -0.321096 
     1.136768      1.136768      1.192514      1.485030      3.548624 

Dipole:	x		y		z		dipole change
	 0.00000000	 0.00000000	-0.00000000	 1.780940e-17
Energy:	electronic	total		virial		energy change
	-98.90090228	-98.90090228	 1.05974878	-3.52601
	kinetic		nuclear		Coulomb		Exchange
	 93.32485627	-227.48544025	 44.60702414	-9.34734244
Errors:	Max dens	RMS dens	DIIS
alpha	2.789605e-01	4.834237e-02	9.822419e-01
beta	2.826710e-01	4.459804e-02

Iteration took 0.00 s.

 ******* Iteration    3 ********
Forming HF Coulomb and exchange matrices ... done (0.00 s)
ADIIS weights
 2.08e-17  5.13e-16  1.00e+00 
CDIIS weights
-8.82e-02  1.59e-01  9.29e-01 
 DIIS weights
 2.08e-17  5.13e-16  1.00e+00 

Solving SCF equations ... done (0.00 s)
alpha: HOMO-LUMO gap is   54.14 eV. Energies of lowest lying states:
   -26.011577*    -1.526944*    -0.694659*    -0.587933*    -0.587933*
     1.401637      1.472189      1.472189      1.809682      3.964257 
beta:  HOMO-LUMO gap is   20.20 eV. Energies of lowest lying states:
   -25.958829*    -1.335389*    -0.539266*    -0.539266*     0.203058 
     1.499096      1.499096      1.681939      1.870331      4.086160 

Dipole:	x		y		z		dipole change
	-0.00000000	-0.00000000	-0.00000000	-9.815986e-17
Energy:	electronic	total		virial		energy change
	-99.31497148	-99.31497148	 0.97617509	-0.414069
	kinetic		nuclear		Coulomb		Exchange
	 101.73889152	-242.66806470	 51.94458734	-10.33038564
Errors:	Max dens	RMS dens	DIIS
alpha	1.005563e-01	1.820820e-02	3.241715e-01
beta	1.018027e-01	1.676698e-02

Iteration took 0.00 s.

 ******* Iteration    4 ********
Forming HF Coulomb and exchange matrices ... done (0.00 s)
ADIIS weights
 1.12e-17  6.52e-16  5.07e-13  1.00e+00 
CDIIS weights
-8.65e-03 -4.79e-02  2.17e-01  8.40e-01 
 DIIS weights
 1.12e-17  6.52e-16  5.07e-13  1.00e+00 

Solving SCF equations ... done (0.00 s)
alpha: HOMO-LUMO gap is   55.74 eV. Energies of lowest lying states:
   -26.542389*    -1.711133*    -0.873087*    -0.763187*    -0.763187*
     1.285220      1.352128      1.352128      1.682712      3.780326 
beta:  HOMO-LUMO gap is   20.51 eV. Energies of lowest lying states:
   -26.495670*    -1.519464*    -0.711682*    -0.711682*     0.042172 
     1.375891      1.375891      1.491450      1.740686      3.899400 

Dipole:	x		y		z		dipole change
	 0.00000000	-0.00000000	-0.00000000	 9.117872e-17
Energy:	electronic	total		virial		energy change
	-99.36745932	-99.36745932	 1.00816958	-0.0524878
	kinetic		nuclear		Coulomb		Exchange
	 98.56224713	-237.21628055	 49.24423886	-9.95766476
Errors:	Max dens	RMS dens	DIIS
alpha	3.662871e-02	6.379598e-03	1.237761e-01
beta	3.745557e-02	5.884433e-03

Iteration took 0.00 s.

 ******* Iteration    5 ********
Forming HF Coulomb and exchange matrices ... done (0.00 s)
ADIIS weights
 2.34e-17  3.75e-15  2.80e-13  1.82e-11  1.00e+00 
CDIIS weights
-2.44e-04  1.51e-02 -1.10e-01 -2.24e-02  1.12e+00 
 DIIS weights
-1.54e-04  9.54e-03 -6.97e-02 -1.42e-02  1.07e+00 

Solving SCF equations ... done (0.00 s)
alpha: HOMO-LUMO gap is   55.27 eV. Energies of lowest lying states:
   -26.382559*    -1.654772*    -0.819791*    -0.710504*    -0.710504*
     1.320643      1.388812      1.388812      1.722446      3.836046 
beta:  HOMO-LUMO gap is   20.51 eV. Energies of lowest lying states:
   -26.334120*    -1.463251*    -0.660225*    -0.660225*     0.093500 
     1.413344      1.413344      1.547082      1.781094      3.956040 

Dipole:	x		y		z		dipole change
	 0.00000000	-0.00000000	-0.00000000	 1.940320e-17
Energy:	electronic	total		virial		energy change
	-99.37423948	-99.37423948	 0.99691246	-0.00678017
	kinetic		nuclear		Coulomb		Exchange
	 99.68201192	-239.17656106	 50.20972152	-10.08941185
Errors:	Max dens	RMS dens	DIIS
alpha	1.084607e-02	1.935051e-03	4.314229e-02
beta	1.085115e-02	1.773021e-03

Iteration took 0.00 s.

 ******* Iteration    6 ********
Forming HF Coulomb and exchange matrices ... done (0.00 s)
ADIIS weights
 4.85e-18  2.27e-13  5.22e-13  1.27e-11  3.79e-09  1.00e+00 
CDIIS weights
-1.80e-06 -1.18e-03  1.22e-02 -3.73e-02 -8.03e-02  1.11e+00 
 DIIS weights
-1.80e-06 -1.18e-03  1.22e-02 -3.73e-02 -8.03e-02  1.11e+00 

Solving SCF equations ... done (0.00 s)
alpha: HOMO-LUMO gap is   55.33 eV. Energies of lowest lying states:
   -26.400760*    -1.661005*    -0.825926*    -0.716512*    -0.716512*
     1.316646      1.384718      1.384718      1.718009      3.829732 
beta:  HOMO-LUMO gap is   20.52 eV. Energies of lowest lying states:
   -26.352544*    -1.469508*    -0.666198*    -0.666198*     0.087816 
     1.409117      1.409117      1.540688      1.776570      3.949610 

Dipole:	x		y		z		dipole change
	-0.00000000	 0.00000000	-0.00000000	-1.394489e-16
Energy:	electronic	total		virial		energy change
	-99.37522362	-99.37522362	 1.00031329	-0.000984137
	kinetic		nuclear		Coulomb		Exchange
	 99.34410003	-238.59080022	 49.92130497	-10.04982840
Errors:	Max dens	RMS dens	DIIS
alpha	1.216750e-03	2.143590e-04	5.663599e-03
beta	1.306523e-03	2.044126e-04

Iteration took 0.00 s.

 ******* Iteration    7 ********
Forming HF Coulomb and exchange matrices ... done (0.00 s)
ADIIS weights
 9.95e-18  1.40e-14  7.88e-13  7.10e-12  7.44e-10  9.04e-06  1.00e+00 
CDIIS weights
-9.42e-06 -1.48e-05  7.35e-04 -2.00e-03 -3.97e-03  5.29e-02  9.52e-01 
 DIIS weights
-9.42e-06 -1.48e-05  7.35e-04 -2.00e-03 -3.97e-03  5.29e-02  9.52e-01 

Solving SCF equations ... done (0.00 s)
alpha: HOMO-LUMO gap is   55.32 eV. Energies of lowest lying states:
   -26.400793*    -1.661023*    -0.825934*    -0.716509*    -0.716509*
     1.316630      1.384707      1.384707      1.718001      3.829716 
beta:  HOMO-LUMO gap is   20.52 eV. Energies of lowest lying states:
   -26.352585*    -1.469536*    -0.666214*    -0.666214*     0.087799 
     1.409090      1.409090      1.540671      1.776557      3.949589 

Dipole:	x		y		z		dipole change
	 0.00000000	-0.00000000	-0.00000000	-3.432715e-17
Energy:	electronic	total		virial		energy change
	-99.37524030	-99.37524030	 0.99992899	-1.66842e-05
	kinetic		nuclear		Coulomb		Exchange
	 99.38229751	-238.65740856	 49.95419511	-10.05432436
Errors:	Max dens	RMS dens	DIIS
alpha	8.024052e-06	1.090263e-06	1.692872e-05
beta	1.447573e-05	2.154208e-06

Iteration took 0.00 s.

 ******* Iteration    8 ********
Forming HF Coulomb and exchange matrices ... done (0.00 s)
ADIIS weights
 1.66e-17  4.49e-16  1.73e-14  8.11e-12  3.65e-11  5.49e-07  4.99e-01  5.01e-01 
CDIIS weights
-1.55e-05  1.05e-04 -1.60e-04  2.43e-03  1.06e-03 -8.20e-02  2.05e+00 -9.68e-01 
 DIIS weights
-1.55e-05  1.05e-04 -1.60e-04  2.43e-03  1.06e-03 -8.20e-02  2.05e+00 -9.68e-01 

Solving SCF equations ... done (0.00 s)
alpha: HOMO-LUMO gap is   55.32 eV. Energies of lowest lying states:
   -26.400801*    -1.661028*    -0.825937*    -0.716514*    -0.716514*
     1.316628      1.384703      1.384703      1.717999      3.829713 
beta:  HOMO-LUMO gap is   20.52 eV. Energies of lowest lying states:
   -26.352590*    -1.469537*    -0.666212*    -0.666212*     0.087797 
     1.409090      1.409090      1.540669      1.776557      3.949588 

Dipole:	x		y		z		dipole change
	 0.00000000	-0.00000000	-0.00000000	 2.054286e-16
Energy:	electronic	total		virial		energy change
	-99.37524030	-99.37524030	 0.99992789	-1.28668e-09
	kinetic		nuclear		Coulomb		Exchange
	 99.38240674	-238.65759937	 49.95428859	-10.05433625
Errors:	Max dens	RMS dens	DIIS
alpha	4.157520e-06	6.221170e-07	1.853652e-06
beta	3.341545e-06	4.740058e-07

Iteration took 0.00 s.

 ******* Iteration    9 ********
Forming HF Coulomb and exchange matrices ... done (0.00 s)
ADIIS weights
 3.46e-18  4.62e-18  3.32e-15  1.77e-13  2.82e-11  8.12e-07  3.32e-01  3.34e-01  3.34e-01 
CDIIS weights
-4.41e-06  4.62e-05 -2.24e-04  1.30e-03  1.41e-03 -4.15e-02  2.07e-01  4.18e+00 -3.35e+00 
 DIIS weights
-4.41e-06  4.62e-05 -2.24e-04  1.30e-03  1.41e-03 -4.15e-02  2.07e-01  4.18e+00 -3.35e+00 

Solving SCF equations ... done (0.00 s)
alpha: HOMO-LUMO gap is   55.32 eV. Energies of lowest lying states:
   -26.400788*    -1.661016*    -0.825931*    -0.716497*    -0.716497*
     1.316630      1.384712      1.384712      1.718002      3.829718 
beta:  HOMO-LUMO gap is   20.52 eV. Energies of lowest lying states:
   -26.352589*    -1.469543*    -0.666223*    -0.666223*     0.087799 
     1.409082      1.409082      1.540669      1.776554      3.949585 

Dipole:	x		y		z		dipole change
	 0.00000000	 0.00000000	-0.00000000	 2.115989e-18
Energy:	electronic	total		virial		energy change
	-99.37524030	-99.37524030	 0.99992771	 3.22046e-10
	kinetic		nuclear		Coulomb		Exchange
	 99.38242485	-238.65763006	 49.95430353	-10.05433862
Errors:	Max dens	RMS dens	DIIS
alpha	1.578549e-05	2.304742e-06	3.491520e-06
beta	1.565170e-05	2.258812e-06

Iteration took 0.00 s.

 ******* Iteration   10 ********
Forming HF Coulomb and exchange matrices ... done (0.00 s)
ADIIS weights
 8.75e-20  4.54e-17  1.78e-15  2.18e-13  5.09e-11  8.62e-07  2.50e-01  2.50e-01  2.50e-01  2.50e-01 
CDIIS weights
-3.37e-07  6.64e-06 -3.58e-05  9.17e-05  1.85e-04 -3.86e-03  5.06e-02 -7.05e-02 -1.82e-02  1.04e+00 
 DIIS weights
-3.37e-07  6.64e-06 -3.58e-05  9.17e-05  1.85e-04 -3.86e-03  5.06e-02 -7.05e-02 -1.82e-02  1.04e+00 

Solving SCF equations ... done (0.00 s)
alpha: HOMO-LUMO gap is   55.32 eV. Energies of lowest lying states:
   -26.400785*    -1.661014*    -0.825930*    -0.716496*    -0.716496*
     1.316631      1.384713      1.384713      1.718003      3.829719 
beta:  HOMO-LUMO gap is   20.52 eV. Energies of lowest lying states:
   -26.352586*    -1.469541*    -0.666223*    -0.666223*     0.087800 
     1.409082      1.409082      1.540670      1.776555      3.949586 

Dipole:	x		y		z		dipole change
	-0.00000000	-0.00000000	 0.00000000	-9.950669e-17
Energy:	electronic	total		virial		energy change
	-99.37524030	-99.37524030	 0.99992792	-7.66931e-10
	kinetic		nuclear		Coulomb		Exchange
	 99.38240347	-238.65759577	 49.95428700	-10.05433500
Errors:	Max dens	RMS dens	DIIS
alpha	3.695762e-07	6.513574e-08	1.129404e-06
beta	1.381213e-07	1.480403e-08

Iteration took 0.00 s.

 ******* Iteration   11 ********
Forming HF Coulomb and exchange matrices ... done (0.00 s)
ADIIS weights
 9.21e-18  3.87e-16  8.40e-13  3.97e-11  1.38e-09  2.00e-01  2.00e-01  2.00e-01  2.00e-01  2.00e-01 
CDIIS weights
 8.28e-08 -1.29e-07 -3.47e-06 -1.84e-06  5.17e-05  6.15e-03 -4.82e-02  2.88e-02 -9.24e-03  1.02e+00 
 DIIS weights
 8.28e-08 -1.29e-07 -3.47e-06 -1.84e-06  5.17e-05  6.15e-03 -4.82e-02  2.88e-02 -9.24e-03  1.02e+00 

Solving SCF equations ... done (0.00 s)
alpha: HOMO-LUMO gap is   55.32 eV. Energies of lowest lying states:
   -26.400785*    -1.661014*    -0.825930*    -0.716496*    -0.716496*
     1.316631      1.384713      1.384713      1.718003      3.829719 
beta:  HOMO-LUMO gap is   20.52 eV. Energies of lowest lying states:
   -26.352586*    -1.469541*    -0.666223*    -0.666223*     0.087800 
     1.409083      1.409083      1.540671      1.776555      3.949586 

Dipole:	x		y		z		dipole change
	-0.00000000	 0.00000000	-0.00000000	-3.275256e-17
Energy:	electronic	total		virial		energy change
	-99.37524030	-99.37524030	 0.99992799	-6.96332e-13
	kinetic		nuclear		Coulomb		Exchange
	 99.38239667	-238.65758416	 49.95428139	-10.05433421
Errors:	Max dens	RMS dens	DIIS
alpha	3.938658e-08	6.985051e-09	1.254251e-07
beta	2.424700e-08	2.555096e-09

Iteration took 0.00 s.

 ******* Iteration   12 ********
Forming HF Coulomb and exchange matrices ... done (0.00 s)
ADIIS weights
 3.15e-15  3.56e-14  9.25e-12  2.67e-09  1.66e-01  1.67e-01  1.67e-01  1.67e-01  1.67e-01  1.67e-01 
CDIIS weights
 2.72e-08 -2.21e-07 -2.78e-07  4.67e-06  3.42e-04 -2.59e-03 -2.76e-04  8.76e-03  3.11e-04  9.93e-01 
 DIIS weights
 2.72e-08 -2.21e-07 -2.78e-07  4.67e-06  3.42e-04 -2.59e-03 -2.76e-04  8.76e-03  3.11e-04  9.93e-01 

Solving SCF equations ... done (0.00 s)
alpha: HOMO-LUMO gap is   55.32 eV. Energies of lowest lying states:
   -26.400785*    -1.661014*    -0.825930*    -0.716496*    -0.716496*
     1.316631      1.384713      1.384713      1.718003      3.829719 
beta:  HOMO-LUMO gap is   20.52 eV. Energies of lowest lying states:
   -26.352586*    -1.469541*    -0.666223*    -0.666223*     0.087800 
     1.409083      1.409083      1.540671      1.776555      3.949586 

Dipole:	x		y		z		dipole change
	 0.00000000	 0.00000000	 0.00000000	 1.249584e-16
Energy:	electronic	total		virial		energy change
	-99.37524030	-99.37524030	 0.99992800	 1.42109e-14
	kinetic		nuclear		Coulomb		Exchange
	 99.38239585	-238.65758275	 49.95428071	-10.05433411
Errors:	Max dens	RMS dens	DIIS
alpha	2.884375e-08	4.131852e-09	3.884535e-09
beta	2.962148e-08	4.233753e-09

Iteration took 0.00 s.

 ******* Convergence achieved ********
Dipole moment is (0.000000,0.000000,0.000000) D, |mu|=0.000000 D.
Solution of UHF took 0.03 s.

Mulliken charges: alpha, beta, total (incl. nucleus)
   1 F           -5.000000       -4.000000        0.000000
Sum of Mulliken charges 3.552714e-15

Mulliken spin charges
   1 F            1.000000
Sum of Mulliken spin charges 1.000000e+00

Electron density at nuclei: alpha, beta, total
   1 F          214.857502      214.659887      429.517389

Running program took 0.05 s.
Current time is Fri 06 Feb 2015 05:51:02.
