Basis set cc-pVQZ found in file cc-pVQZ.gbs in /usr/share/erkale/basis/.


Current Settings used by ERKALE:
     AtomGuess      	                Auto	Method used for atomic guess (Auto for same as method)
     Basis          	             cc-pVQZ	Basis set used in calculation
     BasisCutoff    	           1.000e-08	Cutoff for dropping out small primitives from contraction
     BasisOrth      	                Auto	Method of orthonormalization of basis set
     BasisRotate    	                true	Rotate basis set to remove redundant functions?
     C1-DIIS        	               false	Use older version of DIIS (C1-DIIS instead of C2-DIIS)?
     Charge         	                   0	Total charge of system
     DIISEps        	           1.000e-01	Start mixing in DIIS when error is
     DIISOrder      	                  10	How many DIIS iterations to keep in memory?
     DIISThr        	           1.000e-02	DIIS error threshold for DIIS updates
     DecFock        	               false	Use decontracted basis to calculate Fock matrix (direct HF)
     Decontract     	                    	Indices of atoms to decontract basis set for
     DeltaEmax      	           1.000e-06	Maximum allowed change of energy
     DeltaPmax      	           1.000e-06	Maximum allowed maximum difference of density matrix
     DeltaPrms      	           1.000e-08	Maximum allowed RMS difference of density matrix
     DensityFitting 	               false	Use density fitting / RI?
     Direct         	               false	Calculate two-electron integrals (or density fitting) on-the-fly?
     EField         	         0.0 0.0 0.0	Electric field
     FittingBasis   	                Auto	Basis to use for density fitting / RI (Auto for automatic)
     FittingMemory  	                1000	Amount of memory in MB to use for exchange fitting
     FittingThreshold	           1.000e-08	Linear dependence threshold for Coulomb integrals in density fitting
     ForcePol       	               false	Force polarized calculation
     FreezeCore     	               false	Freeze the atomic cores?
     Guess          	                Core	Used guess: atomic (default), core, or GWH
     LineSearch     	               false	Do line search in level shift (EXPENSIVE!)
     LoadChk        	                    	File to load old results from
     Logfile        	            F_qz.log	File to print out full information, stdout for screen
     MaxIter        	                 100	Maximum number of iterations in SCF cycle
     Method         	                  HF	Method used in calculation (HF or a DFT functional)
     Multiplicity   	                   2	Spin multiplicity
     Occupancies    	                    	Orbital occupancies
     SaveChk        	            F_qz.chk	File to use as checkpoint
     ShPairThr      	           1.000e-14	Threshold for shell pair screening, (ij|ij)<thr
     Shift          	           0.000e+00	Level shift to use in Hartree
     StrictIntegrals	               false	Use strict integrals?
     System         	               F.xyz	System as an xyz file
     UseADIIS       	                true	Use ADIIS for Fock matrix interpolation?
     UseBroyden     	               false	Use Broyden mixing of Fock matrices?
     UseDIIS        	                true	Use Pulay's Direct Inversion in the Iterative Subspace?
     UseLM          	                true	Use a spherical harmonics basis set by default?
     UseTRDSM       	               false	Use Trust-Region DSM?
     UseTRRH        	               false	Use Trust-Region Roothaan-Hall?
     Verbose        	                true	Verbose calculation?

There are 15 shells and 1 nuclei in the basis set.

List of nuclei, geometry in Ångström with three decimal places:
		 Z	    x	    y	    z
1	F	 9	  0.000	  0.000	  0.000

List of basis functions:
Shell    1	S cart shell at nucleus   1 with with basis functions    1-1   
Shell    2	S cart shell at nucleus   1 with with basis functions    2-2   
Shell    3	S cart shell at nucleus   1 with with basis functions    3-3   
Shell    4	S cart shell at nucleus   1 with with basis functions    4-4   
Shell    5	S cart shell at nucleus   1 with with basis functions    5-5   
Shell    6	P cart shell at nucleus   1 with with basis functions    6-8   
Shell    7	P cart shell at nucleus   1 with with basis functions    9-11  
Shell    8	P cart shell at nucleus   1 with with basis functions   12-14  
Shell    9	P cart shell at nucleus   1 with with basis functions   15-17  
Shell   10	D  sph shell at nucleus   1 with with basis functions   18-22  
Shell   11	D  sph shell at nucleus   1 with with basis functions   23-27  
Shell   12	D  sph shell at nucleus   1 with with basis functions   28-32  
Shell   13	F  sph shell at nucleus   1 with with basis functions   33-39  
Shell   14	F  sph shell at nucleus   1 with with basis functions   40-46  
Shell   15	G  sph shell at nucleus   1 with with basis functions   47-55  

Basis set contains 55 functions, maximum angular momentum is 4.
Spherical harmonic Gaussians are used by default, there are 70 cartesians.

Forming overlap matrix ... done (0.00 s)
Forming kinetic energy matrix ... done (0.00 s)
Forming nuclear attraction matrix ... done (0.00 s)

Smallest eigenvalue of overlap matrix is 2.81e-02, ratio to largest is 9.33e-03.
Using symmetric orthogonalization.
Basis set diagonalized in 0.00 s.

Forming table of 9492560 ERIs, requiring 9 Mi 54 ki of memory ... done (0.04 s)

Initialization of computation done in 0.04 s.

alpha: HOMO-LUMO gap is  152.34 eV. Energies of lowest lying states:
   -40.494633*   -10.121371*   -10.121371*   -10.121371*   -10.089460*
    -4.491217     -4.491217     -4.491217     -4.487900     -4.487900 
beta:  HOMO-LUMO gap is    0.87 eV. Energies of lowest lying states:
   -40.494633*   -10.121371*   -10.121371*   -10.121371*   -10.089460 
    -4.491217     -4.491217     -4.491217     -4.487900     -4.487900 

 ******* Iteration    1 ********
Forming HF Coulomb and exchange matrices ... done (0.02 s)
ADIIS weights
 1.00e+00 
CDIIS weights
 1.00e+00 
 DIIS weights
 1.00e+00 

Solving SCF equations ... done (0.00 s)
alpha: HOMO-LUMO gap is   18.44 eV. Energies of lowest lying states:
   -20.762503*    -0.168387*     0.392412*     0.392412*     0.392412*
     1.070201      1.211569      1.211569      1.211569      1.881569 
beta:  HOMO-LUMO gap is    0.00 eV. Energies of lowest lying states:
   -20.592490*     0.254263*     0.423551*     0.423551*     0.423551 
     1.349671      1.349671      1.349671      1.532302      1.888741 

Dipole:	x		y		z		dipole change
	 0.00000000	-0.00000000	 0.00000000	 1.100349e-15
Energy:	electronic	total		virial		energy change
	-86.03867024	-86.03867024	 0.56846228	-86.0387
	kinetic		nuclear		Coulomb		Exchange
	 151.35334891	-303.16030105	 79.77005990	-14.00177800
Errors:	Max dens	RMS dens	DIIS
alpha	1.161620e+00	4.527820e-02	6.524096e+00
beta	1.630938e+00	4.809975e-02

Iteration took 0.02 s.

 ******* Iteration    2 ********
Forming HF Coulomb and exchange matrices ... done (0.02 s)
ADIIS weights
 2.27e-01  7.73e-01 
CDIIS weights
 9.97e-02  9.00e-01 
 DIIS weights
 2.27e-01  7.73e-01 

Solving SCF equations ... done (0.00 s)
alpha: HOMO-LUMO gap is   49.14 eV. Energies of lowest lying states:
   -28.430241*    -2.707255*    -1.681572*    -1.656950*    -1.656950*
     0.148943      0.182922      0.184840      0.184840      0.932994 
beta:  HOMO-LUMO gap is    3.98 eV. Energies of lowest lying states:
   -28.346020*    -2.159687*    -1.491262*    -1.491262*    -1.345180 
     0.169537      0.169537      0.183840      0.321862      0.985926 

Dipole:	x		y		z		dipole change
	-0.00000000	 0.00000000	 0.00000000	-3.311461e-16
Energy:	electronic	total		virial		energy change
	-92.73948339	-92.73948339	 1.18365001	-6.70081
	kinetic		nuclear		Coulomb		Exchange
	 78.35042680	-193.90261595	 30.33113252	-7.51842676
Errors:	Max dens	RMS dens	DIIS
alpha	9.588097e-01	3.606869e-02	1.852897e+00
beta	1.567448e+00	4.645126e-02

Iteration took 0.02 s.

 ******* Iteration    3 ********
Forming HF Coulomb and exchange matrices ... done (0.02 s)
ADIIS weights
 6.81e-28  1.45e-28  1.00e+00 
CDIIS weights
-7.89e-02  1.51e-01  9.28e-01 
 DIIS weights
 6.81e-28  1.45e-28  1.00e+00 

Solving SCF equations ... done (0.00 s)
alpha: HOMO-LUMO gap is   29.43 eV. Energies of lowest lying states:
   -25.257627*    -1.289590*    -0.470142*    -0.373760*    -0.373760*
     0.707718      0.739982      0.739982      0.833160      1.666221 
beta:  HOMO-LUMO gap is   16.38 eV. Energies of lowest lying states:
   -25.177430*    -1.088491*    -0.324868*    -0.324868*     0.277114 
     0.760207      0.760207      0.878133      1.012009      1.710020 

Dipole:	x		y		z		dipole change
	-0.00000000	 0.00000000	 0.00000000	-2.769443e-16
Energy:	electronic	total		virial		energy change
	-98.90272184	-98.90272184	 0.92700141	-6.16324
	kinetic		nuclear		Coulomb		Exchange
	 106.69101563	-250.51580634	 55.76422991	-10.84216105
Errors:	Max dens	RMS dens	DIIS
alpha	1.294890e-01	8.377559e-03	8.121656e-01
beta	1.086779e-01	7.223207e-03

Iteration took 0.02 s.

 ******* Iteration    4 ********
Forming HF Coulomb and exchange matrices ... done (0.02 s)
ADIIS weights
 3.94e-24  7.32e-22  5.46e-20  1.00e+00 
CDIIS weights
 2.61e-03 -6.46e-02  2.27e-01  8.35e-01 
 DIIS weights
 3.94e-24  7.32e-22  5.46e-20  1.00e+00 

Solving SCF equations ... done (0.00 s)
alpha: HOMO-LUMO gap is   40.75 eV. Energies of lowest lying states:
   -26.931370*    -1.864654*    -1.023192*    -0.912383*    -0.912383*
     0.585214      0.620389      0.620389      0.673517      1.457836 
beta:  HOMO-LUMO gap is   20.00 eV. Energies of lowest lying states:
   -26.884033*    -1.654933*    -0.845181*    -0.845181*    -0.110025 
     0.630328      0.630328      0.680562      0.704423      1.513492 

Dipole:	x		y		z		dipole change
	 0.00000000	 0.00000000	 0.00000000	-7.834737e-17
Energy:	electronic	total		virial		energy change
	-99.31809788	-99.31809788	 1.03313728	-0.415376
	kinetic		nuclear		Coulomb		Exchange
	 96.13252700	-233.03100662	 47.25889192	-9.67851019
Errors:	Max dens	RMS dens	DIIS
alpha	5.176156e-02	3.676280e-03	2.601620e-01
beta	6.308494e-02	3.863704e-03

Iteration took 0.02 s.

 ******* Iteration    5 ********
Forming HF Coulomb and exchange matrices ... done (0.02 s)
ADIIS weights
 7.66e-18  8.36e-18  3.47e-15  2.30e-14  1.00e+00 
CDIIS weights
-1.06e-03 -1.18e-02 -2.63e-02  3.06e-01  7.33e-01 
 DIIS weights
 7.66e-18  8.36e-18  3.47e-15  2.30e-14  1.00e+00 

Solving SCF equations ... done (0.00 s)
alpha: HOMO-LUMO gap is   35.69 eV. Energies of lowest lying states:
   -26.193214*    -1.601312*    -0.774895*    -0.665061*    -0.665061*
     0.646445      0.682945      0.682945      0.756610      1.560447 
beta:  HOMO-LUMO gap is   19.70 eV. Energies of lowest lying states:
   -26.140051*    -1.403639*    -0.611964*    -0.611964*     0.111925 
     0.696132      0.696132      0.787370      0.809071      1.612653 

Dipole:	x		y		z		dipole change
	 0.00000000	-0.00000000	-0.00000000	 2.623618e-16
Energy:	electronic	total		virial		energy change
	-99.39751641	-99.39751641	 0.98585742	-0.0794185
	kinetic		nuclear		Coulomb		Exchange
	 100.82341997	-240.97404428	 50.94370761	-10.19059970
Errors:	Max dens	RMS dens	DIIS
alpha	2.052648e-02	1.501500e-03	1.387607e-01
beta	1.898017e-02	1.324438e-03

Iteration took 0.02 s.

 ******* Iteration    6 ********
Forming HF Coulomb and exchange matrices ... done (0.02 s)
ADIIS weights
 3.06e-17  3.48e-17  1.62e-15  7.24e-14  1.85e-11  1.00e+00 
CDIIS weights
 5.53e-05 -5.96e-06 -3.70e-03 -6.44e-02  2.15e-01  8.53e-01 
 DIIS weights
 3.01e-05 -3.24e-06 -2.02e-03 -3.51e-02  1.17e-01  9.20e-01 

Solving SCF equations ... done (0.00 s)
alpha: HOMO-LUMO gap is   37.35 eV. Energies of lowest lying states:
   -26.446518*    -1.686217*    -0.857438*    -0.744519*    -0.744519*
     0.628064      0.664634      0.664634      0.731954      1.528814 
beta:  HOMO-LUMO gap is   20.08 eV. Energies of lowest lying states:
   -26.398075*    -1.489021*    -0.690429*    -0.690429*     0.047653 
     0.676203      0.676203      0.762021      0.762394      1.583024 

Dipole:	x		y		z		dipole change
	 0.00000000	-0.00000000	-0.00000000	-1.156236e-16
Energy:	electronic	total		virial		energy change
	-99.41100986	-99.41100986	 1.00576792	-0.0134935
	kinetic		nuclear		Coulomb		Exchange
	 98.84090382	-237.71168995	 49.44428380	-9.98450753
Errors:	Max dens	RMS dens	DIIS
alpha	6.054447e-03	4.966958e-04	5.100106e-02
beta	8.004533e-03	5.408689e-04

Iteration took 0.02 s.

 ******* Iteration    7 ********
Forming HF Coulomb and exchange matrices ... done (0.02 s)
ADIIS weights
 3.47e-19  3.18e-17  7.65e-17  1.03e-14  1.65e-14  3.75e-11  1.00e+00 
CDIIS weights
-6.92e-06  3.93e-06  1.50e-03  2.15e-02 -1.24e-01 -1.72e-01  1.27e+00 
 DIIS weights
-6.91e-06  3.93e-06  1.50e-03  2.15e-02 -1.24e-01 -1.71e-01  1.27e+00 

Solving SCF equations ... done (0.00 s)
alpha: HOMO-LUMO gap is   37.05 eV. Energies of lowest lying states:
   -26.405730*    -1.671531*    -0.843810*    -0.730553*    -0.730553*
     0.631188      0.667976      0.667976      0.736312      1.534117 
beta:  HOMO-LUMO gap is   20.06 eV. Energies of lowest lying states:
   -26.357438*    -1.475704*    -0.678349*    -0.678349*     0.059018 
     0.679314      0.679314      0.766257      0.769705      1.588409 

Dipole:	x		y		z		dipole change
	 0.00000000	-0.00000000	 0.00000000	 1.539338e-16
Energy:	electronic	total		virial		energy change
	-99.41367042	-99.41367042	 0.99890353	-0.00266055
	kinetic		nuclear		Coulomb		Exchange
	 99.52279452	-238.84832002	 49.96899355	-10.05713846
Errors:	Max dens	RMS dens	DIIS
alpha	1.205586e-03	9.879974e-05	1.002786e-02
beta	9.087788e-04	5.520531e-05

Iteration took 0.03 s.

 ******* Iteration    8 ********
Forming HF Coulomb and exchange matrices ... done (0.03 s)
ADIIS weights
 9.69e-18  1.94e-17  8.02e-16  2.05e-14  7.14e-13  5.00e-11  1.13e-07  1.00e+00 
CDIIS weights
-8.90e-06 -4.82e-05 -1.12e-03 -9.02e-03  8.23e-02  6.10e-02 -9.62e-01  1.83e+00 
 DIIS weights
-8.90e-06 -4.82e-05 -1.12e-03 -9.02e-03  8.23e-02  6.10e-02 -9.62e-01  1.83e+00 

Solving SCF equations ... done (0.00 s)
alpha: HOMO-LUMO gap is   37.04 eV. Energies of lowest lying states:
   -26.405530*    -1.671187*    -0.843654*    -0.730114*    -0.730114*
     0.631262      0.668101      0.668101      0.736323      1.534065 
beta:  HOMO-LUMO gap is   20.08 eV. Energies of lowest lying states:
   -26.357584*    -1.476052*    -0.678826*    -0.678826*     0.059021 
     0.679263      0.679263      0.766310      0.769685      1.588539 

Dipole:	x		y		z		dipole change
	-0.00000000	 0.00000000	 0.00000000	 7.643684e-16
Energy:	electronic	total		virial		energy change
	-99.41376939	-99.41376939	 0.99998386	-9.89772e-05
	kinetic		nuclear		Coulomb		Exchange
	 99.41537373	-238.67112941	 49.88790596	-10.04591967
Errors:	Max dens	RMS dens	DIIS
alpha	2.102290e-04	1.410432e-05	6.091495e-05
beta	2.175389e-04	1.313741e-05

Iteration took 0.03 s.

 ******* Iteration    9 ********
Forming HF Coulomb and exchange matrices ... done (0.02 s)
ADIIS weights
 8.49e-11  5.40e-15  5.72e-10  9.26e-10  4.18e-07  1.68e-05  6.55e-04  2.45e-03  9.97e-01 
CDIIS weights
 1.99e-08  9.77e-07  2.33e-04  7.94e-04 -9.94e-03 -1.11e-02  8.52e-02 -3.47e-01  1.28e+00 
 DIIS weights
 1.99e-08  9.77e-07  2.33e-04  7.94e-04 -9.94e-03 -1.11e-02  8.52e-02 -3.47e-01  1.28e+00 

Solving SCF equations ... done (0.00 s)
alpha: HOMO-LUMO gap is   37.04 eV. Energies of lowest lying states:
   -26.405560*    -1.671167*    -0.843625*    -0.730068*    -0.730068*
     0.631245      0.668096      0.668096      0.736306      1.534037 
beta:  HOMO-LUMO gap is   20.08 eV. Energies of lowest lying states:
   -26.357673*    -1.476108*    -0.678897*    -0.678897*     0.058992 
     0.679211      0.679211      0.766279      0.769656      1.588547 

Dipole:	x		y		z		dipole change
	-0.00000000	 0.00000000	 0.00000000	-6.855053e-16
Energy:	electronic	total		virial		energy change
	-99.41377013	-99.41377013	 0.99999238	-7.33478e-07
	kinetic		nuclear		Coulomb		Exchange
	 99.41452796	-238.66965915	 49.88711818	-10.04575712
Errors:	Max dens	RMS dens	DIIS
alpha	2.319838e-05	1.648220e-06	3.960462e-05
beta	5.156316e-05	3.104108e-06

Iteration took 0.03 s.

 ******* Iteration   10 ********
Forming HF Coulomb and exchange matrices ... done (0.02 s)
ADIIS weights
 1.05e-18  5.38e-17  3.54e-15  8.33e-14  5.44e-14  8.21e-11  4.02e-08  7.00e-05  5.44e-01  4.56e-01 
CDIIS weights
 6.57e-08 -2.38e-07 -2.23e-05 -4.14e-05  6.03e-04  1.71e-03  7.95e-04  4.51e-02 -1.40e-01  1.09e+00 
 DIIS weights
 6.57e-08 -2.38e-07 -2.23e-05 -4.14e-05  6.03e-04  1.71e-03  7.95e-04  4.51e-02 -1.40e-01  1.09e+00 

Solving SCF equations ... done (0.00 s)
alpha: HOMO-LUMO gap is   37.04 eV. Energies of lowest lying states:
   -26.405572*    -1.671187*    -0.843629*    -0.730095*    -0.730095*
     0.631246      0.668090      0.668090      0.736305      1.534041 
beta:  HOMO-LUMO gap is   20.08 eV. Energies of lowest lying states:
   -26.357663*    -1.476090*    -0.678873*    -0.678873*     0.058991 
     0.679219      0.679219      0.766280      0.769658      1.588540 

Dipole:	x		y		z		dipole change
	-0.00000000	 0.00000000	-0.00000000	-1.077541e-16
Energy:	electronic	total		virial		energy change
	-99.41377013	-99.41377013	 0.99998867	-3.25447e-09
	kinetic		nuclear		Coulomb		Exchange
	 99.41489631	-238.67036060	 49.88749697	-10.04580281
Errors:	Max dens	RMS dens	DIIS
alpha	1.208304e-05	8.063818e-07	1.798409e-06
beta	1.432457e-05	8.794510e-07

Iteration took 0.03 s.

 ******* Iteration   11 ********
Forming HF Coulomb and exchange matrices ... done (0.02 s)
ADIIS weights
 8.00e-17  1.44e-16  6.00e-14  1.34e-13  1.26e-10  6.20e-08  2.01e-04  3.42e-01  2.91e-01  3.66e-01 
CDIIS weights
 2.32e-07  3.51e-06  5.96e-06 -9.27e-05 -2.93e-04 -2.79e-04 -1.43e-04  1.43e-02 -3.01e-01  1.29e+00 
 DIIS weights
 2.32e-07  3.51e-06  5.96e-06 -9.27e-05 -2.93e-04 -2.79e-04 -1.43e-04  1.43e-02 -3.01e-01  1.29e+00 

Solving SCF equations ... done (0.00 s)
alpha: HOMO-LUMO gap is   37.04 eV. Energies of lowest lying states:
   -26.405576*    -1.671193*    -0.843631*    -0.730104*    -0.730104*
     0.631245      0.668088      0.668088      0.736305      1.534042 
beta:  HOMO-LUMO gap is   20.08 eV. Energies of lowest lying states:
   -26.357660*    -1.476085*    -0.678865*    -0.678865*     0.058990 
     0.679221      0.679221      0.766280      0.769658      1.588537 

Dipole:	x		y		z		dipole change
	-0.00000000	-0.00000000	 0.00000000	 5.176555e-16
Energy:	electronic	total		virial		energy change
	-99.41377013	-99.41377013	 0.99998864	-3.99439e-09
	kinetic		nuclear		Coulomb		Exchange
	 99.41489927	-238.67035574	 49.88749056	-10.04580423
Errors:	Max dens	RMS dens	DIIS
alpha	3.862341e-06	2.505270e-07	5.413792e-07
beta	4.312302e-06	2.607364e-07

Iteration took 0.03 s.

 ******* Iteration   12 ********
Forming HF Coulomb and exchange matrices ... done (0.02 s)
ADIIS weights
 1.23e-16  2.69e-14  7.98e-14  3.99e-13  2.77e-09  2.24e-05  2.50e-01  1.98e-01  2.69e-01  2.82e-01 
CDIIS weights
-2.51e-08  2.05e-06 -1.30e-05  2.04e-06  2.37e-04 -6.50e-04  2.28e-03  3.69e-02 -2.49e-01  1.21e+00 
 DIIS weights
-2.51e-08  2.05e-06 -1.30e-05  2.04e-06  2.37e-04 -6.50e-04  2.28e-03  3.69e-02 -2.49e-01  1.21e+00 

Solving SCF equations ... done (0.00 s)
alpha: HOMO-LUMO gap is   37.04 eV. Energies of lowest lying states:
   -26.405576*    -1.671193*    -0.843632*    -0.730105*    -0.730105*
     0.631245      0.668088      0.668088      0.736305      1.534042 
beta:  HOMO-LUMO gap is   20.08 eV. Energies of lowest lying states:
   -26.357660*    -1.476084*    -0.678864*    -0.678864*     0.058991 
     0.679221      0.679221      0.766280      0.769658      1.588537 

Dipole:	x		y		z		dipole change
	-0.00000000	-0.00000000	 0.00000000	-5.014007e-16
Energy:	electronic	total		virial		energy change
	-99.41377013	-99.41377013	 0.99998859	-2.73829e-10
	kinetic		nuclear		Coulomb		Exchange
	 99.41490492	-238.67036358	 49.88749406	-10.04580553
Errors:	Max dens	RMS dens	DIIS
alpha	3.809165e-07	2.416079e-08	1.296810e-07
beta	4.955555e-07	2.925564e-08

Iteration took 0.03 s.

 ******* Iteration   13 ********
Forming HF Coulomb and exchange matrices ... done (0.02 s)
ADIIS weights
 1.70e-15  3.91e-14  1.26e-12  1.77e-09  1.04e-06  1.98e-01  1.87e-01  2.03e-01  2.06e-01  2.06e-01 
CDIIS weights
-4.98e-07  2.53e-06  2.28e-06 -3.40e-05  1.72e-04 -5.51e-04 -7.70e-03  5.49e-02 -3.23e-01  1.28e+00 
 DIIS weights
-4.98e-07  2.53e-06  2.28e-06 -3.40e-05  1.72e-04 -5.51e-04 -7.70e-03  5.49e-02 -3.23e-01  1.28e+00 

Solving SCF equations ... done (0.00 s)
alpha: HOMO-LUMO gap is   37.04 eV. Energies of lowest lying states:
   -26.405576*    -1.671194*    -0.843632*    -0.730105*    -0.730105*
     0.631245      0.668088      0.668088      0.736305      1.534042 
beta:  HOMO-LUMO gap is   20.08 eV. Energies of lowest lying states:
   -26.357660*    -1.476084*    -0.678864*    -0.678864*     0.058991 
     0.679221      0.679221      0.766280      0.769658      1.588537 

Dipole:	x		y		z		dipole change
	 0.00000000	-0.00000000	 0.00000000	 3.076051e-16
Energy:	electronic	total		virial		energy change
	-99.41377013	-99.41377013	 0.99998859	-3.15481e-12
	kinetic		nuclear		Coulomb		Exchange
	 99.41490400	-238.67036165	 49.88749300	-10.04580548
Errors:	Max dens	RMS dens	DIIS
alpha	4.091202e-08	2.638741e-09	4.815147e-09
beta	5.190854e-08	2.998039e-09

Iteration took 0.03 s.

 ******* Iteration   14 ********
Forming HF Coulomb and exchange matrices ... done (0.02 s)
ADIIS weights
 6.04e-14  2.94e-12  1.15e-10  5.92e-07  1.67e-01  1.61e-01  1.67e-01  1.68e-01  1.68e-01  1.68e-01 
CDIIS weights
 3.24e-08 -1.29e-07 -1.09e-06  7.60e-06 -1.75e-05 -1.57e-05 -9.01e-06  1.85e-03 -3.60e-02  1.03e+00 
 DIIS weights
 3.24e-08 -1.29e-07 -1.09e-06  7.60e-06 -1.75e-05 -1.57e-05 -9.01e-06  1.85e-03 -3.60e-02  1.03e+00 

Solving SCF equations ... done (0.00 s)
alpha: HOMO-LUMO gap is   37.04 eV. Energies of lowest lying states:
   -26.405576*    -1.671194*    -0.843632*    -0.730105*    -0.730105*
     0.631245      0.668088      0.668088      0.736305      1.534042 
beta:  HOMO-LUMO gap is   20.08 eV. Energies of lowest lying states:
   -26.357660*    -1.476084*    -0.678864*    -0.678864*     0.058991 
     0.679221      0.679221      0.766280      0.769658      1.588537 

Dipole:	x		y		z		dipole change
	-0.00000000	-0.00000000	 0.00000000	-3.231893e-16
Energy:	electronic	total		virial		energy change
	-99.41377013	-99.41377013	 0.99998859	-1.13687e-13
	kinetic		nuclear		Coulomb		Exchange
	 99.41490399	-238.67036159	 49.88749295	-10.04580548
Errors:	Max dens	RMS dens	DIIS
alpha	2.219137e-09	1.441915e-10	1.140953e-09
beta	2.007532e-09	1.161077e-10

Iteration took 0.03 s.

 ******* Convergence achieved ********
Dipole moment is (-0.000000,-0.000000,0.000000) D, |mu|=0.000000 D.
Solution of UHF took 0.39 s.

Mulliken charges: alpha, beta, total (incl. nucleus)
   1 F           -5.000000       -4.000000       -0.000000
Sum of Mulliken charges -2.131628e-14

Mulliken spin charges
   1 F            1.000000
Sum of Mulliken spin charges 1.000000e+00

Electron density at nuclei: alpha, beta, total
   1 F          219.973073      219.938731      439.911804

Running program took 0.45 s.
Current time is Fri 06 Feb 2015 05:51:07.
