Basis set cc-pVQZ found in file cc-pVQZ.gbs in /usr/share/erkale/basis/.


Current Settings used by ERKALE:
     AtomGuess      	                Auto	Method used for atomic guess (Auto for same as method)
     Basis          	             cc-pVQZ	Basis set used in calculation
     BasisCutoff    	           1.000e-08	Cutoff for dropping out small primitives from contraction
     BasisOrth      	                Auto	Method of orthonormalization of basis set
     BasisRotate    	                true	Rotate basis set to remove redundant functions?
     C1-DIIS        	               false	Use older version of DIIS (C1-DIIS instead of C2-DIIS)?
     Charge         	                   0	Total charge of system
     DIISEps        	           1.000e-01	Start mixing in DIIS when error is
     DIISOrder      	                  10	How many DIIS iterations to keep in memory?
     DIISThr        	           1.000e-02	DIIS error threshold for DIIS updates
     DecFock        	               false	Use decontracted basis to calculate Fock matrix (direct HF)
     Decontract     	                    	Indices of atoms to decontract basis set for
     DeltaEmax      	           1.000e-06	Maximum allowed change of energy
     DeltaPmax      	           1.000e-06	Maximum allowed maximum difference of density matrix
     DeltaPrms      	           1.000e-08	Maximum allowed RMS difference of density matrix
     DensityFitting 	               false	Use density fitting / RI?
     Direct         	               false	Calculate two-electron integrals (or density fitting) on-the-fly?
     EField         	         0.0 0.0 0.0	Electric field
     FittingBasis   	                Auto	Basis to use for density fitting / RI (Auto for automatic)
     FittingMemory  	                1000	Amount of memory in MB to use for exchange fitting
     FittingThreshold	           1.000e-08	Linear dependence threshold for Coulomb integrals in density fitting
     ForcePol       	               false	Force polarized calculation
     FreezeCore     	               false	Freeze the atomic cores?
     Guess          	                Core	Used guess: atomic (default), core, or GWH
     LineSearch     	               false	Do line search in level shift (EXPENSIVE!)
     LoadChk        	                    	File to load old results from
     Logfile        	       F_qz_cart.log	File to print out full information, stdout for screen
     MaxIter        	                 100	Maximum number of iterations in SCF cycle
     Method         	                  HF	Method used in calculation (HF or a DFT functional)
     Multiplicity   	                   2	Spin multiplicity
     Occupancies    	                    	Orbital occupancies
     SaveChk        	       F_qz_cart.chk	File to use as checkpoint
     ShPairThr      	           1.000e-14	Threshold for shell pair screening, (ij|ij)<thr
     Shift          	           0.000e+00	Level shift to use in Hartree
     StrictIntegrals	               false	Use strict integrals?
     System         	               F.xyz	System as an xyz file
     UseADIIS       	                true	Use ADIIS for Fock matrix interpolation?
     UseBroyden     	               false	Use Broyden mixing of Fock matrices?
     UseDIIS        	                true	Use Pulay's Direct Inversion in the Iterative Subspace?
     UseLM          	               false	Use a spherical harmonics basis set by default?
     UseTRDSM       	               false	Use Trust-Region DSM?
     UseTRRH        	               false	Use Trust-Region Roothaan-Hall?
     Verbose        	                true	Verbose calculation?

There are 15 shells and 1 nuclei in the basis set.

List of nuclei, geometry in Ångström with three decimal places:
		 Z	    x	    y	    z
1	F	 9	  0.000	  0.000	  0.000

List of basis functions:
Shell    1	S cart shell at nucleus   1 with with basis functions    1-1   
Shell    2	S cart shell at nucleus   1 with with basis functions    2-2   
Shell    3	S cart shell at nucleus   1 with with basis functions    3-3   
Shell    4	S cart shell at nucleus   1 with with basis functions    4-4   
Shell    5	S cart shell at nucleus   1 with with basis functions    5-5   
Shell    6	P cart shell at nucleus   1 with with basis functions    6-8   
Shell    7	P cart shell at nucleus   1 with with basis functions    9-11  
Shell    8	P cart shell at nucleus   1 with with basis functions   12-14  
Shell    9	P cart shell at nucleus   1 with with basis functions   15-17  
Shell   10	D cart shell at nucleus   1 with with basis functions   18-23  
Shell   11	D cart shell at nucleus   1 with with basis functions   24-29  
Shell   12	D cart shell at nucleus   1 with with basis functions   30-35  
Shell   13	F cart shell at nucleus   1 with with basis functions   36-45  
Shell   14	F cart shell at nucleus   1 with with basis functions   46-55  
Shell   15	G cart shell at nucleus   1 with with basis functions   56-70  

Basis set contains 70 functions, maximum angular momentum is 4.
Cartesian Gaussians are used by default.

Forming overlap matrix ... done (0.00 s)
Forming kinetic energy matrix ... done (0.00 s)
Forming nuclear attraction matrix ... done (0.00 s)

Smallest eigenvalue of overlap matrix is 3.67e-04, ratio to largest is 4.68e-05.
Using symmetric orthogonalization.
Basis set diagonalized in 0.00 s.

Forming table of 24710840 ERIs, requiring 23 Mi 579 ki of memory ... done (0.05 s)

Initialization of computation done in 0.06 s.

alpha: HOMO-LUMO gap is  152.99 eV. Energies of lowest lying states:
   -40.499262*   -10.123930*   -10.122005*   -10.122005*   -10.122005*
    -4.499647     -4.491227     -4.491227     -4.491227     -4.488980 
beta:  HOMO-LUMO gap is    0.00 eV. Energies of lowest lying states:
   -40.499262*   -10.123930*   -10.122005*   -10.122005*   -10.122005 
    -4.499647     -4.491227     -4.491227     -4.491227     -4.488980 

 ******* Iteration    1 ********
Forming HF Coulomb and exchange matrices ... done (0.08 s)
ADIIS weights
 1.00e+00 
CDIIS weights
 1.00e+00 
 DIIS weights
 1.00e+00 

Solving SCF equations ... done (0.00 s)
alpha: HOMO-LUMO gap is    7.25 eV. Energies of lowest lying states:
   -21.014929*    -0.197396*     0.341600*     0.365957*     0.365957*
     0.632213      0.962841      1.028517      1.028517      1.864444 
beta:  HOMO-LUMO gap is    1.23 eV. Energies of lowest lying states:
   -20.838129*    -0.105364*     0.372489*     0.372489*     0.417674 
     0.670463      1.056105      1.056105      1.374360      1.873272 

Dipole:	x		y		z		dipole change
	-0.00000000	 0.00000000	-0.00000000	 3.686047e-14
Energy:	electronic	total		virial		energy change
	-87.68262479	-87.68262479	 0.57707525	-87.6826
	kinetic		nuclear		Coulomb		Exchange
	 151.94313876	-303.79954971	 78.40871024	-14.23492407
Errors:	Max dens	RMS dens	DIIS
alpha	3.173234e+00	1.459924e-01	4.373871e+00
beta	3.396327e+00	1.364979e-01

Iteration took 0.08 s.

 ******* Iteration    2 ********
Forming HF Coulomb and exchange matrices ... done (0.08 s)
ADIIS weights
 2.51e-01  7.49e-01 
CDIIS weights
 1.04e-01  8.96e-01 
 DIIS weights
 2.51e-01  7.49e-01 

Solving SCF equations ... done (0.00 s)
alpha: HOMO-LUMO gap is   43.19 eV. Energies of lowest lying states:
   -28.151486*    -2.602843*    -1.616101*    -1.525918*    -1.525918*
     0.061437      0.123125      0.150832      0.150832      0.933972 
beta:  HOMO-LUMO gap is   10.72 eV. Energies of lowest lying states:
   -28.104844*    -2.461083*    -1.477960*    -1.477960*    -1.084082 
     0.100748      0.159006      0.159006      0.321228      0.984846 

Dipole:	x		y		z		dipole change
	-0.00000000	 0.00000000	-0.00000000	 8.384553e-15
Energy:	electronic	total		virial		energy change
	-93.27232991	-93.27232991	 1.17071252	-5.58971
	kinetic		nuclear		Coulomb		Exchange
	 79.67142090	-195.78859853	 30.32422807	-7.47938036
Errors:	Max dens	RMS dens	DIIS
alpha	3.122967e+00	1.404917e-01	1.137422e+00
beta	3.345960e+00	1.305204e-01

Iteration took 0.08 s.

 ******* Iteration    3 ********
Forming HF Coulomb and exchange matrices ... done (0.08 s)
ADIIS weights
 2.50e-18  1.84e-16  1.00e+00 
CDIIS weights
-8.08e-02  1.46e-01  9.35e-01 
 DIIS weights
 2.50e-18  1.84e-16  1.00e+00 

Solving SCF equations ... done (0.00 s)
alpha: HOMO-LUMO gap is   24.18 eV. Energies of lowest lying states:
   -25.294119*    -1.296149*    -0.479863*    -0.380387*    -0.380387*
     0.508315      0.600807      0.627744      0.627744      1.658373 
beta:  HOMO-LUMO gap is   16.33 eV. Energies of lowest lying states:
   -25.233103*    -1.109510*    -0.336805*    -0.336805*     0.263269 
     0.525126      0.637541      0.637541      0.855388      1.707094 

Dipole:	x		y		z		dipole change
	-0.00000000	 0.00000000	-0.00000000	-2.809313e-14
Energy:	electronic	total		virial		energy change
	-98.94284010	-98.94284010	 0.92956724	-5.67051
	kinetic		nuclear		Coulomb		Exchange
	 106.43968068	-250.12669366	 55.56407964	-10.81990675
Errors:	Max dens	RMS dens	DIIS
alpha	1.328363e-01	6.254079e-03	4.491347e-01
beta	1.328104e-01	5.749356e-03

Iteration took 0.08 s.

 ******* Iteration    4 ********
Forming HF Coulomb and exchange matrices ... done (0.08 s)
ADIIS weights
 2.04e-20  9.61e-19  7.89e-15  1.00e+00 
CDIIS weights
 4.35e-03 -5.86e-02  2.29e-01  8.25e-01 
 DIIS weights
 2.04e-20  9.61e-19  7.89e-15  1.00e+00 

Solving SCF equations ... done (0.00 s)
alpha: HOMO-LUMO gap is   36.07 eV. Energies of lowest lying states:
   -26.914968*    -1.855305*    -1.016035*    -0.901604*    -0.901604*
     0.423793      0.510270      0.539194      0.539194      1.455351 
beta:  HOMO-LUMO gap is   20.13 eV. Energies of lowest lying states:
   -26.874441*    -1.660779*    -0.847014*    -0.847014*    -0.107362 
     0.441643      0.546129      0.546129      0.587996      1.513836 

Dipole:	x		y		z		dipole change
	-0.00000000	 0.00000000	-0.00000000	-7.606738e-15
Energy:	electronic	total		virial		energy change
	-99.32423458	-99.32423458	 1.03182354	-0.381394
	kinetic		nuclear		Coulomb		Exchange
	 96.26087265	-233.21786014	 47.31886744	-9.68611453
Errors:	Max dens	RMS dens	DIIS
alpha	6.508488e-02	3.706967e-03	2.140018e-01
beta	7.372048e-02	3.699637e-03

Iteration took 0.08 s.

 ******* Iteration    5 ********
Forming HF Coulomb and exchange matrices ... done (0.08 s)
ADIIS weights
 1.55e-18  1.23e-16  1.14e-16  2.94e-13  1.00e+00 
CDIIS weights
-1.36e-03 -9.83e-03 -3.23e-02  2.92e-01  7.52e-01 
 DIIS weights
-2.01e-04 -1.45e-03 -4.76e-03  4.29e-02  9.63e-01 

Solving SCF equations ... done (0.00 s)
alpha: HOMO-LUMO gap is   31.10 eV. Energies of lowest lying states:
   -26.227707*    -1.611633*    -0.785542*    -0.674253*    -0.674253*
     0.468756      0.554629      0.583839      0.583839      1.552790 
beta:  HOMO-LUMO gap is   19.74 eV. Energies of lowest lying states:
   -26.178191*    -1.418421*    -0.625407*    -0.625407*     0.100034 
     0.484950      0.592585      0.592585      0.686300      1.606877 

Dipole:	x		y		z		dipole change
	-0.00000000	 0.00000000	-0.00000000	-3.744569e-15
Energy:	electronic	total		virial		energy change
	-99.39844642	-99.39844642	 0.98618198	-0.0742118
	kinetic		nuclear		Coulomb		Exchange
	 100.79118124	-240.91557897	 50.91199596	-10.18604465
Errors:	Max dens	RMS dens	DIIS
alpha	1.710732e-02	1.080508e-03	8.674421e-02
beta	1.901912e-02	1.055684e-03

Iteration took 0.08 s.

 ******* Iteration    6 ********
Forming HF Coulomb and exchange matrices ... done (0.08 s)
ADIIS weights
 4.27e-17  1.88e-21  4.11e-15  1.08e-15  1.32e-11  1.00e+00 
CDIIS weights
 1.60e-04  7.05e-04 -2.04e-03 -8.27e-02  1.50e-01  9.34e-01 
 DIIS weights
 1.24e-04  5.45e-04 -1.58e-03 -6.39e-02  1.16e-01  9.49e-01 

Solving SCF equations ... done (0.00 s)
alpha: HOMO-LUMO gap is   32.50 eV. Energies of lowest lying states:
   -26.423277*    -1.677401*    -0.849327*    -0.735809*    -0.735809*
     0.458647      0.543848      0.573185      0.573185      1.528832 
beta:  HOMO-LUMO gap is   20.04 eV. Energies of lowest lying states:
   -26.376163*    -1.482776*    -0.684941*    -0.684941*     0.051646 
     0.474921      0.581501      0.581501      0.656848      1.583995 

Dipole:	x		y		z		dipole change
	-0.00000000	 0.00000000	-0.00000000	-4.650348e-15
Energy:	electronic	total		virial		energy change
	-99.41186633	-99.41186633	 1.00483149	-0.0134199
	kinetic		nuclear		Coulomb		Exchange
	 98.93386872	-237.86331444	 49.51092289	-9.99334350
Errors:	Max dens	RMS dens	DIIS
alpha	5.884817e-03	3.867054e-04	3.043198e-02
beta	6.683661e-03	3.754996e-04

Iteration took 0.08 s.

 ******* Iteration    7 ********
Forming HF Coulomb and exchange matrices ... done (0.08 s)
ADIIS weights
 4.55e-18  2.26e-18  6.73e-17  5.86e-16  1.20e-13  8.72e-14  1.00e+00 
CDIIS weights
-7.36e-06  4.98e-05  6.87e-04  1.60e-02 -7.27e-02 -1.81e-01  1.24e+00 
 DIIS weights
-7.36e-06  4.98e-05  6.87e-04  1.60e-02 -7.27e-02 -1.81e-01  1.24e+00 

Solving SCF equations ... done (0.00 s)
alpha: HOMO-LUMO gap is   32.38 eV. Energies of lowest lying states:
   -26.405622*    -1.671247*    -0.843644*    -0.730083*    -0.730083*
     0.459768      0.544849      0.574215      0.574215      1.531353 
beta:  HOMO-LUMO gap is   20.02 eV. Energies of lowest lying states:
   -26.358094*    -1.476337*    -0.679081*    -0.679081*     0.056653 
     0.475997      0.582650      0.582650      0.659626      1.586281 

Dipole:	x		y		z		dipole change
	 0.00000000	 0.00000000	 0.00000000	 3.111269e-15
Energy:	electronic	total		virial		energy change
	-99.41379814	-99.41379814	 0.99949720	-0.00193182
	kinetic		nuclear		Coulomb		Exchange
	 99.46380819	-238.74959425	 49.92257033	-10.05058241
Errors:	Max dens	RMS dens	DIIS
alpha	3.864267e-04	2.397097e-05	2.947322e-03
beta	5.876061e-04	3.315316e-05

Iteration took 0.08 s.

 ******* Iteration    8 ********
Forming HF Coulomb and exchange matrices ... done (0.08 s)
ADIIS weights
 3.18e-17  3.37e-21  2.91e-15  1.04e-14  6.27e-14  7.61e-12  2.51e-07  1.00e+00 
CDIIS weights
-3.52e-06 -4.36e-05 -4.71e-04 -5.05e-03  3.77e-02  6.61e-02 -7.15e-01  1.62e+00 
 DIIS weights
-3.52e-06 -4.36e-05 -4.71e-04 -5.05e-03  3.77e-02  6.61e-02 -7.15e-01  1.62e+00 

Solving SCF equations ... done (0.00 s)
alpha: HOMO-LUMO gap is   32.38 eV. Energies of lowest lying states:
   -26.405524*    -1.671289*    -0.843729*    -0.730163*    -0.730163*
     0.459804      0.544883      0.574254      0.574254      1.531407 
beta:  HOMO-LUMO gap is   20.02 eV. Energies of lowest lying states:
   -26.357887*    -1.476172*    -0.678926*    -0.678926*     0.056711 
     0.476022      0.582728      0.582728      0.659672      1.586277 

Dipole:	x		y		z		dipole change
	 0.00000000	 0.00000000	 0.00000000	 7.796524e-16
Energy:	electronic	total		virial		energy change
	-99.41381736	-99.41381736	 0.99997176	-1.92193e-05
	kinetic		nuclear		Coulomb		Exchange
	 99.41662484	-238.67183812	 49.88714050	-10.04574458
Errors:	Max dens	RMS dens	DIIS
alpha	6.026748e-05	2.296532e-06	6.021827e-05
beta	1.473245e-04	6.286791e-06

Iteration took 0.08 s.

 ******* Iteration    9 ********
Forming HF Coulomb and exchange matrices ... done (0.08 s)
ADIIS weights
 4.93e-17  9.22e-16  7.07e-14  2.81e-12  1.13e-10  5.97e-09  1.26e-05  4.64e-01  5.36e-01 
CDIIS weights
 6.58e-07 -1.88e-06  1.36e-04  4.81e-04 -5.74e-03 -9.38e-03  9.43e-02 -2.79e-01  1.20e+00 
 DIIS weights
 6.58e-07 -1.88e-06  1.36e-04  4.81e-04 -5.74e-03 -9.38e-03  9.43e-02 -2.79e-01  1.20e+00 

Solving SCF equations ... done (0.00 s)
alpha: HOMO-LUMO gap is   32.38 eV. Energies of lowest lying states:
   -26.405586*    -1.671330*    -0.843751*    -0.730197*    -0.730197*
     0.459793      0.544863      0.574232      0.574232      1.531396 
beta:  HOMO-LUMO gap is   20.02 eV. Energies of lowest lying states:
   -26.357931*    -1.476184*    -0.678916*    -0.678916*     0.056689 
     0.476009      0.582716      0.582716      0.659660      1.586256 

Dipole:	x		y		z		dipole change
	 0.00000000	 0.00000000	 0.00000000	 1.907711e-16
Energy:	electronic	total		virial		energy change
	-99.41381745	-99.41381745	 0.99998184	-8.86634e-08
	kinetic		nuclear		Coulomb		Exchange
	 99.41562309	-238.66992780	 49.88609579	-10.04560853
Errors:	Max dens	RMS dens	DIIS
alpha	3.210651e-05	1.340959e-06	2.024919e-05
beta	1.260143e-05	4.334371e-07

Iteration took 0.08 s.

 ******* Iteration   10 ********
Forming HF Coulomb and exchange matrices ... done (0.08 s)
ADIIS weights
 1.33e-12  5.32e-13  4.76e-11  1.18e-09  2.12e-07  1.56e-08  5.32e-04  1.99e-02  5.08e-01  4.71e-01 
CDIIS weights
-1.16e-07 -3.09e-07 -1.42e-05 -2.75e-05  5.78e-04  8.77e-04 -8.64e-03  8.58e-03 -1.79e-01  1.18e+00 
 DIIS weights
-1.16e-07 -3.09e-07 -1.42e-05 -2.75e-05  5.78e-04  8.77e-04 -8.64e-03  8.58e-03 -1.79e-01  1.18e+00 

Solving SCF equations ... done (0.00 s)
alpha: HOMO-LUMO gap is   32.38 eV. Energies of lowest lying states:
   -26.405594*    -1.671338*    -0.843755*    -0.730207*    -0.730207*
     0.459793      0.544862      0.574231      0.574231      1.531397 
beta:  HOMO-LUMO gap is   20.02 eV. Energies of lowest lying states:
   -26.357932*    -1.476180*    -0.678908*    -0.678908*     0.056687 
     0.476008      0.582717      0.582717      0.659659      1.586253 

Dipole:	x		y		z		dipole change
	 0.00000000	 0.00000000	 0.00000000	-1.962527e-16
Energy:	electronic	total		virial		energy change
	-99.41381746	-99.41381746	 0.99997816	-5.79806e-09
	kinetic		nuclear		Coulomb		Exchange
	 99.41598826	-238.67058356	 49.88643873	-10.04566089
Errors:	Max dens	RMS dens	DIIS
alpha	4.019624e-06	2.201130e-07	1.019375e-06
beta	5.711000e-06	2.657591e-07

Iteration took 0.09 s.

 ******* Iteration   11 ********
Forming HF Coulomb and exchange matrices ... done (0.08 s)
ADIIS weights
 1.80e-17  5.41e-17  5.89e-14  6.87e-13  5.00e-11  1.07e-07  2.04e-04  3.01e-01  3.55e-01  3.43e-01 
CDIIS weights
 1.42e-07  4.02e-06  9.56e-06 -1.49e-04 -2.93e-04  1.69e-03 -1.91e-03  4.00e-02 -4.44e-01  1.40e+00 
 DIIS weights
 1.42e-07  4.02e-06  9.56e-06 -1.49e-04 -2.93e-04  1.69e-03 -1.91e-03  4.00e-02 -4.44e-01  1.40e+00 

Solving SCF equations ... done (0.00 s)
alpha: HOMO-LUMO gap is   32.38 eV. Energies of lowest lying states:
   -26.405595*    -1.671341*    -0.843756*    -0.730211*    -0.730211*
     0.459794      0.544862      0.574230      0.574230      1.531397 
beta:  HOMO-LUMO gap is   20.02 eV. Energies of lowest lying states:
   -26.357931*    -1.476178*    -0.678905*    -0.678905*     0.056687 
     0.476008      0.582718      0.582718      0.659659      1.586252 

Dipole:	x		y		z		dipole change
	 0.00000000	 0.00000000	 0.00000000	-1.755877e-15
Energy:	electronic	total		virial		energy change
	-99.41381746	-99.41381746	 0.99997802	-4.96073e-10
	kinetic		nuclear		Coulomb		Exchange
	 99.41600281	-238.67060353	 49.88644603	-10.04566277
Errors:	Max dens	RMS dens	DIIS
alpha	1.719168e-06	9.091174e-08	1.615236e-07
beta	1.914833e-06	9.380319e-08

Iteration took 0.09 s.

 ******* Iteration   12 ********
Forming HF Coulomb and exchange matrices ... done (0.08 s)
ADIIS weights
 4.83e-16  7.84e-15  1.73e-14  2.26e-11  2.13e-08  8.31e-04  1.96e-01  2.75e-01  2.68e-01  2.60e-01 
CDIIS weights
-5.02e-07 -1.81e-07  1.22e-05  2.27e-05 -9.42e-05 -1.01e-03 -3.53e-03  8.08e-02 -4.78e-01  1.40e+00 
 DIIS weights
-5.02e-07 -1.81e-07  1.22e-05  2.27e-05 -9.42e-05 -1.01e-03 -3.53e-03  8.08e-02 -4.78e-01  1.40e+00 

Solving SCF equations ... done (0.00 s)
alpha: HOMO-LUMO gap is   32.38 eV. Energies of lowest lying states:
   -26.405595*    -1.671341*    -0.843756*    -0.730212*    -0.730212*
     0.459794      0.544862      0.574230      0.574230      1.531397 
beta:  HOMO-LUMO gap is   20.02 eV. Energies of lowest lying states:
   -26.357931*    -1.476177*    -0.678904*    -0.678904*     0.056687 
     0.476008      0.582718      0.582718      0.659660      1.586252 

Dipole:	x		y		z		dipole change
	 0.00000000	 0.00000000	 0.00000000	 2.373574e-15
Energy:	electronic	total		virial		energy change
	-99.41381746	-99.41381746	 0.99997798	-6.01545e-11
	kinetic		nuclear		Coulomb		Exchange
	 99.41600638	-238.67060893	 49.88644855	-10.04566346
Errors:	Max dens	RMS dens	DIIS
alpha	4.560517e-07	2.367824e-08	4.746293e-08
beta	5.829698e-07	2.954256e-08

Iteration took 0.09 s.

 ******* Iteration   13 ********
Forming HF Coulomb and exchange matrices ... done (0.08 s)
ADIIS weights
 1.22e-14  1.21e-14  1.82e-12  1.30e-08  4.59e-05  1.96e-01  2.05e-01  2.01e-01  1.99e-01  1.98e-01 
CDIIS weights
-3.84e-08  2.02e-07  4.61e-07 -4.21e-06  3.55e-05 -1.10e-04 -9.13e-04  7.49e-03 -6.76e-02  1.06e+00 
 DIIS weights
-3.84e-08  2.02e-07  4.61e-07 -4.21e-06  3.55e-05 -1.10e-04 -9.13e-04  7.49e-03 -6.76e-02  1.06e+00 

Solving SCF equations ... done (0.00 s)
alpha: HOMO-LUMO gap is   32.38 eV. Energies of lowest lying states:
   -26.405595*    -1.671341*    -0.843756*    -0.730212*    -0.730212*
     0.459794      0.544862      0.574230      0.574230      1.531397 
beta:  HOMO-LUMO gap is   20.02 eV. Energies of lowest lying states:
   -26.357931*    -1.476177*    -0.678904*    -0.678904*     0.056687 
     0.476008      0.582718      0.582718      0.659660      1.586252 

Dipole:	x		y		z		dipole change
	 0.00000000	 0.00000000	 0.00000000	-1.030085e-15
Energy:	electronic	total		virial		energy change
	-99.41381746	-99.41381746	 0.99997799	-3.21165e-12
	kinetic		nuclear		Coulomb		Exchange
	 99.41600588	-238.67060770	 49.88644782	-10.04566346
Errors:	Max dens	RMS dens	DIIS
alpha	2.116577e-08	1.109773e-09	1.213036e-09
beta	2.597190e-08	1.331930e-09

Iteration took 0.08 s.

 ******* Iteration   14 ********
Forming HF Coulomb and exchange matrices ... done (0.08 s)
ADIIS weights
 1.29e-14  8.13e-12  3.33e-10  2.83e-04  1.61e-01  1.71e-01  1.68e-01  1.67e-01  1.66e-01  1.66e-01 
CDIIS weights
 6.26e-09 -1.64e-08 -3.39e-07 -1.05e-06 -5.29e-06  1.60e-05  1.14e-04  3.08e-04 -2.04e-02  1.02e+00 
 DIIS weights
 6.26e-09 -1.64e-08 -3.39e-07 -1.05e-06 -5.29e-06  1.60e-05  1.14e-04  3.08e-04 -2.04e-02  1.02e+00 

Solving SCF equations ... done (0.00 s)
alpha: HOMO-LUMO gap is   32.38 eV. Energies of lowest lying states:
   -26.405595*    -1.671341*    -0.843756*    -0.730212*    -0.730212*
     0.459794      0.544862      0.574230      0.574230      1.531397 
beta:  HOMO-LUMO gap is   20.02 eV. Energies of lowest lying states:
   -26.357931*    -1.476177*    -0.678904*    -0.678904*     0.056687 
     0.476008      0.582718      0.582718      0.659660      1.586252 

Dipole:	x		y		z		dipole change
	 0.00000000	 0.00000000	 0.00000000	 8.896611e-16
Energy:	electronic	total		virial		energy change
	-99.41381746	-99.41381746	 0.99997799	-2.55795e-13
	kinetic		nuclear		Coulomb		Exchange
	 99.41600588	-238.67060768	 49.88644781	-10.04566346
Errors:	Max dens	RMS dens	DIIS
alpha	4.420184e-10	1.976151e-11	1.383503e-10
beta	5.342649e-10	1.859748e-11

Iteration took 0.08 s.

 ******* Convergence achieved ********
Dipole moment is (0.000000,0.000000,0.000000) D, |mu|=0.000000 D.
Solution of UHF took 1.18 s.

Mulliken charges: alpha, beta, total (incl. nucleus)
   1 F           -5.000000       -4.000000       -0.000000
Sum of Mulliken charges -2.309264e-14

Mulliken spin charges
   1 F            1.000000
Sum of Mulliken spin charges 1.000000e+00

Electron density at nuclei: alpha, beta, total
   1 F          220.052739      219.938525      439.991264

Running program took 1.25 s.
Current time is Fri 06 Feb 2015 05:51:08.
