Basis set cc-pVDZ found in file cc-pVDZ.gbs in /usr/share/erkale/basis/.


Current Settings used by ERKALE:
     AtomGuess      	                Auto	Method used for atomic guess (Auto for same as method)
     Basis          	             cc-pVDZ	Basis set used in calculation
     BasisCutoff    	           1.000e-08	Cutoff for dropping out small primitives from contraction
     BasisOrth      	                Auto	Method of orthonormalization of basis set
     BasisRotate    	                true	Rotate basis set to remove redundant functions?
     C1-DIIS        	               false	Use older version of DIIS (C1-DIIS instead of C2-DIIS)?
     Charge         	                   0	Total charge of system
     DIISEps        	           1.000e-01	Start mixing in DIIS when error is
     DIISOrder      	                  10	How many DIIS iterations to keep in memory?
     DIISThr        	           1.000e-02	DIIS error threshold for DIIS updates
     DecFock        	               false	Use decontracted basis to calculate Fock matrix (direct HF)
     Decontract     	                    	Indices of atoms to decontract basis set for
     DeltaEmax      	           1.000e-06	Maximum allowed change of energy
     DeltaPmax      	           1.000e-06	Maximum allowed maximum difference of density matrix
     DeltaPrms      	           1.000e-08	Maximum allowed RMS difference of density matrix
     DensityFitting 	               false	Use density fitting / RI?
     Direct         	               false	Calculate two-electron integrals (or density fitting) on-the-fly?
     EField         	         0.0 0.0 0.0	Electric field
     FittingBasis   	                Auto	Basis to use for density fitting / RI (Auto for automatic)
     FittingMemory  	                1000	Amount of memory in MB to use for exchange fitting
     FittingThreshold	           1.000e-08	Linear dependence threshold for Coulomb integrals in density fitting
     ForcePol       	               false	Force polarized calculation
     FreezeCore     	               false	Freeze the atomic cores?
     Guess          	                Core	Used guess: atomic (default), core, or GWH
     LineSearch     	               false	Do line search in level shift (EXPENSIVE!)
     LoadChk        	                    	File to load old results from
     Logfile        	           H2_dz.log	File to print out full information, stdout for screen
     MaxIter        	                 100	Maximum number of iterations in SCF cycle
     Method         	                  HF	Method used in calculation (HF or a DFT functional)
     Multiplicity   	                   1	Spin multiplicity
     Occupancies    	                    	Orbital occupancies
     SaveChk        	           H2_dz.chk	File to use as checkpoint
     ShPairThr      	           1.000e-14	Threshold for shell pair screening, (ij|ij)<thr
     Shift          	           0.000e+00	Level shift to use in Hartree
     StrictIntegrals	               false	Use strict integrals?
     System         	              H2.xyz	System as an xyz file
     UseADIIS       	                true	Use ADIIS for Fock matrix interpolation?
     UseBroyden     	               false	Use Broyden mixing of Fock matrices?
     UseDIIS        	                true	Use Pulay's Direct Inversion in the Iterative Subspace?
     UseLM          	                true	Use a spherical harmonics basis set by default?
     UseTRDSM       	               false	Use Trust-Region DSM?
     UseTRRH        	               false	Use Trust-Region Roothaan-Hall?
     Verbose        	                true	Verbose calculation?

There are 6 shells and 2 nuclei in the basis set.

List of nuclei, geometry in Ångström with three decimal places:
		 Z	    x	    y	    z
1	H	 1	  0.000	  0.000	 -0.370
2	H	 1	  0.000	  0.000	  0.370

List of basis functions:
Shell    1	S cart shell at nucleus   1 with with basis functions    1-1   
Shell    2	S cart shell at nucleus   1 with with basis functions    2-2   
Shell    3	P cart shell at nucleus   1 with with basis functions    3-5   
Shell    4	S cart shell at nucleus   2 with with basis functions    6-6   
Shell    5	S cart shell at nucleus   2 with with basis functions    7-7   
Shell    6	P cart shell at nucleus   2 with with basis functions    8-10  

Basis set contains 10 functions, maximum angular momentum is 1.
Spherical harmonic Gaussians are used by default, there are 10 cartesians.

Forming overlap matrix ... done (0.00 s)
Forming kinetic energy matrix ... done (0.00 s)
Forming nuclear attraction matrix ... done (0.00 s)

Smallest eigenvalue of overlap matrix is 4.35e-02, ratio to largest is 1.40e-02.
Using symmetric orthogonalization.
Basis set diagonalized in 0.00 s.

Forming table of 12320 ERIs, requiring 12 ki of memory ... done (0.00 s)

Initialization of computation done in 0.00 s.

HOMO-LUMO gap is   18.33 eV. Energies of lowest lying states:
    -1.280306*    -0.606858     -0.321556     -0.026412      0.117129 
     0.117129      0.793631      0.903661      0.903661      2.348955 

 ******* Iteration    1 ********
Forming HF Coulomb and exchange matrices ... done (0.00 s)
ADIIS weights
 1.00e+00 
CDIIS weights
 1.00e+00 
 DIIS weights
 1.00e+00 

Solving SCF equations ... done (0.00 s)
HOMO-LUMO gap is   20.57 eV. Energies of lowest lying states:
    -0.531179*     0.224665      0.494122      0.999116      1.374813 
     1.374813      2.028229      2.109155      2.109155      3.700927 

Dipole:	x		y		z		dipole change
	-0.00000000	-0.00000000	-0.00000000	 1.461550e-15
Energy:	electronic	total		virial		energy change
	-1.78991618	-1.07481183	 0.72721067	-1.07481
	kinetic		nuclear		Coulomb		Exchange
	 1.47799238	-4.03860347	 1.54138983	-0.77069491
Errors:	Max dens	RMS dens	DIIS
	 7.050376e-02	 1.824918e-02	 1.154733e-01

Iteration took 0.00 s.

 ******* Iteration    2 ********
Forming HF Coulomb and exchange matrices ... done (0.00 s)
ADIIS weights
 4.09e-14  1.00e+00 
CDIIS weights
-2.18e-01  1.22e+00 
 DIIS weights
-1.80e-01  1.18e+00 

Solving SCF equations ... done (0.00 s)
HOMO-LUMO gap is   21.50 eV. Energies of lowest lying states:
    -0.590851*     0.199385      0.482244      0.941126      1.297843 
     1.297843      1.962474      2.048125      2.048125      3.616897 

Dipole:	x		y		z		dipole change
	-0.00000000	-0.00000000	 0.00000000	 1.101866e-15
Energy:	electronic	total		virial		energy change
	-1.84188703	-1.12678268	 0.96530299	-0.0519708
	kinetic		nuclear		Coulomb		Exchange
	 1.16728394	-3.68943042	 1.36051890	-0.68025945
Errors:	Max dens	RMS dens	DIIS
	 1.677810e-02	 4.038818e-03	 2.543498e-02

Iteration took 0.00 s.

 ******* Iteration    3 ********
Forming HF Coulomb and exchange matrices ... done (0.00 s)
ADIIS weights
 7.43e-16  3.00e-15  1.00e+00 
CDIIS weights
 4.43e-02 -2.70e-01  1.23e+00 
 DIIS weights
 4.43e-02 -2.70e-01  1.23e+00 

Solving SCF equations ... done (0.00 s)
HOMO-LUMO gap is   21.48 eV. Energies of lowest lying states:
    -0.592087*     0.197401      0.478933      0.937231      1.292812 
     1.292812      1.956858      2.043391      2.043391      3.610325 

Dipole:	x		y		z		dipole change
	-0.00000000	 0.00000000	 0.00000000	-4.805450e-16
Energy:	electronic	total		virial		energy change
	-1.84379929	-1.12869494	 1.02597595	-0.00191226
	kinetic		nuclear		Coulomb		Exchange
	 1.10011832	-3.60369890	 1.31956259	-0.65978130
Errors:	Max dens	RMS dens	DIIS
	 9.778920e-04	 2.263052e-04	 1.495777e-03

Iteration took 0.00 s.

 ******* Iteration    4 ********
Forming HF Coulomb and exchange matrices ... done (0.00 s)
ADIIS weights
 1.60e-13  1.09e-11  1.04e-06  1.00e+00 
CDIIS weights
 7.16e-05 -3.85e-03 -5.51e-03  1.01e+00 
 DIIS weights
 7.16e-05 -3.85e-03 -5.51e-03  1.01e+00 

Solving SCF equations ... done (0.00 s)
HOMO-LUMO gap is   21.49 eV. Energies of lowest lying states:
    -0.592411*     0.197440      0.479322      0.937324      1.292904 
     1.292904      1.957023      2.043520      2.043520      3.610475 

Dipole:	x		y		z		dipole change
	 0.00000000	-0.00000000	-0.00000000	-3.517747e-16
Energy:	electronic	total		virial		energy change
	-1.84380442	-1.12870007	 1.02848871	-5.12995e-06
	kinetic		nuclear		Coulomb		Exchange
	 1.09743555	-3.60029979	 1.31811965	-0.65905982
Errors:	Max dens	RMS dens	DIIS
	 6.651693e-05	 1.577669e-05	 9.697449e-05

Iteration took 0.00 s.

 ******* Iteration    5 ********
Forming HF Coulomb and exchange matrices ... done (0.00 s)
ADIIS weights
 4.97e-16  2.00e-12  1.01e-06  5.01e-01  4.99e-01 
CDIIS weights
-1.51e-07  8.15e-06  2.10e-05  1.38e-07  1.00e+00 
 DIIS weights
-1.51e-07  8.15e-06  2.10e-05  1.38e-07  1.00e+00 

Solving SCF equations ... done (0.00 s)
HOMO-LUMO gap is   21.49 eV. Energies of lowest lying states:
    -0.592411*     0.197440      0.479321      0.937324      1.292904 
     1.292904      1.957023      2.043520      2.043520      3.610474 

Dipole:	x		y		z		dipole change
	-0.00000000	-0.00000000	 0.00000000	-9.952426e-16
Energy:	electronic	total		virial		energy change
	-1.84380444	-1.12870009	 1.02872740	-2.56669e-08
	kinetic		nuclear		Coulomb		Exchange
	 1.09718094	-3.59996767	 1.31796458	-0.65898229
Errors:	Max dens	RMS dens	DIIS
	 1.518981e-07	 3.589563e-08	 2.212453e-07

Iteration took 0.00 s.

 ******* Iteration    6 ********
Forming HF Coulomb and exchange matrices ... done (0.00 s)
ADIIS weights
 1.00e-14  2.19e-13  3.51e-07  1.61e-04  5.00e-01  5.00e-01 
CDIIS weights
 3.25e-10 -1.75e-08 -4.48e-08 -2.96e-09 -1.01e-08  1.00e+00 
 DIIS weights
 3.25e-10 -1.75e-08 -4.48e-08 -2.96e-09 -1.01e-08  1.00e+00 

Solving SCF equations ... done (0.00 s)
HOMO-LUMO gap is   21.49 eV. Energies of lowest lying states:
    -0.592411*     0.197440      0.479321      0.937324      1.292904 
     1.292904      1.957023      2.043520      2.043520      3.610474 

Dipole:	x		y		z		dipole change
	 0.00000000	 0.00000000	 0.00000000	 1.984967e-15
Energy:	electronic	total		virial		energy change
	-1.84380444	-1.12870009	 1.02872686	-1.27454e-13
	kinetic		nuclear		Coulomb		Exchange
	 1.09718151	-3.59996842	 1.31796493	-0.65898246
Errors:	Max dens	RMS dens	DIIS
	 3.268526e-10	 7.724529e-11	 4.760852e-10

Iteration took 0.00 s.

 ******* Iteration    7 ********
Forming HF Coulomb and exchange matrices ... done (0.00 s)
ADIIS weights
 7.13e-15  3.79e-12  8.02e-08  2.87e-02  3.24e-01  3.24e-01  3.24e-01 
CDIIS weights
-1.45e-07  7.79e-06  1.22e-05 -1.81e-03  1.11e-01  8.90e-01 -8.62e-11 
 DIIS weights
-1.45e-07  7.79e-06  1.22e-05 -1.81e-03  1.11e-01  8.90e-01 -8.62e-11 

Solving SCF equations ... done (0.00 s)
HOMO-LUMO gap is   21.49 eV. Energies of lowest lying states:
    -0.592411*     0.197440      0.479321      0.937324      1.292904 
     1.292904      1.957023      2.043520      2.043520      3.610474 

Dipole:	x		y		z		dipole change
	-0.00000000	 0.00000000	-0.00000000	-1.536263e-15
Energy:	electronic	total		virial		energy change
	-1.84380444	-1.12870009	 1.02872687	-8.88178e-16
	kinetic		nuclear		Coulomb		Exchange
	 1.09718151	-3.59996841	 1.31796493	-0.65898246
Errors:	Max dens	RMS dens	DIIS
	 3.081132e-10	 7.281192e-11	 1.026278e-12

Iteration took 0.00 s.

 ******* Convergence achieved ********
Dipole moment is (-0.000000,0.000000,-0.000000) D, |mu|=0.000000 D.
Solution of RHF took 0.01 s.

Mulliken charges
   1 H           -0.000000
   2 H           -0.000000
Sum of Mulliken charges -2.886580e-15

Electron density at nuclei
   1 H            0.343240
   2 H            0.343240

Running program took 0.02 s.
Current time is Fri 06 Feb 2015 05:51:15.
