Basis set cc-pVDZ found in file cc-pVDZ.gbs in /home/work/erkale/source/erkale/basis/.


Current Settings used by ERKALE:
     AtomGuess      	                Auto	Method used for atomic guess (Auto for same as method)
     Basis          	             cc-pVDZ	Basis set used in calculation
     BasisCutoff    	           1.000e-08	Cutoff for dropping out small primitives from contraction
     BasisOrth      	                Auto	Method of orthonormalization of basis set
     BasisRotate    	                true	Rotate basis set to remove redundant functions?
     C1-DIIS        	               false	Use older version of DIIS (C1-DIIS instead of C2-DIIS)?
     Charge         	                   0	Total charge of system
     DFTDelta       	           5.000e+03	Switch to final DFT grid, relative to deltaE and deltaP
     DFTDirect      	               false	Save memory by not storing values of basis functions in memory
     DFTFinalTol    	           1.000e-05	Tolerance of final DFT grid
     DFTGrid        	                Auto	DFT integration grid to use: nrad lmax or Auto for adaptive
     DFTInitialTol  	           1.000e-04	Tolerance of initial DFT grid
     DFTLobatto     	               false	Use Lobatto quadrature instead of Lebedev quadrature?
     DIISEps        	           1.000e-01	Start mixing in DIIS when error is
     DIISOrder      	                  10	How many DIIS iterations to keep in memory?
     DIISThr        	           1.000e-02	DIIS error threshold for DIIS updates
     DecFock        	               false	Use decontracted basis to calculate Fock matrix (direct HF)
     Decontract     	                    	Indices of atoms to decontract basis set for
     DeltaEmax      	           1.000e-06	Maximum allowed change of energy
     DeltaPmax      	           1.000e-06	Maximum allowed maximum difference of density matrix
     DeltaPrms      	           1.000e-08	Maximum allowed RMS difference of density matrix
     DensityFitting 	               false	Use density fitting / RI?
     Direct         	               false	Calculate two-electron integrals (or density fitting) on-the-fly?
     EField         	         0.0 0.0 0.0	Electric field
     FittingBasis   	                Auto	Basis to use for density fitting / RI (Auto for automatic)
     FittingMemory  	                1000	Amount of memory in MB to use for exchange fitting
     FittingThreshold	           1.000e-08	Linear dependence threshold for Coulomb integrals in density fitting
     ForcePol       	               false	Force polarized calculation
     FreezeCore     	               false	Freeze the atomic cores?
     Guess          	                Core	Used guess: atomic (default), core, or GWH
     IntegralThresh 	           1.000e-14	Integral screening threshold
     LineSearch     	               false	Do line search in level shift (EXPENSIVE!)
     LoadChk        	                    	File to load old results from
     Logfile        	       H2_lda_dz.log	File to print out full information, stdout for screen
     MaxIter        	                 100	Maximum number of iterations in SCF cycle
     Method         	      lda_x-lda_c_pw	Method used in calculation (HF or a DFT functional)
     Multiplicity   	                   1	Spin multiplicity
     NLGrid         	             50 -194	Integration grid to use for nonlocal correlation: nrad lmax
     Occupancies    	                    	Orbital occupancies
     PZ             	                  No	Perform Perdew-Zunger self-interaction correction? No, Pert, Full, OldFull, Real, Can, CanPert
     PZEmax         	           1.000e-06	Threshold for energy change in unitary optimization
     PZHam          	                Symm	Hamiltonian to use in PZ-SIC: Symm, United
     PZKmax         	           1.000e-03	Threshold for kappa max in unitary optimization
     PZKrms         	           1.000e-04	Threshold for kappa rms in unitary optimization
     PZdEmax        	           1.000e-05	Tolerance threshold for energy convergence
     PZdPmax        	           1.000e-05	Tolerance threshold for density convergence
     PZdPrms        	           1.000e-06	Tolerance threshold for density convergence
     PZiter         	                  20	Max number of iterations in self-consistency iteration
     PZloc          	                true	Initial localization before SIC calculation?
     PZmode         	                  XC	Apply PZ to the operators (in addition to J): X C D
     PZseed         	                   0	Seed number for randomized matrices?
     PZstab         	                   0	Stability analysis for PZ-SIC? 0 for no, 1 for oo block, 2 for full analysis
     PZstabFz       	                    	Orbitals to freeze for stability analysis (only oo!)
     PZunit         	                  10	Max number of iterations in unitary optimization
     PZw            	           1.000e+00	Weight for Perdew-Zunger self-interaction correction
     SaveChk        	       H2_lda_dz.chk	File to use as checkpoint
     Shift          	           0.000e+00	Level shift to use in Hartree
     StrictIntegrals	               false	Use strict integrals?
     System         	              H2.xyz	System as an xyz file
     UseADIIS       	                true	Use ADIIS for Fock matrix interpolation?
     UseBroyden     	               false	Use Broyden mixing of Fock matrices?
     UseDIIS        	                true	Use Pulay's Direct Inversion in the Iterative Subspace?
     UseLM          	                true	Use a spherical harmonics basis set by default?
     UseTRDSM       	               false	Use Trust-Region DSM?
     UseTRRH        	               false	Use Trust-Region Roothaan-Hall?
     VV10           	                Auto	Use VV10 non-local correlation?
     VV10Pars       	                    	VV10 parameters: b C
     Verbose        	                true	Verbose calculation?

There are 6 shells and 2 nuclei in the basis set.

List of nuclei, geometry in Ångström with three decimal places:
		 Z	    x	    y	    z
1	H	 1	  0.000	  0.000	 -0.370
2	H	 1	  0.000	  0.000	  0.370

Interatomic distance matrix:
          1H 
   2H  0.740

List of basis functions:
Shell    1	S cart shell at nucleus   1 with with basis functions    1-1   
Shell    2	S cart shell at nucleus   1 with with basis functions    2-2   
Shell    3	P cart shell at nucleus   1 with with basis functions    3-5   
Shell    4	S cart shell at nucleus   2 with with basis functions    6-6   
Shell    5	S cart shell at nucleus   2 with with basis functions    7-7   
Shell    6	P cart shell at nucleus   2 with with basis functions    8-10  

Basis set contains 10 functions, maximum angular momentum is 1.
Spherical harmonic Gaussians are used by default, there are 10 cartesians.

Forming overlap matrix ... done (0.00 s)
Forming kinetic energy matrix ... done (0.00 s)
Forming nuclear attraction matrix ... done (0.00 s)

Smallest eigenvalue of overlap matrix is 4.35e-02, ratio to largest is 1.40e-02.
Using symmetric orthogonalization.
Basis set diagonalized in 0.00 s.

Forming table of 2023 ERIs, requiring 15 ki of memory ... done (0.00 s)
21 shell pairs out of 21 are significant.

Initialization of computation done in 0.00 s.

Used exchange functional is lda_x, 'Slater exchange', defined in the reference(s):
P. A. M. Dirac, Math. Proc. Cambridge Philos. Soc. 26, 376 (1930) (DOI 10.1017/S0305004100016108)
F. Bloch, Z. Phys. 57, 545 (1929) (DOI 10.1007/BF01340281)

Used correlation functional is lda_c_pw, 'Perdew & Wang', defined in the reference(s):
J. P. Perdew and Y. Wang, Phys. Rev. B 45, 13244 (1992) (DOI 10.1103/PhysRevB.45.13244)

HOMO-LUMO gap is   18.33 eV. Energies of lowest lying orbitals:
      -1.2803*      -0.6069       -0.3216       -0.0264        0.1171 
       0.1171        0.7936        0.9037        0.9037        2.3490 

A pure exchange functional used, no exact exchange.
Constructing XC grid.
	atom  Npoints      Nfuncs  t
	   2     1861       19449  0.01 s
	   1     1861       19441  0.01 s
DFT XC grid constructed in 0.01 s.

 ******* Iteration    1 ********
Forming HF Coulomb matrix ... done (0.00 s)
Computing DFT exchange and correlation ... done (0.00 s)
Numerically integrated density is 2.00002 (+0.0009 %).
ADIIS weights
 1.00e+00 
CDIIS weights
 1.00e+00 
 DIIS weights
 1.00e+00 

Solving SCF equations ... done (0.00 s)

DIIS error                    :  1.189777e-01
Energy change                 : -1.068221e+00
Max total density change      :  1.164065e-01
Max rms   density change      :  2.928321e-02
Dipole mu = (-0.00000000, -0.00000000, -0.00000000) D

Iteration took 0.00 s.

 ******* Iteration    2 ********
Forming HF Coulomb matrix ... done (0.00 s)
Computing DFT exchange and correlation ... done (0.00 s)
Numerically integrated density is 2.00011 (+0.0055 %).
ADIIS weights
 5.57e-19  1.00e+00 
CDIIS weights
 2.30e-01  7.70e-01 
 DIIS weights
 1.58e-01  8.42e-01 

Solving SCF equations ... done (0.00 s)

DIIS error                    :  3.819314e-02
Energy change                 : -5.773506e-02
Max total density change      :  2.766774e-02
Max rms   density change      :  6.792052e-03
Dipole mu = ( 0.00000000,  0.00000000, -0.00000000) D

Iteration took 0.00 s.

 ******* Iteration    3 ********
Forming HF Coulomb matrix ... done (0.00 s)
Computing DFT exchange and correlation ... done (0.00 s)
Numerically integrated density is 2.00008 (+0.0038 %).
ADIIS weights
 1.05e-13  4.24e-12  1.00e+00 
CDIIS weights
 6.54e-03  1.17e-01  8.77e-01 
 DIIS weights
 6.54e-03  1.17e-01  8.77e-01 

Solving SCF equations ... done (0.00 s)

DIIS error                    :  4.369806e-03
Energy change                 : -5.230911e-03
Max total density change      :  2.948823e-03
Max rms   density change      :  7.172558e-04
Dipole mu = (-0.00000000, -0.00000000, -0.00000000) D

Iteration took 0.00 s.

 ******* Iteration    4 ********
Forming HF Coulomb matrix ... done (0.00 s)
Computing DFT exchange and correlation ... done (0.00 s)
Numerically integrated density is 2.00008 (+0.0040 %).
ADIIS weights
 3.65e-15  2.09e-12  2.91e-10  1.00e+00 
CDIIS weights
 4.26e-04 -5.36e-03 -6.29e-02  1.07e+00 
 DIIS weights
 4.26e-04 -5.36e-03 -6.29e-02  1.07e+00 

Solving SCF equations ... done (0.00 s)

DIIS error                    :  1.823275e-05
Energy change                 : -6.566570e-05
Max total density change      :  1.316101e-05
Max rms   density change      :  3.071637e-06
Dipole mu = ( 0.00000000, -0.00000000, -0.00000000) D

Iteration took 0.00 s.

 ******* Iteration    5 ********
Forming HF Coulomb matrix ... done (0.00 s)
Computing DFT exchange and correlation ... done (0.00 s)
Numerically integrated density is 2.00008 (+0.0040 %).
ADIIS weights
 3.48e-14  4.10e-12  1.05e-09  5.00e-01  5.00e-01 
CDIIS weights
-5.33e-07  6.94e-06  5.85e-05  3.90e-07  1.00e+00 
 DIIS weights
-5.33e-07  6.94e-06  5.85e-05  3.90e-07  1.00e+00 

Solving SCF equations ... done (0.00 s)

DIIS error                    :  7.492358e-08
Energy change                 : -8.882477e-10
Max total density change      :  4.811005e-08
Max rms   density change      :  1.242256e-08
Dipole mu = ( 0.00000000, -0.00000000,  0.00000000) D

Iteration took 0.00 s.

 ******* Convergence achieved ********
Solution of RDFT took 0.02 s.

Kinetic               energy:  1.0738792228642173e+00
Nuclear attraction    energy: -3.5681576794673795e+00
Total one-electron    energy: -2.4942784566031624e+00
Nuclear repulsion     energy:  7.1510434837691628e-01
Coulomb               energy:  1.3017902321320611e+00
Exchange-correlation  energy: -6.5386849335845343e-01
Non-local correlation energy:  0.0000000000000000e+00
-----------------------------------------------------
                Total energy: -1.1312523694526382e+00
               Virial factor:  1.0534260700522700e+00

Dipole mu = ( 0.00000000, -0.00000000,  0.00000000) D

HOMO-LUMO gap is   11.68 eV. Orbital energies:
      -0.3724*       0.0568        0.3124        0.6789        0.9940 
       0.9940        1.6255        1.7183        1.7183        3.2115 
HOMO-LUMO gap is   11.68 eV. Energies of lowest lying orbitals:
      -0.3724*       0.0568        0.3124        0.6789        0.9940 
       0.9940        1.6255        1.7183        1.7183        3.2115 

A pure exchange functional used, no exact exchange.
Constructing XC grid.
	atom  Npoints      Nfuncs  t
	   1     4152       42919  0.02 s
	   2     4152       43005  0.02 s
DFT XC grid constructed in 0.02 s.

 ******* Iteration    1 ********
Forming HF Coulomb matrix ... done (0.00 s)
Computing DFT exchange and correlation ... done (0.00 s)
Numerically integrated density is 2.00001 (+0.0004 %).
ADIIS weights
 1.00e+00 
CDIIS weights
 1.00e+00 
 DIIS weights
 1.00e+00 

Solving SCF equations ... done (0.00 s)

DIIS error                    :  2.403997e-06
Energy change                 : -1.131248e+00
Max total density change      :  4.713300e-07
Max rms   density change      :  1.673133e-07
Dipole mu = (-0.00000000, -0.00000000, -0.00000000) D

Iteration took 0.00 s.

 ******* Iteration    2 ********
Forming HF Coulomb matrix ... done (0.00 s)
Computing DFT exchange and correlation ... done (0.00 s)
Numerically integrated density is 2.00001 (+0.0004 %).
ADIIS weights
 3.72e-05  1.00e+00 
CDIIS weights
 3.57e-02  9.64e-01 
 DIIS weights
 3.57e-02  9.64e-01 

Solving SCF equations ... done (0.00 s)

DIIS error                    :  1.484684e-07
Energy change                 : -9.100276e-12
Max total density change      :  1.264292e-07
Max rms   density change      :  3.118351e-08
Dipole mu = (-0.00000000, -0.00000000,  0.00000000) D

Iteration took 0.00 s.

 ******* Iteration    3 ********
Forming HF Coulomb matrix ... done (0.00 s)
Computing DFT exchange and correlation ... done (0.00 s)
Numerically integrated density is 2.00001 (+0.0004 %).
ADIIS weights
 1.11e-03  4.99e-01  5.00e-01 
CDIIS weights
 7.51e-04  2.10e-01  7.89e-01 
 DIIS weights
 7.51e-04  2.10e-01  7.89e-01 

Solving SCF equations ... done (0.00 s)

DIIS error                    :  4.023494e-08
Energy change                 : -8.038015e-14
Max total density change      :  2.703762e-08
Max rms   density change      :  6.626069e-09
Dipole mu = (-0.00000000, -0.00000000, -0.00000000) D

Iteration took 0.00 s.

 ******* Iteration    4 ********
Forming HF Coulomb matrix ... done (0.00 s)
Computing DFT exchange and correlation ... done (0.00 s)
Numerically integrated density is 2.00001 (+0.0004 %).
ADIIS weights
 3.93e-06  3.32e-01  3.34e-01  3.35e-01 
CDIIS weights
-4.31e-07 -1.21e-04 -4.53e-04  1.00e+00 
 DIIS weights
-4.31e-07 -1.21e-04 -4.53e-04  1.00e+00 

Solving SCF equations ... done (0.00 s)

DIIS error                    :  1.296570e-15
Energy change                 : -2.664535e-15
Max total density change      :  7.494005e-16
Max rms   density change      :  1.402031e-16
Dipole mu = ( 0.00000000, -0.00000000,  0.00000000) D

Iteration took 0.00 s.

 ******* Iteration    5 ********
Forming HF Coulomb matrix ... done (0.00 s)
Computing DFT exchange and correlation ... done (0.00 s)
Numerically integrated density is 2.00001 (+0.0004 %).
ADIIS weights
 1.51e-04  2.48e-01  2.50e-01  2.51e-01  2.51e-01 
CDIIS weights
 9.48e-07  2.66e-04  9.96e-04  9.02e-05  9.99e-01 
 DIIS weights
 9.48e-07  2.66e-04  9.96e-04  9.02e-05  9.99e-01 

Solving SCF equations ... done (0.00 s)

DIIS error                    :  1.303974e-15
Energy change                 :  4.440892e-16
Max total density change      :  7.355228e-16
Max rms   density change      :  1.905352e-16
Dipole mu = (-0.00000000, -0.00000000, -0.00000000) D

Iteration took 0.00 s.

 ******* Convergence achieved ********
Solution of RDFT took 0.04 s.

Kinetic               energy:  1.0738788844656095e+00
Nuclear attraction    energy: -3.5681569103489306e+00
Total one-electron    energy: -2.4942780258833213e+00
Nuclear repulsion     energy:  7.1510434837691628e-01
Coulomb               energy:  1.3017895657970753e+00
Exchange-correlation  energy: -6.5386429164813276e-01
Non-local correlation energy:  0.0000000000000000e+00
-----------------------------------------------------
                Total energy: -1.1312484033574624e+00
               Virial factor:  1.0534227087632899e+00

Dipole mu = (-0.00000000, -0.00000000, -0.00000000) D

HOMO-LUMO gap is   11.68 eV. Orbital energies:
      -0.3724*       0.0568        0.3124        0.6789        0.9940 
       0.9940        1.6255        1.7183        1.7183        3.2115 

Mulliken charges
   1 H           -0.000000
   2 H            0.000000
Sum of Mulliken charges -3.330669e-15

Electron density at nuclei
   1 H            0.336831
   2 H            0.336831

Running program took 0.08 s.
Current time is Wed 25 Feb 2015 01:22:48.
