Basis set cc-pVDZ found in file cc-pVDZ.gbs in /usr/share/erkale/basis/.


Current Settings used by ERKALE:
     AtomGuess      	                Auto	Method used for atomic guess (Auto for same as method)
     Basis          	             cc-pVDZ	Basis set used in calculation
     BasisCutoff    	           1.000e-08	Cutoff for dropping out small primitives from contraction
     BasisOrth      	                Auto	Method of orthonormalization of basis set
     BasisRotate    	                true	Rotate basis set to remove redundant functions?
     C1-DIIS        	               false	Use older version of DIIS (C1-DIIS instead of C2-DIIS)?
     Charge         	                   0	Total charge of system
     DFTDelta       	           5.000e+03	Switch to final DFT grid, relative to deltaE and deltaP
     DFTDirect      	               false	Save memory by not storing values of basis functions in memory
     DFTFinalTol    	           1.000e-05	Tolerance of final DFT grid
     DFTGrid        	                Auto	DFT integration grid to use: nrad lmax or Auto for adaptive
     DFTInitialTol  	           1.000e-04	Tolerance of initial DFT grid
     DFTLobatto     	               false	Use Lobatto quadrature instead of Lebedev quadrature?
     DIISEps        	           1.000e-01	Start mixing in DIIS when error is
     DIISOrder      	                  10	How many DIIS iterations to keep in memory?
     DIISThr        	           1.000e-02	DIIS error threshold for DIIS updates
     DecFock        	               false	Use decontracted basis to calculate Fock matrix (direct HF)
     Decontract     	                    	Indices of atoms to decontract basis set for
     DeltaEmax      	           1.000e-06	Maximum allowed change of energy
     DeltaPmax      	           1.000e-06	Maximum allowed maximum difference of density matrix
     DeltaPrms      	           1.000e-08	Maximum allowed RMS difference of density matrix
     DensityFitting 	               false	Use density fitting / RI?
     Direct         	               false	Calculate two-electron integrals (or density fitting) on-the-fly?
     EField         	         0.0 0.0 0.0	Electric field
     FittingBasis   	                Auto	Basis to use for density fitting / RI (Auto for automatic)
     FittingMemory  	                1000	Amount of memory in MB to use for exchange fitting
     FittingThreshold	           1.000e-08	Linear dependence threshold for Coulomb integrals in density fitting
     ForcePol       	               false	Force polarized calculation
     FreezeCore     	               false	Freeze the atomic cores?
     Guess          	                Core	Used guess: atomic (default), core, or GWH
     LineSearch     	               false	Do line search in level shift (EXPENSIVE!)
     LoadChk        	                    	File to load old results from
     Logfile        	       H2_pbe_dz.log	File to print out full information, stdout for screen
     MaxIter        	                 100	Maximum number of iterations in SCF cycle
     Method         	 gga_x_pbe-gga_c_pbe	Method used in calculation (HF or a DFT functional)
     Multiplicity   	                   1	Spin multiplicity
     Occupancies    	                    	Orbital occupancies
     PZ             	                  No	Perform Perdew-Zunger self-interaction correction? No, Pert, Full, OldFull, Real, Can, CanPert
     PZEmax         	           1.000e-06	Threshold for energy change in unitary optimization
     PZHam          	                Symm	Hamiltonian to use in PZ-SIC: Symm, United
     PZKmax         	           1.000e-03	Threshold for kappa max in unitary optimization
     PZKrms         	           1.000e-04	Threshold for kappa rms in unitary optimization
     PZdEmax        	           1.000e-05	Tolerance threshold for energy convergence
     PZdPmax        	           1.000e-05	Tolerance threshold for density convergence
     PZdPrms        	           1.000e-06	Tolerance threshold for density convergence
     PZiter         	                  20	Max number of iterations in self-consistency iteration
     PZloc          	                true	Initial localization before SIC calculation?
     PZmode         	              CoulXC	Mode to use PZ-SIC in. Coul, CoulX, CoulC, CoulXC
     PZseed         	                   0	Seed number for randomized matrices?
     PZstab         	                   0	Stability analysis for PZ-SIC? 0 for no, 1 for oo block, 2 for full analysis
     PZstabFz       	                    	Orbitals to freeze for stability analysis (only oo!)
     PZunit         	                  10	Max number of iterations in unitary optimization
     PZw            	           1.000e+00	Weight for Perdew-Zunger self-interaction correction
     SaveChk        	       H2_pbe_dz.chk	File to use as checkpoint
     ShPairThr      	           1.000e-14	Threshold for shell pair screening, (ij|ij)<thr
     Shift          	           0.000e+00	Level shift to use in Hartree
     StrictIntegrals	               false	Use strict integrals?
     System         	              H2.xyz	System as an xyz file
     UseADIIS       	                true	Use ADIIS for Fock matrix interpolation?
     UseBroyden     	               false	Use Broyden mixing of Fock matrices?
     UseDIIS        	                true	Use Pulay's Direct Inversion in the Iterative Subspace?
     UseLM          	                true	Use a spherical harmonics basis set by default?
     UseTRDSM       	               false	Use Trust-Region DSM?
     UseTRRH        	               false	Use Trust-Region Roothaan-Hall?
     Verbose        	                true	Verbose calculation?

There are 6 shells and 2 nuclei in the basis set.

List of nuclei, geometry in Ångström with three decimal places:
		 Z	    x	    y	    z
1	H	 1	  0.000	  0.000	 -0.370
2	H	 1	  0.000	  0.000	  0.370

List of basis functions:
Shell    1	S cart shell at nucleus   1 with with basis functions    1-1   
Shell    2	S cart shell at nucleus   1 with with basis functions    2-2   
Shell    3	P cart shell at nucleus   1 with with basis functions    3-5   
Shell    4	S cart shell at nucleus   2 with with basis functions    6-6   
Shell    5	S cart shell at nucleus   2 with with basis functions    7-7   
Shell    6	P cart shell at nucleus   2 with with basis functions    8-10  

Basis set contains 10 functions, maximum angular momentum is 1.
Spherical harmonic Gaussians are used by default, there are 10 cartesians.

Forming overlap matrix ... done (0.00 s)
Forming kinetic energy matrix ... done (0.00 s)
Forming nuclear attraction matrix ... done (0.00 s)

Smallest eigenvalue of overlap matrix is 4.35e-02, ratio to largest is 1.40e-02.
Using symmetric orthogonalization.
Basis set diagonalized in 0.00 s.

Forming table of 12320 ERIs, requiring 12 ki of memory ... done (0.00 s)

Initialization of computation done in 0.00 s.

Used exchange functional is gga_x_pbe, 'Perdew, Burke & Ernzerhof', defined in the reference(s):
J. P. Perdew, K. Burke, and M. Ernzerhof, Phys. Rev. Lett. 77, 3865 (1996) (DOI 10.1103/PhysRevLett.77.3865)
J. P. Perdew, K. Burke, and M. Ernzerhof, Phys. Rev. Lett. 78, 1396 (1997) (DOI 10.1103/PhysRevLett.78.1396)

Used correlation functional is gga_c_pbe, 'Perdew, Burke & Ernzerhof', defined in the reference(s):
J. P. Perdew, K. Burke, and M. Ernzerhof, Phys. Rev. Lett. 77, 3865 (1996) (DOI 10.1103/PhysRevLett.77.3865)
J. P. Perdew, K. Burke, and M. Ernzerhof, Phys. Rev. Lett. 78, 1396 (1997) (DOI 10.1103/PhysRevLett.78.1396)

HOMO-LUMO gap is   18.33 eV. Energies of lowest lying states:
    -1.280306*    -0.606858     -0.321556     -0.026412      0.117129 
     0.117129      0.793631      0.903661      0.903661      2.348955 

A pure exchange functional used, no exact exchange.
Constructing DFT grid.
	atom  Npoints      Nfuncs  t
	   1     1942       18993  0.01 s
	   2     1942       18993  0.01 s
DFT XC grid constructed in 0.01 s.

 ******* Iteration    1 ********
Forming HF Coulomb matrix ... done (0.00 s)
Computing DFT exchange and correlation ... done (0.00 s)
Numerically integrated density is 2.00002 (+0.0008 %).
ADIIS weights
 1.00e+00 
CDIIS weights
 1.00e+00 
 DIIS weights
 1.00e+00 

Solving SCF equations ... done (0.00 s)
HOMO-LUMO gap is   10.57 eV. Energies of lowest lying states:
    -0.288659*     0.099611      0.365485      0.740475      1.078268 
     1.078268      1.707767      1.793020      1.793020      3.294709 

Dipole:	x		y		z		dipole change
	-0.00000000	-0.00000000	-0.00000000	 4.694253e-15
Energy:	electronic	total		virial		energy change
	-1.81945034	-1.10434599	 0.74719329	-1.10435
	kinetic		nuclear		Coulomb		XC
	 1.47799238	-4.03860347	 1.54138983	-0.80022907
Errors:	Max dens	RMS dens	DIIS
	 1.104421e-01	 2.787567e-02	 1.116205e-01

Iteration took 0.01 s.

 ******* Iteration    2 ********
Forming HF Coulomb matrix ... done (0.00 s)
Computing DFT exchange and correlation ... done (0.00 s)
Numerically integrated density is 2.00010 (+0.0048 %).
ADIIS weights
 2.63e-13  1.00e+00 
CDIIS weights
 2.31e-01  7.69e-01 
 DIIS weights
 1.55e-01  8.45e-01 

Solving SCF equations ... done (0.00 s)
HOMO-LUMO gap is   12.00 eV. Energies of lowest lying states:
    -0.387998*     0.053029      0.302927      0.659524      0.982613 
     0.982613      1.614411      1.710717      1.710717      3.191433 

Dipole:	x		y		z		dipole change
	-0.00000000	-0.00000000	 0.00000000	 1.441587e-15
Energy:	electronic	total		virial		energy change
	-1.86985454	-1.15475019	 1.16246686	-0.0504042
	kinetic		nuclear		Coulomb		XC
	 0.99336181	-3.45689906	 1.25011889	-0.65643618
Errors:	Max dens	RMS dens	DIIS
	 2.864250e-02	 6.953891e-03	 3.932776e-02

Iteration took 0.00 s.

 ******* Iteration    3 ********
Forming HF Coulomb matrix ... done (0.00 s)
Computing DFT exchange and correlation ... done (0.00 s)
Numerically integrated density is 2.00007 (+0.0033 %).
ADIIS weights
 1.20e-14  1.86e-14  1.00e+00 
CDIIS weights
 1.23e-03  1.03e-01  8.96e-01 
 DIIS weights
 1.23e-03  1.03e-01  8.96e-01 

Solving SCF equations ... done (0.00 s)
HOMO-LUMO gap is   11.83 eV. Energies of lowest lying states:
    -0.376926*     0.057723      0.308411      0.667328      0.993271 
     0.993271      1.624473      1.720058      1.720058      3.202595 

Dipole:	x		y		z		dipole change
	-0.00000000	-0.00000000	-0.00000000	-1.982699e-15
Energy:	electronic	total		virial		energy change
	-1.87489125	-1.15978690	 1.04241968	-0.00503671
	kinetic		nuclear		Coulomb		XC
	 1.11259114	-3.61892055	 1.32552460	-0.69408643
Errors:	Max dens	RMS dens	DIIS
	 3.001480e-03	 7.274526e-04	 4.399344e-03

Iteration took 0.01 s.

 ******* Iteration    4 ********
Forming HF Coulomb matrix ... done (0.00 s)
Computing DFT exchange and correlation ... done (0.00 s)
Numerically integrated density is 2.00007 (+0.0034 %).
ADIIS weights
 1.54e-15  8.77e-12  4.89e-08  1.00e+00 
CDIIS weights
 2.07e-04 -2.80e-03 -2.90e-02  1.03e+00 
 DIIS weights
 2.07e-04 -2.80e-03 -2.90e-02  1.03e+00 

Solving SCF equations ... done (0.00 s)
HOMO-LUMO gap is   11.83 eV. Energies of lowest lying states:
    -0.376914*     0.057721      0.308397      0.667312      0.993287 
     0.993287      1.624486      1.720080      1.720080      3.202605 

Dipole:	x		y		z		dipole change
	-0.00000000	 0.00000000	-0.00000000	 1.511210e-15
Energy:	electronic	total		virial		energy change
	-1.87495473	-1.15985038	 1.05416831	-6.34804e-05
	kinetic		nuclear		Coulomb		XC
	 1.10025161	-3.60280642	 1.31787303	-0.69027294
Errors:	Max dens	RMS dens	DIIS
	 3.709867e-06	 1.138282e-06	 1.104783e-05

Iteration took 0.00 s.

 ******* Iteration    5 ********
Forming HF Coulomb matrix ... done (0.00 s)
Computing DFT exchange and correlation ... done (0.01 s)
Numerically integrated density is 2.00007 (+0.0034 %).
ADIIS weights
 4.33e-15  2.04e-14  6.77e-09  5.00e-01  5.00e-01 
CDIIS weights
 2.07e-04 -2.80e-03 -2.90e-02  1.03e+00  1.39e-05 
 DIIS weights
 2.07e-04 -2.80e-03 -2.90e-02  1.03e+00  1.39e-05 

Solving SCF equations ... done (0.00 s)
HOMO-LUMO gap is   11.83 eV. Energies of lowest lying states:
    -0.376914*     0.057721      0.308397      0.667312      0.993287 
     0.993287      1.624486      1.720080      1.720080      3.202605 

Dipole:	x		y		z		dipole change
	-0.00000000	-0.00000000	-0.00000000	 3.706463e-16
Energy:	electronic	total		virial		energy change
	-1.87495473	-1.15985038	 1.05414654	-3.42967e-10
	kinetic		nuclear		Coulomb		XC
	 1.10027433	-3.60283716	 1.31788852	-0.69028042
Errors:	Max dens	RMS dens	DIIS
	 2.275430e-12	 5.300303e-13	 2.361664e-07

Iteration took 0.01 s.

 ******* Convergence achieved ********
Dipole moment is (-0.000000,-0.000000,-0.000000) D, |mu|=0.000000 D.
Solution of RDFT took 0.05 s.
HOMO-LUMO gap is   11.83 eV. Energies of lowest lying states:
    -0.376914*     0.057721      0.308397      0.667312      0.993287 
     0.993287      1.624486      1.720080      1.720080      3.202605 

A pure exchange functional used, no exact exchange.
Constructing DFT grid.
	atom  Npoints      Nfuncs  t
	   2     3988       38928  0.03 s
	   1     3988       38928  0.05 s
DFT XC grid constructed in 0.05 s.

 ******* Iteration    1 ********
Forming HF Coulomb matrix ... done (0.00 s)
Computing DFT exchange and correlation ... done (0.02 s)
Numerically integrated density is 2.00001 (+0.0004 %).
ADIIS weights
 1.00e+00 
CDIIS weights
 1.00e+00 
 DIIS weights
 1.00e+00 

Solving SCF equations ... done (0.00 s)
HOMO-LUMO gap is   11.83 eV. Energies of lowest lying states:
    -0.376912*     0.057712      0.308401      0.667295      0.993289 
     0.993289      1.624484      1.720091      1.720091      3.202614 

Dipole:	x		y		z		dipole change
	-0.00000000	-0.00000000	 0.00000000	 4.038429e-15
Energy:	electronic	total		virial		energy change
	-1.87495154	-1.15984719	 1.05414364	-1.15985
	kinetic		nuclear		Coulomb		XC
	 1.10027433	-3.60283716	 1.31788852	-0.69027723
Errors:	Max dens	RMS dens	DIIS
	 7.986318e-07	 2.357533e-07	 1.906023e-06

Iteration took 0.02 s.

 ******* Iteration    2 ********
Forming HF Coulomb matrix ... done (0.00 s)
Computing DFT exchange and correlation ... done (0.01 s)
Numerically integrated density is 2.00001 (+0.0004 %).
ADIIS weights
 6.87e-03  9.93e-01 
CDIIS weights
 1.50e-01  8.50e-01 
 DIIS weights
 1.50e-01  8.50e-01 

Solving SCF equations ... done (0.00 s)
HOMO-LUMO gap is   11.83 eV. Energies of lowest lying states:
    -0.376913*     0.057712      0.308400      0.667294      0.993288 
     0.993288      1.624483      1.720090      1.720090      3.202613 

Dipole:	x		y		z		dipole change
	 0.00000000	-0.00000000	-0.00000000	-3.111989e-15
Energy:	electronic	total		virial		energy change
	-1.87495154	-1.15984719	 1.05414811	-8.52785e-12
	kinetic		nuclear		Coulomb		XC
	 1.10026966	-3.60283087	 1.31788537	-0.69027570
Errors:	Max dens	RMS dens	DIIS
	 3.353455e-07	 8.128462e-08	 4.464835e-07

Iteration took 0.01 s.

 ******* Iteration    3 ********
Forming HF Coulomb matrix ... done (0.00 s)
Computing DFT exchange and correlation ... done (0.01 s)
Numerically integrated density is 2.00001 (+0.0004 %).
ADIIS weights
 1.12e-03  4.86e-01  5.12e-01 
CDIIS weights
-3.17e-03  9.21e-02  9.11e-01 
 DIIS weights
-3.17e-03  9.21e-02  9.11e-01 

Solving SCF equations ... done (0.00 s)
HOMO-LUMO gap is   11.83 eV. Energies of lowest lying states:
    -0.376913*     0.057712      0.308400      0.667294      0.993288 
     0.993288      1.624483      1.720090      1.720090      3.202613 

Dipole:	x		y		z		dipole change
	-0.00000000	-0.00000000	-0.00000000	-2.710068e-16
Energy:	electronic	total		virial		energy change
	-1.87495154	-1.15984719	 1.05414679	-6.51479e-13
	kinetic		nuclear		Coulomb		XC
	 1.10027104	-3.60283268	 1.31788623	-0.69027613
Errors:	Max dens	RMS dens	DIIS
	 3.236574e-08	 7.934147e-09	 4.803895e-08

Iteration took 0.01 s.

 ******* Iteration    4 ********
Forming HF Coulomb matrix ... done (0.00 s)
Computing DFT exchange and correlation ... done (0.01 s)
Numerically integrated density is 2.00001 (+0.0004 %).
ADIIS weights
 2.92e-06  3.17e-01  3.41e-01  3.43e-01 
CDIIS weights
 8.21e-07 -2.39e-05 -2.36e-04  1.00e+00 
 DIIS weights
 8.21e-07 -2.39e-05 -2.36e-04  1.00e+00 

Solving SCF equations ... done (0.00 s)
HOMO-LUMO gap is   11.83 eV. Energies of lowest lying states:
    -0.376913*     0.057712      0.308400      0.667294      0.993288 
     0.993288      1.624483      1.720090      1.720090      3.202613 

Dipole:	x		y		z		dipole change
	 0.00000000	 0.00000000	 0.00000000	 1.172886e-15
Energy:	electronic	total		virial		energy change
	-1.87495154	-1.15984719	 1.05414692	-1.24345e-14
	kinetic		nuclear		Coulomb		XC
	 1.10027091	-3.60283250	 1.31788614	-0.69027609
Errors:	Max dens	RMS dens	DIIS
	 1.110223e-15	 1.813417e-16	 1.570394e-15

Iteration took 0.01 s.

 ******* Convergence achieved ********
Dipole moment is (0.000000,0.000000,0.000000) D, |mu|=0.000000 D.
Solution of RDFT took 0.11 s.

Mulliken charges
   1 H           -0.000000
   2 H            0.000000
Sum of Mulliken charges -3.330669e-15

Electron density at nuclei
   1 H            0.345895
   2 H            0.345895

Running program took 0.17 s.
Current time is Fri 06 Feb 2015 05:52:13.
