Basis set cc-pVTZ found in file cc-pVTZ.gbs in /home/work/erkale/source/erkale/basis/.


Current Settings used by ERKALE:
     AtomGuess      	                Auto	Method used for atomic guess (Auto for same as method)
     Basis          	             cc-pVTZ	Basis set used in calculation
     BasisCutoff    	           1.000e-08	Cutoff for dropping out small primitives from contraction
     BasisOrth      	                Auto	Method of orthonormalization of basis set
     BasisRotate    	                true	Rotate basis set to remove redundant functions?
     C1-DIIS        	               false	Use older version of DIIS (C1-DIIS instead of C2-DIIS)?
     Charge         	                   0	Total charge of system
     DFTDelta       	           5.000e+03	Switch to final DFT grid, relative to deltaE and deltaP
     DFTDirect      	               false	Save memory by not storing values of basis functions in memory
     DFTFinalTol    	           1.000e-05	Tolerance of final DFT grid
     DFTGrid        	                Auto	DFT integration grid to use: nrad lmax or Auto for adaptive
     DFTInitialTol  	           1.000e-04	Tolerance of initial DFT grid
     DFTLobatto     	               false	Use Lobatto quadrature instead of Lebedev quadrature?
     DIISEps        	           1.000e-01	Start mixing in DIIS when error is
     DIISOrder      	                  10	How many DIIS iterations to keep in memory?
     DIISThr        	           1.000e-02	DIIS error threshold for DIIS updates
     DecFock        	               false	Use decontracted basis to calculate Fock matrix (direct HF)
     Decontract     	                    	Indices of atoms to decontract basis set for
     DeltaEmax      	           1.000e-06	Maximum allowed change of energy
     DeltaPmax      	           1.000e-06	Maximum allowed maximum difference of density matrix
     DeltaPrms      	           1.000e-08	Maximum allowed RMS difference of density matrix
     DensityFitting 	               false	Use density fitting / RI?
     Direct         	               false	Calculate two-electron integrals (or density fitting) on-the-fly?
     EField         	         0.0 0.0 0.0	Electric field
     FittingBasis   	                Auto	Basis to use for density fitting / RI (Auto for automatic)
     FittingMemory  	                1000	Amount of memory in MB to use for exchange fitting
     FittingThreshold	           1.000e-08	Linear dependence threshold for Coulomb integrals in density fitting
     ForcePol       	               false	Force polarized calculation
     FreezeCore     	               false	Freeze the atomic cores?
     Guess          	              Atomic	Used guess: atomic (default), core, or GWH
     IntegralThresh 	           1.000e-14	Integral screening threshold
     LineSearch     	               false	Do line search in level shift (EXPENSIVE!)
     LoadChk        	                    	File to load old results from
     Logfile        	 H2O_tz_pbe_cart.log	File to print out full information, stdout for screen
     MaxIter        	                 100	Maximum number of iterations in SCF cycle
     Method         	 gga_x_pbe-gga_c_pbe	Method used in calculation (HF or a DFT functional)
     Multiplicity   	                   1	Spin multiplicity
     NLGrid         	             50 -194	Integration grid to use for nonlocal correlation: nrad lmax
     Occupancies    	                    	Orbital occupancies
     PZ             	                  No	Perform Perdew-Zunger self-interaction correction? No, Pert, Full, OldFull, Real, Can, CanPert
     PZEmax         	           1.000e-06	Threshold for energy change in unitary optimization
     PZHam          	                Symm	Hamiltonian to use in PZ-SIC: Symm, United
     PZKmax         	           1.000e-03	Threshold for kappa max in unitary optimization
     PZKrms         	           1.000e-04	Threshold for kappa rms in unitary optimization
     PZdEmax        	           1.000e-05	Tolerance threshold for energy convergence
     PZdPmax        	           1.000e-05	Tolerance threshold for density convergence
     PZdPrms        	           1.000e-06	Tolerance threshold for density convergence
     PZiter         	                  20	Max number of iterations in self-consistency iteration
     PZloc          	                true	Initial localization before SIC calculation?
     PZmode         	                  XC	Apply PZ to the operators (in addition to J): X C D
     PZseed         	                   0	Seed number for randomized matrices?
     PZstab         	                   0	Stability analysis for PZ-SIC? 0 for no, 1 for oo block, 2 for full analysis
     PZstabFz       	                    	Orbitals to freeze for stability analysis (only oo!)
     PZunit         	                  10	Max number of iterations in unitary optimization
     PZw            	           1.000e+00	Weight for Perdew-Zunger self-interaction correction
     SaveChk        	 H2O_tz_pbe_cart.chk	File to use as checkpoint
     Shift          	           0.000e+00	Level shift to use in Hartree
     StrictIntegrals	               false	Use strict integrals?
     System         	             H2O.xyz	System as an xyz file
     UseADIIS       	                true	Use ADIIS for Fock matrix interpolation?
     UseBroyden     	               false	Use Broyden mixing of Fock matrices?
     UseDIIS        	                true	Use Pulay's Direct Inversion in the Iterative Subspace?
     UseLM          	               false	Use a spherical harmonics basis set by default?
     UseTRDSM       	               false	Use Trust-Region DSM?
     UseTRRH        	               false	Use Trust-Region Roothaan-Hall?
     VV10           	                Auto	Use VV10 non-local correlation?
     VV10Pars       	                    	VV10 parameters: b C
     Verbose        	                true	Verbose calculation?

Performing gga_x_pbe-gga_c_pbe guess for atoms:
	1  (0.07 s)
	2 3  (0.02 s)
Diagonalizing density matrix ... done (0.00 s)
Atomic guess formed in 0.09 s.

There are 22 shells and 3 nuclei in the basis set.

List of nuclei, geometry in Ångström with three decimal places:
		 Z	    x	    y	    z
1	O	 8	  0.000	  0.000	  0.118
2	H	 1	  0.000	  0.755	 -0.471
3	H	 1	  0.000	 -0.755	 -0.471

Interatomic distance matrix:
          1O    2H 
   2H  0.958
   3H  0.958 1.511

List of basis functions:
Shell    1	S cart shell at nucleus   1 with with basis functions    1-1   
Shell    2	S cart shell at nucleus   1 with with basis functions    2-2   
Shell    3	S cart shell at nucleus   1 with with basis functions    3-3   
Shell    4	S cart shell at nucleus   1 with with basis functions    4-4   
Shell    5	P cart shell at nucleus   1 with with basis functions    5-7   
Shell    6	P cart shell at nucleus   1 with with basis functions    8-10  
Shell    7	P cart shell at nucleus   1 with with basis functions   11-13  
Shell    8	D cart shell at nucleus   1 with with basis functions   14-19  
Shell    9	D cart shell at nucleus   1 with with basis functions   20-25  
Shell   10	F cart shell at nucleus   1 with with basis functions   26-35  
Shell   11	S cart shell at nucleus   2 with with basis functions   36-36  
Shell   12	S cart shell at nucleus   2 with with basis functions   37-37  
Shell   13	S cart shell at nucleus   2 with with basis functions   38-38  
Shell   14	P cart shell at nucleus   2 with with basis functions   39-41  
Shell   15	P cart shell at nucleus   2 with with basis functions   42-44  
Shell   16	D cart shell at nucleus   2 with with basis functions   45-50  
Shell   17	S cart shell at nucleus   3 with with basis functions   51-51  
Shell   18	S cart shell at nucleus   3 with with basis functions   52-52  
Shell   19	S cart shell at nucleus   3 with with basis functions   53-53  
Shell   20	P cart shell at nucleus   3 with with basis functions   54-56  
Shell   21	P cart shell at nucleus   3 with with basis functions   57-59  
Shell   22	D cart shell at nucleus   3 with with basis functions   60-65  

Basis set contains 65 functions, maximum angular momentum is 3.
Cartesian Gaussians are used by default.

Forming overlap matrix ... done (0.00 s)
Forming kinetic energy matrix ... done (0.00 s)
Forming nuclear attraction matrix ... done (0.00 s)

Smallest eigenvalue of overlap matrix is 1.61e-03, ratio to largest is 1.88e-04.
Using symmetric orthogonalization.
Basis set diagonalized in 0.00 s.

Forming table of 2607783 ERIs, requiring 19 Mi 917 ki of memory ... done (0.25 s)
253 shell pairs out of 253 are significant.

Initialization of computation done in 0.25 s.

Used exchange functional is gga_x_pbe, 'Perdew, Burke & Ernzerhof', defined in the reference(s):
J. P. Perdew, K. Burke, and M. Ernzerhof, Phys. Rev. Lett. 77, 3865 (1996) (DOI 10.1103/PhysRevLett.77.3865)
J. P. Perdew, K. Burke, and M. Ernzerhof, Phys. Rev. Lett. 78, 1396 (1997) (DOI 10.1103/PhysRevLett.78.1396)

Used correlation functional is gga_c_pbe, 'Perdew, Burke & Ernzerhof', defined in the reference(s):
J. P. Perdew, K. Burke, and M. Ernzerhof, Phys. Rev. Lett. 77, 3865 (1996) (DOI 10.1103/PhysRevLett.77.3865)
J. P. Perdew, K. Burke, and M. Ernzerhof, Phys. Rev. Lett. 78, 1396 (1997) (DOI 10.1103/PhysRevLett.78.1396)

HOMO-LUMO gap is    2.39 eV. Energies of lowest lying orbitals:
     -18.8925*      -0.9154*      -0.3654*      -0.3654*      -0.3654*
      -0.2776       -0.2776        0.2153        0.2153        0.4938 

A pure exchange functional used, no exact exchange.
Constructing XC grid.
	atom  Npoints      Nfuncs  t
	   3     2737      164062  0.22 s
	   2     2737      165991  0.22 s
	   1     3316      216154  0.29 s
DFT XC grid constructed in 0.29 s.

 ******* Iteration    1 ********
Forming HF Coulomb matrix ... done (0.01 s)
Computing DFT exchange and correlation ... done (0.09 s)
Numerically integrated density is 9.99998 (-0.0002 %).
ADIIS weights
 1.00e+00 
CDIIS weights
 1.00e+00 
 DIIS weights
 1.00e+00 

Solving SCF equations ... done (0.00 s)

DIIS error                    :  4.315011e-01
Energy change                 : -7.607671e+01
Max total density change      :  2.071251e-01
Max rms   density change      :  9.022251e-03
Dipole mu = ( 0.00000000,  0.00000000, -0.24895379) D

Iteration took 0.10 s.

 ******* Iteration    2 ********
Forming HF Coulomb matrix ... done (0.01 s)
Computing DFT exchange and correlation ... done (0.08 s)
Numerically integrated density is 9.99998 (-0.0002 %).
ADIIS weights
 4.35e-20  1.00e+00 
CDIIS weights
 1.97e-01  8.03e-01 
 DIIS weights
 4.35e-20  1.00e+00 

Solving SCF equations ... done (0.00 s)

DIIS error                    :  1.257187e-01
Energy change                 : -2.246547e-01
Max total density change      :  1.836005e-01
Max rms   density change      :  6.141170e-03
Dipole mu = ( 0.00000000, -0.00000000, -3.28935942) D

Iteration took 0.09 s.

 ******* Iteration    3 ********
Forming HF Coulomb matrix ... done (0.01 s)
Computing DFT exchange and correlation ... done (0.09 s)
Numerically integrated density is 9.99997 (-0.0003 %).
ADIIS weights
 1.84e-20  6.07e-01  3.93e-01 
CDIIS weights
 5.88e-02  5.70e-01  3.72e-01 
 DIIS weights
 1.84e-20  6.07e-01  3.93e-01 

Solving SCF equations ... done (0.00 s)

DIIS error                    :  2.239198e-01
Energy change                 :  4.251746e-02
Max total density change      :  6.872147e-02
Max rms   density change      :  3.067105e-03
Dipole mu = (-0.00000000, -0.00000000, -2.03423154) D

Iteration took 0.09 s.

 ******* Iteration    4 ********
Forming HF Coulomb matrix ... done (0.01 s)
Computing DFT exchange and correlation ... done (0.08 s)
Numerically integrated density is 9.99997 (-0.0003 %).
ADIIS weights
 5.93e-15  1.04e-16  1.44e-13  1.00e+00 
CDIIS weights
 1.85e-03  2.23e-01  1.79e-01  5.95e-01 
 DIIS weights
 1.36e-03  1.63e-01  1.31e-01  7.04e-01 

Solving SCF equations ... done (0.00 s)

DIIS error                    :  3.413659e-02
Energy change                 : -1.125079e-01
Max total density change      :  1.770450e-02
Max rms   density change      :  7.000910e-04
Dipole mu = (-0.00000000, -0.00000000, -1.89340789) D

Iteration took 0.09 s.

 ******* Iteration    5 ********
Forming HF Coulomb matrix ... done (0.01 s)
Computing DFT exchange and correlation ... done (0.08 s)
Numerically integrated density is 9.99997 (-0.0003 %).
ADIIS weights
 9.78e-17  2.73e-14  6.46e-14  3.45e-11  1.00e+00 
CDIIS weights
 6.11e-05  1.72e-02 -1.04e-02  2.27e-01  7.66e-01 
 DIIS weights
 5.76e-05  1.62e-02 -9.79e-03  2.14e-01  7.80e-01 

Solving SCF equations ... done (0.00 s)

DIIS error                    :  1.526389e-02
Energy change                 : -2.757696e-03
Max total density change      :  4.739617e-03
Max rms   density change      :  1.822485e-04
Dipole mu = (-0.00000000,  0.00000000, -1.86640662) D

Iteration took 0.09 s.

 ******* Iteration    6 ********
Forming HF Coulomb matrix ... done (0.01 s)
Computing DFT exchange and correlation ... done (0.08 s)
Numerically integrated density is 9.99997 (-0.0003 %).
ADIIS weights
 2.05e-14  8.25e-14  1.22e-13  9.01e-12  3.32e-10  1.00e+00 
CDIIS weights
-4.69e-05  1.01e-03 -1.79e-05  2.96e-02  1.72e-01  7.98e-01 
 DIIS weights
-4.69e-05  1.01e-03 -1.79e-05  2.96e-02  1.72e-01  7.98e-01 

Solving SCF equations ... done (0.00 s)

DIIS error                    :  1.891867e-03
Energy change                 : -3.826528e-04
Max total density change      :  5.214943e-04
Max rms   density change      :  2.306757e-05
Dipole mu = (-0.00000000, -0.00000000, -1.87516149) D

Iteration took 0.09 s.

 ******* Iteration    7 ********
Forming HF Coulomb matrix ... done (0.01 s)
Computing DFT exchange and correlation ... done (0.08 s)
Numerically integrated density is 9.99997 (-0.0003 %).
ADIIS weights
 5.37e-15  2.13e-14  5.36e-15  2.02e-14  6.35e-10  1.05e-05  1.00e+00 
CDIIS weights
 2.85e-06 -6.35e-05  1.02e-06 -3.07e-04  2.94e-03  5.17e-02  9.46e-01 
 DIIS weights
 2.85e-06 -6.35e-05  1.02e-06 -3.07e-04  2.94e-03  5.17e-02  9.46e-01 

Solving SCF equations ... done (0.00 s)

DIIS error                    :  3.845053e-05
Energy change                 : -6.555598e-06
Max total density change      :  1.817084e-05
Max rms   density change      :  6.567131e-07
Dipole mu = ( 0.00000000, -0.00000000, -1.87482309) D

Iteration took 0.09 s.

 ******* Iteration    8 ********
Forming HF Coulomb matrix ... done (0.01 s)
Computing DFT exchange and correlation ... done (0.08 s)
Numerically integrated density is 9.99997 (-0.0003 %).
ADIIS weights
 1.77e-15  4.41e-14  1.40e-14  1.80e-11  2.92e-12  4.50e-06  5.04e-01  4.96e-01 
CDIIS weights
 1.06e-08 -6.21e-06  5.80e-06 -8.24e-05 -1.62e-04  1.52e-03  4.35e-02  9.55e-01 
 DIIS weights
 1.06e-08 -6.21e-06  5.80e-06 -8.24e-05 -1.62e-04  1.52e-03  4.35e-02  9.55e-01 

Solving SCF equations ... done (0.00 s)

DIIS error                    :  1.172970e-06
Energy change                 : -4.035442e-09
Max total density change      :  3.717995e-07
Max rms   density change      :  1.769759e-08
Dipole mu = ( 0.00000000,  0.00000000, -1.87482657) D

Iteration took 0.09 s.

 ******* Convergence achieved ********
Solution of RDFT took 1.04 s.

Kinetic               energy:  7.6013742024025660e+01
Nuclear attraction    energy: -1.9910776523513545e+02
Total one-electron    energy: -1.2309402321110969e+02
Nuclear repulsion     energy:  9.1892222448251033e+00
Coulomb               energy:  4.6784462612207783e+01
Exchange-correlation  energy: -9.2541594266096503e+00
Non-local correlation energy:  0.0000000000000000e+00
-----------------------------------------------------
                Total energy: -7.6374497780686454e+01
               Virial factor:  1.0047459281316102e+00

Dipole mu = ( 0.00000000,  0.00000000, -1.87482657) D

HOMO-LUMO gap is    6.95 eV. Orbital energies:
     -18.7413*      -0.9202*      -0.4731*      -0.3294*      -0.2510*
       0.0044        0.0801        0.3246        0.3647        0.4521 
       0.5144        0.5760        0.5856        0.6454        0.6576 
       0.7392        0.9769        1.1889        1.2038        1.5826 
       1.6323        1.7042        1.7243        1.8602        1.9061 
       2.1721        2.3484        2.7909        2.9947        3.0782 
       3.1968        3.2420        3.4228        3.4667        3.5055 
       3.5335        3.5741        3.5760        3.8375        3.9245 
       4.0956        4.1006        4.3273        4.4164        4.4599 
       4.6096        5.1271        5.2344        5.4961        6.1885 
       6.2879        6.2923        6.3537        6.4096        6.4352 
       6.6692        6.7161        6.7433        6.9380        7.3506 
       8.3119        8.3878        9.3556       14.6000       15.8259 
HOMO-LUMO gap is    6.95 eV. Energies of lowest lying orbitals:
     -18.7413*      -0.9202*      -0.4731*      -0.3294*      -0.2510*
       0.0044        0.0801        0.3246        0.3647        0.4521 

A pure exchange functional used, no exact exchange.
Constructing XC grid.
	atom  Npoints      Nfuncs  t
	   3     6009      352054  0.51 s
	   2     6009      356205  0.51 s
	   1     6458      420742  0.61 s
DFT XC grid constructed in 0.61 s.

 ******* Iteration    1 ********
Forming HF Coulomb matrix ... done (0.01 s)
Computing DFT exchange and correlation ... done (0.18 s)
Numerically integrated density is 10.00000 (+0.0000 %).
ADIIS weights
 1.00e+00 
CDIIS weights
 1.00e+00 
 DIIS weights
 1.00e+00 

Solving SCF equations ... done (0.00 s)

DIIS error                    :  1.382678e-04
Energy change                 : -7.637447e+01
Max total density change      :  2.986500e-05
Max rms   density change      :  2.017831e-06
Dipole mu = (-0.00000000, -0.00000000, -1.87507969) D

Iteration took 0.19 s.

 ******* Iteration    2 ********
Forming HF Coulomb matrix ... done (0.01 s)
Computing DFT exchange and correlation ... done (0.17 s)
Numerically integrated density is 10.00000 (+0.0000 %).
ADIIS weights
 2.38e-01  7.62e-01 
CDIIS weights
 1.55e-01  8.45e-01 
 DIIS weights
 1.55e-01  8.45e-01 

Solving SCF equations ... done (0.00 s)

DIIS error                    :  5.193883e-05
Energy change                 : -3.448321e-09
Max total density change      :  3.481974e-05
Max rms   density change      :  1.385734e-06
Dipole mu = ( 0.00000000, -0.00000000, -1.87459848) D

Iteration took 0.18 s.

 ******* Iteration    3 ********
Forming HF Coulomb matrix ... done (0.01 s)
Computing DFT exchange and correlation ... done (0.18 s)
Numerically integrated density is 10.00000 (+0.0000 %).
ADIIS weights
 9.43e-02  7.00e-01  2.05e-01 
CDIIS weights
 3.24e-03  5.77e-01  4.20e-01 
 DIIS weights
 3.24e-03  5.77e-01  4.20e-01 

Solving SCF equations ... done (0.00 s)

DIIS error                    :  7.107979e-05
Energy change                 :  4.408776e-09
Max total density change      :  2.101634e-05
Max rms   density change      :  8.627725e-07
Dipole mu = (-0.00000000,  0.00000000, -1.87489754) D

Iteration took 0.18 s.

 ******* Iteration    4 ********
Forming HF Coulomb matrix ... done (0.01 s)
Computing DFT exchange and correlation ... done (0.17 s)
Numerically integrated density is 10.00000 (+0.0000 %).
ADIIS weights
 1.73e-04  4.50e-01  6.46e-02  4.85e-01 
CDIIS weights
 6.07e-04  1.24e-01  1.15e-01  7.60e-01 
 DIIS weights
 6.07e-04  1.24e-01  1.15e-01  7.60e-01 

Solving SCF equations ... done (0.00 s)

DIIS error                    :  2.443578e-06
Energy change                 : -8.679052e-09
Max total density change      :  6.716339e-07
Max rms   density change      :  2.794944e-08
Dipole mu = (-0.00000000, -0.00000000, -1.87489184) D

Iteration took 0.18 s.

 ******* Iteration    5 ********
Forming HF Coulomb matrix ... done (0.01 s)
Computing DFT exchange and correlation ... done (0.17 s)
Numerically integrated density is 10.00000 (+0.0000 %).
ADIIS weights
 6.56e-03  2.86e-01  3.16e-02  3.40e-01  3.36e-01 
CDIIS weights
 7.38e-06  2.09e-02  2.37e-02  1.86e-01  7.69e-01 
 DIIS weights
 7.38e-06  2.09e-02  2.37e-02  1.86e-01  7.69e-01 

Solving SCF equations ... done (0.00 s)

DIIS error                    :  1.772447e-07
Energy change                 : -1.217870e-11
Max total density change      :  1.493080e-07
Max rms   density change      :  5.210204e-09
Dipole mu = (-0.00000000,  0.00000000, -1.87488924) D

Iteration took 0.18 s.

 ******* Iteration    6 ********
Forming HF Coulomb matrix ... done (0.01 s)
Computing DFT exchange and correlation ... done (0.17 s)
Numerically integrated density is 10.00000 (+0.0000 %).
ADIIS weights
 1.25e-03  2.05e-01  3.55e-02  2.54e-01  2.52e-01  2.52e-01 
CDIIS weights
-1.46e-05  8.49e-04  1.10e-03  7.85e-03  1.06e-01  8.85e-01 
 DIIS weights
-1.46e-05  8.49e-04  1.10e-03  7.85e-03  1.06e-01  8.85e-01 

Solving SCF equations ... done (0.00 s)

DIIS error                    :  9.393796e-09
Energy change                 : -2.273737e-13
Max total density change      :  8.645548e-09
Max rms   density change      :  4.192411e-10
Dipole mu = (-0.00000000, -0.00000000, -1.87488946) D

Iteration took 0.18 s.

 ******* Iteration    7 ********
Forming HF Coulomb matrix ... done (0.01 s)
Computing DFT exchange and correlation ... done (0.17 s)
Numerically integrated density is 10.00000 (+0.0000 %).
ADIIS weights
 2.40e-03  1.56e-01  2.82e-02  2.05e-01  2.03e-01  2.03e-01  2.03e-01 
CDIIS weights
-2.13e-06  4.84e-05  5.12e-05  4.18e-04  7.73e-03  1.06e-01  8.86e-01 
 DIIS weights
-2.13e-06  4.84e-05  5.12e-05  4.18e-04  7.73e-03  1.06e-01  8.86e-01 

Solving SCF equations ... done (0.00 s)

DIIS error                    :  1.183356e-09
Energy change                 : -4.263256e-14
Max total density change      :  6.110571e-10
Max rms   density change      :  2.838570e-11
Dipole mu = (-0.00000000,  0.00000000, -1.87488945) D

Iteration took 0.18 s.

 ******* Convergence achieved ********
Solution of RDFT took 1.90 s.

Kinetic               energy:  7.6013972099210264e+01
Nuclear attraction    energy: -1.9910823789759277e+02
Total one-electron    energy: -1.2309426579838258e+02
Nuclear repulsion     energy:  9.1892222448251033e+00
Coulomb               energy:  4.6784729152068500e+01
Exchange-correlation  energy: -9.2541576383879907e+00
Non-local correlation energy:  0.0000000000000000e+00
-----------------------------------------------------
                Total energy: -7.6374472039876963e+01
               Virial factor:  1.0047425483856598e+00

Dipole mu = (-0.00000000,  0.00000000, -1.87488945) D

HOMO-LUMO gap is    6.95 eV. Orbital energies:
     -18.7412*      -0.9201*      -0.4731*      -0.3294*      -0.2510*
       0.0044        0.0801        0.3246        0.3647        0.4521 
       0.5144        0.5760        0.5856        0.6454        0.6575 
       0.7392        0.9769        1.1889        1.2038        1.5826 
       1.6323        1.7042        1.7243        1.8602        1.9060 
       2.1721        2.3484        2.7908        2.9947        3.0782 
       3.1968        3.2420        3.4228        3.4667        3.5055 
       3.5335        3.5741        3.5760        3.8375        3.9245 
       4.0956        4.1005        4.3273        4.4164        4.4599 
       4.6096        5.1271        5.2344        5.4961        6.1885 
       6.2879        6.2923        6.3537        6.4097        6.4352 
       6.6692        6.7161        6.7433        6.9380        7.3506 
       8.3119        8.3878        9.3557       14.6000       15.8255 

Mulliken charges
   1 O           -0.345342
   2 H            0.172671
   3 H            0.172671
Sum of Mulliken charges 3.397282e-14

Electron density at nuclei
   1 O          297.593864
   2 H            0.427331
   3 H            0.427331

Running program took 3.31 s.
Current time is Wed 25 Feb 2015 01:23:45.
