Basis set cc-pVTZ found in file cc-pVTZ.gbs in /home/work/erkale/source/erkale/basis/.


Current Settings used by ERKALE:
     AtomGuess      	                Auto	Method used for atomic guess (Auto for same as method)
     Basis          	             cc-pVTZ	Basis set used in calculation
     BasisCutoff    	           1.000e-08	Cutoff for dropping out small primitives from contraction
     BasisOrth      	                Auto	Method of orthonormalization of basis set
     BasisRotate    	                true	Rotate basis set to remove redundant functions?
     C1-DIIS        	               false	Use older version of DIIS (C1-DIIS instead of C2-DIIS)?
     Charge         	                   0	Total charge of system
     DFTDelta       	           5.000e+03	Switch to final DFT grid, relative to deltaE and deltaP
     DFTDirect      	               false	Save memory by not storing values of basis functions in memory
     DFTFinalTol    	           1.000e-05	Tolerance of final DFT grid
     DFTGrid        	                Auto	DFT integration grid to use: nrad lmax or Auto for adaptive
     DFTInitialTol  	           1.000e-04	Tolerance of initial DFT grid
     DFTLobatto     	               false	Use Lobatto quadrature instead of Lebedev quadrature?
     DIISEps        	           1.000e-01	Start mixing in DIIS when error is
     DIISOrder      	                  10	How many DIIS iterations to keep in memory?
     DIISThr        	           1.000e-02	DIIS error threshold for DIIS updates
     DecFock        	               false	Use decontracted basis to calculate Fock matrix (direct HF)
     Decontract     	                    	Indices of atoms to decontract basis set for
     DeltaEmax      	           1.000e-06	Maximum allowed change of energy
     DeltaPmax      	           1.000e-06	Maximum allowed maximum difference of density matrix
     DeltaPrms      	           1.000e-08	Maximum allowed RMS difference of density matrix
     DensityFitting 	               false	Use density fitting / RI?
     Direct         	               false	Calculate two-electron integrals (or density fitting) on-the-fly?
     EField         	         0.0 0.0 0.0	Electric field
     FittingBasis   	                Auto	Basis to use for density fitting / RI (Auto for automatic)
     FittingMemory  	                1000	Amount of memory in MB to use for exchange fitting
     FittingThreshold	           1.000e-08	Linear dependence threshold for Coulomb integrals in density fitting
     ForcePol       	               false	Force polarized calculation
     FreezeCore     	               false	Freeze the atomic cores?
     Guess          	              Atomic	Used guess: atomic (default), core, or GWH
     IntegralThresh 	           1.000e-14	Integral screening threshold
     LineSearch     	               false	Do line search in level shift (EXPENSIVE!)
     LoadChk        	                    	File to load old results from
     Logfile        	     H2O_tz_tpss.log	File to print out full information, stdout for screen
     MaxIter        	                 100	Maximum number of iterations in SCF cycle
     Method         	mgga_x_tpss-mgga_c_tpss	Method used in calculation (HF or a DFT functional)
     Multiplicity   	                   1	Spin multiplicity
     NLGrid         	             50 -194	Integration grid to use for nonlocal correlation: nrad lmax
     Occupancies    	                    	Orbital occupancies
     PZ             	                  No	Perform Perdew-Zunger self-interaction correction? No, Pert, Full, OldFull, Real, Can, CanPert
     PZEmax         	           1.000e-06	Threshold for energy change in unitary optimization
     PZHam          	                Symm	Hamiltonian to use in PZ-SIC: Symm, United
     PZKmax         	           1.000e-03	Threshold for kappa max in unitary optimization
     PZKrms         	           1.000e-04	Threshold for kappa rms in unitary optimization
     PZdEmax        	           1.000e-05	Tolerance threshold for energy convergence
     PZdPmax        	           1.000e-05	Tolerance threshold for density convergence
     PZdPrms        	           1.000e-06	Tolerance threshold for density convergence
     PZiter         	                  20	Max number of iterations in self-consistency iteration
     PZloc          	                true	Initial localization before SIC calculation?
     PZmode         	                  XC	Apply PZ to the operators (in addition to J): X C D
     PZseed         	                   0	Seed number for randomized matrices?
     PZstab         	                   0	Stability analysis for PZ-SIC? 0 for no, 1 for oo block, 2 for full analysis
     PZstabFz       	                    	Orbitals to freeze for stability analysis (only oo!)
     PZunit         	                  10	Max number of iterations in unitary optimization
     PZw            	           1.000e+00	Weight for Perdew-Zunger self-interaction correction
     SaveChk        	     H2O_tz_tpss.chk	File to use as checkpoint
     Shift          	           0.000e+00	Level shift to use in Hartree
     StrictIntegrals	               false	Use strict integrals?
     System         	             H2O.xyz	System as an xyz file
     UseADIIS       	                true	Use ADIIS for Fock matrix interpolation?
     UseBroyden     	               false	Use Broyden mixing of Fock matrices?
     UseDIIS        	                true	Use Pulay's Direct Inversion in the Iterative Subspace?
     UseLM          	                true	Use a spherical harmonics basis set by default?
     UseTRDSM       	               false	Use Trust-Region DSM?
     UseTRRH        	               false	Use Trust-Region Roothaan-Hall?
     VV10           	                Auto	Use VV10 non-local correlation?
     VV10Pars       	                    	VV10 parameters: b C
     Verbose        	                true	Verbose calculation?

Performing mgga_x_tpss-mgga_c_tpss guess for atoms:
	1  (0.11 s)
	2 3  (0.03 s)
Diagonalizing density matrix ... done (0.00 s)
Atomic guess formed in 0.15 s.

There are 22 shells and 3 nuclei in the basis set.

List of nuclei, geometry in Ångström with three decimal places:
		 Z	    x	    y	    z
1	O	 8	  0.000	  0.000	  0.118
2	H	 1	  0.000	  0.755	 -0.471
3	H	 1	  0.000	 -0.755	 -0.471

Interatomic distance matrix:
          1O    2H 
   2H  0.958
   3H  0.958 1.511

List of basis functions:
Shell    1	S cart shell at nucleus   1 with with basis functions    1-1   
Shell    2	S cart shell at nucleus   1 with with basis functions    2-2   
Shell    3	S cart shell at nucleus   1 with with basis functions    3-3   
Shell    4	S cart shell at nucleus   1 with with basis functions    4-4   
Shell    5	P cart shell at nucleus   1 with with basis functions    5-7   
Shell    6	P cart shell at nucleus   1 with with basis functions    8-10  
Shell    7	P cart shell at nucleus   1 with with basis functions   11-13  
Shell    8	D  sph shell at nucleus   1 with with basis functions   14-18  
Shell    9	D  sph shell at nucleus   1 with with basis functions   19-23  
Shell   10	F  sph shell at nucleus   1 with with basis functions   24-30  
Shell   11	S cart shell at nucleus   2 with with basis functions   31-31  
Shell   12	S cart shell at nucleus   2 with with basis functions   32-32  
Shell   13	S cart shell at nucleus   2 with with basis functions   33-33  
Shell   14	P cart shell at nucleus   2 with with basis functions   34-36  
Shell   15	P cart shell at nucleus   2 with with basis functions   37-39  
Shell   16	D  sph shell at nucleus   2 with with basis functions   40-44  
Shell   17	S cart shell at nucleus   3 with with basis functions   45-45  
Shell   18	S cart shell at nucleus   3 with with basis functions   46-46  
Shell   19	S cart shell at nucleus   3 with with basis functions   47-47  
Shell   20	P cart shell at nucleus   3 with with basis functions   48-50  
Shell   21	P cart shell at nucleus   3 with with basis functions   51-53  
Shell   22	D  sph shell at nucleus   3 with with basis functions   54-58  

Basis set contains 58 functions, maximum angular momentum is 3.
Spherical harmonic Gaussians are used by default, there are 65 cartesians.

Forming overlap matrix ... done (0.00 s)
Forming kinetic energy matrix ... done (0.00 s)
Forming nuclear attraction matrix ... done (0.00 s)

Smallest eigenvalue of overlap matrix is 2.53e-03, ratio to largest is 4.80e-04.
Using symmetric orthogonalization.
Basis set diagonalized in 0.00 s.

Forming table of 1621115 ERIs, requiring 12 Mi 376 ki of memory ... done (0.36 s)
253 shell pairs out of 253 are significant.

Initialization of computation done in 0.37 s.

Used exchange functional is mgga_x_tpss, 'Tao, Perdew, Staroverov & Scuseria', defined in the reference(s):
J. Tao, J. P. Perdew, V. N. Staroverov, and G. E. Scuseria, Phys. Rev. Lett. 91, 146401 (2003) (DOI 10.1103/PhysRevLett.91.146401)
J. P. Perdew, J. Tao, V. N. Staroverov, and G. E. Scuseria, J. Chem. Phys. 120, 6898 (2004) (DOI 10.1063/1.1665298)

Used correlation functional is mgga_c_tpss, 'Tao, Perdew, Staroverov & Scuseria', defined in the reference(s):
J. Tao, J. P. Perdew, V. N. Staroverov, and G. E. Scuseria, Phys. Rev. Lett. 91, 146401 (2003) (DOI 10.1103/PhysRevLett.91.146401)
J. P. Perdew, J. Tao, V. N. Staroverov, and G. E. Scuseria, J. Chem. Phys. 120, 6898 (2004) (DOI 10.1063/1.1665298)

HOMO-LUMO gap is    2.43 eV. Energies of lowest lying orbitals:
     -19.0314*      -0.9443*      -0.3741*      -0.3741*      -0.3741*
      -0.2847       -0.2847        0.2209        0.2209        0.5104 

A pure exchange functional used, no exact exchange.
Constructing XC grid.
	atom  Npoints      Nfuncs  t
	   2     3205      175255  0.48 s
	   3     3205      173559  0.48 s
	   1     3376      196140  0.55 s
DFT XC grid constructed in 0.55 s.

 ******* Iteration    1 ********
Forming HF Coulomb matrix ... done (0.01 s)
Computing DFT exchange and correlation ... done (0.15 s)
Numerically integrated density is 9.99998 (-0.0002 %).
ADIIS weights
 1.00e+00 
CDIIS weights
 1.00e+00 
 DIIS weights
 1.00e+00 

Solving SCF equations ... done (0.00 s)

DIIS error                    :  4.345927e-01
Energy change                 : -7.616808e+01
Max total density change      :  1.188698e-01
Max rms   density change      :  8.241888e-03
Dipole mu = ( 0.00000000,  0.00000000, -0.36441084) D

Iteration took 0.16 s.

 ******* Iteration    2 ********
Forming HF Coulomb matrix ... done (0.01 s)
Computing DFT exchange and correlation ... done (0.15 s)
Numerically integrated density is 9.99998 (-0.0002 %).
ADIIS weights
 1.60e-19  1.00e+00 
CDIIS weights
 1.78e-01  8.22e-01 
 DIIS weights
 1.60e-19  1.00e+00 

Solving SCF equations ... done (0.00 s)

DIIS error                    :  1.164757e-01
Energy change                 : -2.308163e-01
Max total density change      :  8.683016e-02
Max rms   density change      :  5.004939e-03
Dipole mu = ( 0.00000000,  0.00000000, -3.11098616) D

Iteration took 0.16 s.

 ******* Iteration    3 ********
Forming HF Coulomb matrix ... done (0.01 s)
Computing DFT exchange and correlation ... done (0.24 s)
Numerically integrated density is 9.99997 (-0.0003 %).
ADIIS weights
 1.92e-16  5.76e-01  4.24e-01 
CDIIS weights
 4.65e-02  5.52e-01  4.01e-01 
 DIIS weights
 1.92e-16  5.76e-01  4.24e-01 

Solving SCF equations ... done (0.00 s)

DIIS error                    :  1.992159e-01
Energy change                 :  2.233260e-02
Max total density change      :  4.258049e-02
Max rms   density change      :  2.641918e-03
Dipole mu = ( 0.00000000, -0.00000000, -1.95650450) D

Iteration took 0.25 s.

 ******* Iteration    4 ********
Forming HF Coulomb matrix ... done (0.01 s)
Computing DFT exchange and correlation ... done (0.24 s)
Numerically integrated density is 9.99997 (-0.0003 %).
ADIIS weights
 1.51e-15  4.43e-13  3.51e-13  1.00e+00 
CDIIS weights
-4.96e-04  2.08e-01  2.05e-01  5.88e-01 
 DIIS weights
-3.35e-04  1.40e-01  1.38e-01  7.21e-01 

Solving SCF equations ... done (0.00 s)

DIIS error                    :  3.916679e-02
Energy change                 : -8.075412e-02
Max total density change      :  1.612275e-02
Max rms   density change      :  7.218862e-04
Dipole mu = (-0.00000000,  0.00000000, -1.91179732) D

Iteration took 0.25 s.

 ******* Iteration    5 ********
Forming HF Coulomb matrix ... done (0.01 s)
Computing DFT exchange and correlation ... done (0.23 s)
Numerically integrated density is 9.99997 (-0.0003 %).
ADIIS weights
 3.87e-15  1.00e-13  5.42e-20  1.38e-01  8.62e-01 
CDIIS weights
-2.18e-04  1.04e-02 -2.09e-02  2.56e-01  7.55e-01 
 DIIS weights
-1.93e-04  9.25e-03 -1.86e-02  2.42e-01  7.67e-01 

Solving SCF equations ... done (0.00 s)

DIIS error                    :  2.006542e-02
Energy change                 : -2.284498e-03
Max total density change      :  5.207887e-03
Max rms   density change      :  2.286596e-04
Dipole mu = ( 0.00000000,  0.00000000, -1.86402336) D

Iteration took 0.24 s.

 ******* Iteration    6 ********
Forming HF Coulomb matrix ... done (0.01 s)
Computing DFT exchange and correlation ... done (0.23 s)
Numerically integrated density is 9.99997 (-0.0003 %).
ADIIS weights
 1.36e-15  9.52e-15  6.76e-13  4.69e-11  8.47e-08  1.00e+00 
CDIIS weights
-6.49e-05 -4.00e-04  5.76e-04  2.45e-02  1.48e-01  8.28e-01 
 DIIS weights
-6.49e-05 -4.00e-04  5.76e-04  2.45e-02  1.48e-01  8.28e-01 

Solving SCF equations ... done (0.00 s)

DIIS error                    :  2.602587e-03
Energy change                 : -5.809784e-04
Max total density change      :  5.078408e-04
Max rms   density change      :  2.828661e-05
Dipole mu = ( 0.00000000,  0.00000000, -1.87591451) D

Iteration took 0.24 s.

 ******* Iteration    7 ********
Forming HF Coulomb matrix ... done (0.01 s)
Computing DFT exchange and correlation ... done (0.24 s)
Numerically integrated density is 9.99997 (-0.0003 %).
ADIIS weights
 5.22e-15  1.55e-12  4.92e-16  6.01e-10  4.90e-09  7.61e-05  1.00e+00 
CDIIS weights
 4.99e-06 -1.77e-04  1.45e-04 -2.37e-03 -2.84e-03  4.88e-02  9.56e-01 
 DIIS weights
 4.99e-06 -1.77e-04  1.45e-04 -2.37e-03 -2.84e-03  4.88e-02  9.56e-01 

Solving SCF equations ... done (0.00 s)

DIIS error                    :  4.919436e-05
Energy change                 : -1.133751e-05
Max total density change      :  1.588643e-05
Max rms   density change      :  8.237881e-07
Dipole mu = ( 0.00000000,  0.00000000, -1.87548987) D

Iteration took 0.24 s.

 ******* Iteration    8 ********
Forming HF Coulomb matrix ... done (0.01 s)
Computing DFT exchange and correlation ... done (0.23 s)
Numerically integrated density is 9.99997 (-0.0003 %).
ADIIS weights
 1.10e-16  1.96e-15  2.36e-13  2.40e-13  3.79e-10  3.43e-07  5.04e-01  4.96e-01 
CDIIS weights
-3.38e-08 -4.24e-06  1.13e-05 -9.53e-05 -2.90e-04 -4.99e-04  3.06e-03  9.98e-01 
 DIIS weights
-3.38e-08 -4.24e-06  1.13e-05 -9.53e-05 -2.90e-04 -4.99e-04  3.06e-03  9.98e-01 

Solving SCF equations ... done (0.00 s)

DIIS error                    :  2.169128e-06
Energy change                 : -1.216833e-09
Max total density change      :  5.077240e-07
Max rms   density change      :  2.836716e-08
Dipole mu = ( 0.00000000,  0.00000000, -1.87549673) D

Iteration took 0.24 s.

 ******* Convergence achieved ********
Solution of RDFT took 2.34 s.

Kinetic               energy:  7.6156796702117106e+01
Nuclear attraction    energy: -1.9929613118393087e+02
Total one-electron    energy: -1.2313933448181373e+02
Nuclear repulsion     energy:  9.1892222448251033e+00
Coulomb               energy:  4.6844211290440974e+01
Exchange-correlation  energy: -9.3542969170130075e+00
Non-local correlation energy:  0.0000000000000000e+00
-----------------------------------------------------
                Total energy: -7.6460197863560666e+01
               Virial factor:  1.0039839013007636e+00

Dipole mu = ( 0.00000000,  0.00000000, -1.87549673) D

HOMO-LUMO gap is    7.40 eV. Orbital energies:
     -18.8740*      -0.9404*      -0.4773*      -0.3335*      -0.2541*
       0.0178        0.0896        0.3472        0.3948        0.4798 
       0.5618        0.6070        0.6072        0.6619        0.7555 
       0.8953        0.9967        1.2663        1.2918        1.7376 
       1.7593        1.7850        1.8687        1.9301        2.2502 
       2.6110        3.0416        3.1844        3.2765        3.3550 
       3.3606        3.5484        3.5833        3.6549        3.6865 
       3.6968        3.7682        3.9950        4.0235        4.2445 
       4.2809        4.5149        4.7536        4.8308        5.0937 
       5.6164        6.1358        6.3787        6.3828        6.4776 
       6.5658        6.6126        6.6573        6.8220        6.9753 
       7.3447        7.7840       12.1796 
HOMO-LUMO gap is    7.40 eV. Energies of lowest lying orbitals:
     -18.8740*      -0.9404*      -0.4773*      -0.3335*      -0.2541*
       0.0178        0.0896        0.3472        0.3948        0.4798 

A pure exchange functional used, no exact exchange.
Constructing XC grid.
	atom  Npoints      Nfuncs  t
	   3     7258      386377  1.19 s
	   1     6518      378725  1.44 s
	   2     7258      389797  1.48 s
DFT XC grid constructed in 1.48 s.

 ******* Iteration    1 ********
Forming HF Coulomb matrix ... done (0.01 s)
Computing DFT exchange and correlation ... done (0.35 s)
Numerically integrated density is 10.00000 (+0.0000 %).
ADIIS weights
 1.00e+00 
CDIIS weights
 1.00e+00 
 DIIS weights
 1.00e+00 

Solving SCF equations ... done (0.00 s)

DIIS error                    :  4.336629e-04
Energy change                 : -7.646022e+01
Max total density change      :  5.110041e-05
Max rms   density change      :  3.773360e-06
Dipole mu = ( 0.00000000,  0.00000000, -1.87637077) D

Iteration took 0.36 s.

 ******* Iteration    2 ********
Forming HF Coulomb matrix ... done (0.01 s)
Computing DFT exchange and correlation ... done (0.34 s)
Numerically integrated density is 10.00000 (+0.0000 %).
ADIIS weights
 6.00e-01  4.00e-01 
CDIIS weights
 4.27e-01  5.73e-01 
 DIIS weights
 4.27e-01  5.73e-01 

Solving SCF equations ... done (0.00 s)

DIIS error                    :  2.382704e-04
Energy change                 : -8.517134e-09
Max total density change      :  7.378951e-05
Max rms   density change      :  3.674815e-06
Dipole mu = ( 0.00000000,  0.00000000, -1.87507829) D

Iteration took 0.35 s.

 ******* Iteration    3 ********
Forming HF Coulomb matrix ... done (0.01 s)
Computing DFT exchange and correlation ... done (0.33 s)
Numerically integrated density is 10.00000 (+0.0000 %).
ADIIS weights
 5.95e-03  2.68e-01  7.26e-01 
CDIIS weights
 2.62e-02  3.58e-01  6.16e-01 
 DIIS weights
 2.62e-02  3.58e-01  6.16e-01 

Solving SCF equations ... done (0.00 s)

DIIS error                    :  1.291242e-04
Energy change                 : -2.686505e-08
Max total density change      :  2.683898e-05
Max rms   density change      :  1.427820e-06
Dipole mu = ( 0.00000000,  0.00000000, -1.87563778) D

Iteration took 0.33 s.

 ******* Iteration    4 ********
Forming HF Coulomb matrix ... done (0.01 s)
Computing DFT exchange and correlation ... done (0.51 s)
Numerically integrated density is 10.00000 (+0.0000 %).
ADIIS weights
 2.02e-02  2.77e-02  2.80e-01  6.72e-01 
CDIIS weights
-6.05e-04  2.00e-02  6.75e-02  9.13e-01 
 DIIS weights
-6.05e-04  2.00e-02  6.75e-02  9.13e-01 

Solving SCF equations ... done (0.00 s)

DIIS error                    :  4.138123e-06
Energy change                 : -3.726203e-08
Max total density change      :  8.223469e-07
Max rms   density change      :  5.692864e-08
Dipole mu = ( 0.00000000, -0.00000000, -1.87560690) D

Iteration took 0.52 s.

 ******* Iteration    5 ********
Forming HF Coulomb matrix ... done (0.01 s)
Computing DFT exchange and correlation ... done (0.32 s)
Numerically integrated density is 10.00000 (+0.0000 %).
ADIIS weights
 9.54e-03  1.38e-02  1.74e-01  4.02e-01  4.01e-01 
CDIIS weights
-1.74e-04  4.76e-03  1.76e-02  2.61e-01  7.17e-01 
 DIIS weights
-1.74e-04  4.76e-03  1.76e-02  2.61e-01  7.17e-01 

Solving SCF equations ... done (0.00 s)

DIIS error                    :  1.908576e-07
Energy change                 :  3.296492e-10
Max total density change      :  7.725567e-08
Max rms   density change      :  6.086250e-09
Dipole mu = ( 0.00000000, -0.00000000, -1.87560960) D

Iteration took 0.33 s.

 ******* Iteration    6 ********
Forming HF Coulomb matrix ... done (0.01 s)
Computing DFT exchange and correlation ... done (0.32 s)
Numerically integrated density is 10.00000 (+0.0000 %).
ADIIS weights
 5.02e-03  9.29e-03  1.28e-01  2.86e-01  2.86e-01  2.86e-01 
CDIIS weights
-3.39e-05  4.75e-05  6.61e-04  1.53e-02  1.16e-01  8.68e-01 
 DIIS weights
-3.39e-05  4.75e-05  6.61e-04  1.53e-02  1.16e-01  8.68e-01 

Solving SCF equations ... done (0.00 s)

DIIS error                    :  3.431656e-08
Energy change                 : -1.975309e-12
Max total density change      :  7.417528e-09
Max rms   density change      :  3.618154e-10
Dipole mu = (-0.00000000, -0.00000000, -1.87560950) D

Iteration took 0.33 s.

 ******* Iteration    7 ********
Forming HF Coulomb matrix ... done (0.01 s)
Computing DFT exchange and correlation ... done (0.52 s)
Numerically integrated density is 10.00000 (+0.0000 %).
ADIIS weights
 4.64e-03  5.47e-03  9.97e-02  2.23e-01  2.22e-01  2.22e-01  2.22e-01 
CDIIS weights
 1.11e-06 -3.93e-05 -1.59e-04 -2.59e-03 -1.33e-03  1.84e-02  9.86e-01 
 DIIS weights
 1.11e-06 -3.93e-05 -1.59e-04 -2.59e-03 -1.33e-03  1.84e-02  9.86e-01 

Solving SCF equations ... done (0.00 s)

DIIS error                    :  1.178952e-09
Energy change                 : -8.242296e-13
Max total density change      :  5.792928e-10
Max rms   density change      :  3.480055e-11
Dipole mu = ( 0.00000000, -0.00000000, -1.87560949) D

Iteration took 0.53 s.

 ******* Convergence achieved ********
Solution of RDFT took 4.23 s.

Kinetic               energy:  7.6159153889416871e+01
Nuclear attraction    energy: -1.9929967269901914e+02
Total one-electron    energy: -1.2314051880960224e+02
Nuclear repulsion     energy:  9.1892222448251033e+00
Coulomb               energy:  4.6845579809709797e+01
Exchange-correlation  energy: -9.3544993018194091e+00
Non-local correlation energy:  0.0000000000000000e+00
-----------------------------------------------------
                Total energy: -7.6460216056886750e+01
               Virial factor:  1.0039530660740668e+00

Dipole mu = ( 0.00000000, -0.00000000, -1.87560949) D

HOMO-LUMO gap is    7.40 eV. Orbital energies:
     -18.8735*      -0.9404*      -0.4773*      -0.3335*      -0.2541*
       0.0177        0.0896        0.3472        0.3948        0.4798 
       0.5618        0.6070        0.6072        0.6619        0.7555 
       0.8952        0.9967        1.2663        1.2918        1.7376 
       1.7593        1.7850        1.8688        1.9301        2.2502 
       2.6110        3.0416        3.1844        3.2765        3.3550 
       3.3606        3.5484        3.5833        3.6549        3.6864 
       3.6967        3.7681        3.9950        4.0235        4.2445 
       4.2809        4.5149        4.7535        4.8308        5.0937 
       5.6165        6.1359        6.3787        6.3828        6.4776 
       6.5658        6.6126        6.6573        6.8220        6.9753 
       7.3447        7.7839       12.1797 

Mulliken charges
   1 O           -0.429771
   2 H            0.214886
   3 H            0.214886
Sum of Mulliken charges 2.065015e-14

Electron density at nuclei
   1 O          298.193143
   2 H            0.426904
   3 H            0.426904

Running program took 7.13 s.
Current time is Wed 25 Feb 2015 01:23:39.
