Basis set cc-pVTZ found in file cc-pVTZ.gbs in /home/work/erkale/source/erkale/basis/.


Current Settings used by ERKALE:
     AtomGuess      	                Auto	Method used for atomic guess (Auto for same as method)
     Basis          	             cc-pVTZ	Basis set used in calculation
     BasisCutoff    	           1.000e-08	Cutoff for dropping out small primitives from contraction
     BasisOrth      	                Auto	Method of orthonormalization of basis set
     BasisRotate    	                true	Rotate basis set to remove redundant functions?
     C1-DIIS        	               false	Use older version of DIIS (C1-DIIS instead of C2-DIIS)?
     Charge         	                   0	Total charge of system
     DIISEps        	           1.000e-01	Start mixing in DIIS when error is
     DIISOrder      	                  10	How many DIIS iterations to keep in memory?
     DIISThr        	           1.000e-02	DIIS error threshold for DIIS updates
     DecFock        	               false	Use decontracted basis to calculate Fock matrix (direct HF)
     Decontract     	                    	Indices of atoms to decontract basis set for
     DeltaEmax      	           1.000e-06	Maximum allowed change of energy
     DeltaPmax      	           1.000e-06	Maximum allowed maximum difference of density matrix
     DeltaPrms      	           1.000e-08	Maximum allowed RMS difference of density matrix
     DensityFitting 	               false	Use density fitting / RI?
     Direct         	                true	Calculate two-electron integrals (or density fitting) on-the-fly?
     EField         	         0.0 0.0 0.0	Electric field
     FittingBasis   	                Auto	Basis to use for density fitting / RI (Auto for automatic)
     FittingMemory  	                1000	Amount of memory in MB to use for exchange fitting
     FittingThreshold	           1.000e-08	Linear dependence threshold for Coulomb integrals in density fitting
     ForcePol       	               false	Force polarized calculation
     FreezeCore     	               false	Freeze the atomic cores?
     Guess          	              Atomic	Used guess: atomic (default), core, or GWH
     IntegralThresh 	           1.000e-14	Integral screening threshold
     LineSearch     	               false	Do line search in level shift (EXPENSIVE!)
     LoadChk        	                    	File to load old results from
     Logfile        	      H2O_tz_dir.log	File to print out full information, stdout for screen
     MaxIter        	                 100	Maximum number of iterations in SCF cycle
     Method         	                  HF	Method used in calculation (HF or a DFT functional)
     Multiplicity   	                   1	Spin multiplicity
     Occupancies    	                    	Orbital occupancies
     SaveChk        	      H2O_tz_dir.chk	File to use as checkpoint
     Shift          	           0.000e+00	Level shift to use in Hartree
     StrictIntegrals	               false	Use strict integrals?
     System         	             H2O.xyz	System as an xyz file
     UseADIIS       	                true	Use ADIIS for Fock matrix interpolation?
     UseBroyden     	               false	Use Broyden mixing of Fock matrices?
     UseDIIS        	                true	Use Pulay's Direct Inversion in the Iterative Subspace?
     UseLM          	                true	Use a spherical harmonics basis set by default?
     UseTRDSM       	               false	Use Trust-Region DSM?
     UseTRRH        	               false	Use Trust-Region Roothaan-Hall?
     Verbose        	                true	Verbose calculation?

Performing HF guess for atoms:
	1  (0.05 s)
	2 3  (0.01 s)
Diagonalizing density matrix ... done (0.00 s)
Atomic guess formed in 0.05 s.

There are 22 shells and 3 nuclei in the basis set.

List of nuclei, geometry in Ångström with three decimal places:
		 Z	    x	    y	    z
1	O	 8	  0.000	  0.000	  0.118
2	H	 1	  0.000	  0.755	 -0.471
3	H	 1	  0.000	 -0.755	 -0.471

Interatomic distance matrix:
          1O    2H 
   2H  0.958
   3H  0.958 1.511

List of basis functions:
Shell    1	S cart shell at nucleus   1 with with basis functions    1-1   
Shell    2	S cart shell at nucleus   1 with with basis functions    2-2   
Shell    3	S cart shell at nucleus   1 with with basis functions    3-3   
Shell    4	S cart shell at nucleus   1 with with basis functions    4-4   
Shell    5	P cart shell at nucleus   1 with with basis functions    5-7   
Shell    6	P cart shell at nucleus   1 with with basis functions    8-10  
Shell    7	P cart shell at nucleus   1 with with basis functions   11-13  
Shell    8	D  sph shell at nucleus   1 with with basis functions   14-18  
Shell    9	D  sph shell at nucleus   1 with with basis functions   19-23  
Shell   10	F  sph shell at nucleus   1 with with basis functions   24-30  
Shell   11	S cart shell at nucleus   2 with with basis functions   31-31  
Shell   12	S cart shell at nucleus   2 with with basis functions   32-32  
Shell   13	S cart shell at nucleus   2 with with basis functions   33-33  
Shell   14	P cart shell at nucleus   2 with with basis functions   34-36  
Shell   15	P cart shell at nucleus   2 with with basis functions   37-39  
Shell   16	D  sph shell at nucleus   2 with with basis functions   40-44  
Shell   17	S cart shell at nucleus   3 with with basis functions   45-45  
Shell   18	S cart shell at nucleus   3 with with basis functions   46-46  
Shell   19	S cart shell at nucleus   3 with with basis functions   47-47  
Shell   20	P cart shell at nucleus   3 with with basis functions   48-50  
Shell   21	P cart shell at nucleus   3 with with basis functions   51-53  
Shell   22	D  sph shell at nucleus   3 with with basis functions   54-58  

Basis set contains 58 functions, maximum angular momentum is 3.
Spherical harmonic Gaussians are used by default, there are 65 cartesians.

Forming overlap matrix ... done (0.00 s)
Forming kinetic energy matrix ... done (0.00 s)
Forming nuclear attraction matrix ... done (0.00 s)

Smallest eigenvalue of overlap matrix is 2.53e-03, ratio to largest is 4.80e-04.
Using symmetric orthogonalization.
Basis set diagonalized in 0.00 s.

Forming ERI screening matrix ... done (0.00 s)
253 shell pairs out of 253 are significant.

Initialization of computation done in 0.00 s.

HOMO-LUMO gap is    5.89 eV. Energies of lowest lying orbitals:
     -20.7681*      -1.4567*      -0.7162*      -0.7162*      -0.7162*
      -0.4998       -0.4998        0.3488        0.3488        0.6975 

 ******* Iteration    1 ********
Computing HF Coulomb and exchange matrices.
Screening integrals with tolerance 1.000e-14 ... done (0.07 s)
ADIIS weights
 1.00e+00 
CDIIS weights
 1.00e+00 
 DIIS weights
 1.00e+00 

Solving SCF equations ... done (0.00 s)

DIIS error                    :  4.528763e-01
Energy change                 : -7.576614e+01
Max total density change      :  6.608104e-02
Max rms   density change      :  5.032653e-03
Dipole mu = ( 0.00000000, -0.00000000, -1.69477504) D

Iteration took 0.07 s.

 ******* Iteration    2 ********
Computing HF Coulomb and exchange matrices.
Screening integrals with tolerance 1.000e-14 ... done (0.07 s)
ADIIS weights
 3.56e-30  1.00e+00 
CDIIS weights
 5.30e-03  9.95e-01 
 DIIS weights
 2.49e-03  9.98e-01 

Solving SCF equations ... done (0.00 s)

DIIS error                    :  5.767496e-02
Energy change                 : -2.810653e-01
Max total density change      :  1.522036e-02
Max rms   density change      :  7.803979e-04
Dipole mu = ( 0.00000000,  0.00000000, -2.04940434) D

Iteration took 0.07 s.

 ******* Iteration    3 ********
Computing HF Coulomb and exchange matrices.
Screening integrals with tolerance 1.000e-14 ... done (0.07 s)
ADIIS weights
 3.08e-19  1.59e-18  1.00e+00 
CDIIS weights
-1.43e-02 -3.15e-02  1.05e+00 
 DIIS weights
-1.27e-02 -2.79e-02  1.04e+00 

Solving SCF equations ... done (0.00 s)

DIIS error                    :  2.022432e-02
Energy change                 : -8.994066e-03
Max total density change      :  7.769982e-03
Max rms   density change      :  4.241975e-04
Dipole mu = ( 0.00000000, -0.00000000, -1.99484956) D

Iteration took 0.07 s.

 ******* Iteration    4 ********
Computing HF Coulomb and exchange matrices.
Screening integrals with tolerance 1.000e-14 ... done (0.07 s)
ADIIS weights
 9.51e-16  9.32e-13  6.92e-11  1.00e+00 
CDIIS weights
-1.76e-03 -6.42e-02  2.75e-01  7.91e-01 
 DIIS weights
-1.76e-03 -6.42e-02  2.75e-01  7.91e-01 

Solving SCF equations ... done (0.00 s)

DIIS error                    :  7.054175e-03
Energy change                 : -7.466806e-04
Max total density change      :  2.237324e-03
Max rms   density change      :  1.087711e-04
Dipole mu = ( 0.00000000, -0.00000000, -2.02928184) D

Iteration took 0.07 s.

 ******* Iteration    5 ********
Computing HF Coulomb and exchange matrices.
Screening integrals with tolerance 1.000e-14 ... done (0.07 s)
ADIIS weights
 2.17e-14  4.37e-13  9.57e-12  4.31e-11  1.00e+00 
CDIIS weights
 8.83e-04 -9.36e-03 -6.45e-02  7.02e-02  1.00e+00 
 DIIS weights
 8.83e-04 -9.36e-03 -6.45e-02  7.02e-02  1.00e+00 

Solving SCF equations ... done (0.00 s)

DIIS error                    :  2.237002e-03
Energy change                 : -1.438277e-04
Max total density change      :  8.690424e-04
Max rms   density change      :  3.791947e-05
Dipole mu = ( 0.00000000,  0.00000000, -2.03138192) D

Iteration took 0.07 s.

 ******* Iteration    6 ********
Computing HF Coulomb and exchange matrices.
Screening integrals with tolerance 1.000e-14 ... done (0.07 s)
ADIIS weights
 1.40e-16  3.62e-16  2.25e-09  2.48e-09  1.99e-07  1.00e+00 
CDIIS weights
-1.68e-04  3.08e-03  1.08e-02 -2.50e-02 -2.23e-01  1.23e+00 
 DIIS weights
-1.68e-04  3.08e-03  1.08e-02 -2.50e-02 -2.23e-01  1.23e+00 

Solving SCF equations ... done (0.00 s)

DIIS error                    :  1.595308e-04
Energy change                 : -6.236585e-06
Max total density change      :  9.971279e-05
Max rms   density change      :  4.854145e-06
Dipole mu = ( 0.00000000,  0.00000000, -2.03172220) D

Iteration took 0.07 s.

 ******* Iteration    7 ********
Computing HF Coulomb and exchange matrices.
Screening integrals with tolerance 1.000e-14 ... done (0.07 s)
ADIIS weights
 7.73e-15  3.90e-13  8.14e-10  7.98e-09  3.94e-07  1.12e-03  9.99e-01 
CDIIS weights
 3.65e-05 -8.10e-04 -2.49e-03  6.81e-03  5.60e-02 -4.38e-01  1.38e+00 
 DIIS weights
 3.65e-05 -8.10e-04 -2.49e-03  6.81e-03  5.60e-02 -4.38e-01  1.38e+00 

Solving SCF equations ... done (0.00 s)

DIIS error                    :  3.208490e-05
Energy change                 : -7.532572e-08
Max total density change      :  1.982127e-05
Max rms   density change      :  9.835996e-07
Dipole mu = ( 0.00000000, -0.00000000, -2.03180189) D

Iteration took 0.07 s.

 ******* Iteration    8 ********
Computing HF Coulomb and exchange matrices.
Screening integrals with tolerance 1.000e-14 ... done (0.07 s)
ADIIS weights
 1.87e-15  1.06e-14  2.34e-12  8.28e-12  6.08e-07  6.62e-03  4.98e-01  4.95e-01 
CDIIS weights
-5.68e-06  1.41e-04  3.83e-04 -1.02e-03 -9.80e-03  8.50e-02 -3.68e-01  1.29e+00 
 DIIS weights
-5.68e-06  1.41e-04  3.83e-04 -1.02e-03 -9.80e-03  8.50e-02 -3.68e-01  1.29e+00 

Solving SCF equations ... done (0.00 s)

DIIS error                    :  5.477130e-06
Energy change                 : -3.349726e-09
Max total density change      :  2.511527e-06
Max rms   density change      :  1.345354e-07
Dipole mu = ( 0.00000000, -0.00000000, -2.03181129) D

Iteration took 0.07 s.

 ******* Iteration    9 ********
Computing HF Coulomb and exchange matrices.
Screening integrals with tolerance 1.000e-14 ... done (0.07 s)
ADIIS weights
 2.74e-13  6.00e-09  2.61e-07  2.57e-06  1.79e-04  3.36e-03  2.54e-01  3.76e-01  3.67e-01 
CDIIS weights
 7.10e-07 -2.11e-05 -2.88e-05  1.09e-04  1.27e-03 -1.26e-02  6.62e-02 -3.56e-01  1.30e+00 
 DIIS weights
 7.10e-07 -2.11e-05 -2.88e-05  1.09e-04  1.27e-03 -1.26e-02  6.62e-02 -3.56e-01  1.30e+00 

Solving SCF equations ... done (0.00 s)

DIIS error                    :  3.599172e-07
Energy change                 : -8.100187e-11
Max total density change      :  7.825984e-07
Max rms   density change      :  3.779885e-08
Dipole mu = ( 0.00000000, -0.00000000, -2.03181569) D

Iteration took 0.07 s.

 ******* Iteration   10 ********
Computing HF Coulomb and exchange matrices.
Screening integrals with tolerance 1.000e-14 ... done (0.07 s)
ADIIS weights
 8.36e-17  1.04e-13  3.49e-13  2.45e-10  2.26e-08  1.52e-05  2.43e-01  2.54e-01  2.52e-01  2.52e-01 
CDIIS weights
-9.90e-08  2.92e-06  2.11e-06 -8.90e-06 -1.79e-04  1.80e-03 -1.04e-02  6.97e-02 -3.34e-01  1.27e+00 
 DIIS weights
-9.90e-08  2.92e-06  2.11e-06 -8.90e-06 -1.79e-04  1.80e-03 -1.04e-02  6.97e-02 -3.34e-01  1.27e+00 

Solving SCF equations ... done (0.00 s)

DIIS error                    :  5.204219e-08
Energy change                 : -1.847411e-12
Max total density change      :  9.669566e-08
Max rms   density change      :  5.227090e-09
Dipole mu = ( 0.00000000, -0.00000000, -2.03181622) D

Iteration took 0.07 s.

 ******* Iteration   11 ********
Computing HF Coulomb and exchange matrices.
Screening integrals with tolerance 1.000e-14 ... done (0.07 s)
ADIIS weights
 3.91e-14  7.59e-13  4.69e-10  1.10e-08  5.93e-04  1.77e-01  2.07e-01  2.05e-01  2.05e-01  2.05e-01 
CDIIS weights
-2.69e-07  1.46e-06 -1.90e-06  7.84e-06 -1.63e-04  1.64e-03 -1.70e-02  1.01e-01 -5.75e-01  1.49e+00 
 DIIS weights
-2.69e-07  1.46e-06 -1.90e-06  7.84e-06 -1.63e-04  1.64e-03 -1.70e-02  1.01e-01 -5.75e-01  1.49e+00 

Solving SCF equations ... done (0.00 s)

DIIS error                    :  1.115786e-08
Energy change                 : -2.842171e-14
Max total density change      :  9.103722e-09
Max rms   density change      :  8.987632e-10
Dipole mu = ( 0.00000000, -0.00000000, -2.03181636) D

Iteration took 0.07 s.

 ******* Iteration   12 ********
Computing HF Coulomb and exchange matrices.
Screening integrals with tolerance 1.000e-14 ... done (0.07 s)
ADIIS weights
 4.59e-13  1.48e-09  6.85e-07  8.99e-04  1.53e-01  1.70e-01  1.69e-01  1.69e-01  1.69e-01  1.69e-01 
CDIIS weights
-3.17e-07  4.71e-07  1.95e-06 -4.47e-06 -1.19e-04  2.09e-03 -1.47e-02  1.07e-01 -3.86e-01  1.29e+00 
 DIIS weights
-3.17e-07  4.71e-07  1.95e-06 -4.47e-06 -1.19e-04  2.09e-03 -1.47e-02  1.07e-01 -3.86e-01  1.29e+00 

Solving SCF equations ... done (0.00 s)

DIIS error                    :  3.353882e-09
Energy change                 : -1.136868e-13
Max total density change      :  1.421766e-09
Max rms   density change      :  1.115063e-10
Dipole mu = ( 0.00000000, -0.00000000, -2.03181637) D

Iteration took 0.07 s.

 ******* Convergence achieved ********
Solution of RHF took 0.86 s.

Kinetic               energy:  7.6003745731482141e+01
Nuclear attraction    energy: -1.9911185696313578e+02
Total one-electron    energy: -1.2310811123165368e+02
Nuclear repulsion     energy:  9.1892222448251033e+00
Coulomb               energy:  4.6820079972540462e+01
Exchange              energy: -8.9582894194535019e+00
-----------------------------------------------------
                Total energy: -7.6057098433741615e+01
               Virial factor:  1.0007019746427757e+00

Dipole mu = ( 0.00000000, -0.00000000, -2.03181637) D

HOMO-LUMO gap is   17.60 eV. Orbital energies:
     -20.5550*      -1.3456*      -0.7087*      -0.5784*      -0.5046*
       0.1421        0.2041        0.5433        0.6033        0.6681 
       0.7873        0.7987        0.8055        0.8618        0.9535 
       1.1327        1.1979        1.5254        1.5662        2.0385 
       2.0531        2.0649        2.1719        2.2338        2.5878 
       2.9645        3.3521        3.4889        3.5848        3.6579 
       3.7996        3.8782        3.8858        3.9627        4.0183 
       4.0749        4.1925        4.3108        4.3830        4.5895 
       4.6842        4.8644        5.1592        5.2516        5.5265 
       6.0524        6.5735        6.9213        6.9415        7.0033 
       7.0206        7.0538        7.1713        7.2370        7.4534 
       7.7948        8.2897       12.8649 

Mulliken charges
   1 O           -0.482066
   2 H            0.241033
   3 H            0.241033
Sum of Mulliken charges 1.476597e-14

Electron density at nuclei
   1 O          298.589126
   2 H            0.408698
   3 H            0.408698

Running program took 0.93 s.
Current time is Wed 25 Feb 2015 01:23:15.
