Basis set aug-cc-pVTZ found in file aug-cc-pVTZ.gbs in /home/work/erkale/source/erkale/basis/.


Current Settings used by ERKALE:
     AtomGuess      	                Auto	Method used for atomic guess (Auto for same as method)
     Basis          	         aug-cc-pVTZ	Basis set used in calculation
     BasisCutoff    	           1.000e-08	Cutoff for dropping out small primitives from contraction
     BasisOrth      	                Auto	Method of orthonormalization of basis set
     BasisRotate    	                true	Rotate basis set to remove redundant functions?
     C1-DIIS        	               false	Use older version of DIIS (C1-DIIS instead of C2-DIIS)?
     Charge         	                   0	Total charge of system
     DFTDelta       	           5.000e+03	Switch to final DFT grid, relative to deltaE and deltaP
     DFTDirect      	               false	Save memory by not storing values of basis functions in memory
     DFTFinalTol    	           1.000e-05	Tolerance of final DFT grid
     DFTGrid        	                Auto	DFT integration grid to use: nrad lmax or Auto for adaptive
     DFTInitialTol  	           1.000e-04	Tolerance of initial DFT grid
     DFTLobatto     	               false	Use Lobatto quadrature instead of Lebedev quadrature?
     DIISEps        	           1.000e-01	Start mixing in DIIS when error is
     DIISOrder      	                  10	How many DIIS iterations to keep in memory?
     DIISThr        	           1.000e-02	DIIS error threshold for DIIS updates
     DecFock        	               false	Use decontracted basis to calculate Fock matrix (direct HF)
     Decontract     	                    	Indices of atoms to decontract basis set for
     DeltaEmax      	           1.000e-06	Maximum allowed change of energy
     DeltaPmax      	           1.000e-06	Maximum allowed maximum difference of density matrix
     DeltaPrms      	           1.000e-08	Maximum allowed RMS difference of density matrix
     DensityFitting 	               false	Use density fitting / RI?
     Direct         	               false	Calculate two-electron integrals (or density fitting) on-the-fly?
     EField         	         0.0 0.0 0.0	Electric field
     FittingBasis   	                Auto	Basis to use for density fitting / RI (Auto for automatic)
     FittingMemory  	                1000	Amount of memory in MB to use for exchange fitting
     FittingThreshold	           1.000e-08	Linear dependence threshold for Coulomb integrals in density fitting
     ForcePol       	               false	Force polarized calculation
     FreezeCore     	               false	Freeze the atomic cores?
     Guess          	              Atomic	Used guess: atomic (default), core, or GWH
     IntegralThresh 	           1.000e-14	Integral screening threshold
     LineSearch     	               false	Do line search in level shift (EXPENSIVE!)
     LoadChk        	                    	File to load old results from
     Logfile        	     H2O_atz_pbe.log	File to print out full information, stdout for screen
     MaxIter        	                 100	Maximum number of iterations in SCF cycle
     Method         	 gga_x_pbe-gga_c_pbe	Method used in calculation (HF or a DFT functional)
     Multiplicity   	                   1	Spin multiplicity
     NLGrid         	             50 -194	Integration grid to use for nonlocal correlation: nrad lmax
     Occupancies    	                    	Orbital occupancies
     PZ             	                  No	Perform Perdew-Zunger self-interaction correction? No, Pert, Full, OldFull, Real, Can, CanPert
     PZEmax         	           1.000e-06	Threshold for energy change in unitary optimization
     PZHam          	                Symm	Hamiltonian to use in PZ-SIC: Symm, United
     PZKmax         	           1.000e-03	Threshold for kappa max in unitary optimization
     PZKrms         	           1.000e-04	Threshold for kappa rms in unitary optimization
     PZdEmax        	           1.000e-05	Tolerance threshold for energy convergence
     PZdPmax        	           1.000e-05	Tolerance threshold for density convergence
     PZdPrms        	           1.000e-06	Tolerance threshold for density convergence
     PZiter         	                  20	Max number of iterations in self-consistency iteration
     PZloc          	                true	Initial localization before SIC calculation?
     PZmode         	                  XC	Apply PZ to the operators (in addition to J): X C D
     PZseed         	                   0	Seed number for randomized matrices?
     PZstab         	                   0	Stability analysis for PZ-SIC? 0 for no, 1 for oo block, 2 for full analysis
     PZstabFz       	                    	Orbitals to freeze for stability analysis (only oo!)
     PZunit         	                  10	Max number of iterations in unitary optimization
     PZw            	           1.000e+00	Weight for Perdew-Zunger self-interaction correction
     SaveChk        	     H2O_atz_pbe.chk	File to use as checkpoint
     Shift          	           0.000e+00	Level shift to use in Hartree
     StrictIntegrals	               false	Use strict integrals?
     System         	             H2O.xyz	System as an xyz file
     UseADIIS       	                true	Use ADIIS for Fock matrix interpolation?
     UseBroyden     	               false	Use Broyden mixing of Fock matrices?
     UseDIIS        	                true	Use Pulay's Direct Inversion in the Iterative Subspace?
     UseLM          	                true	Use a spherical harmonics basis set by default?
     UseTRDSM       	               false	Use Trust-Region DSM?
     UseTRRH        	               false	Use Trust-Region Roothaan-Hall?
     VV10           	                Auto	Use VV10 non-local correlation?
     VV10Pars       	                    	VV10 parameters: b C
     Verbose        	                true	Verbose calculation?

Performing gga_x_pbe-gga_c_pbe guess for atoms:
	1  (0.10 s)
	2 3  (0.03 s)
Diagonalizing density matrix ... done (0.00 s)
Atomic guess formed in 0.13 s.

There are 32 shells and 3 nuclei in the basis set.

List of nuclei, geometry in Ångström with three decimal places:
		 Z	    x	    y	    z
1	O	 8	  0.000	  0.000	  0.118
2	H	 1	  0.000	  0.755	 -0.471
3	H	 1	  0.000	 -0.755	 -0.471

Interatomic distance matrix:
          1O    2H 
   2H  0.958
   3H  0.958 1.511

List of basis functions:
Shell    1	S cart shell at nucleus   1 with with basis functions    1-1   
Shell    2	S cart shell at nucleus   1 with with basis functions    2-2   
Shell    3	S cart shell at nucleus   1 with with basis functions    3-3   
Shell    4	S cart shell at nucleus   1 with with basis functions    4-4   
Shell    5	S cart shell at nucleus   1 with with basis functions    5-5   
Shell    6	P cart shell at nucleus   1 with with basis functions    6-8   
Shell    7	P cart shell at nucleus   1 with with basis functions    9-11  
Shell    8	P cart shell at nucleus   1 with with basis functions   12-14  
Shell    9	P cart shell at nucleus   1 with with basis functions   15-17  
Shell   10	D  sph shell at nucleus   1 with with basis functions   18-22  
Shell   11	D  sph shell at nucleus   1 with with basis functions   23-27  
Shell   12	D  sph shell at nucleus   1 with with basis functions   28-32  
Shell   13	F  sph shell at nucleus   1 with with basis functions   33-39  
Shell   14	F  sph shell at nucleus   1 with with basis functions   40-46  
Shell   15	S cart shell at nucleus   2 with with basis functions   47-47  
Shell   16	S cart shell at nucleus   2 with with basis functions   48-48  
Shell   17	S cart shell at nucleus   2 with with basis functions   49-49  
Shell   18	S cart shell at nucleus   2 with with basis functions   50-50  
Shell   19	P cart shell at nucleus   2 with with basis functions   51-53  
Shell   20	P cart shell at nucleus   2 with with basis functions   54-56  
Shell   21	P cart shell at nucleus   2 with with basis functions   57-59  
Shell   22	D  sph shell at nucleus   2 with with basis functions   60-64  
Shell   23	D  sph shell at nucleus   2 with with basis functions   65-69  
Shell   24	S cart shell at nucleus   3 with with basis functions   70-70  
Shell   25	S cart shell at nucleus   3 with with basis functions   71-71  
Shell   26	S cart shell at nucleus   3 with with basis functions   72-72  
Shell   27	S cart shell at nucleus   3 with with basis functions   73-73  
Shell   28	P cart shell at nucleus   3 with with basis functions   74-76  
Shell   29	P cart shell at nucleus   3 with with basis functions   77-79  
Shell   30	P cart shell at nucleus   3 with with basis functions   80-82  
Shell   31	D  sph shell at nucleus   3 with with basis functions   83-87  
Shell   32	D  sph shell at nucleus   3 with with basis functions   88-92  

Basis set contains 92 functions, maximum angular momentum is 3.
Spherical harmonic Gaussians are used by default, there are 105 cartesians.

Forming overlap matrix ... done (0.00 s)
Forming kinetic energy matrix ... done (0.00 s)
Forming nuclear attraction matrix ... done (0.00 s)

Smallest eigenvalue of overlap matrix is 3.86e-04, ratio to largest is 5.54e-05.
Using symmetric orthogonalization.
Basis set diagonalized in 0.00 s.

Forming table of 9806044 ERIs, requiring 74 Mi 833 ki of memory ... done (1.19 s)
528 shell pairs out of 528 are significant.

Initialization of computation done in 1.20 s.

Used exchange functional is gga_x_pbe, 'Perdew, Burke & Ernzerhof', defined in the reference(s):
J. P. Perdew, K. Burke, and M. Ernzerhof, Phys. Rev. Lett. 77, 3865 (1996) (DOI 10.1103/PhysRevLett.77.3865)
J. P. Perdew, K. Burke, and M. Ernzerhof, Phys. Rev. Lett. 78, 1396 (1997) (DOI 10.1103/PhysRevLett.78.1396)

Used correlation functional is gga_c_pbe, 'Perdew, Burke & Ernzerhof', defined in the reference(s):
J. P. Perdew, K. Burke, and M. Ernzerhof, Phys. Rev. Lett. 77, 3865 (1996) (DOI 10.1103/PhysRevLett.77.3865)
J. P. Perdew, K. Burke, and M. Ernzerhof, Phys. Rev. Lett. 78, 1396 (1997) (DOI 10.1103/PhysRevLett.78.1396)

HOMO-LUMO gap is    2.64 eV. Energies of lowest lying orbitals:
     -18.9074*      -0.9262*      -0.3761*      -0.3761*      -0.3761*
      -0.2790       -0.2790        0.0155        0.0155        0.0467 

A pure exchange functional used, no exact exchange.
Constructing XC grid.
	atom  Npoints      Nfuncs  t
	   2     3465      296330  0.58 s
	   3     3465      294286  0.59 s
	   1     4002      367270  0.72 s
DFT XC grid constructed in 0.72 s.

 ******* Iteration    1 ********
Forming HF Coulomb matrix ... done (0.04 s)
Computing DFT exchange and correlation ... done (0.20 s)
Numerically integrated density is 10.00001 (+0.0001 %).
ADIIS weights
 1.00e+00 
CDIIS weights
 1.00e+00 
 DIIS weights
 1.00e+00 

Solving SCF equations ... done (0.00 s)

DIIS error                    :  4.338922e-01
Energy change                 : -7.607368e+01
Max total density change      :  1.572275e-01
Max rms   density change      :  6.359907e-03
Dipole mu = ( 0.00000000, -0.00000000,  0.02475351) D

Iteration took 0.25 s.

 ******* Iteration    2 ********
Forming HF Coulomb matrix ... done (0.04 s)
Computing DFT exchange and correlation ... done (0.19 s)
Numerically integrated density is 10.00001 (+0.0001 %).
ADIIS weights
 2.18e-25  1.00e+00 
CDIIS weights
 2.02e-01  7.98e-01 
 DIIS weights
 2.18e-25  1.00e+00 

Solving SCF equations ... done (0.00 s)

DIIS error                    :  1.276735e-01
Energy change                 : -2.282783e-01
Max total density change      :  9.237245e-02
Max rms   density change      :  3.673679e-03
Dipole mu = (-0.00000000,  0.00000000, -3.39754537) D

Iteration took 0.24 s.

 ******* Iteration    3 ********
Forming HF Coulomb matrix ... done (0.04 s)
Computing DFT exchange and correlation ... done (0.30 s)
Numerically integrated density is 10.00000 (-0.0000 %).
ADIIS weights
 3.55e-24  6.25e-01  3.75e-01 
CDIIS weights
 6.35e-02  5.79e-01  3.58e-01 
 DIIS weights
 3.55e-24  6.25e-01  3.75e-01 

Solving SCF equations ... done (0.00 s)

DIIS error                    :  2.047788e-01
Energy change                 :  5.709731e-02
Max total density change      :  4.056107e-02
Max rms   density change      :  2.089667e-03
Dipole mu = ( 0.00000000, -0.00000000, -2.03094296) D

Iteration took 0.34 s.

 ******* Iteration    4 ********
Forming HF Coulomb matrix ... done (0.04 s)
Computing DFT exchange and correlation ... done (0.19 s)
Numerically integrated density is 10.00000 (+0.0000 %).
ADIIS weights
 1.37e-15  3.41e-13  2.16e-13  1.00e+00 
CDIIS weights
 1.47e-03  2.30e-01  1.69e-01  6.00e-01 
 DIIS weights
 1.21e-03  1.89e-01  1.39e-01  6.71e-01 

Solving SCF equations ... done (0.00 s)

DIIS error                    :  2.601392e-02
Energy change                 : -1.315779e-01
Max total density change      :  6.545307e-03
Max rms   density change      :  4.161655e-04
Dipole mu = ( 0.00000000,  0.00000000, -1.81286677) D

Iteration took 0.24 s.

 ******* Iteration    5 ********
Forming HF Coulomb matrix ... done (0.04 s)
Computing DFT exchange and correlation ... done (0.29 s)
Numerically integrated density is 10.00000 (+0.0000 %).
ADIIS weights
 5.87e-17  7.22e-15  4.62e-15  1.20e-11  1.00e+00 
CDIIS weights
 9.82e-05  1.66e-02 -7.64e-03  1.83e-01  8.08e-01 
 DIIS weights
 9.82e-05  1.66e-02 -7.64e-03  1.83e-01  8.08e-01 

Solving SCF equations ... done (0.00 s)

DIIS error                    :  8.927477e-03
Energy change                 : -3.424934e-03
Max total density change      :  1.676111e-03
Max rms   density change      :  8.854362e-05
Dipole mu = (-0.00000000, -0.00000000, -1.79653879) D

Iteration took 0.34 s.

 ******* Iteration    6 ********
Forming HF Coulomb matrix ... done (0.04 s)
Computing DFT exchange and correlation ... done (0.20 s)
Numerically integrated density is 10.00000 (+0.0000 %).
ADIIS weights
 7.08e-16  3.82e-14  7.48e-14  5.67e-11  9.83e-09  1.00e+00 
CDIIS weights
-4.62e-05  1.30e-03 -5.37e-04  2.30e-02  1.28e-01  8.48e-01 
 DIIS weights
-4.62e-05  1.30e-03 -5.37e-04  2.30e-02  1.28e-01  8.48e-01 

Solving SCF equations ... done (0.00 s)

DIIS error                    :  4.276012e-04
Energy change                 : -2.496633e-04
Max total density change      :  1.098261e-04
Max rms   density change      :  6.020655e-06
Dipole mu = ( 0.00000000,  0.00000000, -1.80183003) D

Iteration took 0.24 s.

 ******* Iteration    7 ********
Forming HF Coulomb matrix ... done (0.04 s)
Computing DFT exchange and correlation ... done (0.18 s)
Numerically integrated density is 10.00000 (+0.0000 %).
ADIIS weights
 3.62e-15  2.85e-14  2.71e-15  2.28e-13  2.66e-10  5.21e-04  9.99e-01 
CDIIS weights
 1.08e-07  9.97e-06 -6.18e-05  2.60e-04  2.52e-03  7.20e-02  9.25e-01 
 DIIS weights
 1.08e-07  9.97e-06 -6.18e-05  2.60e-04  2.52e-03  7.20e-02  9.25e-01 

Solving SCF equations ... done (0.00 s)

DIIS error                    :  2.933336e-05
Energy change                 : -8.450099e-07
Max total density change      :  9.565742e-06
Max rms   density change      :  4.200224e-07
Dipole mu = (-0.00000000, -0.00000000, -1.80141929) D

Iteration took 0.23 s.

 ******* Iteration    8 ********
Forming HF Coulomb matrix ... done (0.04 s)
Computing DFT exchange and correlation ... done (0.18 s)
Numerically integrated density is 10.00000 (+0.0000 %).
ADIIS weights
 2.14e-18  3.34e-14  2.02e-14  1.58e-12  4.68e-09  5.76e-05  5.08e-01  4.92e-01 
CDIIS weights
 1.74e-07 -2.68e-08 -1.87e-06 -2.49e-05 -2.36e-04  1.58e-03  3.41e-02  9.65e-01 
 DIIS weights
 1.74e-07 -2.68e-08 -1.87e-06 -2.49e-05 -2.36e-04  1.58e-03  3.41e-02  9.65e-01 

Solving SCF equations ... done (0.00 s)

DIIS error                    :  1.660651e-06
Energy change                 : -4.494026e-09
Max total density change      :  3.911896e-07
Max rms   density change      :  1.990115e-08
Dipole mu = ( 0.00000000, -0.00000000, -1.80141743) D

Iteration took 0.23 s.

 ******* Convergence achieved ********
Solution of RDFT took 2.83 s.

Kinetic               energy:  7.5973433347491749e+01
Nuclear attraction    energy: -1.9894480854159349e+02
Total one-electron    energy: -1.2297137519410182e+02
Nuclear repulsion     energy:  9.1892222448251033e+00
Coulomb               energy:  4.6637785569192339e+01
Exchange-correlation  energy: -9.2357431163519070e+00
Non-local correlation energy:  0.0000000000000000e+00
-----------------------------------------------------
                Total energy: -7.6380110496436288e+01
               Virial factor:  1.0053528862791345e+00

Dipole mu = ( 0.00000000, -0.00000000, -1.80141743) D

HOMO-LUMO gap is    6.32 eV. Orbital energies:
     -18.7599*      -0.9332*      -0.4846*      -0.3439*      -0.2665*
      -0.0340        0.0171        0.0702        0.0870        0.0950 
       0.1052        0.1426        0.1611        0.1824        0.2094 
       0.2129        0.3009        0.3148        0.3284        0.4541 
       0.4990        0.5487        0.5699        0.5708        0.6604 
       0.6865        0.7022        0.7382        0.7418        0.7690 
       0.7902        0.7950        0.8583        0.8646        0.8881 
       0.9685        1.0192        1.0304        1.0782        1.2918 
       1.3181        1.3506        1.5266        1.5872        1.6966 
       1.8140        1.9340        1.9904        2.0081        2.0688 
       2.1135        2.1208        2.1598        2.3633        2.3752 
       2.4289        2.5130        2.5596        3.2552        3.3427 
       3.5637        3.6554        3.8040        3.8892        3.9191 
       4.0015        4.0132        4.0187        4.0832        4.2264 
       4.3791        4.7326        4.7553        4.8212        4.8511 
       5.0419        5.1915        5.6349        5.9501        6.1342 
       6.3296        6.5363        6.6222        6.6808        6.7010 
       6.7198        6.7436        6.9259        7.2756        7.3176 
       8.1730       14.8566 
HOMO-LUMO gap is    6.32 eV. Energies of lowest lying orbitals:
     -18.7599*      -0.9332*      -0.4846*      -0.3439*      -0.2665*
      -0.0340        0.0171        0.0702        0.0870        0.0950 

A pure exchange functional used, no exact exchange.
Constructing XC grid.
	atom  Npoints      Nfuncs  t
	   2     7717      639131  1.33 s
	   3     7717      634707  1.33 s
	   1     8236      737835  1.52 s
DFT XC grid constructed in 1.52 s.

 ******* Iteration    1 ********
Forming HF Coulomb matrix ... done (0.04 s)
Computing DFT exchange and correlation ... done (0.44 s)
Numerically integrated density is 10.00000 (+0.0000 %).
ADIIS weights
 1.00e+00 
CDIIS weights
 1.00e+00 
 DIIS weights
 1.00e+00 

Solving SCF equations ... done (0.00 s)

DIIS error                    :  1.337088e-04
Energy change                 : -7.638008e+01
Max total density change      :  5.782038e-05
Max rms   density change      :  1.814256e-06
Dipole mu = (-0.00000000, -0.00000000, -1.80173305) D

Iteration took 0.48 s.

 ******* Iteration    2 ********
Forming HF Coulomb matrix ... done (0.04 s)
Computing DFT exchange and correlation ... done (0.42 s)
Numerically integrated density is 10.00000 (+0.0000 %).
ADIIS weights
 4.78e-01  5.22e-01 
CDIIS weights
 2.95e-01  7.05e-01 
 DIIS weights
 2.95e-01  7.05e-01 

Solving SCF equations ... done (0.00 s)

DIIS error                    :  5.092569e-05
Energy change                 : -4.658745e-10
Max total density change      :  1.625637e-05
Max rms   density change      :  9.518192e-07
Dipole mu = ( 0.00000000, -0.00000000, -1.80116908) D

Iteration took 0.46 s.

 ******* Iteration    3 ********
Forming HF Coulomb matrix ... done (0.04 s)
Computing DFT exchange and correlation ... done (0.40 s)
Numerically integrated density is 10.00000 (+0.0000 %).
ADIIS weights
 1.79e-01  5.59e-01  2.62e-01 
CDIIS weights
 9.30e-03  5.22e-01  4.69e-01 
 DIIS weights
 9.30e-03  5.22e-01  4.69e-01 

Solving SCF equations ... done (0.00 s)

DIIS error                    :  5.412941e-05
Energy change                 :  2.258602e-09
Max total density change      :  9.498677e-06
Max rms   density change      :  5.378680e-07
Dipole mu = ( 0.00000000,  0.00000000, -1.80149850) D

Iteration took 0.45 s.

 ******* Iteration    4 ********
Forming HF Coulomb matrix ... done (0.04 s)
Computing DFT exchange and correlation ... done (0.58 s)
Numerically integrated density is 10.00000 (+0.0000 %).
ADIIS weights
 7.42e-03  3.98e-01  3.46e-02  5.60e-01 
CDIIS weights
 1.05e-03  9.20e-02  1.14e-01  7.93e-01 
 DIIS weights
 1.05e-03  9.20e-02  1.14e-01  7.93e-01 

Solving SCF equations ... done (0.00 s)

DIIS error                    :  2.134446e-06
Energy change                 : -9.298446e-09
Max total density change      :  4.306300e-07
Max rms   density change      :  2.364869e-08
Dipole mu = ( 0.00000000, -0.00000000, -1.80148737) D

Iteration took 0.62 s.

 ******* Iteration    5 ********
Forming HF Coulomb matrix ... done (0.04 s)
Computing DFT exchange and correlation ... done (0.41 s)
Numerically integrated density is 10.00000 (+0.0000 %).
ADIIS weights
 2.65e-02  2.19e-01  1.32e-02  3.73e-01  3.68e-01 
CDIIS weights
 3.13e-05  1.80e-02  2.60e-02  2.02e-01  7.54e-01 
 DIIS weights
 3.13e-05  1.80e-02  2.60e-02  2.02e-01  7.54e-01 

Solving SCF equations ... done (0.00 s)

DIIS error                    :  1.214719e-07
Energy change                 : -1.705303e-11
Max total density change      :  3.945390e-08
Max rms   density change      :  2.164912e-09
Dipole mu = ( 0.00000000, -0.00000000, -1.80148513) D

Iteration took 0.46 s.

 ******* Iteration    6 ********
Forming HF Coulomb matrix ... done (0.04 s)
Computing DFT exchange and correlation ... done (0.42 s)
Numerically integrated density is 10.00000 (+0.0000 %).
ADIIS weights
 2.40e-02  1.44e-01  1.09e-02  2.76e-01  2.73e-01  2.72e-01 
CDIIS weights
-1.90e-05  8.08e-04  1.32e-03  7.91e-03  1.26e-01  8.64e-01 
 DIIS weights
-1.90e-05  8.08e-04  1.32e-03  7.91e-03  1.26e-01  8.64e-01 

Solving SCF equations ... done (0.00 s)

DIIS error                    :  1.149390e-08
Energy change                 : -1.989520e-13
Max total density change      :  3.862745e-09
Max rms   density change      :  1.923523e-10
Dipole mu = (-0.00000000, -0.00000000, -1.80148535) D

Iteration took 0.46 s.

 ******* Iteration    7 ********
Forming HF Coulomb matrix ... done (0.04 s)
Computing DFT exchange and correlation ... done (0.40 s)
Numerically integrated density is 10.00000 (+0.0000 %).
ADIIS weights
 1.78e-02  1.06e-01  1.11e-02  2.18e-01  2.16e-01  2.16e-01  2.16e-01 
CDIIS weights
-3.03e-06  3.72e-05  4.79e-05  1.11e-04  1.08e-02  1.21e-01  8.68e-01 
 DIIS weights
-3.03e-06  3.72e-05  4.79e-05  1.11e-04  1.08e-02  1.21e-01  8.68e-01 

Solving SCF equations ... done (0.00 s)

DIIS error                    :  1.151211e-09
Energy change                 :  5.684342e-14
Max total density change      :  3.099101e-10
Max rms   density change      :  1.955364e-11
Dipole mu = (-0.00000000, -0.00000000, -1.80148534) D

Iteration took 0.45 s.

 ******* Convergence achieved ********
Solution of RDFT took 4.91 s.

Kinetic               energy:  7.5973718628448367e+01
Nuclear attraction    energy: -1.9894536342133054e+02
Total one-electron    energy: -1.2297164479288219e+02
Nuclear repulsion     energy:  9.1892222448251033e+00
Coulomb               energy:  4.6638085209543256e+01
Exchange-correlation  energy: -9.2357416037359901e+00
Non-local correlation energy:  0.0000000000000000e+00
-----------------------------------------------------
                Total energy: -7.6380078942249824e+01
               Virial factor:  1.0053486958534803e+00

Dipole mu = (-0.00000000, -0.00000000, -1.80148534) D

HOMO-LUMO gap is    6.32 eV. Orbital energies:
     -18.7598*      -0.9332*      -0.4846*      -0.3439*      -0.2665*
      -0.0340        0.0171        0.0702        0.0870        0.0950 
       0.1052        0.1426        0.1611        0.1824        0.2094 
       0.2129        0.3009        0.3148        0.3284        0.4541 
       0.4990        0.5487        0.5699        0.5708        0.6604 
       0.6865        0.7022        0.7382        0.7418        0.7690 
       0.7902        0.7950        0.8583        0.8646        0.8881 
       0.9685        1.0192        1.0304        1.0782        1.2918 
       1.3181        1.3506        1.5266        1.5872        1.6966 
       1.8140        1.9340        1.9904        2.0081        2.0689 
       2.1135        2.1208        2.1598        2.3633        2.3752 
       2.4289        2.5130        2.5596        3.2552        3.3427 
       3.5636        3.6554        3.8040        3.8892        3.9191 
       4.0015        4.0132        4.0187        4.0832        4.2264 
       4.3790        4.7326        4.7553        4.8212        4.8511 
       5.0418        5.1915        5.6349        5.9501        6.1342 
       6.3296        6.5364        6.6222        6.6808        6.7011 
       6.7198        6.7436        6.9259        7.2757        7.3176 
       8.1730       14.8565 

Mulliken charges
   1 O           -0.313708
   2 H            0.156854
   3 H            0.156854
Sum of Mulliken charges 1.665335e-14

Electron density at nuclei
   1 O          297.597383
   2 H            0.421471
   3 H            0.421471

Running program took 9.10 s.
Current time is Wed 25 Feb 2015 01:33:57.
