Basis set cc-pVQZ found in file cc-pVQZ.gbs in /usr/share/erkale/basis/.


Current Settings used by ERKALE:
     AtomGuess      	                Auto	Method used for atomic guess (Auto for same as method)
     Basis          	             cc-pVQZ	Basis set used in calculation
     BasisCutoff    	           1.000e-08	Cutoff for dropping out small primitives from contraction
     BasisOrth      	                Auto	Method of orthonormalization of basis set
     BasisRotate    	                true	Rotate basis set to remove redundant functions?
     C1-DIIS        	               false	Use older version of DIIS (C1-DIIS instead of C2-DIIS)?
     Charge         	                   0	Total charge of system
     DIISEps        	           1.000e-01	Start mixing in DIIS when error is
     DIISOrder      	                  10	How many DIIS iterations to keep in memory?
     DIISThr        	           1.000e-02	DIIS error threshold for DIIS updates
     DecFock        	               false	Use decontracted basis to calculate Fock matrix (direct HF)
     Decontract     	                    	Indices of atoms to decontract basis set for
     DeltaEmax      	           1.000e-06	Maximum allowed change of energy
     DeltaPmax      	           1.000e-06	Maximum allowed maximum difference of density matrix
     DeltaPrms      	           1.000e-08	Maximum allowed RMS difference of density matrix
     DensityFitting 	               false	Use density fitting / RI?
     Direct         	               false	Calculate two-electron integrals (or density fitting) on-the-fly?
     EField         	         0.0 0.0 0.0	Electric field
     FittingBasis   	                Auto	Basis to use for density fitting / RI (Auto for automatic)
     FittingMemory  	                1000	Amount of memory in MB to use for exchange fitting
     FittingThreshold	           1.000e-08	Linear dependence threshold for Coulomb integrals in density fitting
     ForcePol       	               false	Force polarized calculation
     FreezeCore     	               false	Freeze the atomic cores?
     Guess          	              Atomic	Used guess: atomic (default), core, or GWH
     LineSearch     	               false	Do line search in level shift (EXPENSIVE!)
     LoadChk        	                    	File to load old results from
     Logfile        	          H2O_qz.log	File to print out full information, stdout for screen
     MaxIter        	                 100	Maximum number of iterations in SCF cycle
     Method         	                  HF	Method used in calculation (HF or a DFT functional)
     Multiplicity   	                   1	Spin multiplicity
     Occupancies    	                    	Orbital occupancies
     SaveChk        	          H2O_qz.chk	File to use as checkpoint
     ShPairThr      	           1.000e-14	Threshold for shell pair screening, (ij|ij)<thr
     Shift          	           0.000e+00	Level shift to use in Hartree
     StrictIntegrals	               false	Use strict integrals?
     System         	             H2O.xyz	System as an xyz file
     UseADIIS       	                true	Use ADIIS for Fock matrix interpolation?
     UseBroyden     	               false	Use Broyden mixing of Fock matrices?
     UseDIIS        	                true	Use Pulay's Direct Inversion in the Iterative Subspace?
     UseLM          	                true	Use a spherical harmonics basis set by default?
     UseTRDSM       	               false	Use Trust-Region DSM?
     UseTRRH        	               false	Use Trust-Region Roothaan-Hall?
     Verbose        	                true	Verbose calculation?

Performing HF guess for atoms:
	1  (0.04 s)
	2 3  (0.01 s)
Diagonalizing density matrix ... done (0.00 s)
Atomic guess formed in 0.06 s.

There are 35 shells and 3 nuclei in the basis set.

List of nuclei, geometry in Ångström with three decimal places:
		 Z	    x	    y	    z
1	O	 8	  0.000	  0.000	  0.118
2	H	 1	  0.000	  0.755	 -0.471
3	H	 1	  0.000	 -0.755	 -0.471

List of basis functions:
Shell    1	S cart shell at nucleus   1 with with basis functions    1-1   
Shell    2	S cart shell at nucleus   1 with with basis functions    2-2   
Shell    3	S cart shell at nucleus   1 with with basis functions    3-3   
Shell    4	S cart shell at nucleus   1 with with basis functions    4-4   
Shell    5	S cart shell at nucleus   1 with with basis functions    5-5   
Shell    6	P cart shell at nucleus   1 with with basis functions    6-8   
Shell    7	P cart shell at nucleus   1 with with basis functions    9-11  
Shell    8	P cart shell at nucleus   1 with with basis functions   12-14  
Shell    9	P cart shell at nucleus   1 with with basis functions   15-17  
Shell   10	D  sph shell at nucleus   1 with with basis functions   18-22  
Shell   11	D  sph shell at nucleus   1 with with basis functions   23-27  
Shell   12	D  sph shell at nucleus   1 with with basis functions   28-32  
Shell   13	F  sph shell at nucleus   1 with with basis functions   33-39  
Shell   14	F  sph shell at nucleus   1 with with basis functions   40-46  
Shell   15	G  sph shell at nucleus   1 with with basis functions   47-55  
Shell   16	S cart shell at nucleus   2 with with basis functions   56-56  
Shell   17	S cart shell at nucleus   2 with with basis functions   57-57  
Shell   18	S cart shell at nucleus   2 with with basis functions   58-58  
Shell   19	S cart shell at nucleus   2 with with basis functions   59-59  
Shell   20	P cart shell at nucleus   2 with with basis functions   60-62  
Shell   21	P cart shell at nucleus   2 with with basis functions   63-65  
Shell   22	P cart shell at nucleus   2 with with basis functions   66-68  
Shell   23	D  sph shell at nucleus   2 with with basis functions   69-73  
Shell   24	D  sph shell at nucleus   2 with with basis functions   74-78  
Shell   25	F  sph shell at nucleus   2 with with basis functions   79-85  
Shell   26	S cart shell at nucleus   3 with with basis functions   86-86  
Shell   27	S cart shell at nucleus   3 with with basis functions   87-87  
Shell   28	S cart shell at nucleus   3 with with basis functions   88-88  
Shell   29	S cart shell at nucleus   3 with with basis functions   89-89  
Shell   30	P cart shell at nucleus   3 with with basis functions   90-92  
Shell   31	P cart shell at nucleus   3 with with basis functions   93-95  
Shell   32	P cart shell at nucleus   3 with with basis functions   96-98  
Shell   33	D  sph shell at nucleus   3 with with basis functions   99-103 
Shell   34	D  sph shell at nucleus   3 with with basis functions  104-108 
Shell   35	F  sph shell at nucleus   3 with with basis functions  109-115 

Basis set contains 115 functions, maximum angular momentum is 4.
Spherical harmonic Gaussians are used by default, there are 140 cartesians.

Forming overlap matrix ... done (0.00 s)
Forming kinetic energy matrix ... done (0.00 s)
Forming nuclear attraction matrix ... done (0.00 s)

Smallest eigenvalue of overlap matrix is 4.22e-04, ratio to largest is 6.72e-05.
Using symmetric orthogonalization.
Basis set diagonalized in 0.00 s.

Forming table of 177982280 ERIs, requiring 169 Mi 754 ki of memory ... done (0.50 s)

Initialization of computation done in 0.50 s.

HOMO-LUMO gap is    6.22 eV. Energies of lowest lying states:
   -20.780908*    -1.468422*    -0.728414*    -0.728414*    -0.728414*
    -0.499946     -0.499946      0.267390      0.267390      0.518514 

 ******* Iteration    1 ********
Forming HF Coulomb and exchange matrices ... done (0.44 s)
ADIIS weights
 1.00e+00 
CDIIS weights
 1.00e+00 
 DIIS weights
 1.00e+00 

Solving SCF equations ... done (0.00 s)
HOMO-LUMO gap is   17.28 eV. Energies of lowest lying states:
   -20.519701*    -1.360017*    -0.762188*    -0.591934*    -0.545001*
     0.090169      0.155110      0.418698      0.442936      0.465266 

Dipole:	x		y		z		dipole change
	-0.00000000	 0.00000000	-0.64794426	 6.479443e-01
Energy:	electronic	total		virial		energy change
	-84.95826851	-75.76904627	 0.99093342	-75.769
	kinetic		nuclear		Coulomb		Exchange
	 76.46229775	-199.09864488	 46.57114213	-8.89306350
Errors:	Max dens	RMS dens	DIIS
	 5.300975e-02	 1.952282e-03	 3.214868e-01

Iteration took 0.44 s.

 ******* Iteration    2 ********
Forming HF Coulomb and exchange matrices ... done (0.42 s)
ADIIS weights
 4.57e-30  1.00e+00 
CDIIS weights
 8.11e-03  9.92e-01 
 DIIS weights
 2.45e-03  9.98e-01 

Solving SCF equations ... done (0.00 s)
HOMO-LUMO gap is   17.54 eV. Energies of lowest lying states:
   -20.592190*    -1.349727*    -0.719215*    -0.598592*    -0.525289*
     0.119126      0.172220      0.445883      0.457885      0.502005 

Dipole:	x		y		z		dipole change
	-0.00000000	 0.00000000	-0.79479129	 1.468470e-01
Energy:	electronic	total		virial		energy change
	-85.24377257	-76.05455033	 1.00411191	-0.285504
	kinetic		nuclear		Coulomb		Exchange
	 75.74310119	-198.66919013	 46.60563266	-8.92331630
Errors:	Max dens	RMS dens	DIIS
	 1.231737e-02	 3.831001e-04	 7.279544e-02

Iteration took 0.43 s.

 ******* Iteration    3 ********
Forming HF Coulomb and exchange matrices ... done (0.43 s)
ADIIS weights
 5.05e-23  5.53e-22  1.00e+00 
CDIIS weights
-1.39e-02 -3.06e-02  1.04e+00 
 DIIS weights
-1.35e-02 -2.98e-02  1.04e+00 

Solving SCF equations ... done (0.00 s)
HOMO-LUMO gap is   16.86 eV. Energies of lowest lying states:
   -20.534374*    -1.339700*    -0.706192*    -0.574895*    -0.501598*
     0.118157      0.171886      0.450509      0.463716      0.504221 

Dipole:	x		y		z		dipole change
	-0.00000000	 0.00000000	-0.77583407	-1.895722e-02
Energy:	electronic	total		virial		energy change
	-85.25306300	-76.06384075	 0.99976591	-0.00929042
	kinetic		nuclear		Coulomb		Exchange
	 76.08165068	-199.26479938	 46.89376218	-8.96367648
Errors:	Max dens	RMS dens	DIIS
	 6.022965e-03	 1.804633e-04	 1.246627e-02

Iteration took 0.44 s.

 ******* Iteration    4 ********
Forming HF Coulomb and exchange matrices ... done (0.43 s)
ADIIS weights
 1.23e-16  1.66e-12  1.86e-10  1.00e+00 
CDIIS weights
-1.44e-03 -5.75e-02  2.49e-01  8.10e-01 
 DIIS weights
-1.44e-03 -5.75e-02  2.49e-01  8.10e-01 

Solving SCF equations ... done (0.00 s)
HOMO-LUMO gap is   17.08 eV. Energies of lowest lying states:
   -20.565474*    -1.350962*    -0.714402*    -0.584147*    -0.510745*
     0.116895      0.171099      0.448589      0.462012      0.501812 

Dipole:	x		y		z		dipole change
	-0.00000000	 0.00000000	-0.79096298	 1.512891e-02
Energy:	electronic	total		virial		energy change
	-85.25383355	-76.06461130	 1.00189731	-0.000770549
	kinetic		nuclear		Coulomb		Exchange
	 75.92056613	-198.92922816	 46.69605133	-8.94122284
Errors:	Max dens	RMS dens	DIIS
	 1.622566e-03	 5.515770e-05	 5.242627e-03

Iteration took 0.43 s.

 ******* Iteration    5 ********
Forming HF Coulomb and exchange matrices ... done (0.43 s)
ADIIS weights
 7.01e-16  2.56e-12  5.96e-12  1.82e-10  1.00e+00 
CDIIS weights
 9.61e-04 -1.11e-02 -7.50e-02  1.15e-01  9.70e-01 
 DIIS weights
 9.61e-04 -1.11e-02 -7.50e-02  1.15e-01  9.70e-01 

Solving SCF equations ... done (0.00 s)
HOMO-LUMO gap is   17.02 eV. Energies of lowest lying states:
   -20.559864*    -1.349379*    -0.713011*    -0.582475*    -0.508318*
     0.116986      0.171132      0.448862      0.462283      0.502294 

Dipole:	x		y		z		dipole change
	 0.00000000	 0.00000000	-0.79193192	 9.689336e-04
Energy:	electronic	total		virial		energy change
	-85.25397074	-76.06474850	 1.00058500	-0.000137197
	kinetic		nuclear		Coulomb		Exchange
	 76.02027648	-199.11719565	 46.79645318	-8.95350476
Errors:	Max dens	RMS dens	DIIS
	 9.147146e-04	 2.251579e-05	 1.910327e-03

Iteration took 0.44 s.

 ******* Iteration    6 ********
Forming HF Coulomb and exchange matrices ... done (0.43 s)
ADIIS weights
 1.64e-17  1.01e-11  7.72e-10  6.47e-08  1.09e-05  1.00e+00 
CDIIS weights
-2.21e-04  4.07e-03  1.63e-02 -4.43e-02 -2.63e-01  1.29e+00 
 DIIS weights
-2.21e-04  4.07e-03  1.63e-02 -4.43e-02 -2.63e-01  1.29e+00 

Solving SCF equations ... done (0.00 s)
HOMO-LUMO gap is   17.01 eV. Energies of lowest lying states:
   -20.560096*    -1.349464*    -0.713232*    -0.582589*    -0.508258*
     0.116950      0.171077      0.448819      0.462272      0.502210 

Dipole:	x		y		z		dipole change
	 0.00000000	 0.00000000	-0.79230816	 3.762368e-04
Energy:	electronic	total		virial		energy change
	-85.25398064	-76.06475840	 1.00078753	-9.90186e-06
	kinetic		nuclear		Coulomb		Exchange
	 76.00490201	-199.08553857	 46.77795288	-8.95129696
Errors:	Max dens	RMS dens	DIIS
	 1.496906e-04	 3.910540e-06	 1.789084e-04

Iteration took 0.44 s.

 ******* Iteration    7 ********
Forming HF Coulomb and exchange matrices ... done (0.42 s)
ADIIS weights
 1.32e-15  4.49e-12  5.57e-12  7.79e-10  1.47e-05  1.86e-03  9.98e-01 
CDIIS weights
 4.34e-05 -9.95e-04 -3.54e-03  1.14e-02  6.11e-02 -4.67e-01  1.40e+00 
 DIIS weights
 4.34e-05 -9.95e-04 -3.54e-03  1.14e-02  6.11e-02 -4.67e-01  1.40e+00 

Solving SCF equations ... done (0.00 s)
HOMO-LUMO gap is   17.01 eV. Energies of lowest lying states:
   -20.560098*    -1.349456*    -0.713250*    -0.582606*    -0.508222*
     0.116951      0.171072      0.448822      0.462272      0.502210 

Dipole:	x		y		z		dipole change
	 0.00000000	-0.00000000	-0.79239014	 8.198413e-05
Energy:	electronic	total		virial		energy change
	-85.25398085	-76.06475860	 1.00078929	-2.01387e-07
	kinetic		nuclear		Coulomb		Exchange
	 76.00476892	-199.08548726	 46.77800202	-8.95126453
Errors:	Max dens	RMS dens	DIIS
	 2.917439e-05	 7.387344e-07	 3.927104e-05

Iteration took 0.43 s.

 ******* Iteration    8 ********
Forming HF Coulomb and exchange matrices ... done (0.44 s)
ADIIS weights
 1.76e-15  1.72e-14  1.17e-12  6.04e-09  8.41e-08  1.66e-04  4.54e-01  5.46e-01 
CDIIS weights
-5.09e-06  1.36e-04  4.39e-04 -1.29e-03 -8.86e-03  8.10e-02 -3.51e-01  1.28e+00 
 DIIS weights
-5.09e-06  1.36e-04  4.39e-04 -1.29e-03 -8.86e-03  8.10e-02 -3.51e-01  1.28e+00 

Solving SCF equations ... done (0.00 s)
HOMO-LUMO gap is   17.01 eV. Energies of lowest lying states:
   -20.560088*    -1.349452*    -0.713247*    -0.582603*    -0.508212*
     0.116951      0.171072      0.448823      0.462273      0.502210 

Dipole:	x		y		z		dipole change
	 0.00000000	-0.00000000	-0.79239313	 2.989546e-06
Energy:	electronic	total		virial		energy change
	-85.25398086	-76.06475861	 1.00079014	-1.0889e-08
	kinetic		nuclear		Coulomb		Exchange
	 76.00470434	-199.08547674	 46.77805215	-8.95126061
Errors:	Max dens	RMS dens	DIIS
	 3.316655e-06	 1.298501e-07	 5.017748e-06

Iteration took 0.45 s.

 ******* Iteration    9 ********
Forming HF Coulomb and exchange matrices ... done (0.42 s)
ADIIS weights
 2.30e-12  1.02e-09  2.02e-10  3.46e-06  4.78e-05  8.66e-04  2.47e-01  3.84e-01  3.69e-01 
CDIIS weights
 3.08e-07 -1.57e-05  3.78e-08  3.00e-05  8.07e-04 -1.04e-02  6.20e-02 -3.61e-01  1.31e+00 
 DIIS weights
 3.08e-07 -1.57e-05  3.78e-08  3.00e-05  8.07e-04 -1.04e-02  6.20e-02 -3.61e-01  1.31e+00 

Solving SCF equations ... done (0.00 s)
HOMO-LUMO gap is   17.01 eV. Energies of lowest lying states:
   -20.560089*    -1.349452*    -0.713247*    -0.582604*    -0.508212*
     0.116951      0.171072      0.448823      0.462273      0.502210 

Dipole:	x		y		z		dipole change
	 0.00000000	 0.00000000	-0.79239536	 2.234499e-06
Energy:	electronic	total		virial		energy change
	-85.25398086	-76.06475861	 1.00079067	-2.40746e-10
	kinetic		nuclear		Coulomb		Exchange
	 76.00466409	-199.08541185	 46.77802265	-8.95125575
Errors:	Max dens	RMS dens	DIIS
	 1.023577e-06	 2.990675e-08	 6.605804e-07

Iteration took 0.43 s.

 ******* Iteration   10 ********
Forming HF Coulomb and exchange matrices ... done (0.43 s)
ADIIS weights
 6.79e-17  5.60e-15  4.50e-12  6.64e-11  5.02e-07  2.23e-08  7.20e-02  3.13e-01  3.09e-01  3.06e-01 
CDIIS weights
-2.97e-08  2.25e-06 -6.95e-06  1.63e-05 -1.06e-04  1.69e-03 -1.20e-02  8.81e-02 -4.27e-01  1.35e+00 
 DIIS weights
-2.97e-08  2.25e-06 -6.95e-06  1.63e-05 -1.06e-04  1.69e-03 -1.20e-02  8.81e-02 -4.27e-01  1.35e+00 

Solving SCF equations ... done (0.00 s)
HOMO-LUMO gap is   17.01 eV. Energies of lowest lying states:
   -20.560089*    -1.349452*    -0.713247*    -0.582604*    -0.508212*
     0.116951      0.171072      0.448823      0.462273      0.502209 

Dipole:	x		y		z		dipole change
	 0.00000000	-0.00000000	-0.79239572	 3.580359e-07
Energy:	electronic	total		virial		energy change
	-85.25398086	-76.06475861	 1.00079063	-5.4996e-12
	kinetic		nuclear		Coulomb		Exchange
	 76.00466694	-199.08541836	 46.77802653	-8.95125597
Errors:	Max dens	RMS dens	DIIS
	 1.085903e-07	 4.162555e-09	 7.797359e-08

Iteration took 0.44 s.

 ******* Iteration   11 ********
Forming HF Coulomb and exchange matrices ... done (0.43 s)
ADIIS weights
 2.09e-14  2.49e-11  9.88e-12  9.72e-10  5.88e-05  1.27e-04  2.52e-01  2.50e-01  2.49e-01  2.49e-01 
CDIIS weights
-3.30e-07  3.06e-06 -7.01e-06  7.22e-06 -2.34e-04  2.26e-03 -2.14e-02  1.22e-01 -5.76e-01  1.47e+00 
 DIIS weights
-3.30e-07  3.06e-06 -7.01e-06  7.22e-06 -2.34e-04  2.26e-03 -2.14e-02  1.22e-01 -5.76e-01  1.47e+00 

Solving SCF equations ... done (0.00 s)
HOMO-LUMO gap is   17.01 eV. Energies of lowest lying states:
   -20.560089*    -1.349452*    -0.713247*    -0.582604*    -0.508212*
     0.116951      0.171072      0.448823      0.462273      0.502209 

Dipole:	x		y		z		dipole change
	 0.00000000	 0.00000000	-0.79239580	 8.070010e-08
Energy:	electronic	total		virial		energy change
	-85.25398086	-76.06475861	 1.00079064	 0
	kinetic		nuclear		Coulomb		Exchange
	 76.00466664	-199.08541794	 46.77802638	-8.95125594
Errors:	Max dens	RMS dens	DIIS
	 1.493998e-08	 7.807459e-10	 1.658264e-08

Iteration took 0.44 s.

 ******* Convergence achieved ********
Dipole moment is (0.000000,0.000000,-2.014069) D, |mu|=2.014069 D.
Solution of RHF took 4.83 s.

Mulliken charges
   1 O           -0.525967
   2 H            0.262984
   3 H            0.262984
Sum of Mulliken charges 1.931788e-14

Electron density at nuclei
   1 O          304.299997
   2 H            0.426498
   3 H            0.426498

Running program took 5.42 s.
Current time is Fri 06 Feb 2015 05:51:32.
