Basis set cc-pVQZ found in file cc-pVQZ.gbs in /home/work/erkale/source/erkale.co/basis/.


Current Settings used by ERKALE:
     AtomGuess      	                Auto	Method used for atomic guess (Auto for same as method)
     Basis          	             cc-pVQZ	Basis set used in calculation
     BasisCutoff    	           1.000e-08	Cutoff for dropping out small primitives from contraction
     BasisOrth      	                Auto	Method of orthonormalization of basis set
     BasisRotate    	                true	Rotate basis set to remove redundant functions?
     C1-DIIS        	               false	Use older version of DIIS (C1-DIIS instead of C2-DIIS)?
     Charge         	                   1	Total charge of system
     DIISEps        	           1.000e-01	Start mixing in DIIS when error is
     DIISOrder      	                  10	How many DIIS iterations to keep in memory?
     DIISThr        	           1.000e-02	DIIS error threshold for DIIS updates
     DecFock        	               false	Use decontracted basis to calculate Fock matrix (direct HF)
     Decontract     	                    	Indices of atoms to decontract basis set for
     DeltaEmax      	           1.000e-06	Maximum allowed change of energy
     DeltaPmax      	           1.000e-06	Maximum allowed maximum difference of density matrix
     DeltaPrms      	           1.000e-08	Maximum allowed RMS difference of density matrix
     DensityFitting 	               false	Use density fitting / RI?
     Direct         	               false	Calculate two-electron integrals (or density fitting) on-the-fly?
     EField         	         0.0 0.0 0.0	Electric field
     FittingBasis   	                Auto	Basis to use for density fitting / RI (Auto for automatic)
     FittingMemory  	                1000	Amount of memory in MB to use for exchange fitting
     FittingThreshold	           1.000e-08	Linear dependence threshold for Coulomb integrals in density fitting
     ForcePol       	               false	Force polarized calculation
     FreezeCore     	               false	Freeze the atomic cores?
     Guess          	                Core	Used guess: atomic (default), core, or GWH
     LineSearch     	               false	Do line search in level shift (EXPENSIVE!)
     LoadChk        	                    	File to load old results from
     Logfile        	          Mg+_qz.log	File to print out full information, stdout for screen
     MaxIter        	                 100	Maximum number of iterations in SCF cycle
     Method         	                  HF	Method used in calculation (HF or a DFT functional)
     Multiplicity   	                   2	Spin multiplicity
     Occupancies    	                    	Orbital occupancies
     SaveChk        	          Mg+_qz.chk	File to use as checkpoint
     ShPairThr      	           1.000e-14	Threshold for shell pair screening, (ij|ij)<thr
     Shift          	           0.000e+00	Level shift to use in Hartree
     StrictIntegrals	               false	Use strict integrals?
     System         	              Mg.xyz	System as an xyz file
     UseADIIS       	                true	Use ADIIS for Fock matrix interpolation?
     UseBroyden     	               false	Use Broyden mixing of Fock matrices?
     UseDIIS        	                true	Use Pulay's Direct Inversion in the Iterative Subspace?
     UseLM          	                true	Use a spherical harmonics basis set by default?
     UseTRDSM       	               false	Use Trust-Region DSM?
     UseTRRH        	               false	Use Trust-Region Roothaan-Hall?
     Verbose        	                true	Verbose calculation?

There are 17 shells and 1 nuclei in the basis set.

List of nuclei, geometry in Ångström with three decimal places:
		 Z	    x	    y	    z
1	Mg	 12	  0.000	  0.000	  0.000

List of basis functions:
Shell    1	S cart shell at nucleus   1 with with basis functions    1-1   
Shell    2	S cart shell at nucleus   1 with with basis functions    2-2   
Shell    3	S cart shell at nucleus   1 with with basis functions    3-3   
Shell    4	S cart shell at nucleus   1 with with basis functions    4-4   
Shell    5	S cart shell at nucleus   1 with with basis functions    5-5   
Shell    6	S cart shell at nucleus   1 with with basis functions    6-6   
Shell    7	P cart shell at nucleus   1 with with basis functions    7-9   
Shell    8	P cart shell at nucleus   1 with with basis functions   10-12  
Shell    9	P cart shell at nucleus   1 with with basis functions   13-15  
Shell   10	P cart shell at nucleus   1 with with basis functions   16-18  
Shell   11	P cart shell at nucleus   1 with with basis functions   19-21  
Shell   12	D  sph shell at nucleus   1 with with basis functions   22-26  
Shell   13	D  sph shell at nucleus   1 with with basis functions   27-31  
Shell   14	D  sph shell at nucleus   1 with with basis functions   32-36  
Shell   15	F  sph shell at nucleus   1 with with basis functions   37-43  
Shell   16	F  sph shell at nucleus   1 with with basis functions   44-50  
Shell   17	G  sph shell at nucleus   1 with with basis functions   51-59  

Basis set contains 59 functions, maximum angular momentum is 4.
Spherical harmonic Gaussians are used by default, there are 74 cartesians.

Forming overlap matrix ... done (0.00 s)
Forming kinetic energy matrix ... done (0.00 s)
Forming nuclear attraction matrix ... done (0.00 s)

Smallest eigenvalue of overlap matrix is 1.20e-02, ratio to largest is 3.77e-03.
Using symmetric orthogonalization.
Basis set diagonalized in 0.00 s.

Forming table of 12538680 ERIs, requiring 11 Mi 980 ki of memory ... done (0.31 s)

Initialization of computation done in 0.31 s.

alpha: HOMO-LUMO gap is   53.35 eV. Energies of lowest lying states:
   -71.944320*   -17.555154*   -16.178339*   -16.178339*   -16.178339*
    -7.429827*    -5.469346     -5.469346     -5.469346     -5.128623 
    -5.128623     -5.128623     -5.128623     -5.128623     -4.005961 
beta:  HOMO-LUMO gap is  238.06 eV. Energies of lowest lying states:
   -71.944320*   -17.555154*   -16.178339*   -16.178339*   -16.178339*
    -7.429827     -5.469346     -5.469346     -5.469346     -5.128623 

 ******* Iteration    1 ********
Forming HF Coulomb and exchange matrices ... done (0.04 s)
ADIIS weights
 1.00e+00 
CDIIS weights
 1.00e+00 
 DIIS weights
 1.00e+00 

Solving SCF equations ... done (0.00 s)
alpha: HOMO-LUMO gap is    3.96 eV. Energies of lowest lying states:
   -47.490564*    -3.244961*    -1.658847*    -1.658847*    -1.658847*
    -0.258583*    -0.113185     -0.113185     -0.113185     -0.063475 
    -0.016135     -0.016135     -0.016135      0.061798      0.061798 
beta:  HOMO-LUMO gap is   38.59 eV. Energies of lowest lying states:
   -47.472197*    -3.140206*    -1.607728*    -1.607728*    -1.607728*
    -0.189412     -0.111413     -0.111413     -0.111413     -0.032625 

Dipole:	x		y		z		dipole change
	-0.00000000	 0.00000000	-0.00000000	 2.353312e-15
Energy:	electronic	total		virial		energy change
	-195.66541150	-195.66541150	 0.89924176	-195.665
	kinetic		nuclear		Coulomb		Exchange
	 217.58932914	-501.08813951	 105.20933107	-17.37593221
Errors:	Max dens	RMS dens	DIIS
alpha	4.379292e+00	1.506343e-01	2.298912e+00
beta	1.353543e+00	4.553126e-02

Iteration took 0.05 s.

 ******* Iteration    2 ********
Forming HF Coulomb and exchange matrices ... done (0.04 s)
ADIIS weights
 6.35e-24  1.00e+00 
CDIIS weights
 1.02e-01  8.98e-01 
 DIIS weights
 6.35e-24  1.00e+00 

Solving SCF equations ... done (0.00 s)
alpha: HOMO-LUMO gap is   10.01 eV. Energies of lowest lying states:
   -49.635781*    -4.209664*    -2.725460*    -2.725460*    -2.725460*
    -0.548223*    -0.180264     -0.180264     -0.180264     -0.073654 
    -0.044277     -0.044277     -0.044277      0.024372      0.024372 
beta:  HOMO-LUMO gap is   67.54 eV. Energies of lowest lying states:
   -49.637792*    -4.215633*    -2.732820*    -2.732820*    -2.732820*
    -0.250666     -0.133168     -0.133168     -0.133168     -0.058416 

Dipole:	x		y		z		dipole change
	 0.00000000	 0.00000000	-0.00000000	-1.521512e-15
Energy:	electronic	total		virial		energy change
	-199.32004681	-199.32004681	 1.01018220	-3.65464
	kinetic		nuclear		Coulomb		Exchange
	 197.31098605	-471.38134032	 90.37545430	-15.62514684
Errors:	Max dens	RMS dens	DIIS
alpha	9.903273e-02	7.460947e-03	2.882678e-01
beta	7.868675e-02	4.477600e-03

Iteration took 0.05 s.

 ******* Iteration    3 ********
Forming HF Coulomb and exchange matrices ... done (0.04 s)
ADIIS weights
 5.65e-20  1.07e-18  1.00e+00 
CDIIS weights
-1.77e-02  5.34e-03  1.01e+00 
 DIIS weights
-7.94e-03  2.39e-03  1.01e+00 

Solving SCF equations ... done (0.00 s)
alpha: HOMO-LUMO gap is   10.10 eV. Energies of lowest lying states:
   -49.355883*    -4.094775*    -2.605755*    -2.605755*    -2.605755*
    -0.543420*    -0.172313     -0.172313     -0.172313     -0.070694 
    -0.042687     -0.042687     -0.042687      0.029811      0.029811 
beta:  HOMO-LUMO gap is   64.38 eV. Energies of lowest lying states:
   -49.350955*    -4.082994*    -2.603258*    -2.603258*    -2.603258*
    -0.237376     -0.127687     -0.127687     -0.127687     -0.054349 

Dipole:	x		y		z		dipole change
	 0.00000000	 0.00000000	-0.00000000	 1.627066e-16
Energy:	electronic	total		virial		energy change
	-199.37043371	-199.37043371	 0.99897877	-0.0503869
	kinetic		nuclear		Coulomb		Exchange
	 199.57424414	-475.35689471	 92.29243148	-15.88021462
Errors:	Max dens	RMS dens	DIIS
alpha	5.969024e-02	1.899634e-03	5.963445e-02
beta	2.022990e-02	7.059878e-04

Iteration took 0.05 s.

 ******* Iteration    4 ********
Forming HF Coulomb and exchange matrices ... done (0.04 s)
ADIIS weights
 1.22e-18  5.93e-17  8.47e-12  1.00e+00 
CDIIS weights
 8.24e-04 -6.98e-03 -9.45e-02  1.10e+00 
 DIIS weights
 8.24e-04 -6.98e-03 -9.45e-02  1.10e+00 

Solving SCF equations ... done (0.00 s)
alpha: HOMO-LUMO gap is   10.09 eV. Energies of lowest lying states:
   -49.361900*    -4.095124*    -2.606610*    -2.606610*    -2.606610*
    -0.541412*    -0.170782     -0.170782     -0.170782     -0.070526 
    -0.042590     -0.042590     -0.042590      0.030973      0.030973 
beta:  HOMO-LUMO gap is   64.37 eV. Energies of lowest lying states:
   -49.355149*    -4.078466*    -2.601379*    -2.601379*    -2.601379*
    -0.235782     -0.126882     -0.126882     -0.126882     -0.053904 

Dipole:	x		y		z		dipole change
	-0.00000000	 0.00000000	-0.00000000	-2.715912e-16
Energy:	electronic	total		virial		energy change
	-199.37143773	-199.37143773	 1.00009664	-0.00100403
	kinetic		nuclear		Coulomb		Exchange
	 199.35217189	-475.02870925	 92.16604711	-15.86094748
Errors:	Max dens	RMS dens	DIIS
alpha	1.871433e-02	5.710944e-04	2.432245e-03
beta	1.906042e-03	5.764251e-05

Iteration took 0.05 s.

 ******* Iteration    5 ********
Forming HF Coulomb and exchange matrices ... done (0.04 s)
ADIIS weights
 6.56e-18  2.49e-13  9.89e-09  2.07e-06  1.00e+00 
CDIIS weights
-1.02e-04  2.01e-03  2.01e-02 -3.23e-01  1.30e+00 
 DIIS weights
-1.02e-04  2.01e-03  2.01e-02 -3.23e-01  1.30e+00 

Solving SCF equations ... done (0.00 s)
alpha: HOMO-LUMO gap is   10.10 eV. Energies of lowest lying states:
   -49.361679*    -4.094863*    -2.606368*    -2.606368*    -2.606368*
    -0.541623*    -0.170484     -0.170484     -0.170484     -0.070548 
    -0.042592     -0.042592     -0.042592      0.031209      0.031209 
beta:  HOMO-LUMO gap is   64.36 eV. Energies of lowest lying states:
   -49.354638*    -4.077647*    -2.600593*    -2.600593*    -2.600593*
    -0.235438     -0.126710     -0.126710     -0.126710     -0.053807 

Dipole:	x		y		z		dipole change
	-0.00000000	 0.00000000	-0.00000000	 5.252503e-17
Energy:	electronic	total		virial		energy change
	-199.37147877	-199.37147877	 1.00007302	-4.10372e-05
	kinetic		nuclear		Coulomb		Exchange
	 199.35692153	-475.04674613	 92.18038609	-15.86204026
Errors:	Max dens	RMS dens	DIIS
alpha	2.899201e-03	1.193514e-04	5.699087e-04
beta	2.202573e-04	1.246383e-05

Iteration took 0.05 s.

 ******* Iteration    6 ********
Forming HF Coulomb and exchange matrices ... done (0.04 s)
ADIIS weights
 1.92e-17  3.77e-14  1.52e-09  1.11e-08  3.17e-05  1.00e+00 
CDIIS weights
 1.52e-06 -2.51e-04 -2.65e-03  6.55e-02 -3.98e-01  1.34e+00 
 DIIS weights
 1.52e-06 -2.51e-04 -2.65e-03  6.55e-02 -3.98e-01  1.34e+00 

Solving SCF equations ... done (0.00 s)
alpha: HOMO-LUMO gap is   10.10 eV. Energies of lowest lying states:
   -49.361416*    -4.094667*    -2.606136*    -2.606136*    -2.606136*
    -0.541603*    -0.170404     -0.170404     -0.170404     -0.070548 
    -0.042582     -0.042582     -0.042582      0.031267      0.031267 
beta:  HOMO-LUMO gap is   64.35 eV. Energies of lowest lying states:
   -49.354349*    -4.077381*    -2.600321*    -2.600321*    -2.600321*
    -0.235351     -0.126670     -0.126670     -0.126670     -0.053782 

Dipole:	x		y		z		dipole change
	-0.00000000	 0.00000000	-0.00000000	 9.746747e-18
Energy:	electronic	total		virial		energy change
	-199.37148099	-199.37148099	 1.00006640	-2.22228e-06
	kinetic		nuclear		Coulomb		Exchange
	 199.35824316	-475.05185391	 92.18441092	-15.86228117
Errors:	Max dens	RMS dens	DIIS
alpha	8.068928e-04	1.863481e-05	8.595168e-05
beta	2.100407e-05	1.048274e-06

Iteration took 0.05 s.

 ******* Iteration    7 ********
Forming HF Coulomb and exchange matrices ... done (0.04 s)
ADIIS weights
 5.64e-18  1.68e-10  8.30e-08  2.23e-04  2.84e-01  3.61e-01  3.55e-01 
CDIIS weights
 1.18e-06  5.60e-05  5.33e-04 -1.44e-02  9.52e-02 -3.61e-01  1.28e+00 
 DIIS weights
 1.18e-06  5.60e-05  5.33e-04 -1.44e-02  9.52e-02 -3.61e-01  1.28e+00 

Solving SCF equations ... done (0.00 s)
alpha: HOMO-LUMO gap is   10.10 eV. Energies of lowest lying states:
   -49.361401*    -4.094651*    -2.606118*    -2.606118*    -2.606118*
    -0.541604*    -0.170401     -0.170401     -0.170401     -0.070549 
    -0.042582     -0.042582     -0.042582      0.031269      0.031269 
beta:  HOMO-LUMO gap is   64.35 eV. Energies of lowest lying states:
   -49.354339*    -4.077374*    -2.600316*    -2.600316*    -2.600316*
    -0.235348     -0.126670     -0.126670     -0.126670     -0.053781 

Dipole:	x		y		z		dipole change
	-0.00000000	 0.00000000	-0.00000000	-1.750851e-16
Energy:	electronic	total		virial		energy change
	-199.37148104	-199.37148104	 1.00006567	-4.72313e-08
	kinetic		nuclear		Coulomb		Exchange
	 199.35838934	-475.05264410	 92.18508290	-15.86230917
Errors:	Max dens	RMS dens	DIIS
alpha	1.204407e-04	3.093944e-06	8.620060e-06
beta	5.078707e-06	2.693547e-07

Iteration took 0.05 s.

 ******* Iteration    8 ********
Forming HF Coulomb and exchange matrices ... done (0.04 s)
ADIIS weights
 2.26e-12  1.83e-09  1.76e-05  3.41e-06  2.23e-03  2.95e-01  3.52e-01  3.51e-01 
CDIIS weights
-5.51e-09  3.35e-07 -3.47e-06  4.00e-05 -2.11e-04  4.01e-04 -1.87e-02  1.02e+00 
 DIIS weights
-5.51e-09  3.35e-07 -3.47e-06  4.00e-05 -2.11e-04  4.01e-04 -1.87e-02  1.02e+00 

Solving SCF equations ... done (0.00 s)
alpha: HOMO-LUMO gap is   10.10 eV. Energies of lowest lying states:
   -49.361400*    -4.094650*    -2.606117*    -2.606117*    -2.606117*
    -0.541604*    -0.170401     -0.170401     -0.170401     -0.070549 
    -0.042582     -0.042582     -0.042582      0.031269      0.031269 
beta:  HOMO-LUMO gap is   64.35 eV. Energies of lowest lying states:
   -49.354338*    -4.077374*    -2.600316*    -2.600316*    -2.600316*
    -0.235348     -0.126670     -0.126670     -0.126670     -0.053781 

Dipole:	x		y		z		dipole change
	-0.00000000	 0.00000000	-0.00000000	 6.406902e-17
Energy:	electronic	total		virial		energy change
	-199.37148104	-199.37148104	 1.00006557	-3.95943e-10
	kinetic		nuclear		Coulomb		Exchange
	 199.35840931	-475.05270536	 92.18512675	-15.86231173
Errors:	Max dens	RMS dens	DIIS
alpha	1.748844e-06	5.002571e-08	2.124015e-07
beta	2.629508e-07	1.476714e-08

Iteration took 0.05 s.

 ******* Iteration    9 ********
Forming HF Coulomb and exchange matrices ... done (0.04 s)
ADIIS weights
 8.13e-17  6.22e-14  1.44e-10  3.61e-06  1.78e-03  2.39e-01  2.53e-01  2.53e-01  2.53e-01 
CDIIS weights
 2.24e-09 -3.55e-07  1.70e-07  1.95e-05 -1.08e-04  4.78e-04  6.78e-03 -5.22e-01  1.51e+00 
 DIIS weights
 2.24e-09 -3.55e-07  1.70e-07  1.95e-05 -1.08e-04  4.78e-04  6.78e-03 -5.22e-01  1.51e+00 

Solving SCF equations ... done (0.00 s)
alpha: HOMO-LUMO gap is   10.10 eV. Energies of lowest lying states:
   -49.361400*    -4.094650*    -2.606117*    -2.606117*    -2.606117*
    -0.541604*    -0.170401     -0.170401     -0.170401     -0.070549 
    -0.042582     -0.042582     -0.042582      0.031269      0.031269 
beta:  HOMO-LUMO gap is   64.35 eV. Energies of lowest lying states:
   -49.354338*    -4.077374*    -2.600316*    -2.600316*    -2.600316*
    -0.235348     -0.126670     -0.126670     -0.126670     -0.053781 

Dipole:	x		y		z		dipole change
	-0.00000000	 0.00000000	-0.00000000	 2.339355e-16
Energy:	electronic	total		virial		energy change
	-199.37148104	-199.37148104	 1.00006557	-8.81073e-13
	kinetic		nuclear		Coulomb		Exchange
	 199.35840818	-475.05270409	 92.18512650	-15.86231163
Errors:	Max dens	RMS dens	DIIS
alpha	9.262563e-08	5.829901e-09	2.691600e-08
beta	9.173213e-08	5.176647e-09

Iteration took 0.05 s.

 ******* Iteration   10 ********
Forming HF Coulomb and exchange matrices ... done (0.04 s)
ADIIS weights
 4.27e-17  1.31e-12  1.42e-09  1.55e-10  5.76e-05  1.70e-01  2.08e-01  2.07e-01  2.07e-01  2.07e-01 
CDIIS weights
 1.31e-11 -2.47e-09 -7.76e-08  1.25e-06 -1.00e-05  2.92e-05 -1.88e-04  1.08e-02  3.21e-02  9.57e-01 
 DIIS weights
 1.31e-11 -2.47e-09 -7.76e-08  1.25e-06 -1.00e-05  2.92e-05 -1.88e-04  1.08e-02  3.21e-02  9.57e-01 

Solving SCF equations ... done (0.00 s)
alpha: HOMO-LUMO gap is   10.10 eV. Energies of lowest lying states:
   -49.361400*    -4.094650*    -2.606117*    -2.606117*    -2.606117*
    -0.541604*    -0.170401     -0.170401     -0.170401     -0.070549 
    -0.042582     -0.042582     -0.042582      0.031269      0.031269 
beta:  HOMO-LUMO gap is   64.35 eV. Energies of lowest lying states:
   -49.354338*    -4.077374*    -2.600316*    -2.600316*    -2.600316*
    -0.235348     -0.126670     -0.126670     -0.126670     -0.053781 

Dipole:	x		y		z		dipole change
	 0.00000000	 0.00000000	-0.00000000	-2.174320e-16
Energy:	electronic	total		virial		energy change
	-199.37148104	-199.37148104	 1.00006557	 5.68434e-14
	kinetic		nuclear		Coulomb		Exchange
	 199.35840824	-475.05270421	 92.18512657	-15.86231164
Errors:	Max dens	RMS dens	DIIS
alpha	1.333258e-08	6.368731e-10	2.181498e-09
beta	9.884854e-09	5.637690e-10

Iteration took 0.05 s.

 ******* Convergence achieved ********
Dipole moment is (0.000000,0.000000,-0.000000) D, |mu|=0.000000 D.
Solution of UHF took 0.49 s.

Mulliken charges: alpha, beta, total (incl. nucleus)
   1 Mg          -6.000000       -5.000000        1.000000
Sum of Mulliken charges 1.000000e+00

Mulliken spin charges
   1 Mg           1.000000
Sum of Mulliken spin charges 1.000000e+00

Electron density at nuclei: alpha, beta, total
   1 Mg         540.885918      539.131289     1080.017207

Running program took 0.82 s.
Current time is Mon 09 Feb 2015 00:53:31.
