Basis set cc-pVTZ found in file cc-pVTZ.gbs in /home/work/erkale/source/erkale.co/basis/.


Current Settings used by ERKALE:
     AtomGuess      	                Auto	Method used for atomic guess (Auto for same as method)
     Basis          	             cc-pVTZ	Basis set used in calculation
     BasisCutoff    	           1.000e-08	Cutoff for dropping out small primitives from contraction
     BasisOrth      	                Auto	Method of orthonormalization of basis set
     BasisRotate    	                true	Rotate basis set to remove redundant functions?
     C1-DIIS        	               false	Use older version of DIIS (C1-DIIS instead of C2-DIIS)?
     Charge         	                   1	Total charge of system
     DFTDelta       	           5.000e+03	Switch to final DFT grid, relative to deltaE and deltaP
     DFTDirect      	               false	Save memory by not storing values of basis functions in memory
     DFTFinalTol    	           1.000e-05	Tolerance of final DFT grid
     DFTGrid        	             50 -302	DFT integration grid to use: nrad lmax or Auto for adaptive
     DFTInitialTol  	           1.000e-04	Tolerance of initial DFT grid
     DFTLobatto     	               false	Use Lobatto quadrature instead of Lebedev quadrature?
     DIISEps        	           1.000e-01	Start mixing in DIIS when error is
     DIISOrder      	                  10	How many DIIS iterations to keep in memory?
     DIISThr        	           1.000e-02	DIIS error threshold for DIIS updates
     DecFock        	               false	Use decontracted basis to calculate Fock matrix (direct HF)
     Decontract     	                    	Indices of atoms to decontract basis set for
     DeltaEmax      	           1.000e-06	Maximum allowed change of energy
     DeltaPmax      	           1.000e-06	Maximum allowed maximum difference of density matrix
     DeltaPrms      	           1.000e-08	Maximum allowed RMS difference of density matrix
     DensityFitting 	               false	Use density fitting / RI?
     Direct         	               false	Calculate two-electron integrals (or density fitting) on-the-fly?
     EField         	         0.0 0.0 0.0	Electric field
     FittingBasis   	                Auto	Basis to use for density fitting / RI (Auto for automatic)
     FittingMemory  	                1000	Amount of memory in MB to use for exchange fitting
     FittingThreshold	           1.000e-08	Linear dependence threshold for Coulomb integrals in density fitting
     ForcePol       	               false	Force polarized calculation
     FreezeCore     	               false	Freeze the atomic cores?
     Guess          	                Core	Used guess: atomic (default), core, or GWH
     LineSearch     	               false	Do line search in level shift (EXPENSIVE!)
     LoadChk        	                    	File to load old results from
     Logfile        	      Mg+_lda_tz.log	File to print out full information, stdout for screen
     MaxIter        	                 100	Maximum number of iterations in SCF cycle
     Method         	      lda_x-lda_c_pw	Method used in calculation (HF or a DFT functional)
     Multiplicity   	                   2	Spin multiplicity
     Occupancies    	                    	Orbital occupancies
     PZ             	                  No	Perform Perdew-Zunger self-interaction correction? No, Pert, Full, OldFull, Real, Can, CanPert
     PZEmax         	           1.000e-06	Threshold for energy change in unitary optimization
     PZHam          	                Symm	Hamiltonian to use in PZ-SIC: Symm, United
     PZKmax         	           1.000e-03	Threshold for kappa max in unitary optimization
     PZKrms         	           1.000e-04	Threshold for kappa rms in unitary optimization
     PZdEmax        	           1.000e-05	Tolerance threshold for energy convergence
     PZdPmax        	           1.000e-05	Tolerance threshold for density convergence
     PZdPrms        	           1.000e-06	Tolerance threshold for density convergence
     PZiter         	                  20	Max number of iterations in self-consistency iteration
     PZloc          	                true	Initial localization before SIC calculation?
     PZmode         	              CoulXC	Mode to use PZ-SIC in. Coul, CoulX, CoulC, CoulXC
     PZseed         	                   0	Seed number for randomized matrices?
     PZstab         	                   0	Stability analysis for PZ-SIC? 0 for no, 1 for oo block, 2 for full analysis
     PZstabFz       	                    	Orbitals to freeze for stability analysis (only oo!)
     PZunit         	                  10	Max number of iterations in unitary optimization
     PZw            	           1.000e+00	Weight for Perdew-Zunger self-interaction correction
     SaveChk        	      Mg+_lda_tz.chk	File to use as checkpoint
     ShPairThr      	           1.000e-14	Threshold for shell pair screening, (ij|ij)<thr
     Shift          	           0.000e+00	Level shift to use in Hartree
     StrictIntegrals	               false	Use strict integrals?
     System         	              Mg.xyz	System as an xyz file
     UseADIIS       	                true	Use ADIIS for Fock matrix interpolation?
     UseBroyden     	               false	Use Broyden mixing of Fock matrices?
     UseDIIS        	                true	Use Pulay's Direct Inversion in the Iterative Subspace?
     UseLM          	                true	Use a spherical harmonics basis set by default?
     UseTRDSM       	               false	Use Trust-Region DSM?
     UseTRRH        	               false	Use Trust-Region Roothaan-Hall?
     Verbose        	                true	Verbose calculation?

There are 12 shells and 1 nuclei in the basis set.

List of nuclei, geometry in Ångström with three decimal places:
		 Z	    x	    y	    z
1	Mg	 12	  0.000	  0.000	  0.000

List of basis functions:
Shell    1	S cart shell at nucleus   1 with with basis functions    1-1   
Shell    2	S cart shell at nucleus   1 with with basis functions    2-2   
Shell    3	S cart shell at nucleus   1 with with basis functions    3-3   
Shell    4	S cart shell at nucleus   1 with with basis functions    4-4   
Shell    5	S cart shell at nucleus   1 with with basis functions    5-5   
Shell    6	P cart shell at nucleus   1 with with basis functions    6-8   
Shell    7	P cart shell at nucleus   1 with with basis functions    9-11  
Shell    8	P cart shell at nucleus   1 with with basis functions   12-14  
Shell    9	P cart shell at nucleus   1 with with basis functions   15-17  
Shell   10	D  sph shell at nucleus   1 with with basis functions   18-22  
Shell   11	D  sph shell at nucleus   1 with with basis functions   23-27  
Shell   12	F  sph shell at nucleus   1 with with basis functions   28-34  

Basis set contains 34 functions, maximum angular momentum is 3.
Spherical harmonic Gaussians are used by default, there are 39 cartesians.

Forming overlap matrix ... done (0.00 s)
Forming kinetic energy matrix ... done (0.00 s)
Forming nuclear attraction matrix ... done (0.00 s)

Smallest eigenvalue of overlap matrix is 2.51e-02, ratio to largest is 9.35e-03.
Using symmetric orthogonalization.
Basis set diagonalized in 0.00 s.

Forming table of 1418480 ERIs, requiring 1 Mi 361 ki of memory ... done (0.16 s)

Initialization of computation done in 0.16 s.

Used exchange functional is lda_x, 'Slater exchange', defined in the reference(s):
P. A. M. Dirac, Math. Proc. Cambridge Philos. Soc. 26, 376 (1930) (DOI 10.1017/S0305004100016108)
F. Bloch, Z. Phys. 57, 545 (1929) (DOI 10.1007/BF01340281)

Used correlation functional is lda_c_pw, 'Perdew & Wang', defined in the reference(s):
J. P. Perdew and Y. Wang, Phys. Rev. B 45, 13244 (1992) (DOI 10.1103/PhysRevB.45.13244)

alpha: HOMO-LUMO gap is   32.90 eV. Energies of lowest lying states:
   -71.936363*   -17.057917*   -16.097508*   -16.097508*   -16.097508*
    -6.437318*    -5.228161     -5.228161     -5.228161     -4.629281 
    -4.629281     -4.629281     -4.629281     -4.629281     -3.260440 
beta:  HOMO-LUMO gap is  262.87 eV. Energies of lowest lying states:
   -71.936363*   -17.057917*   -16.097508*   -16.097508*   -16.097508*
    -6.437318     -5.228161     -5.228161     -5.228161     -4.629281 

A pure exchange functional used, no exact exchange.
Composition of static nrad=50 lmax=29 DFT grid:
	atom  Npoints      Nfuncs
	   1    15100      466288

 ******* Iteration    1 ********
Forming HF Coulomb matrix ... done (0.00 s)
Computing DFT exchange and correlation ... done (0.07 s)
Numerically integrated density is 11.00000 (+0.0000 %).
ADIIS weights
 1.00e+00 
CDIIS weights
 1.00e+00 
 DIIS weights
 1.00e+00 

Solving SCF equations ... done (0.00 s)
alpha: HOMO-LUMO gap is    3.92 eV. Energies of lowest lying states:
   -45.107615*    -2.663875*    -1.457461*    -1.457461*    -1.457461*
    -0.342091*    -0.198079     -0.198079     -0.198079     -0.088335 
    -0.047277     -0.047277     -0.047277      0.014792      0.014792 
beta:  HOMO-LUMO gap is   30.82 eV. Energies of lowest lying states:
   -45.103443*    -2.645539*    -1.435448*    -1.435448*    -1.435448*
    -0.302974     -0.179978     -0.179978     -0.179978     -0.070240 

Dipole:	x		y		z		dipole change
	-0.00000000	 0.00000000	 0.00000000	 1.502179e-14
Energy:	electronic	total		virial		energy change
	-197.41926075	-197.41926075	 0.94153986	-197.419
	kinetic		nuclear		Coulomb		XC
	 209.67700854	-490.68793374	 99.79366660	-16.20200215
Errors:	Max dens	RMS dens	DIIS
alpha	7.289184e+00	4.772304e-01	9.349072e-01
beta	1.104318e+00	8.928996e-02

Iteration took 0.08 s.

 ******* Iteration    2 ********
Forming HF Coulomb matrix ... done (0.00 s)
Computing DFT exchange and correlation ... done (0.07 s)
Numerically integrated density is 11.00000 (+0.0000 %).
ADIIS weights
 2.68e-24  1.00e+00 
CDIIS weights
 3.60e-01  6.40e-01 
 DIIS weights
 2.68e-24  1.00e+00 

Solving SCF equations ... done (0.00 s)
alpha: HOMO-LUMO gap is    4.77 eV. Energies of lowest lying states:
   -46.985677*    -3.563237*    -2.394811*    -2.394811*    -2.394811*
    -0.482824*    -0.307616     -0.307616     -0.307616     -0.130786 
    -0.081174     -0.081174     -0.081174     -0.072105     -0.072105 
beta:  HOMO-LUMO gap is   53.23 eV. Energies of lowest lying states:
   -46.984381*    -3.561439*    -2.392909*    -2.392909*    -2.392909*
    -0.436735     -0.264504     -0.264504     -0.264504     -0.116167 

Dipole:	x		y		z		dipole change
	 0.00000000	-0.00000000	-0.00000000	-8.237834e-15
Energy:	electronic	total		virial		energy change
	-198.65203399	-198.65203399	 1.02423034	-1.23277
	kinetic		nuclear		Coulomb		XC
	 193.95249883	-465.53986767	 87.72980358	-14.79446873
Errors:	Max dens	RMS dens	DIIS
alpha	4.204593e-01	3.244923e-02	5.764050e-01
beta	2.384242e-01	2.128561e-02

Iteration took 0.07 s.

 ******* Iteration    3 ********
Forming HF Coulomb matrix ... done (0.00 s)
Computing DFT exchange and correlation ... done (0.07 s)
Numerically integrated density is 11.00000 (+0.0000 %).
ADIIS weights
 7.65e-18  2.23e-16  1.00e+00 
CDIIS weights
-5.28e-02  2.03e-01  8.50e-01 
 DIIS weights
 7.65e-18  2.23e-16  1.00e+00 

Solving SCF equations ... done (0.00 s)
alpha: HOMO-LUMO gap is    4.35 eV. Energies of lowest lying states:
   -46.111755*    -3.132738*    -1.944405*    -1.944405*    -1.944405*
    -0.425661*    -0.265656     -0.265656     -0.265656     -0.104544 
    -0.060500     -0.060500     -0.060500     -0.046769     -0.046769 
beta:  HOMO-LUMO gap is   42.71 eV. Energies of lowest lying states:
   -46.107990*    -3.126863*    -1.937438*    -1.937438*    -1.937438*
    -0.367909     -0.219028     -0.219028     -0.219028     -0.089471 

Dipole:	x		y		z		dipole change
	 0.00000000	 0.00000000	 0.00000000	-2.980926e-15
Energy:	electronic	total		virial		energy change
	-198.81322266	-198.81322266	 0.99195056	-0.161189
	kinetic		nuclear		Coulomb		XC
	 200.42654499	-477.05282733	 93.25569979	-15.44264010
Errors:	Max dens	RMS dens	DIIS
alpha	2.591910e-01	1.698751e-02	1.898720e-01
beta	1.093660e-01	9.467361e-03

Iteration took 0.07 s.

 ******* Iteration    4 ********
Forming HF Coulomb matrix ... done (0.00 s)
Computing DFT exchange and correlation ... done (0.07 s)
Numerically integrated density is 11.00000 (+0.0000 %).
ADIIS weights
 1.33e-16  2.04e-14  4.75e-13  1.00e+00 
CDIIS weights
-6.08e-04 -4.83e-02  2.12e-01  8.37e-01 
 DIIS weights
-1.31e-04 -1.04e-02  4.57e-02  9.65e-01 

Solving SCF equations ... done (0.00 s)
alpha: HOMO-LUMO gap is    4.47 eV. Energies of lowest lying states:
   -46.411018*    -3.278272*    -2.096618*    -2.096618*    -2.096618*
    -0.445188*    -0.280844     -0.280844     -0.280844     -0.113657 
    -0.066992     -0.066992     -0.066992     -0.056805     -0.056805 
beta:  HOMO-LUMO gap is   46.25 eV. Energies of lowest lying states:
   -46.407921*    -3.273744*    -2.091435*    -2.091435*    -2.091435*
    -0.391955     -0.234879     -0.234879     -0.234879     -0.098715 

Dipole:	x		y		z		dipole change
	 0.00000000	-0.00000000	-0.00000000	-1.351975e-15
Energy:	electronic	total		virial		energy change
	-198.83658072	-198.83658072	 1.00441374	-0.0233581
	kinetic		nuclear		Coulomb		XC
	 197.96282331	-472.81124931	 91.21582952	-15.20398424
Errors:	Max dens	RMS dens	DIIS
alpha	7.112446e-02	5.462134e-03	8.057825e-02
beta	3.808977e-02	3.332510e-03

Iteration took 0.07 s.

 ******* Iteration    5 ********
Forming HF Coulomb matrix ... done (0.00 s)
Computing DFT exchange and correlation ... done (0.07 s)
Numerically integrated density is 11.00000 (+0.0000 %).
ADIIS weights
 1.62e-16  1.67e-14  3.38e-13  9.71e-13  1.00e+00 
CDIIS weights
 8.91e-05 -1.80e-03 -3.31e-02  1.90e-01  8.44e-01 
 DIIS weights
 7.49e-05 -1.51e-03 -2.79e-02  1.60e-01  8.69e-01 

Solving SCF equations ... done (0.00 s)
alpha: HOMO-LUMO gap is    4.44 eV. Energies of lowest lying states:
   -46.333623*    -3.240638*    -2.057219*    -2.057219*    -2.057219*
    -0.440323*    -0.277210     -0.277210     -0.277210     -0.111498 
    -0.065360     -0.065360     -0.065360     -0.054568     -0.054568 
beta:  HOMO-LUMO gap is   45.32 eV. Energies of lowest lying states:
   -46.330335*    -3.235775*    -2.051602*    -2.051602*    -2.051602*
    -0.386018     -0.230951     -0.230951     -0.230951     -0.096387 

Dipole:	x		y		z		dipole change
	 0.00000000	 0.00000000	 0.00000000	 1.208169e-15
Energy:	electronic	total		virial		energy change
	-198.84051231	-198.84051231	 0.99976937	-0.00393159
	kinetic		nuclear		Coulomb		XC
	 198.88638053	-474.41925547	 91.98690545	-15.29454282
Errors:	Max dens	RMS dens	DIIS
alpha	1.986136e-02	1.447602e-03	2.430008e-02
beta	9.854396e-03	8.578383e-04

Iteration took 0.07 s.

 ******* Iteration    6 ********
Forming HF Coulomb matrix ... done (0.00 s)
Computing DFT exchange and correlation ... done (0.07 s)
Numerically integrated density is 11.00000 (+0.0000 %).
ADIIS weights
 1.84e-17  4.56e-15  1.73e-12  9.27e-12  8.62e-09  1.00e+00 
CDIIS weights
-1.53e-07  4.90e-05  7.26e-04 -9.77e-03  2.50e-02  9.84e-01 
 DIIS weights
-1.53e-07  4.90e-05  7.26e-04 -9.77e-03  2.50e-02  9.84e-01 

Solving SCF equations ... done (0.00 s)
alpha: HOMO-LUMO gap is    4.44 eV. Energies of lowest lying states:
   -46.338152*    -3.242851*    -2.059533*    -2.059533*    -2.059533*
    -0.440620*    -0.277438     -0.277438     -0.277438     -0.111642 
    -0.065471     -0.065471     -0.065471     -0.054716     -0.054716 
beta:  HOMO-LUMO gap is   45.38 eV. Energies of lowest lying states:
   -46.334872*    -3.238005*    -2.053939*    -2.053939*    -2.053939*
    -0.386375     -0.231181     -0.231181     -0.231181     -0.096522 

Dipole:	x		y		z		dipole change
	 0.00000000	-0.00000000	 0.00000000	-1.400996e-15
Energy:	electronic	total		virial		energy change
	-198.84092593	-198.84092593	 1.00093351	-0.00041362
	kinetic		nuclear		Coulomb		XC
	 198.65547915	-474.01918201	 91.79479556	-15.27201863
Errors:	Max dens	RMS dens	DIIS
alpha	1.115840e-03	8.381601e-05	1.529185e-03
beta	5.718280e-04	4.986485e-05

Iteration took 0.07 s.

 ******* Iteration    7 ********
Forming HF Coulomb matrix ... done (0.00 s)
Computing DFT exchange and correlation ... done (0.07 s)
Numerically integrated density is 11.00000 (+0.0000 %).
ADIIS weights
 1.79e-17  4.44e-16  1.84e-14  7.78e-13  1.37e-11  2.60e-05  1.00e+00 
CDIIS weights
-5.53e-08  1.46e-06  4.39e-06 -4.59e-05 -4.11e-04 -4.20e-03  1.00e+00 
 DIIS weights
-5.53e-08  1.46e-06  4.39e-06 -4.59e-05 -4.11e-04 -4.20e-03  1.00e+00 

Solving SCF equations ... done (0.00 s)
alpha: HOMO-LUMO gap is    4.44 eV. Energies of lowest lying states:
   -46.338152*    -3.242851*    -2.059534*    -2.059534*    -2.059534*
    -0.440620*    -0.277438     -0.277438     -0.277438     -0.111642 
    -0.065471     -0.065471     -0.065471     -0.054716     -0.054716 
beta:  HOMO-LUMO gap is   45.38 eV. Energies of lowest lying states:
   -46.334872*    -3.238005*    -2.053939*    -2.053939*    -2.053939*
    -0.386376     -0.231181     -0.231181     -0.231181     -0.096523 

Dipole:	x		y		z		dipole change
	 0.00000000	-0.00000000	 0.00000000	-1.603553e-16
Energy:	electronic	total		virial		energy change
	-198.84092756	-198.84092756	 1.00086501	-1.62264e-06
	kinetic		nuclear		Coulomb		XC
	 198.66907678	-474.04277501	 91.80611773	-15.27334706
Errors:	Max dens	RMS dens	DIIS
alpha	1.264527e-07	9.304199e-09	6.394183e-08
beta	3.361557e-08	2.733618e-09

Iteration took 0.07 s.

 ******* Iteration    8 ********
Forming HF Coulomb matrix ... done (0.00 s)
Computing DFT exchange and correlation ... done (0.07 s)
Numerically integrated density is 11.00000 (+0.0000 %).
ADIIS weights
 2.64e-17  6.87e-15  2.73e-14  2.14e-11  2.11e-10  1.01e-04  5.00e-01  5.00e-01 
CDIIS weights
-1.10e-09 -2.15e-08  2.72e-07  1.53e-06 -1.81e-05 -3.27e-04 -5.30e-03  1.01e+00 
 DIIS weights
-1.10e-09 -2.15e-08  2.72e-07  1.53e-06 -1.81e-05 -3.27e-04 -5.30e-03  1.01e+00 

Solving SCF equations ... done (0.00 s)
alpha: HOMO-LUMO gap is    4.44 eV. Energies of lowest lying states:
   -46.338152*    -3.242851*    -2.059534*    -2.059534*    -2.059534*
    -0.440620*    -0.277438     -0.277438     -0.277438     -0.111642 
    -0.065471     -0.065471     -0.065471     -0.054716     -0.054716 
beta:  HOMO-LUMO gap is   45.38 eV. Energies of lowest lying states:
   -46.334872*    -3.238005*    -2.053939*    -2.053939*    -2.053939*
    -0.386376     -0.231181     -0.231181     -0.231181     -0.096523 

Dipole:	x		y		z		dipole change
	 0.00000000	 0.00000000	-0.00000000	 1.512640e-15
Energy:	electronic	total		virial		energy change
	-198.84092756	-198.84092756	 1.00086501	-1.13687e-13
	kinetic		nuclear		Coulomb		XC
	 198.66907719	-474.04277559	 91.80611793	-15.27334709
Errors:	Max dens	RMS dens	DIIS
alpha	3.172555e-09	2.189375e-10	1.020971e-09
beta	1.939745e-09	1.683539e-10

Iteration took 0.07 s.

 ******* Iteration    9 ********
Forming HF Coulomb matrix ... done (0.00 s)
Computing DFT exchange and correlation ... done (0.07 s)
Numerically integrated density is 11.00000 (+0.0000 %).
ADIIS weights
 1.59e-17  1.27e-14  8.51e-14  6.59e-12  1.67e-10  4.90e-05  3.33e-01  3.33e-01  3.33e-01 
CDIIS weights
 2.79e-11 -6.74e-10 -7.20e-09  7.15e-08  9.31e-08 -2.84e-06 -1.08e-03  4.11e-06  1.00e+00 
 DIIS weights
 2.79e-11 -6.74e-10 -7.20e-09  7.15e-08  9.31e-08 -2.84e-06 -1.08e-03  4.11e-06  1.00e+00 

Solving SCF equations ... done (0.00 s)
alpha: HOMO-LUMO gap is    4.44 eV. Energies of lowest lying states:
   -46.338152*    -3.242851*    -2.059534*    -2.059534*    -2.059534*
    -0.440620*    -0.277438     -0.277438     -0.277438     -0.111642 
    -0.065471     -0.065471     -0.065471     -0.054716     -0.054716 
beta:  HOMO-LUMO gap is   45.38 eV. Energies of lowest lying states:
   -46.334872*    -3.238005*    -2.053939*    -2.053939*    -2.053939*
    -0.386376     -0.231181     -0.231181     -0.231181     -0.096523 

Dipole:	x		y		z		dipole change
	 0.00000000	-0.00000000	 0.00000000	-2.250612e-15
Energy:	electronic	total		virial		energy change
	-198.84092756	-198.84092756	 1.00086501	 4.26326e-13
	kinetic		nuclear		Coulomb		XC
	 198.66907719	-474.04277558	 91.80611793	-15.27334709
Errors:	Max dens	RMS dens	DIIS
alpha	1.399837e-10	6.242250e-12	4.724123e-11
beta	5.526790e-11	4.990112e-12

Iteration took 0.07 s.

 ******* Convergence achieved ********
Dipole moment is (0.000000,-0.000000,0.000000) D, |mu|=0.000000 D.
Solution of UDFT took 0.69 s.

Mulliken charges: alpha, beta, total (incl. nucleus)
   1 Mg          -6.000000       -5.000000        1.000000
Sum of Mulliken charges 1.000000e+00

Mulliken spin charges
   1 Mg           1.000000
Sum of Mulliken spin charges 1.000000e+00

Electron density at nuclei: alpha, beta, total
   1 Mg         537.878605      535.820578     1073.699183

Running program took 0.87 s.
Current time is Mon 09 Feb 2015 00:53:24.
