Basis set cc-pVTZ found in file cc-pVTZ.gbs in /home/work/erkale/source/erkale.co/basis/.


Current Settings used by ERKALE:
     AtomGuess      	                Auto	Method used for atomic guess (Auto for same as method)
     Basis          	             cc-pVTZ	Basis set used in calculation
     BasisCutoff    	           1.000e-08	Cutoff for dropping out small primitives from contraction
     BasisOrth      	                Auto	Method of orthonormalization of basis set
     BasisRotate    	                true	Rotate basis set to remove redundant functions?
     C1-DIIS        	               false	Use older version of DIIS (C1-DIIS instead of C2-DIIS)?
     Charge         	                   0	Total charge of system
     DFTDelta       	           5.000e+03	Switch to final DFT grid, relative to deltaE and deltaP
     DFTDirect      	               false	Save memory by not storing values of basis functions in memory
     DFTFinalTol    	           1.000e-05	Tolerance of final DFT grid
     DFTGrid        	             50 -302	DFT integration grid to use: nrad lmax or Auto for adaptive
     DFTInitialTol  	           1.000e-04	Tolerance of initial DFT grid
     DFTLobatto     	               false	Use Lobatto quadrature instead of Lebedev quadrature?
     DIISEps        	           1.000e-01	Start mixing in DIIS when error is
     DIISOrder      	                  10	How many DIIS iterations to keep in memory?
     DIISThr        	           1.000e-02	DIIS error threshold for DIIS updates
     DecFock        	               false	Use decontracted basis to calculate Fock matrix (direct HF)
     Decontract     	                    	Indices of atoms to decontract basis set for
     DeltaEmax      	           1.000e-06	Maximum allowed change of energy
     DeltaPmax      	           1.000e-06	Maximum allowed maximum difference of density matrix
     DeltaPrms      	           1.000e-08	Maximum allowed RMS difference of density matrix
     DensityFitting 	               false	Use density fitting / RI?
     Direct         	               false	Calculate two-electron integrals (or density fitting) on-the-fly?
     EField         	         0.0 0.0 0.0	Electric field
     FittingBasis   	                Auto	Basis to use for density fitting / RI (Auto for automatic)
     FittingMemory  	                1000	Amount of memory in MB to use for exchange fitting
     FittingThreshold	           1.000e-08	Linear dependence threshold for Coulomb integrals in density fitting
     ForcePol       	               false	Force polarized calculation
     FreezeCore     	               false	Freeze the atomic cores?
     Guess          	                Core	Used guess: atomic (default), core, or GWH
     LineSearch     	               false	Do line search in level shift (EXPENSIVE!)
     LoadChk        	                    	File to load old results from
     Logfile        	       Mg_lda_tz.log	File to print out full information, stdout for screen
     MaxIter        	                 100	Maximum number of iterations in SCF cycle
     Method         	      lda_x-lda_c_pw	Method used in calculation (HF or a DFT functional)
     Multiplicity   	                   1	Spin multiplicity
     Occupancies    	                    	Orbital occupancies
     PZ             	                  No	Perform Perdew-Zunger self-interaction correction? No, Pert, Full, OldFull, Real, Can, CanPert
     PZEmax         	           1.000e-06	Threshold for energy change in unitary optimization
     PZHam          	                Symm	Hamiltonian to use in PZ-SIC: Symm, United
     PZKmax         	           1.000e-03	Threshold for kappa max in unitary optimization
     PZKrms         	           1.000e-04	Threshold for kappa rms in unitary optimization
     PZdEmax        	           1.000e-05	Tolerance threshold for energy convergence
     PZdPmax        	           1.000e-05	Tolerance threshold for density convergence
     PZdPrms        	           1.000e-06	Tolerance threshold for density convergence
     PZiter         	                  20	Max number of iterations in self-consistency iteration
     PZloc          	                true	Initial localization before SIC calculation?
     PZmode         	              CoulXC	Mode to use PZ-SIC in. Coul, CoulX, CoulC, CoulXC
     PZseed         	                   0	Seed number for randomized matrices?
     PZstab         	                   0	Stability analysis for PZ-SIC? 0 for no, 1 for oo block, 2 for full analysis
     PZstabFz       	                    	Orbitals to freeze for stability analysis (only oo!)
     PZunit         	                  10	Max number of iterations in unitary optimization
     PZw            	           1.000e+00	Weight for Perdew-Zunger self-interaction correction
     SaveChk        	       Mg_lda_tz.chk	File to use as checkpoint
     ShPairThr      	           1.000e-14	Threshold for shell pair screening, (ij|ij)<thr
     Shift          	           0.000e+00	Level shift to use in Hartree
     StrictIntegrals	               false	Use strict integrals?
     System         	              Mg.xyz	System as an xyz file
     UseADIIS       	                true	Use ADIIS for Fock matrix interpolation?
     UseBroyden     	               false	Use Broyden mixing of Fock matrices?
     UseDIIS        	                true	Use Pulay's Direct Inversion in the Iterative Subspace?
     UseLM          	                true	Use a spherical harmonics basis set by default?
     UseTRDSM       	               false	Use Trust-Region DSM?
     UseTRRH        	               false	Use Trust-Region Roothaan-Hall?
     Verbose        	                true	Verbose calculation?

There are 12 shells and 1 nuclei in the basis set.

List of nuclei, geometry in Ångström with three decimal places:
		 Z	    x	    y	    z
1	Mg	 12	  0.000	  0.000	  0.000

List of basis functions:
Shell    1	S cart shell at nucleus   1 with with basis functions    1-1   
Shell    2	S cart shell at nucleus   1 with with basis functions    2-2   
Shell    3	S cart shell at nucleus   1 with with basis functions    3-3   
Shell    4	S cart shell at nucleus   1 with with basis functions    4-4   
Shell    5	S cart shell at nucleus   1 with with basis functions    5-5   
Shell    6	P cart shell at nucleus   1 with with basis functions    6-8   
Shell    7	P cart shell at nucleus   1 with with basis functions    9-11  
Shell    8	P cart shell at nucleus   1 with with basis functions   12-14  
Shell    9	P cart shell at nucleus   1 with with basis functions   15-17  
Shell   10	D  sph shell at nucleus   1 with with basis functions   18-22  
Shell   11	D  sph shell at nucleus   1 with with basis functions   23-27  
Shell   12	F  sph shell at nucleus   1 with with basis functions   28-34  

Basis set contains 34 functions, maximum angular momentum is 3.
Spherical harmonic Gaussians are used by default, there are 39 cartesians.

Forming overlap matrix ... done (0.00 s)
Forming kinetic energy matrix ... done (0.00 s)
Forming nuclear attraction matrix ... done (0.00 s)

Smallest eigenvalue of overlap matrix is 2.51e-02, ratio to largest is 9.35e-03.
Using symmetric orthogonalization.
Basis set diagonalized in 0.00 s.

Forming table of 1418480 ERIs, requiring 1 Mi 361 ki of memory ... done (0.17 s)

Initialization of computation done in 0.17 s.

Used exchange functional is lda_x, 'Slater exchange', defined in the reference(s):
P. A. M. Dirac, Math. Proc. Cambridge Philos. Soc. 26, 376 (1930) (DOI 10.1017/S0305004100016108)
F. Bloch, Z. Phys. 57, 545 (1929) (DOI 10.1007/BF01340281)

Used correlation functional is lda_c_pw, 'Perdew & Wang', defined in the reference(s):
J. P. Perdew and Y. Wang, Phys. Rev. B 45, 13244 (1992) (DOI 10.1103/PhysRevB.45.13244)

HOMO-LUMO gap is   32.90 eV. Energies of lowest lying states:
   -71.936363*   -17.057917*   -16.097508*   -16.097508*   -16.097508*
    -6.437318*    -5.228161     -5.228161     -5.228161     -4.629281 
    -4.629281     -4.629281     -4.629281     -4.629281     -3.260440 

A pure exchange functional used, no exact exchange.
Composition of static nrad=50 lmax=29 DFT grid:
	atom  Npoints      Nfuncs
	   1    15100      466288

 ******* Iteration    1 ********
Forming HF Coulomb matrix ... done (0.00 s)
Computing DFT exchange and correlation ... done (0.05 s)
Numerically integrated density is 12.00000 (+0.0000 %).
ADIIS weights
 1.00e+00 
CDIIS weights
 1.00e+00 
 DIIS weights
 1.00e+00 

Solving SCF equations ... done (0.00 s)
HOMO-LUMO gap is    1.56 eV. Energies of lowest lying states:
   -44.439331*    -2.048983*    -0.848473*    -0.848473*    -0.848473*
    -0.038552*     0.018948      0.018948      0.018948      0.140931 
     0.181339      0.181339      0.181339      0.288854      0.288854 

Dipole:	x		y		z		dipole change
	-0.00000000	 0.00000000	 0.00000000	 2.023112e-13
Energy:	electronic	total		virial		energy change
	-197.18252088	-197.18252088	 0.93265392	-197.183
	kinetic		nuclear		Coulomb		XC
	 211.42088912	-498.86913232	 106.87220059	-16.60647826
Errors:	Max dens	RMS dens	DIIS
	 7.364903e+00	 4.776670e-01	 9.240972e-01

Iteration took 0.05 s.

 ******* Iteration    2 ********
Forming HF Coulomb matrix ... done (0.00 s)
Computing DFT exchange and correlation ... done (0.04 s)
Numerically integrated density is 12.00000 (+0.0000 %).
ADIIS weights
 5.02e-27  1.00e+00 
CDIIS weights
 4.74e-01  5.26e-01 
 DIIS weights
 5.02e-27  1.00e+00 

Solving SCF equations ... done (0.00 s)
HOMO-LUMO gap is    4.62 eV. Energies of lowest lying states:
   -47.153609*    -3.559007*    -2.398463*    -2.398463*    -2.398463*
    -0.308390*    -0.138495     -0.138495     -0.138495     -0.011625 
     0.029255      0.029255      0.029255      0.101810      0.101810 

Dipole:	x		y		z		dipole change
	 0.00000000	-0.00000000	-0.00000000	-1.233425e-13
Energy:	electronic	total		virial		energy change
	-198.62622078	-198.62622078	 1.03715128	-1.4437
	kinetic		nuclear		Coulomb		XC
	 191.51132917	-463.16657506	 87.65670576	-14.62768065
Errors:	Max dens	RMS dens	DIIS
	 7.301379e-01	 4.855434e-02	 8.956038e-01

Iteration took 0.05 s.

 ******* Iteration    3 ********
Forming HF Coulomb matrix ... done (0.00 s)
Computing DFT exchange and correlation ... done (0.05 s)
Numerically integrated density is 12.00000 (+0.0000 %).
ADIIS weights
 1.30e-17  1.30e-16  1.00e+00 
CDIIS weights
-1.44e-01  2.06e-01  9.38e-01 
 DIIS weights
 1.30e-17  1.30e-16  1.00e+00 

Solving SCF equations ... done (0.00 s)
HOMO-LUMO gap is    2.95 eV. Energies of lowest lying states:
   -45.537009*    -2.645568*    -1.454808*    -1.454808*    -1.454808*
    -0.125026*    -0.016473     -0.016473     -0.016473      0.086832 
     0.117148      0.117148      0.117148      0.211875      0.211875 

Dipole:	x		y		z		dipole change
	-0.00000000	 0.00000000	 0.00000000	 2.239506e-14
Energy:	electronic	total		virial		energy change
	-199.02017852	-199.02017852	 0.98448699	-0.393958
	kinetic		nuclear		Coulomb		XC
	 202.15623038	-484.27539394	 98.88720546	-15.78822041
Errors:	Max dens	RMS dens	DIIS
	 5.298476e-01	 3.094643e-02	 3.025961e-01

Iteration took 0.05 s.

 ******* Iteration    4 ********
Forming HF Coulomb matrix ... done (0.00 s)
Computing DFT exchange and correlation ... done (0.05 s)
Numerically integrated density is 12.00000 (+0.0000 %).
ADIIS weights
 6.15e-17  1.62e-15  5.86e-13  1.00e+00 
CDIIS weights
-1.07e-02 -9.46e-02  2.52e-01  8.53e-01 
 DIIS weights
 6.15e-17  1.62e-15  5.86e-13  1.00e+00 

Solving SCF equations ... done (0.00 s)
HOMO-LUMO gap is    3.65 eV. Energies of lowest lying states:
   -46.243381*    -3.045191*    -1.866633*    -1.866633*    -1.866633*
    -0.201666*    -0.067662     -0.067662     -0.067662      0.038760 
     0.074536      0.074536      0.074536      0.160466      0.160466 

Dipole:	x		y		z		dipole change
	 0.00000000	 0.00000000	-0.00000000	-1.548326e-14
Energy:	electronic	total		virial		energy change
	-199.09982963	-199.09982963	 1.00914415	-0.0796511
	kinetic		nuclear		Coulomb		XC
	 197.29572807	-474.97217189	 93.85266783	-15.27605364
Errors:	Max dens	RMS dens	DIIS
	 1.566149e-01	 1.210622e-02	 1.777441e-01

Iteration took 0.05 s.

 ******* Iteration    5 ********
Forming HF Coulomb matrix ... done (0.00 s)
Computing DFT exchange and correlation ... done (0.05 s)
Numerically integrated density is 12.00000 (+0.0000 %).
ADIIS weights
 1.28e-16  3.11e-15  5.24e-14  4.64e-11  1.00e+00 
CDIIS weights
 7.50e-04 -1.20e-02 -6.75e-02  2.95e-01  7.84e-01 
 DIIS weights
 1.82e-04 -2.91e-03 -1.63e-02  7.13e-02  9.48e-01 

Solving SCF equations ... done (0.00 s)
HOMO-LUMO gap is    3.32 eV. Energies of lowest lying states:
   -45.914283*    -2.860322*    -1.675663*    -1.675663*    -1.675663*
    -0.166279*    -0.044275     -0.044275     -0.044275      0.059577 
     0.093129      0.093129      0.093129      0.182804      0.182804 

Dipole:	x		y		z		dipole change
	-0.00000000	-0.00000000	 0.00000000	 5.262309e-15
Energy:	electronic	total		virial		energy change
	-199.11914249	-199.11914249	 0.99706168	-0.0193129
	kinetic		nuclear		Coulomb		XC
	 199.70594215	-479.64738564	 96.35562585	-15.53332485
Errors:	Max dens	RMS dens	DIIS
	 7.922553e-02	 5.851742e-03	 7.822564e-02

Iteration took 0.05 s.

 ******* Iteration    6 ********
Forming HF Coulomb matrix ... done (0.00 s)
Computing DFT exchange and correlation ... done (0.04 s)
Numerically integrated density is 12.00000 (+0.0000 %).
ADIIS weights
 2.20e-16  3.33e-16  1.15e-15  6.60e-13  4.49e-13  1.00e+00 
CDIIS weights
 5.93e-05 -5.37e-04 -1.07e-02 -3.08e-02  2.61e-01  7.81e-01 
 DIIS weights
 4.63e-05 -4.19e-04 -8.33e-03 -2.40e-02  2.04e-01  8.29e-01 

Solving SCF equations ... done (0.00 s)
HOMO-LUMO gap is    3.41 eV. Energies of lowest lying states:
   -46.008994*    -2.913788*    -1.730821*    -1.730821*    -1.730821*
    -0.176554*    -0.051115     -0.051115     -0.051115      0.053265 
     0.087507      0.087507      0.087507      0.176070      0.176070 

Dipole:	x		y		z		dipole change
	 0.00000000	 0.00000000	-0.00000000	-3.798634e-14
Energy:	electronic	total		virial		energy change
	-199.12409699	-199.12409699	 1.00238168	-0.00495451
	kinetic		nuclear		Coulomb		XC
	 198.65097424	-477.61430229	 95.26071353	-15.42148247
Errors:	Max dens	RMS dens	DIIS
	 2.164048e-02	 1.647170e-03	 2.970814e-02

Iteration took 0.05 s.

 ******* Iteration    7 ********
Forming HF Coulomb matrix ... done (0.00 s)
Computing DFT exchange and correlation ... done (0.05 s)
Numerically integrated density is 12.00000 (+0.0000 %).
ADIIS weights
 1.32e-16  2.31e-14  1.58e-14  1.84e-12  1.13e-11  2.12e-09  1.00e+00 
CDIIS weights
 6.25e-06 -9.95e-06 -8.13e-04 -4.36e-03  1.29e-02  1.41e-01  8.51e-01 
 DIIS weights
 6.25e-06 -9.95e-06 -8.13e-04 -4.36e-03  1.29e-02  1.41e-01  8.51e-01 

Solving SCF equations ... done (0.00 s)
HOMO-LUMO gap is    3.40 eV. Energies of lowest lying states:
   -45.999797*    -2.908596*    -1.725462*    -1.725462*    -1.725462*
    -0.175553*    -0.050451     -0.050451     -0.050451      0.053872 
     0.088047      0.088047      0.088047      0.176718      0.176718 

Dipole:	x		y		z		dipole change
	-0.00000000	-0.00000000	 0.00000000	-2.279836e-14
Energy:	electronic	total		virial		energy change
	-199.12485604	-199.12485604	 1.00080167	-0.000759049
	kinetic		nuclear		Coulomb		XC
	 198.96535210	-478.22291620	 95.58767155	-15.45496349
Errors:	Max dens	RMS dens	DIIS
	 2.146798e-03	 1.615668e-04	 3.119235e-03

Iteration took 0.05 s.

 ******* Iteration    8 ********
Forming HF Coulomb matrix ... done (0.00 s)
Computing DFT exchange and correlation ... done (0.05 s)
Numerically integrated density is 12.00000 (+0.0000 %).
ADIIS weights
 8.47e-17  1.81e-15  7.09e-15  6.32e-13  6.39e-12  3.45e-10  1.77e-05  1.00e+00 
CDIIS weights
-6.20e-08 -3.03e-06  1.63e-05  2.65e-04 -5.43e-04 -4.68e-03 -1.82e-02  1.02e+00 
 DIIS weights
-6.20e-08 -3.03e-06  1.63e-05  2.65e-04 -5.43e-04 -4.68e-03 -1.82e-02  1.02e+00 

Solving SCF equations ... done (0.00 s)
HOMO-LUMO gap is    3.40 eV. Energies of lowest lying states:
   -45.999797*    -2.908596*    -1.725462*    -1.725462*    -1.725462*
    -0.175553*    -0.050450     -0.050450     -0.050450      0.053872 
     0.088047      0.088047      0.088047      0.176718      0.176718 

Dipole:	x		y		z		dipole change
	 0.00000000	 0.00000000	-0.00000000	 6.795129e-15
Energy:	electronic	total		virial		energy change
	-199.12486472	-199.12486472	 1.00095330	-8.67746e-06
	kinetic		nuclear		Coulomb		XC
	 198.93521984	-478.16463690	 95.55631009	-15.45175775
Errors:	Max dens	RMS dens	DIIS
	 5.069701e-07	 3.162101e-08	 2.359544e-07

Iteration took 0.05 s.

 ******* Iteration    9 ********
Forming HF Coulomb matrix ... done (0.00 s)
Computing DFT exchange and correlation ... done (0.04 s)
Numerically integrated density is 12.00000 (+0.0000 %).
ADIIS weights
 2.08e-17  8.86e-16  1.29e-14  8.76e-15  1.35e-13  1.28e-10  4.86e-07  5.00e-01  5.00e-01 
CDIIS weights
-4.96e-10 -6.08e-09  1.29e-07  4.51e-07 -5.31e-06  8.00e-06  2.20e-04 -2.41e-02  1.02e+00 
 DIIS weights
-4.96e-10 -6.08e-09  1.29e-07  4.51e-07 -5.31e-06  8.00e-06  2.20e-04 -2.41e-02  1.02e+00 

Solving SCF equations ... done (0.00 s)
HOMO-LUMO gap is    3.40 eV. Energies of lowest lying states:
   -45.999797*    -2.908596*    -1.725462*    -1.725462*    -1.725462*
    -0.175553*    -0.050450     -0.050450     -0.050450      0.053872 
     0.088047      0.088047      0.088047      0.176718      0.176718 

Dipole:	x		y		z		dipole change
	-0.00000000	-0.00000000	 0.00000000	 2.942729e-15
Energy:	electronic	total		virial		energy change
	-199.12486472	-199.12486472	 1.00095329	-3.97904e-13
	kinetic		nuclear		Coulomb		XC
	 198.93522254	-478.16464332	 95.55631416	-15.45175810
Errors:	Max dens	RMS dens	DIIS
	 1.519836e-08	 9.377248e-10	 6.391466e-09

Iteration took 0.05 s.

 ******* Iteration   10 ********
Forming HF Coulomb matrix ... done (0.00 s)
Computing DFT exchange and correlation ... done (0.05 s)
Numerically integrated density is 12.00000 (+0.0000 %).
ADIIS weights
 2.33e-19  5.89e-16  3.46e-17  6.15e-15  1.30e-12  4.09e-11  2.98e-07  3.33e-01  3.33e-01  3.33e-01 
CDIIS weights
-2.63e-12  6.78e-11  3.54e-10 -4.46e-09 -7.56e-09  9.69e-08  8.49e-07 -9.69e-05  3.32e-05  1.00e+00 
 DIIS weights
-2.63e-12  6.78e-11  3.54e-10 -4.46e-09 -7.56e-09  9.69e-08  8.49e-07 -9.69e-05  3.32e-05  1.00e+00 

Solving SCF equations ... done (0.00 s)
HOMO-LUMO gap is    3.40 eV. Energies of lowest lying states:
   -45.999797*    -2.908596*    -1.725462*    -1.725462*    -1.725462*
    -0.175553*    -0.050450     -0.050450     -0.050450      0.053872 
     0.088047      0.088047      0.088047      0.176718      0.176718 

Dipole:	x		y		z		dipole change
	 0.00000000	 0.00000000	-0.00000000	 2.788515e-15
Energy:	electronic	total		virial		energy change
	-199.12486472	-199.12486472	 1.00095329	 3.12639e-13
	kinetic		nuclear		Coulomb		XC
	 198.93522260	-478.16464346	 95.55631426	-15.45175811
Errors:	Max dens	RMS dens	DIIS
	 5.859419e-11	 3.782286e-12	 3.916239e-11

Iteration took 0.05 s.

 ******* Convergence achieved ********
Dipole moment is (0.000000,0.000000,-0.000000) D, |mu|=0.000000 D.
Solution of RDFT took 0.53 s.

Mulliken charges
   1 Mg           0.000000
Sum of Mulliken charges 0.000000e+00

Electron density at nuclei
   1 Mg        1074.621997

Running program took 0.72 s.
Current time is Mon 09 Feb 2015 00:53:23.
