Basis set cc-pVTZ found in file cc-pVTZ.gbs in /home/work/erkale/source/erkale.co/basis/.


Current Settings used by ERKALE:
     AtomGuess      	                Auto	Method used for atomic guess (Auto for same as method)
     Basis          	             cc-pVTZ	Basis set used in calculation
     BasisCutoff    	           1.000e-08	Cutoff for dropping out small primitives from contraction
     BasisOrth      	                Auto	Method of orthonormalization of basis set
     BasisRotate    	                true	Rotate basis set to remove redundant functions?
     C1-DIIS        	               false	Use older version of DIIS (C1-DIIS instead of C2-DIIS)?
     Charge         	                   0	Total charge of system
     DIISEps        	           1.000e-01	Start mixing in DIIS when error is
     DIISOrder      	                  10	How many DIIS iterations to keep in memory?
     DIISThr        	           1.000e-02	DIIS error threshold for DIIS updates
     DecFock        	               false	Use decontracted basis to calculate Fock matrix (direct HF)
     Decontract     	                    	Indices of atoms to decontract basis set for
     DeltaEmax      	           1.000e-06	Maximum allowed change of energy
     DeltaPmax      	           1.000e-06	Maximum allowed maximum difference of density matrix
     DeltaPrms      	           1.000e-08	Maximum allowed RMS difference of density matrix
     DensityFitting 	               false	Use density fitting / RI?
     Direct         	               false	Calculate two-electron integrals (or density fitting) on-the-fly?
     EField         	         0.0 0.0 0.0	Electric field
     FittingBasis   	                Auto	Basis to use for density fitting / RI (Auto for automatic)
     FittingMemory  	                1000	Amount of memory in MB to use for exchange fitting
     FittingThreshold	           1.000e-08	Linear dependence threshold for Coulomb integrals in density fitting
     ForcePol       	               false	Force polarized calculation
     FreezeCore     	               false	Freeze the atomic cores?
     Guess          	                Core	Used guess: atomic (default), core, or GWH
     LineSearch     	               false	Do line search in level shift (EXPENSIVE!)
     LoadChk        	                    	File to load old results from
     Logfile        	           Mg_tz.log	File to print out full information, stdout for screen
     MaxIter        	                 100	Maximum number of iterations in SCF cycle
     Method         	                  HF	Method used in calculation (HF or a DFT functional)
     Multiplicity   	                   1	Spin multiplicity
     Occupancies    	                    	Orbital occupancies
     SaveChk        	           Mg_tz.chk	File to use as checkpoint
     ShPairThr      	           1.000e-14	Threshold for shell pair screening, (ij|ij)<thr
     Shift          	           0.000e+00	Level shift to use in Hartree
     StrictIntegrals	               false	Use strict integrals?
     System         	              Mg.xyz	System as an xyz file
     UseADIIS       	                true	Use ADIIS for Fock matrix interpolation?
     UseBroyden     	               false	Use Broyden mixing of Fock matrices?
     UseDIIS        	                true	Use Pulay's Direct Inversion in the Iterative Subspace?
     UseLM          	                true	Use a spherical harmonics basis set by default?
     UseTRDSM       	               false	Use Trust-Region DSM?
     UseTRRH        	               false	Use Trust-Region Roothaan-Hall?
     Verbose        	                true	Verbose calculation?

There are 12 shells and 1 nuclei in the basis set.

List of nuclei, geometry in Ångström with three decimal places:
		 Z	    x	    y	    z
1	Mg	 12	  0.000	  0.000	  0.000

List of basis functions:
Shell    1	S cart shell at nucleus   1 with with basis functions    1-1   
Shell    2	S cart shell at nucleus   1 with with basis functions    2-2   
Shell    3	S cart shell at nucleus   1 with with basis functions    3-3   
Shell    4	S cart shell at nucleus   1 with with basis functions    4-4   
Shell    5	S cart shell at nucleus   1 with with basis functions    5-5   
Shell    6	P cart shell at nucleus   1 with with basis functions    6-8   
Shell    7	P cart shell at nucleus   1 with with basis functions    9-11  
Shell    8	P cart shell at nucleus   1 with with basis functions   12-14  
Shell    9	P cart shell at nucleus   1 with with basis functions   15-17  
Shell   10	D  sph shell at nucleus   1 with with basis functions   18-22  
Shell   11	D  sph shell at nucleus   1 with with basis functions   23-27  
Shell   12	F  sph shell at nucleus   1 with with basis functions   28-34  

Basis set contains 34 functions, maximum angular momentum is 3.
Spherical harmonic Gaussians are used by default, there are 39 cartesians.

Forming overlap matrix ... done (0.00 s)
Forming kinetic energy matrix ... done (0.00 s)
Forming nuclear attraction matrix ... done (0.00 s)

Smallest eigenvalue of overlap matrix is 2.51e-02, ratio to largest is 9.35e-03.
Using symmetric orthogonalization.
Basis set diagonalized in 0.00 s.

Forming table of 1418480 ERIs, requiring 1 Mi 361 ki of memory ... done (0.15 s)

Initialization of computation done in 0.16 s.

HOMO-LUMO gap is   32.90 eV. Energies of lowest lying states:
   -71.936363*   -17.057917*   -16.097508*   -16.097508*   -16.097508*
    -6.437318*    -5.228161     -5.228161     -5.228161     -4.629281 
    -4.629281     -4.629281     -4.629281     -4.629281     -3.260440 

 ******* Iteration    1 ********
Forming HF Coulomb and exchange matrices ... done (0.00 s)
ADIIS weights
 1.00e+00 
CDIIS weights
 1.00e+00 
 DIIS weights
 1.00e+00 

Solving SCF equations ... done (0.00 s)
HOMO-LUMO gap is    2.21 eV. Energies of lowest lying states:
   -47.561707*    -2.959651*    -1.424540*    -1.424540*    -1.424540*
    -0.014108*     0.067139      0.067139      0.067139      0.135398 
     0.262920      0.262920      0.262920      0.381777      0.381777 

Dipole:	x		y		z		dipole change
	-0.00000000	 0.00000000	 0.00000000	 5.520947e-14
Energy:	electronic	total		virial		energy change
	-197.63329560	-197.63329560	 0.93478604	-197.633
	kinetic		nuclear		Coulomb		Exchange
	 211.42088912	-498.86913232	 106.87220059	-17.05725299
Errors:	Max dens	RMS dens	DIIS
	 7.324776e+00	 4.705355e-01	 9.594965e-01

Iteration took 0.00 s.

 ******* Iteration    2 ********
Forming HF Coulomb and exchange matrices ... done (0.00 s)
ADIIS weights
 3.33e-23  1.00e+00 
CDIIS weights
 9.99e-02  9.00e-01 
 DIIS weights
 3.33e-23  1.00e+00 

Solving SCF equations ... done (0.00 s)
HOMO-LUMO gap is    7.93 eV. Energies of lowest lying states:
   -49.218111*    -3.859261*    -2.377706*    -2.377706*    -2.377706*
    -0.265132*     0.026334      0.026334      0.026334      0.130650 
     0.173606      0.173606      0.173606      0.307169      0.307169 

Dipole:	x		y		z		dipole change
	-0.00000000	 0.00000000	 0.00000000	-4.056620e-14
Energy:	electronic	total		virial		energy change
	-199.58779948	-199.58779948	 1.00648893	-1.9545
	kinetic		nuclear		Coulomb		Exchange
	 198.30103785	-476.54959227	 94.49833861	-15.83758367
Errors:	Max dens	RMS dens	DIIS
	 2.080008e-01	 1.061139e-02	 1.700674e-01

Iteration took 0.00 s.

 ******* Iteration    3 ********
Forming HF Coulomb and exchange matrices ... done (0.00 s)
ADIIS weights
 4.93e-17  7.37e-15  1.00e+00 
CDIIS weights
-1.57e-02 -2.85e-02  1.04e+00 
 DIIS weights
-1.36e-02 -2.46e-02  1.04e+00 

Solving SCF equations ... done (0.00 s)
HOMO-LUMO gap is    7.95 eV. Energies of lowest lying states:
   -49.042956*    -3.778179*    -2.292760*    -2.292760*    -2.292760*
    -0.257840*     0.034219      0.034219      0.034219      0.137926 
     0.181205      0.181205      0.181205      0.318612      0.318612 

Dipole:	x		y		z		dipole change
	 0.00000000	 0.00000000	 0.00000000	-8.789705e-15
Energy:	electronic	total		virial		energy change
	-199.61270939	-199.61270939	 0.99963190	-0.0249099
	kinetic		nuclear		Coulomb		Exchange
	 199.68621417	-479.10810236	 95.80711645	-15.99793766
Errors:	Max dens	RMS dens	DIIS
	 6.541507e-02	 2.857049e-03	 2.227902e-02

Iteration took 0.00 s.

 ******* Iteration    4 ********
Forming HF Coulomb and exchange matrices ... done (0.00 s)
ADIIS weights
 3.49e-07  1.66e-03  6.68e-02  9.32e-01 
CDIIS weights
 1.17e-03  5.00e-04 -1.58e-01  1.16e+00 
 DIIS weights
 1.17e-03  5.00e-04 -1.58e-01  1.16e+00 

Solving SCF equations ... done (0.00 s)
HOMO-LUMO gap is    7.88 eV. Energies of lowest lying states:
   -49.032907*    -3.768937*    -2.283309*    -2.283309*    -2.283309*
    -0.253210*     0.036356      0.036356      0.036356      0.138582 
     0.183227      0.183227      0.183227      0.321651      0.321651 

Dipole:	x		y		z		dipole change
	 0.00000000	 0.00000000	 0.00000000	-1.800741e-15
Energy:	electronic	total		virial		energy change
	-199.61332345	-199.61332345	 1.00001410	-0.000614065
	kinetic		nuclear		Coulomb		Exchange
	 199.61050840	-479.01817469	 95.78749854	-15.99315571
Errors:	Max dens	RMS dens	DIIS
	 1.140307e-02	 4.906278e-04	 3.381828e-03

Iteration took 0.00 s.

 ******* Iteration    5 ********
Forming HF Coulomb and exchange matrices ... done (0.00 s)
ADIIS weights
 2.67e-15  4.47e-12  1.00e-07  2.70e-06  1.00e+00 
CDIIS weights
-2.26e-04  2.43e-04  3.64e-02 -3.62e-01  1.33e+00 
 DIIS weights
-2.26e-04  2.43e-04  3.64e-02 -3.62e-01  1.33e+00 

Solving SCF equations ... done (0.00 s)
HOMO-LUMO gap is    7.88 eV. Energies of lowest lying states:
   -49.031935*    -3.767820*    -2.282217*    -2.282217*    -2.282217*
    -0.253104*     0.036639      0.036639      0.036639      0.138739 
     0.183512      0.183512      0.183512      0.322105      0.322105 

Dipole:	x		y		z		dipole change
	 0.00000000	 0.00000000	 0.00000000	 3.470227e-15
Energy:	electronic	total		virial		energy change
	-199.61334665	-199.61334665	 1.00001634	-2.3201e-05
	kinetic		nuclear		Coulomb		Exchange
	 199.61008450	-479.03438582	 95.80487040	-15.99391573
Errors:	Max dens	RMS dens	DIIS
	 1.401189e-03	 7.640989e-05	 4.626924e-04

Iteration took 0.00 s.

 ******* Iteration    6 ********
Forming HF Coulomb and exchange matrices ... done (0.00 s)
ADIIS weights
 6.59e-17  3.30e-12  2.25e-09  1.46e-06  6.70e-03  9.93e-01 
CDIIS weights
-7.33e-06 -3.15e-05 -2.48e-03  3.97e-02 -2.00e-01  1.16e+00 
 DIIS weights
-7.33e-06 -3.15e-05 -2.48e-03  3.97e-02 -2.00e-01  1.16e+00 

Solving SCF equations ... done (0.00 s)
HOMO-LUMO gap is    7.88 eV. Energies of lowest lying states:
   -49.031782*    -3.767704*    -2.282077*    -2.282077*    -2.282077*
    -0.253048*     0.036660      0.036660      0.036660      0.138743 
     0.183536      0.183536      0.183536      0.322135      0.322135 

Dipole:	x		y		z		dipole change
	 0.00000000	 0.00000000	 0.00000000	-5.869230e-15
Energy:	electronic	total		virial		energy change
	-199.61334741	-199.61334741	 1.00001185	-7.58108e-07
	kinetic		nuclear		Coulomb		Exchange
	 199.61098264	-479.04006321	 95.80988809	-15.99415494
Errors:	Max dens	RMS dens	DIIS
	 3.033498e-05	 2.358400e-06	 2.806323e-05

Iteration took 0.00 s.

 ******* Iteration    7 ********
Forming HF Coulomb and exchange matrices ... done (0.00 s)
ADIIS weights
 7.25e-17  9.59e-13  7.72e-10  5.44e-07  4.65e-03  5.00e-01  4.96e-01 
CDIIS weights
 1.29e-07  1.31e-06  1.26e-04 -1.91e-03  9.95e-03 -5.99e-02  1.05e+00 
 DIIS weights
 1.29e-07  1.31e-06  1.26e-04 -1.91e-03  9.95e-03 -5.99e-02  1.05e+00 

Solving SCF equations ... done (0.00 s)
HOMO-LUMO gap is    7.88 eV. Energies of lowest lying states:
   -49.031781*    -3.767703*    -2.282076*    -2.282076*    -2.282076*
    -0.253047*     0.036660      0.036660      0.036660      0.138742 
     0.183536      0.183536      0.183536      0.322135      0.322135 

Dipole:	x		y		z		dipole change
	 0.00000000	 0.00000000	 0.00000000	 8.781713e-16
Energy:	electronic	total		virial		energy change
	-199.61334741	-199.61334741	 1.00001206	-1.45923e-09
	kinetic		nuclear		Coulomb		Exchange
	 199.61094040	-479.04011817	 95.80998205	-15.99415169
Errors:	Max dens	RMS dens	DIIS
	 5.796872e-07	 3.724218e-08	 2.969546e-07

Iteration took 0.00 s.

 ******* Iteration    8 ********
Forming HF Coulomb and exchange matrices ... done (0.00 s)
ADIIS weights
 4.33e-18  1.12e-13  2.30e-10  5.51e-09  4.80e-05  3.36e-01  3.32e-01  3.32e-01 
CDIIS weights
 5.24e-10 -1.93e-08 -1.30e-06  1.87e-05 -1.01e-04  6.74e-04 -1.77e-02  1.02e+00 
 DIIS weights
 5.24e-10 -1.93e-08 -1.30e-06  1.87e-05 -1.01e-04  6.74e-04 -1.77e-02  1.02e+00 

Solving SCF equations ... done (0.00 s)
HOMO-LUMO gap is    7.88 eV. Energies of lowest lying states:
   -49.031781*    -3.767703*    -2.282076*    -2.282076*    -2.282076*
    -0.253047*     0.036660      0.036660      0.036660      0.138742 
     0.183536      0.183536      0.183536      0.322135      0.322135 

Dipole:	x		y		z		dipole change
	 0.00000000	 0.00000000	 0.00000000	 2.463497e-15
Energy:	electronic	total		virial		energy change
	-199.61334741	-199.61334741	 1.00001207	-5.68434e-14
	kinetic		nuclear		Coulomb		Exchange
	 199.61093888	-479.04011357	 95.80997872	-15.99415144
Errors:	Max dens	RMS dens	DIIS
	 4.486110e-09	 2.172164e-10	 3.387000e-09

Iteration took 0.00 s.

 ******* Iteration    9 ********
Forming HF Coulomb and exchange matrices ... done (0.00 s)
ADIIS weights
 7.96e-17  2.03e-13  2.61e-11  1.68e-09  8.32e-05  2.50e-01  2.50e-01  2.50e-01  2.50e-01 
CDIIS weights
 7.73e-11 -1.14e-10 -2.78e-09  8.97e-09 -5.83e-08  2.33e-07 -2.46e-05  3.47e-04  1.00e+00 
 DIIS weights
 7.73e-11 -1.14e-10 -2.78e-09  8.97e-09 -5.83e-08  2.33e-07 -2.46e-05  3.47e-04  1.00e+00 

Solving SCF equations ... done (0.00 s)
HOMO-LUMO gap is    7.88 eV. Energies of lowest lying states:
   -49.031781*    -3.767703*    -2.282076*    -2.282076*    -2.282076*
    -0.253047*     0.036660      0.036660      0.036660      0.138742 
     0.183536      0.183536      0.183536      0.322135      0.322135 

Dipole:	x		y		z		dipole change
	 0.00000000	 0.00000000	 0.00000000	-2.971875e-15
Energy:	electronic	total		virial		energy change
	-199.61334741	-199.61334741	 1.00001207	-5.68434e-14
	kinetic		nuclear		Coulomb		Exchange
	 199.61093889	-479.04011359	 95.80997872	-15.99415144
Errors:	Max dens	RMS dens	DIIS
	 8.995199e-11	 5.980529e-12	 8.950956e-11

Iteration took 0.01 s.

 ******* Convergence achieved ********
Dipole moment is (0.000000,0.000000,0.000000) D, |mu|=0.000000 D.
Solution of RHF took 0.04 s.

Mulliken charges
   1 Mg          -0.000000
Sum of Mulliken charges -8.881784e-15

Electron density at nuclei
   1 Mg        1075.440317

Running program took 0.21 s.
Current time is Mon 09 Feb 2015 00:53:41.
