Basis set cc-pVDZ found in file cc-pVDZ.gbs in /usr/share/erkale/basis/.


Current Settings used by ERKALE:
     AtomGuess      	                Auto	Method used for atomic guess (Auto for same as method)
     Basis          	             cc-pVDZ	Basis set used in calculation
     BasisCutoff    	           1.000e-08	Cutoff for dropping out small primitives from contraction
     BasisOrth      	                Auto	Method of orthonormalization of basis set
     BasisRotate    	                true	Rotate basis set to remove redundant functions?
     C1-DIIS        	               false	Use older version of DIIS (C1-DIIS instead of C2-DIIS)?
     Charge         	                   0	Total charge of system
     DIISEps        	           1.000e-01	Start mixing in DIIS when error is
     DIISOrder      	                  10	How many DIIS iterations to keep in memory?
     DIISThr        	           1.000e-02	DIIS error threshold for DIIS updates
     DecFock        	               false	Use decontracted basis to calculate Fock matrix (direct HF)
     Decontract     	                    	Indices of atoms to decontract basis set for
     DeltaEmax      	           1.000e-06	Maximum allowed change of energy
     DeltaPmax      	           1.000e-06	Maximum allowed maximum difference of density matrix
     DeltaPrms      	           1.000e-08	Maximum allowed RMS difference of density matrix
     DensityFitting 	               false	Use density fitting / RI?
     Direct         	               false	Calculate two-electron integrals (or density fitting) on-the-fly?
     EField         	         0.0 0.0 0.0	Electric field
     FittingBasis   	                Auto	Basis to use for density fitting / RI (Auto for automatic)
     FittingMemory  	                1000	Amount of memory in MB to use for exchange fitting
     FittingThreshold	           1.000e-08	Linear dependence threshold for Coulomb integrals in density fitting
     ForcePol       	               false	Force polarized calculation
     FreezeCore     	               false	Freeze the atomic cores?
     Guess          	                Core	Used guess: atomic (default), core, or GWH
     LineSearch     	               false	Do line search in level shift (EXPENSIVE!)
     LoadChk        	                    	File to load old results from
     Logfile        	           Ne_dz.log	File to print out full information, stdout for screen
     MaxIter        	                 100	Maximum number of iterations in SCF cycle
     Method         	                  HF	Method used in calculation (HF or a DFT functional)
     Multiplicity   	                   1	Spin multiplicity
     Occupancies    	                    	Orbital occupancies
     SaveChk        	           Ne_dz.chk	File to use as checkpoint
     ShPairThr      	           1.000e-14	Threshold for shell pair screening, (ij|ij)<thr
     Shift          	           0.000e+00	Level shift to use in Hartree
     StrictIntegrals	               false	Use strict integrals?
     System         	              Ne.xyz	System as an xyz file
     UseADIIS       	                true	Use ADIIS for Fock matrix interpolation?
     UseBroyden     	               false	Use Broyden mixing of Fock matrices?
     UseDIIS        	                true	Use Pulay's Direct Inversion in the Iterative Subspace?
     UseLM          	                true	Use a spherical harmonics basis set by default?
     UseTRDSM       	               false	Use Trust-Region DSM?
     UseTRRH        	               false	Use Trust-Region Roothaan-Hall?
     Verbose        	                true	Verbose calculation?

There are 6 shells and 1 nuclei in the basis set.

List of nuclei, geometry in Ångström with three decimal places:
		 Z	    x	    y	    z
1	Ne	 10	  0.000	  0.000	  0.000

List of basis functions:
Shell    1	S cart shell at nucleus   1 with with basis functions    1-1   
Shell    2	S cart shell at nucleus   1 with with basis functions    2-2   
Shell    3	S cart shell at nucleus   1 with with basis functions    3-3   
Shell    4	P cart shell at nucleus   1 with with basis functions    4-6   
Shell    5	P cart shell at nucleus   1 with with basis functions    7-9   
Shell    6	D  sph shell at nucleus   1 with with basis functions   10-14  

Basis set contains 14 functions, maximum angular momentum is 2.
Spherical harmonic Gaussians are used by default, there are 15 cartesians.

Forming overlap matrix ... done (0.00 s)
Forming kinetic energy matrix ... done (0.00 s)
Forming nuclear attraction matrix ... done (0.00 s)

Smallest eigenvalue of overlap matrix is 2.08e-01, ratio to largest is 1.09e-01.
Using symmetric orthogonalization.
Basis set diagonalized in 0.00 s.

Forming table of 44520 ERIs, requiring 43 ki of memory ... done (0.01 s)

Initialization of computation done in 0.01 s.

HOMO-LUMO gap is  179.35 eV. Energies of lowest lying states:
   -49.946808*   -12.148667*   -11.807401*   -11.807401*   -11.807401*
    -5.216570     -4.922247     -4.922247     -4.922247     -4.922247 

 ******* Iteration    1 ********
Forming HF Coulomb and exchange matrices ... done (0.00 s)
ADIIS weights
 1.00e+00 
CDIIS weights
 1.00e+00 
 DIIS weights
 1.00e+00 

Solving SCF equations ... done (0.00 s)
HOMO-LUMO gap is   55.63 eV. Energies of lowest lying states:
   -29.173623*    -0.663143*     0.353402*     0.353402*     0.353402*
     2.397627      2.397627      2.397627      2.814105      6.376125 

Dipole:	x		y		z		dipole change
	 0.00000000	-0.00000000	 0.00000000	 7.062729e-16
Energy:	electronic	total		virial		energy change
	-122.77311103	-122.77311103	 0.78096331	-122.773
	kinetic		nuclear		Coulomb		Exchange
	 157.20727062	-352.24262539	 87.26898194	-15.00673820
Errors:	Max dens	RMS dens	DIIS
	 1.046577e+00	 1.735381e-01	 2.718712e+00

Iteration took 0.00 s.

 ******* Iteration    2 ********
Forming HF Coulomb and exchange matrices ... done (0.00 s)
ADIIS weights
 1.49e-45  1.00e+00 
CDIIS weights
 3.93e-01  6.07e-01 
 DIIS weights
 1.49e-45  1.00e+00 

Solving SCF equations ... done (0.00 s)
HOMO-LUMO gap is   73.71 eV. Energies of lowest lying states:
   -34.596667*    -2.598397*    -1.458462*    -1.458462*    -1.458462*
     1.250354      1.250354      1.250354      1.677917      4.498046 

Dipole:	x		y		z		dipole change
	 0.00000000	-0.00000000	-0.00000000	-5.545845e-17
Energy:	electronic	total		virial		energy change
	-127.36669402	-127.36669402	 1.08364853	-4.59358
	kinetic		nuclear		Coulomb		Exchange
	 117.53505964	-290.78049176	 56.84649422	-10.96775612
Errors:	Max dens	RMS dens	DIIS
	 3.656489e-01	 6.584099e-02	 1.560216e+00

Iteration took 0.00 s.

 ******* Iteration    3 ********
Forming HF Coulomb and exchange matrices ... done (0.00 s)
ADIIS weights
 1.27e-17  1.26e-17  1.00e+00 
CDIIS weights
-1.01e-01  2.25e-01  8.76e-01 
 DIIS weights
 1.27e-17  1.26e-17  1.00e+00 

Solving SCF equations ... done (0.00 s)
HOMO-LUMO gap is   66.47 eV. Energies of lowest lying states:
   -31.972384*    -1.641820*    -0.566006*    -0.566006*    -0.566006*
     1.876894      1.876894      1.876894      2.350998      5.484587 

Dipole:	x		y		z		dipole change
	 0.00000000	 0.00000000	-0.00000000	-2.403723e-16
Energy:	electronic	total		virial		energy change
	-128.27355789	-128.27355789	 0.95861429	-0.906864
	kinetic		nuclear		Coulomb		Exchange
	 133.81143879	-320.04240859	 70.66165964	-12.70424773
Errors:	Max dens	RMS dens	DIIS
	 1.694141e-01	 3.080462e-02	 6.424280e-01

Iteration took 0.00 s.

 ******* Iteration    4 ********
Forming HF Coulomb and exchange matrices ... done (0.00 s)
ADIIS weights
 9.19e-19  1.32e-16  8.35e-15  1.00e+00 
CDIIS weights
-1.21e-02 -6.17e-02  2.76e-01  7.98e-01 
 DIIS weights
 9.19e-19  1.32e-16  8.35e-15  1.00e+00 

Solving SCF equations ... done (0.00 s)
HOMO-LUMO gap is   69.79 eV. Energies of lowest lying states:
   -33.133868*    -2.050338*    -0.956768*    -0.956768*    -0.956768*
     1.607978      1.607978      1.607978      2.066115      5.060036 

Dipole:	x		y		z		dipole change
	-0.00000000	 0.00000000	-0.00000000	 6.806416e-16
Energy:	electronic	total		virial		energy change
	-128.44354347	-128.44354347	 1.01824502	-0.169986
	kinetic		nuclear		Coulomb		Exchange
	 126.14207826	-306.98621197	 64.27349583	-11.87290558
Errors:	Max dens	RMS dens	DIIS
	 7.656345e-02	 1.372551e-02	 3.125959e-01

Iteration took 0.00 s.

 ******* Iteration    5 ********
Forming HF Coulomb and exchange matrices ... done (0.00 s)
ADIIS weights
 4.16e-17  5.20e-16  2.83e-14  9.97e-14  1.00e+00 
CDIIS weights
 9.02e-04  1.64e-02 -1.51e-01  7.89e-02  1.05e+00 
 DIIS weights
 4.16e-17  5.20e-16  2.83e-14  9.97e-14  1.00e+00 

Solving SCF equations ... done (0.00 s)
HOMO-LUMO gap is   68.28 eV. Energies of lowest lying states:
   -32.600291*    -1.860479*    -0.776334*    -0.776334*    -0.776334*
     1.733041      1.733041      1.733041      2.200474      5.257463 

Dipole:	x		y		z		dipole change
	 0.00000000	-0.00000000	 0.00000000	-4.588648e-16
Energy:	electronic	total		virial		energy change
	-128.47957979	-128.47957979	 0.99159540	-0.0360363
	kinetic		nuclear		Coulomb		Exchange
	 129.56855147	-312.96149885	 67.15572113	-12.24235355
Errors:	Max dens	RMS dens	DIIS
	 3.476706e-02	 6.274785e-03	 1.378186e-01

Iteration took 0.00 s.

 ******* Iteration    6 ********
Forming HF Coulomb and exchange matrices ... done (0.00 s)
ADIIS weights
 7.61e-17  7.48e-15  5.39e-15  4.19e-14  1.43e-10  1.00e+00 
CDIIS weights
-9.85e-05 -1.93e-03  3.57e-02 -1.70e-01 -3.41e-02  1.17e+00 
 DIIS weights
-4.00e-05 -7.86e-04  1.45e-02 -6.92e-02 -1.38e-02  1.07e+00 

Solving SCF equations ... done (0.00 s)
HOMO-LUMO gap is   68.88 eV. Energies of lowest lying states:
   -32.810248*    -1.934603*    -0.847166*    -0.847166*    -0.847166*
     1.684133      1.684133      1.684133      2.148236      5.180253 

Dipole:	x		y		z		dipole change
	 0.00000000	-0.00000000	-0.00000000	 1.068989e-16
Energy:	electronic	total		virial		energy change
	-128.48687365	-128.48687365	 1.00378597	-0.00729386
	kinetic		nuclear		Coulomb		Exchange
	 128.00226052	-310.26035909	 65.84423364	-12.07300873
Errors:	Max dens	RMS dens	DIIS
	 1.376775e-02	 2.473993e-03	 6.342428e-02

Iteration took 0.00 s.

 ******* Iteration    7 ********
Forming HF Coulomb and exchange matrices ... done (0.00 s)
ADIIS weights
 5.07e-18  1.47e-15  2.77e-17  2.67e-13  2.06e-13  6.91e-11  1.00e+00 
CDIIS weights
 9.85e-05  1.46e-03 -1.30e-02  1.96e-02  1.10e-04  3.71e-03  9.88e-01 
 DIIS weights
 9.09e-05  1.35e-03 -1.20e-02  1.81e-02  1.02e-04  3.42e-03  9.89e-01 

Solving SCF equations ... done (0.00 s)
HOMO-LUMO gap is   68.75 eV. Energies of lowest lying states:
   -32.764164*    -1.918291*    -0.831594*    -0.831594*    -0.831594*
     1.694882      1.694882      1.694882      2.159782      5.197242 

Dipole:	x		y		z		dipole change
	 0.00000000	-0.00000000	 0.00000000	 1.201925e-16
Energy:	electronic	total		virial		energy change
	-128.48863850	-128.48863850	 0.99897872	-0.00176484
	kinetic		nuclear		Coulomb		Exchange
	 128.61999526	-311.33170394	 66.36278884	-12.13971865
Errors:	Max dens	RMS dens	DIIS
	 3.009091e-03	 5.421163e-04	 1.694480e-02

Iteration took 0.00 s.

 ******* Iteration    8 ********
Forming HF Coulomb and exchange matrices ... done (0.00 s)
ADIIS weights
 2.85e-20  1.29e-16  8.81e-16  9.31e-16  1.56e-12  2.70e-14  1.87e-09  1.00e+00 
CDIIS weights
 3.04e-05  8.33e-05 -4.75e-04 -2.80e-03  2.46e-04 -3.62e-04 -4.46e-04  1.00e+00 
 DIIS weights
 3.04e-05  8.33e-05 -4.75e-04 -2.80e-03  2.46e-04 -3.62e-04 -4.46e-04  1.00e+00 

Solving SCF equations ... done (0.00 s)
HOMO-LUMO gap is   68.75 eV. Energies of lowest lying states:
   -32.765620*    -1.918792*    -0.832092*    -0.832092*    -0.832092*
     1.694559      1.694559      1.694559      2.159426      5.196715 

Dipole:	x		y		z		dipole change
	 0.00000000	-0.00000000	 0.00000000	 4.746154e-17
Energy:	electronic	total		virial		energy change
	-128.48877541	-128.48877541	 1.00003216	-0.000136913
	kinetic		nuclear		Coulomb		Exchange
	 128.48464302	-311.09765499	 66.24933052	-12.12509396
Errors:	Max dens	RMS dens	DIIS
	 9.399794e-05	 1.676340e-05	 5.492581e-04

Iteration took 0.00 s.

 ******* Iteration    9 ********
Forming HF Coulomb and exchange matrices ... done (0.00 s)
ADIIS weights
 8.65e-16  3.10e-15  2.20e-13  3.53e-12  7.74e-11  7.23e-12  2.56e-09  6.68e-02  9.33e-01 
CDIIS weights
 2.38e-06 -1.79e-05  4.82e-06  9.67e-05 -6.20e-06  1.37e-05 -2.03e-06 -7.87e-06  1.00e+00 
 DIIS weights
 2.38e-06 -1.79e-05  4.82e-06  9.67e-05 -6.20e-06  1.37e-05 -2.03e-06 -7.87e-06  1.00e+00 

Solving SCF equations ... done (0.00 s)
HOMO-LUMO gap is   68.75 eV. Energies of lowest lying states:
   -32.765633*    -1.918797*    -0.832096*    -0.832096*    -0.832096*
     1.694558      1.694558      1.694558      2.159425      5.196712 

Dipole:	x		y		z		dipole change
	 0.00000000	 0.00000000	 0.00000000	-4.013615e-16
Energy:	electronic	total		virial		energy change
	-128.48877555	-128.48877555	 0.99999956	-1.42609e-07
	kinetic		nuclear		Coulomb		Exchange
	 128.48883151	-311.10490985	 66.25284972	-12.12554694
Errors:	Max dens	RMS dens	DIIS
	 4.928473e-07	 8.953413e-08	 3.856008e-06

Iteration took 0.00 s.

 ******* Iteration   10 ********
Forming HF Coulomb and exchange matrices ... done (0.00 s)
ADIIS weights
 4.78e-20  2.72e-17  6.96e-19  3.84e-14  1.56e-14  3.31e-12  6.77e-11  1.29e-05  4.99e-01  5.01e-01 
CDIIS weights
-1.39e-05 -5.91e-04  9.85e-03 -3.21e-02 -7.83e-02  2.69e-01  6.34e-01  1.89e-01  8.97e-03  8.55e-10 
 DIIS weights
-1.39e-05 -5.91e-04  9.85e-03 -3.21e-02 -7.83e-02  2.69e-01  6.34e-01  1.89e-01  8.97e-03  8.55e-10 

Solving SCF equations ... done (0.00 s)
HOMO-LUMO gap is   68.75 eV. Energies of lowest lying states:
   -32.765547*    -1.918756*    -0.832071*    -0.832071*    -0.832071*
     1.694586      1.694586      1.694586      2.159448      5.196748 

Dipole:	x		y		z		dipole change
	 0.00000000	-0.00000000	-0.00000000	 2.749774e-16
Energy:	electronic	total		virial		energy change
	-128.48877555	-128.48877555	 0.99999939	-6.84963e-12
	kinetic		nuclear		Coulomb		Exchange
	 128.48885447	-311.10494905	 66.25286840	-12.12554937
Errors:	Max dens	RMS dens	DIIS
	 6.644976e-06	 1.202295e-06	 1.000047e-06

Iteration took 0.00 s.

 ******* Iteration   11 ********
Forming HF Coulomb and exchange matrices ... done (0.00 s)
ADIIS weights
 1.50e-17  2.72e-15  3.08e-14  2.99e-13  1.23e-13  7.42e-10  1.83e-03  3.36e-01  3.37e-01  3.25e-01 
CDIIS weights
-5.97e-05  7.07e-04 -3.10e-03 -2.54e-04  2.10e-02 -8.72e-03 -1.36e-03  9.92e-01  1.81e-04  1.10e-05 
 DIIS weights
-5.97e-05  7.07e-04 -3.10e-03 -2.54e-04  2.10e-02 -8.72e-03 -1.36e-03  9.92e-01  1.81e-04  1.10e-05 

Solving SCF equations ... done (0.00 s)
HOMO-LUMO gap is   68.75 eV. Energies of lowest lying states:
   -32.765627*    -1.918794*    -0.832095*    -0.832095*    -0.832095*
     1.694560      1.694560      1.694560      2.159427      5.196715 

Dipole:	x		y		z		dipole change
	-0.00000000	-0.00000000	-0.00000000	 6.997562e-16
Energy:	electronic	total		virial		energy change
	-128.48877555	-128.48877555	 1.00000168	 7.14124e-10
	kinetic		nuclear		Coulomb		Exchange
	 128.48856006	-311.10444376	 66.25262603	-12.12551788
Errors:	Max dens	RMS dens	DIIS
	 6.158930e-06	 1.114837e-06	 3.917994e-05

Iteration took 0.00 s.

 ******* Iteration   12 ********
Forming HF Coulomb and exchange matrices ... done (0.00 s)
ADIIS weights
 5.23e-16  4.30e-15  1.68e-13  1.16e-13  6.93e-10  3.66e-03  2.53e-01  2.54e-01  2.36e-01  2.53e-01 
CDIIS weights
 2.20e-04 -3.98e-03  8.09e-03  2.93e-02 -4.15e-02 -1.23e-01  1.11e+00  1.82e-02 -7.41e-04 -6.91e-07 
 DIIS weights
 2.20e-04 -3.98e-03  8.09e-03  2.93e-02 -4.15e-02 -1.23e-01  1.11e+00  1.82e-02 -7.41e-04 -6.91e-07 

Solving SCF equations ... done (0.00 s)
HOMO-LUMO gap is   68.75 eV. Energies of lowest lying states:
   -32.765632*    -1.918797*    -0.832096*    -0.832096*    -0.832096*
     1.694559      1.694559      1.694559      2.159426      5.196713 

Dipole:	x		y		z		dipole change
	-0.00000000	 0.00000000	-0.00000000	-1.439516e-15
Energy:	electronic	total		virial		energy change
	-128.48877555	-128.48877555	 0.99999955	-7.07871e-10
	kinetic		nuclear		Coulomb		Exchange
	 128.48883310	-311.10491236	 66.25285078	-12.12554708
Errors:	Max dens	RMS dens	DIIS
	 4.251885e-07	 7.553072e-08	 3.797914e-06

Iteration took 0.00 s.

 ******* Iteration   13 ********
Forming HF Coulomb and exchange matrices ... done (0.00 s)
ADIIS weights
 4.09e-14  9.11e-13  1.14e-12  2.25e-10  2.35e-05  2.01e-01  2.01e-01  1.95e-01  2.01e-01  2.01e-01 
CDIIS weights
-3.75e-03  1.66e-02  1.47e-02 -1.43e-01  1.76e-01  5.35e-01  5.14e-02  3.53e-01  2.67e-04 -3.69e-10 
 DIIS weights
-3.75e-03  1.66e-02  1.47e-02 -1.43e-01  1.76e-01  5.35e-01  5.14e-02  3.53e-01  2.67e-04 -3.69e-10 

Solving SCF equations ... done (0.00 s)
HOMO-LUMO gap is   68.75 eV. Energies of lowest lying states:
   -32.765633*    -1.918797*    -0.832097*    -0.832097*    -0.832097*
     1.694559      1.694559      1.694559      2.159426      5.196712 

Dipole:	x		y		z		dipole change
	 0.00000000	 0.00000000	 0.00000000	 5.017035e-16
Energy:	electronic	total		virial		energy change
	-128.48877555	-128.48877555	 0.99999941	-5.79803e-12
	kinetic		nuclear		Coulomb		Exchange
	 128.48885158	-311.10494401	 66.25286594	-12.12554905
Errors:	Max dens	RMS dens	DIIS
	 5.096094e-08	 9.696000e-09	 1.381170e-06

Iteration took 0.00 s.

 ******* Iteration   14 ********
Forming HF Coulomb and exchange matrices ... done (0.00 s)
ADIIS weights
 8.67e-14  8.72e-14  2.26e-17  2.01e-07  1.67e-01  1.67e-01  1.63e-01  1.67e-01  1.67e-01  1.67e-01 
CDIIS weights
-3.41e-03  1.18e-02  7.07e-02 -5.53e-02  6.80e-01  5.61e-02  2.10e-01  3.80e-02 -7.86e-03  7.71e-07 
 DIIS weights
-3.41e-03  1.18e-02  7.07e-02 -5.53e-02  6.80e-01  5.61e-02  2.10e-01  3.80e-02 -7.86e-03  7.71e-07 

Solving SCF equations ... done (0.00 s)
HOMO-LUMO gap is   68.75 eV. Energies of lowest lying states:
   -32.765636*    -1.918798*    -0.832097*    -0.832097*    -0.832097*
     1.694558      1.694558      1.694558      2.159425      5.196711 

Dipole:	x		y		z		dipole change
	-0.00000000	-0.00000000	-0.00000000	 5.833960e-16
Energy:	electronic	total		virial		energy change
	-128.48877555	-128.48877555	 0.99999939	-3.41061e-13
	kinetic		nuclear		Coulomb		Exchange
	 128.48885398	-311.10494814	 66.25286791	-12.12554931
Errors:	Max dens	RMS dens	DIIS
	 1.991817e-07	 3.733807e-08	 1.087977e-06

Iteration took 0.00 s.

 ******* Iteration   15 ********
Forming HF Coulomb and exchange matrices ... done (0.00 s)
ADIIS weights
 1.87e-12  2.64e-10  2.07e-03  1.43e-01  1.43e-01  1.39e-01  1.43e-01  1.43e-01  1.43e-01  1.43e-01 
CDIIS weights
 3.58e-06 -4.72e-05 -1.64e-03 -1.45e-03 -1.40e-04 -1.07e-03 -1.30e-04  6.76e-07 -1.87e-06  1.00e+00 
 DIIS weights
 3.58e-06 -4.72e-05 -1.64e-03 -1.45e-03 -1.40e-04 -1.07e-03 -1.30e-04  6.76e-07 -1.87e-06  1.00e+00 

Solving SCF equations ... done (0.00 s)
HOMO-LUMO gap is   68.75 eV. Energies of lowest lying states:
   -32.765635*    -1.918798*    -0.832097*    -0.832097*    -0.832097*
     1.694558      1.694558      1.694558      2.159425      5.196711 

Dipole:	x		y		z		dipole change
	-0.00000000	 0.00000000	-0.00000000	-6.510335e-16
Energy:	electronic	total		virial		energy change
	-128.48877555	-128.48877555	 0.99999932	-4.54747e-13
	kinetic		nuclear		Coulomb		Exchange
	 128.48886313	-311.10496389	 66.25287550	-12.12555029
Errors:	Max dens	RMS dens	DIIS
	 1.382726e-08	 2.661530e-09	 8.221452e-08

Iteration took 0.00 s.

 ******* Iteration   16 ********
Forming HF Coulomb and exchange matrices ... done (0.00 s)
ADIIS weights
 6.85e-09  6.04e-05  1.25e-01  1.25e-01  1.23e-01  1.25e-01  1.25e-01  1.25e-01  1.25e-01  1.25e-01 
CDIIS weights
 1.86e-09  1.60e-07  1.34e-07 -1.12e-04  1.76e-05 -7.07e-05 -1.72e-04 -9.71e-05 -3.30e-08  1.00e+00 
 DIIS weights
 1.86e-09  1.60e-07  1.34e-07 -1.12e-04  1.76e-05 -7.07e-05 -1.72e-04 -9.71e-05 -3.30e-08  1.00e+00 

Solving SCF equations ... done (0.00 s)
HOMO-LUMO gap is   68.75 eV. Energies of lowest lying states:
   -32.765635*    -1.918798*    -0.832097*    -0.832097*    -0.832097*
     1.694558      1.694558      1.694558      2.159425      5.196711 

Dipole:	x		y		z		dipole change
	-0.00000000	-0.00000000	 0.00000000	-1.512052e-17
Energy:	electronic	total		virial		energy change
	-128.48877555	-128.48877555	 0.99999932	-1.13687e-13
	kinetic		nuclear		Coulomb		Exchange
	 128.48886248	-311.10496277	 66.25287495	-12.12555022
Errors:	Max dens	RMS dens	DIIS
	 1.373457e-12	 2.624479e-13	 8.139565e-12

Iteration took 0.00 s.

 ******* Convergence achieved ********
Dipole moment is (-0.000000,-0.000000,0.000000) D, |mu|=0.000000 D.
Solution of RHF took 0.03 s.

Mulliken charges
   1 Ne          -0.000000
Sum of Mulliken charges -1.776357e-15

Electron density at nuclei
   1 Ne         593.784854

Running program took 0.05 s.
Current time is Fri 06 Feb 2015 05:52:14.
