
Current Settings used by ERKALE:
     AtomGuess      	                Auto	Method used for atomic guess (Auto for same as method)
     AugChk         	  erkale_xrs_aug.chk	Save augmented calculation to file (if applicable)
     Basis          	         aug-cc-pVDZ	Basis set used in calculation
     BasisCutoff    	           1.000e-08	Cutoff for dropping out small primitives from contraction
     BasisOrth      	                Auto	Method of orthonormalization of basis set
     BasisRotate    	                true	Rotate basis set to remove redundant functions?
     C1-DIIS        	               false	Use older version of DIIS (C1-DIIS instead of C2-DIIS)?
     Charge         	                   0	Total charge of system
     DFTDelta       	           1.000e+02	Switch to final DFT grid, relative to deltaE and deltaP
     DFTDirect      	               false	Save memory by not storing values of basis functions in memory
     DFTFinalTol    	           1.000e-05	Tolerance of final DFT grid
     DFTGrid        	                Auto	DFT integration grid to use: nrad lmax or Auto for adaptive
     DFTInitialTol  	           1.000e-04	Tolerance of initial DFT grid
     DFTLobatto     	               false	Use Lobatto quadrature instead of Lebedev quadrature?
     DIISEps        	           1.000e-01	Start mixing in DIIS when error is
     DIISOrder      	                  10	How many DIIS iterations to keep in memory?
     DIISThr        	           1.000e-02	DIIS error threshold for DIIS updates
     DecFock        	               false	Use decontracted basis to calculate Fock matrix (direct HF)
     Decontract     	                    	Indices of atoms to decontract basis set for
     DeltaEmax      	           1.000e-06	Maximum allowed change of energy
     DeltaPmax      	           1.000e-05	Maximum allowed maximum difference of density matrix
     DeltaPrms      	           1.000e-06	Maximum allowed RMS difference of density matrix
     DensityFitting 	               false	Use density fitting / RI?
     Direct         	               false	Calculate two-electron integrals (or density fitting) on-the-fly?
     EField         	         0.0 0.0 0.0	Electric field
     FittingBasis   	                Auto	Basis to use for density fitting / RI (Auto for automatic)
     FittingMemory  	                1000	Amount of memory in MB to use for exchange fitting
     FittingThreshold	           1.000e-08	Linear dependence threshold for Coulomb integrals in density fitting
     Guess          	              Atomic	Used guess: atomic (default), core, or GWH
     LineSearch     	               false	Do line search in level shift (EXPENSIVE!)
     LoadChk        	 water_dimer_pbe.chk	Initialize with ground state calculation from file
     Logfile        	water_dimer_pbe_xch.log	File to print out full information, stdout for screen
     MaxIter        	                 100	Maximum number of iterations in SCF cycle
     Method         	 gga_x_pbe-gga_c_pbe	Method used in calculation (HF or a DFT functional)
     Multiplicity   	                   1	Spin multiplicity
     Occupancies    	                    	Orbital occupancies
     PZ             	                  No	Perform Perdew-Zunger self-interaction correction? No, Pert, Full, OldFull, Real, Can, CanPert
     PZEmax         	           1.000e-06	Threshold for energy change in unitary optimization
     PZHam          	                Symm	Hamiltonian to use in PZ-SIC: Symm, United
     PZKmax         	           1.000e-03	Threshold for kappa max in unitary optimization
     PZKrms         	           1.000e-04	Threshold for kappa rms in unitary optimization
     PZdEmax        	           1.000e-05	Tolerance threshold for energy convergence
     PZdPmax        	           1.000e-05	Tolerance threshold for density convergence
     PZdPrms        	           1.000e-06	Tolerance threshold for density convergence
     PZiter         	                  20	Max number of iterations in self-consistency iteration
     PZloc          	                true	Initial localization before SIC calculation?
     PZmode         	              CoulXC	Mode to use PZ-SIC in. Coul, CoulX, CoulC, CoulXC
     PZseed         	                   0	Seed number for randomized matrices?
     PZstab         	                   0	Stability analysis for PZ-SIC? 0 for no, 1 for oo block, 2 for full analysis
     PZstabFz       	                    	Orbitals to freeze for stability analysis (only oo!)
     PZunit         	                  10	Max number of iterations in unitary optimization
     PZw            	           1.000e+00	Weight for Perdew-Zunger self-interaction correction
     SaveChk        	water_dimer_pbe_xch.chk	Try initializing with and save results to file
     ShPairThr      	           1.000e-14	Threshold for shell pair screening, (ij|ij)<thr
     Shift          	           0.000e+00	Level shift to use in Hartree
     StrictIntegrals	               false	Use strict integrals?
     System         	 water_dimer_xrs.xyz	System as an xyz file
     UseADIIS       	                true	Use ADIIS for Fock matrix interpolation?
     UseBroyden     	               false	Use Broyden mixing of Fock matrices?
     UseDIIS        	                true	Use Pulay's Direct Inversion in the Iterative Subspace?
     UseLM          	                true	Use a spherical harmonics basis set by default?
     UseTRDSM       	               false	Use Trust-Region DSM?
     UseTRRH        	               false	Use Trust-Region Roothaan-Hall?
     Verbose        	                true	Verbose calculation?
     XRSAugment     	                    	Which atoms to augment with diffuse functions? E.g. 1,3:5,10
     XRSDoubleBasis 	              X-AUTO	The augmentation basis to use for double-basis set calculations
     XRSGridTol     	           1.000e-04	DFT grid tolerance in double basis set calculation
     XRSInitialOrbital	                   1	Index of orbital in state to excite
     XRSInitialState	                  1s	Initial atomic state to excite
     XRSLmax        	                   5	Local: expand orbitals up to Lmax
     XRSLquad       	                  30	Local: perform angular expansion using quadrature of Lquad order
     XRSMethod      	                 xch	Which kind of calculation to perform: TP, XCH or FCH
     XRSNrad        	                 200	Local: how many point to use in radial integration
     XRSQMethod     	             Fourier	Method of computing momentum transfer matrix: Local, Fourier or Series
     XRSQval        	                    	List or range of Q values to compute
     XRSSpin        	               false	Spin to excite (false for alpha, true for beta)

Basis set aug-cc-pVDZ found in file aug-cc-pVDZ.gbs in /usr/share/erkale/basis/.
Initializing with ground-state calculation from water_dimer_pbe.chk.

Localizing 2 orbitals on center 1.
	sh i       occ  R [Å]
	1s 1* 0.999984  0.028
	2s 1  0.973695  0.929

There are 38 shells and 6 nuclei in the basis set.

List of nuclei, geometry in Ångström with three decimal places:
		 Z	    x	    y	    z
1	O	 8	 -1.464	  0.099	  0.300
2	H	 1	 -1.956	  0.624	 -0.340
3	H	 1	 -1.797	 -0.799	  0.206
4	O	 8	  1.369	  0.146	 -0.395
5	H	 1	  1.894	  0.486	  0.335
6	H	 1	  0.451	  0.165	 -0.083

List of basis functions:
Shell    1	S cart shell at nucleus   1 with with basis functions    1-1   
Shell    2	S cart shell at nucleus   1 with with basis functions    2-2   
Shell    3	S cart shell at nucleus   1 with with basis functions    3-3   
Shell    4	S cart shell at nucleus   1 with with basis functions    4-4   
Shell    5	P cart shell at nucleus   1 with with basis functions    5-7   
Shell    6	P cart shell at nucleus   1 with with basis functions    8-10  
Shell    7	P cart shell at nucleus   1 with with basis functions   11-13  
Shell    8	D  sph shell at nucleus   1 with with basis functions   14-18  
Shell    9	D  sph shell at nucleus   1 with with basis functions   19-23  
Shell   10	S cart shell at nucleus   2 with with basis functions   24-24  
Shell   11	S cart shell at nucleus   2 with with basis functions   25-25  
Shell   12	S cart shell at nucleus   2 with with basis functions   26-26  
Shell   13	P cart shell at nucleus   2 with with basis functions   27-29  
Shell   14	P cart shell at nucleus   2 with with basis functions   30-32  
Shell   15	S cart shell at nucleus   3 with with basis functions   33-33  
Shell   16	S cart shell at nucleus   3 with with basis functions   34-34  
Shell   17	S cart shell at nucleus   3 with with basis functions   35-35  
Shell   18	P cart shell at nucleus   3 with with basis functions   36-38  
Shell   19	P cart shell at nucleus   3 with with basis functions   39-41  
Shell   20	S cart shell at nucleus   4 with with basis functions   42-42  
Shell   21	S cart shell at nucleus   4 with with basis functions   43-43  
Shell   22	S cart shell at nucleus   4 with with basis functions   44-44  
Shell   23	S cart shell at nucleus   4 with with basis functions   45-45  
Shell   24	P cart shell at nucleus   4 with with basis functions   46-48  
Shell   25	P cart shell at nucleus   4 with with basis functions   49-51  
Shell   26	P cart shell at nucleus   4 with with basis functions   52-54  
Shell   27	D  sph shell at nucleus   4 with with basis functions   55-59  
Shell   28	D  sph shell at nucleus   4 with with basis functions   60-64  
Shell   29	S cart shell at nucleus   5 with with basis functions   65-65  
Shell   30	S cart shell at nucleus   5 with with basis functions   66-66  
Shell   31	S cart shell at nucleus   5 with with basis functions   67-67  
Shell   32	P cart shell at nucleus   5 with with basis functions   68-70  
Shell   33	P cart shell at nucleus   5 with with basis functions   71-73  
Shell   34	S cart shell at nucleus   6 with with basis functions   74-74  
Shell   35	S cart shell at nucleus   6 with with basis functions   75-75  
Shell   36	S cart shell at nucleus   6 with with basis functions   76-76  
Shell   37	P cart shell at nucleus   6 with with basis functions   77-79  
Shell   38	P cart shell at nucleus   6 with with basis functions   80-82  

Basis set contains 82 functions, maximum angular momentum is 2.
Spherical harmonic Gaussians are used by default, there are 86 cartesians.

Forming overlap matrix ... done (0.00 s)
Forming kinetic energy matrix ... done (0.00 s)
Forming nuclear attraction matrix ... done (0.00 s)

Smallest eigenvalue of overlap matrix is 1.61e-03, ratio to largest is 2.11e-04.
Using symmetric orthogonalization.
Basis set diagonalized in 0.00 s.

Forming table of 46335248 ERIs, requiring 44 Mi 193 ki of memory ... done (0.65 s)

Initialization of computation done in 0.65 s.

alpha: HOMO-LUMO gap is -510.15 eV. Energies of lowest lying states:
   -18.794780     -0.884497*    -0.303005*    -0.453275*    -0.510970*
    -0.714680*   -18.662481*    -0.239674*    -0.354899*    -0.687280*
    -0.047088*    -0.003075      0.011620      0.048787      0.078407 
     0.091975      0.112832      0.117746      0.131793      0.138166 
beta:  HOMO-LUMO gap is    5.24 eV. Energies of lowest lying states:
   -18.805645*   -18.749248*    -0.959603*    -0.902685*    -0.511050*
    -0.460037*    -0.372138*    -0.315367*    -0.290120*    -0.239647*
    -0.047088     -0.003075      0.011620      0.048787      0.078407 

A pure exchange functional used, no exact exchange.
	atom  Npoints      Nfuncs  t
	   2     3470      211233  0.57 s
	   3     3554      218104  0.60 s
	   5     3410      201498  0.54 s
	   6     3726      252326  0.74 s
	   4     4156      260972  1.35 s
	   1     4708      303221  1.51 s
DFT XC grid constructed in 1.51 s.

 ******* Iteration    1 ********
Forming HF Coulomb matrix ... done (0.05 s)
Computing DFT exchange and correlation ... done (0.40 s)
Numerically integrated density is 19.99995 (+4.9997 %).
Warning - numerically integrated density seems inaccurate.
ADIIS weights
 1.00e+00 
CDIIS weights
 1.00e+00 
 DIIS weights
 1.00e+00 

Solving SCF equations ... done (0.00 s)
alpha: HOMO-LUMO gap is -579.71 eV. Energies of lowest lying states:
   -21.561120    -18.770923*    -1.790729*    -1.323164*    -1.258810*
    -1.214701*    -0.936023*    -0.495925*    -0.345267*    -0.268069*
    -0.257153*    -0.217364     -0.074631     -0.048850     -0.012305 
    -0.011652     -0.002614      0.044473      0.049943      0.062648 
beta:  HOMO-LUMO gap is    0.66 eV. Energies of lowest lying states:
   -23.238561*   -18.770497*    -1.831787*    -1.366476*    -1.296985*
    -1.253118*    -0.934817*    -0.494784*    -0.344228*    -0.267114*
    -0.242952     -0.206226     -0.067893     -0.035907      0.008108 

Dipole:	x		y		z		dipole change
	-0.16892978	 0.06815867	 0.23965646	 3.010284e-01
Energy:	electronic	total		virial		energy change
	-168.90133245	-132.39846035	 1.07726093	-132.398
	kinetic		nuclear		Coulomb		XC
	 122.90286985	-374.26275052	 98.60435992	-16.14581169
Errors:	Max dens	RMS dens	DIIS
alpha	5.103009e-01	1.962898e-02	7.209504e-01
beta	5.492727e-01	1.615524e-02

Iteration took 0.46 s.

 ******* Iteration    2 ********
Forming HF Coulomb matrix ... done (0.05 s)
Computing DFT exchange and correlation ... done (0.39 s)
Numerically integrated density is 19.99994 (+4.9997 %).
Warning - numerically integrated density seems inaccurate.
ADIIS weights
 5.66e-01  4.34e-01 
CDIIS weights
 5.02e-01  4.98e-01 
 DIIS weights
 5.66e-01  4.34e-01 

Solving SCF equations ... done (0.00 s)
alpha: HOMO-LUMO gap is -551.27 eV. Energies of lowest lying states:
   -20.401534    -18.818920*    -1.243351*    -0.950335*    -0.774821*
    -0.666389*    -0.603744*    -0.499118*    -0.359666*    -0.284326*
    -0.142613*    -0.082153     -0.036073      0.005979      0.022359 
     0.028842      0.033929      0.081261      0.090334      0.097152 
beta:  HOMO-LUMO gap is    4.92 eV. Energies of lowest lying states:
   -21.990633*   -18.818670*    -1.273310*    -0.949604*    -0.788257*
    -0.687162*    -0.627939*    -0.499091*    -0.359152*    -0.283882*
    -0.102937     -0.040802     -0.028030      0.029773      0.037982 

Dipole:	x		y		z		dipole change
	-0.12842005	 0.29371364	 0.79491319	 5.560868e-01
Energy:	electronic	total		virial		energy change
	-168.67868837	-132.17581627	 0.96902033	 0.222644
	kinetic		nuclear		Coulomb		XC
	 136.40148916	-398.74789057	 111.58793617	-17.92022314
Errors:	Max dens	RMS dens	DIIS
alpha	2.992985e-01	1.076313e-02	7.828357e-01
beta	2.852785e-01	8.471860e-03

Iteration took 0.45 s.

 ******* Iteration    3 ********
Forming HF Coulomb matrix ... done (0.05 s)
Computing DFT exchange and correlation ... done (0.42 s)
Numerically integrated density is 19.99996 (+4.9998 %).
Warning - numerically integrated density seems inaccurate.
ADIIS weights
 3.78e-15  2.50e-19  1.00e+00 
CDIIS weights
 6.69e-02 -5.14e-02  9.84e-01 
 DIIS weights
 3.78e-15  2.50e-19  1.00e+00 

Solving SCF equations ... done (0.00 s)
alpha: HOMO-LUMO gap is -545.08 eV. Energies of lowest lying states:
   -20.144330    -18.705033*    -1.103512*    -0.904659*    -0.647949*
    -0.528052*    -0.472784*    -0.440828*    -0.313180*    -0.237619*
    -0.112885*    -0.050567     -0.023181      0.020162      0.036373 
     0.048021      0.050210      0.097097      0.103318      0.111154 
beta:  HOMO-LUMO gap is    4.66 eV. Energies of lowest lying states:
   -21.689964*   -18.704893*    -1.132647*    -0.904256*    -0.657165*
    -0.544971*    -0.485164*    -0.452037*    -0.313134*    -0.237428*
    -0.066086     -0.015514      0.000666      0.045612      0.058660 

Dipole:	x		y		z		dipole change
	 0.07395971	 0.31014043	 0.80655612	 1.017366e-02
Energy:	electronic	total		virial		energy change
	-169.52097482	-133.01810272	 1.02035649	-0.842286
	kinetic		nuclear		Coulomb		XC
	 130.36434216	-388.66140682	 105.92249311	-17.14640327
Errors:	Max dens	RMS dens	DIIS
alpha	8.366759e-02	3.788563e-03	9.281528e-02
beta	7.732283e-02	2.502886e-03

Iteration took 0.48 s.

 ******* Iteration    4 ********
Forming HF Coulomb matrix ... done (0.05 s)
Computing DFT exchange and correlation ... done (0.39 s)
Numerically integrated density is 19.99997 (+4.9998 %).
Warning - numerically integrated density seems inaccurate.
ADIIS weights
 6.99e-17  3.94e-16  7.05e-01  2.95e-01 
CDIIS weights
-1.52e-03 -1.07e-02  6.64e-01  3.48e-01 
 DIIS weights
 6.99e-17  3.94e-16  7.05e-01  2.95e-01 

Solving SCF equations ... done (0.00 s)
alpha: HOMO-LUMO gap is -548.32 eV. Energies of lowest lying states:
   -20.274892    -18.772206*    -1.161040*    -0.931713*    -0.698730*
    -0.584781*    -0.520710*    -0.478778*    -0.340324*    -0.265022*
    -0.124341*    -0.062595     -0.028924      0.015009      0.030904 
     0.039713      0.043959      0.089843      0.097473      0.105753 
beta:  HOMO-LUMO gap is    5.05 eV. Energies of lowest lying states:
   -21.829240*   -18.772045*    -1.192847*    -0.931254*    -0.713970*
    -0.605726*    -0.543971*    -0.481423*    -0.340178*    -0.264809*
    -0.079082     -0.021876     -0.013233      0.040466      0.050319 

Dipole:	x		y		z		dipole change
	-0.03274760	 0.30820566	 0.82187665	 1.108716e-02
Energy:	electronic	total		virial		energy change
	-169.49575370	-132.99288160	 1.04437227	 0.0252211
	kinetic		nuclear		Coulomb		XC
	 127.34240967	-382.62217099	 102.48794406	-16.70393644
Errors:	Max dens	RMS dens	DIIS
alpha	3.960758e-02	1.766152e-03	1.567251e-01
beta	3.961129e-02	1.260829e-03

Iteration took 0.45 s.

 ******* Iteration    5 ********
Forming HF Coulomb matrix ... done (0.05 s)
Computing DFT exchange and correlation ... done (0.41 s)
Numerically integrated density is 19.99996 (+4.9998 %).
Warning - numerically integrated density seems inaccurate.
ADIIS weights
 2.33e-18  2.20e-17  7.82e-02  3.86e-14  9.22e-01 
CDIIS weights
-5.58e-03  8.51e-03  1.03e-01 -7.38e-02  9.68e-01 
 DIIS weights
-4.14e-03  6.31e-03  9.63e-02 -5.48e-02  9.56e-01 

Solving SCF equations ... done (0.00 s)
alpha: HOMO-LUMO gap is -549.44 eV. Energies of lowest lying states:
   -20.321183    -18.783115*    -1.183076*    -0.935690*    -0.718503*
    -0.606159*    -0.542004*    -0.484520*    -0.344603*    -0.269199*
    -0.129489*    -0.068027     -0.030559      0.012899      0.028839 
     0.036585      0.041549      0.088003      0.095778      0.103732 
beta:  HOMO-LUMO gap is    5.01 eV. Energies of lowest lying states:
   -21.879525*   -18.782923*    -1.216183*    -0.935169*    -0.736325*
    -0.628845*    -0.567675*    -0.485895*    -0.344386*    -0.268939*
    -0.084882     -0.023758     -0.019527      0.038800      0.047162 

Dipole:	x		y		z		dipole change
	-0.05469985	 0.30501826	 0.80949227	-1.159691e-02
Energy:	electronic	total		virial		energy change
	-169.53338229	-133.03051019	 1.03210273	-0.0376286
	kinetic		nuclear		Coulomb		XC
	 128.89270266	-385.76204316	 104.26816454	-16.93220633
Errors:	Max dens	RMS dens	DIIS
alpha	1.378800e-02	5.861320e-04	3.321881e-02
beta	1.360741e-02	3.867697e-04

Iteration took 0.47 s.

 ******* Iteration    6 ********
Forming HF Coulomb matrix ... done (0.05 s)
Computing DFT exchange and correlation ... done (0.37 s)
Numerically integrated density is 19.99996 (+4.9998 %).
Warning - numerically integrated density seems inaccurate.
ADIIS weights
 7.53e-16  3.08e-18  7.31e-15  1.55e-13  2.53e-02  9.75e-01 
CDIIS weights
-4.73e-05  1.19e-04 -7.28e-03 -2.80e-02  3.14e-01  7.21e-01 
 DIIS weights
-4.73e-05  1.19e-04 -7.28e-03 -2.80e-02  3.14e-01  7.21e-01 

Solving SCF equations ... done (0.00 s)
alpha: HOMO-LUMO gap is -549.19 eV. Energies of lowest lying states:
   -20.311157    -18.781763*    -1.178647*    -0.935236*    -0.714547*
    -0.601899*    -0.537632*    -0.483746*    -0.344057*    -0.268695*
    -0.128668*    -0.067152     -0.030300      0.013230      0.029161 
     0.037083      0.041923      0.088279      0.095997      0.104026 
beta:  HOMO-LUMO gap is    5.02 eV. Energies of lowest lying states:
   -21.869341*   -18.781565*    -1.211642*    -0.934710*    -0.732053*
    -0.624352*    -0.562972*    -0.485320*    -0.343841*    -0.268427*
    -0.083929     -0.023479     -0.018413      0.039072      0.047685 

Dipole:	x		y		z		dipole change
	-0.04817819	 0.30455818	 0.81503424	 4.632222e-03
Energy:	electronic	total		virial		energy change
	-169.53474585	-133.03187376	 1.02865575	-0.00136357
	kinetic		nuclear		Coulomb		XC
	 129.32594231	-386.60673405	 104.74079576	-16.99474988
Errors:	Max dens	RMS dens	DIIS
alpha	3.003353e-03	1.188831e-04	9.044136e-03
beta	2.897327e-03	8.181557e-05

Iteration took 0.43 s.

 ******* Iteration    7 ********
Forming HF Coulomb matrix ... done (0.05 s)
Computing DFT exchange and correlation ... done (0.38 s)
Numerically integrated density is 19.99996 (+4.9998 %).
Warning - numerically integrated density seems inaccurate.
ADIIS weights
 5.18e-15  1.72e-15  3.10e-12  2.05e-12  1.15e-13  1.58e-08  1.00e+00 
CDIIS weights
 2.45e-05 -3.05e-05 -3.74e-04 -6.66e-03  7.65e-02  1.67e-01  7.63e-01 
 DIIS weights
 2.45e-05 -3.05e-05 -3.74e-04 -6.66e-03  7.65e-02  1.67e-01  7.63e-01 

Solving SCF equations ... done (0.00 s)
alpha: HOMO-LUMO gap is -549.19 eV. Energies of lowest lying states:
   -20.310999    -18.781809*    -1.178501*    -0.935293*    -0.714403*
    -0.601788*    -0.537521*    -0.483780*    -0.344112*    -0.268749*
    -0.128576*    -0.067069     -0.030303      0.013280      0.029184 
     0.037144      0.041977      0.088286      0.096022      0.104065 
beta:  HOMO-LUMO gap is    5.02 eV. Energies of lowest lying states:
   -21.869194*   -18.781608*    -1.211494*    -0.934764*    -0.731913*
    -0.624236*    -0.562859*    -0.485362*    -0.343893*    -0.268478*
    -0.083831     -0.023493     -0.018319      0.039097      0.047715 

Dipole:	x		y		z		dipole change
	-0.04923050	 0.30672227	 0.81379853	-3.371028e-04
Energy:	electronic	total		virial		energy change
	-169.53484970	-133.03197760	 1.02933916	-0.000103845
	kinetic		nuclear		Coulomb		XC
	 129.24017965	-386.44173236	 104.64921881	-16.98251579
Errors:	Max dens	RMS dens	DIIS
alpha	2.716333e-04	1.169983e-05	7.965282e-05
beta	3.669950e-05	2.404501e-06

Iteration took 0.44 s.

 ******* Iteration    8 ********
Forming HF Coulomb matrix ... done (0.05 s)
Computing DFT exchange and correlation ... done (0.41 s)
Numerically integrated density is 19.99996 (+4.9998 %).
Warning - numerically integrated density seems inaccurate.
ADIIS weights
 5.22e-16  8.47e-18  2.02e-12  4.25e-13  1.27e-10  1.57e-09  1.62e-01  8.38e-01 
CDIIS weights
 1.52e-05 -1.51e-05 -3.35e-04 -1.17e-03  9.89e-03  1.98e-02  3.66e-01  6.05e-01 
 DIIS weights
 1.52e-05 -1.51e-05 -3.35e-04 -1.17e-03  9.89e-03  1.98e-02  3.66e-01  6.05e-01 

Solving SCF equations ... done (0.00 s)
alpha: HOMO-LUMO gap is -549.19 eV. Energies of lowest lying states:
   -20.310998    -18.781810*    -1.178516*    -0.935299*    -0.714413*
    -0.601794*    -0.537531*    -0.483786*    -0.344119*    -0.268755*
    -0.128583*    -0.067075     -0.030302      0.013279      0.029183 
     0.037143      0.041976      0.088286      0.096020      0.104064 
beta:  HOMO-LUMO gap is    5.02 eV. Energies of lowest lying states:
   -21.869206*   -18.781607*    -1.211512*    -0.934768*    -0.731928*
    -0.624246*    -0.562873*    -0.485368*    -0.343899*    -0.268483*
    -0.083839     -0.023494     -0.018325      0.039095      0.047714 

Dipole:	x		y		z		dipole change
	-0.04896753	 0.30512386	 0.81451822	 9.648144e-05
Energy:	electronic	total		virial		energy change
	-169.53484974	-133.03197764	 1.02934158	-3.993e-08
	kinetic		nuclear		Coulomb		XC
	 129.23987586	-386.44103042	 104.64876428	-16.98245946
Errors:	Max dens	RMS dens	DIIS
alpha	1.336636e-04	6.657270e-06	4.916632e-05
beta	2.384348e-05	9.499581e-07

Iteration took 0.47 s.

 ******* Iteration    9 ********
Forming HF Coulomb matrix ... done (0.05 s)
Computing DFT exchange and correlation ... done (0.38 s)
Numerically integrated density is 19.99996 (+4.9998 %).
Warning - numerically integrated density seems inaccurate.
ADIIS weights
 3.35e-13  4.80e-14  5.41e-11  6.05e-12  3.28e-09  1.09e-07  3.43e-03  4.04e-01  5.93e-01 
CDIIS weights
 6.32e-06 -6.07e-06 -3.43e-04 -2.06e-05 -2.24e-03 -4.65e-03  1.39e-01  3.36e-01  5.32e-01 
 DIIS weights
 6.32e-06 -6.07e-06 -3.43e-04 -2.06e-05 -2.24e-03 -4.65e-03  1.39e-01  3.36e-01  5.32e-01 

Solving SCF equations ... done (0.00 s)
alpha: HOMO-LUMO gap is -549.19 eV. Energies of lowest lying states:
   -20.311005    -18.781808*    -1.178527*    -0.935298*    -0.714423*
    -0.601801*    -0.537539*    -0.483786*    -0.344118*    -0.268754*
    -0.128590*    -0.067081     -0.030302      0.013277      0.029182 
     0.037140      0.041973      0.088285      0.096019      0.104062 
beta:  HOMO-LUMO gap is    5.02 eV. Energies of lowest lying states:
   -21.869217*   -18.781605*    -1.211524*    -0.934766*    -0.731939*
    -0.624255*    -0.562883*    -0.485367*    -0.343897*    -0.268481*
    -0.083846     -0.023494     -0.018331      0.039094      0.047712 

Dipole:	x		y		z		dipole change
	-0.04896264	 0.30564731	 0.81435898	 3.433824e-05
Energy:	electronic	total		virial		energy change
	-169.53484976	-133.03197766	 1.02934134	-1.4874e-08
	kinetic		nuclear		Coulomb		XC
	 129.23990625	-386.44114037	 104.64885322	-16.98246885
Errors:	Max dens	RMS dens	DIIS
alpha	4.478229e-05	2.071184e-06	2.380859e-05
beta	8.409617e-06	3.315344e-07

Iteration took 0.44 s.

 ******* Convergence achieved ********
Dipole moment is (-0.124451,0.776878,2.069894) D, |mu|=2.214382 D.
Solution of UDFT took 5.61 s.
alpha: HOMO-LUMO gap is -549.19 eV. Energies of lowest lying states:
   -20.311005    -18.781808*    -1.178527*    -0.935298*    -0.714423*
    -0.601801*    -0.537539*    -0.483786*    -0.344118*    -0.268754*
    -0.128590*    -0.067081     -0.030302      0.013277      0.029182 
     0.037140      0.041973      0.088285      0.096019      0.104062 
beta:  HOMO-LUMO gap is    5.02 eV. Energies of lowest lying states:
   -21.869217*   -18.781605*    -1.211524*    -0.934766*    -0.731939*
    -0.624255*    -0.562883*    -0.485367*    -0.343897*    -0.268481*
    -0.083846     -0.023494     -0.018331      0.039094      0.047712 

A pure exchange functional used, no exact exchange.
	atom  Npoints      Nfuncs  t
	   3     7984      483284  1.53 s
	   2     8092      488105  1.64 s
	   4     9306      574306  1.84 s
	   1     9486      602476  1.96 s
	   5     7708      450148  1.61 s
	   6     8516      562631  1.83 s
DFT XC grid constructed in 3.48 s.

 ******* Iteration    1 ********
Forming HF Coulomb matrix ... done (0.04 s)
Computing DFT exchange and correlation ... done (0.97 s)
Numerically integrated density is 20.00000 (+5.0000 %).
Warning - numerically integrated density seems inaccurate.
ADIIS weights
 1.00e+00 
CDIIS weights
 1.00e+00 
 DIIS weights
 1.00e+00 

Solving SCF equations ... done (0.00 s)
alpha: HOMO-LUMO gap is -549.20 eV. Energies of lowest lying states:
   -20.311438    -18.781806*    -1.178562*    -0.935268*    -0.714418*
    -0.601782*    -0.537512*    -0.483785*    -0.344122*    -0.268761*
    -0.128592*    -0.067080     -0.030299      0.013292      0.029185 
     0.037140      0.041974      0.088278      0.096003      0.104069 
beta:  HOMO-LUMO gap is    5.02 eV. Energies of lowest lying states:
   -21.869250*   -18.781602*    -1.211535*    -0.934735*    -0.731955*
    -0.624258*    -0.562882*    -0.485368*    -0.343900*    -0.268487*
    -0.083849     -0.023492     -0.018341      0.039102      0.047715 

Dipole:	x		y		z		dipole change
	-0.04900842	 0.30557485	 0.81430880	 8.711353e-01
Energy:	electronic	total		virial		energy change
	-169.53486480	-133.03199270	 1.02934141	-133.032
	kinetic		nuclear		Coulomb		XC
	 129.23991107	-386.44116682	 104.64887741	-16.98248645
Errors:	Max dens	RMS dens	DIIS
alpha	8.565589e-05	6.693748e-06	1.433215e-04
beta	2.991857e-05	2.061654e-06

Iteration took 1.02 s.

 ******* Iteration    2 ********
Forming HF Coulomb matrix ... done (0.05 s)
Computing DFT exchange and correlation ... done (0.96 s)
Numerically integrated density is 20.00000 (+5.0000 %).
Warning - numerically integrated density seems inaccurate.
ADIIS weights
 9.90e-05  1.00e+00 
CDIIS weights
 7.58e-03  9.92e-01 
 DIIS weights
 7.58e-03  9.92e-01 

Solving SCF equations ... done (0.00 s)
alpha: HOMO-LUMO gap is -549.20 eV. Energies of lowest lying states:
   -20.311437    -18.781767*    -1.178564*    -0.935253*    -0.714419*
    -0.601785*    -0.537514*    -0.483773*    -0.344103*    -0.268743*
    -0.128592*    -0.067081     -0.030296      0.013293      0.029186 
     0.037140      0.041975      0.088281      0.096005      0.104071 
beta:  HOMO-LUMO gap is    5.02 eV. Energies of lowest lying states:
   -21.869271*   -18.781563*    -1.211538*    -0.934719*    -0.731958*
    -0.624264*    -0.562887*    -0.485355*    -0.343881*    -0.268469*
    -0.083847     -0.023490     -0.018340      0.039104      0.047716 

Dipole:	x		y		z		dipole change
	-0.04898417	 0.30568127	 0.81418781	-7.712278e-05
Energy:	electronic	total		virial		energy change
	-169.53486481	-133.03199271	 1.02934269	-5.98769e-09
	kinetic		nuclear		Coulomb		XC
	 129.23975063	-386.44116154	 104.64904824	-16.98250215
Errors:	Max dens	RMS dens	DIIS
alpha	1.647282e-05	8.524462e-07	1.600278e-05
beta	1.374918e-05	4.893454e-07

Iteration took 1.02 s.

 ******* Iteration    3 ********
Forming HF Coulomb matrix ... done (0.05 s)
Computing DFT exchange and correlation ... done (1.08 s)
Numerically integrated density is 20.00000 (+5.0000 %).
Warning - numerically integrated density seems inaccurate.
ADIIS weights
 1.52e-03  5.85e-01  4.13e-01 
CDIIS weights
 4.89e-03  6.56e-01  3.39e-01 
 DIIS weights
 4.89e-03  6.56e-01  3.39e-01 

Solving SCF equations ... done (0.00 s)
alpha: HOMO-LUMO gap is -549.20 eV. Energies of lowest lying states:
   -20.311429    -18.781797*    -1.178560*    -0.935264*    -0.714416*
    -0.601781*    -0.537511*    -0.483781*    -0.344115*    -0.268755*
    -0.128591*    -0.067080     -0.030297      0.013293      0.029186 
     0.037140      0.041975      0.088280      0.096004      0.104070 
beta:  HOMO-LUMO gap is    5.02 eV. Energies of lowest lying states:
   -21.869263*   -18.781594*    -1.211535*    -0.934731*    -0.731954*
    -0.624260*    -0.562883*    -0.485364*    -0.343893*    -0.268481*
    -0.083846     -0.023491     -0.018339      0.039103      0.047717 

Dipole:	x		y		z		dipole change
	-0.04900034	 0.30563094	 0.81426223	 5.281341e-05
Energy:	electronic	total		virial		energy change
	-169.53486481	-133.03199271	 1.02934472	 1.06752e-09
	kinetic		nuclear		Coulomb		XC
	 129.23949619	-386.44059646	 104.64869687	-16.98246140
Errors:	Max dens	RMS dens	DIIS
alpha	9.395066e-06	4.129494e-07	3.171162e-05
beta	9.326533e-06	3.008113e-07

Iteration took 1.14 s.

 ******* Iteration    4 ********
Forming HF Coulomb matrix ... done (0.06 s)
Computing DFT exchange and correlation ... done (1.18 s)
Numerically integrated density is 20.00000 (+5.0000 %).
Warning - numerically integrated density seems inaccurate.
ADIIS weights
 2.63e-05  3.64e-01  2.72e-01  3.64e-01 
CDIIS weights
 8.44e-04  1.78e-01  1.13e-01  7.09e-01 
 DIIS weights
 8.44e-04  1.78e-01  1.13e-01  7.09e-01 

Solving SCF equations ... done (0.00 s)
alpha: HOMO-LUMO gap is -549.20 eV. Energies of lowest lying states:
   -20.311427    -18.781796*    -1.178560*    -0.935263*    -0.714416*
    -0.601780*    -0.537510*    -0.483780*    -0.344114*    -0.268755*
    -0.128591*    -0.067080     -0.030297      0.013294      0.029186 
     0.037140      0.041975      0.088280      0.096004      0.104070 
beta:  HOMO-LUMO gap is    5.02 eV. Energies of lowest lying states:
   -21.869262*   -18.781592*    -1.211535*    -0.934730*    -0.731954*
    -0.624260*    -0.562883*    -0.485363*    -0.343893*    -0.268481*
    -0.083846     -0.023491     -0.018339      0.039103      0.047717 

Dipole:	x		y		z		dipole change
	-0.04899710	 0.30561007	 0.81426786	-2.245562e-06
Energy:	electronic	total		virial		energy change
	-169.53486481	-133.03199271	 1.02934320	-1.53881e-09
	kinetic		nuclear		Coulomb		XC
	 129.23968630	-386.44101202	 104.64895273	-16.98249182
Errors:	Max dens	RMS dens	DIIS
alpha	1.620480e-06	9.349068e-08	1.336865e-06
beta	4.808628e-07	2.234189e-08

Iteration took 1.25 s.

 ******* Convergence achieved ********
Dipole moment is (-0.124538,0.776783,2.069662) D, |mu|=2.214137 D.
Solution of UDFT took 7.92 s.

Absolute energy correction: first peak should be at 535.92 eV.



Running program took 14.36 s.
Current time is Fri 06 Feb 2015 06:01:38.
