
Current Settings used by ERKALE:
     AtomGuess      	                Auto	Method used for atomic guess (Auto for same as method)
     AugChk         	  erkale_xrs_aug.chk	Save augmented calculation to file (if applicable)
     Basis          	         aug-cc-pVDZ	Basis set used in calculation
     BasisCutoff    	           1.000e-08	Cutoff for dropping out small primitives from contraction
     BasisOrth      	                Auto	Method of orthonormalization of basis set
     BasisRotate    	                true	Rotate basis set to remove redundant functions?
     C1-DIIS        	               false	Use older version of DIIS (C1-DIIS instead of C2-DIIS)?
     Charge         	                   0	Total charge of system
     DFTDelta       	           1.000e+02	Switch to final DFT grid, relative to deltaE and deltaP
     DFTDirect      	               false	Save memory by not storing values of basis functions in memory
     DFTFinalTol    	           1.000e-05	Tolerance of final DFT grid
     DFTGrid        	                Auto	DFT integration grid to use: nrad lmax or Auto for adaptive
     DFTInitialTol  	           1.000e-04	Tolerance of initial DFT grid
     DFTLobatto     	               false	Use Lobatto quadrature instead of Lebedev quadrature?
     DIISEps        	           1.000e-01	Start mixing in DIIS when error is
     DIISOrder      	                  10	How many DIIS iterations to keep in memory?
     DIISThr        	           1.000e-02	DIIS error threshold for DIIS updates
     DecFock        	               false	Use decontracted basis to calculate Fock matrix (direct HF)
     Decontract     	                    	Indices of atoms to decontract basis set for
     DeltaEmax      	           1.000e-06	Maximum allowed change of energy
     DeltaPmax      	           1.000e-05	Maximum allowed maximum difference of density matrix
     DeltaPrms      	           1.000e-06	Maximum allowed RMS difference of density matrix
     DensityFitting 	               false	Use density fitting / RI?
     Direct         	               false	Calculate two-electron integrals (or density fitting) on-the-fly?
     EField         	         0.0 0.0 0.0	Electric field
     FittingBasis   	                Auto	Basis to use for density fitting / RI (Auto for automatic)
     FittingMemory  	                1000	Amount of memory in MB to use for exchange fitting
     FittingThreshold	           1.000e-08	Linear dependence threshold for Coulomb integrals in density fitting
     Guess          	              Atomic	Used guess: atomic (default), core, or GWH
     LineSearch     	               false	Do line search in level shift (EXPENSIVE!)
     LoadChk        	 water_dimer_lda.chk	Initialize with ground state calculation from file
     Logfile        	water_dimer_lda_xch.log	File to print out full information, stdout for screen
     MaxIter        	                 100	Maximum number of iterations in SCF cycle
     Method         	      lda_x-lda_c_pw	Method used in calculation (HF or a DFT functional)
     Multiplicity   	                   1	Spin multiplicity
     Occupancies    	                    	Orbital occupancies
     PZ             	                  No	Perform Perdew-Zunger self-interaction correction? No, Pert, Full, OldFull, Real, Can, CanPert
     PZEmax         	           1.000e-06	Threshold for energy change in unitary optimization
     PZHam          	                Symm	Hamiltonian to use in PZ-SIC: Symm, United
     PZKmax         	           1.000e-03	Threshold for kappa max in unitary optimization
     PZKrms         	           1.000e-04	Threshold for kappa rms in unitary optimization
     PZdEmax        	           1.000e-05	Tolerance threshold for energy convergence
     PZdPmax        	           1.000e-05	Tolerance threshold for density convergence
     PZdPrms        	           1.000e-06	Tolerance threshold for density convergence
     PZiter         	                  20	Max number of iterations in self-consistency iteration
     PZloc          	                true	Initial localization before SIC calculation?
     PZmode         	              CoulXC	Mode to use PZ-SIC in. Coul, CoulX, CoulC, CoulXC
     PZseed         	                   0	Seed number for randomized matrices?
     PZstab         	                   0	Stability analysis for PZ-SIC? 0 for no, 1 for oo block, 2 for full analysis
     PZstabFz       	                    	Orbitals to freeze for stability analysis (only oo!)
     PZunit         	                  10	Max number of iterations in unitary optimization
     PZw            	           1.000e+00	Weight for Perdew-Zunger self-interaction correction
     SaveChk        	water_dimer_lda_xch.chk	Try initializing with and save results to file
     ShPairThr      	           1.000e-14	Threshold for shell pair screening, (ij|ij)<thr
     Shift          	           0.000e+00	Level shift to use in Hartree
     StrictIntegrals	               false	Use strict integrals?
     System         	 water_dimer_xrs.xyz	System as an xyz file
     UseADIIS       	                true	Use ADIIS for Fock matrix interpolation?
     UseBroyden     	               false	Use Broyden mixing of Fock matrices?
     UseDIIS        	                true	Use Pulay's Direct Inversion in the Iterative Subspace?
     UseLM          	                true	Use a spherical harmonics basis set by default?
     UseTRDSM       	               false	Use Trust-Region DSM?
     UseTRRH        	               false	Use Trust-Region Roothaan-Hall?
     Verbose        	                true	Verbose calculation?
     XRSAugment     	                    	Which atoms to augment with diffuse functions? E.g. 1,3:5,10
     XRSDoubleBasis 	              X-AUTO	The augmentation basis to use for double-basis set calculations
     XRSGridTol     	           1.000e-04	DFT grid tolerance in double basis set calculation
     XRSInitialOrbital	                   1	Index of orbital in state to excite
     XRSInitialState	                  1s	Initial atomic state to excite
     XRSLmax        	                   5	Local: expand orbitals up to Lmax
     XRSLquad       	                  30	Local: perform angular expansion using quadrature of Lquad order
     XRSMethod      	                 xch	Which kind of calculation to perform: TP, XCH or FCH
     XRSNrad        	                 200	Local: how many point to use in radial integration
     XRSQMethod     	             Fourier	Method of computing momentum transfer matrix: Local, Fourier or Series
     XRSQval        	                    	List or range of Q values to compute
     XRSSpin        	               false	Spin to excite (false for alpha, true for beta)

Basis set aug-cc-pVDZ found in file aug-cc-pVDZ.gbs in /usr/share/erkale/basis/.
Initializing with ground-state calculation from water_dimer_lda.chk.

Localizing 2 orbitals on center 1.
	sh i       occ  R [Å]
	1s 1* 0.999984  0.028
	2s 1  0.975111  0.945

There are 38 shells and 6 nuclei in the basis set.

List of nuclei, geometry in Ångström with three decimal places:
		 Z	    x	    y	    z
1	O	 8	 -1.464	  0.099	  0.300
2	H	 1	 -1.956	  0.624	 -0.340
3	H	 1	 -1.797	 -0.799	  0.206
4	O	 8	  1.369	  0.146	 -0.395
5	H	 1	  1.894	  0.486	  0.335
6	H	 1	  0.451	  0.165	 -0.083

List of basis functions:
Shell    1	S cart shell at nucleus   1 with with basis functions    1-1   
Shell    2	S cart shell at nucleus   1 with with basis functions    2-2   
Shell    3	S cart shell at nucleus   1 with with basis functions    3-3   
Shell    4	S cart shell at nucleus   1 with with basis functions    4-4   
Shell    5	P cart shell at nucleus   1 with with basis functions    5-7   
Shell    6	P cart shell at nucleus   1 with with basis functions    8-10  
Shell    7	P cart shell at nucleus   1 with with basis functions   11-13  
Shell    8	D  sph shell at nucleus   1 with with basis functions   14-18  
Shell    9	D  sph shell at nucleus   1 with with basis functions   19-23  
Shell   10	S cart shell at nucleus   2 with with basis functions   24-24  
Shell   11	S cart shell at nucleus   2 with with basis functions   25-25  
Shell   12	S cart shell at nucleus   2 with with basis functions   26-26  
Shell   13	P cart shell at nucleus   2 with with basis functions   27-29  
Shell   14	P cart shell at nucleus   2 with with basis functions   30-32  
Shell   15	S cart shell at nucleus   3 with with basis functions   33-33  
Shell   16	S cart shell at nucleus   3 with with basis functions   34-34  
Shell   17	S cart shell at nucleus   3 with with basis functions   35-35  
Shell   18	P cart shell at nucleus   3 with with basis functions   36-38  
Shell   19	P cart shell at nucleus   3 with with basis functions   39-41  
Shell   20	S cart shell at nucleus   4 with with basis functions   42-42  
Shell   21	S cart shell at nucleus   4 with with basis functions   43-43  
Shell   22	S cart shell at nucleus   4 with with basis functions   44-44  
Shell   23	S cart shell at nucleus   4 with with basis functions   45-45  
Shell   24	P cart shell at nucleus   4 with with basis functions   46-48  
Shell   25	P cart shell at nucleus   4 with with basis functions   49-51  
Shell   26	P cart shell at nucleus   4 with with basis functions   52-54  
Shell   27	D  sph shell at nucleus   4 with with basis functions   55-59  
Shell   28	D  sph shell at nucleus   4 with with basis functions   60-64  
Shell   29	S cart shell at nucleus   5 with with basis functions   65-65  
Shell   30	S cart shell at nucleus   5 with with basis functions   66-66  
Shell   31	S cart shell at nucleus   5 with with basis functions   67-67  
Shell   32	P cart shell at nucleus   5 with with basis functions   68-70  
Shell   33	P cart shell at nucleus   5 with with basis functions   71-73  
Shell   34	S cart shell at nucleus   6 with with basis functions   74-74  
Shell   35	S cart shell at nucleus   6 with with basis functions   75-75  
Shell   36	S cart shell at nucleus   6 with with basis functions   76-76  
Shell   37	P cart shell at nucleus   6 with with basis functions   77-79  
Shell   38	P cart shell at nucleus   6 with with basis functions   80-82  

Basis set contains 82 functions, maximum angular momentum is 2.
Spherical harmonic Gaussians are used by default, there are 86 cartesians.

Forming overlap matrix ... done (0.00 s)
Forming kinetic energy matrix ... done (0.00 s)
Forming nuclear attraction matrix ... done (0.00 s)

Smallest eigenvalue of overlap matrix is 1.61e-03, ratio to largest is 2.11e-04.
Using symmetric orthogonalization.
Basis set diagonalized in 0.00 s.

Forming table of 46335248 ERIs, requiring 44 Mi 193 ki of memory ... done (0.65 s)

Initialization of computation done in 0.66 s.

alpha: HOMO-LUMO gap is -505.91 eV. Energies of lowest lying states:
   -18.639308     -0.882068*    -0.313278*    -0.451465*    -0.514319*
    -0.716283*   -18.503491*    -0.244668*    -0.358675*    -0.681615*
    -0.047479*    -0.001870      0.013430      0.050674      0.080464 
     0.092132      0.111806      0.116670      0.131212      0.139909 
beta:  HOMO-LUMO gap is    5.36 eV. Energies of lowest lying states:
   -18.650169*   -18.592037*    -0.954662*    -0.896186*    -0.514458*
    -0.462595*    -0.375981*    -0.318199*    -0.296245*    -0.244638*
    -0.047479     -0.001870      0.013430      0.050674      0.080464 

A pure exchange functional used, no exact exchange.
	atom  Npoints      Nfuncs  t
	   3     3506      216885  0.19 s
	   4     4120      260310  0.23 s
	   2     3302      203867  0.30 s
	   5     3366      199563  0.16 s
	   1     4564      294713  0.40 s
	   6     3570      243358  0.22 s
DFT XC grid constructed in 0.44 s.

 ******* Iteration    1 ********
Forming HF Coulomb matrix ... done (0.05 s)
Computing DFT exchange and correlation ... done (0.10 s)
Numerically integrated density is 19.99998 (+4.9999 %).
Warning - numerically integrated density seems inaccurate.
ADIIS weights
 1.00e+00 
CDIIS weights
 1.00e+00 
 DIIS weights
 1.00e+00 

Solving SCF equations ... done (0.00 s)
alpha: HOMO-LUMO gap is -578.90 eV. Energies of lowest lying states:
   -21.529487    -18.610171*    -1.762028*    -1.320583*    -1.249100*
    -1.203109*    -0.926459*    -0.495170*    -0.344918*    -0.270624*
    -0.255227*    -0.215161     -0.082171     -0.055765     -0.014071 
    -0.012112     -0.002121      0.040260      0.044101      0.060034 
beta:  HOMO-LUMO gap is    0.65 eV. Energies of lowest lying states:
   -23.049206*   -18.609606*    -1.817175*    -1.366454*    -1.295946*
    -1.251231*    -0.925306*    -0.494108*    -0.343970*    -0.269536*
    -0.245646     -0.207484     -0.075438     -0.044177     -0.001226 

Dipole:	x		y		z		dipole change
	-0.15218004	 0.07347923	 0.24508721	 2.977007e-01
Energy:	electronic	total		virial		energy change
	-168.11671347	-131.61384137	 1.07218548	-131.614
	kinetic		nuclear		Coulomb		XC
	 122.75286660	-374.13699470	 98.61498338	-15.34756875
Errors:	Max dens	RMS dens	DIIS
alpha	5.091966e-01	1.924913e-02	7.133547e-01
beta	5.506560e-01	1.611281e-02

Iteration took 0.16 s.

 ******* Iteration    2 ********
Forming HF Coulomb matrix ... done (0.04 s)
Computing DFT exchange and correlation ... done (0.10 s)
Numerically integrated density is 19.99995 (+4.9997 %).
Warning - numerically integrated density seems inaccurate.
ADIIS weights
 5.75e-01  4.25e-01 
CDIIS weights
 5.09e-01  4.91e-01 
 DIIS weights
 5.75e-01  4.25e-01 

Solving SCF equations ... done (0.00 s)
alpha: HOMO-LUMO gap is -550.79 eV. Energies of lowest lying states:
   -20.384348    -18.664162*    -1.233575*    -0.944855*    -0.780510*
    -0.669719*    -0.608542*    -0.502099*    -0.362989*    -0.290399*
    -0.143272*    -0.082780     -0.039147      0.003882      0.021079 
     0.030402      0.034503      0.078573      0.085114      0.094336 
beta:  HOMO-LUMO gap is    4.67 eV. Energies of lowest lying states:
   -21.836644*   -18.663820*    -1.273182*    -0.944144*    -0.799628*
    -0.698520*    -0.640055*    -0.502260*    -0.362546*    -0.289869*
    -0.118069     -0.058938     -0.034151      0.015219      0.028657 

Dipole:	x		y		z		dipole change
	-0.17650546	 0.29450521	 0.81236538	 5.842432e-01
Energy:	electronic	total		virial		energy change
	-167.85457313	-131.35170103	 0.96440504	 0.26214
	kinetic		nuclear		Coulomb		XC
	 136.19972548	-398.41208130	 111.42304894	-17.06526625
Errors:	Max dens	RMS dens	DIIS
alpha	2.997424e-01	1.081484e-02	7.953967e-01
beta	2.845872e-01	8.514275e-03

Iteration took 0.15 s.

 ******* Iteration    3 ********
Forming HF Coulomb matrix ... done (0.04 s)
Computing DFT exchange and correlation ... done (0.10 s)
Numerically integrated density is 19.99996 (+4.9998 %).
Warning - numerically integrated density seems inaccurate.
ADIIS weights
 3.19e-16  2.19e-16  1.00e+00 
CDIIS weights
 7.63e-02 -5.57e-02  9.79e-01 
 DIIS weights
 3.19e-16  2.19e-16  1.00e+00 

Solving SCF equations ... done (0.00 s)
alpha: HOMO-LUMO gap is -543.57 eV. Energies of lowest lying states:
   -20.088917    -18.541600*    -1.087340*    -0.895819*    -0.646079*
    -0.523393*    -0.471697*    -0.438077*    -0.312947*    -0.240378*
    -0.112966*    -0.049849     -0.022940      0.019326      0.037331 
     0.051193      0.052582      0.096207      0.099340      0.108330 
beta:  HOMO-LUMO gap is    4.22 eV. Energies of lowest lying states:
   -21.516671*   -18.541396*    -1.125250*    -0.895402*    -0.660603*
    -0.547902*    -0.488229*    -0.452562*    -0.312936*    -0.240041*
    -0.084904     -0.025703     -0.019274      0.030055      0.046056 

Dipole:	x		y		z		dipole change
	 0.04261370	 0.31770733	 0.83087405	 8.620860e-03
Energy:	electronic	total		virial		energy change
	-168.71601907	-132.21314697	 1.01529059	-0.861446
	kinetic		nuclear		Coulomb		XC
	 130.22197653	-388.49694720	 105.88421368	-16.32526208
Errors:	Max dens	RMS dens	DIIS
alpha	9.526362e-02	4.078016e-03	1.059424e-01
beta	8.756805e-02	2.655720e-03

Iteration took 0.15 s.

 ******* Iteration    4 ********
Forming HF Coulomb matrix ... done (0.04 s)
Computing DFT exchange and correlation ... done (0.10 s)
Numerically integrated density is 19.99997 (+4.9998 %).
Warning - numerically integrated density seems inaccurate.
ADIIS weights
 5.73e-16  1.88e-16  7.12e-01  2.88e-01 
CDIIS weights
-3.15e-03 -1.34e-02  6.72e-01  3.45e-01 
 DIIS weights
 5.73e-16  1.88e-16  7.12e-01  2.88e-01 

Solving SCF equations ... done (0.00 s)
alpha: HOMO-LUMO gap is -547.14 eV. Energies of lowest lying states:
   -20.232400    -18.613630*    -1.149097*    -0.924770*    -0.701928*
    -0.584586*    -0.522725*    -0.480012*    -0.342106*    -0.269609*
    -0.125342*    -0.063112     -0.030117      0.012644      0.030522 
     0.042831      0.043906      0.087992      0.092482      0.102289 
beta:  HOMO-LUMO gap is    4.68 eV. Energies of lowest lying states:
   -21.668761*   -18.613405*    -1.190534*    -0.924302*    -0.722424*
    -0.614352*    -0.553415*    -0.483383*    -0.341974*    -0.269272*
    -0.097307     -0.037862     -0.026221      0.024212      0.038608 

Dipole:	x		y		z		dipole change
	-0.07630502	 0.31131203	 0.84063472	 9.104290e-03
Energy:	electronic	total		virial		energy change
	-168.68290680	-132.18003470	 1.04221903	 0.0331123
	kinetic		nuclear		Coulomb		XC
	 126.82558140	-381.73457122	 102.06446216	-15.83837914
Errors:	Max dens	RMS dens	DIIS
alpha	4.439480e-02	1.817514e-03	1.791163e-01
beta	4.469369e-02	1.375602e-03

Iteration took 0.15 s.

 ******* Iteration    5 ********
Forming HF Coulomb matrix ... done (0.06 s)
Computing DFT exchange and correlation ... done (0.11 s)
Numerically integrated density is 19.99996 (+4.9998 %).
Warning - numerically integrated density seems inaccurate.
ADIIS weights
 3.76e-15  3.90e-16  1.01e-01  1.08e-13  8.99e-01 
CDIIS weights
-5.79e-03  8.16e-03  1.40e-01 -5.71e-02  9.15e-01 
 DIIS weights
-3.91e-03  5.51e-03  1.27e-01 -3.85e-02  9.10e-01 

Solving SCF equations ... done (0.00 s)
alpha: HOMO-LUMO gap is -548.49 eV. Energies of lowest lying states:
   -20.287700    -18.626863*    -1.174317*    -0.929599*    -0.725199*
    -0.609428*    -0.547271*    -0.486887*    -0.347283*    -0.274658*
    -0.131237*    -0.069460     -0.032302      0.009536      0.027851 
     0.038789      0.040621      0.085707      0.090096      0.099772 
beta:  HOMO-LUMO gap is    4.65 eV. Energies of lowest lying states:
   -21.728170*   -18.626609*    -1.217461*    -0.929080*    -0.748356*
    -0.641492*    -0.581288*    -0.488582*    -0.347076*    -0.274281*
    -0.103292     -0.043980     -0.028315      0.021696      0.035731 

Dipole:	x		y		z		dipole change
	-0.09933746	 0.30605198	 0.82526397	-1.389459e-02
Energy:	electronic	total		virial		energy change
	-168.73092952	-132.22805742	 1.02851250	-0.0480227
	kinetic		nuclear		Coulomb		XC
	 128.56242175	-385.24607313	 104.04174541	-16.08902355
Errors:	Max dens	RMS dens	DIIS
alpha	1.676098e-02	6.374458e-04	3.923437e-02
beta	1.655962e-02	4.612052e-04

Iteration took 0.18 s.

 ******* Iteration    6 ********
Forming HF Coulomb matrix ... done (0.05 s)
Computing DFT exchange and correlation ... done (0.11 s)
Numerically integrated density is 19.99996 (+4.9998 %).
Warning - numerically integrated density seems inaccurate.
ADIIS weights
 1.10e-14  5.42e-16  4.06e-13  5.97e-14  6.84e-02  9.32e-01 
CDIIS weights
-1.15e-06 -4.92e-04  1.53e-02 -1.28e-02  3.07e-01  6.91e-01 
 DIIS weights
-1.12e-06 -4.80e-04  1.50e-02 -1.24e-02  3.01e-01  6.97e-01 

Solving SCF equations ... done (0.00 s)
alpha: HOMO-LUMO gap is -548.15 eV. Energies of lowest lying states:
   -20.274404    -18.624611*    -1.168540*    -0.928794*    -0.719911*
    -0.603701*    -0.541444*    -0.485698*    -0.346378*    -0.273796*
    -0.130200*    -0.068297     -0.031885      0.010017      0.028325 
     0.039476      0.041125      0.086117      0.090451      0.100133 
beta:  HOMO-LUMO gap is    4.66 eV. Energies of lowest lying states:
   -21.714420*   -18.624356*    -1.211464*    -0.928277*    -0.742643*
    -0.635420*    -0.574938*    -0.487688*    -0.346179*    -0.273419*
    -0.102203     -0.042835     -0.027920      0.022122      0.036269 

Dipole:	x		y		z		dipole change
	-0.09178280	 0.30693740	 0.83186155	 5.644820e-03
Energy:	electronic	total		virial		energy change
	-168.73275582	-132.22988372	 1.02431770	-0.0018263
	kinetic		nuclear		Coulomb		XC
	 129.09069453	-386.27273930	 104.61263323	-16.16334428
Errors:	Max dens	RMS dens	DIIS
alpha	4.173772e-03	1.564809e-04	1.217922e-02
beta	4.051213e-03	1.096189e-04

Iteration took 0.17 s.

 ******* Iteration    7 ********
Forming HF Coulomb matrix ... done (0.05 s)
Computing DFT exchange and correlation ... done (0.11 s)
Numerically integrated density is 19.99996 (+4.9998 %).
Warning - numerically integrated density seems inaccurate.
ADIIS weights
 4.27e-15  2.42e-16  4.63e-12  1.38e-14  2.13e-10  1.90e-08  1.00e+00 
CDIIS weights
-1.06e-05 -7.19e-05  3.30e-03 -4.21e-03  7.85e-02  1.85e-01  7.37e-01 
 DIIS weights
-1.06e-05 -7.19e-05  3.30e-03 -4.21e-03  7.85e-02  1.85e-01  7.37e-01 

Solving SCF equations ... done (0.00 s)
alpha: HOMO-LUMO gap is -548.16 eV. Energies of lowest lying states:
   -20.274640    -18.624711*    -1.168599*    -0.928874*    -0.719962*
    -0.603801*    -0.541540*    -0.485775*    -0.346457*    -0.273873*
    -0.130162*    -0.068269     -0.031904      0.010035      0.028323 
     0.039505      0.041151      0.086105      0.090455      0.100145 
beta:  HOMO-LUMO gap is    4.66 eV. Energies of lowest lying states:
   -21.714732*   -18.624455*    -1.211551*    -0.928357*    -0.742731*
    -0.635548*    -0.575068*    -0.487764*    -0.346257*    -0.273495*
    -0.102164     -0.042807     -0.027945      0.022138      0.036265 

Dipole:	x		y		z		dipole change
	-0.09298262	 0.30827294	 0.83061170	-5.804571e-04
Energy:	electronic	total		virial		energy change
	-168.73294256	-132.23007046	 1.02528690	-0.000186743
	kinetic		nuclear		Coulomb		XC
	 128.96884749	-386.03811177	 104.48269824	-16.14637652
Errors:	Max dens	RMS dens	DIIS
alpha	1.308004e-04	7.562527e-06	3.246770e-04
beta	1.383651e-04	4.092835e-06

Iteration took 0.17 s.

 ******* Iteration    8 ********
Forming HF Coulomb matrix ... done (0.05 s)
Computing DFT exchange and correlation ... done (0.11 s)
Numerically integrated density is 19.99996 (+4.9998 %).
Warning - numerically integrated density seems inaccurate.
ADIIS weights
 2.04e-15  1.59e-15  1.32e-13  2.49e-14  3.98e-13  2.16e-09  6.57e-03  9.93e-01 
CDIIS weights
 1.67e-06 -5.26e-06  1.76e-04 -1.50e-03  1.97e-02  4.97e-02  3.39e-01  5.93e-01 
 DIIS weights
 1.67e-06 -5.26e-06  1.76e-04 -1.50e-03  1.97e-02  4.97e-02  3.39e-01  5.93e-01 

Solving SCF equations ... done (0.00 s)
alpha: HOMO-LUMO gap is -548.16 eV. Energies of lowest lying states:
   -20.274638    -18.624715*    -1.168614*    -0.928878*    -0.719973*
    -0.603806*    -0.541549*    -0.485779*    -0.346463*    -0.273878*
    -0.130171*    -0.068275     -0.031904      0.010030      0.028322 
     0.039501      0.041147      0.086104      0.090452      0.100141 
beta:  HOMO-LUMO gap is    4.66 eV. Energies of lowest lying states:
   -21.714754*   -18.624458*    -1.211574*    -0.928360*    -0.742750*
    -0.635564*    -0.575088*    -0.487768*    -0.346263*    -0.273499*
    -0.102172     -0.042813     -0.027945      0.022135      0.036264 

Dipole:	x		y		z		dipole change
	-0.09278859	 0.30714235	 0.83113925	 8.127978e-05
Energy:	electronic	total		virial		energy change
	-168.73294274	-132.23007064	 1.02526106	-1.81659e-07
	kinetic		nuclear		Coulomb		XC
	 128.97209849	-386.04435722	 104.48614158	-16.14682558
Errors:	Max dens	RMS dens	DIIS
alpha	9.110743e-05	4.515989e-06	3.846329e-05
beta	1.387757e-05	6.910637e-07

Iteration took 0.17 s.

 ******* Iteration    9 ********
Forming HF Coulomb matrix ... done (0.05 s)
Computing DFT exchange and correlation ... done (0.11 s)
Numerically integrated density is 19.99996 (+4.9998 %).
Warning - numerically integrated density seems inaccurate.
ADIIS weights
 4.94e-15  3.27e-16  6.26e-15  2.41e-18  6.72e-13  1.76e-09  2.49e-03  4.08e-01  5.90e-01 
CDIIS weights
 3.38e-06  2.28e-07 -2.36e-04 -5.59e-04  5.31e-03  1.54e-02  1.50e-01  3.49e-01  4.81e-01 
 DIIS weights
 3.38e-06  2.28e-07 -2.36e-04 -5.59e-04  5.31e-03  1.54e-02  1.50e-01  3.49e-01  4.81e-01 

Solving SCF equations ... done (0.00 s)
alpha: HOMO-LUMO gap is -548.16 eV. Energies of lowest lying states:
   -20.274637    -18.624715*    -1.168618*    -0.928878*    -0.719976*
    -0.603808*    -0.541552*    -0.485779*    -0.346463*    -0.273878*
    -0.130174*    -0.068278     -0.031903      0.010028      0.028322 
     0.039500      0.041145      0.086103      0.090451      0.100139 
beta:  HOMO-LUMO gap is    4.66 eV. Energies of lowest lying states:
   -21.714761*   -18.624457*    -1.211581*    -0.928360*    -0.742756*
    -0.635569*    -0.575094*    -0.487768*    -0.346262*    -0.273499*
    -0.102175     -0.042815     -0.027945      0.022134      0.036264 

Dipole:	x		y		z		dipole change
	-0.09280036	 0.30753278	 0.83101662	 2.152011e-05
Energy:	electronic	total		virial		energy change
	-168.73294275	-132.23007065	 1.02526018	-7.58325e-09
	kinetic		nuclear		Coulomb		XC
	 128.97220907	-386.04461524	 104.48630979	-16.14684637
Errors:	Max dens	RMS dens	DIIS
alpha	2.970744e-05	1.457693e-06	1.812580e-05
beta	4.621297e-06	2.219360e-07

Iteration took 0.18 s.

 ******* Convergence achieved ********
Dipole moment is (-0.235875,0.781670,2.112233) D, |mu|=2.264547 D.
Solution of UDFT took 1.94 s.
alpha: HOMO-LUMO gap is -548.16 eV. Energies of lowest lying states:
   -20.274637    -18.624715*    -1.168618*    -0.928878*    -0.719976*
    -0.603808*    -0.541552*    -0.485779*    -0.346463*    -0.273878*
    -0.130174*    -0.068278     -0.031903      0.010028      0.028322 
     0.039500      0.041145      0.086103      0.090451      0.100139 
beta:  HOMO-LUMO gap is    4.66 eV. Energies of lowest lying states:
   -21.714761*   -18.624457*    -1.211581*    -0.928360*    -0.742756*
    -0.635569*    -0.575094*    -0.487768*    -0.346262*    -0.273499*
    -0.102175     -0.042815     -0.027945      0.022134      0.036264 

A pure exchange functional used, no exact exchange.
	atom  Npoints      Nfuncs  t
	   2     7888      478049  0.46 s
	   3     7696      466580  0.65 s
	   4     9162      567674  0.66 s
	   1     9126      583061  0.87 s
	   5     7528      441271  0.41 s
	   6     8420      557948  0.55 s
DFT XC grid constructed in 1.20 s.

 ******* Iteration    1 ********
Forming HF Coulomb matrix ... done (0.05 s)
Computing DFT exchange and correlation ... done (0.30 s)
Numerically integrated density is 20.00000 (+5.0000 %).
Warning - numerically integrated density seems inaccurate.
ADIIS weights
 1.00e+00 
CDIIS weights
 1.00e+00 
 DIIS weights
 1.00e+00 

Solving SCF equations ... done (0.00 s)
alpha: HOMO-LUMO gap is -548.16 eV. Energies of lowest lying states:
   -20.274631    -18.624713*    -1.168626*    -0.928883*    -0.719988*
    -0.603806*    -0.541547*    -0.485783*    -0.346460*    -0.273875*
    -0.130175*    -0.068279     -0.031900      0.010046      0.028323 
     0.039513      0.041130      0.086115      0.090451      0.100151 
beta:  HOMO-LUMO gap is    4.66 eV. Energies of lowest lying states:
   -21.714763*   -18.624456*    -1.211591*    -0.928364*    -0.742770*
    -0.635571*    -0.575092*    -0.487773*    -0.346260*    -0.273496*
    -0.102175     -0.042815     -0.027942      0.022147      0.036265 

Dipole:	x		y		z		dipole change
	-0.09280858	 0.30755822	 0.83095775	 8.908963e-01
Energy:	electronic	total		virial		energy change
	-168.73299662	-132.23012452	 1.02526045	-132.23
	kinetic		nuclear		Coulomb		XC
	 128.97222790	-386.04466075	 104.48634061	-16.14690437
Errors:	Max dens	RMS dens	DIIS
alpha	7.843465e-05	6.879426e-06	1.710887e-05
beta	2.274863e-05	1.441089e-06

Iteration took 0.36 s.

 ******* Iteration    2 ********
Forming HF Coulomb matrix ... done (0.05 s)
Computing DFT exchange and correlation ... done (0.30 s)
Numerically integrated density is 20.00000 (+5.0000 %).
Warning - numerically integrated density seems inaccurate.
ADIIS weights
 6.36e-03  9.94e-01 
CDIIS weights
 2.54e-01  7.46e-01 
 DIIS weights
 2.54e-01  7.46e-01 

Solving SCF equations ... done (0.00 s)
alpha: HOMO-LUMO gap is -548.16 eV. Energies of lowest lying states:
   -20.274595    -18.624699*    -1.168611*    -0.928877*    -0.719973*
    -0.603792*    -0.541532*    -0.485778*    -0.346456*    -0.273870*
    -0.130172*    -0.068276     -0.031898      0.010049      0.028325 
     0.039515      0.041131      0.086117      0.090452      0.100153 
beta:  HOMO-LUMO gap is    4.66 eV. Energies of lowest lying states:
   -21.714725*   -18.624441*    -1.211575*    -0.928359*    -0.742755*
    -0.635556*    -0.575076*    -0.487768*    -0.346255*    -0.273491*
    -0.102172     -0.042812     -0.027941      0.022148      0.036268 

Dipole:	x		y		z		dipole change
	-0.09278597	 0.30757671	 0.83096135	 7.384722e-06
Energy:	electronic	total		virial		energy change
	-168.73299662	-132.23012452	 1.02525777	-1.91707e-09
	kinetic		nuclear		Coulomb		XC
	 128.97256462	-386.04527386	 104.48666085	-16.14694823
Errors:	Max dens	RMS dens	DIIS
alpha	1.149376e-05	5.050186e-07	1.740129e-05
beta	1.052869e-05	3.128345e-07

Iteration took 0.36 s.

 ******* Iteration    3 ********
Forming HF Coulomb matrix ... done (0.05 s)
Computing DFT exchange and correlation ... done (0.29 s)
Numerically integrated density is 20.00000 (+5.0000 %).
Warning - numerically integrated density seems inaccurate.
ADIIS weights
 1.20e-03  5.41e-01  4.57e-01 
CDIIS weights
 1.80e-02  4.89e-01  4.93e-01 
 DIIS weights
 1.80e-02  4.89e-01  4.93e-01 

Solving SCF equations ... done (0.00 s)
alpha: HOMO-LUMO gap is -548.16 eV. Energies of lowest lying states:
   -20.274611    -18.624709*    -1.168618*    -0.928882*    -0.719980*
    -0.603799*    -0.541539*    -0.485782*    -0.346461*    -0.273875*
    -0.130174*    -0.068278     -0.031899      0.010048      0.028325 
     0.039513      0.041130      0.086116      0.090451      0.100153 
beta:  HOMO-LUMO gap is    4.66 eV. Energies of lowest lying states:
   -21.714743*   -18.624451*    -1.211583*    -0.928363*    -0.742762*
    -0.635564*    -0.575084*    -0.487772*    -0.346260*    -0.273495*
    -0.102174     -0.042813     -0.027942      0.022148      0.036267 

Dipole:	x		y		z		dipole change
	-0.09280145	 0.30757657	 0.83096518	 5.137649e-06
Energy:	electronic	total		virial		energy change
	-168.73299662	-132.23012452	 1.02526091	-3.16049e-11
	kinetic		nuclear		Coulomb		XC
	 128.97216958	-386.04449813	 104.48622451	-16.14689258
Errors:	Max dens	RMS dens	DIIS
alpha	4.976155e-06	2.464869e-07	1.596702e-05
beta	5.379808e-06	1.675326e-07

Iteration took 0.35 s.

 ******* Iteration    4 ********
Forming HF Coulomb matrix ... done (0.05 s)
Computing DFT exchange and correlation ... done (0.29 s)
Numerically integrated density is 20.00000 (+5.0000 %).
Warning - numerically integrated density seems inaccurate.
ADIIS weights
 3.18e-06  3.36e-01  2.98e-01  3.66e-01 
CDIIS weights
 7.01e-03  2.29e-01  2.44e-01  5.20e-01 
 DIIS weights
 7.01e-03  2.29e-01  2.44e-01  5.20e-01 

Solving SCF equations ... done (0.00 s)
alpha: HOMO-LUMO gap is -548.16 eV. Energies of lowest lying states:
   -20.274612    -18.624707*    -1.168618*    -0.928881*    -0.719980*
    -0.603800*    -0.541540*    -0.485782*    -0.346460*    -0.273874*
    -0.130174*    -0.068278     -0.031899      0.010048      0.028325 
     0.039513      0.041130      0.086116      0.090452      0.100153 
beta:  HOMO-LUMO gap is    4.66 eV. Energies of lowest lying states:
   -21.714744*   -18.624449*    -1.211583*    -0.928362*    -0.742762*
    -0.635564*    -0.575085*    -0.487771*    -0.346259*    -0.273494*
    -0.102174     -0.042813     -0.027942      0.022148      0.036267 

Dipole:	x		y		z		dipole change
	-0.09279891	 0.30757487	 0.83095982	-5.849592e-06
Energy:	electronic	total		virial		energy change
	-168.73299662	-132.23012452	 1.02525925	-4.06658e-10
	kinetic		nuclear		Coulomb		XC
	 128.97237922	-386.04491560	 104.48646254	-16.14692278
Errors:	Max dens	RMS dens	DIIS
alpha	8.006869e-07	4.084634e-08	1.890481e-06
beta	8.144950e-07	2.686926e-08

Iteration took 0.35 s.

 ******* Convergence achieved ********
Dipole moment is (-0.235871,0.781777,2.112089) D, |mu|=2.264449 D.
Solution of UDFT took 2.63 s.

Absolute energy correction: first peak should be at 531.69 eV.



Running program took 5.37 s.
Current time is Fri 06 Feb 2015 06:00:18.
