
Current Settings used by ERKALE:
     AtomGuess      	                Auto	Method used for atomic guess (Auto for same as method)
     AugChk         	  erkale_xrs_aug.chk	Save augmented calculation to file (if applicable)
     Basis          	         aug-cc-pVDZ	Basis set used in calculation
     BasisCutoff    	           1.000e-08	Cutoff for dropping out small primitives from contraction
     BasisOrth      	                Auto	Method of orthonormalization of basis set
     BasisRotate    	                true	Rotate basis set to remove redundant functions?
     C1-DIIS        	               false	Use older version of DIIS (C1-DIIS instead of C2-DIIS)?
     Charge         	                   0	Total charge of system
     DFTDelta       	           1.000e+02	Switch to final DFT grid, relative to deltaE and deltaP
     DFTDirect      	               false	Save memory by not storing values of basis functions in memory
     DFTFinalTol    	           1.000e-05	Tolerance of final DFT grid
     DFTGrid        	                Auto	DFT integration grid to use: nrad lmax or Auto for adaptive
     DFTInitialTol  	           1.000e-04	Tolerance of initial DFT grid
     DFTLobatto     	               false	Use Lobatto quadrature instead of Lebedev quadrature?
     DIISEps        	           1.000e-01	Start mixing in DIIS when error is
     DIISOrder      	                  10	How many DIIS iterations to keep in memory?
     DIISThr        	           1.000e-02	DIIS error threshold for DIIS updates
     DecFock        	               false	Use decontracted basis to calculate Fock matrix (direct HF)
     Decontract     	                    	Indices of atoms to decontract basis set for
     DeltaEmax      	           1.000e-06	Maximum allowed change of energy
     DeltaPmax      	           1.000e-05	Maximum allowed maximum difference of density matrix
     DeltaPrms      	           1.000e-06	Maximum allowed RMS difference of density matrix
     DensityFitting 	                true	Use density fitting / RI?
     Direct         	                true	Calculate two-electron integrals (or density fitting) on-the-fly?
     EField         	         0.0 0.0 0.0	Electric field
     FittingBasis   	                Auto	Basis to use for density fitting / RI (Auto for automatic)
     FittingMemory  	                1000	Amount of memory in MB to use for exchange fitting
     FittingThreshold	           1.000e-08	Linear dependence threshold for Coulomb integrals in density fitting
     Guess          	              Atomic	Used guess: atomic (default), core, or GWH
     LineSearch     	               false	Do line search in level shift (EXPENSIVE!)
     LoadChk        	   water_cluster.chk	Initialize with ground state calculation from file
     Logfile        	water_cluster_fch.log	File to print out full information, stdout for screen
     MaxIter        	                 100	Maximum number of iterations in SCF cycle
     Method         	 gga_x_pbe-gga_c_pbe	Method used in calculation (HF or a DFT functional)
     Multiplicity   	                   1	Spin multiplicity
     Occupancies    	                    	Orbital occupancies
     PZ             	                  No	Perform Perdew-Zunger self-interaction correction? No, Pert, Full, OldFull, Real, Can, CanPert
     PZEmax         	           1.000e-06	Threshold for energy change in unitary optimization
     PZHam          	                Symm	Hamiltonian to use in PZ-SIC: Symm, United
     PZKmax         	           1.000e-03	Threshold for kappa max in unitary optimization
     PZKrms         	           1.000e-04	Threshold for kappa rms in unitary optimization
     PZdEmax        	           1.000e-05	Tolerance threshold for energy convergence
     PZdPmax        	           1.000e-05	Tolerance threshold for density convergence
     PZdPrms        	           1.000e-06	Tolerance threshold for density convergence
     PZiter         	                  20	Max number of iterations in self-consistency iteration
     PZloc          	                true	Initial localization before SIC calculation?
     PZmode         	              CoulXC	Mode to use PZ-SIC in. Coul, CoulX, CoulC, CoulXC
     PZseed         	                   0	Seed number for randomized matrices?
     PZstab         	                   0	Stability analysis for PZ-SIC? 0 for no, 1 for oo block, 2 for full analysis
     PZstabFz       	                    	Orbitals to freeze for stability analysis (only oo!)
     PZunit         	                  10	Max number of iterations in unitary optimization
     PZw            	           1.000e+00	Weight for Perdew-Zunger self-interaction correction
     SaveChk        	water_cluster_fch.chk	Try initializing with and save results to file
     ShPairThr      	           1.000e-14	Threshold for shell pair screening, (ij|ij)<thr
     Shift          	           0.000e+00	Level shift to use in Hartree
     StrictIntegrals	               false	Use strict integrals?
     System         	water_cluster_xrs.xyz	System as an xyz file
     UseADIIS       	                true	Use ADIIS for Fock matrix interpolation?
     UseBroyden     	               false	Use Broyden mixing of Fock matrices?
     UseDIIS        	                true	Use Pulay's Direct Inversion in the Iterative Subspace?
     UseLM          	                true	Use a spherical harmonics basis set by default?
     UseTRDSM       	               false	Use Trust-Region DSM?
     UseTRRH        	               false	Use Trust-Region Roothaan-Hall?
     Verbose        	                true	Verbose calculation?
     XRSAugment     	                    	Which atoms to augment with diffuse functions? E.g. 1,3:5,10
     XRSDoubleBasis 	              X-AUTO	The augmentation basis to use for double-basis set calculations
     XRSGridTol     	           1.000e-04	DFT grid tolerance in double basis set calculation
     XRSInitialOrbital	                   1	Index of orbital in state to excite
     XRSInitialState	                  1s	Initial atomic state to excite
     XRSLmax        	                   5	Local: expand orbitals up to Lmax
     XRSLquad       	                  30	Local: perform angular expansion using quadrature of Lquad order
     XRSMethod      	                 FCH	Which kind of calculation to perform: TP, XCH or FCH
     XRSNrad        	                 200	Local: how many point to use in radial integration
     XRSQMethod     	             Fourier	Method of computing momentum transfer matrix: Local, Fourier or Series
     XRSQval        	                    	List or range of Q values to compute
     XRSSpin        	               false	Spin to excite (false for alpha, true for beta)

Basis set aug-cc-pVDZ found in file aug-cc-pVDZ.gbs in /usr/share/erkale/basis/.
Initializing with ground-state calculation from water_cluster.chk.

Localizing 2 orbitals on center 1.
	sh i       occ  R [Å]
	1s 1* 0.999989  0.028
	2s 1  0.984459  0.961

There are 76 shells and 12 nuclei in the basis set.

List of nuclei, geometry in Ångström with three decimal places:
		 Z	    x	    y	    z
1	O	 8	  1.300	 -0.680	 -0.110
2	H	 1	  0.890	 -1.420	  0.420
3	H	 1	  1.940	 -0.170	  0.470
4	O	 8	  0.270	 -2.660	  1.170
5	H	 1	  0.080	 -3.620	  1.380
6	H	 1	 -0.060	 -2.080	  1.920
7	O	 8	  1.300	 -0.410	 -2.910
8	H	 1	  1.200	 -0.560	 -1.920
9	H	 1	  0.440	 -0.050	 -3.270
10	O	 8	  2.970	  0.350	  1.710
11	H	 1	  3.460	  1.190	  1.500
12	H	 1	  3.590	 -0.300	  2.160

List of basis functions:
Shell    1	S cart shell at nucleus   1 with with basis functions    1-1   
Shell    2	S cart shell at nucleus   1 with with basis functions    2-2   
Shell    3	S cart shell at nucleus   1 with with basis functions    3-3   
Shell    4	S cart shell at nucleus   1 with with basis functions    4-4   
Shell    5	P cart shell at nucleus   1 with with basis functions    5-7   
Shell    6	P cart shell at nucleus   1 with with basis functions    8-10  
Shell    7	P cart shell at nucleus   1 with with basis functions   11-13  
Shell    8	D  sph shell at nucleus   1 with with basis functions   14-18  
Shell    9	D  sph shell at nucleus   1 with with basis functions   19-23  
Shell   10	S cart shell at nucleus   2 with with basis functions   24-24  
Shell   11	S cart shell at nucleus   2 with with basis functions   25-25  
Shell   12	S cart shell at nucleus   2 with with basis functions   26-26  
Shell   13	P cart shell at nucleus   2 with with basis functions   27-29  
Shell   14	P cart shell at nucleus   2 with with basis functions   30-32  
Shell   15	S cart shell at nucleus   3 with with basis functions   33-33  
Shell   16	S cart shell at nucleus   3 with with basis functions   34-34  
Shell   17	S cart shell at nucleus   3 with with basis functions   35-35  
Shell   18	P cart shell at nucleus   3 with with basis functions   36-38  
Shell   19	P cart shell at nucleus   3 with with basis functions   39-41  
Shell   20	S cart shell at nucleus   4 with with basis functions   42-42  
Shell   21	S cart shell at nucleus   4 with with basis functions   43-43  
Shell   22	S cart shell at nucleus   4 with with basis functions   44-44  
Shell   23	S cart shell at nucleus   4 with with basis functions   45-45  
Shell   24	P cart shell at nucleus   4 with with basis functions   46-48  
Shell   25	P cart shell at nucleus   4 with with basis functions   49-51  
Shell   26	P cart shell at nucleus   4 with with basis functions   52-54  
Shell   27	D  sph shell at nucleus   4 with with basis functions   55-59  
Shell   28	D  sph shell at nucleus   4 with with basis functions   60-64  
Shell   29	S cart shell at nucleus   5 with with basis functions   65-65  
Shell   30	S cart shell at nucleus   5 with with basis functions   66-66  
Shell   31	S cart shell at nucleus   5 with with basis functions   67-67  
Shell   32	P cart shell at nucleus   5 with with basis functions   68-70  
Shell   33	P cart shell at nucleus   5 with with basis functions   71-73  
Shell   34	S cart shell at nucleus   6 with with basis functions   74-74  
Shell   35	S cart shell at nucleus   6 with with basis functions   75-75  
Shell   36	S cart shell at nucleus   6 with with basis functions   76-76  
Shell   37	P cart shell at nucleus   6 with with basis functions   77-79  
Shell   38	P cart shell at nucleus   6 with with basis functions   80-82  
Shell   39	S cart shell at nucleus   7 with with basis functions   83-83  
Shell   40	S cart shell at nucleus   7 with with basis functions   84-84  
Shell   41	S cart shell at nucleus   7 with with basis functions   85-85  
Shell   42	S cart shell at nucleus   7 with with basis functions   86-86  
Shell   43	P cart shell at nucleus   7 with with basis functions   87-89  
Shell   44	P cart shell at nucleus   7 with with basis functions   90-92  
Shell   45	P cart shell at nucleus   7 with with basis functions   93-95  
Shell   46	D  sph shell at nucleus   7 with with basis functions   96-100 
Shell   47	D  sph shell at nucleus   7 with with basis functions  101-105 
Shell   48	S cart shell at nucleus   8 with with basis functions  106-106 
Shell   49	S cart shell at nucleus   8 with with basis functions  107-107 
Shell   50	S cart shell at nucleus   8 with with basis functions  108-108 
Shell   51	P cart shell at nucleus   8 with with basis functions  109-111 
Shell   52	P cart shell at nucleus   8 with with basis functions  112-114 
Shell   53	S cart shell at nucleus   9 with with basis functions  115-115 
Shell   54	S cart shell at nucleus   9 with with basis functions  116-116 
Shell   55	S cart shell at nucleus   9 with with basis functions  117-117 
Shell   56	P cart shell at nucleus   9 with with basis functions  118-120 
Shell   57	P cart shell at nucleus   9 with with basis functions  121-123 
Shell   58	S cart shell at nucleus  10 with with basis functions  124-124 
Shell   59	S cart shell at nucleus  10 with with basis functions  125-125 
Shell   60	S cart shell at nucleus  10 with with basis functions  126-126 
Shell   61	S cart shell at nucleus  10 with with basis functions  127-127 
Shell   62	P cart shell at nucleus  10 with with basis functions  128-130 
Shell   63	P cart shell at nucleus  10 with with basis functions  131-133 
Shell   64	P cart shell at nucleus  10 with with basis functions  134-136 
Shell   65	D  sph shell at nucleus  10 with with basis functions  137-141 
Shell   66	D  sph shell at nucleus  10 with with basis functions  142-146 
Shell   67	S cart shell at nucleus  11 with with basis functions  147-147 
Shell   68	S cart shell at nucleus  11 with with basis functions  148-148 
Shell   69	S cart shell at nucleus  11 with with basis functions  149-149 
Shell   70	P cart shell at nucleus  11 with with basis functions  150-152 
Shell   71	P cart shell at nucleus  11 with with basis functions  153-155 
Shell   72	S cart shell at nucleus  12 with with basis functions  156-156 
Shell   73	S cart shell at nucleus  12 with with basis functions  157-157 
Shell   74	S cart shell at nucleus  12 with with basis functions  158-158 
Shell   75	P cart shell at nucleus  12 with with basis functions  159-161 
Shell   76	P cart shell at nucleus  12 with with basis functions  162-164 

Basis set contains 164 functions, maximum angular momentum is 2.
Spherical harmonic Gaussians are used by default, there are 172 cartesians.

Forming overlap matrix ... done (0.00 s)
Forming kinetic energy matrix ... done (0.00 s)
Forming nuclear attraction matrix ... done (0.02 s)

Smallest eigenvalue of overlap matrix is 1.16e-03, ratio to largest is 1.17e-04.
Using symmetric orthogonalization.
Basis set diagonalized in 0.00 s.

Initializing density fitting calculation, requiring 4 Mi 118 ki memory ... done (0.18 s)
Auxiliary basis contains 516 functions.

Initialization of computation done in 0.22 s.

alpha: HOMO-LUMO gap is -491.74 eV. Energies of lowest lying states:
   -18.716965     -0.831556*    -0.230208*    -0.418493*    -0.362439*
    -0.725062*    -0.668694*    -0.687254*   -18.695648*   -18.682376*
    -0.299241*    -0.518316*   -18.631605*    -0.324508*    -0.205646*
    -0.514740*    -0.310316*    -0.726333*    -0.749491*    -0.645928*
    -0.061909     -0.045512      0.001259      0.003746      0.008272 
beta:  HOMO-LUMO gap is    3.86 eV. Energies of lowest lying states:
   -18.816984*   -18.816975*   -18.726974*   -18.718357*    -0.955282*
    -0.953128*    -0.870712*    -0.851310*    -0.522240*    -0.514590*
    -0.455855*    -0.421581*    -0.389442*    -0.350999*    -0.306425*
    -0.298185*    -0.290274*    -0.259146*    -0.222576*    -0.203784*
    -0.061909     -0.045512      0.001259      0.003746      0.008272 

A pure exchange functional used, no exact exchange.
	atom  Npoints      Nfuncs  t
	   2     3646      444620  2.23 s
	   1     4360      532843  2.70 s
	   4     4224      456043  3.08 s
	   5     2958      277864  1.02 s
	   3     3670      441584  3.30 s
	   6     3366      348200  1.50 s
	   7     3788      372722  1.51 s
	   9     3162      285694  1.80 s
	  11     3306      316478  1.25 s
	  10     4056      434468  1.96 s
	   8     3514      389544  3.08 s
	  12     3474      342938  1.98 s
DFT XC grid constructed in 7.08 s.

 ******* Iteration    1 ********
Forming density fitted Coulomb matrix ... done (1.29 s)
Computing DFT exchange and correlation ... done (2.00 s)
Numerically integrated density is 38.99992 (-0.0002 %).
ADIIS weights
 1.00e+00 
CDIIS weights
 1.00e+00 
 DIIS weights
 1.00e+00 

Solving SCF equations ... done (0.01 s)
alpha: HOMO-LUMO gap is -581.63 eV. Energies of lowest lying states:
   -21.765799    -19.022655*   -19.014705*   -18.906461*    -1.976830*
    -1.514774*    -1.450974*    -1.411515*    -1.150656*    -1.141699*
    -1.049709*    -0.716111*    -0.698039*    -0.621660*    -0.618614*
    -0.610414*    -0.502183*    -0.499325*    -0.462989*    -0.391321*
    -0.352616     -0.319723     -0.204403     -0.193889     -0.188678 
beta:  HOMO-LUMO gap is    0.83 eV. Energies of lowest lying states:
   -23.466134*   -19.022655*   -19.014705*   -18.906461*    -2.027037*
    -1.562629*    -1.497410*    -1.455020*    -1.150782*    -1.141765*
    -1.049770*    -0.716555*    -0.698042*    -0.622754*    -0.619302*
    -0.612188*    -0.502691*    -0.499348*    -0.463125*    -0.391352*
    -0.360804     -0.330063     -0.207884     -0.196373     -0.190114 

Dipole:	x		y		z		dipole change
	 3.15151165	-2.24669882	 3.95439364	 5.533255e+00
Energy:	electronic	total		virial		energy change
	-413.55209786	-284.92425204	 1.04020707	-284.924
	kinetic		nuclear		Coulomb		XC
	 273.91109078	-911.04607630	 257.91148826	-34.32860060
Errors:	Max dens	RMS dens	DIIS
alpha	5.298604e-01	8.934945e-03	7.260687e-01
beta	5.708438e-01	1.040967e-02

Iteration took 3.32 s.

 ******* Iteration    2 ********
Forming density fitted Coulomb matrix ... done (1.28 s)
Computing DFT exchange and correlation ... done (1.99 s)
Numerically integrated density is 38.99998 (-0.0001 %).
ADIIS weights
 5.86e-01  4.14e-01 
CDIIS weights
 5.18e-01  4.82e-01 
 DIIS weights
 5.86e-01  4.14e-01 

Solving SCF equations ... done (0.01 s)
alpha: HOMO-LUMO gap is -549.35 eV. Energies of lowest lying states:
   -20.578707    -19.113733*   -19.084610*   -18.936473*    -1.396956*
    -1.196379*    -1.183415*    -1.044913*    -0.932565*    -0.829853*
    -0.768922*    -0.745703*    -0.739174*    -0.632066*    -0.623848*
    -0.601687*    -0.545560*    -0.526972*    -0.459993*    -0.390491*
    -0.252466     -0.216354     -0.166893     -0.150797     -0.142264 
beta:  HOMO-LUMO gap is    3.63 eV. Energies of lowest lying states:
   -22.193171*   -19.113604*   -19.084518*   -18.936450*    -1.439473*
    -1.196149*    -1.183397*    -1.044916*    -0.959241*    -0.859555*
    -0.799801*    -0.745635*    -0.739947*    -0.632971*    -0.624978*
    -0.602377*    -0.545449*    -0.526893*    -0.460101*    -0.390449*
    -0.257045     -0.218827     -0.170576     -0.151821     -0.142491 

Dipole:	x		y		z		dipole change
	 2.67897322	-1.84889909	 3.03239408	-1.084577e+00
Energy:	electronic	total		virial		energy change
	-413.21406555	-284.58621973	 0.99337291	 0.338032
	kinetic		nuclear		Coulomb		XC
	 286.48478019	-934.04814037	 270.20052581	-35.85123118
Errors:	Max dens	RMS dens	DIIS
alpha	2.788182e-01	5.339477e-03	8.124005e-01
beta	2.777653e-01	5.755495e-03

Iteration took 3.30 s.

 ******* Iteration    3 ********
Forming density fitted Coulomb matrix ... done (1.18 s)
Computing DFT exchange and correlation ... done (2.02 s)
Numerically integrated density is 38.99997 (-0.0001 %).
ADIIS weights
 5.07e-16  1.90e-16  1.00e+00 
CDIIS weights
 1.58e-01  4.26e-02  7.99e-01 
 DIIS weights
 5.07e-16  1.90e-16  1.00e+00 

Solving SCF equations ... done (0.01 s)
alpha: HOMO-LUMO gap is -542.11 eV. Energies of lowest lying states:
   -20.256218    -18.891748*   -18.829025*   -18.799239*    -1.250246*
    -1.102378*    -1.073308*    -0.988853*    -0.805563*    -0.689941*
    -0.664852*    -0.646960*    -0.603788*    -0.555369*    -0.540060*
    -0.515446*    -0.445522*    -0.424555*    -0.404400*    -0.333882*
    -0.220557     -0.184676     -0.137498     -0.128107     -0.114814 
beta:  HOMO-LUMO gap is    3.01 eV. Energies of lowest lying states:
   -21.821317*   -18.891621*   -18.828885*   -18.799198*    -1.290686*
    -1.102478*    -1.073241*    -0.988804*    -0.825356*    -0.709253*
    -0.670595*    -0.647035*    -0.630977*    -0.556641*    -0.542786*
    -0.517758*    -0.445472*    -0.424891*    -0.404672*    -0.333857*
    -0.223251     -0.186187     -0.139144     -0.128440     -0.114948 

Dipole:	x		y		z		dipole change
	 2.69537533	-1.86187049	 2.58666494	-2.746581e-01
Energy:	electronic	total		virial		energy change
	-414.21836479	-285.59051897	 1.00919505	-1.0043
	kinetic		nuclear		Coulomb		XC
	 282.98842671	-929.14332212	 267.48781739	-35.55128678
Errors:	Max dens	RMS dens	DIIS
alpha	1.001610e-01	2.280523e-03	1.208321e-01
beta	9.715864e-02	2.279401e-03

Iteration took 3.22 s.

 ******* Iteration    4 ********
Forming density fitted Coulomb matrix ... done (1.14 s)
Computing DFT exchange and correlation ... done (1.86 s)
Numerically integrated density is 38.99995 (-0.0001 %).
ADIIS weights
 1.10e-16  6.98e-18  7.18e-01  2.82e-01 
CDIIS weights
 9.35e-03 -1.43e-02  6.60e-01  3.45e-01 
 DIIS weights
 1.10e-16  6.98e-18  7.18e-01  2.82e-01 

Solving SCF equations ... done (0.01 s)
alpha: HOMO-LUMO gap is -545.00 eV. Energies of lowest lying states:
   -20.395867    -18.994709*   -18.987474*   -18.880860*    -1.306083*
    -1.141683*    -1.135178*    -1.022419*    -0.853859*    -0.740485*
    -0.701288*    -0.694878*    -0.665607*    -0.586451*    -0.577840*
    -0.571831*    -0.486115*    -0.485183*    -0.437418*    -0.367636*
    -0.233617     -0.197975     -0.150125     -0.137487     -0.126233 
beta:  HOMO-LUMO gap is    3.56 eV. Energies of lowest lying states:
   -21.969864*   -18.994574*   -18.987317*   -18.880812*    -1.348628*
    -1.141693*    -1.135069*    -1.022354*    -0.877316*    -0.766704*
    -0.703962*    -0.696661*    -0.693636*    -0.587075*    -0.579919*
    -0.573872*    -0.486163*    -0.485219*    -0.437592*    -0.367601*
    -0.236828     -0.199750     -0.152238     -0.137890     -0.126278 

Dipole:	x		y		z		dipole change
	 2.68551195	-1.85284447	 2.80751492	 1.302970e-01
Energy:	electronic	total		virial		energy change
	-414.13241728	-285.50457146	 1.03543709	 0.0859475
	kinetic		nuclear		Coulomb		XC
	 275.73338179	-914.26790651	 258.88858181	-34.48647437
Errors:	Max dens	RMS dens	DIIS
alpha	4.591881e-02	1.144922e-03	1.881633e-01
beta	4.612969e-02	1.165132e-03

Iteration took 3.02 s.

 ******* Iteration    5 ********
Forming density fitted Coulomb matrix ... done (1.13 s)
Computing DFT exchange and correlation ... done (1.87 s)
Numerically integrated density is 38.99996 (-0.0001 %).
ADIIS weights
 5.67e-18  6.47e-16  1.21e-01  2.30e-14  8.79e-01 
CDIIS weights
-7.25e-03  5.45e-03  2.84e-01  4.00e-02  6.78e-01 
 DIIS weights
-3.65e-03  2.74e-03  2.03e-01  2.01e-02  7.78e-01 

Solving SCF equations ... done (0.01 s)
alpha: HOMO-LUMO gap is -547.22 eV. Energies of lowest lying states:
   -20.484650    -19.028228*   -19.026638*   -18.898180*    -1.340849*
    -1.153978*    -1.149690*    -1.029526*    -0.884053*    -0.774154*
    -0.713424*    -0.707048*    -0.703812*    -0.596271*    -0.588956*
    -0.584880*    -0.500254*    -0.497904*    -0.444608*    -0.374809*
    -0.238528     -0.202343     -0.154832     -0.140647     -0.129363 
beta:  HOMO-LUMO gap is    3.61 eV. Energies of lowest lying states:
   -22.065079*   -19.028083*   -19.026468*   -18.898126*    -1.385000*
    -1.153944*    -1.149549*    -1.029458*    -0.910234*    -0.803847*
    -0.737937*    -0.713832*    -0.706056*    -0.597134*    -0.590221*
    -0.586661*    -0.500337*    -0.497818*    -0.444741*    -0.374770*
    -0.241926     -0.204317     -0.157001     -0.141096     -0.129377 

Dipole:	x		y		z		dipole change
	 2.69608369	-1.85593537	 2.91182093	 7.655759e-02
Energy:	electronic	total		virial		energy change
	-414.25387503	-285.62602920	 1.02227799	-0.121458
	kinetic		nuclear		Coulomb		XC
	 279.40152474	-922.01433218	 263.39153636	-35.03260395
Errors:	Max dens	RMS dens	DIIS
alpha	2.594469e-02	4.351503e-04	5.470273e-02
beta	2.736304e-02	4.667447e-04

Iteration took 3.03 s.

 ******* Iteration    6 ********
Forming density fitted Coulomb matrix ... done (1.13 s)
Computing DFT exchange and correlation ... done (1.91 s)
Numerically integrated density is 38.99996 (-0.0001 %).
ADIIS weights
 3.77e-16  2.49e-16  4.46e-14  2.76e-14  1.75e-01  8.25e-01 
CDIIS weights
-1.87e-03  6.32e-04  7.27e-02  5.51e-03  4.08e-01  5.15e-01 
 DIIS weights
-1.58e-03  5.32e-04  6.11e-02  4.64e-03  3.71e-01  5.65e-01 

Solving SCF equations ... done (0.01 s)
alpha: HOMO-LUMO gap is -546.42 eV. Energies of lowest lying states:
   -20.453178    -19.015565*   -19.014714*   -18.893980*    -1.327862*
    -1.148958*    -1.145596*    -1.027403*    -0.872577*    -0.761235*
    -0.708619*    -0.703276*    -0.690204*    -0.592464*    -0.584955*
    -0.581142*    -0.496037*    -0.492686*    -0.442503*    -0.372730*
    -0.236764     -0.200954     -0.153097     -0.139478     -0.128521 
beta:  HOMO-LUMO gap is    3.61 eV. Energies of lowest lying states:
   -22.032321*   -19.015394*   -19.014569*   -18.893925*    -1.371677*
    -1.148922*    -1.145480*    -1.027330*    -0.897925*    -0.790007*
    -0.723072*    -0.709459*    -0.702905*    -0.593139*    -0.586572*
    -0.583066*    -0.496145*    -0.492602*    -0.442647*    -0.372691*
    -0.240033     -0.202821     -0.155212     -0.139887     -0.128538 

Dipole:	x		y		z		dipole change
	 2.68943988	-1.85511601	 2.87594163	-2.822249e-02
Energy:	electronic	total		virial		energy change
	-414.25841095	-285.63056512	 1.01752763	-0.00453592
	kinetic		nuclear		Coulomb		XC
	 280.71037726	-924.60691888	 264.85697556	-35.21884488
Errors:	Max dens	RMS dens	DIIS
alpha	9.138363e-03	1.521122e-04	2.430165e-02
beta	9.028977e-03	1.545210e-04

Iteration took 3.07 s.

 ******* Iteration    7 ********
Forming density fitted Coulomb matrix ... done (1.14 s)
Computing DFT exchange and correlation ... done (1.82 s)
Numerically integrated density is 38.99996 (-0.0001 %).
ADIIS weights
 6.37e-15  1.84e-17  9.22e-15  4.96e-14  1.43e-11  6.33e-10  1.00e+00 
CDIIS weights
-1.20e-04 -3.91e-04  1.28e-02 -7.53e-05  1.69e-01  3.71e-01  4.48e-01 
 DIIS weights
-1.20e-04 -3.91e-04  1.28e-02 -7.53e-05  1.69e-01  3.71e-01  4.48e-01 

Solving SCF equations ... done (0.01 s)
alpha: HOMO-LUMO gap is -546.50 eV. Energies of lowest lying states:
   -20.456144    -19.017529*   -19.016312*   -18.893612*    -1.329257*
    -1.150050*    -1.145888*    -1.027311*    -0.873862*    -0.762612*
    -0.709555*    -0.703506*    -0.691694*    -0.593030*    -0.585587*
    -0.581429*    -0.496366*    -0.493835*    -0.442396*    -0.372614*
    -0.237081     -0.201180     -0.153343     -0.139760     -0.128641 
beta:  HOMO-LUMO gap is    3.60 eV. Energies of lowest lying states:
   -22.035715*   -19.017383*   -19.016140*   -18.893555*    -1.373163*
    -1.150023*    -1.145763*    -1.027237*    -0.899314*    -0.791515*
    -0.724672*    -0.710394*    -0.703120*    -0.593792*    -0.587097*
    -0.583354*    -0.496469*    -0.493757*    -0.442539*    -0.372574*
    -0.240352     -0.203057     -0.155452     -0.140166     -0.128658 

Dipole:	x		y		z		dipole change
	 2.69066301	-1.85483120	 2.87897757	 2.640754e-03
Energy:	electronic	total		virial		energy change
	-414.25944037	-285.63159455	 1.01908783	-0.00102943
	kinetic		nuclear		Coulomb		XC
	 280.28162727	-923.75479802	 264.37176431	-35.15803392
Errors:	Max dens	RMS dens	DIIS
alpha	8.005494e-04	1.782805e-05	2.804461e-03
beta	9.181649e-04	1.962575e-05

Iteration took 2.98 s.

 ******* Iteration    8 ********
Forming density fitted Coulomb matrix ... done (1.09 s)
Computing DFT exchange and correlation ... done (1.49 s)
Numerically integrated density is 38.99996 (-0.0001 %).
ADIIS weights
 1.32e-15  1.14e-15  3.18e-13  2.02e-14  1.80e-13  6.03e-12  4.00e-10  1.00e+00 
CDIIS weights
-2.29e-05 -5.70e-05  6.79e-04 -1.44e-03  4.48e-02  1.08e-01  1.76e-01  6.72e-01 
 DIIS weights
-2.29e-05 -5.70e-05  6.79e-04 -1.44e-03  4.48e-02  1.08e-01  1.76e-01  6.72e-01 

Solving SCF equations ... done (0.01 s)
alpha: HOMO-LUMO gap is -546.50 eV. Energies of lowest lying states:
   -20.456078    -19.017406*   -19.016289*   -18.893821*    -1.329217*
    -1.150002*    -1.145876*    -1.027410*    -0.873834*    -0.762611*
    -0.709514*    -0.703494*    -0.691673*    -0.593021*    -0.585583*
    -0.581439*    -0.496362*    -0.493782*    -0.442489*    -0.372711*
    -0.237067     -0.201174     -0.153352     -0.139753     -0.128644 
beta:  HOMO-LUMO gap is    3.60 eV. Energies of lowest lying states:
   -22.035761*   -19.017260*   -19.016116*   -18.893764*    -1.373161*
    -1.149976*    -1.145752*    -1.027335*    -0.899313*    -0.791547*
    -0.724690*    -0.710356*    -0.703109*    -0.593772*    -0.587109*
    -0.583366*    -0.496466*    -0.493703*    -0.442632*    -0.372670*
    -0.240328     -0.203047     -0.155451     -0.140155     -0.128660 

Dipole:	x		y		z		dipole change
	 2.69051709	-1.85469458	 2.87901124	-1.260737e-04
Energy:	electronic	total		virial		energy change
	-414.25946019	-285.63161437	 1.01893352	-1.9823e-05
	kinetic		nuclear		Coulomb		XC
	 280.32409120	-923.84200129	 264.42249610	-35.16404620
Errors:	Max dens	RMS dens	DIIS
alpha	6.766888e-05	1.600015e-06	1.697052e-04
beta	7.160058e-05	1.867572e-06

Iteration took 2.62 s.

 ******* Iteration    9 ********
Forming density fitted Coulomb matrix ... done (1.11 s)
Computing DFT exchange and correlation ... done (2.00 s)
Numerically integrated density is 38.99996 (-0.0001 %).
ADIIS weights
 2.08e-14  1.13e-13  9.20e-13  2.77e-13  4.65e-11  2.55e-10  1.04e-09  4.42e-02  9.56e-01 
CDIIS weights
-2.84e-06 -1.31e-05 -1.11e-04 -7.18e-04  1.55e-02  3.87e-02  6.99e-02  3.34e-01  5.42e-01 
 DIIS weights
-2.84e-06 -1.31e-05 -1.11e-04 -7.18e-04  1.55e-02  3.87e-02  6.99e-02  3.34e-01  5.42e-01 

Solving SCF equations ... done (0.01 s)
alpha: HOMO-LUMO gap is -546.50 eV. Energies of lowest lying states:
   -20.456064    -19.017384*   -19.016351*   -18.893747*    -1.329223*
    -1.149995*    -1.145904*    -1.027384*    -0.873842*    -0.762615*
    -0.709506*    -0.703516*    -0.691678*    -0.593016*    -0.585575*
    -0.581451*    -0.496390*    -0.493775*    -0.442465*    -0.372684*
    -0.237073     -0.201178     -0.153357     -0.139753     -0.128649 
beta:  HOMO-LUMO gap is    3.60 eV. Energies of lowest lying states:
   -22.035785*   -19.017237*   -19.016178*   -18.893690*    -1.373182*
    -1.149968*    -1.145780*    -1.027309*    -0.899329*    -0.791563*
    -0.724708*    -0.710349*    -0.703131*    -0.593767*    -0.587102*
    -0.583381*    -0.496495*    -0.493696*    -0.442608*    -0.372644*
    -0.240330     -0.203050     -0.155453     -0.140155     -0.128664 

Dipole:	x		y		z		dipole change
	 2.69070346	-1.85479011	 2.87892880	 1.013239e-04
Energy:	electronic	total		virial		energy change
	-414.25946031	-285.63161448	 1.01892932	-1.11417e-07
	kinetic		nuclear		Coulomb		XC
	 280.32524736	-923.84414043	 264.42366183	-35.16422907
Errors:	Max dens	RMS dens	DIIS
alpha	2.433733e-05	6.399265e-07	5.084812e-05
beta	2.498167e-05	6.645310e-07

Iteration took 3.15 s.

 ******* Convergence achieved ********
Dipole moment is (6.839085,-4.714406,7.317506) D, |mu|=11.069987 D.
Solution of UDFT took 34.79 s.
alpha: HOMO-LUMO gap is -546.50 eV. Energies of lowest lying states:
   -20.456064    -19.017384*   -19.016351*   -18.893747*    -1.329223*
    -1.149995*    -1.145904*    -1.027384*    -0.873842*    -0.762615*
    -0.709506*    -0.703516*    -0.691678*    -0.593016*    -0.585575*
    -0.581451*    -0.496390*    -0.493775*    -0.442465*    -0.372684*
    -0.237073     -0.201178     -0.153357     -0.139753     -0.128649 
beta:  HOMO-LUMO gap is    3.60 eV. Energies of lowest lying states:
   -22.035785*   -19.017237*   -19.016178*   -18.893690*    -1.373182*
    -1.149968*    -1.145780*    -1.027309*    -0.899329*    -0.791563*
    -0.724708*    -0.710349*    -0.703131*    -0.593767*    -0.587102*
    -0.583381*    -0.496495*    -0.493696*    -0.442608*    -0.372644*
    -0.240330     -0.203050     -0.155453     -0.140155     -0.128664 

A pure exchange functional used, no exact exchange.
	atom  Npoints      Nfuncs  t
	   3     8040      950146  5.05 s
	   2     8032      959154  5.17 s
	   4     9266      977623  7.96 s
	   5     7312      670831  3.03 s
	   1     9162     1103504  10.24 s
	   6     7856      800148  6.33 s
	   8     8280      898383  4.54 s
	   9     7640      681380  2.93 s
	   7     8818      855997  5.23 s
	  11     7616      720381  3.27 s
	  10     8950      937273  5.09 s
	  12     7988      772761  3.49 s
DFT XC grid constructed in 16.66 s.

 ******* Iteration    1 ********
Forming density fitted Coulomb matrix ... done (1.02 s)
Computing DFT exchange and correlation ... done (4.48 s)
Numerically integrated density is 39.00000 (+0.0000 %).
ADIIS weights
 1.00e+00 
CDIIS weights
 1.00e+00 
 DIIS weights
 1.00e+00 

Solving SCF equations ... done (0.01 s)
alpha: HOMO-LUMO gap is -546.51 eV. Energies of lowest lying states:
   -20.456791    -19.017438*   -19.016299*   -18.893856*    -1.329262*
    -1.149981*    -1.145854*    -1.027393*    -0.873825*    -0.762591*
    -0.709513*    -0.703497*    -0.691660*    -0.593035*    -0.585594*
    -0.581448*    -0.496379*    -0.493803*    -0.442513*    -0.372739*
    -0.237073     -0.201171     -0.153369     -0.139765     -0.128655 
beta:  HOMO-LUMO gap is    3.60 eV. Energies of lowest lying states:
   -22.035838*   -19.017292*   -19.016128*   -18.893798*    -1.373202*
    -1.149955*    -1.145730*    -1.027317*    -0.899342*    -0.791572*
    -0.724724*    -0.710359*    -0.703113*    -0.593786*    -0.587123*
    -0.583380*    -0.496484*    -0.493724*    -0.442657*    -0.372698*
    -0.240325     -0.203043     -0.155458     -0.140164     -0.128669 

Dipole:	x		y		z		dipole change
	 2.69053231	-1.85467437	 2.87906062	 4.355200e+00
Energy:	electronic	total		virial		energy change
	-414.25934165	-285.63149583	 1.01892963	-285.631
	kinetic		nuclear		Coulomb		XC
	 280.32504777	-923.84376678	 264.42345752	-35.16408016
Errors:	Max dens	RMS dens	DIIS
alpha	5.590096e-05	2.521752e-06	1.468763e-04
beta	5.276276e-05	2.102688e-06

Iteration took 5.51 s.

 ******* Iteration    2 ********
Forming density fitted Coulomb matrix ... done (1.14 s)
Computing DFT exchange and correlation ... done (5.02 s)
Numerically integrated density is 39.00000 (+0.0000 %).
ADIIS weights
 1.98e-01  8.02e-01 
CDIIS weights
 1.63e-01  8.37e-01 
 DIIS weights
 1.63e-01  8.37e-01 

Solving SCF equations ... done (0.01 s)
alpha: HOMO-LUMO gap is -546.52 eV. Energies of lowest lying states:
   -20.456821    -19.017355*   -19.016388*   -18.893687*    -1.329279*
    -1.149948*    -1.145885*    -1.027326*    -0.873840*    -0.762609*
    -0.709488*    -0.703523*    -0.691680*    -0.593005*    -0.585562*
    -0.581453*    -0.496411*    -0.493768*    -0.442443*    -0.372668*
    -0.237073     -0.201172     -0.153369     -0.139760     -0.128659 
beta:  HOMO-LUMO gap is    3.60 eV. Energies of lowest lying states:
   -22.035899*   -19.017209*   -19.016217*   -18.893629*    -1.373224*
    -1.149921*    -1.145762*    -1.027250*    -0.899361*    -0.791597*
    -0.724749*    -0.710333*    -0.703139*    -0.593757*    -0.587090*
    -0.583387*    -0.496517*    -0.493689*    -0.442587*    -0.372627*
    -0.240325     -0.203044     -0.155457     -0.140158     -0.128672 

Dipole:	x		y		z		dipole change
	 2.69085188	-1.85481817	 2.87877093	 6.718305e-05
Energy:	electronic	total		virial		energy change
	-414.25934166	-285.63149584	 1.01892990	-9.59994e-09
	kinetic		nuclear		Coulomb		XC
	 280.32497272	-923.84439145	 264.42424756	-35.16417048
Errors:	Max dens	RMS dens	DIIS
alpha	5.406159e-05	1.094954e-06	7.399114e-05
beta	5.427162e-05	1.139851e-06

Iteration took 6.18 s.

 ******* Iteration    3 ********
Forming density fitted Coulomb matrix ... done (1.02 s)
Computing DFT exchange and correlation ... done (4.56 s)
Numerically integrated density is 39.00000 (+0.0000 %).
ADIIS weights
 1.15e-01  7.09e-01  1.76e-01 
CDIIS weights
 8.49e-03  6.11e-01  3.81e-01 
 DIIS weights
 8.49e-03  6.11e-01  3.81e-01 

Solving SCF equations ... done (0.01 s)
alpha: HOMO-LUMO gap is -546.52 eV. Energies of lowest lying states:
   -20.456793    -19.017408*   -19.016339*   -18.893799*    -1.329267*
    -1.149967*    -1.145866*    -1.027370*    -0.873830*    -0.762598*
    -0.709502*    -0.703506*    -0.691667*    -0.593022*    -0.585580*
    -0.581449*    -0.496391*    -0.493788*    -0.442486*    -0.372713*
    -0.237072     -0.201171     -0.153369     -0.139762     -0.128656 
beta:  HOMO-LUMO gap is    3.60 eV. Energies of lowest lying states:
   -22.035876*   -19.017262*   -19.016167*   -18.893741*    -1.373213*
    -1.149941*    -1.145742*    -1.027293*    -0.899351*    -0.791586*
    -0.724737*    -0.710348*    -0.703122*    -0.593773*    -0.587110*
    -0.583382*    -0.496496*    -0.493709*    -0.442629*    -0.372672*
    -0.240324     -0.203043     -0.155457     -0.140161     -0.128669 

Dipole:	x		y		z		dipole change
	 2.69065148	-1.85473580	 2.87895620	-3.642786e-05
Energy:	electronic	total		virial		energy change
	-414.25934164	-285.63149582	 1.01893401	 1.81275e-08
	kinetic		nuclear		Coulomb		XC
	 280.32384105	-923.84193411	 264.42273691	-35.16398550
Errors:	Max dens	RMS dens	DIIS
alpha	3.454412e-05	6.942571e-07	1.217061e-04
beta	3.448325e-05	6.871302e-07

Iteration took 5.60 s.

 ******* Iteration    4 ********
Forming density fitted Coulomb matrix ... done (1.16 s)
Computing DFT exchange and correlation ... done (4.73 s)
Numerically integrated density is 39.00000 (+0.0000 %).
ADIIS weights
 2.03e-03  4.80e-01  4.53e-02  4.72e-01 
CDIIS weights
 1.78e-03  2.58e-01  1.65e-01  5.76e-01 
 DIIS weights
 1.78e-03  2.58e-01  1.65e-01  5.76e-01 

Solving SCF equations ... done (0.01 s)
alpha: HOMO-LUMO gap is -546.52 eV. Energies of lowest lying states:
   -20.456786    -19.017410*   -19.016336*   -18.893795*    -1.329265*
    -1.149968*    -1.145864*    -1.027367*    -0.873828*    -0.762595*
    -0.709502*    -0.703505*    -0.691665*    -0.593022*    -0.585580*
    -0.581448*    -0.496390*    -0.493788*    -0.442485*    -0.372711*
    -0.237072     -0.201171     -0.153369     -0.139762     -0.128656 
beta:  HOMO-LUMO gap is    3.60 eV. Energies of lowest lying states:
   -22.035871*   -19.017264*   -19.016164*   -18.893737*    -1.373211*
    -1.149941*    -1.145741*    -1.027291*    -0.899349*    -0.791584*
    -0.724735*    -0.710348*    -0.703121*    -0.593773*    -0.587109*
    -0.583381*    -0.496495*    -0.493710*    -0.442628*    -0.372670*
    -0.240324     -0.203043     -0.155457     -0.140161     -0.128669 

Dipole:	x		y		z		dipole change
	 2.69065437	-1.85473312	 2.87895234	-1.905580e-06
Energy:	electronic	total		virial		energy change
	-414.25934167	-285.63149585	 1.01893116	-3.03579e-08
	kinetic		nuclear		Coulomb		XC
	 280.32462568	-923.84362114	 264.42376597	-35.16411218
Errors:	Max dens	RMS dens	DIIS
alpha	2.538288e-06	4.810802e-08	3.467934e-06
beta	1.509324e-06	3.511984e-08

Iteration took 5.91 s.

 ******* Iteration    5 ********
Forming density fitted Coulomb matrix ... done (1.15 s)
Computing DFT exchange and correlation ... done (4.93 s)
Numerically integrated density is 39.00000 (+0.0000 %).
ADIIS weights
 3.41e-03  3.11e-01  2.01e-02  3.34e-01  3.32e-01 
CDIIS weights
 6.24e-04  1.05e-01  6.84e-02  3.66e-01  4.59e-01 
 DIIS weights
 6.24e-04  1.05e-01  6.84e-02  3.66e-01  4.59e-01 

Solving SCF equations ... done (0.01 s)
alpha: HOMO-LUMO gap is -546.52 eV. Energies of lowest lying states:
   -20.456787    -19.017408*   -19.016338*   -18.893796*    -1.329265*
    -1.149967*    -1.145865*    -1.027368*    -0.873828*    -0.762596*
    -0.709502*    -0.703506*    -0.691665*    -0.593022*    -0.585580*
    -0.581449*    -0.496390*    -0.493788*    -0.442485*    -0.372712*
    -0.237072     -0.201171     -0.153369     -0.139762     -0.128656 
beta:  HOMO-LUMO gap is    3.60 eV. Energies of lowest lying states:
   -22.035873*   -19.017262*   -19.016166*   -18.893738*    -1.373212*
    -1.149941*    -1.145741*    -1.027292*    -0.899350*    -0.791585*
    -0.724736*    -0.710348*    -0.703122*    -0.593773*    -0.587110*
    -0.583381*    -0.496496*    -0.493709*    -0.442628*    -0.372671*
    -0.240324     -0.203043     -0.155457     -0.140161     -0.128669 

Dipole:	x		y		z		dipole change
	 2.69065339	-1.85473387	 2.87895360	 5.485109e-07
Energy:	electronic	total		virial		energy change
	-414.25934167	-285.63149585	 1.01893148	-4.20641e-11
	kinetic		nuclear		Coulomb		XC
	 280.32453819	-923.84344679	 264.42366657	-35.16409964
Errors:	Max dens	RMS dens	DIIS
alpha	5.368550e-07	1.474644e-08	1.653699e-06
beta	9.296129e-07	1.961317e-08

Iteration took 6.10 s.

 ******* Convergence achieved ********
Dipole moment is (6.838958,-4.714263,7.317569) D, |mu|=11.069889 D.
Solution of UDFT took 45.99 s.
Vertical photoionization energy is 539.24 eV.



Running program took 1 min 21.29 s.
Current time is Fri 06 Feb 2015 05:56:16.
