Basis set aug-cc-pVTZ found in file aug-cc-pVTZ.gbs in /home/work/erkale/source/erkale/basis/.


Current Settings used by ERKALE:
     AtomGuess      	                Auto	Method used for atomic guess (Auto for same as method)
     Basis          	         aug-cc-pVTZ	Basis set used in calculation
     BasisCutoff    	           1.000e-08	Cutoff for dropping out small primitives from contraction
     BasisOrth      	                Auto	Method of orthonormalization of basis set
     BasisRotate    	                true	Rotate basis set to remove redundant functions?
     C1-DIIS        	               false	Use older version of DIIS (C1-DIIS instead of C2-DIIS)?
     Charge         	                   0	Total charge of system
     Cholesky       	               false	Use Cholesky decomposition?
     CholeskyMode   	                   0	Save/load integrals? 0 no, 1 save, -1 load
     CholeskyShThr  	           1.000e-02	Cholesky cache threshold
     CholeskyThr    	           1.000e-07	Cholesky decomposition threshold
     DIISEps        	           1.000e-01	Start mixing in DIIS when error is
     DIISOrder      	                  10	How many DIIS iterations to keep in memory?
     DIISThr        	           1.000e-02	DIIS error threshold for DIIS updates
     DecFock        	               false	Use decontracted basis to calculate Fock matrix (direct HF)
     Decontract     	                    	Indices of atoms to decontract basis set for
     DeltaEmax      	           1.000e-06	Maximum allowed change of energy
     DeltaPmax      	           1.000e-06	Maximum allowed maximum difference of density matrix
     DeltaPrms      	           1.000e-08	Maximum allowed RMS difference of density matrix
     DensityFitting 	               false	Use density fitting / RI?
     Direct         	               false	Calculate two-electron integrals (or density fitting) on-the-fly?
     EField         	         0.0 0.0 0.0	Electric field
     FittingBasis   	                Auto	Basis to use for density fitting / RI (Auto for automatic)
     FittingMemory  	                1000	Amount of memory in MB to use for exchange fitting
     FittingThreshold	           1.000e-08	Linear dependence threshold for Coulomb integrals in density fitting
     ForcePol       	               false	Force polarized calculation
     FreezeCore     	               false	Freeze the atomic cores?
     Guess          	              Atomic	Used guess: atomic (default), core, or GWH
     IntegralThresh 	           1.000e-14	Integral screening threshold
     LineSearch     	               false	Do line search in level shift (EXPENSIVE!)
     LoadChk        	                    	File to load old results from
     Logfile        	  water_dimer_hf.log	File to print out full information, stdout for screen
     MaxIter        	                 100	Maximum number of iterations in SCF cycle
     Method         	                  HF	Method used in calculation (HF or a DFT functional)
     Multiplicity   	                   1	Spin multiplicity
     Occupancies    	                    	Orbital occupancies
     SaveChk        	  water_dimer_hf.chk	File to use as checkpoint
     Shift          	           0.000e+00	Level shift to use in Hartree
     StrictIntegrals	               false	Use strict integrals?
     System         	     water_dimer.xyz	System as an xyz file
     UseADIIS       	                true	Use ADIIS for Fock matrix interpolation?
     UseBroyden     	               false	Use Broyden mixing of Fock matrices?
     UseDIIS        	                true	Use Pulay's Direct Inversion in the Iterative Subspace?
     UseLM          	               false	Use a spherical harmonics basis set by default?
     UseTRRH        	               false	Use Trust-Region Roothaan-Hall?
     Verbose        	                true	Verbose calculation?

Performing HF guess for atoms:
O : 1 4 (0.04 s)
H : 2 3 5 6 (0.00 s)
Diagonalizing density matrix ... done (0.01 s)
Atomic guess formed in 0.05 s.

There are 64 shells and 6 nuclei in the basis set.

List of nuclei, geometry in Ångström with three decimal places:
		 Z	    x	    y	    z
1	O	 8	 -1.464	  0.099	  0.300
2	H	 1	 -1.956	  0.624	 -0.340
3	H	 1	 -1.797	 -0.799	  0.206
4	O	 8	  1.369	  0.146	 -0.395
5	H	 1	  1.894	  0.486	  0.335
6	H	 1	  0.451	  0.165	 -0.083

Interatomic distance matrix:
          1O    2H    3H    4O    5H 
   2H  0.963
   3H  0.962 1.532
   4O  2.917 3.360 3.358
   5H  3.380 3.911 3.910 0.961
   6H  1.954 2.464 2.463 0.970 1.536

List of basis functions:
Shell    1	S cart shell at nucleus   1 with with basis functions    1-1   
Shell    2	S cart shell at nucleus   1 with with basis functions    2-2   
Shell    3	S cart shell at nucleus   1 with with basis functions    3-3   
Shell    4	S cart shell at nucleus   1 with with basis functions    4-4   
Shell    5	S cart shell at nucleus   1 with with basis functions    5-5   
Shell    6	P cart shell at nucleus   1 with with basis functions    6-8   
Shell    7	P cart shell at nucleus   1 with with basis functions    9-11  
Shell    8	P cart shell at nucleus   1 with with basis functions   12-14  
Shell    9	P cart shell at nucleus   1 with with basis functions   15-17  
Shell   10	D cart shell at nucleus   1 with with basis functions   18-23  
Shell   11	D cart shell at nucleus   1 with with basis functions   24-29  
Shell   12	D cart shell at nucleus   1 with with basis functions   30-35  
Shell   13	F cart shell at nucleus   1 with with basis functions   36-45  
Shell   14	F cart shell at nucleus   1 with with basis functions   46-55  
Shell   15	S cart shell at nucleus   2 with with basis functions   56-56  
Shell   16	S cart shell at nucleus   2 with with basis functions   57-57  
Shell   17	S cart shell at nucleus   2 with with basis functions   58-58  
Shell   18	S cart shell at nucleus   2 with with basis functions   59-59  
Shell   19	P cart shell at nucleus   2 with with basis functions   60-62  
Shell   20	P cart shell at nucleus   2 with with basis functions   63-65  
Shell   21	P cart shell at nucleus   2 with with basis functions   66-68  
Shell   22	D cart shell at nucleus   2 with with basis functions   69-74  
Shell   23	D cart shell at nucleus   2 with with basis functions   75-80  
Shell   24	S cart shell at nucleus   3 with with basis functions   81-81  
Shell   25	S cart shell at nucleus   3 with with basis functions   82-82  
Shell   26	S cart shell at nucleus   3 with with basis functions   83-83  
Shell   27	S cart shell at nucleus   3 with with basis functions   84-84  
Shell   28	P cart shell at nucleus   3 with with basis functions   85-87  
Shell   29	P cart shell at nucleus   3 with with basis functions   88-90  
Shell   30	P cart shell at nucleus   3 with with basis functions   91-93  
Shell   31	D cart shell at nucleus   3 with with basis functions   94-99  
Shell   32	D cart shell at nucleus   3 with with basis functions  100-105 
Shell   33	S cart shell at nucleus   4 with with basis functions  106-106 
Shell   34	S cart shell at nucleus   4 with with basis functions  107-107 
Shell   35	S cart shell at nucleus   4 with with basis functions  108-108 
Shell   36	S cart shell at nucleus   4 with with basis functions  109-109 
Shell   37	S cart shell at nucleus   4 with with basis functions  110-110 
Shell   38	P cart shell at nucleus   4 with with basis functions  111-113 
Shell   39	P cart shell at nucleus   4 with with basis functions  114-116 
Shell   40	P cart shell at nucleus   4 with with basis functions  117-119 
Shell   41	P cart shell at nucleus   4 with with basis functions  120-122 
Shell   42	D cart shell at nucleus   4 with with basis functions  123-128 
Shell   43	D cart shell at nucleus   4 with with basis functions  129-134 
Shell   44	D cart shell at nucleus   4 with with basis functions  135-140 
Shell   45	F cart shell at nucleus   4 with with basis functions  141-150 
Shell   46	F cart shell at nucleus   4 with with basis functions  151-160 
Shell   47	S cart shell at nucleus   5 with with basis functions  161-161 
Shell   48	S cart shell at nucleus   5 with with basis functions  162-162 
Shell   49	S cart shell at nucleus   5 with with basis functions  163-163 
Shell   50	S cart shell at nucleus   5 with with basis functions  164-164 
Shell   51	P cart shell at nucleus   5 with with basis functions  165-167 
Shell   52	P cart shell at nucleus   5 with with basis functions  168-170 
Shell   53	P cart shell at nucleus   5 with with basis functions  171-173 
Shell   54	D cart shell at nucleus   5 with with basis functions  174-179 
Shell   55	D cart shell at nucleus   5 with with basis functions  180-185 
Shell   56	S cart shell at nucleus   6 with with basis functions  186-186 
Shell   57	S cart shell at nucleus   6 with with basis functions  187-187 
Shell   58	S cart shell at nucleus   6 with with basis functions  188-188 
Shell   59	S cart shell at nucleus   6 with with basis functions  189-189 
Shell   60	P cart shell at nucleus   6 with with basis functions  190-192 
Shell   61	P cart shell at nucleus   6 with with basis functions  193-195 
Shell   62	P cart shell at nucleus   6 with with basis functions  196-198 
Shell   63	D cart shell at nucleus   6 with with basis functions  199-204 
Shell   64	D cart shell at nucleus   6 with with basis functions  205-210 

Basis set contains 210 functions, maximum angular momentum is 3.
Cartesian Gaussians are used by default.

Forming overlap matrix ... done (0.00 s)
Forming kinetic energy matrix ... done (0.00 s)
Forming nuclear attraction matrix ... done (0.01 s)

Smallest eigenvalue of overlap matrix is 5.97e-05, ratio to largest is 3.83e-06.
Using symmetric orthogonalization.
Basis set diagonalized in 0.01 s.

Forming table of 254258424 ERIs, requiring 1 Gi 915 Mi 857 ki of memory ... done (4.02 s)
2062 shell pairs out of 2080 are significant.

Initialization of computation done in 4.04 s.

HOMO-LUMO gap is    7.02 eV. Energies of lowest lying orbitals:
     -20.8142*     -20.8142*      -1.4988*      -1.4988*      -0.7576*
      -0.7576*      -0.7576*      -0.7576*      -0.7576*      -0.7576*
      -0.4998       -0.4998       -0.4998       -0.4998        0.0578 

 ******* Iteration    1 ********
Forming HF Coulomb matrix ... done (1.00 s)
Forming HF exchange matrix ... done (1.40 s)
ADIIS weights
 1.00e+00 
CDIIS weights
 1.00e+00 
 DIIS weights
 1.00e+00 

Solving SCF equations ... done (0.01 s)

DIIS error                    :  3.955901e-01
Energy change                 : -1.515334e+02
Max total density change      :  5.706347e-02
Max rms   density change      :  2.313676e-03
Dipole mu = (-2.39717805, -0.10106900,  0.41907575) D

Iteration took 2.41 s.

 ******* Iteration    2 ********
Forming HF Coulomb matrix ... done (0.98 s)
Forming HF exchange matrix ... done (1.40 s)
ADIIS weights
 3.35e-19  1.00e+00 
CDIIS weights
-1.35e-04  1.00e+00 
 DIIS weights
-6.64e-05  1.00e+00 

Solving SCF equations ... done (0.01 s)

DIIS error                    :  5.571139e-02
Energy change                 : -5.733185e-01
Max total density change      :  1.500190e-02
Max rms   density change      :  4.448782e-04
Dipole mu = (-2.59675784, -0.04149004,  0.63014148) D

Iteration took 2.39 s.

 ******* Iteration    3 ********
Forming HF Coulomb matrix ... done (0.98 s)
Forming HF exchange matrix ... done (1.40 s)
ADIIS weights
 1.35e-30  7.19e-28  1.00e+00 
CDIIS weights
-1.33e-02 -1.79e-02  1.03e+00 
 DIIS weights
-1.24e-02 -1.67e-02  1.03e+00 

Solving SCF equations ... done (0.01 s)

DIIS error                    :  1.626120e-02
Energy change                 : -1.842304e-02
Max total density change      :  5.687126e-03
Max rms   density change      :  1.615923e-04
Dipole mu = (-2.58434528, -0.07517828,  0.53944076) D

Iteration took 2.39 s.

 ******* Iteration    4 ********
Forming HF Coulomb matrix ... done (1.08 s)
Forming HF exchange matrix ... done (1.40 s)
ADIIS weights
 1.29e-15  2.21e-14  2.45e-11  1.00e+00 
CDIIS weights
-2.03e-03 -6.54e-02  3.07e-01  7.61e-01 
 DIIS weights
-2.03e-03 -6.54e-02  3.07e-01  7.61e-01 

Solving SCF equations ... done (0.01 s)

DIIS error                    :  9.864424e-03
Energy change                 : -1.624346e-03
Max total density change      :  2.799145e-03
Max rms   density change      :  4.902024e-05
Dipole mu = (-2.60099038, -0.05821503,  0.58813597) D

Iteration took 2.50 s.

 ******* Iteration    5 ********
Forming HF Coulomb matrix ... done (0.98 s)
Forming HF exchange matrix ... done (1.40 s)
ADIIS weights
 1.57e-16  5.39e-14  3.16e-11  2.05e-11  1.00e+00 
CDIIS weights
 1.05e-03 -8.38e-03 -7.99e-02  1.99e-02  1.07e+00 
 DIIS weights
 1.05e-03 -8.38e-03 -7.99e-02  1.99e-02  1.07e+00 

Solving SCF equations ... done (0.01 s)

DIIS error                    :  1.672221e-03
Energy change                 : -3.962620e-04
Max total density change      :  6.156585e-04
Max rms   density change      :  1.883343e-05
Dipole mu = (-2.60861835, -0.05991450,  0.58590766) D

Iteration took 2.39 s.

 ******* Iteration    6 ********
Forming HF Coulomb matrix ... done (0.98 s)
Forming HF exchange matrix ... done (1.40 s)
ADIIS weights
 4.51e-18  5.02e-13  1.48e-11  1.19e-08  1.95e-07  1.00e+00 
CDIIS weights
-3.26e-04  4.48e-03  2.00e-02 -2.83e-02 -3.41e-01  1.34e+00 
 DIIS weights
-3.26e-04  4.48e-03  2.00e-02 -2.83e-02 -3.41e-01  1.34e+00 

Solving SCF equations ... done (0.01 s)

DIIS error                    :  1.746726e-04
Energy change                 : -2.086791e-05
Max total density change      :  2.026138e-04
Max rms   density change      :  5.353676e-06
Dipole mu = (-2.61055632, -0.05956682,  0.58737147) D

Iteration took 2.39 s.

 ******* Iteration    7 ********
Forming HF Coulomb matrix ... done (0.98 s)
Forming HF exchange matrix ... done (1.51 s)
ADIIS weights
 1.90e-16  1.28e-13  4.87e-11  1.88e-08  8.57e-08  1.82e-04  1.00e+00 
CDIIS weights
-9.75e-05  1.61e-03  7.28e-03 -9.68e-03 -1.31e-01  3.40e-01  7.92e-01 
 DIIS weights
-9.75e-05  1.61e-03  7.28e-03 -9.68e-03 -1.31e-01  3.40e-01  7.92e-01 

Solving SCF equations ... done (0.01 s)

DIIS error                    :  1.007660e-04
Energy change                 : -9.710553e-07
Max total density change      :  4.171162e-05
Max rms   density change      :  8.511237e-07
Dipole mu = (-2.61123118, -0.05972139,  0.58716109) D

Iteration took 2.51 s.

 ******* Iteration    8 ********
Forming HF Coulomb matrix ... done (0.98 s)
Forming HF exchange matrix ... done (1.40 s)
ADIIS weights
 2.56e-17  9.12e-15  2.15e-10  8.95e-13  1.15e-06  3.41e-06  1.62e-02  9.84e-01 
CDIIS weights
 3.15e-05 -6.50e-04 -2.30e-03  4.85e-03  4.52e-02 -2.19e-01  2.83e-02  1.14e+00 
 DIIS weights
 3.15e-05 -6.50e-04 -2.30e-03  4.85e-03  4.52e-02 -2.19e-01  2.83e-02  1.14e+00 

Solving SCF equations ... done (0.01 s)

DIIS error                    :  2.738996e-05
Energy change                 : -8.349591e-08
Max total density change      :  1.245928e-05
Max rms   density change      :  4.093701e-07
Dipole mu = (-2.61137287, -0.05968323,  0.58730157) D

Iteration took 2.41 s.

 ******* Iteration    9 ********
Forming HF Coulomb matrix ... done (0.98 s)
Forming HF exchange matrix ... done (1.40 s)
ADIIS weights
 1.18e-11  1.10e-10  3.61e-08  1.14e-06  1.45e-07  4.71e-04  8.23e-02  4.72e-01  4.45e-01 
CDIIS weights
-2.57e-06  7.47e-05  2.31e-04 -5.67e-04 -4.96e-03  3.33e-02 -2.59e-02 -2.56e-01  1.25e+00 
 DIIS weights
-2.57e-06  7.47e-05  2.31e-04 -5.67e-04 -4.96e-03  3.33e-02 -2.59e-02 -2.56e-01  1.25e+00 

Solving SCF equations ... done (0.01 s)

DIIS error                    :  2.341924e-06
Energy change                 : -1.223057e-08
Max total density change      :  3.860268e-06
Max rms   density change      :  1.337256e-07
Dipole mu = (-2.61140060, -0.05968431,  0.58730691) D

Iteration took 2.40 s.

 ******* Iteration   10 ********
Forming HF Coulomb matrix ... done (1.00 s)
Forming HF exchange matrix ... done (1.40 s)
ADIIS weights
 1.03e-16  4.60e-15  4.64e-13  1.61e-11  2.71e-08  2.58e-06  3.69e-03  2.89e-01  3.59e-01  3.48e-01 
CDIIS weights
-1.08e-06  1.93e-05  8.86e-05 -1.51e-04 -1.54e-03  6.69e-03 -4.52e-04 -2.50e-02 -1.05e-01  1.13e+00 
 DIIS weights
-1.08e-06  1.93e-05  8.86e-05 -1.51e-04 -1.54e-03  6.69e-03 -4.52e-04 -2.50e-02 -1.05e-01  1.13e+00 

Solving SCF equations ... done (0.01 s)

DIIS error                    :  7.533630e-07
Energy change                 : -3.031460e-10
Max total density change      :  7.448767e-07
Max rms   density change      :  2.389191e-08
Dipole mu = (-2.61140247, -0.05968282,  0.58731132) D

Iteration took 2.43 s.

 ******* Iteration   11 ********
Forming HF Coulomb matrix ... done (0.98 s)
Forming HF exchange matrix ... done (1.40 s)
ADIIS weights
 7.65e-15  1.03e-13  5.97e-11  1.10e-09  7.89e-06  3.52e-05  1.42e-01  2.90e-01  2.84e-01  2.83e-01 
CDIIS weights
-4.15e-06 -1.06e-05  3.22e-05  2.67e-04 -1.96e-03  1.15e-03  1.56e-02 -4.72e-02 -2.02e-01  1.23e+00 
 DIIS weights
-4.15e-06 -1.06e-05  3.22e-05  2.67e-04 -1.96e-03  1.15e-03  1.56e-02 -4.72e-02 -2.02e-01  1.23e+00 

Solving SCF equations ... done (0.01 s)

DIIS error                    :  1.905572e-07
Energy change                 : -1.131184e-11
Max total density change      :  1.137488e-07
Max rms   density change      :  4.048773e-09
Dipole mu = (-2.61140493, -0.05968263,  0.58731252) D

Iteration took 2.40 s.

 ******* Iteration   12 ********
Forming HF Coulomb matrix ... done (0.98 s)
Forming HF exchange matrix ... done (1.40 s)
ADIIS weights
 5.88e-13  3.80e-11  7.34e-10  3.08e-06  3.58e-04  1.36e-01  2.18e-01  2.16e-01  2.15e-01  2.15e-01 
CDIIS weights
-1.40e-06  6.17e-07  1.11e-05  1.23e-04 -2.15e-04 -2.59e-03  1.86e-02 -2.14e-02 -3.31e-01  1.34e+00 
 DIIS weights
-1.40e-06  6.17e-07  1.11e-05  1.23e-04 -2.15e-04 -2.59e-03  1.86e-02 -2.14e-02 -3.31e-01  1.34e+00 

Solving SCF equations ... done (0.01 s)

DIIS error                    :  4.012564e-08
Energy change                 : -9.663381e-13
Max total density change      :  4.465009e-08
Max rms   density change      :  1.744049e-09
Dipole mu = (-2.61140548, -0.05968247,  0.58731309) D

Iteration took 2.41 s.

 ******* Iteration   13 ********
Forming HF Coulomb matrix ... done (0.98 s)
Forming HF exchange matrix ... done (1.39 s)
ADIIS weights
 3.64e-16  6.77e-09  3.54e-06  8.38e-05  8.59e-02  1.83e-01  1.83e-01  1.83e-01  1.83e-01  1.83e-01 
CDIIS weights
-1.36e-07 -3.92e-07 -2.37e-05  4.33e-05  4.39e-04 -3.81e-03  9.86e-03  5.70e-02 -3.48e-01  1.28e+00 
 DIIS weights
-1.36e-07 -3.92e-07 -2.37e-05  4.33e-05  4.39e-04 -3.81e-03  9.86e-03  5.70e-02 -3.48e-01  1.28e+00 

Solving SCF equations ... done (0.01 s)

DIIS error                    :  8.997700e-09
Energy change                 : -4.547474e-13
Max total density change      :  8.999731e-09
Max rms   density change      :  3.108188e-10
Dipole mu = (-2.61140552, -0.05968245,  0.58731315) D

Iteration took 2.40 s.

 ******* Iteration   14 ********
Forming HF Coulomb matrix ... done (1.21 s)
Forming HF exchange matrix ... done (1.67 s)
ADIIS weights
 6.56e-09  1.93e-06  1.48e-03  1.08e-01  1.49e-01  1.48e-01  1.48e-01  1.48e-01  1.48e-01  1.48e-01 
CDIIS weights
 5.97e-07  1.43e-06 -8.37e-06 -3.05e-05  3.89e-04 -2.18e-03 -2.54e-03  4.22e-02 -4.28e-01  1.39e+00 
 DIIS weights
 5.97e-07  1.43e-06 -8.37e-06 -3.05e-05  3.89e-04 -2.18e-03 -2.54e-03  4.22e-02 -4.28e-01  1.39e+00 

Solving SCF equations ... done (0.01 s)

DIIS error                    :  2.041210e-09
Energy change                 : -1.421085e-13
Max total density change      :  1.673377e-09
Max rms   density change      :  5.997222e-11
Dipole mu = (-2.61140551, -0.05968245,  0.58731316) D

Iteration took 2.90 s.

 ******* Convergence achieved ********
Solution of RHF took 34.36 s.

Kinetic               energy:  1.5193623640259113e+02
Nuclear attraction    energy: -4.3432228246781807e+02
Total one-electron    energy: -2.8238604606522756e+02
Nuclear repulsion     energy:  3.6502872099669482e+01
Coulomb               energy:  1.1164575877750609e+02
Exchange              energy: -1.7889757534534464e+01
-----------------------------------------------------
                Total energy: -1.5212717272258647e+02
               Virial factor:  1.0012566871769115e+00

Dipole mu = (-2.61140551, -0.05968245,  0.58731316) D

HOMO-LUMO gap is   13.71 eV. Orbital energies:
     -20.5903*     -20.5342*      -1.3774*      -1.3194*      -0.7420*
      -0.6937*      -0.6119*      -0.5571*      -0.5302*      -0.4808*
       0.0229        0.0455        0.0465        0.0758        0.1149 
       0.1396        0.1606        0.1663        0.1761        0.1837 
       0.2048        0.2094        0.2258        0.2394        0.2664 
       0.2675        0.2807        0.3110        0.3529        0.3639 
       0.3661        0.3950        0.4056        0.4233        0.4387 
       0.4535        0.4683        0.5162        0.5250        0.5604 
       0.5831        0.6025        0.6883        0.6982        0.7102 
       0.7248        0.7490        0.7550        0.7686        0.7735 
       0.8023        0.8311        0.8550        0.8818        0.8946 
       0.9109        0.9225        0.9370        0.9635        0.9763 
       0.9869        0.9884        1.0258        1.0312        1.0518 
       1.0719        1.0830        1.1169        1.1362        1.1449 
       1.1735        1.1753        1.1807        1.2074        1.2505 
       1.2659        1.2711        1.2726        1.2944        1.3070 
       1.4561        1.5016        1.5062        1.5352        1.5595 
       1.6041        1.6613        1.6914        1.7084        1.7749 
       1.8142        1.8510        1.9083        1.9425        2.0008 
       2.0900        2.1365        2.1433        2.1801        2.2632 
       2.2831        2.3137        2.3495        2.3552        2.3886 
       2.4562        2.5094        2.5365        2.5788        2.6060 
       2.6225        2.6500        2.6774        2.7367        2.7746 
       2.8184        2.8490        2.8675        2.9044        2.9127 
       2.9150        2.9629        3.0635        3.0664        3.1216 
       3.1351        3.2142        3.4359        3.9541        4.0079 
       4.0535        4.0769        4.0918        4.0978        4.2165 
       4.2509        4.2715        4.2774        4.3457        4.3724 
       4.4076        4.4359        4.4500        4.4610        4.4816 
       4.5240        4.5301        4.7078        4.7835        4.8229 
       4.9620        5.0388        5.0455        5.1343        5.1415 
       5.1748        5.1965        5.2554        5.2665        5.4607 
       5.5210        5.5728        5.6873        5.7226        5.8204 
       5.9148        6.0898        6.1420        6.1726        6.2240 
       6.3706        6.6796        6.8070        6.8132        6.8829 
       6.9093        6.9491        7.0389        7.1046        7.1822 
       7.1911        7.2759        7.2875        7.3416        7.3594 
       7.4206        7.4302        7.4360        7.4926        7.5774 
       7.6273        7.7402        8.0578        8.1576        8.7507 
       8.7857        8.9703        9.1974        9.6091        9.8830 
      13.8727       14.8513       15.0557       15.4331       15.5295 
      15.9885       17.2540       17.7228       17.8254       19.0016 

Mulliken charges
   1 O           -0.379807
   2 H            0.209569
   3 H            0.209077
   4 O           -0.582135
   5 H            0.174914
   6 H            0.368383
Sum of Mulliken charges 9.436896e-15

Electron density at nuclei
   1 O          298.437812
   2 H            0.398680
   3 H            0.399183
   4 O          298.423729
   5 H            0.405085
   6 H            0.383603

Running program took 38.54 s.
Current time is Sun 19 Jul 2015 02:20:56.
