
Current Settings used by ERKALE:
     AtomGuess      	                Auto	Method used for atomic guess (Auto for same as method)
     AugChk         	  erkale_xrs_aug.chk	Save augmented calculation to file (if applicable)
     Basis          	         aug-cc-pVDZ	Basis set used in calculation
     BasisCutoff    	           1.000e-08	Cutoff for dropping out small primitives from contraction
     BasisOrth      	                Auto	Method of orthonormalization of basis set
     BasisRotate    	                true	Rotate basis set to remove redundant functions?
     C1-DIIS        	               false	Use older version of DIIS (C1-DIIS instead of C2-DIIS)?
     Charge         	                   0	Total charge of system
     DFTDelta       	           1.000e+02	Switch to final DFT grid, relative to deltaE and deltaP
     DFTDirect      	               false	Save memory by not storing values of basis functions in memory
     DFTFinalTol    	           1.000e-05	Tolerance of final DFT grid
     DFTGrid        	                Auto	DFT integration grid to use: nrad lmax or Auto for adaptive
     DFTInitialTol  	           1.000e-04	Tolerance of initial DFT grid
     DFTLobatto     	               false	Use Lobatto quadrature instead of Lebedev quadrature?
     DIISEps        	           1.000e-01	Start mixing in DIIS when error is
     DIISOrder      	                  10	How many DIIS iterations to keep in memory?
     DIISThr        	           1.000e-02	DIIS error threshold for DIIS updates
     DecFock        	               false	Use decontracted basis to calculate Fock matrix (direct HF)
     Decontract     	                    	Indices of atoms to decontract basis set for
     DeltaEmax      	           1.000e-06	Maximum allowed change of energy
     DeltaPmax      	           1.000e-05	Maximum allowed maximum difference of density matrix
     DeltaPrms      	           1.000e-06	Maximum allowed RMS difference of density matrix
     DensityFitting 	                true	Use density fitting / RI?
     Direct         	                true	Calculate two-electron integrals (or density fitting) on-the-fly?
     EField         	         0.0 0.0 0.0	Electric field
     FittingBasis   	                Auto	Basis to use for density fitting / RI (Auto for automatic)
     FittingMemory  	                1000	Amount of memory in MB to use for exchange fitting
     FittingThreshold	           1.000e-08	Linear dependence threshold for Coulomb integrals in density fitting
     Guess          	              Atomic	Used guess: atomic (default), core, or GWH
     LineSearch     	               false	Do line search in level shift (EXPENSIVE!)
     LoadChk        	   water_cluster.chk	Initialize with ground state calculation from file
     Logfile        	water_cluster_xch.log	File to print out full information, stdout for screen
     MaxIter        	                 100	Maximum number of iterations in SCF cycle
     Method         	 gga_x_pbe-gga_c_pbe	Method used in calculation (HF or a DFT functional)
     Multiplicity   	                   1	Spin multiplicity
     Occupancies    	                    	Orbital occupancies
     PZ             	                  No	Perform Perdew-Zunger self-interaction correction? No, Pert, Full, OldFull, Real, Can, CanPert
     PZEmax         	           1.000e-06	Threshold for energy change in unitary optimization
     PZHam          	                Symm	Hamiltonian to use in PZ-SIC: Symm, United
     PZKmax         	           1.000e-03	Threshold for kappa max in unitary optimization
     PZKrms         	           1.000e-04	Threshold for kappa rms in unitary optimization
     PZdEmax        	           1.000e-05	Tolerance threshold for energy convergence
     PZdPmax        	           1.000e-05	Tolerance threshold for density convergence
     PZdPrms        	           1.000e-06	Tolerance threshold for density convergence
     PZiter         	                  20	Max number of iterations in self-consistency iteration
     PZloc          	                true	Initial localization before SIC calculation?
     PZmode         	              CoulXC	Mode to use PZ-SIC in. Coul, CoulX, CoulC, CoulXC
     PZseed         	                   0	Seed number for randomized matrices?
     PZstab         	                   0	Stability analysis for PZ-SIC? 0 for no, 1 for oo block, 2 for full analysis
     PZstabFz       	                    	Orbitals to freeze for stability analysis (only oo!)
     PZunit         	                  10	Max number of iterations in unitary optimization
     PZw            	           1.000e+00	Weight for Perdew-Zunger self-interaction correction
     SaveChk        	water_cluster_xch.chk	Try initializing with and save results to file
     ShPairThr      	           1.000e-14	Threshold for shell pair screening, (ij|ij)<thr
     Shift          	           0.000e+00	Level shift to use in Hartree
     StrictIntegrals	               false	Use strict integrals?
     System         	water_cluster_xrs.xyz	System as an xyz file
     UseADIIS       	                true	Use ADIIS for Fock matrix interpolation?
     UseBroyden     	               false	Use Broyden mixing of Fock matrices?
     UseDIIS        	                true	Use Pulay's Direct Inversion in the Iterative Subspace?
     UseLM          	                true	Use a spherical harmonics basis set by default?
     UseTRDSM       	               false	Use Trust-Region DSM?
     UseTRRH        	               false	Use Trust-Region Roothaan-Hall?
     Verbose        	                true	Verbose calculation?
     XRSAugment     	                    	Which atoms to augment with diffuse functions? E.g. 1,3:5,10
     XRSDoubleBasis 	              X-AUTO	The augmentation basis to use for double-basis set calculations
     XRSGridTol     	           1.000e-04	DFT grid tolerance in double basis set calculation
     XRSInitialOrbital	                   1	Index of orbital in state to excite
     XRSInitialState	                  1s	Initial atomic state to excite
     XRSLmax        	                   5	Local: expand orbitals up to Lmax
     XRSLquad       	                  30	Local: perform angular expansion using quadrature of Lquad order
     XRSMethod      	                 XCH	Which kind of calculation to perform: TP, XCH or FCH
     XRSNrad        	                 200	Local: how many point to use in radial integration
     XRSQMethod     	             Fourier	Method of computing momentum transfer matrix: Local, Fourier or Series
     XRSQval        	                    	List or range of Q values to compute
     XRSSpin        	               false	Spin to excite (false for alpha, true for beta)

Basis set aug-cc-pVDZ found in file aug-cc-pVDZ.gbs in /usr/share/erkale/basis/.
Initializing with ground-state calculation from water_cluster.chk.

Localizing 2 orbitals on center 1.
	sh i       occ  R [Å]
	1s 1* 0.999989  0.028
	2s 1  0.984459  0.961

There are 76 shells and 12 nuclei in the basis set.

List of nuclei, geometry in Ångström with three decimal places:
		 Z	    x	    y	    z
1	O	 8	  1.300	 -0.680	 -0.110
2	H	 1	  0.890	 -1.420	  0.420
3	H	 1	  1.940	 -0.170	  0.470
4	O	 8	  0.270	 -2.660	  1.170
5	H	 1	  0.080	 -3.620	  1.380
6	H	 1	 -0.060	 -2.080	  1.920
7	O	 8	  1.300	 -0.410	 -2.910
8	H	 1	  1.200	 -0.560	 -1.920
9	H	 1	  0.440	 -0.050	 -3.270
10	O	 8	  2.970	  0.350	  1.710
11	H	 1	  3.460	  1.190	  1.500
12	H	 1	  3.590	 -0.300	  2.160

List of basis functions:
Shell    1	S cart shell at nucleus   1 with with basis functions    1-1   
Shell    2	S cart shell at nucleus   1 with with basis functions    2-2   
Shell    3	S cart shell at nucleus   1 with with basis functions    3-3   
Shell    4	S cart shell at nucleus   1 with with basis functions    4-4   
Shell    5	P cart shell at nucleus   1 with with basis functions    5-7   
Shell    6	P cart shell at nucleus   1 with with basis functions    8-10  
Shell    7	P cart shell at nucleus   1 with with basis functions   11-13  
Shell    8	D  sph shell at nucleus   1 with with basis functions   14-18  
Shell    9	D  sph shell at nucleus   1 with with basis functions   19-23  
Shell   10	S cart shell at nucleus   2 with with basis functions   24-24  
Shell   11	S cart shell at nucleus   2 with with basis functions   25-25  
Shell   12	S cart shell at nucleus   2 with with basis functions   26-26  
Shell   13	P cart shell at nucleus   2 with with basis functions   27-29  
Shell   14	P cart shell at nucleus   2 with with basis functions   30-32  
Shell   15	S cart shell at nucleus   3 with with basis functions   33-33  
Shell   16	S cart shell at nucleus   3 with with basis functions   34-34  
Shell   17	S cart shell at nucleus   3 with with basis functions   35-35  
Shell   18	P cart shell at nucleus   3 with with basis functions   36-38  
Shell   19	P cart shell at nucleus   3 with with basis functions   39-41  
Shell   20	S cart shell at nucleus   4 with with basis functions   42-42  
Shell   21	S cart shell at nucleus   4 with with basis functions   43-43  
Shell   22	S cart shell at nucleus   4 with with basis functions   44-44  
Shell   23	S cart shell at nucleus   4 with with basis functions   45-45  
Shell   24	P cart shell at nucleus   4 with with basis functions   46-48  
Shell   25	P cart shell at nucleus   4 with with basis functions   49-51  
Shell   26	P cart shell at nucleus   4 with with basis functions   52-54  
Shell   27	D  sph shell at nucleus   4 with with basis functions   55-59  
Shell   28	D  sph shell at nucleus   4 with with basis functions   60-64  
Shell   29	S cart shell at nucleus   5 with with basis functions   65-65  
Shell   30	S cart shell at nucleus   5 with with basis functions   66-66  
Shell   31	S cart shell at nucleus   5 with with basis functions   67-67  
Shell   32	P cart shell at nucleus   5 with with basis functions   68-70  
Shell   33	P cart shell at nucleus   5 with with basis functions   71-73  
Shell   34	S cart shell at nucleus   6 with with basis functions   74-74  
Shell   35	S cart shell at nucleus   6 with with basis functions   75-75  
Shell   36	S cart shell at nucleus   6 with with basis functions   76-76  
Shell   37	P cart shell at nucleus   6 with with basis functions   77-79  
Shell   38	P cart shell at nucleus   6 with with basis functions   80-82  
Shell   39	S cart shell at nucleus   7 with with basis functions   83-83  
Shell   40	S cart shell at nucleus   7 with with basis functions   84-84  
Shell   41	S cart shell at nucleus   7 with with basis functions   85-85  
Shell   42	S cart shell at nucleus   7 with with basis functions   86-86  
Shell   43	P cart shell at nucleus   7 with with basis functions   87-89  
Shell   44	P cart shell at nucleus   7 with with basis functions   90-92  
Shell   45	P cart shell at nucleus   7 with with basis functions   93-95  
Shell   46	D  sph shell at nucleus   7 with with basis functions   96-100 
Shell   47	D  sph shell at nucleus   7 with with basis functions  101-105 
Shell   48	S cart shell at nucleus   8 with with basis functions  106-106 
Shell   49	S cart shell at nucleus   8 with with basis functions  107-107 
Shell   50	S cart shell at nucleus   8 with with basis functions  108-108 
Shell   51	P cart shell at nucleus   8 with with basis functions  109-111 
Shell   52	P cart shell at nucleus   8 with with basis functions  112-114 
Shell   53	S cart shell at nucleus   9 with with basis functions  115-115 
Shell   54	S cart shell at nucleus   9 with with basis functions  116-116 
Shell   55	S cart shell at nucleus   9 with with basis functions  117-117 
Shell   56	P cart shell at nucleus   9 with with basis functions  118-120 
Shell   57	P cart shell at nucleus   9 with with basis functions  121-123 
Shell   58	S cart shell at nucleus  10 with with basis functions  124-124 
Shell   59	S cart shell at nucleus  10 with with basis functions  125-125 
Shell   60	S cart shell at nucleus  10 with with basis functions  126-126 
Shell   61	S cart shell at nucleus  10 with with basis functions  127-127 
Shell   62	P cart shell at nucleus  10 with with basis functions  128-130 
Shell   63	P cart shell at nucleus  10 with with basis functions  131-133 
Shell   64	P cart shell at nucleus  10 with with basis functions  134-136 
Shell   65	D  sph shell at nucleus  10 with with basis functions  137-141 
Shell   66	D  sph shell at nucleus  10 with with basis functions  142-146 
Shell   67	S cart shell at nucleus  11 with with basis functions  147-147 
Shell   68	S cart shell at nucleus  11 with with basis functions  148-148 
Shell   69	S cart shell at nucleus  11 with with basis functions  149-149 
Shell   70	P cart shell at nucleus  11 with with basis functions  150-152 
Shell   71	P cart shell at nucleus  11 with with basis functions  153-155 
Shell   72	S cart shell at nucleus  12 with with basis functions  156-156 
Shell   73	S cart shell at nucleus  12 with with basis functions  157-157 
Shell   74	S cart shell at nucleus  12 with with basis functions  158-158 
Shell   75	P cart shell at nucleus  12 with with basis functions  159-161 
Shell   76	P cart shell at nucleus  12 with with basis functions  162-164 

Basis set contains 164 functions, maximum angular momentum is 2.
Spherical harmonic Gaussians are used by default, there are 172 cartesians.

Forming overlap matrix ... done (0.00 s)
Forming kinetic energy matrix ... done (0.00 s)
Forming nuclear attraction matrix ... done (0.02 s)

Smallest eigenvalue of overlap matrix is 1.16e-03, ratio to largest is 1.17e-04.
Using symmetric orthogonalization.
Basis set diagonalized in 0.00 s.

Initializing density fitting calculation, requiring 4 Mi 118 ki memory ... done (0.18 s)
Auxiliary basis contains 516 functions.

Initialization of computation done in 0.22 s.

alpha: HOMO-LUMO gap is -507.63 eV. Energies of lowest lying states:
   -18.716965     -0.831556*    -0.230208*    -0.418493*    -0.362439*
    -0.725062*    -0.668694*    -0.687254*   -18.695648*   -18.682376*
    -0.299241*    -0.518316*   -18.631605*    -0.324508*    -0.205646*
    -0.514740*    -0.310316*    -0.726333*    -0.749491*    -0.645928*
    -0.061909*    -0.045512      0.001259      0.003746      0.008272 
     0.041603      0.052470      0.063117      0.076995      0.078853 
beta:  HOMO-LUMO gap is    3.86 eV. Energies of lowest lying states:
   -18.816984*   -18.816975*   -18.726974*   -18.718357*    -0.955282*
    -0.953128*    -0.870712*    -0.851310*    -0.522240*    -0.514590*
    -0.455855*    -0.421581*    -0.389442*    -0.350999*    -0.306425*
    -0.298185*    -0.290274*    -0.259146*    -0.222576*    -0.203784*
    -0.061909     -0.045512      0.001259      0.003746      0.008272 

A pure exchange functional used, no exact exchange.
	atom  Npoints      Nfuncs  t
	   3     3966      467057  2.34 s
	   1     4512      545392  2.75 s
	   5     3602      327226  1.27 s
	   6     3602      365455  1.56 s
	   4     4700      495737  4.51 s
	   2     4054      480061  4.83 s
	   7     4000      387093  1.57 s
	   8     3814      414597  1.90 s
	  11     3446      325042  1.28 s
	   9     3318      296458  2.13 s
	  12     3866      370275  1.51 s
	  10     4520      473359  3.01 s
DFT XC grid constructed in 7.84 s.

 ******* Iteration    1 ********
Forming density fitted Coulomb matrix ... done (1.16 s)
Computing DFT exchange and correlation ... done (2.03 s)
Numerically integrated density is 39.99981 (+2.4995 %).
Warning - numerically integrated density seems inaccurate.
ADIIS weights
 1.00e+00 
CDIIS weights
 1.00e+00 
 DIIS weights
 1.00e+00 

Solving SCF equations ... done (0.01 s)
alpha: HOMO-LUMO gap is -582.94 eV. Energies of lowest lying states:
   -21.605708    -18.809532*   -18.795814*   -18.790365*    -1.816584*
    -1.355185*    -1.295133*    -1.253404*    -0.951530*    -0.946943*
    -0.939998*    -0.521226*    -0.518512*    -0.500632*    -0.428456*
    -0.419920*    -0.366725*    -0.307956*    -0.302169*    -0.294728*
    -0.183056*    -0.148985     -0.086319     -0.053447     -0.050307 
    -0.039377     -0.016314     -0.012022     -0.005120      0.000639 
beta:  HOMO-LUMO gap is    2.93 eV. Energies of lowest lying states:
   -23.302385*   -18.809484*   -18.794075*   -18.788738*    -1.865368*
    -1.402434*    -1.339814*    -1.296215*    -0.951455*    -0.942791*
    -0.935995*    -0.521221*    -0.514507*    -0.495587*    -0.425976*
    -0.418423*    -0.366726*    -0.305714*    -0.299213*    -0.294631*
    -0.186798     -0.155284     -0.088227     -0.051703     -0.032434 

Dipole:	x		y		z		dipole change
	 0.42614708	-1.05735772	 3.30907158	 3.499937e+00
Energy:	electronic	total		virial		energy change
	-413.71109301	-285.08324718	 1.03844132	-285.083
	kinetic		nuclear		Coulomb		XC
	 274.52995416	-918.24542573	 264.55325413	-34.54887557
Errors:	Max dens	RMS dens	DIIS
alpha	5.615509e-01	1.294499e-02	7.215921e-01
beta	5.720234e-01	1.056949e-02

Iteration took 3.21 s.

 ******* Iteration    2 ********
Forming density fitted Coulomb matrix ... done (1.18 s)
Computing DFT exchange and correlation ... done (1.96 s)
Numerically integrated density is 39.99994 (+2.4999 %).
Warning - numerically integrated density seems inaccurate.
ADIIS weights
 6.33e-01  3.67e-01 
CDIIS weights
 5.36e-01  4.64e-01 
 DIIS weights
 6.33e-01  3.67e-01 

Solving SCF equations ... done (0.01 s)
alpha: HOMO-LUMO gap is -554.19 eV. Energies of lowest lying states:
   -20.457919    -18.900236*   -18.885306*   -18.803632*    -1.215085*
    -0.995033*    -0.989725*    -0.920678*    -0.748845*    -0.662889*
    -0.599676*    -0.547710*    -0.547412*    -0.478525*    -0.431414*
    -0.426426*    -0.346722*    -0.338278*    -0.336039*    -0.268140*
    -0.091864*    -0.067753     -0.035893     -0.018948     -0.014601 
    -0.000108      0.022183      0.030404      0.043176      0.051406 
beta:  HOMO-LUMO gap is    5.09 eV. Energies of lowest lying states:
   -22.070269*   -18.897643*   -18.883263*   -18.803481*    -1.253947*
    -0.989386*    -0.985420*    -0.920315*    -0.772587*    -0.689877*
    -0.629038*    -0.543528*    -0.542684*    -0.478836*    -0.426660*
    -0.420678*    -0.341329*    -0.338057*    -0.332950*    -0.267944*
    -0.081001     -0.053105     -0.031562     -0.001624      0.004083 

Dipole:	x		y		z		dipole change
	-0.06562263	 0.49318877	 0.42172639	-2.847714e+00
Energy:	electronic	total		virial		energy change
	-413.07581353	-284.44796771	 0.98998627	 0.635279
	kinetic		nuclear		Coulomb		XC
	 287.32516385	-943.68511173	 279.43470961	-36.15057526
Errors:	Max dens	RMS dens	DIIS
alpha	3.135944e-01	9.145131e-03	8.387508e-01
beta	2.574449e-01	5.679862e-03

Iteration took 3.17 s.

 ******* Iteration    3 ********
Forming density fitted Coulomb matrix ... done (1.16 s)
Computing DFT exchange and correlation ... done (1.88 s)
Numerically integrated density is 39.99982 (+2.4995 %).
Warning - numerically integrated density seems inaccurate.
ADIIS weights
 3.07e-02  5.74e-16  9.69e-01 
CDIIS weights
 1.89e-01  7.81e-03  8.03e-01 
 DIIS weights
 3.07e-02  5.74e-16  9.69e-01 

Solving SCF equations ... done (0.01 s)
alpha: HOMO-LUMO gap is -542.41 eV. Energies of lowest lying states:
   -20.014598    -18.719742*   -18.711413*   -18.698806*    -1.051668*
    -0.916379*    -0.914193*    -0.887817*    -0.612868*    -0.504530*
    -0.487185*    -0.480720*    -0.439508*    -0.402439*    -0.361000*
    -0.356311*    -0.304041*    -0.270731*    -0.264302*    -0.234922*
    -0.081537*    -0.054980     -0.028838     -0.015024     -0.010472 
     0.008696      0.024895      0.035534      0.052191      0.057509 
beta:  HOMO-LUMO gap is    4.57 eV. Energies of lowest lying states:
   -21.570284*   -18.719560*   -18.709552*   -18.697216*    -1.087427*
    -0.912832*    -0.910663*    -0.887391*    -0.625968*    -0.516488*
    -0.482229*    -0.478347*    -0.445265*    -0.425735*    -0.359931*
    -0.354911*    -0.304183*    -0.268134*    -0.261011*    -0.234656*
    -0.066691     -0.034609     -0.021880      0.008563      0.015345 

Dipole:	x		y		z		dipole change
	-0.77526456	-0.40258560	-0.11978653	 2.295136e-01
Energy:	electronic	total		virial		energy change
	-414.36039413	-285.73254831	 1.00755064	-1.28458
	kinetic		nuclear		Coulomb		XC
	 283.59125399	-936.34086692	 274.13356884	-35.74435003
Errors:	Max dens	RMS dens	DIIS
alpha	1.486741e-01	3.252705e-03	1.886469e-01
beta	1.453276e-01	2.534047e-03

Iteration took 3.06 s.

 ******* Iteration    4 ********
Forming density fitted Coulomb matrix ... done (1.00 s)
Computing DFT exchange and correlation ... done (1.66 s)
Numerically integrated density is 39.99974 (+2.4994 %).
Warning - numerically integrated density seems inaccurate.
ADIIS weights
 2.25e-15  6.87e-17  6.58e-01  3.42e-01 
CDIIS weights
 9.51e-03 -1.86e-02  6.33e-01  3.77e-01 
 DIIS weights
 2.25e-15  6.87e-17  6.58e-01  3.42e-01 

Solving SCF equations ... done (0.01 s)
alpha: HOMO-LUMO gap is -547.76 eV. Energies of lowest lying states:
   -20.222110    -18.834078*   -18.834074*   -18.778045*    -1.132158*
    -0.968451*    -0.966714*    -0.912742*    -0.680586*    -0.573115*
    -0.528003*    -0.525939*    -0.494626*    -0.468589*    -0.411325*
    -0.405629*    -0.329375*    -0.321221*    -0.316333*    -0.259784*
    -0.092430*    -0.065068     -0.036066     -0.021897     -0.015988 
    -0.000451      0.019590      0.028576      0.041653      0.047729 
beta:  HOMO-LUMO gap is    4.91 eV. Energies of lowest lying states:
   -21.789416*   -18.832544*   -18.832488*   -18.777855*    -1.171723*
    -0.965053*    -0.963692*    -0.912280*    -0.700687*    -0.596289*
    -0.526172*    -0.522718*    -0.520274*    -0.470558*    -0.409855*
    -0.404221*    -0.329243*    -0.318605*    -0.313495*    -0.259507*
    -0.079153     -0.046827     -0.029493      0.000745      0.007182 

Dipole:	x		y		z		dipole change
	-0.14730996	 0.17417358	 0.28242859	-5.186902e-01
Energy:	electronic	total		virial		energy change
	-414.28773094	-285.65988512	 1.03442233	 0.0726632
	kinetic		nuclear		Coulomb		XC
	 276.15402056	-921.32521153	 265.54772342	-34.66426339
Errors:	Max dens	RMS dens	DIIS
alpha	6.417099e-02	1.939057e-03	2.476082e-01
beta	6.362652e-02	1.282925e-03

Iteration took 2.68 s.

 ******* Iteration    5 ********
Forming density fitted Coulomb matrix ... done (1.19 s)
Computing DFT exchange and correlation ... done (2.04 s)
Numerically integrated density is 39.99977 (+2.4994 %).
Warning - numerically integrated density seems inaccurate.
ADIIS weights
 1.51e-15  1.99e-16  1.49e-12  3.30e-14  1.00e+00 
CDIIS weights
-1.64e-02  2.11e-03  3.02e-01  1.59e-01  5.53e-01 
 DIIS weights
-8.15e-03  1.05e-03  1.50e-01  7.91e-02  7.78e-01 

Solving SCF equations ... done (0.01 s)
alpha: HOMO-LUMO gap is -550.52 eV. Energies of lowest lying states:
   -20.322498    -18.832297*   -18.819480*   -18.778525*    -1.162889*
    -0.966143*    -0.959807*    -0.912109*    -0.705704*    -0.604406*
    -0.532988*    -0.525068*    -0.522267*    -0.470557*    -0.405569*
    -0.401261*    -0.329288*    -0.318813*    -0.307445*    -0.259239*
    -0.091254*    -0.064700     -0.035892     -0.020342     -0.015303 
    -0.000149      0.020376      0.028950      0.042403      0.048959 
beta:  HOMO-LUMO gap is    4.93 eV. Energies of lowest lying states:
   -21.896172*   -18.830960*   -18.817985*   -18.778323*    -1.204249*
    -0.963344*    -0.956579*    -0.911619*    -0.729669*    -0.631738*
    -0.563311*    -0.521026*    -0.518328*    -0.471489*    -0.403686*
    -0.399761*    -0.329101*    -0.316320*    -0.304608*    -0.258951*
    -0.077698     -0.046636     -0.029285      0.002107      0.008389 

Dipole:	x		y		z		dipole change
	-0.37997523	 0.00989925	 0.37102406	 1.681204e-01
Energy:	electronic	total		virial		energy change
	-414.41761585	-285.78977003	 1.01972857	-0.129885
	kinetic		nuclear		Coulomb		XC
	 280.26062974	-930.10847302	 270.70586642	-35.27563899
Errors:	Max dens	RMS dens	DIIS
alpha	3.250711e-02	6.269271e-04	5.533478e-02
beta	3.392833e-02	5.223401e-04

Iteration took 3.26 s.

 ******* Iteration    6 ********
Forming density fitted Coulomb matrix ... done (1.29 s)
Computing DFT exchange and correlation ... done (2.05 s)
Numerically integrated density is 39.99978 (+2.4995 %).
Warning - numerically integrated density seems inaccurate.
ADIIS weights
 1.10e-17  3.43e-16  1.91e-14  1.51e-15  4.16e-01  5.84e-01 
CDIIS weights
 1.89e-04 -3.08e-03  7.28e-02  2.61e-02  4.43e-01  4.61e-01 
 DIIS weights
 1.19e-04 -1.94e-03  4.59e-02  1.64e-02  4.33e-01  5.06e-01 

Solving SCF equations ... done (0.01 s)
alpha: HOMO-LUMO gap is -549.19 eV. Energies of lowest lying states:
   -20.273707    -18.834982*   -18.832428*   -18.777053*    -1.143507*
    -0.967835*    -0.964801*    -0.911019*    -0.689120*    -0.585582*
    -0.528768*    -0.524353*    -0.509912*    -0.468346*    -0.410148*
    -0.402261*    -0.328064*    -0.318175*    -0.315307*    -0.258204*
    -0.091334*    -0.064808     -0.035223     -0.021384     -0.015265 
     0.000628      0.020487      0.029368      0.042443      0.049184 
beta:  HOMO-LUMO gap is    4.91 eV. Energies of lowest lying states:
   -21.845110*   -18.833588*   -18.831110*   -18.776853*    -1.184093*
    -0.964781*    -0.962057*    -0.910532*    -0.711336*    -0.610998*
    -0.540515*    -0.524673*    -0.519712*    -0.469666*    -0.408813*
    -0.400859*    -0.327902*    -0.315677*    -0.312646*    -0.257918*
    -0.077483     -0.046737     -0.028647      0.001702      0.007940 

Dipole:	x		y		z		dipole change
	-0.06975731	 0.31197528	 0.27582359	-1.089424e-01
Energy:	electronic	total		virial		energy change
	-414.41900505	-285.79115922	 1.01732640	-0.00138919
	kinetic		nuclear		Coulomb		XC
	 280.92376067	-931.18394517	 271.20091277	-35.35973331
Errors:	Max dens	RMS dens	DIIS
alpha	1.517027e-02	5.302863e-04	4.326166e-02
beta	1.533982e-02	2.412153e-04

Iteration took 3.37 s.

 ******* Iteration    7 ********
Forming density fitted Coulomb matrix ... done (1.27 s)
Computing DFT exchange and correlation ... done (1.75 s)
Numerically integrated density is 39.99978 (+2.4994 %).
Warning - numerically integrated density seems inaccurate.
ADIIS weights
 2.99e-15  2.17e-16  4.22e-13  3.06e-16  1.41e-11  5.23e-11  1.00e+00 
CDIIS weights
 9.82e-04 -2.14e-03  2.79e-02  8.17e-03  2.98e-01  3.77e-01  2.91e-01 
 DIIS weights
 9.82e-04 -2.14e-03  2.79e-02  8.17e-03  2.98e-01  3.77e-01  2.91e-01 

Solving SCF equations ... done (0.01 s)
alpha: HOMO-LUMO gap is -549.25 eV. Energies of lowest lying states:
   -20.276051    -18.834377*   -18.828656*   -18.777492*    -1.145077*
    -0.966669*    -0.964063*    -0.911421*    -0.690505*    -0.586820*
    -0.526307*    -0.525528*    -0.511384*    -0.468798*    -0.407999*
    -0.403188*    -0.328444*    -0.319669*    -0.312046*    -0.258586*
    -0.091313*    -0.064739     -0.035389     -0.020988     -0.015514 
     0.000385      0.020479      0.029305      0.042614      0.049080 
beta:  HOMO-LUMO gap is    4.92 eV. Energies of lowest lying states:
   -21.847731*   -18.833111*   -18.827242*   -18.777295*    -1.185737*
    -0.963911*    -0.961043*    -0.910941*    -0.712836*    -0.612428*
    -0.542080*    -0.521699*    -0.521254*    -0.470104*    -0.406509*
    -0.401941*    -0.328284*    -0.317277*    -0.309316*    -0.258305*
    -0.077560     -0.046582     -0.028790      0.001868      0.007964 

Dipole:	x		y		z		dipole change
	-0.26187627	 0.11885841	 0.29405624	-1.091466e-02
Energy:	electronic	total		virial		energy change
	-414.42164864	-285.79380281	 1.01817195	-0.00264359
	kinetic		nuclear		Coulomb		XC
	 280.69306296	-930.80354870	 271.02089791	-35.33206081
Errors:	Max dens	RMS dens	DIIS
alpha	5.917466e-03	2.738205e-04	6.488553e-03
beta	1.656946e-03	3.336924e-05

Iteration took 3.05 s.

 ******* Iteration    8 ********
Forming density fitted Coulomb matrix ... done (1.01 s)
Computing DFT exchange and correlation ... done (1.63 s)
Numerically integrated density is 39.99978 (+2.4994 %).
Warning - numerically integrated density seems inaccurate.
ADIIS weights
 4.30e-16  1.06e-15  3.50e-14  3.67e-15  7.59e-13  6.96e-13  6.29e-07  1.00e+00 
CDIIS weights
 3.23e-06 -2.05e-04  1.20e-03 -7.21e-04  7.80e-02  1.03e-01  1.54e-01  6.65e-01 
 DIIS weights
 3.23e-06 -2.05e-04  1.20e-03 -7.21e-04  7.80e-02  1.03e-01  1.54e-01  6.65e-01 

Solving SCF equations ... done (0.01 s)
alpha: HOMO-LUMO gap is -549.26 eV. Energies of lowest lying states:
   -20.276137    -18.833563*   -18.829233*   -18.778160*    -1.145288*
    -0.966177*    -0.964459*    -0.911790*    -0.690710*    -0.587023*
    -0.526547*    -0.525212*    -0.511578*    -0.469111*    -0.408240*
    -0.402946*    -0.328774*    -0.319168*    -0.312517*    -0.258939*
    -0.091368*    -0.064728     -0.035460     -0.021126     -0.015449 
     0.000364      0.020418      0.029232      0.042484      0.048991 
beta:  HOMO-LUMO gap is    4.93 eV. Energies of lowest lying states:
   -21.847920*   -18.832323*   -18.827851*   -18.777966*    -1.186004*
    -0.963385*    -0.961539*    -0.911316*    -0.713091*    -0.612669*
    -0.542327*    -0.522181*    -0.520719*    -0.470430*    -0.406807*
    -0.401701*    -0.328624*    -0.316787*    -0.309826*    -0.258663*
    -0.077598     -0.046583     -0.028894      0.001818      0.007967 

Dipole:	x		y		z		dipole change
	-0.20897148	 0.16633803	 0.29779795	-1.128329e-02
Energy:	electronic	total		virial		energy change
	-414.42179565	-285.79394983	 1.01825089	-0.000147019
	kinetic		nuclear		Coulomb		XC
	 280.67144594	-930.76261784	 270.99767305	-35.32829681
Errors:	Max dens	RMS dens	DIIS
alpha	1.328236e-03	7.361946e-05	5.233407e-04
beta	1.887622e-04	6.562131e-06

Iteration took 2.67 s.

 ******* Iteration    9 ********
Forming density fitted Coulomb matrix ... done (1.00 s)
Computing DFT exchange and correlation ... done (1.63 s)
Numerically integrated density is 39.99978 (+2.4994 %).
Warning - numerically integrated density seems inaccurate.
ADIIS weights
 1.22e-15  4.27e-17  2.89e-15  1.11e-14  5.02e-14  1.89e-11  2.33e-10  2.89e-01  7.11e-01 
CDIIS weights
-6.97e-05  3.79e-06 -7.22e-04 -1.02e-03  3.24e-02  4.21e-02  6.98e-02  4.60e-01  3.97e-01 
 DIIS weights
-6.97e-05  3.79e-06 -7.22e-04 -1.02e-03  3.24e-02  4.21e-02  6.98e-02  4.60e-01  3.97e-01 

Solving SCF equations ... done (0.01 s)
alpha: HOMO-LUMO gap is -549.26 eV. Energies of lowest lying states:
   -20.276156    -18.833825*   -18.829162*   -18.777764*    -1.145322*
    -0.966348*    -0.964380*    -0.911633*    -0.690743*    -0.587040*
    -0.526466*    -0.525376*    -0.511604*    -0.468999*    -0.408196*
    -0.403062*    -0.328629*    -0.319358*    -0.312412*    -0.258783*
    -0.091380*    -0.064744     -0.035454     -0.021105     -0.015486 
     0.000350      0.020425      0.029236      0.042499      0.048977 
beta:  HOMO-LUMO gap is    4.92 eV. Energies of lowest lying states:
   -21.847964*   -18.832599*   -18.827784*   -18.777570*    -1.186049*
    -0.963599*    -0.961440*    -0.911160*    -0.713134*    -0.612701*
    -0.542366*    -0.522055*    -0.520932*    -0.470314*    -0.406761*
    -0.401839*    -0.328479*    -0.316996*    -0.309721*    -0.258508*
    -0.077612     -0.046594     -0.028880      0.001820      0.007956 

Dipole:	x		y		z		dipole change
	-0.22673533	 0.14936757	 0.29772894	 2.915517e-03
Energy:	electronic	total		virial		energy change
	-414.42179863	-285.79395281	 1.01823655	-2.975e-06
	kinetic		nuclear		Coulomb		XC
	 280.67540205	-930.77464340	 271.00644545	-35.32900273
Errors:	Max dens	RMS dens	DIIS
alpha	5.399581e-04	2.491525e-05	3.748962e-04
beta	1.259346e-04	2.767382e-06

Iteration took 2.66 s.

 ******* Iteration   10 ********
Forming density fitted Coulomb matrix ... done (0.99 s)
Computing DFT exchange and correlation ... done (1.66 s)
Numerically integrated density is 39.99978 (+2.4994 %).
Warning - numerically integrated density seems inaccurate.
ADIIS weights
 2.21e-15  3.65e-17  1.54e-16  2.34e-15  1.23e-12  2.74e-13  3.80e-09  1.60e-05  1.05e-06  1.00e+00 
CDIIS weights
-2.04e-05  1.48e-05 -5.30e-04 -4.78e-04  6.33e-03  8.46e-03  1.41e-02  1.51e-01  1.90e-01  6.31e-01 
 DIIS weights
-2.04e-05  1.48e-05 -5.30e-04 -4.78e-04  6.33e-03  8.46e-03  1.41e-02  1.51e-01  1.90e-01  6.31e-01 

Solving SCF equations ... done (0.01 s)
alpha: HOMO-LUMO gap is -549.26 eV. Energies of lowest lying states:
   -20.276163    -18.833828*   -18.829137*   -18.777848*    -1.145336*
    -0.966363*    -0.964364*    -0.911661*    -0.690757*    -0.587047*
    -0.526454*    -0.525392*    -0.511614*    -0.469019*    -0.408184*
    -0.403066*    -0.328660*    -0.319372*    -0.312391*    -0.258814*
    -0.091387*    -0.064746     -0.035457     -0.021108     -0.015491 
     0.000346      0.020427      0.029236      0.042497      0.048969 
beta:  HOMO-LUMO gap is    4.92 eV. Energies of lowest lying states:
   -21.847992*   -18.832613*   -18.827764*   -18.777655*    -1.186070*
    -0.963629*    -0.961427*    -0.911188*    -0.713154*    -0.612715*
    -0.542383*    -0.522037*    -0.520959*    -0.470335*    -0.406754*
    -0.401854*    -0.328509*    -0.317022*    -0.309705*    -0.258538*
    -0.077615     -0.046595     -0.028883      0.001819      0.007955 

Dipole:	x		y		z		dipole change
	-0.22900421	 0.14683734	 0.29769170	 3.254446e-04
Energy:	electronic	total		virial		energy change
	-414.42179991	-285.79395408	 1.01824243	-1.27675e-06
	kinetic		nuclear		Coulomb		XC
	 280.67378091	-930.77136725	 271.00452118	-35.32873474
Errors:	Max dens	RMS dens	DIIS
alpha	8.003146e-05	4.205969e-06	8.059878e-05
beta	3.047291e-05	6.834637e-07

Iteration took 2.69 s.

 ******* Convergence achieved ********
Dipole moment is (-0.582071,0.373223,0.756657) D, |mu|=1.025003 D.
Solution of UDFT took 37.67 s.
alpha: HOMO-LUMO gap is -549.26 eV. Energies of lowest lying states:
   -20.276163    -18.833828*   -18.829137*   -18.777848*    -1.145336*
    -0.966363*    -0.964364*    -0.911661*    -0.690757*    -0.587047*
    -0.526454*    -0.525392*    -0.511614*    -0.469019*    -0.408184*
    -0.403066*    -0.328660*    -0.319372*    -0.312391*    -0.258814*
    -0.091387*    -0.064746     -0.035457     -0.021108     -0.015491 
     0.000346      0.020427      0.029236      0.042497      0.048969 
beta:  HOMO-LUMO gap is    4.92 eV. Energies of lowest lying states:
   -21.847992*   -18.832613*   -18.827764*   -18.777655*    -1.186070*
    -0.963629*    -0.961427*    -0.911188*    -0.713154*    -0.612715*
    -0.542383*    -0.522037*    -0.520959*    -0.470335*    -0.406754*
    -0.401854*    -0.328509*    -0.317022*    -0.309705*    -0.258538*
    -0.077615     -0.046595     -0.028883      0.001819      0.007955 

A pure exchange functional used, no exact exchange.
	atom  Npoints      Nfuncs  t
	   4    10042     1030576  5.09 s
	   3     8828     1006599  5.38 s
	   2     8940     1027532  5.59 s
	   1     9994     1165609  7.18 s
	   5     8320      735978  3.27 s
	   6     8560      849267  4.06 s
	   7     9738      922611  4.35 s
	   9     8488      738261  3.21 s
	   8     8756      929876  5.32 s
	  11     8320      772507  3.54 s
	  10     9882     1002622  4.89 s
	  12     8692      817538  3.78 s
DFT XC grid constructed in 15.35 s.

 ******* Iteration    1 ********
Forming density fitted Coulomb matrix ... done (1.20 s)
Computing DFT exchange and correlation ... done (6.56 s)
Numerically integrated density is 39.99997 (+2.4999 %).
Warning - numerically integrated density seems inaccurate.
ADIIS weights
 1.00e+00 
CDIIS weights
 1.00e+00 
 DIIS weights
 1.00e+00 

Solving SCF equations ... done (0.01 s)
alpha: HOMO-LUMO gap is -549.27 eV. Energies of lowest lying states:
   -20.276801    -18.833782*   -18.829191*   -18.777799*    -1.145361*
    -0.966288*    -0.964372*    -0.911604*    -0.690729*    -0.587020*
    -0.526483*    -0.525354*    -0.511585*    -0.468997*    -0.408209*
    -0.403043*    -0.328642*    -0.319334*    -0.312446*    -0.258800*
    -0.091391*    -0.064738     -0.035465     -0.021142     -0.015486 
     0.000348      0.020414      0.029245      0.042460      0.048941 
beta:  HOMO-LUMO gap is    4.92 eV. Energies of lowest lying states:
   -21.848025*   -18.832576*   -18.827827*   -18.777607*    -1.186068*
    -0.963553*    -0.961448*    -0.911131*    -0.713149*    -0.612712*
    -0.542381*    -0.522085*    -0.520905*    -0.470314*    -0.406787*
    -0.401834*    -0.328492*    -0.316986*    -0.309764*    -0.258525*
    -0.077606     -0.046590     -0.028875      0.001809      0.007949 

Dipole:	x		y		z		dipole change
	-0.22158639	 0.15227755	 0.29744412	 4.009513e-01
Energy:	electronic	total		virial		energy change
	-414.42168403	-285.79383821	 1.01823943	-285.794
	kinetic		nuclear		Coulomb		XC
	 280.67449655	-930.77289291	 271.00544417	-35.32873184
Errors:	Max dens	RMS dens	DIIS
alpha	6.201589e-04	2.684910e-05	1.455799e-04
beta	6.975779e-05	2.262804e-06

Iteration took 7.78 s.

 ******* Iteration    2 ********
Forming density fitted Coulomb matrix ... done (1.40 s)
Computing DFT exchange and correlation ... done (7.00 s)
Numerically integrated density is 39.99997 (+2.4999 %).
Warning - numerically integrated density seems inaccurate.
ADIIS weights
 6.50e-01  3.50e-01 
CDIIS weights
 2.18e-01  7.82e-01 
 DIIS weights
 2.18e-01  7.82e-01 

Solving SCF equations ... done (0.01 s)
alpha: HOMO-LUMO gap is -549.27 eV. Energies of lowest lying states:
   -20.276840    -18.833957*   -18.828979*   -18.777908*    -1.145382*
    -0.966403*    -0.964242*    -0.911647*    -0.690745*    -0.587035*
    -0.526389*    -0.525443*    -0.511605*    -0.469030*    -0.408131*
    -0.403104*    -0.328683*    -0.319462*    -0.312297*    -0.258845*
    -0.091389*    -0.064741     -0.035471     -0.021118     -0.015510 
     0.000337      0.020419      0.029245      0.042479      0.048938 
beta:  HOMO-LUMO gap is    4.92 eV. Energies of lowest lying states:
   -21.848090*   -18.832755*   -18.827613*   -18.777715*    -1.186092*
    -0.963692*    -0.961297*    -0.911174*    -0.713169*    -0.612733*
    -0.542405*    -0.521936*    -0.521048*    -0.470348*    -0.406700*
    -0.401905*    -0.328533*    -0.317122*    -0.309610*    -0.258569*
    -0.077610     -0.046589     -0.028878      0.001815      0.007944 

Dipole:	x		y		z		dipole change
	-0.23678435	 0.13859723	 0.29799964	 4.116308e-03
Energy:	electronic	total		virial		energy change
	-414.42168400	-285.79383817	 1.01824401	 3.11906e-08
	kinetic		nuclear		Coulomb		XC
	 280.67323318	-930.77095671	 271.00466879	-35.32862926
Errors:	Max dens	RMS dens	DIIS
alpha	4.303891e-04	2.038207e-05	5.588206e-05
beta	4.295493e-05	1.556819e-06

Iteration took 8.42 s.

 ******* Iteration    3 ********
Forming density fitted Coulomb matrix ... done (1.29 s)
Computing DFT exchange and correlation ... done (5.00 s)
Numerically integrated density is 39.99997 (+2.4999 %).
Warning - numerically integrated density seems inaccurate.
ADIIS weights
 3.43e-01  5.67e-01  8.99e-02 
CDIIS weights
 3.62e-02  6.90e-01  2.74e-01 
 DIIS weights
 3.62e-02  6.90e-01  2.74e-01 

Solving SCF equations ... done (0.01 s)
alpha: HOMO-LUMO gap is -549.27 eV. Energies of lowest lying states:
   -20.276830    -18.833817*   -18.829149*   -18.777867*    -1.145380*
    -0.966326*    -0.964334*    -0.911630*    -0.690745*    -0.587035*
    -0.526452*    -0.525389*    -0.511603*    -0.469016*    -0.408186*
    -0.403063*    -0.328664*    -0.319374*    -0.312402*    -0.258826*
    -0.091393*    -0.064740     -0.035470     -0.021137     -0.015498 
     0.000341      0.020415      0.029242      0.042463      0.048935 
beta:  HOMO-LUMO gap is    4.92 eV. Energies of lowest lying states:
   -21.848084*   -18.832614*   -18.827786*   -18.777674*    -1.186090*
    -0.963602*    -0.961404*    -0.911157*    -0.713169*    -0.612732*
    -0.542403*    -0.522038*    -0.520958*    -0.470334*    -0.406762*
    -0.401858*    -0.328514*    -0.317030*    -0.309719*    -0.258550*
    -0.077611     -0.046593     -0.028877      0.001808      0.007944 

Dipole:	x		y		z		dipole change
	-0.22771589	 0.14679778	 0.29772668	-2.519161e-03
Energy:	electronic	total		virial		energy change
	-414.42168372	-285.79383790	 1.01824133	 2.78811e-07
	kinetic		nuclear		Coulomb		XC
	 280.67397066	-930.77230538	 271.00537459	-35.32872359
Errors:	Max dens	RMS dens	DIIS
alpha	2.530597e-04	1.228833e-05	1.691229e-04
beta	3.762778e-05	1.047373e-06

Iteration took 6.31 s.

 ******* Iteration    4 ********
Forming density fitted Coulomb matrix ... done (1.26 s)
Computing DFT exchange and correlation ... done (5.01 s)
Numerically integrated density is 39.99997 (+2.4999 %).
Warning - numerically integrated density seems inaccurate.
ADIIS weights
 7.37e-02  1.05e-01  6.71e-03  8.15e-01 
CDIIS weights
 2.42e-03  4.34e-01  1.62e-01  4.02e-01 
 DIIS weights
 2.42e-03  4.34e-01  1.62e-01  4.02e-01 

Solving SCF equations ... done (0.01 s)
alpha: HOMO-LUMO gap is -549.27 eV. Energies of lowest lying states:
   -20.276813    -18.833832*   -18.829145*   -18.777841*    -1.145372*
    -0.966325*    -0.964339*    -0.911619*    -0.690738*    -0.587028*
    -0.526457*    -0.525387*    -0.511596*    -0.469007*    -0.408189*
    -0.403063*    -0.328654*    -0.319373*    -0.312407*    -0.258815*
    -0.091394*    -0.064740     -0.035468     -0.021139     -0.015496 
     0.000342      0.020415      0.029242      0.042462      0.048935 
beta:  HOMO-LUMO gap is    4.92 eV. Energies of lowest lying states:
   -21.848068*   -18.832629*   -18.827782*   -18.777648*    -1.186083*
    -0.963600*    -0.961410*    -0.911145*    -0.713162*    -0.612725*
    -0.542396*    -0.522045*    -0.520954*    -0.470325*    -0.406765*
    -0.401859*    -0.328503*    -0.317030*    -0.309724*    -0.258539*
    -0.077611     -0.046593     -0.028875      0.001807      0.007944 

Dipole:	x		y		z		dipole change
	-0.22649737	 0.14782099	 0.29758894	-4.150841e-04
Energy:	electronic	total		virial		energy change
	-414.42168407	-285.79383824	 1.01824183	-3.47505e-07
	kinetic		nuclear		Coulomb		XC
	 280.67383521	-930.77214424	 271.00533767	-35.32871271
Errors:	Max dens	RMS dens	DIIS
alpha	3.583994e-05	1.600851e-06	2.534373e-05
beta	8.027560e-06	2.194654e-07

Iteration took 6.29 s.

 ******* Iteration    5 ********
Forming density fitted Coulomb matrix ... done (1.29 s)
Computing DFT exchange and correlation ... done (5.90 s)
Numerically integrated density is 39.99997 (+2.4999 %).
Warning - numerically integrated density seems inaccurate.
ADIIS weights
 9.23e-04  2.42e-02  1.30e-03  4.42e-01  5.31e-01 
CDIIS weights
 4.30e-05  1.48e-01  5.55e-02  1.69e-01  6.28e-01 
 DIIS weights
 4.30e-05  1.48e-01  5.55e-02  1.69e-01  6.28e-01 

Solving SCF equations ... done (0.01 s)
alpha: HOMO-LUMO gap is -549.27 eV. Energies of lowest lying states:
   -20.276810    -18.833827*   -18.829144*   -18.777846*    -1.145371*
    -0.966322*    -0.964339*    -0.911621*    -0.690737*    -0.587028*
    -0.526456*    -0.525385*    -0.511594*    -0.469009*    -0.408188*
    -0.403062*    -0.328656*    -0.319371*    -0.312406*    -0.258817*
    -0.091393*    -0.064740     -0.035468     -0.021139     -0.015496 
     0.000342      0.020415      0.029242      0.042462      0.048935 
beta:  HOMO-LUMO gap is    4.92 eV. Energies of lowest lying states:
   -21.848066*   -18.832625*   -18.827781*   -18.777653*    -1.186082*
    -0.963598*    -0.961410*    -0.911148*    -0.713162*    -0.612725*
    -0.542395*    -0.522045*    -0.520952*    -0.470327*    -0.406765*
    -0.401857*    -0.328506*    -0.317027*    -0.309724*    -0.258541*
    -0.077610     -0.046593     -0.028876      0.001807      0.007944 

Dipole:	x		y		z		dipole change
	-0.22637389	 0.14791975	 0.29760964	-1.789333e-05
Energy:	electronic	total		virial		energy change
	-414.42168407	-285.79383825	 1.01824270	-5.25358e-09
	kinetic		nuclear		Coulomb		XC
	 280.67359485	-930.77165862	 271.00505827	-35.32867858
Errors:	Max dens	RMS dens	DIIS
alpha	7.630378e-06	2.747835e-07	3.639398e-06
beta	1.566381e-06	3.628785e-08

Iteration took 7.22 s.

 ******* Iteration    6 ********
Forming density fitted Coulomb matrix ... done (1.29 s)
Computing DFT exchange and correlation ... done (5.01 s)
Numerically integrated density is 39.99997 (+2.4999 %).
Warning - numerically integrated density seems inaccurate.
ADIIS weights
 4.02e-02  1.32e-01  2.43e-03  2.56e-01  2.85e-01  2.85e-01 
CDIIS weights
-3.23e-04  3.13e-02  1.48e-02  4.20e-02  3.96e-01  5.17e-01 
 DIIS weights
-3.23e-04  3.13e-02  1.48e-02  4.20e-02  3.96e-01  5.17e-01 

Solving SCF equations ... done (0.01 s)
alpha: HOMO-LUMO gap is -549.27 eV. Energies of lowest lying states:
   -20.276811    -18.833830*   -18.829144*   -18.777845*    -1.145372*
    -0.966324*    -0.964338*    -0.911620*    -0.690738*    -0.587028*
    -0.526456*    -0.525386*    -0.511595*    -0.469009*    -0.408188*
    -0.403063*    -0.328656*    -0.319372*    -0.312406*    -0.258816*
    -0.091393*    -0.064740     -0.035468     -0.021139     -0.015496 
     0.000342      0.020415      0.029242      0.042462      0.048935 
beta:  HOMO-LUMO gap is    4.92 eV. Energies of lowest lying states:
   -21.848067*   -18.832627*   -18.827781*   -18.777652*    -1.186083*
    -0.963599*    -0.961409*    -0.911147*    -0.713162*    -0.612725*
    -0.542395*    -0.522044*    -0.520953*    -0.470326*    -0.406765*
    -0.401858*    -0.328505*    -0.317029*    -0.309723*    -0.258541*
    -0.077610     -0.046593     -0.028876      0.001807      0.007944 

Dipole:	x		y		z		dipole change
	-0.22651436	 0.14778263	 0.29761226	 3.062201e-05
Energy:	electronic	total		virial		energy change
	-414.42168407	-285.79383825	 1.01824274	 2.84217e-13
	kinetic		nuclear		Coulomb		XC
	 280.67358328	-930.77163222	 271.00504195	-35.32867708
Errors:	Max dens	RMS dens	DIIS
alpha	4.078848e-06	2.166249e-07	1.817246e-06
beta	6.102386e-07	2.115402e-08

Iteration took 6.33 s.

 ******* Convergence achieved ********
Dipole moment is (-0.575742,0.375626,0.756455) D, |mu|=1.022153 D.
Solution of UDFT took 57.72 s.

Absolute energy correction: first peak should be at 534.82 eV.



Running program took 1 min 35.91 s.
Current time is Fri 06 Feb 2015 05:57:53.
