
Current Settings used by ERKALE:
     AtomGuess      	                Auto	Method used for atomic guess (Auto for same as method)
     AugChk         	  erkale_xrs_aug.chk	Save augmented calculation to file (if applicable)
     Basis          	         aug-cc-pVDZ	Basis set used in calculation
     BasisCutoff    	           1.000e-08	Cutoff for dropping out small primitives from contraction
     BasisOrth      	                Auto	Method of orthonormalization of basis set
     BasisRotate    	                true	Rotate basis set to remove redundant functions?
     C1-DIIS        	               false	Use older version of DIIS (C1-DIIS instead of C2-DIIS)?
     Charge         	                   0	Total charge of system
     DFTDelta       	           1.000e+02	Switch to final DFT grid, relative to deltaE and deltaP
     DFTDirect      	               false	Save memory by not storing values of basis functions in memory
     DFTFinalTol    	           1.000e-05	Tolerance of final DFT grid
     DFTGrid        	                Auto	DFT integration grid to use: nrad lmax or Auto for adaptive
     DFTInitialTol  	           1.000e-04	Tolerance of initial DFT grid
     DFTLobatto     	               false	Use Lobatto quadrature instead of Lebedev quadrature?
     DIISEps        	           1.000e-01	Start mixing in DIIS when error is
     DIISOrder      	                  10	How many DIIS iterations to keep in memory?
     DIISThr        	           1.000e-02	DIIS error threshold for DIIS updates
     DecFock        	               false	Use decontracted basis to calculate Fock matrix (direct HF)
     Decontract     	                    	Indices of atoms to decontract basis set for
     DeltaEmax      	           1.000e-06	Maximum allowed change of energy
     DeltaPmax      	           1.000e-05	Maximum allowed maximum difference of density matrix
     DeltaPrms      	           1.000e-06	Maximum allowed RMS difference of density matrix
     DensityFitting 	               false	Use density fitting / RI?
     Direct         	               false	Calculate two-electron integrals (or density fitting) on-the-fly?
     EField         	         0.0 0.0 0.0	Electric field
     FittingBasis   	                Auto	Basis to use for density fitting / RI (Auto for automatic)
     FittingMemory  	                1000	Amount of memory in MB to use for exchange fitting
     FittingThreshold	           1.000e-08	Linear dependence threshold for Coulomb integrals in density fitting
     Guess          	              Atomic	Used guess: atomic (default), core, or GWH
     LineSearch     	               false	Do line search in level shift (EXPENSIVE!)
     LoadChk        	 water_dimer_pbe.chk	Initialize with ground state calculation from file
     Logfile        	water_dimer_pbe_xrs.log	File to print out full information, stdout for screen
     MaxIter        	                 100	Maximum number of iterations in SCF cycle
     Method         	 gga_x_pbe-gga_c_pbe	Method used in calculation (HF or a DFT functional)
     Multiplicity   	                   1	Spin multiplicity
     Occupancies    	                    	Orbital occupancies
     PZ             	                  No	Perform Perdew-Zunger self-interaction correction? No, Pert, Full, OldFull, Real, Can, CanPert
     PZEmax         	           1.000e-06	Threshold for energy change in unitary optimization
     PZHam          	                Symm	Hamiltonian to use in PZ-SIC: Symm, United
     PZKmax         	           1.000e-03	Threshold for kappa max in unitary optimization
     PZKrms         	           1.000e-04	Threshold for kappa rms in unitary optimization
     PZdEmax        	           1.000e-05	Tolerance threshold for energy convergence
     PZdPmax        	           1.000e-05	Tolerance threshold for density convergence
     PZdPrms        	           1.000e-06	Tolerance threshold for density convergence
     PZiter         	                  20	Max number of iterations in self-consistency iteration
     PZloc          	                true	Initial localization before SIC calculation?
     PZmode         	              CoulXC	Mode to use PZ-SIC in. Coul, CoulX, CoulC, CoulXC
     PZseed         	                   0	Seed number for randomized matrices?
     PZstab         	                   0	Stability analysis for PZ-SIC? 0 for no, 1 for oo block, 2 for full analysis
     PZstabFz       	                    	Orbitals to freeze for stability analysis (only oo!)
     PZunit         	                  10	Max number of iterations in unitary optimization
     PZw            	           1.000e+00	Weight for Perdew-Zunger self-interaction correction
     SaveChk        	water_dimer_pbe_xrs.chk	Try initializing with and save results to file
     ShPairThr      	           1.000e-14	Threshold for shell pair screening, (ij|ij)<thr
     Shift          	           0.000e+00	Level shift to use in Hartree
     StrictIntegrals	               false	Use strict integrals?
     System         	 water_dimer_xrs.xyz	System as an xyz file
     UseADIIS       	                true	Use ADIIS for Fock matrix interpolation?
     UseBroyden     	               false	Use Broyden mixing of Fock matrices?
     UseDIIS        	                true	Use Pulay's Direct Inversion in the Iterative Subspace?
     UseLM          	                true	Use a spherical harmonics basis set by default?
     UseTRDSM       	               false	Use Trust-Region DSM?
     UseTRRH        	               false	Use Trust-Region Roothaan-Hall?
     Verbose        	                true	Verbose calculation?
     XRSAugment     	                    	Which atoms to augment with diffuse functions? E.g. 1,3:5,10
     XRSDoubleBasis 	              X-AUTO	The augmentation basis to use for double-basis set calculations
     XRSGridTol     	           1.000e-04	DFT grid tolerance in double basis set calculation
     XRSInitialOrbital	                   1	Index of orbital in state to excite
     XRSInitialState	                  1s	Initial atomic state to excite
     XRSLmax        	                   5	Local: expand orbitals up to Lmax
     XRSLquad       	                  30	Local: perform angular expansion using quadrature of Lquad order
     XRSMethod      	                  tp	Which kind of calculation to perform: TP, XCH or FCH
     XRSNrad        	                 200	Local: how many point to use in radial integration
     XRSQMethod     	             Fourier	Method of computing momentum transfer matrix: Local, Fourier or Series
     XRSQval        	                    	List or range of Q values to compute
     XRSSpin        	               false	Spin to excite (false for alpha, true for beta)

Basis set aug-cc-pVDZ found in file aug-cc-pVDZ.gbs in /usr/share/erkale/basis/.
Initializing with ground-state calculation from water_dimer_pbe.chk.

Localizing 2 orbitals on center 1.
	sh i       occ  R [Å]
	1s 1* 0.999984  0.028
	2s 1  0.973695  0.929

There are 38 shells and 6 nuclei in the basis set.

List of nuclei, geometry in Ångström with three decimal places:
		 Z	    x	    y	    z
1	O	 8	 -1.464	  0.099	  0.300
2	H	 1	 -1.956	  0.624	 -0.340
3	H	 1	 -1.797	 -0.799	  0.206
4	O	 8	  1.369	  0.146	 -0.395
5	H	 1	  1.894	  0.486	  0.335
6	H	 1	  0.451	  0.165	 -0.083

List of basis functions:
Shell    1	S cart shell at nucleus   1 with with basis functions    1-1   
Shell    2	S cart shell at nucleus   1 with with basis functions    2-2   
Shell    3	S cart shell at nucleus   1 with with basis functions    3-3   
Shell    4	S cart shell at nucleus   1 with with basis functions    4-4   
Shell    5	P cart shell at nucleus   1 with with basis functions    5-7   
Shell    6	P cart shell at nucleus   1 with with basis functions    8-10  
Shell    7	P cart shell at nucleus   1 with with basis functions   11-13  
Shell    8	D  sph shell at nucleus   1 with with basis functions   14-18  
Shell    9	D  sph shell at nucleus   1 with with basis functions   19-23  
Shell   10	S cart shell at nucleus   2 with with basis functions   24-24  
Shell   11	S cart shell at nucleus   2 with with basis functions   25-25  
Shell   12	S cart shell at nucleus   2 with with basis functions   26-26  
Shell   13	P cart shell at nucleus   2 with with basis functions   27-29  
Shell   14	P cart shell at nucleus   2 with with basis functions   30-32  
Shell   15	S cart shell at nucleus   3 with with basis functions   33-33  
Shell   16	S cart shell at nucleus   3 with with basis functions   34-34  
Shell   17	S cart shell at nucleus   3 with with basis functions   35-35  
Shell   18	P cart shell at nucleus   3 with with basis functions   36-38  
Shell   19	P cart shell at nucleus   3 with with basis functions   39-41  
Shell   20	S cart shell at nucleus   4 with with basis functions   42-42  
Shell   21	S cart shell at nucleus   4 with with basis functions   43-43  
Shell   22	S cart shell at nucleus   4 with with basis functions   44-44  
Shell   23	S cart shell at nucleus   4 with with basis functions   45-45  
Shell   24	P cart shell at nucleus   4 with with basis functions   46-48  
Shell   25	P cart shell at nucleus   4 with with basis functions   49-51  
Shell   26	P cart shell at nucleus   4 with with basis functions   52-54  
Shell   27	D  sph shell at nucleus   4 with with basis functions   55-59  
Shell   28	D  sph shell at nucleus   4 with with basis functions   60-64  
Shell   29	S cart shell at nucleus   5 with with basis functions   65-65  
Shell   30	S cart shell at nucleus   5 with with basis functions   66-66  
Shell   31	S cart shell at nucleus   5 with with basis functions   67-67  
Shell   32	P cart shell at nucleus   5 with with basis functions   68-70  
Shell   33	P cart shell at nucleus   5 with with basis functions   71-73  
Shell   34	S cart shell at nucleus   6 with with basis functions   74-74  
Shell   35	S cart shell at nucleus   6 with with basis functions   75-75  
Shell   36	S cart shell at nucleus   6 with with basis functions   76-76  
Shell   37	P cart shell at nucleus   6 with with basis functions   77-79  
Shell   38	P cart shell at nucleus   6 with with basis functions   80-82  

Basis set contains 82 functions, maximum angular momentum is 2.
Spherical harmonic Gaussians are used by default, there are 86 cartesians.

Forming overlap matrix ... done (0.00 s)
Forming kinetic energy matrix ... done (0.00 s)
Forming nuclear attraction matrix ... done (0.00 s)

Smallest eigenvalue of overlap matrix is 1.61e-03, ratio to largest is 2.11e-04.
Using symmetric orthogonalization.
Basis set diagonalized in 0.00 s.

Forming table of 46335248 ERIs, requiring 44 Mi 193 ki of memory ... done (0.64 s)

Initialization of computation done in 0.64 s.

alpha: HOMO-LUMO gap is   17.42 eV. Energies of lowest lying states:
   -18.794780o    -0.884497*    -0.303005*    -0.453275*    -0.510970*
    -0.714680*   -18.662481*    -0.239674*    -0.354899*    -0.687280*
    -0.047088     -0.003075      0.011620      0.048787      0.078407 
beta:  HOMO-LUMO gap is    5.24 eV. Energies of lowest lying states:
   -18.805645*   -18.749248*    -0.959603*    -0.902685*    -0.511050*
    -0.460037*    -0.372138*    -0.315367*    -0.290120*    -0.239647*
    -0.047088     -0.003075      0.011620      0.048787      0.078407 

A pure exchange functional used, no exact exchange.
	atom  Npoints      Nfuncs  t
	   2     3114      195731  0.52 s
	   1     4172      275886  0.82 s
	   3     3258      205486  1.02 s
	   5     3162      191237  0.50 s
	   4     3944      253052  1.18 s
	   6     3274      229213  0.65 s
DFT XC grid constructed in 1.47 s.

 ******* Iteration    1 ********
Forming HF Coulomb matrix ... done (0.05 s)
Computing DFT exchange and correlation ... done (0.37 s)
Numerically integrated density is 19.50000 (-0.0000 %).
ADIIS weights
 1.00e+00 
CDIIS weights
 1.00e+00 
 DIIS weights
 1.00e+00 

Solving SCF equations ... done (0.00 s)
alpha: HOMO-LUMO gap is    2.37 eV. Energies of lowest lying states:
   -20.691716o   -18.839936*    -1.498617*    -1.010753*    -0.998284*
    -0.911193*    -0.855295*    -0.552826*    -0.404873*    -0.329850*
    -0.242892     -0.184821     -0.097136     -0.066484     -0.034261 
beta:  HOMO-LUMO gap is    2.27 eV. Energies of lowest lying states:
   -21.174233*   -18.839936*    -1.513398*    -1.023332*    -0.998364*
    -0.924948*    -0.869342*    -0.552941*    -0.404910*    -0.329854*
    -0.246319     -0.189071     -0.097913     -0.067578     -0.034670 

Dipole:	x		y		z		dipole change
	-2.48695891	-0.15719090	-0.05682787	 2.492570e+00
Energy:	electronic	total		virial		energy change
	-179.35109807	-142.84822597	 1.04177050	-142.848
	kinetic		nuclear		Coulomb		XC
	 137.12062855	-401.73643545	 102.29700487	-17.03229604
Errors:	Max dens	RMS dens	DIIS
alpha	2.828571e-01	7.787426e-03	3.885893e-01
beta	2.986998e-01	8.311421e-03

Iteration took 0.43 s.

 ******* Iteration    2 ********
Forming HF Coulomb matrix ... done (0.05 s)
Computing DFT exchange and correlation ... done (0.37 s)
Numerically integrated density is 19.49996 (-0.0002 %).
ADIIS weights
 6.60e-01  3.40e-01 
CDIIS weights
 5.82e-01  4.18e-01 
 DIIS weights
 6.60e-01  3.40e-01 

Solving SCF equations ... done (0.00 s)
alpha: HOMO-LUMO gap is    3.80 eV. Energies of lowest lying states:
   -20.121312o   -18.853223*    -1.268456*    -0.999932*    -0.795570*
    -0.665790*    -0.602139*    -0.547015*    -0.407628*    -0.333353*
    -0.193574     -0.122458     -0.081714     -0.039765     -0.019736 
beta:  HOMO-LUMO gap is    3.73 eV. Energies of lowest lying states:
   -20.599976*   -18.853219*    -1.281699*    -0.999930*    -0.804369*
    -0.676534*    -0.612689*    -0.548138*    -0.407696*    -0.333351*
    -0.196395     -0.125860     -0.082244     -0.040615     -0.020160 

Dipole:	x		y		z		dipole change
	-2.35809484	-0.01512852	 0.27684543	-1.182310e-01
Energy:	electronic	total		virial		energy change
	-179.14112663	-142.63825453	 0.98534349	 0.209971
	kinetic		nuclear		Coulomb		XC
	 144.75993029	-416.12567742	 110.29880808	-18.07418757
Errors:	Max dens	RMS dens	DIIS
alpha	1.555955e-01	4.174542e-03	5.634813e-01
beta	1.569022e-01	4.179757e-03

Iteration took 0.43 s.

 ******* Iteration    3 ********
Forming HF Coulomb matrix ... done (0.05 s)
Computing DFT exchange and correlation ... done (0.36 s)
Numerically integrated density is 19.49997 (-0.0001 %).
ADIIS weights
 4.74e-02  1.44e-20  9.53e-01 
CDIIS weights
 6.65e-02 -1.50e-01  1.08e+00 
 DIIS weights
 4.74e-02  1.44e-20  9.53e-01 

Solving SCF equations ... done (0.00 s)
alpha: HOMO-LUMO gap is    4.18 eV. Energies of lowest lying states:
   -19.860242o   -18.823114*    -1.158522*    -0.987313*    -0.701039*
    -0.567491*    -0.536559*    -0.478440*    -0.394710*    -0.320909*
    -0.167189     -0.092943     -0.074478     -0.026776     -0.009762 
beta:  HOMO-LUMO gap is    4.13 eV. Energies of lowest lying states:
   -20.337472*   -18.823101*    -1.171780*    -0.987292*    -0.708535*
    -0.574836*    -0.540224*    -0.488483*    -0.394893*    -0.320898*
    -0.169195     -0.095283     -0.074901     -0.027133     -0.010064 

Dipole:	x		y		z		dipole change
	-2.24383607	 0.05035666	 0.41552155	-9.179736e-02
Energy:	electronic	total		virial		energy change
	-179.50915290	-143.00628080	 1.01245748	-0.368026
	kinetic		nuclear		Coulomb		XC
	 141.24670291	-409.70771498	 106.54154502	-17.58968585
Errors:	Max dens	RMS dens	DIIS
alpha	7.244954e-02	2.172408e-03	9.999124e-02
beta	7.076108e-02	2.105810e-03

Iteration took 0.41 s.

 ******* Iteration    4 ********
Forming HF Coulomb matrix ... done (0.05 s)
Computing DFT exchange and correlation ... done (0.38 s)
Numerically integrated density is 19.49998 (-0.0001 %).
ADIIS weights
 1.38e-13  6.06e-15  6.30e-01  3.70e-01 
CDIIS weights
 4.92e-03 -1.71e-02  6.37e-01  3.75e-01 
 DIIS weights
 1.38e-13  6.06e-15  6.30e-01  3.70e-01 

Solving SCF equations ... done (0.00 s)
alpha: HOMO-LUMO gap is    4.14 eV. Energies of lowest lying states:
   -19.978631o   -18.841114*    -1.204301*    -0.995177*    -0.739589*
    -0.607841*    -0.555932*    -0.521945*    -0.402901*    -0.328713*
    -0.176594     -0.103887     -0.078151     -0.031526     -0.014481 
beta:  HOMO-LUMO gap is    4.08 eV. Energies of lowest lying states:
   -20.456784*   -18.841098*    -1.218428*    -0.995149*    -0.748294*
    -0.618515*    -0.560827*    -0.529795*    -0.403006*    -0.328700*
    -0.178596     -0.106423     -0.078583     -0.031822     -0.014658 

Dipole:	x		y		z		dipole change
	-2.32419355	 0.01021062	 0.33346563	 6.547483e-02
Energy:	electronic	total		virial		energy change
	-179.49707328	-142.99420118	 1.02727147	 0.0120796
	kinetic		nuclear		Coulomb		XC
	 139.19806581	-405.56786488	 104.16307197	-17.29034617
Errors:	Max dens	RMS dens	DIIS
alpha	3.502955e-02	1.068427e-03	1.345620e-01
beta	3.591325e-02	1.081066e-03

Iteration took 0.44 s.

 ******* Iteration    5 ********
Forming HF Coulomb matrix ... done (0.05 s)
Computing DFT exchange and correlation ... done (0.36 s)
Numerically integrated density is 19.49998 (-0.0001 %).
ADIIS weights
 2.12e-14  2.38e-16  2.93e-13  3.60e-15  1.00e+00 
CDIIS weights
-2.17e-03  4.66e-03  1.56e-01  2.39e-02  8.18e-01 
 DIIS weights
-1.95e-03  4.20e-03  1.40e-01  2.15e-02  8.36e-01 

Solving SCF equations ... done (0.00 s)
alpha: HOMO-LUMO gap is    4.05 eV. Energies of lowest lying states:
   -20.002631o   -18.840592*    -1.214282*    -0.994824*    -0.748084*
    -0.616219*    -0.559793*    -0.528369*    -0.402622*    -0.328360*
    -0.179388     -0.106833     -0.078448     -0.032743     -0.015224 
beta:  HOMO-LUMO gap is    4.00 eV. Energies of lowest lying states:
   -20.481164*   -18.840573*    -1.228712*    -0.994792*    -0.757073*
    -0.627393*    -0.566545*    -0.534599*    -0.402716*    -0.328346*
    -0.181283     -0.109306     -0.078870     -0.032957     -0.015316 

Dipole:	x		y		z		dipole change
	-2.32903910	 0.00483183	 0.32082794	 3.021424e-03
Energy:	electronic	total		virial		energy change
	-179.52143986	-143.01856776	 1.01989811	-0.0243666
	kinetic		nuclear		Coulomb		XC
	 140.22829032	-407.68327690	 105.37514636	-17.44159964
Errors:	Max dens	RMS dens	DIIS
alpha	6.466440e-03	1.882729e-04	1.894712e-02
beta	6.958726e-03	2.008152e-04

Iteration took 0.42 s.

 ******* Iteration    6 ********
Forming HF Coulomb matrix ... done (0.05 s)
Computing DFT exchange and correlation ... done (0.33 s)
Numerically integrated density is 19.49998 (-0.0001 %).
ADIIS weights
 1.10e-14  9.37e-17  5.33e-13  4.35e-13  2.87e-09  1.00e+00 
CDIIS weights
 1.68e-04 -2.02e-03  8.95e-02  1.21e-02  4.02e-01  4.98e-01 
 DIIS weights
 1.68e-04 -2.02e-03  8.95e-02  1.21e-02  4.02e-01  4.98e-01 

Solving SCF equations ... done (0.00 s)
alpha: HOMO-LUMO gap is    4.08 eV. Energies of lowest lying states:
   -19.999297o   -18.841901*    -1.212786*    -0.995330*    -0.746845*
    -0.614908*    -0.559293*    -0.527629*    -0.403093*    -0.328871*
    -0.179104     -0.106515     -0.078447     -0.032622     -0.015151 
beta:  HOMO-LUMO gap is    4.02 eV. Energies of lowest lying states:
   -20.477863*   -18.841882*    -1.227236*    -0.995297*    -0.755815*
    -0.626060*    -0.565718*    -0.534221*    -0.403188*    -0.328856*
    -0.180961     -0.108947     -0.078866     -0.032819     -0.015234 

Dipole:	x		y		z		dipole change
	-2.32852732	 0.00644274	 0.32487137	 5.217085e-05
Energy:	electronic	total		virial		energy change
	-179.52187207	-143.01899997	 1.01869392	-0.000432212
	kinetic		nuclear		Coulomb		XC
	 140.39447737	-408.01300827	 105.56209303	-17.46543421
Errors:	Max dens	RMS dens	DIIS
alpha	1.027448e-03	3.381450e-05	3.061998e-03
beta	9.458962e-04	3.102596e-05

Iteration took 0.40 s.

 ******* Iteration    7 ********
Forming HF Coulomb matrix ... done (0.05 s)
Computing DFT exchange and correlation ... done (0.39 s)
Numerically integrated density is 19.49998 (-0.0001 %).
ADIIS weights
 1.19e-15  1.05e-15  2.16e-12  1.07e-15  9.79e-10  9.56e-07  1.00e+00 
CDIIS weights
-2.75e-05  1.45e-04  8.59e-04 -1.07e-03  2.89e-02  1.14e-01  8.57e-01 
 DIIS weights
-2.75e-05  1.45e-04  8.59e-04 -1.07e-03  2.89e-02  1.14e-01  8.57e-01 

Solving SCF equations ... done (0.00 s)
alpha: HOMO-LUMO gap is    4.07 eV. Energies of lowest lying states:
   -19.999381o   -18.841770*    -1.212852*    -0.995278*    -0.746929*
    -0.614989*    -0.559307*    -0.527652*    -0.403035*    -0.328813*
    -0.179179     -0.106596     -0.078456     -0.032664     -0.015188 
beta:  HOMO-LUMO gap is    4.02 eV. Energies of lowest lying states:
   -20.478023*   -18.841750*    -1.227368*    -0.995243*    -0.755927*
    -0.626198*    -0.565789*    -0.534253*    -0.403130*    -0.328797*
    -0.180985     -0.108982     -0.078871     -0.032837     -0.015251 

Dipole:	x		y		z		dipole change
	-2.32847616	 0.00626663	 0.32439452	-1.169872e-04
Energy:	electronic	total		virial		energy change
	-179.52188708	-143.01901498	 1.01879859	-1.50014e-05
	kinetic		nuclear		Coulomb		XC
	 140.38006751	-407.98517165	 105.54666966	-17.46345260
Errors:	Max dens	RMS dens	DIIS
alpha	6.110102e-05	2.557799e-06	1.569108e-04
beta	1.354421e-04	4.396299e-06

Iteration took 0.45 s.

 ******* Iteration    8 ********
Forming HF Coulomb matrix ... done (0.05 s)
Computing DFT exchange and correlation ... done (0.36 s)
Numerically integrated density is 19.49998 (-0.0001 %).
ADIIS weights
 4.88e-14  1.21e-15  1.91e-12  1.05e-12  1.79e-10  1.08e-07  6.80e-05  1.00e+00 
CDIIS weights
 8.45e-06  4.76e-05 -7.04e-04 -4.77e-04  1.89e-03  1.70e-02  1.92e-01  7.90e-01 
 DIIS weights
 8.45e-06  4.76e-05 -7.04e-04 -4.77e-04  1.89e-03  1.70e-02  1.92e-01  7.90e-01 

Solving SCF equations ... done (0.00 s)
alpha: HOMO-LUMO gap is    4.07 eV. Energies of lowest lying states:
   -19.999373o   -18.841775*    -1.212843*    -0.995279*    -0.746924*
    -0.614982*    -0.559304*    -0.527648*    -0.403040*    -0.328816*
    -0.179185     -0.106603     -0.078457     -0.032668     -0.015190 
beta:  HOMO-LUMO gap is    4.02 eV. Energies of lowest lying states:
   -20.478035*   -18.841755*    -1.227378*    -0.995245*    -0.755929*
    -0.626206*    -0.565795*    -0.534258*    -0.403135*    -0.328801*
    -0.180977     -0.108973     -0.078871     -0.032834     -0.015248 

Dipole:	x		y		z		dipole change
	-2.32847675	 0.00628085	 0.32443348	 6.003218e-06
Energy:	electronic	total		virial		energy change
	-179.52188720	-143.01901510	 1.01879930	-1.26656e-07
	kinetic		nuclear		Coulomb		XC
	 140.37996960	-407.98477577	 105.54634856	-17.46342959
Errors:	Max dens	RMS dens	DIIS
alpha	2.328116e-05	7.069885e-07	9.609163e-06
beta	2.890473e-05	8.830139e-07

Iteration took 0.42 s.

 ******* Convergence achieved ********
Dipole moment is (-5.918397,0.015964,0.824628) D, |mu|=5.975591 D.
Solution of UDFT took 4.88 s.
alpha: HOMO-LUMO gap is    4.07 eV. Energies of lowest lying states:
   -19.999373o   -18.841775*    -1.212843*    -0.995279*    -0.746924*
    -0.614982*    -0.559304*    -0.527648*    -0.403040*    -0.328816*
    -0.179185     -0.106603     -0.078457     -0.032668     -0.015190 
beta:  HOMO-LUMO gap is    4.02 eV. Energies of lowest lying states:
   -20.478035*   -18.841755*    -1.227378*    -0.995245*    -0.755929*
    -0.626206*    -0.565795*    -0.534258*    -0.403135*    -0.328801*
    -0.180977     -0.108973     -0.078871     -0.032834     -0.015248 

A pure exchange functional used, no exact exchange.
	atom  Npoints      Nfuncs  t
	   2     7172      448273  1.53 s
	   3     7484      461500  2.60 s
	   1     8578      560047  2.65 s
	   4     8518      541598  3.16 s
	   5     7088      424094  1.78 s
	   6     7820      530115  1.94 s
DFT XC grid constructed in 4.54 s.

 ******* Iteration    1 ********
Forming HF Coulomb matrix ... done (0.07 s)
Computing DFT exchange and correlation ... done (1.09 s)
Numerically integrated density is 19.50000 (+0.0000 %).
ADIIS weights
 1.00e+00 
CDIIS weights
 1.00e+00 
 DIIS weights
 1.00e+00 

Solving SCF equations ... done (0.00 s)
alpha: HOMO-LUMO gap is    4.07 eV. Energies of lowest lying states:
   -19.999337o   -18.841782*    -1.212879*    -0.995255*    -0.746935*
    -0.614978*    -0.559303*    -0.527646*    -0.403049*    -0.328827*
    -0.179196     -0.106609     -0.078454     -0.032653     -0.015182 
beta:  HOMO-LUMO gap is    4.02 eV. Energies of lowest lying states:
   -20.477975*   -18.841762*    -1.227407*    -0.995220*    -0.755954*
    -0.626225*    -0.565807*    -0.534270*    -0.403144*    -0.328812*
    -0.180977     -0.108977     -0.078868     -0.032817     -0.015239 

Dipole:	x		y		z		dipole change
	-2.32858013	 0.00623052	 0.32442561	 2.351080e+00
Energy:	electronic	total		virial		energy change
	-179.52189404	-143.01902194	 1.01879857	-143.019
	kinetic		nuclear		Coulomb		XC
	 140.38007678	-407.98501185	 105.54649558	-17.46345455
Errors:	Max dens	RMS dens	DIIS
alpha	4.799100e-05	2.610874e-06	1.427420e-04
beta	4.945483e-05	2.506209e-06

Iteration took 1.16 s.

 ******* Iteration    2 ********
Forming HF Coulomb matrix ... done (0.05 s)
Computing DFT exchange and correlation ... done (0.93 s)
Numerically integrated density is 19.50000 (+0.0000 %).
ADIIS weights
 5.39e-02  9.46e-01 
CDIIS weights
 1.85e-01  8.15e-01 
 DIIS weights
 1.85e-01  8.15e-01 

Solving SCF equations ... done (0.00 s)
alpha: HOMO-LUMO gap is    4.07 eV. Energies of lowest lying states:
   -19.999238o   -18.841732*    -1.212843*    -0.995234*    -0.746905*
    -0.614943*    -0.559276*    -0.527614*    -0.403025*    -0.328805*
    -0.179191     -0.106603     -0.078449     -0.032650     -0.015179 
beta:  HOMO-LUMO gap is    4.02 eV. Energies of lowest lying states:
   -20.477880*   -18.841712*    -1.227374*    -0.995199*    -0.755925*
    -0.626193*    -0.565778*    -0.534244*    -0.403120*    -0.328790*
    -0.180970     -0.108968     -0.078864     -0.032813     -0.015235 

Dipole:	x		y		z		dipole change
	-2.32847000	 0.00625021	 0.32442824	-1.086610e-04
Energy:	electronic	total		virial		energy change
	-179.52189405	-143.01902195	 1.01879386	-6.69894e-09
	kinetic		nuclear		Coulomb		XC
	 140.38072613	-407.98643147	 105.54737352	-17.46356223
Errors:	Max dens	RMS dens	DIIS
alpha	3.236837e-05	1.078595e-06	4.222569e-05
beta	2.429691e-05	8.677609e-07

Iteration took 0.99 s.

 ******* Iteration    3 ********
Forming HF Coulomb matrix ... done (0.05 s)
Computing DFT exchange and correlation ... done (0.88 s)
Numerically integrated density is 19.50000 (+0.0000 %).
ADIIS weights
 2.79e-03  6.56e-01  3.41e-01 
CDIIS weights
 8.40e-03  5.56e-01  4.36e-01 
 DIIS weights
 8.40e-03  5.56e-01  4.36e-01 

Solving SCF equations ... done (0.00 s)
alpha: HOMO-LUMO gap is    4.07 eV. Energies of lowest lying states:
   -19.999289o   -18.841768*    -1.212862*    -0.995248*    -0.746921*
    -0.614962*    -0.559292*    -0.527632*    -0.403039*    -0.328820*
    -0.179196     -0.106609     -0.078452     -0.032653     -0.015181 
beta:  HOMO-LUMO gap is    4.02 eV. Energies of lowest lying states:
   -20.477932*   -18.841748*    -1.227394*    -0.995213*    -0.755943*
    -0.626214*    -0.565796*    -0.534261*    -0.403134*    -0.328804*
    -0.180974     -0.108973     -0.078867     -0.032815     -0.015238 

Dipole:	x		y		z		dipole change
	-2.32852392	 0.00624677	 0.32443374	 5.415948e-05
Energy:	electronic	total		virial		energy change
	-179.52189405	-143.01902195	 1.01880217	 1.62146e-09
	kinetic		nuclear		Coulomb		XC
	 140.37958063	-407.98409537	 105.54601329	-17.46339260
Errors:	Max dens	RMS dens	DIIS
alpha	1.360565e-05	5.180254e-07	5.118301e-05
beta	1.681626e-05	5.858720e-07

Iteration took 0.94 s.

 ******* Iteration    4 ********
Forming HF Coulomb matrix ... done (0.05 s)
Computing DFT exchange and correlation ... done (0.97 s)
Numerically integrated density is 19.50000 (+0.0000 %).
ADIIS weights
 4.91e-05  3.75e-01  2.16e-01  4.09e-01 
CDIIS weights
 9.42e-04  2.85e-01  2.29e-01  4.85e-01 
 DIIS weights
 9.42e-04  2.85e-01  2.29e-01  4.85e-01 

Solving SCF equations ... done (0.00 s)
alpha: HOMO-LUMO gap is    4.07 eV. Energies of lowest lying states:
   -19.999291o   -18.841764*    -1.212863*    -0.995246*    -0.746922*
    -0.614963*    -0.559291*    -0.527632*    -0.403038*    -0.328818*
    -0.179196     -0.106609     -0.078452     -0.032653     -0.015181 
beta:  HOMO-LUMO gap is    4.02 eV. Energies of lowest lying states:
   -20.477935*   -18.841744*    -1.227396*    -0.995211*    -0.755943*
    -0.626215*    -0.565796*    -0.534260*    -0.403133*    -0.328802*
    -0.180974     -0.108973     -0.078866     -0.032815     -0.015237 

Dipole:	x		y		z		dipole change
	-2.32852488	 0.00624332	 0.32442698	 9.248907e-09
Energy:	electronic	total		virial		energy change
	-179.52189405	-143.01902195	 1.01879739	-4.81953e-09
	kinetic		nuclear		Coulomb		XC
	 140.38024024	-407.98544664	 105.54680328	-17.46349093
Errors:	Max dens	RMS dens	DIIS
alpha	1.277640e-06	4.165247e-08	3.228182e-06
beta	1.320595e-06	5.582329e-08

Iteration took 1.04 s.

 ******* Iteration    5 ********
Forming HF Coulomb matrix ... done (0.05 s)
Computing DFT exchange and correlation ... done (0.84 s)
Numerically integrated density is 19.50000 (+0.0000 %).
ADIIS weights
 6.07e-04  2.56e-01  1.59e-01  2.92e-01  2.92e-01 
CDIIS weights
 6.60e-04  1.02e-01  8.28e-02  3.12e-01  5.02e-01 
 DIIS weights
 6.60e-04  1.02e-01  8.28e-02  3.12e-01  5.02e-01 

Solving SCF equations ... done (0.00 s)
alpha: HOMO-LUMO gap is    4.07 eV. Energies of lowest lying states:
   -19.999290o   -18.841765*    -1.212862*    -0.995247*    -0.746922*
    -0.614962*    -0.559291*    -0.527631*    -0.403038*    -0.328818*
    -0.179196     -0.106609     -0.078452     -0.032653     -0.015181 
beta:  HOMO-LUMO gap is    4.02 eV. Energies of lowest lying states:
   -20.477934*   -18.841745*    -1.227395*    -0.995212*    -0.755943*
    -0.626215*    -0.565796*    -0.534260*    -0.403134*    -0.328803*
    -0.180973     -0.108973     -0.078866     -0.032815     -0.015237 

Dipole:	x		y		z		dipole change
	-2.32852620	 0.00624390	 0.32442973	 1.686727e-06
Energy:	electronic	total		virial		energy change
	-179.52189405	-143.01902195	 1.01879751	-2.15152e-11
	kinetic		nuclear		Coulomb		XC
	 140.38022376	-407.98540847	 105.54677888	-17.46348823
Errors:	Max dens	RMS dens	DIIS
alpha	7.589599e-07	2.565399e-08	1.260313e-06
beta	3.709777e-07	1.606968e-08

Iteration took 0.91 s.

 ******* Convergence achieved ********
Dipole moment is (-5.918523,0.015870,0.824618) D, |mu|=5.975714 D.
Solution of UDFT took 9.59 s.



Running program took 15.30 s.
Current time is Fri 06 Feb 2015 06:01:54.
