
Current Settings used by ERKALE:
     AtomGuess      	                Auto	Method used for atomic guess (Auto for same as method)
     AugChk         	  erkale_xrs_aug.chk	Save augmented calculation to file (if applicable)
     Basis          	         aug-cc-pVDZ	Basis set used in calculation
     BasisCutoff    	           1.000e-08	Cutoff for dropping out small primitives from contraction
     BasisOrth      	                Auto	Method of orthonormalization of basis set
     BasisRotate    	                true	Rotate basis set to remove redundant functions?
     C1-DIIS        	               false	Use older version of DIIS (C1-DIIS instead of C2-DIIS)?
     Charge         	                   0	Total charge of system
     DFTDelta       	           1.000e+02	Switch to final DFT grid, relative to deltaE and deltaP
     DFTDirect      	               false	Save memory by not storing values of basis functions in memory
     DFTFinalTol    	           1.000e-05	Tolerance of final DFT grid
     DFTGrid        	                Auto	DFT integration grid to use: nrad lmax or Auto for adaptive
     DFTInitialTol  	           1.000e-04	Tolerance of initial DFT grid
     DFTLobatto     	               false	Use Lobatto quadrature instead of Lebedev quadrature?
     DIISEps        	           1.000e-01	Start mixing in DIIS when error is
     DIISOrder      	                  10	How many DIIS iterations to keep in memory?
     DIISThr        	           1.000e-02	DIIS error threshold for DIIS updates
     DecFock        	               false	Use decontracted basis to calculate Fock matrix (direct HF)
     Decontract     	                    	Indices of atoms to decontract basis set for
     DeltaEmax      	           1.000e-06	Maximum allowed change of energy
     DeltaPmax      	           1.000e-05	Maximum allowed maximum difference of density matrix
     DeltaPrms      	           1.000e-06	Maximum allowed RMS difference of density matrix
     DensityFitting 	               false	Use density fitting / RI?
     Direct         	               false	Calculate two-electron integrals (or density fitting) on-the-fly?
     EField         	         0.0 0.0 0.0	Electric field
     FittingBasis   	                Auto	Basis to use for density fitting / RI (Auto for automatic)
     FittingMemory  	                1000	Amount of memory in MB to use for exchange fitting
     FittingThreshold	           1.000e-08	Linear dependence threshold for Coulomb integrals in density fitting
     Guess          	              Atomic	Used guess: atomic (default), core, or GWH
     LineSearch     	               false	Do line search in level shift (EXPENSIVE!)
     LoadChk        	water_dimer_wb97x.chk	Initialize with ground state calculation from file
     Logfile        	water_dimer_wb97x_xrs.log	File to print out full information, stdout for screen
     MaxIter        	                 100	Maximum number of iterations in SCF cycle
     Method         	    hyb_gga_xc_wb97x	Method used in calculation (HF or a DFT functional)
     Multiplicity   	                   1	Spin multiplicity
     Occupancies    	                    	Orbital occupancies
     PZ             	                  No	Perform Perdew-Zunger self-interaction correction? No, Pert, Full, OldFull, Real, Can, CanPert
     PZEmax         	           1.000e-06	Threshold for energy change in unitary optimization
     PZHam          	                Symm	Hamiltonian to use in PZ-SIC: Symm, United
     PZKmax         	           1.000e-03	Threshold for kappa max in unitary optimization
     PZKrms         	           1.000e-04	Threshold for kappa rms in unitary optimization
     PZdEmax        	           1.000e-05	Tolerance threshold for energy convergence
     PZdPmax        	           1.000e-05	Tolerance threshold for density convergence
     PZdPrms        	           1.000e-06	Tolerance threshold for density convergence
     PZiter         	                  20	Max number of iterations in self-consistency iteration
     PZloc          	                true	Initial localization before SIC calculation?
     PZmode         	              CoulXC	Mode to use PZ-SIC in. Coul, CoulX, CoulC, CoulXC
     PZseed         	                   0	Seed number for randomized matrices?
     PZstab         	                   0	Stability analysis for PZ-SIC? 0 for no, 1 for oo block, 2 for full analysis
     PZstabFz       	                    	Orbitals to freeze for stability analysis (only oo!)
     PZunit         	                  10	Max number of iterations in unitary optimization
     PZw            	           1.000e+00	Weight for Perdew-Zunger self-interaction correction
     SaveChk        	water_dimer_wb97x_xrs.chk	Try initializing with and save results to file
     ShPairThr      	           1.000e-14	Threshold for shell pair screening, (ij|ij)<thr
     Shift          	           0.000e+00	Level shift to use in Hartree
     StrictIntegrals	               false	Use strict integrals?
     System         	 water_dimer_xrs.xyz	System as an xyz file
     UseADIIS       	                true	Use ADIIS for Fock matrix interpolation?
     UseBroyden     	               false	Use Broyden mixing of Fock matrices?
     UseDIIS        	                true	Use Pulay's Direct Inversion in the Iterative Subspace?
     UseLM          	                true	Use a spherical harmonics basis set by default?
     UseTRDSM       	               false	Use Trust-Region DSM?
     UseTRRH        	               false	Use Trust-Region Roothaan-Hall?
     Verbose        	                true	Verbose calculation?
     XRSAugment     	                    	Which atoms to augment with diffuse functions? E.g. 1,3:5,10
     XRSDoubleBasis 	              X-AUTO	The augmentation basis to use for double-basis set calculations
     XRSGridTol     	           1.000e-04	DFT grid tolerance in double basis set calculation
     XRSInitialOrbital	                   1	Index of orbital in state to excite
     XRSInitialState	                  1s	Initial atomic state to excite
     XRSLmax        	                   5	Local: expand orbitals up to Lmax
     XRSLquad       	                  30	Local: perform angular expansion using quadrature of Lquad order
     XRSMethod      	                  tp	Which kind of calculation to perform: TP, XCH or FCH
     XRSNrad        	                 200	Local: how many point to use in radial integration
     XRSQMethod     	             Fourier	Method of computing momentum transfer matrix: Local, Fourier or Series
     XRSQval        	                    	List or range of Q values to compute
     XRSSpin        	               false	Spin to excite (false for alpha, true for beta)

Basis set aug-cc-pVDZ found in file aug-cc-pVDZ.gbs in /usr/share/erkale/basis/.
Initializing with ground-state calculation from water_dimer_wb97x.chk.

Localizing 2 orbitals on center 1.
	sh i       occ  R [Å]
	1s 1* 0.999983  0.028
	2s 1  0.965045  0.937

There are 38 shells and 6 nuclei in the basis set.

List of nuclei, geometry in Ångström with three decimal places:
		 Z	    x	    y	    z
1	O	 8	 -1.464	  0.099	  0.300
2	H	 1	 -1.956	  0.624	 -0.340
3	H	 1	 -1.797	 -0.799	  0.206
4	O	 8	  1.369	  0.146	 -0.395
5	H	 1	  1.894	  0.486	  0.335
6	H	 1	  0.451	  0.165	 -0.083

List of basis functions:
Shell    1	S cart shell at nucleus   1 with with basis functions    1-1   
Shell    2	S cart shell at nucleus   1 with with basis functions    2-2   
Shell    3	S cart shell at nucleus   1 with with basis functions    3-3   
Shell    4	S cart shell at nucleus   1 with with basis functions    4-4   
Shell    5	P cart shell at nucleus   1 with with basis functions    5-7   
Shell    6	P cart shell at nucleus   1 with with basis functions    8-10  
Shell    7	P cart shell at nucleus   1 with with basis functions   11-13  
Shell    8	D  sph shell at nucleus   1 with with basis functions   14-18  
Shell    9	D  sph shell at nucleus   1 with with basis functions   19-23  
Shell   10	S cart shell at nucleus   2 with with basis functions   24-24  
Shell   11	S cart shell at nucleus   2 with with basis functions   25-25  
Shell   12	S cart shell at nucleus   2 with with basis functions   26-26  
Shell   13	P cart shell at nucleus   2 with with basis functions   27-29  
Shell   14	P cart shell at nucleus   2 with with basis functions   30-32  
Shell   15	S cart shell at nucleus   3 with with basis functions   33-33  
Shell   16	S cart shell at nucleus   3 with with basis functions   34-34  
Shell   17	S cart shell at nucleus   3 with with basis functions   35-35  
Shell   18	P cart shell at nucleus   3 with with basis functions   36-38  
Shell   19	P cart shell at nucleus   3 with with basis functions   39-41  
Shell   20	S cart shell at nucleus   4 with with basis functions   42-42  
Shell   21	S cart shell at nucleus   4 with with basis functions   43-43  
Shell   22	S cart shell at nucleus   4 with with basis functions   44-44  
Shell   23	S cart shell at nucleus   4 with with basis functions   45-45  
Shell   24	P cart shell at nucleus   4 with with basis functions   46-48  
Shell   25	P cart shell at nucleus   4 with with basis functions   49-51  
Shell   26	P cart shell at nucleus   4 with with basis functions   52-54  
Shell   27	D  sph shell at nucleus   4 with with basis functions   55-59  
Shell   28	D  sph shell at nucleus   4 with with basis functions   60-64  
Shell   29	S cart shell at nucleus   5 with with basis functions   65-65  
Shell   30	S cart shell at nucleus   5 with with basis functions   66-66  
Shell   31	S cart shell at nucleus   5 with with basis functions   67-67  
Shell   32	P cart shell at nucleus   5 with with basis functions   68-70  
Shell   33	P cart shell at nucleus   5 with with basis functions   71-73  
Shell   34	S cart shell at nucleus   6 with with basis functions   74-74  
Shell   35	S cart shell at nucleus   6 with with basis functions   75-75  
Shell   36	S cart shell at nucleus   6 with with basis functions   76-76  
Shell   37	P cart shell at nucleus   6 with with basis functions   77-79  
Shell   38	P cart shell at nucleus   6 with with basis functions   80-82  

Basis set contains 82 functions, maximum angular momentum is 2.
Spherical harmonic Gaussians are used by default, there are 86 cartesians.

Forming overlap matrix ... done (0.00 s)
Forming kinetic energy matrix ... done (0.00 s)
Forming nuclear attraction matrix ... done (0.00 s)

Smallest eigenvalue of overlap matrix is 1.61e-03, ratio to largest is 2.11e-04.
Using symmetric orthogonalization.
Basis set diagonalized in 0.00 s.

Forming table of 46335248 ERIs, requiring 44 Mi 193 ki of memory ... done (0.56 s)

Initialization of computation done in 0.57 s.

alpha: HOMO-LUMO gap is   24.79 eV. Energies of lowest lying states:
   -19.241203o    -1.081841*    -0.464996*    -0.634054*    -0.674102*
    -0.900055*   -19.109290*    -0.403253*    -0.518419*    -0.877491*
     0.033408      0.064302      0.064601      0.099774      0.159513 
beta:  HOMO-LUMO gap is   11.88 eV. Energies of lowest lying states:
   -19.252051*   -19.196057*    -1.171706*    -1.114677*    -0.674145*
    -0.624990*    -0.535891*    -0.479771*    -0.452200*    -0.403218*
     0.033408      0.064302      0.064601      0.099774      0.159513 

Using range separated exchange with range separation constant omega =  0.300.
Using  15.771 % short range and  100.000 % long range exchange.
	atom  Npoints      Nfuncs  t
	   2     3210      205160  0.54 s
	   3     3318      211078  0.55 s
	   4     3488      224435  0.62 s
	   1     3588      237354  0.67 s
	   5     3126      190753  0.48 s
	   6     3526      254588  0.73 s
DFT XC grid constructed in 1.29 s.

 ******* Iteration    1 ********
Forming HF Coulomb and exchange matrices ... done (0.14 s)
Forming screened HF exchange matrix ... done (0.09 s)
Computing DFT exchange and correlation ... done (0.37 s)
Numerically integrated density is 19.50006 (+0.0003 %).
ADIIS weights
 1.00e+00 
CDIIS weights
 1.00e+00 
 DIIS weights
 1.00e+00 

Solving SCF equations ... done (0.00 s)
alpha: HOMO-LUMO gap is   10.05 eV. Energies of lowest lying states:
   -20.715720o   -19.285933*    -1.700570*    -1.210422*    -1.158061*
    -1.060188*    -1.006292*    -0.715016*    -0.568593*    -0.493549*
    -0.124152     -0.061834     -0.007721      0.011581      0.031418 
beta:  HOMO-LUMO gap is    9.97 eV. Energies of lowest lying states:
   -21.613870*   -19.285933*    -1.717511*    -1.210451*    -1.167175*
    -1.070967*    -1.017251*    -0.715143*    -0.568626*    -0.493551*
    -0.127247     -0.064736     -0.008167      0.010755      0.030159 

Dipole:	x		y		z		dipole change
	-2.51429488	-0.08914127	 0.12870403	 2.519164e+00
Energy:	electronic	total		virial		energy change
	-179.36177490	-142.85890280	 1.04194459	-142.859
	kinetic		nuclear		Coulomb		XC
	 137.10796563	-401.83306504	 102.41858684	-17.05526233
Errors:	Max dens	RMS dens	DIIS
alpha	2.155589e-01	5.985546e-03	3.837195e-01
beta	2.258247e-01	6.409687e-03

Iteration took 0.60 s.

 ******* Iteration    2 ********
Forming HF Coulomb and exchange matrices ... done (0.14 s)
Forming screened HF exchange matrix ... done (0.09 s)
Computing DFT exchange and correlation ... done (0.36 s)
Numerically integrated density is 19.50000 (-0.0000 %).
ADIIS weights
 4.48e-01  5.52e-01 
CDIIS weights
 4.61e-01  5.39e-01 
 DIIS weights
 4.48e-01  5.52e-01 

Solving SCF equations ... done (0.00 s)
alpha: HOMO-LUMO gap is   11.34 eV. Energies of lowest lying states:
   -20.003321o   -19.295835*    -1.427409*    -1.210024*    -0.916499*
    -0.784417*    -0.728970*    -0.692362*    -0.568989*    -0.495294*
    -0.078555     -0.023289      0.001844      0.026126      0.051574 
beta:  HOMO-LUMO gap is   11.29 eV. Energies of lowest lying states:
   -20.899306*   -19.295833*    -1.443456*    -1.210023*    -0.923540*
    -0.793290*    -0.734721*    -0.696840*    -0.569104*    -0.495291*
    -0.080310     -0.024029      0.001682      0.025620      0.050565 

Dipole:	x		y		z		dipole change
	-2.36455159	 0.01544488	 0.35849968	-1.275406e-01
Energy:	electronic	total		virial		energy change
	-179.39166455	-142.88879245	 0.99878575	-0.0298896
	kinetic		nuclear		Coulomb		XC
	 143.06250659	-413.08067815	 108.47917239	-17.85266538
Errors:	Max dens	RMS dens	DIIS
alpha	1.153285e-01	3.265758e-03	3.520046e-01
beta	1.149771e-01	3.259470e-03

Iteration took 0.60 s.

 ******* Iteration    3 ********
Forming HF Coulomb and exchange matrices ... done (0.13 s)
Forming screened HF exchange matrix ... done (0.09 s)
Computing DFT exchange and correlation ... done (0.43 s)
Numerically integrated density is 19.50002 (+0.0001 %).
ADIIS weights
 2.74e-23  1.18e-26  1.00e+00 
CDIIS weights
-6.02e-03  3.34e-02  9.73e-01 
 DIIS weights
-5.76e-03  3.20e-02  9.74e-01 

Solving SCF equations ... done (0.00 s)
alpha: HOMO-LUMO gap is   11.28 eV. Energies of lowest lying states:
   -20.028989o   -19.277706*    -1.429112*    -1.204003*    -0.919149*
    -0.792083*    -0.732340*    -0.693261*    -0.563400*    -0.489276*
    -0.074567     -0.021183      0.001734      0.027167      0.052787 
beta:  HOMO-LUMO gap is   11.24 eV. Energies of lowest lying states:
   -20.924274*   -19.277699*    -1.447071*    -1.203986*    -0.927647*
    -0.802654*    -0.740624*    -0.696911*    -0.563511*    -0.489267*
    -0.076052     -0.021542      0.001641      0.026897      0.051840 

Dipole:	x		y		z		dipole change
	-2.36127712	 0.00566814	 0.33208761	-7.102134e-03
Energy:	electronic	total		virial		energy change
	-179.53060502	-143.02773292	 1.01945223	-0.13894
	kinetic		nuclear		Coulomb		XC
	 140.29861222	-407.93209421	 105.57799998	-17.47512301
Errors:	Max dens	RMS dens	DIIS
alpha	3.880464e-03	2.041713e-04	1.389212e-02
beta	6.534917e-03	2.546215e-04

Iteration took 0.66 s.

 ******* Iteration    4 ********
Forming HF Coulomb and exchange matrices ... done (0.16 s)
Forming screened HF exchange matrix ... done (0.10 s)
Computing DFT exchange and correlation ... done (0.36 s)
Numerically integrated density is 19.50002 (+0.0001 %).
ADIIS weights
 5.41e-14  2.04e-14  1.15e-09  1.00e+00 
CDIIS weights
-5.22e-03  7.66e-03  3.81e-01  6.17e-01 
 DIIS weights
-5.22e-03  7.66e-03  3.81e-01  6.17e-01 

Solving SCF equations ... done (0.00 s)
alpha: HOMO-LUMO gap is   11.40 eV. Energies of lowest lying states:
   -20.027546o   -19.289442*    -1.428349*    -1.208165*    -0.918399*
    -0.790987*    -0.732663*    -0.695077*    -0.567505*    -0.493566*
    -0.074485     -0.021166      0.001608      0.027075      0.052817 
beta:  HOMO-LUMO gap is   11.37 eV. Energies of lowest lying states:
   -20.923083*   -19.289433*    -1.446622*    -1.208138*    -0.927126*
    -0.801814*    -0.740791*    -0.699300*    -0.567617*    -0.493553*
    -0.075832     -0.021361      0.001539      0.026894      0.051928 

Dipole:	x		y		z		dipole change
	-2.36153925	 0.00883799	 0.34037625	 1.437546e-03
Energy:	electronic	total		virial		energy change
	-179.53093641	-143.02806431	 1.01920012	-0.000331389
	kinetic		nuclear		Coulomb		XC
	 140.33364122	-407.99617170	 105.61199704	-17.48040297
Errors:	Max dens	RMS dens	DIIS
alpha	2.037876e-03	6.138071e-05	5.748053e-03
beta	2.032797e-03	5.878846e-05

Iteration took 0.63 s.

 ******* Iteration    5 ********
Forming HF Coulomb and exchange matrices ... done (0.16 s)
Forming screened HF exchange matrix ... done (0.10 s)
Computing DFT exchange and correlation ... done (0.36 s)
Numerically integrated density is 19.50002 (+0.0001 %).
ADIIS weights
 1.20e-17  3.50e-17  3.71e-13  4.04e-12  1.00e+00 
CDIIS weights
-6.51e-04 -4.13e-03 -5.58e-02  1.68e-01  8.93e-01 
 DIIS weights
-6.51e-04 -4.13e-03 -5.58e-02  1.68e-01  8.93e-01 

Solving SCF equations ... done (0.00 s)
alpha: HOMO-LUMO gap is   11.38 eV. Energies of lowest lying states:
   -20.026948o   -19.286610*    -1.427937*    -1.207054*    -0.917981*
    -0.790303*    -0.731993*    -0.694301*    -0.566420*    -0.492471*
    -0.074445     -0.021215      0.001688      0.027026      0.052787 
beta:  HOMO-LUMO gap is   11.34 eV. Energies of lowest lying states:
   -20.922759*   -19.286597*    -1.446549*    -1.207016*    -0.926964*
    -0.801469*    -0.740458*    -0.698594*    -0.566527*    -0.492452*
    -0.075625     -0.021218      0.001650      0.026949      0.051973 

Dipole:	x		y		z		dipole change
	-2.35868765	 0.00872742	 0.33927389	-2.979990e-03
Energy:	electronic	total		virial		energy change
	-179.53098088	-143.02810878	 1.01885033	-4.44737e-05
	kinetic		nuclear		Coulomb		XC
	 140.38186396	-408.09528804	 105.67011548	-17.48767229
Errors:	Max dens	RMS dens	DIIS
alpha	6.966952e-04	2.513081e-05	1.554152e-03
beta	4.911057e-04	2.439703e-05

Iteration took 0.63 s.

 ******* Iteration    6 ********
Forming HF Coulomb and exchange matrices ... done (0.16 s)
Forming screened HF exchange matrix ... done (0.10 s)
Computing DFT exchange and correlation ... done (0.35 s)
Numerically integrated density is 19.50002 (+0.0001 %).
ADIIS weights
 3.65e-14  2.15e-14  5.68e-09  4.32e-09  3.21e-05  1.00e+00 
CDIIS weights
 1.42e-04 -9.23e-04 -2.49e-02 -1.70e-02  8.61e-02  9.57e-01 
 DIIS weights
 1.42e-04 -9.23e-04 -2.49e-02 -1.70e-02  8.61e-02  9.57e-01 

Solving SCF equations ... done (0.00 s)
alpha: HOMO-LUMO gap is   11.38 eV. Energies of lowest lying states:
   -20.026710o   -19.286805*    -1.427672*    -1.207120*    -0.917746*
    -0.790152*    -0.731873*    -0.694246*    -0.566475*    -0.492539*
    -0.074414     -0.021233      0.001672      0.027012      0.052791 
beta:  HOMO-LUMO gap is   11.35 eV. Energies of lowest lying states:
   -20.922621*   -19.286790*    -1.446432*    -1.207076*    -0.926850*
    -0.801469*    -0.740433*    -0.698622*    -0.566579*    -0.492516*
    -0.075504     -0.021135      0.001650      0.026992      0.052018 

Dipole:	x		y		z		dipole change
	-2.35855858	 0.00868123	 0.33911480	-1.505676e-04
Energy:	electronic	total		virial		energy change
	-179.53098683	-143.02811473	 1.01894230	-5.9495e-06
	kinetic		nuclear		Coulomb		XC
	 140.36919919	-408.07028131	 105.65614721	-17.48605192
Errors:	Max dens	RMS dens	DIIS
alpha	2.609008e-04	7.206016e-06	1.048209e-04
beta	2.028466e-04	7.134078e-06

Iteration took 0.62 s.

 ******* Convergence achieved ********
Dipole moment is (-5.994857,0.022065,0.861944) D, |mu|=6.056546 D.
Solution of UDFT took 5.76 s.
alpha: HOMO-LUMO gap is   11.38 eV. Energies of lowest lying states:
   -20.026710o   -19.286805*    -1.427672*    -1.207120*    -0.917746*
    -0.790152*    -0.731873*    -0.694246*    -0.566475*    -0.492539*
    -0.074414     -0.021233      0.001672      0.027012      0.052791 
beta:  HOMO-LUMO gap is   11.35 eV. Energies of lowest lying states:
   -20.922621*   -19.286790*    -1.446432*    -1.207076*    -0.926850*
    -0.801469*    -0.740433*    -0.698622*    -0.566579*    -0.492516*
    -0.075504     -0.021135      0.001650      0.026992      0.052018 

Using range separated exchange with range separation constant omega =  0.300.
Using  15.771 % short range and  100.000 % long range exchange.
	atom  Npoints      Nfuncs  t
	   4     7366      468560  1.47 s
	   3     7436      470079  1.58 s
	   2     7652      484652  2.15 s
	   5     7640      464528  1.41 s
	   1     8134      532430  3.19 s
	   6     8924      628631  2.83 s
DFT XC grid constructed in 4.41 s.

 ******* Iteration    1 ********
Forming HF Coulomb and exchange matrices ... done (0.16 s)
Forming screened HF exchange matrix ... done (0.10 s)
Computing DFT exchange and correlation ... done (1.06 s)
Numerically integrated density is 19.50000 (-0.0000 %).
ADIIS weights
 1.00e+00 
CDIIS weights
 1.00e+00 
 DIIS weights
 1.00e+00 

Solving SCF equations ... done (0.00 s)
alpha: HOMO-LUMO gap is   11.37 eV. Energies of lowest lying states:
   -20.025646o   -19.287578*    -1.428109*    -1.206715*    -0.917916*
    -0.790188*    -0.731795*    -0.694100*    -0.566225*    -0.492322*
    -0.074483     -0.021286      0.001670      0.026977      0.052739 
beta:  HOMO-LUMO gap is   11.34 eV. Energies of lowest lying states:
   -20.922958*   -19.287561*    -1.446063*    -1.206667*    -0.926711*
    -0.801436*    -0.740393*    -0.698448*    -0.566323*    -0.492296*
    -0.075431     -0.021113      0.001657      0.027007      0.052032 

Dipole:	x		y		z		dipole change
	-2.35844697	 0.00846036	 0.33857278	 2.382640e+00
Energy:	electronic	total		virial		energy change
	-179.53096099	-143.02808889	 1.01893567	-143.028
	kinetic		nuclear		Coulomb		XC
	 140.37008770	-408.07223329	 105.65739321	-17.48620861
Errors:	Max dens	RMS dens	DIIS
alpha	5.221988e-04	1.751163e-05	8.513907e-04
beta	5.292314e-04	1.683430e-05

Iteration took 1.32 s.

 ******* Iteration    2 ********
Forming HF Coulomb and exchange matrices ... done (0.16 s)
Forming screened HF exchange matrix ... done (0.10 s)
Computing DFT exchange and correlation ... done (1.08 s)
Numerically integrated density is 19.50000 (-0.0000 %).
ADIIS weights
 8.30e-02  9.17e-01 
CDIIS weights
 3.79e-01  6.21e-01 
 DIIS weights
 3.79e-01  6.21e-01 

Solving SCF equations ... done (0.00 s)
alpha: HOMO-LUMO gap is   11.38 eV. Energies of lowest lying states:
   -20.025589o   -19.288576*    -1.428090*    -1.207049*    -0.917893*
    -0.790163*    -0.731860*    -0.694256*    -0.566553*    -0.492668*
    -0.074487     -0.021286      0.001657      0.026972      0.052739 
beta:  HOMO-LUMO gap is   11.35 eV. Energies of lowest lying states:
   -20.922884*   -19.288558*    -1.446018*    -1.207000*    -0.926678*
    -0.801416*    -0.740426*    -0.698643*    -0.566651*    -0.492642*
    -0.075424     -0.021108      0.001644      0.027007      0.052037 

Dipole:	x		y		z		dipole change
	-2.35870846	 0.00866820	 0.33919170	 3.476000e-04
Energy:	electronic	total		virial		energy change
	-179.53096141	-143.02808931	 1.01898788	-4.20778e-07
	kinetic		nuclear		Coulomb		XC
	 140.36289568	-408.05877330	 105.65023232	-17.48531611
Errors:	Max dens	RMS dens	DIIS
alpha	1.732066e-04	4.780990e-06	4.850766e-04
beta	1.721214e-04	4.730629e-06

Iteration took 1.34 s.

 ******* Iteration    3 ********
Forming HF Coulomb and exchange matrices ... done (0.17 s)
Forming screened HF exchange matrix ... done (0.11 s)
Computing DFT exchange and correlation ... done (0.99 s)
Numerically integrated density is 19.50000 (-0.0000 %).
ADIIS weights
 3.54e-04  5.73e-03  9.94e-01 
CDIIS weights
-5.83e-02  1.97e-01  8.62e-01 
 DIIS weights
-5.83e-02  1.97e-01  8.62e-01 

Solving SCF equations ... done (0.00 s)
alpha: HOMO-LUMO gap is   11.38 eV. Energies of lowest lying states:
   -20.025634o   -19.288364*    -1.428118*    -1.206948*    -0.917912*
    -0.790174*    -0.731844*    -0.694212*    -0.566457*    -0.492572*
    -0.074494     -0.021291      0.001662      0.026970      0.052734 
beta:  HOMO-LUMO gap is   11.35 eV. Energies of lowest lying states:
   -20.922915*   -19.288346*    -1.446023*    -1.206898*    -0.926688*
    -0.801436*    -0.740423*    -0.698588*    -0.566554*    -0.492545*
    -0.075421     -0.021107      0.001651      0.027011      0.052037 

Dipole:	x		y		z		dipole change
	-2.35866884	 0.00862371	 0.33907072	-5.659658e-05
Energy:	electronic	total		virial		energy change
	-179.53096166	-143.02808956	 1.01895878	-2.46933e-07
	kinetic		nuclear		Coulomb		XC
	 140.36690479	-408.06704266	 105.65508854	-17.48591233
Errors:	Max dens	RMS dens	DIIS
alpha	3.783357e-05	1.243663e-06	1.268870e-04
beta	3.839162e-05	1.238637e-06

Iteration took 1.27 s.

 ******* Iteration    4 ********
Forming HF Coulomb and exchange matrices ... done (0.14 s)
Forming screened HF exchange matrix ... done (0.09 s)
Computing DFT exchange and correlation ... done (0.94 s)
Numerically integrated density is 19.50000 (-0.0000 %).
ADIIS weights
 1.08e-04  2.13e-03  4.56e-01  5.42e-01 
CDIIS weights
 4.71e-03 -3.18e-02 -1.40e-01  1.17e+00 
 DIIS weights
 4.71e-03 -3.18e-02 -1.40e-01  1.17e+00 

Solving SCF equations ... done (0.00 s)
alpha: HOMO-LUMO gap is   11.38 eV. Energies of lowest lying states:
   -20.025620o   -19.288357*    -1.428115*    -1.206942*    -0.917909*
    -0.790166*    -0.731839*    -0.694207*    -0.566454*    -0.492568*
    -0.074495     -0.021292      0.001663      0.026970      0.052734 
beta:  HOMO-LUMO gap is   11.35 eV. Energies of lowest lying states:
   -20.922898*   -19.288339*    -1.446014*    -1.206892*    -0.926681*
    -0.801429*    -0.740417*    -0.698582*    -0.566550*    -0.492541*
    -0.075419     -0.021105      0.001652      0.027012      0.052038 

Dipole:	x		y		z		dipole change
	-2.35866472	 0.00862818	 0.33908316	-2.288756e-06
Energy:	electronic	total		virial		energy change
	-179.53096168	-143.02808958	 1.01896526	-2.65858e-08
	kinetic		nuclear		Coulomb		XC
	 140.36601136	-408.06530301	 105.65412275	-17.48579277
Errors:	Max dens	RMS dens	DIIS
alpha	4.684459e-06	2.739293e-07	3.990047e-06
beta	1.011883e-05	3.012080e-07

Iteration took 1.17 s.

 ******* Iteration    5 ********
Forming HF Coulomb and exchange matrices ... done (0.13 s)
Forming screened HF exchange matrix ... done (0.09 s)
Computing DFT exchange and correlation ... done (0.96 s)
Numerically integrated density is 19.50000 (-0.0000 %).
ADIIS weights
 1.19e-04  1.89e-03  2.14e-01  3.92e-01  3.92e-01 
CDIIS weights
 5.21e-03 -2.31e-02 -1.05e-01  5.07e-01  6.15e-01 
 DIIS weights
 5.21e-03 -2.31e-02 -1.05e-01  5.07e-01  6.15e-01 

Solving SCF equations ... done (0.00 s)
alpha: HOMO-LUMO gap is   11.38 eV. Energies of lowest lying states:
   -20.025629o   -19.288358*    -1.428119*    -1.206942*    -0.917912*
    -0.790170*    -0.731841*    -0.694209*    -0.566454*    -0.492569*
    -0.074495     -0.021293      0.001663      0.026969      0.052734 
beta:  HOMO-LUMO gap is   11.35 eV. Energies of lowest lying states:
   -20.922907*   -19.288340*    -1.446017*    -1.206892*    -0.926683*
    -0.801433*    -0.740419*    -0.698584*    -0.566551*    -0.492541*
    -0.075419     -0.021105      0.001652      0.027012      0.052038 

Dipole:	x		y		z		dipole change
	-2.35866713	 0.00862676	 0.33908054	 2.012229e-06
Energy:	electronic	total		virial		energy change
	-179.53096168	-143.02808958	 1.01896589	-4.51934e-10
	kinetic		nuclear		Coulomb		XC
	 140.36592451	-408.06514648	 105.65404282	-17.48578253
Errors:	Max dens	RMS dens	DIIS
alpha	3.114451e-06	7.923801e-08	4.672769e-06
beta	1.105366e-06	4.505741e-08

Iteration took 1.19 s.

 ******* Iteration    6 ********
Forming HF Coulomb and exchange matrices ... done (0.13 s)
Forming screened HF exchange matrix ... done (0.09 s)
Computing DFT exchange and correlation ... done (1.04 s)
Numerically integrated density is 19.50000 (-0.0000 %).
ADIIS weights
 2.55e-05  1.50e-04  1.75e-01  2.75e-01  2.75e-01  2.75e-01 
CDIIS weights
 4.55e-04 -5.36e-04 -3.26e-03 -6.45e-02  5.29e-02  1.01e+00 
 DIIS weights
 4.55e-04 -5.36e-04 -3.26e-03 -6.45e-02  5.29e-02  1.01e+00 

Solving SCF equations ... done (0.00 s)
alpha: HOMO-LUMO gap is   11.38 eV. Energies of lowest lying states:
   -20.025629o   -19.288358*    -1.428119*    -1.206942*    -0.917912*
    -0.790170*    -0.731841*    -0.694209*    -0.566454*    -0.492569*
    -0.074495     -0.021293      0.001663      0.026969      0.052734 
beta:  HOMO-LUMO gap is   11.35 eV. Energies of lowest lying states:
   -20.922906*   -19.288340*    -1.446016*    -1.206892*    -0.926682*
    -0.801432*    -0.740419*    -0.698583*    -0.566550*    -0.492541*
    -0.075419     -0.021105      0.001652      0.027012      0.052038 

Dipole:	x		y		z		dipole change
	-2.35866669	 0.00862694	 0.33908122	-3.392562e-07
Energy:	electronic	total		virial		energy change
	-179.53096168	-143.02808958	 1.01896559	-5.50529e-11
	kinetic		nuclear		Coulomb		XC
	 140.36596584	-408.06522871	 105.65408963	-17.48578844
Errors:	Max dens	RMS dens	DIIS
alpha	1.254964e-06	3.669812e-08	5.254418e-07
beta	1.637013e-06	4.161517e-08

Iteration took 1.27 s.

 ******* Convergence achieved ********
Dipole moment is (-5.995132,0.021928,0.861858) D, |mu|=6.056805 D.
Solution of UDFT took 11.98 s.



Running program took 18.47 s.
Current time is Fri 06 Feb 2015 06:05:30.
