
Current Settings used by ERKALE:
     AtomGuess      	                Auto	Method used for atomic guess (Auto for same as method)
     AugChk         	  erkale_xrs_aug.chk	Save augmented calculation to file (if applicable)
     Basis          	         aug-cc-pVDZ	Basis set used in calculation
     BasisCutoff    	           1.000e-08	Cutoff for dropping out small primitives from contraction
     BasisOrth      	                Auto	Method of orthonormalization of basis set
     BasisRotate    	                true	Rotate basis set to remove redundant functions?
     C1-DIIS        	               false	Use older version of DIIS (C1-DIIS instead of C2-DIIS)?
     Charge         	                   0	Total charge of system
     DFTDelta       	           1.000e+02	Switch to final DFT grid, relative to deltaE and deltaP
     DFTDirect      	               false	Save memory by not storing values of basis functions in memory
     DFTFinalTol    	           1.000e-05	Tolerance of final DFT grid
     DFTGrid        	                Auto	DFT integration grid to use: nrad lmax or Auto for adaptive
     DFTInitialTol  	           1.000e-04	Tolerance of initial DFT grid
     DFTLobatto     	               false	Use Lobatto quadrature instead of Lebedev quadrature?
     DIISEps        	           1.000e-01	Start mixing in DIIS when error is
     DIISOrder      	                  10	How many DIIS iterations to keep in memory?
     DIISThr        	           1.000e-02	DIIS error threshold for DIIS updates
     DecFock        	               false	Use decontracted basis to calculate Fock matrix (direct HF)
     Decontract     	                    	Indices of atoms to decontract basis set for
     DeltaEmax      	           1.000e-06	Maximum allowed change of energy
     DeltaPmax      	           1.000e-05	Maximum allowed maximum difference of density matrix
     DeltaPrms      	           1.000e-06	Maximum allowed RMS difference of density matrix
     DensityFitting 	               false	Use density fitting / RI?
     Direct         	               false	Calculate two-electron integrals (or density fitting) on-the-fly?
     EField         	         0.0 0.0 0.0	Electric field
     FittingBasis   	                Auto	Basis to use for density fitting / RI (Auto for automatic)
     FittingMemory  	                1000	Amount of memory in MB to use for exchange fitting
     FittingThreshold	           1.000e-08	Linear dependence threshold for Coulomb integrals in density fitting
     Guess          	              Atomic	Used guess: atomic (default), core, or GWH
     LineSearch     	               false	Do line search in level shift (EXPENSIVE!)
     LoadChk        	water_dimer_pbe0.chk	Initialize with ground state calculation from file
     Logfile        	water_dimer_pbe0_xch.log	File to print out full information, stdout for screen
     MaxIter        	                 100	Maximum number of iterations in SCF cycle
     Method         	     hyb_gga_xc_pbeh	Method used in calculation (HF or a DFT functional)
     Multiplicity   	                   1	Spin multiplicity
     Occupancies    	                    	Orbital occupancies
     PZ             	                  No	Perform Perdew-Zunger self-interaction correction? No, Pert, Full, OldFull, Real, Can, CanPert
     PZEmax         	           1.000e-06	Threshold for energy change in unitary optimization
     PZHam          	                Symm	Hamiltonian to use in PZ-SIC: Symm, United
     PZKmax         	           1.000e-03	Threshold for kappa max in unitary optimization
     PZKrms         	           1.000e-04	Threshold for kappa rms in unitary optimization
     PZdEmax        	           1.000e-05	Tolerance threshold for energy convergence
     PZdPmax        	           1.000e-05	Tolerance threshold for density convergence
     PZdPrms        	           1.000e-06	Tolerance threshold for density convergence
     PZiter         	                  20	Max number of iterations in self-consistency iteration
     PZloc          	                true	Initial localization before SIC calculation?
     PZmode         	              CoulXC	Mode to use PZ-SIC in. Coul, CoulX, CoulC, CoulXC
     PZseed         	                   0	Seed number for randomized matrices?
     PZstab         	                   0	Stability analysis for PZ-SIC? 0 for no, 1 for oo block, 2 for full analysis
     PZstabFz       	                    	Orbitals to freeze for stability analysis (only oo!)
     PZunit         	                  10	Max number of iterations in unitary optimization
     PZw            	           1.000e+00	Weight for Perdew-Zunger self-interaction correction
     SaveChk        	water_dimer_pbe0_xch.chk	Try initializing with and save results to file
     ShPairThr      	           1.000e-14	Threshold for shell pair screening, (ij|ij)<thr
     Shift          	           0.000e+00	Level shift to use in Hartree
     StrictIntegrals	               false	Use strict integrals?
     System         	 water_dimer_xrs.xyz	System as an xyz file
     UseADIIS       	                true	Use ADIIS for Fock matrix interpolation?
     UseBroyden     	               false	Use Broyden mixing of Fock matrices?
     UseDIIS        	                true	Use Pulay's Direct Inversion in the Iterative Subspace?
     UseLM          	                true	Use a spherical harmonics basis set by default?
     UseTRDSM       	               false	Use Trust-Region DSM?
     UseTRRH        	               false	Use Trust-Region Roothaan-Hall?
     Verbose        	                true	Verbose calculation?
     XRSAugment     	                    	Which atoms to augment with diffuse functions? E.g. 1,3:5,10
     XRSDoubleBasis 	              X-AUTO	The augmentation basis to use for double-basis set calculations
     XRSGridTol     	           1.000e-04	DFT grid tolerance in double basis set calculation
     XRSInitialOrbital	                   1	Index of orbital in state to excite
     XRSInitialState	                  1s	Initial atomic state to excite
     XRSLmax        	                   5	Local: expand orbitals up to Lmax
     XRSLquad       	                  30	Local: perform angular expansion using quadrature of Lquad order
     XRSMethod      	                 xch	Which kind of calculation to perform: TP, XCH or FCH
     XRSNrad        	                 200	Local: how many point to use in radial integration
     XRSQMethod     	             Fourier	Method of computing momentum transfer matrix: Local, Fourier or Series
     XRSQval        	                    	List or range of Q values to compute
     XRSSpin        	               false	Spin to excite (false for alpha, true for beta)

Basis set aug-cc-pVDZ found in file aug-cc-pVDZ.gbs in /usr/share/erkale/basis/.
Initializing with ground-state calculation from water_dimer_pbe0.chk.

Localizing 2 orbitals on center 1.
	sh i       occ  R [Å]
	1s 1* 0.999983  0.028
	2s 1  0.968400  0.925

There are 38 shells and 6 nuclei in the basis set.

List of nuclei, geometry in Ångström with three decimal places:
		 Z	    x	    y	    z
1	O	 8	 -1.464	  0.099	  0.300
2	H	 1	 -1.956	  0.624	 -0.340
3	H	 1	 -1.797	 -0.799	  0.206
4	O	 8	  1.369	  0.146	 -0.395
5	H	 1	  1.894	  0.486	  0.335
6	H	 1	  0.451	  0.165	 -0.083

List of basis functions:
Shell    1	S cart shell at nucleus   1 with with basis functions    1-1   
Shell    2	S cart shell at nucleus   1 with with basis functions    2-2   
Shell    3	S cart shell at nucleus   1 with with basis functions    3-3   
Shell    4	S cart shell at nucleus   1 with with basis functions    4-4   
Shell    5	P cart shell at nucleus   1 with with basis functions    5-7   
Shell    6	P cart shell at nucleus   1 with with basis functions    8-10  
Shell    7	P cart shell at nucleus   1 with with basis functions   11-13  
Shell    8	D  sph shell at nucleus   1 with with basis functions   14-18  
Shell    9	D  sph shell at nucleus   1 with with basis functions   19-23  
Shell   10	S cart shell at nucleus   2 with with basis functions   24-24  
Shell   11	S cart shell at nucleus   2 with with basis functions   25-25  
Shell   12	S cart shell at nucleus   2 with with basis functions   26-26  
Shell   13	P cart shell at nucleus   2 with with basis functions   27-29  
Shell   14	P cart shell at nucleus   2 with with basis functions   30-32  
Shell   15	S cart shell at nucleus   3 with with basis functions   33-33  
Shell   16	S cart shell at nucleus   3 with with basis functions   34-34  
Shell   17	S cart shell at nucleus   3 with with basis functions   35-35  
Shell   18	P cart shell at nucleus   3 with with basis functions   36-38  
Shell   19	P cart shell at nucleus   3 with with basis functions   39-41  
Shell   20	S cart shell at nucleus   4 with with basis functions   42-42  
Shell   21	S cart shell at nucleus   4 with with basis functions   43-43  
Shell   22	S cart shell at nucleus   4 with with basis functions   44-44  
Shell   23	S cart shell at nucleus   4 with with basis functions   45-45  
Shell   24	P cart shell at nucleus   4 with with basis functions   46-48  
Shell   25	P cart shell at nucleus   4 with with basis functions   49-51  
Shell   26	P cart shell at nucleus   4 with with basis functions   52-54  
Shell   27	D  sph shell at nucleus   4 with with basis functions   55-59  
Shell   28	D  sph shell at nucleus   4 with with basis functions   60-64  
Shell   29	S cart shell at nucleus   5 with with basis functions   65-65  
Shell   30	S cart shell at nucleus   5 with with basis functions   66-66  
Shell   31	S cart shell at nucleus   5 with with basis functions   67-67  
Shell   32	P cart shell at nucleus   5 with with basis functions   68-70  
Shell   33	P cart shell at nucleus   5 with with basis functions   71-73  
Shell   34	S cart shell at nucleus   6 with with basis functions   74-74  
Shell   35	S cart shell at nucleus   6 with with basis functions   75-75  
Shell   36	S cart shell at nucleus   6 with with basis functions   76-76  
Shell   37	P cart shell at nucleus   6 with with basis functions   77-79  
Shell   38	P cart shell at nucleus   6 with with basis functions   80-82  

Basis set contains 82 functions, maximum angular momentum is 2.
Spherical harmonic Gaussians are used by default, there are 86 cartesians.

Forming overlap matrix ... done (0.00 s)
Forming kinetic energy matrix ... done (0.00 s)
Forming nuclear attraction matrix ... done (0.00 s)

Smallest eigenvalue of overlap matrix is 1.61e-03, ratio to largest is 2.11e-04.
Using symmetric orthogonalization.
Basis set diagonalized in 0.00 s.

Forming table of 46335248 ERIs, requiring 44 Mi 193 ki of memory ... done (0.56 s)

Initialization of computation done in 0.57 s.

alpha: HOMO-LUMO gap is -523.09 eV. Energies of lowest lying states:
   -19.245920     -0.989167*    -0.368601*    -0.531950*    -0.577143*
    -0.802569*   -19.112603*    -0.306279*    -0.421516*    -0.780662*
    -0.022891*     0.016662      0.026902      0.061567      0.099536 
     0.113904      0.143062      0.143358      0.154226      0.162347 
beta:  HOMO-LUMO gap is    7.71 eV. Energies of lowest lying states:
   -19.257215*   -19.200609*    -1.073086*    -1.015823*    -0.577181*
    -0.526689*    -0.439713*    -0.383138*    -0.356704*    -0.306251*
    -0.022891      0.016662      0.026902      0.061567      0.099536 

Using hybrid exchange with  25.000 % of exact exchange.
	atom  Npoints      Nfuncs  t
	   3     3350      205369  0.55 s
	   2     3158      194607  0.58 s
	   4     3964      250475  0.71 s
	   1     4528      292330  1.14 s
	   6     3606      244900  0.73 s
	   5     3242      192069  0.76 s
DFT XC grid constructed in 1.31 s.

 ******* Iteration    1 ********
Forming HF Coulomb and exchange matrices ... done (0.16 s)
Computing DFT exchange and correlation ... done (0.38 s)
Numerically integrated density is 20.00000 (+5.0000 %).
Warning - numerically integrated density seems inaccurate.
ADIIS weights
 1.00e+00 
CDIIS weights
 1.00e+00 
 DIIS weights
 1.00e+00 

Solving SCF equations ... done (0.00 s)
alpha: HOMO-LUMO gap is -572.12 eV. Energies of lowest lying states:
   -21.285641    -19.232007*    -1.920074*    -1.390908*    -1.330267*
    -1.289446*    -1.057714*    -0.569677*    -0.419926*    -0.342211*
    -0.260761*    -0.191015     -0.060368     -0.034699     -0.002922 
    -0.001103      0.011277      0.064419      0.067240      0.080619 
beta:  HOMO-LUMO gap is    3.30 eV. Energies of lowest lying states:
   -23.729339*   -19.231580*    -1.965308*    -1.431749*    -1.367101*
    -1.328786*    -1.056368*    -0.568676*    -0.418959*    -0.341382*
    -0.220104     -0.181135     -0.047548     -0.019758      0.023072 

Dipole:	x		y		z		dipole change
	-0.22929959	 0.11487627	 0.37671969	 4.557330e-01
Energy:	electronic	total		virial		energy change
	-168.87036935	-132.36749725	 1.07831803	-132.367
	kinetic		nuclear		Coulomb		XC
	 122.75367152	-373.90008415	 98.39946407	-16.12342079
Errors:	Max dens	RMS dens	DIIS
alpha	4.669825e-01	2.252066e-02	7.355844e-01
beta	4.933166e-01	1.461127e-02

Iteration took 0.54 s.

 ******* Iteration    2 ********
Forming HF Coulomb and exchange matrices ... done (0.16 s)
Computing DFT exchange and correlation ... done (0.37 s)
Numerically integrated density is 19.99995 (+4.9998 %).
Warning - numerically integrated density seems inaccurate.
ADIIS weights
 4.79e-01  5.21e-01 
CDIIS weights
 4.56e-01  5.44e-01 
 DIIS weights
 4.79e-01  5.21e-01 

Solving SCF equations ... done (0.00 s)
alpha: HOMO-LUMO gap is -539.57 eV. Energies of lowest lying states:
   -19.984747    -19.264740*    -1.330936*    -1.061693*    -0.818536*
    -0.707573*    -0.643206*    -0.561815*    -0.424583*    -0.349047*
    -0.155963*    -0.051200     -0.015208      0.021272      0.039502 
     0.053074      0.053524      0.106339      0.112366      0.121920 
beta:  HOMO-LUMO gap is    7.57 eV. Energies of lowest lying states:
   -22.345758*   -19.264485*    -1.364329*    -1.060855*    -0.830920*
    -0.728413*    -0.668508*    -0.562356*    -0.424169*    -0.348700*
    -0.070609     -0.008415     -0.004406      0.045634      0.058067 

Dipole:	x		y		z		dipole change
	-0.03723520	 0.32377023	 0.85605487	 4.602602e-01
Energy:	electronic	total		virial		energy change
	-168.93185842	-132.42898632	 0.97874922	-0.0614891
	kinetic		nuclear		Coulomb		XC
	 135.30430879	-397.05150197	 110.60009170	-17.78475693
Errors:	Max dens	RMS dens	DIIS
alpha	2.718514e-01	9.392681e-03	6.751495e-01
beta	2.574595e-01	7.598382e-03

Iteration took 0.53 s.

 ******* Iteration    3 ********
Forming HF Coulomb and exchange matrices ... done (0.15 s)
Computing DFT exchange and correlation ... done (0.39 s)
Numerically integrated density is 19.99997 (+4.9998 %).
Warning - numerically integrated density seems inaccurate.
ADIIS weights
 3.67e-22  5.64e-24  1.00e+00 
CDIIS weights
 1.13e-02  5.22e-03  9.83e-01 
 DIIS weights
 9.45e-03  4.34e-03  9.86e-01 

Solving SCF equations ... done (0.00 s)
alpha: HOMO-LUMO gap is -539.66 eV. Energies of lowest lying states:
   -19.983990    -19.190254*    -1.303782*    -1.033409*    -0.791987*
    -0.685180*    -0.619582*    -0.538874*    -0.396455*    -0.320226*
    -0.151862*    -0.040634     -0.008255      0.030170      0.045916 
     0.063168      0.064002      0.113707      0.119432      0.129742 
beta:  HOMO-LUMO gap is    7.27 eV. Energies of lowest lying states:
   -22.323198*   -19.190064*    -1.340772*    -1.032798*    -0.812767*
    -0.710378*    -0.649698*    -0.539808*    -0.396278*    -0.320049*
    -0.052871      0.000466      0.009283      0.054105      0.067370 

Dipole:	x		y		z		dipole change
	 0.01987369	 0.31150818	 0.81413705	-4.406922e-02
Energy:	electronic	total		virial		energy change
	-169.52561309	-133.02274099	 1.02689288	-0.593755
	kinetic		nuclear		Coulomb		XC
	 129.53906262	-387.09301001	 105.05367602	-17.02534171
Errors:	Max dens	RMS dens	DIIS
alpha	1.694621e-02	1.241735e-03	2.506706e-02
beta	1.703334e-02	6.214172e-04

Iteration took 0.55 s.

 ******* Iteration    4 ********
Forming HF Coulomb and exchange matrices ... done (0.15 s)
Computing DFT exchange and correlation ... done (0.37 s)
Numerically integrated density is 19.99997 (+4.9998 %).
Warning - numerically integrated density seems inaccurate.
ADIIS weights
 3.68e-17  8.59e-18  5.67e-01  4.33e-01 
CDIIS weights
 1.52e-03 -1.55e-03  5.81e-01  4.19e-01 
 DIIS weights
 1.09e-03 -1.11e-03  5.77e-01  4.23e-01 

Solving SCF equations ... done (0.00 s)
alpha: HOMO-LUMO gap is -539.72 eV. Energies of lowest lying states:
   -19.986812    -19.236435*    -1.305365*    -1.050624*    -0.793032*
    -0.686269*    -0.621447*    -0.552174*    -0.413481*    -0.337787*
    -0.152554*    -0.040922     -0.009381      0.030032      0.045812 
     0.062893      0.063838      0.111711      0.118277      0.128591 
beta:  HOMO-LUMO gap is    7.74 eV. Energies of lowest lying states:
   -22.327206*   -19.236242*    -1.343028*    -1.050007*    -0.815044*
    -0.712163*    -0.652063*    -0.553394*    -0.413296*    -0.337618*
    -0.053301     -0.001047      0.009182      0.053403      0.067137 

Dipole:	x		y		z		dipole change
	 0.00009211	 0.32870734	 0.86298348	 5.154177e-02
Energy:	electronic	total		virial		energy change
	-169.52523537	-133.02236327	 1.03134660	 0.000377722
	kinetic		nuclear		Coulomb		XC
	 128.97930051	-385.93625058	 104.37464684	-16.94293214
Errors:	Max dens	RMS dens	DIIS
alpha	1.049570e-02	3.502904e-04	3.539408e-02
beta	1.043653e-02	3.169729e-04

Iteration took 0.53 s.

 ******* Iteration    5 ********
Forming HF Coulomb and exchange matrices ... done (0.13 s)
Computing DFT exchange and correlation ... done (0.34 s)
Numerically integrated density is 19.99997 (+4.9998 %).
Warning - numerically integrated density seems inaccurate.
ADIIS weights
 3.18e-15  1.26e-15  9.85e-11  5.01e-12  1.00e+00 
CDIIS weights
-1.59e-03  9.32e-04 -6.65e-03  3.93e-02  9.68e-01 
 DIIS weights
-1.59e-03  9.32e-04 -6.65e-03  3.93e-02  9.68e-01 

Solving SCF equations ... done (0.00 s)
alpha: HOMO-LUMO gap is -539.73 eV. Energies of lowest lying states:
   -19.988353    -19.234498*    -1.307490*    -1.049728*    -0.794537*
    -0.687859*    -0.623234*    -0.551648*    -0.412722*    -0.336958*
    -0.153490*    -0.041500     -0.009072      0.030095      0.045912 
     0.062807      0.063606      0.111972      0.118293      0.128534 
beta:  HOMO-LUMO gap is    7.70 eV. Energies of lowest lying states:
   -22.330924*   -19.234291*    -1.346169*    -1.049090*    -0.818253*
    -0.714778*    -0.654984*    -0.552805*    -0.412507*    -0.336758*
    -0.053653     -0.001176      0.008994      0.053514      0.066883 

Dipole:	x		y		z		dipole change
	 0.00622890	 0.33047112	 0.86490299	 2.443064e-03
Energy:	electronic	total		virial		energy change
	-169.52691032	-133.02403822	 1.02898925	-0.00167495
	kinetic		nuclear		Coulomb		XC
	 129.27641153	-386.55447384	 104.73957935	-16.98842735
Errors:	Max dens	RMS dens	DIIS
alpha	2.860970e-03	1.667025e-04	1.905736e-03
beta	1.572252e-03	4.503054e-05

Iteration took 0.48 s.

 ******* Iteration    6 ********
Forming HF Coulomb and exchange matrices ... done (0.15 s)
Computing DFT exchange and correlation ... done (0.37 s)
Numerically integrated density is 19.99997 (+4.9998 %).
Warning - numerically integrated density seems inaccurate.
ADIIS weights
 6.10e-16  2.59e-15  3.65e-11  1.93e-11  2.34e-07  1.00e+00 
CDIIS weights
-3.80e-04 -1.95e-05 -2.44e-02 -1.09e-02  1.82e-01  8.53e-01 
 DIIS weights
-3.80e-04 -1.95e-05 -2.44e-02 -1.09e-02  1.82e-01  8.53e-01 

Solving SCF equations ... done (0.00 s)
alpha: HOMO-LUMO gap is -539.72 eV. Energies of lowest lying states:
   -19.987756    -19.234783*    -1.307115*    -1.049925*    -0.794151*
    -0.687727*    -0.622983*    -0.551803*    -0.412878*    -0.337137*
    -0.153381*    -0.041373     -0.009030      0.030200      0.045984 
     0.062898      0.063733      0.112001      0.118308      0.128611 
beta:  HOMO-LUMO gap is    7.71 eV. Energies of lowest lying states:
   -22.330822*   -19.234566*    -1.346048*    -1.049274*    -0.818236*
    -0.714833*    -0.654992*    -0.552974*    -0.412649*    -0.336920*
    -0.053419     -0.001198      0.009187      0.053560      0.066926 

Dipole:	x		y		z		dipole change
	 0.00731402	 0.33070065	 0.86587506	 9.978783e-04
Energy:	electronic	total		virial		energy change
	-169.52692922	-133.02405712	 1.02896382	-1.89042e-05
	kinetic		nuclear		Coulomb		XC
	 129.27962506	-386.55739406	 104.74014049	-16.98930071
Errors:	Max dens	RMS dens	DIIS
alpha	5.275385e-04	3.331785e-05	3.350679e-04
beta	3.590158e-04	8.838613e-06

Iteration took 0.53 s.

 ******* Iteration    7 ********
Forming HF Coulomb and exchange matrices ... done (0.16 s)
Computing DFT exchange and correlation ... done (0.41 s)
Numerically integrated density is 19.99997 (+4.9998 %).
Warning - numerically integrated density seems inaccurate.
ADIIS weights
 2.88e-16  1.21e-15  8.02e-12  1.89e-10  3.75e-08  6.26e-06  1.00e+00 
CDIIS weights
 6.79e-05 -1.54e-04 -6.39e-05 -1.28e-03 -1.89e-02  2.62e-02  9.94e-01 
 DIIS weights
 6.79e-05 -1.54e-04 -6.39e-05 -1.28e-03 -1.89e-02  2.62e-02  9.94e-01 

Solving SCF equations ... done (0.00 s)
alpha: HOMO-LUMO gap is -539.71 eV. Energies of lowest lying states:
   -19.987484    -19.234784*    -1.306957*    -1.049933*    -0.793982*
    -0.687562*    -0.622817*    -0.551797*    -0.412894*    -0.337152*
    -0.153347*    -0.041325     -0.009014      0.030228      0.046006 
     0.062927      0.063767      0.112022      0.118335      0.128633 
beta:  HOMO-LUMO gap is    7.72 eV. Energies of lowest lying states:
   -22.330695*   -19.234560*    -1.345966*    -1.049272*    -0.818172*
    -0.714737*    -0.654913*    -0.552969*    -0.412655*    -0.336924*
    -0.053346     -0.001200      0.009247      0.053579      0.066955 

Dipole:	x		y		z		dipole change
	 0.00755913	 0.33095021	 0.86621657	 4.100401e-04
Energy:	electronic	total		virial		energy change
	-169.52693025	-133.02405815	 1.02896293	-1.02717e-06
	kinetic		nuclear		Coulomb		XC
	 129.27973822	-386.55813196	 104.74091328	-16.98944979
Errors:	Max dens	RMS dens	DIIS
alpha	1.800966e-04	7.747870e-06	1.132300e-04
beta	1.093084e-04	2.809671e-06

Iteration took 0.57 s.

 ******* Convergence achieved ********
Dipole moment is (0.019213,0.841191,2.201703) D, |mu|=2.357004 D.
Solution of UDFT took 5.06 s.
alpha: HOMO-LUMO gap is -539.71 eV. Energies of lowest lying states:
   -19.987484    -19.234784*    -1.306957*    -1.049933*    -0.793982*
    -0.687562*    -0.622817*    -0.551797*    -0.412894*    -0.337152*
    -0.153347*    -0.041325     -0.009014      0.030228      0.046006 
     0.062927      0.063767      0.112022      0.118335      0.128633 
beta:  HOMO-LUMO gap is    7.72 eV. Energies of lowest lying states:
   -22.330695*   -19.234560*    -1.345966*    -1.049272*    -0.818172*
    -0.714737*    -0.654913*    -0.552969*    -0.412655*    -0.336924*
    -0.053346     -0.001200      0.009247      0.053579      0.066955 

Using hybrid exchange with  25.000 % of exact exchange.
	atom  Npoints      Nfuncs  t
	   3     7672      463311  1.45 s
	   1     9042      578742  1.86 s
	   2     7780      468723  2.63 s
	   5     7504      439192  1.34 s
	   4     8826      545054  2.92 s
	   6     8300      548791  1.78 s
DFT XC grid constructed in 3.64 s.

 ******* Iteration    1 ********
Forming HF Coulomb and exchange matrices ... done (0.16 s)
Computing DFT exchange and correlation ... done (0.98 s)
Numerically integrated density is 20.00000 (+5.0000 %).
Warning - numerically integrated density seems inaccurate.
ADIIS weights
 1.00e+00 
CDIIS weights
 1.00e+00 
 DIIS weights
 1.00e+00 

Solving SCF equations ... done (0.00 s)
alpha: HOMO-LUMO gap is -539.72 eV. Energies of lowest lying states:
   -19.987705    -19.234786*    -1.306959*    -1.049917*    -0.793952*
    -0.687528*    -0.622772*    -0.551802*    -0.412905*    -0.337167*
    -0.153346*    -0.041313     -0.009002      0.030245      0.046008 
     0.062925      0.063786      0.112030      0.118338      0.128643 
beta:  HOMO-LUMO gap is    7.72 eV. Energies of lowest lying states:
   -22.330720*   -19.234560*    -1.345976*    -1.049251*    -0.818191*
    -0.714741*    -0.654914*    -0.552975*    -0.412662*    -0.336934*
    -0.053338     -0.001198      0.009243      0.053590      0.066964 

Dipole:	x		y		z		dipole change
	 0.00765949	 0.33096495	 0.86622930	 9.273347e-01
Energy:	electronic	total		virial		energy change
	-169.52693539	-133.02406329	 1.02896865	-133.024
	kinetic		nuclear		Coulomb		XC
	 129.27902423	-386.55670629	 104.74014942	-16.98940274
Errors:	Max dens	RMS dens	DIIS
alpha	8.058581e-05	6.673030e-06	1.282251e-04
beta	5.141890e-05	2.278818e-06

Iteration took 1.15 s.

 ******* Iteration    2 ********
Forming HF Coulomb and exchange matrices ... done (0.16 s)
Computing DFT exchange and correlation ... done (1.01 s)
Numerically integrated density is 20.00000 (+5.0000 %).
Warning - numerically integrated density seems inaccurate.
ADIIS weights
 1.56e-04  1.00e+00 
CDIIS weights
-6.08e-04  1.00e+00 
 DIIS weights
-6.08e-04  1.00e+00 

Solving SCF equations ... done (0.00 s)
alpha: HOMO-LUMO gap is -539.72 eV. Energies of lowest lying states:
   -19.987727    -19.234751*    -1.306967*    -1.049902*    -0.793956*
    -0.687535*    -0.622779*    -0.551792*    -0.412891*    -0.337153*
    -0.153347*    -0.041313     -0.009000      0.030248      0.046010 
     0.062925      0.063785      0.112033      0.118340      0.128645 
beta:  HOMO-LUMO gap is    7.72 eV. Energies of lowest lying states:
   -22.330773*   -19.234523*    -1.345995*    -1.049234*    -0.818210*
    -0.714761*    -0.654935*    -0.552963*    -0.412646*    -0.336918*
    -0.053334     -0.001197      0.009246      0.053591      0.066965 

Dipole:	x		y		z		dipole change
	 0.00765235	 0.33097699	 0.86613037	-8.817197e-05
Energy:	electronic	total		virial		energy change
	-169.52693541	-133.02406331	 1.02897085	-2.00309e-08
	kinetic		nuclear		Coulomb		XC
	 129.27874825	-386.55645645	 104.74018027	-16.98940748
Errors:	Max dens	RMS dens	DIIS
alpha	2.000337e-05	1.099798e-06	1.205242e-05
beta	3.050476e-05	8.338271e-07

Iteration took 1.17 s.

 ******* Iteration    3 ********
Forming HF Coulomb and exchange matrices ... done (0.16 s)
Computing DFT exchange and correlation ... done (1.01 s)
Numerically integrated density is 20.00000 (+5.0000 %).
Warning - numerically integrated density seems inaccurate.
ADIIS weights
 1.12e-03  4.92e-01  5.07e-01 
CDIIS weights
-1.45e-02  5.62e-01  4.52e-01 
 DIIS weights
-1.45e-02  5.62e-01  4.52e-01 

Solving SCF equations ... done (0.00 s)
alpha: HOMO-LUMO gap is -539.72 eV. Energies of lowest lying states:
   -19.987701    -19.234777*    -1.306955*    -1.049912*    -0.793945*
    -0.687524*    -0.622768*    -0.551798*    -0.412901*    -0.337163*
    -0.153346*    -0.041311     -0.009000      0.030248      0.046011 
     0.062926      0.063786      0.112032      0.118340      0.128645 
beta:  HOMO-LUMO gap is    7.72 eV. Energies of lowest lying states:
   -22.330749*   -19.234549*    -1.345986*    -1.049243*    -0.818202*
    -0.714751*    -0.654925*    -0.552970*    -0.412655*    -0.336928*
    -0.053332     -0.001198      0.009248      0.053591      0.066966 

Dipole:	x		y		z		dipole change
	 0.00765472	 0.33098481	 0.86616883	 3.873525e-05
Energy:	electronic	total		virial		energy change
	-169.52693541	-133.02406331	 1.02897071	-1.90627e-09
	kinetic		nuclear		Coulomb		XC
	 129.27876622	-386.55643046	 104.74014106	-16.98941223
Errors:	Max dens	RMS dens	DIIS
alpha	9.043319e-06	3.382023e-07	1.902250e-05
beta	5.568220e-06	1.882203e-07

Iteration took 1.17 s.

 ******* Iteration    4 ********
Forming HF Coulomb and exchange matrices ... done (0.15 s)
Computing DFT exchange and correlation ... done (0.90 s)
Numerically integrated density is 20.00000 (+5.0000 %).
Warning - numerically integrated density seems inaccurate.
ADIIS weights
 4.40e-06  3.11e-01  3.38e-01  3.50e-01 
CDIIS weights
-8.88e-03  4.13e-02  7.33e-02  8.94e-01 
 DIIS weights
-8.88e-03  4.13e-02  7.33e-02  8.94e-01 

Solving SCF equations ... done (0.00 s)
alpha: HOMO-LUMO gap is -539.72 eV. Energies of lowest lying states:
   -19.987695    -19.234773*    -1.306953*    -1.049910*    -0.793942*
    -0.687521*    -0.622765*    -0.551797*    -0.412899*    -0.337162*
    -0.153346*    -0.041311     -0.008999      0.030249      0.046011 
     0.062926      0.063786      0.112032      0.118340      0.128646 
beta:  HOMO-LUMO gap is    7.72 eV. Energies of lowest lying states:
   -22.330747*   -19.234544*    -1.345986*    -1.049241*    -0.818202*
    -0.714751*    -0.654925*    -0.552969*    -0.412653*    -0.336926*
    -0.053331     -0.001197      0.009249      0.053592      0.066967 

Dipole:	x		y		z		dipole change
	 0.00766250	 0.33098081	 0.86616230	-7.466939e-06
Energy:	electronic	total		virial		energy change
	-169.52693541	-133.02406331	 1.02897048	-9.9547e-10
	kinetic		nuclear		Coulomb		XC
	 129.27879404	-386.55651907	 104.74020885	-16.98941923
Errors:	Max dens	RMS dens	DIIS
alpha	5.766506e-06	2.443123e-07	2.271540e-06
beta	4.706585e-06	1.335803e-07

Iteration took 1.06 s.

 ******* Convergence achieved ********
Dipole moment is (0.019476,0.841269,2.201565) D, |mu|=2.356905 D.
Solution of UDFT took 8.20 s.

Absolute energy correction: first peak should be at 536.17 eV.



Running program took 13.98 s.
Current time is Fri 06 Feb 2015 06:00:54.
