Basis set aug-cc-pVDZ found in file aug-cc-pVDZ.gbs in /home/work/erkale/source/erkale/basis/.


Current Settings used by ERKALE:
     AtomGuess      	                Auto	Method used for atomic guess (Auto for same as method)
     Basis          	         aug-cc-pVDZ	Basis set used in calculation
     BasisCutoff    	           1.000e-08	Cutoff for dropping out small primitives from contraction
     BasisOrth      	                Auto	Method of orthonormalization of basis set
     BasisRotate    	                true	Rotate basis set to remove redundant functions?
     C1-DIIS        	               false	Use older version of DIIS (C1-DIIS instead of C2-DIIS)?
     Charge         	                   0	Total charge of system
     DFTDelta       	           5.000e+03	Switch to final DFT grid, relative to deltaE and deltaP
     DFTDirect      	               false	Save memory by not storing values of basis functions in memory
     DFTFinalTol    	           1.000e-05	Tolerance of final DFT grid
     DFTGrid        	             50 -194	DFT integration grid to use: nrad lmax or Auto for adaptive
     DFTInitialTol  	           1.000e-04	Tolerance of initial DFT grid
     DFTLobatto     	               false	Use Lobatto quadrature instead of Lebedev quadrature?
     DIISEps        	           1.000e-01	Start mixing in DIIS when error is
     DIISOrder      	                  10	How many DIIS iterations to keep in memory?
     DIISThr        	           1.000e-02	DIIS error threshold for DIIS updates
     DecFock        	               false	Use decontracted basis to calculate Fock matrix (direct HF)
     Decontract     	                    	Indices of atoms to decontract basis set for
     DeltaEmax      	           1.000e-06	Maximum allowed change of energy
     DeltaPmax      	           1.000e-06	Maximum allowed maximum difference of density matrix
     DeltaPrms      	           1.000e-08	Maximum allowed RMS difference of density matrix
     DensityFitting 	               false	Use density fitting / RI?
     Direct         	               false	Calculate two-electron integrals (or density fitting) on-the-fly?
     EField         	         0.0 0.0 0.0	Electric field
     FittingBasis   	                Auto	Basis to use for density fitting / RI (Auto for automatic)
     FittingMemory  	                1000	Amount of memory in MB to use for exchange fitting
     FittingThreshold	           1.000e-08	Linear dependence threshold for Coulomb integrals in density fitting
     ForcePol       	               false	Force polarized calculation
     FreezeCore     	               false	Freeze the atomic cores?
     Guess          	              Atomic	Used guess: atomic (default), core, or GWH
     IntegralThresh 	           1.000e-14	Integral screening threshold
     LineSearch     	               false	Do line search in level shift (EXPENSIVE!)
     LoadChk        	                    	File to load old results from
     Logfile        	water_dimer_wb97x_v.log	File to print out full information, stdout for screen
     MaxIter        	                 100	Maximum number of iterations in SCF cycle
     Method         	  hyb_gga_xc_wb97x_v	Method used in calculation (HF or a DFT functional)
     Multiplicity   	                   1	Spin multiplicity
     NLGrid         	             25 -170	Integration grid to use for nonlocal correlation: nrad lmax
     Occupancies    	                    	Orbital occupancies
     PZ             	                  No	Perform Perdew-Zunger self-interaction correction? No, Pert, Full, OldFull, Real, Can, CanPert
     PZEmax         	           1.000e-06	Threshold for energy change in unitary optimization
     PZHam          	                Symm	Hamiltonian to use in PZ-SIC: Symm, United
     PZKmax         	           1.000e-03	Threshold for kappa max in unitary optimization
     PZKrms         	           1.000e-04	Threshold for kappa rms in unitary optimization
     PZdEmax        	           1.000e-05	Tolerance threshold for energy convergence
     PZdPmax        	           1.000e-05	Tolerance threshold for density convergence
     PZdPrms        	           1.000e-06	Tolerance threshold for density convergence
     PZiter         	                  20	Max number of iterations in self-consistency iteration
     PZloc          	                true	Initial localization before SIC calculation?
     PZmode         	                  XC	Apply PZ to the operators (in addition to J): X C D
     PZseed         	                   0	Seed number for randomized matrices?
     PZstab         	                   0	Stability analysis for PZ-SIC? 0 for no, 1 for oo block, 2 for full analysis
     PZstabFz       	                    	Orbitals to freeze for stability analysis (only oo!)
     PZunit         	                  10	Max number of iterations in unitary optimization
     PZw            	           1.000e+00	Weight for Perdew-Zunger self-interaction correction
     SaveChk        	water_dimer_wb97x_v.chk	File to use as checkpoint
     Shift          	           0.000e+00	Level shift to use in Hartree
     StrictIntegrals	               false	Use strict integrals?
     System         	     water_dimer.xyz	System as an xyz file
     UseADIIS       	                true	Use ADIIS for Fock matrix interpolation?
     UseBroyden     	               false	Use Broyden mixing of Fock matrices?
     UseDIIS        	                true	Use Pulay's Direct Inversion in the Iterative Subspace?
     UseLM          	                true	Use a spherical harmonics basis set by default?
     UseTRDSM       	               false	Use Trust-Region DSM?
     UseTRRH        	               false	Use Trust-Region Roothaan-Hall?
     VV10           	                Auto	Use VV10 non-local correlation?
     VV10Pars       	                    	VV10 parameters: b C
     Verbose        	                true	Verbose calculation?

Performing hyb_gga_xc_wb97x_v guess for atoms:
	1 4  (0.09 s)
	2 3 5 6  (0.03 s)
Diagonalizing density matrix ... done (0.00 s)
Atomic guess formed in 0.12 s.

There are 38 shells and 6 nuclei in the basis set.

List of nuclei, geometry in Ångström with three decimal places:
		 Z	    x	    y	    z
1	O	 8	 -1.464	  0.099	  0.300
2	H	 1	 -1.956	  0.624	 -0.340
3	H	 1	 -1.797	 -0.799	  0.206
4	O	 8	  1.369	  0.146	 -0.395
5	H	 1	  1.894	  0.486	  0.335
6	H	 1	  0.451	  0.165	 -0.083

Interatomic distance matrix:
          1O    2H    3H    4O    5H 
   2H  0.963
   3H  0.962 1.532
   4O  2.917 3.360 3.358
   5H  3.380 3.911 3.910 0.961
   6H  1.954 2.464 2.463 0.970 1.536

List of basis functions:
Shell    1	S cart shell at nucleus   1 with with basis functions    1-1   
Shell    2	S cart shell at nucleus   1 with with basis functions    2-2   
Shell    3	S cart shell at nucleus   1 with with basis functions    3-3   
Shell    4	S cart shell at nucleus   1 with with basis functions    4-4   
Shell    5	P cart shell at nucleus   1 with with basis functions    5-7   
Shell    6	P cart shell at nucleus   1 with with basis functions    8-10  
Shell    7	P cart shell at nucleus   1 with with basis functions   11-13  
Shell    8	D  sph shell at nucleus   1 with with basis functions   14-18  
Shell    9	D  sph shell at nucleus   1 with with basis functions   19-23  
Shell   10	S cart shell at nucleus   2 with with basis functions   24-24  
Shell   11	S cart shell at nucleus   2 with with basis functions   25-25  
Shell   12	S cart shell at nucleus   2 with with basis functions   26-26  
Shell   13	P cart shell at nucleus   2 with with basis functions   27-29  
Shell   14	P cart shell at nucleus   2 with with basis functions   30-32  
Shell   15	S cart shell at nucleus   3 with with basis functions   33-33  
Shell   16	S cart shell at nucleus   3 with with basis functions   34-34  
Shell   17	S cart shell at nucleus   3 with with basis functions   35-35  
Shell   18	P cart shell at nucleus   3 with with basis functions   36-38  
Shell   19	P cart shell at nucleus   3 with with basis functions   39-41  
Shell   20	S cart shell at nucleus   4 with with basis functions   42-42  
Shell   21	S cart shell at nucleus   4 with with basis functions   43-43  
Shell   22	S cart shell at nucleus   4 with with basis functions   44-44  
Shell   23	S cart shell at nucleus   4 with with basis functions   45-45  
Shell   24	P cart shell at nucleus   4 with with basis functions   46-48  
Shell   25	P cart shell at nucleus   4 with with basis functions   49-51  
Shell   26	P cart shell at nucleus   4 with with basis functions   52-54  
Shell   27	D  sph shell at nucleus   4 with with basis functions   55-59  
Shell   28	D  sph shell at nucleus   4 with with basis functions   60-64  
Shell   29	S cart shell at nucleus   5 with with basis functions   65-65  
Shell   30	S cart shell at nucleus   5 with with basis functions   66-66  
Shell   31	S cart shell at nucleus   5 with with basis functions   67-67  
Shell   32	P cart shell at nucleus   5 with with basis functions   68-70  
Shell   33	P cart shell at nucleus   5 with with basis functions   71-73  
Shell   34	S cart shell at nucleus   6 with with basis functions   74-74  
Shell   35	S cart shell at nucleus   6 with with basis functions   75-75  
Shell   36	S cart shell at nucleus   6 with with basis functions   76-76  
Shell   37	P cart shell at nucleus   6 with with basis functions   77-79  
Shell   38	P cart shell at nucleus   6 with with basis functions   80-82  

Basis set contains 82 functions, maximum angular momentum is 2.
Spherical harmonic Gaussians are used by default, there are 86 cartesians.

Forming overlap matrix ... done (0.00 s)
Forming kinetic energy matrix ... done (0.00 s)
Forming nuclear attraction matrix ... done (0.00 s)

Smallest eigenvalue of overlap matrix is 1.61e-03, ratio to largest is 2.11e-04.
Using symmetric orthogonalization.
Basis set diagonalized in 0.00 s.

Forming table of 6085170 ERIs, requiring 46 Mi 436 ki of memory ... done (0.71 s)
740 shell pairs out of 741 are significant.

Initialization of computation done in 0.71 s.

Used exchange-correlation functional is hyb_gga_xc_wb97x_v, 'wB97X-V range-separated functional', defined in the reference(s):
N. Mardirossian and M. Head-Gordon, Phys. Chem. Chem. Phys. 16, 9904 (2014) (DOI 10.1039/C3CP54374A)
Using VV10 non-local correlation with b =  6.000000, C = 0.010000
HOMO-LUMO gap is    3.67 eV. Energies of lowest lying orbitals:
     -19.4092*     -19.4092*      -1.1700*      -1.1700*      -0.5680*
      -0.5680*      -0.5680*      -0.5680*      -0.5680*      -0.5680*
      -0.4330       -0.4330       -0.4330       -0.4330        0.0702 

Using range separated exchange with range separation constant omega =  0.300.
Using  16.700 % short range and  100.000 % long range exchange.
Computing short-range repulsion integrals ... done (0.86 s)
740 short-range shell pairs are significant.
Composition of static nrad=50 lmax=23 XC grid pruned by small weight:
	atom  Npoints      Nfuncs
	   4     8385      558794
	   2     8508      560227
	   1     8158      582213
	   3     8508      560114
	   5     8639      534089
	   6     8304      652822
Composition of static nrad=25 lmax=21 NL grid pruned by small weight:
	atom  Npoints      Nfuncs
	   2     3733      246413
	   3     3741      246419
	   4     3684      245476
	   1     3578      255503
	   5     3790      235235
	   6     3649      286999

 ******* Iteration    1 ********
Forming HF Coulomb matrix ... done (0.08 s)
Forming HF exchange matrix ... done (0.09 s)
Forming short-range HF exchange matrix ... done (0.09 s)
Computing DFT exchange and correlation ... done (0.56 s)
Numerically integrated density is 20.00007 (+0.0004 %).
Computing non-local correlation ... 20669 points ... done (4.18 s)
ADIIS weights
 1.00e+00 
CDIIS weights
 1.00e+00 
 DIIS weights
 1.00e+00 

Solving SCF equations ... done (0.00 s)

DIIS error                    :  6.396285e-01
Energy change                 : -1.522449e+02
Max total density change      :  1.737519e-01
Max rms   density change      :  9.240029e-03
Dipole mu = (-2.21340428, -0.12247274,  0.31263932) D

Iteration took 5.01 s.

 ******* Iteration    2 ********
Forming HF Coulomb matrix ... done (0.08 s)
Forming HF exchange matrix ... done (0.09 s)
Forming short-range HF exchange matrix ... done (0.09 s)
Computing DFT exchange and correlation ... done (0.55 s)
Numerically integrated density is 20.00006 (+0.0003 %).
Computing non-local correlation ... 20419 points ... done (3.69 s)
ADIIS weights
 8.79e-45  1.00e+00 
CDIIS weights
 5.42e-02  9.46e-01 
 DIIS weights
 1.00e-02  9.90e-01 

Solving SCF equations ... done (0.00 s)

DIIS error                    :  8.334883e-02
Energy change                 : -5.510175e-01
Max total density change      :  3.935476e-02
Max rms   density change      :  1.559461e-03
Dipole mu = (-2.69936468, -0.00900695,  0.74372696) D

Iteration took 4.51 s.

 ******* Iteration    3 ********
Forming HF Coulomb matrix ... done (0.08 s)
Forming HF exchange matrix ... done (0.09 s)
Forming short-range HF exchange matrix ... done (0.09 s)
Computing DFT exchange and correlation ... done (0.54 s)
Numerically integrated density is 20.00006 (+0.0003 %).
Computing non-local correlation ... 20302 points ... done (3.68 s)
ADIIS weights
 9.22e-23  4.31e-20  1.00e+00 
CDIIS weights
-6.73e-03  3.06e-01  7.01e-01 
 DIIS weights
-1.13e-03  5.14e-02  9.50e-01 

Solving SCF equations ... done (0.00 s)

DIIS error                    :  8.484766e-02
Energy change                 : -1.891189e-02
Max total density change      :  4.621847e-02
Max rms   density change      :  1.389024e-03
Dipole mu = (-2.46618516, -0.11138965,  0.41291534) D

Iteration took 4.48 s.

 ******* Iteration    4 ********
Forming HF Coulomb matrix ... done (0.08 s)
Forming HF exchange matrix ... done (0.09 s)
Forming short-range HF exchange matrix ... done (0.09 s)
Computing DFT exchange and correlation ... done (0.55 s)
Numerically integrated density is 20.00006 (+0.0003 %).
Computing non-local correlation ... 20359 points ... done (3.68 s)
ADIIS weights
 4.13e-17  1.44e-13  4.41e-01  5.59e-01 
CDIIS weights
-6.68e-03  2.22e-02  4.94e-01  4.91e-01 
 DIIS weights
-1.84e-03  6.13e-03  4.55e-01  5.40e-01 

Solving SCF equations ... done (0.00 s)

DIIS error                    :  7.516622e-02
Energy change                 : -1.979320e-03
Max total density change      :  2.223260e-02
Max rms   density change      :  6.585949e-04
Dipole mu = (-2.56016481, -0.05349793,  0.58925079) D

Iteration took 4.50 s.

 ******* Iteration    5 ********
Forming HF Coulomb matrix ... done (0.08 s)
Forming HF exchange matrix ... done (0.09 s)
Forming short-range HF exchange matrix ... done (0.09 s)
Computing DFT exchange and correlation ... done (0.55 s)
Numerically integrated density is 20.00006 (+0.0003 %).
Computing non-local correlation ... 20328 points ... done (3.67 s)
ADIIS weights
 1.43e-16  5.21e-12  6.18e-12  1.70e-10  1.00e+00 
CDIIS weights
 7.30e-04 -2.53e-02 -5.68e-02  4.03e-02  1.04e+00 
 DIIS weights
 7.30e-04 -2.53e-02 -5.68e-02  4.03e-02  1.04e+00 

Solving SCF equations ... done (0.00 s)

DIIS error                    :  6.489709e-03
Energy change                 : -7.528469e-03
Max total density change      :  2.391371e-03
Max rms   density change      :  9.320056e-05
Dipole mu = (-2.56041390, -0.05941642,  0.57395045) D

Iteration took 4.50 s.

 ******* Iteration    6 ********
Forming HF Coulomb matrix ... done (0.08 s)
Forming HF exchange matrix ... done (0.09 s)
Forming short-range HF exchange matrix ... done (0.09 s)
Computing DFT exchange and correlation ... done (0.55 s)
Numerically integrated density is 20.00006 (+0.0003 %).
Computing non-local correlation ... 20327 points ... done (3.68 s)
ADIIS weights
 7.06e-17  4.70e-13  6.40e-12  1.89e-10  5.34e-08  1.00e+00 
CDIIS weights
 3.21e-04 -1.17e-02 -3.01e-02  1.38e-02  4.84e-01  5.44e-01 
 DIIS weights
 3.21e-04 -1.17e-02 -3.01e-02  1.38e-02  4.84e-01  5.44e-01 

Solving SCF equations ... done (0.00 s)

DIIS error                    :  1.330304e-03
Energy change                 : -5.719681e-05
Max total density change      :  4.345517e-04
Max rms   density change      :  1.446441e-05
Dipole mu = (-2.55899628, -0.05774147,  0.57790759) D

Iteration took 4.49 s.

 ******* Iteration    7 ********
Forming HF Coulomb matrix ... done (0.08 s)
Forming HF exchange matrix ... done (0.09 s)
Forming short-range HF exchange matrix ... done (0.09 s)
Computing DFT exchange and correlation ... done (0.55 s)
Numerically integrated density is 20.00006 (+0.0003 %).
Computing non-local correlation ... 20327 points ... done (3.67 s)
ADIIS weights
 4.92e-16  6.13e-14  1.63e-12  1.66e-11  3.34e-08  8.98e-07  1.00e+00 
CDIIS weights
-7.17e-05  3.95e-03  5.80e-03 -1.01e-02 -1.59e-01 -2.15e-02  1.18e+00 
 DIIS weights
-7.17e-05  3.95e-03  5.80e-03 -1.01e-02 -1.59e-01 -2.15e-02  1.18e+00 

Solving SCF equations ... done (0.00 s)

DIIS error                    :  1.711943e-04
Energy change                 : -2.587827e-06
Max total density change      :  1.304995e-04
Max rms   density change      :  8.573980e-06
Dipole mu = (-2.55942364, -0.05785653,  0.57772808) D

Iteration took 4.49 s.

 ******* Iteration    8 ********
Forming HF Coulomb matrix ... done (0.08 s)
Forming HF exchange matrix ... done (0.09 s)
Forming short-range HF exchange matrix ... done (0.09 s)
Computing DFT exchange and correlation ... done (0.55 s)
Numerically integrated density is 20.00006 (+0.0003 %).
Computing non-local correlation ... 20326 points ... done (3.68 s)
ADIIS weights
 6.68e-18  4.05e-16  5.53e-13  3.22e-12  3.49e-08  3.56e-05  8.28e-04  9.99e-01 
CDIIS weights
-5.98e-06  1.78e-04  5.40e-04 -7.99e-05 -7.30e-03 -1.38e-02 -1.16e-02  1.03e+00 
 DIIS weights
-5.98e-06  1.78e-04  5.40e-04 -7.99e-05 -7.30e-03 -1.38e-02 -1.16e-02  1.03e+00 

Solving SCF equations ... done (0.00 s)

DIIS error                    :  1.246672e-05
Energy change                 : -1.376510e-07
Max total density change      :  1.069865e-05
Max rms   density change      :  7.008499e-07
Dipole mu = (-2.55935098, -0.05781517,  0.57781398) D

Iteration took 4.50 s.

 ******* Iteration    9 ********
Forming HF Coulomb matrix ... done (0.08 s)
Forming HF exchange matrix ... done (0.09 s)
Forming short-range HF exchange matrix ... done (0.09 s)
Computing DFT exchange and correlation ... done (0.56 s)
Numerically integrated density is 20.00006 (+0.0003 %).
Computing non-local correlation ... 20325 points ... done (5.07 s)
ADIIS weights
 3.16e-16  8.24e-15  1.95e-13  4.89e-12  3.63e-08  1.35e-05  4.11e-04  5.04e-01  4.96e-01 
CDIIS weights
 2.66e-06 -1.64e-04 -2.05e-04  4.69e-04  6.55e-03 -8.48e-04 -5.50e-02  8.89e-02  9.60e-01 
 DIIS weights
 2.66e-06 -1.64e-04 -2.05e-04  4.69e-04  6.55e-03 -8.48e-04 -5.50e-02  8.89e-02  9.60e-01 

Solving SCF equations ... done (0.00 s)

DIIS error                    :  3.911793e-06
Energy change                 : -8.087198e-09
Max total density change      :  2.543609e-06
Max rms   density change      :  1.707430e-07
Dipole mu = (-2.55938400, -0.05781972,  0.57781176) D

Iteration took 5.90 s.

 ******* Iteration   10 ********
Forming HF Coulomb matrix ... done (0.08 s)
Forming HF exchange matrix ... done (0.09 s)
Forming short-range HF exchange matrix ... done (0.09 s)
Computing DFT exchange and correlation ... done (0.55 s)
Numerically integrated density is 20.00006 (+0.0003 %).
Computing non-local correlation ... 20325 points ... done (3.69 s)
ADIIS weights
 5.22e-15  2.25e-13  9.10e-12  7.72e-11  1.26e-08  1.98e-05  1.70e-02  3.28e-01  3.28e-01  3.27e-01 
CDIIS weights
-3.88e-07  2.71e-05  2.55e-05 -9.35e-05 -1.12e-03  6.41e-04  1.27e-02 -6.38e-02 -2.24e-01  1.28e+00 
 DIIS weights
-3.88e-07  2.71e-05  2.55e-05 -9.35e-05 -1.12e-03  6.41e-04  1.27e-02 -6.38e-02 -2.24e-01  1.28e+00 

Solving SCF equations ... done (0.00 s)

DIIS error                    :  3.786584e-07
Energy change                 :  9.908376e-10
Max total density change      :  9.173420e-07
Max rms   density change      :  6.133734e-08
Dipole mu = (-2.55938865, -0.05781825,  0.57781692) D

Iteration took 4.52 s.

 ******* Iteration   11 ********
Forming HF Coulomb matrix ... done (0.08 s)
Forming HF exchange matrix ... done (0.09 s)
Forming short-range HF exchange matrix ... done (0.09 s)
Computing DFT exchange and correlation ... done (0.55 s)
Numerically integrated density is 20.00006 (+0.0003 %).
Computing non-local correlation ... 20325 points ... done (3.67 s)
ADIIS weights
 1.52e-16  7.48e-13  1.80e-13  8.69e-10  1.80e-05  1.38e-05  2.45e-01  2.52e-01  2.51e-01  2.51e-01 
CDIIS weights
 1.97e-07  1.54e-06  9.61e-07 -8.74e-06 -3.40e-05 -2.36e-04  4.57e-03  4.12e-03 -1.20e-01  1.11e+00 
 DIIS weights
 1.97e-07  1.54e-06  9.61e-07 -8.74e-06 -3.40e-05 -2.36e-04  4.57e-03  4.12e-03 -1.20e-01  1.11e+00 

Solving SCF equations ... done (0.00 s)

DIIS error                    :  5.626921e-08
Energy change                 : -1.757314e-10
Max total density change      :  7.349530e-08
Max rms   density change      :  5.930293e-09
Dipole mu = (-2.55938943, -0.05781816,  0.57781739) D

Iteration took 4.49 s.

 ******* Iteration   12 ********
Forming HF Coulomb matrix ... done (0.08 s)
Forming HF exchange matrix ... done (0.09 s)
Forming short-range HF exchange matrix ... done (0.09 s)
Computing DFT exchange and correlation ... done (0.55 s)
Numerically integrated density is 20.00006 (+0.0003 %).
Computing non-local correlation ... 20325 points ... done (3.67 s)
ADIIS weights
 1.65e-12  1.57e-14  1.79e-08  1.16e-07  2.46e-05  1.93e-01  2.02e-01  2.02e-01  2.02e-01  2.02e-01 
CDIIS weights
 4.91e-07  8.88e-07  1.01e-06 -2.48e-05 -1.78e-04  2.08e-03  4.75e-03 -4.53e-02  1.33e-03  1.04e+00 
 DIIS weights
 4.91e-07  8.88e-07  1.01e-06 -2.48e-05 -1.78e-04  2.08e-03  4.75e-03 -4.53e-02  1.33e-03  1.04e+00 

Solving SCF equations ... done (0.00 s)

DIIS error                    :  2.131761e-08
Energy change                 :  3.723244e-12
Max total density change      :  2.602363e-08
Max rms   density change      :  1.436978e-09
Dipole mu = (-2.55938983, -0.05781812,  0.57781761) D

Iteration took 4.49 s.

 ******* Iteration   13 ********
Forming HF Coulomb matrix ... done (0.08 s)
Forming HF exchange matrix ... done (0.09 s)
Forming short-range HF exchange matrix ... done (0.09 s)
Computing DFT exchange and correlation ... done (0.55 s)
Numerically integrated density is 20.00006 (+0.0003 %).
Computing non-local correlation ... 20325 points ... done (4.82 s)
ADIIS weights
 2.81e-15  3.97e-12  2.07e-09  1.48e-05  1.64e-01  1.67e-01  1.67e-01  1.67e-01  1.67e-01  1.67e-01 
CDIIS weights
 5.45e-09  2.53e-08  2.14e-06  2.33e-05 -4.08e-04 -5.54e-04  1.17e-02 -6.10e-02 -1.53e-01  1.20e+00 
 DIIS weights
 5.45e-09  2.53e-08  2.14e-06  2.33e-05 -4.08e-04 -5.54e-04  1.17e-02 -6.10e-02 -1.53e-01  1.20e+00 

Solving SCF equations ... done (0.00 s)

DIIS error                    :  3.794674e-09
Energy change                 : -1.051603e-12
Max total density change      :  8.558714e-09
Max rms   density change      :  4.298542e-10
Dipole mu = (-2.55938991, -0.05781810,  0.57781767) D

Iteration took 5.64 s.

 ******* Iteration   14 ********
Forming HF Coulomb matrix ... done (0.08 s)
Forming HF exchange matrix ... done (0.09 s)
Forming short-range HF exchange matrix ... done (0.09 s)
Computing DFT exchange and correlation ... done (0.55 s)
Numerically integrated density is 20.00006 (+0.0003 %).
Computing non-local correlation ... 20325 points ... done (4.90 s)
ADIIS weights
 3.56e-09  4.18e-06  1.28e-05  1.39e-01  1.44e-01  1.44e-01  1.44e-01  1.44e-01  1.44e-01  1.44e-01 
CDIIS weights
-8.37e-09 -6.56e-07 -4.89e-06  9.35e-05  1.43e-04 -2.72e-03  1.62e-02  6.71e-03 -2.76e-01  1.26e+00 
 DIIS weights
-8.37e-09 -6.56e-07 -4.89e-06  9.35e-05  1.43e-04 -2.72e-03  1.62e-02  6.71e-03 -2.76e-01  1.26e+00 

Solving SCF equations ... done (0.00 s)

DIIS error                    :  6.519172e-10
Energy change                 :  7.958079e-13
Max total density change      :  9.828791e-10
Max rms   density change      :  7.140962e-11
Dipole mu = (-2.55938993, -0.05781810,  0.57781768) D

Iteration took 5.72 s.

 ******* Convergence achieved ********
Solution of RDFT took 1 min 8.34 s.

Kinetic               energy:  1.5182052981957128e+02
Nuclear attraction    energy: -4.3394743290204212e+02
Total one-electron    energy: -2.8212690308247085e+02
Nuclear repulsion     energy:  3.6502872099669482e+01
Coulomb               energy:  1.1137306755211193e+02
Exchange-correlation  energy: -1.8668889760122688e+01
Non-local correlation energy:  9.5473109847732093e-02
-----------------------------------------------------
                Total energy: -1.5282438008096437e+02
               Virial factor:  1.0066120850887961e+00

Dipole mu = (-2.55938993, -0.05781810,  0.57781768) D

HOMO-LUMO gap is   11.61 eV. Orbital energies:
     -19.2671*     -19.2114*      -1.1724*      -1.1158*      -0.6718*
      -0.6229*      -0.5338*      -0.4780*      -0.4503*      -0.4015*
       0.0252        0.0563        0.0580        0.0928        0.1512 
       0.1668        0.2003        0.2034        0.2121        0.2211 
       0.2484        0.2554        0.2766        0.3069        0.3216 
       0.3396        0.3531        0.4019        0.4173        0.4521 
       0.4917        0.5100        0.5198        0.5708        0.5941 
       0.6181        0.6247        0.7176        0.7370        0.8326 
       0.8679        0.9384        1.0266        1.0484        1.0548 
       1.0850        1.1090        1.1251        1.2262        1.2613 
       1.3046        1.3342        1.4313        1.4323        1.4805 
       1.8131        1.8262        1.8755        1.8883        1.9257 
       2.0048        2.1142        2.2036        2.2427        2.3283 
       2.3620        2.3955        2.5119        2.5546        2.5809 
       2.8066        2.8902        3.4183        3.4240        3.4362 
       3.4628        3.4953        3.5186        3.7551        3.8708 
       3.9780        4.0966 

Mulliken charges
   1 O           -0.259659
   2 H            0.129470
   3 H            0.128766
   4 O           -0.226099
   5 H            0.079564
   6 H            0.147959
Sum of Mulliken charges 1.632028e-14

Electron density at nuclei
   1 O          296.859429
   2 H            0.374612
   3 H            0.375055
   4 O          296.874721
   5 H            0.379867
   6 H            0.361908

Running program took 1 min 9.21 s.
Current time is Wed 25 Feb 2015 04:23:21.
