
Current Settings used by ERKALE:
     AtomGuess      	                Auto	Method used for atomic guess (Auto for same as method)
     AugChk         	  erkale_xrs_aug.chk	Save augmented calculation to file (if applicable)
     Basis          	         aug-cc-pVDZ	Basis set used in calculation
     BasisCutoff    	           1.000e-08	Cutoff for dropping out small primitives from contraction
     BasisOrth      	                Auto	Method of orthonormalization of basis set
     BasisRotate    	                true	Rotate basis set to remove redundant functions?
     C1-DIIS        	               false	Use older version of DIIS (C1-DIIS instead of C2-DIIS)?
     Charge         	                   0	Total charge of system
     DFTDelta       	           1.000e+02	Switch to final DFT grid, relative to deltaE and deltaP
     DFTDirect      	               false	Save memory by not storing values of basis functions in memory
     DFTFinalTol    	           1.000e-05	Tolerance of final DFT grid
     DFTGrid        	                Auto	DFT integration grid to use: nrad lmax or Auto for adaptive
     DFTInitialTol  	           1.000e-04	Tolerance of initial DFT grid
     DFTLobatto     	               false	Use Lobatto quadrature instead of Lebedev quadrature?
     DIISEps        	           1.000e-01	Start mixing in DIIS when error is
     DIISOrder      	                  10	How many DIIS iterations to keep in memory?
     DIISThr        	           1.000e-02	DIIS error threshold for DIIS updates
     DecFock        	               false	Use decontracted basis to calculate Fock matrix (direct HF)
     Decontract     	                    	Indices of atoms to decontract basis set for
     DeltaEmax      	           1.000e-06	Maximum allowed change of energy
     DeltaPmax      	           1.000e-05	Maximum allowed maximum difference of density matrix
     DeltaPrms      	           1.000e-06	Maximum allowed RMS difference of density matrix
     DensityFitting 	               false	Use density fitting / RI?
     Direct         	               false	Calculate two-electron integrals (or density fitting) on-the-fly?
     EField         	         0.0 0.0 0.0	Electric field
     FittingBasis   	                Auto	Basis to use for density fitting / RI (Auto for automatic)
     FittingMemory  	                1000	Amount of memory in MB to use for exchange fitting
     FittingThreshold	           1.000e-08	Linear dependence threshold for Coulomb integrals in density fitting
     Guess          	              Atomic	Used guess: atomic (default), core, or GWH
     IntegralThresh 	           1.000e-14	Integral screening threshold
     LineSearch     	               false	Do line search in level shift (EXPENSIVE!)
     LoadChk        	 water_dimer_pbe.chk	Initialize with ground state calculation from file
     Logfile        	water_dimer_pbe_fch.log	File to print out full information, stdout for screen
     MaxIter        	                 100	Maximum number of iterations in SCF cycle
     Method         	 gga_x_pbe-gga_c_pbe	Method used in calculation (HF or a DFT functional)
     Multiplicity   	                   1	Spin multiplicity
     NLGrid         	             50 -194	Integration grid to use for nonlocal correlation: nrad lmax
     Occupancies    	                    	Orbital occupancies
     PZ             	                  No	Perform Perdew-Zunger self-interaction correction? No, Pert, Full, OldFull, Real, Can, CanPert
     PZEmax         	           1.000e-06	Threshold for energy change in unitary optimization
     PZHam          	                Symm	Hamiltonian to use in PZ-SIC: Symm, United
     PZKmax         	           1.000e-03	Threshold for kappa max in unitary optimization
     PZKrms         	           1.000e-04	Threshold for kappa rms in unitary optimization
     PZdEmax        	           1.000e-05	Tolerance threshold for energy convergence
     PZdPmax        	           1.000e-05	Tolerance threshold for density convergence
     PZdPrms        	           1.000e-06	Tolerance threshold for density convergence
     PZiter         	                  20	Max number of iterations in self-consistency iteration
     PZloc          	                true	Initial localization before SIC calculation?
     PZmode         	                  XC	Apply PZ to the operators (in addition to J): X C D
     PZseed         	                   0	Seed number for randomized matrices?
     PZstab         	                   0	Stability analysis for PZ-SIC? 0 for no, 1 for oo block, 2 for full analysis
     PZstabFz       	                    	Orbitals to freeze for stability analysis (only oo!)
     PZunit         	                  10	Max number of iterations in unitary optimization
     PZw            	           1.000e+00	Weight for Perdew-Zunger self-interaction correction
     SaveChk        	water_dimer_pbe_fch.chk	Try initializing with and save results to file
     Shift          	           0.000e+00	Level shift to use in Hartree
     StrictIntegrals	               false	Use strict integrals?
     System         	 water_dimer_xrs.xyz	System as an xyz file
     UseADIIS       	                true	Use ADIIS for Fock matrix interpolation?
     UseBroyden     	               false	Use Broyden mixing of Fock matrices?
     UseDIIS        	                true	Use Pulay's Direct Inversion in the Iterative Subspace?
     UseLM          	                true	Use a spherical harmonics basis set by default?
     UseTRDSM       	               false	Use Trust-Region DSM?
     UseTRRH        	               false	Use Trust-Region Roothaan-Hall?
     VV10           	                Auto	Use VV10 non-local correlation?
     VV10Pars       	                    	VV10 parameters: b C
     Verbose        	                true	Verbose calculation?
     XRSAugment     	                    	Which atoms to augment with diffuse functions? E.g. 1,3:5,10
     XRSDoubleBasis 	              X-AUTO	The augmentation basis to use for double-basis set calculations
     XRSGridTol     	           1.000e-04	DFT grid tolerance in double basis set calculation
     XRSInitialOrbital	                   1	Index of orbital in state to excite
     XRSInitialState	                  1s	Initial atomic state to excite
     XRSLmax        	                   5	Local: expand orbitals up to Lmax
     XRSLquad       	                  30	Local: perform angular expansion using quadrature of Lquad order
     XRSMethod      	                 fch	Which kind of calculation to perform: TP, XCH or FCH
     XRSNrad        	                 200	Local: how many point to use in radial integration
     XRSQMethod     	             Fourier	Method of computing momentum transfer matrix: Local, Fourier or Series
     XRSQval        	                    	List or range of Q values to compute
     XRSSpin        	               false	Spin to excite (false for alpha, true for beta)

Basis set aug-cc-pVDZ found in file aug-cc-pVDZ.gbs in /home/work/erkale/source/erkale/basis/.

Initializing with ground-state calculation from water_dimer_pbe.chk.

Localizing 2 orbitals on center 1.
	sh i       occ  R [Å]
	1s 1* 0.999984  0.028
	2s 1  0.973695  0.929

There are 38 shells and 6 nuclei in the basis set.

List of nuclei, geometry in Ångström with three decimal places:
		 Z	    x	    y	    z
1	O	 8	 -1.464	  0.099	  0.300
2	H	 1	 -1.956	  0.624	 -0.340
3	H	 1	 -1.797	 -0.799	  0.206
4	O	 8	  1.369	  0.146	 -0.395
5	H	 1	  1.894	  0.486	  0.335
6	H	 1	  0.451	  0.165	 -0.083

Interatomic distance matrix:
          1O    2H    3H    4O    5H 
   2H  0.963
   3H  0.962 1.532
   4O  2.917 3.360 3.358
   5H  3.380 3.911 3.910 0.961
   6H  1.954 2.464 2.463 0.970 1.536

List of basis functions:
Shell    1	S cart shell at nucleus   1 with with basis functions    1-1   
Shell    2	S cart shell at nucleus   1 with with basis functions    2-2   
Shell    3	S cart shell at nucleus   1 with with basis functions    3-3   
Shell    4	S cart shell at nucleus   1 with with basis functions    4-4   
Shell    5	P cart shell at nucleus   1 with with basis functions    5-7   
Shell    6	P cart shell at nucleus   1 with with basis functions    8-10  
Shell    7	P cart shell at nucleus   1 with with basis functions   11-13  
Shell    8	D  sph shell at nucleus   1 with with basis functions   14-18  
Shell    9	D  sph shell at nucleus   1 with with basis functions   19-23  
Shell   10	S cart shell at nucleus   2 with with basis functions   24-24  
Shell   11	S cart shell at nucleus   2 with with basis functions   25-25  
Shell   12	S cart shell at nucleus   2 with with basis functions   26-26  
Shell   13	P cart shell at nucleus   2 with with basis functions   27-29  
Shell   14	P cart shell at nucleus   2 with with basis functions   30-32  
Shell   15	S cart shell at nucleus   3 with with basis functions   33-33  
Shell   16	S cart shell at nucleus   3 with with basis functions   34-34  
Shell   17	S cart shell at nucleus   3 with with basis functions   35-35  
Shell   18	P cart shell at nucleus   3 with with basis functions   36-38  
Shell   19	P cart shell at nucleus   3 with with basis functions   39-41  
Shell   20	S cart shell at nucleus   4 with with basis functions   42-42  
Shell   21	S cart shell at nucleus   4 with with basis functions   43-43  
Shell   22	S cart shell at nucleus   4 with with basis functions   44-44  
Shell   23	S cart shell at nucleus   4 with with basis functions   45-45  
Shell   24	P cart shell at nucleus   4 with with basis functions   46-48  
Shell   25	P cart shell at nucleus   4 with with basis functions   49-51  
Shell   26	P cart shell at nucleus   4 with with basis functions   52-54  
Shell   27	D  sph shell at nucleus   4 with with basis functions   55-59  
Shell   28	D  sph shell at nucleus   4 with with basis functions   60-64  
Shell   29	S cart shell at nucleus   5 with with basis functions   65-65  
Shell   30	S cart shell at nucleus   5 with with basis functions   66-66  
Shell   31	S cart shell at nucleus   5 with with basis functions   67-67  
Shell   32	P cart shell at nucleus   5 with with basis functions   68-70  
Shell   33	P cart shell at nucleus   5 with with basis functions   71-73  
Shell   34	S cart shell at nucleus   6 with with basis functions   74-74  
Shell   35	S cart shell at nucleus   6 with with basis functions   75-75  
Shell   36	S cart shell at nucleus   6 with with basis functions   76-76  
Shell   37	P cart shell at nucleus   6 with with basis functions   77-79  
Shell   38	P cart shell at nucleus   6 with with basis functions   80-82  

Basis set contains 82 functions, maximum angular momentum is 2.
Spherical harmonic Gaussians are used by default, there are 86 cartesians.

Forming overlap matrix ... done (0.00 s)
Forming kinetic energy matrix ... done (0.00 s)
Forming nuclear attraction matrix ... done (0.00 s)

Smallest eigenvalue of overlap matrix is 1.61e-03, ratio to largest is 2.11e-04.
Using symmetric orthogonalization.
Basis set diagonalized in 0.00 s.

Forming table of 6085170 ERIs, requiring 46 Mi 436 ki of memory ... done (2.25 s)
740 shell pairs out of 741 are significant.

Initialization of computation done in 2.26 s.

alpha: HOMO-LUMO gap is -492.73 eV. Energies of lowest lying orbitals:
     -18.7948       -0.8845*      -0.3030*      -0.4533*      -0.5110*
      -0.7147*     -18.6625*      -0.2397*      -0.3549*      -0.6873*
      -0.0471       -0.0031        0.0116        0.0488        0.0784 
beta:  HOMO-LUMO gap is    5.24 eV. Energies of lowest lying orbitals:
     -18.8056*     -18.7492*      -0.9596*      -0.9027*      -0.5111*
      -0.4600*      -0.3721*      -0.3154*      -0.2901*      -0.2396*
      -0.0471       -0.0031        0.0116        0.0488        0.0784 

A pure exchange functional used, no exact exchange.
	atom  Npoints      Nfuncs  t
	   2     3062      208498  0.56 s
	   3     3173      215182  0.58 s
	   4     3766      271607  0.74 s
	   1     3769      286804  0.78 s
	   5     3039      199397  0.50 s
	   6     3263      262429  0.75 s
DFT XC grid constructed in 1.33 s.

 ******* Iteration    1 ********
Forming HF Coulomb matrix ... done (0.08 s)
Computing DFT exchange and correlation ... done (0.38 s)
Numerically integrated density is 19.00001 (+0.0000 %).
ADIIS weights
 1.00e+00 
CDIIS weights
 1.00e+00 
 DIIS weights
 1.00e+00 

Solving SCF equations ... done (0.00 s)

DIIS error                    :  7.432850e-01
Energy change                 : -1.321244e+02
Max total density change      :  5.595334e-01
Max rms   density change      :  2.406435e-02
Max total alpha density change:  5.416534e-01
Max rms   alpha density change:  2.346503e-02
Max total beta  density change:  5.774134e-01
Max rms   beta  density change:  2.473453e-02
Dipole mu = ( 22.33623483,  2.32977955, -2.01297207) D

Iteration took 0.46 s.

 ******* Iteration    2 ********
Forming HF Coulomb matrix ... done (0.08 s)
Computing DFT exchange and correlation ... done (0.35 s)
Numerically integrated density is 18.99994 (-0.0003 %).
ADIIS weights
 7.72e-01  2.28e-01 
CDIIS weights
 5.95e-01  4.05e-01 
 DIIS weights
 7.72e-01  2.28e-01 

Solving SCF equations ... done (0.00 s)

DIIS error                    :  8.294020e-01
Energy change                 :  2.008009e+00
Max total density change      :  4.458396e-01
Max rms   density change      :  1.958584e-02
Max total alpha density change:  4.458399e-01
Max rms   alpha density change:  1.957364e-02
Max total beta  density change:  4.458392e-01
Max rms   beta  density change:  1.960791e-02
Dipole mu = (-10.80979661, -0.03170355,  1.18043557) D

Iteration took 0.44 s.

 ******* Iteration    3 ********
Forming HF Coulomb matrix ... done (0.08 s)
Computing DFT exchange and correlation ... done (0.36 s)
Numerically integrated density is 18.99995 (-0.0003 %).
ADIIS weights
 3.86e-01  3.98e-02  5.74e-01 
CDIIS weights
 4.06e-01  1.43e-01  4.50e-01 
 DIIS weights
 3.86e-01  3.98e-02  5.74e-01 

Solving SCF equations ... done (0.00 s)

DIIS error                    :  4.454444e-01
Energy change                 : -2.272052e+00
Max total density change      :  4.568163e-01
Max rms   density change      :  1.744602e-02
Max total alpha density change:  4.568149e-01
Max rms   alpha density change:  1.728183e-02
Max total beta  density change:  4.568177e-01
Max rms   beta  density change:  1.762332e-02
Dipole mu = ( 23.49013178,  2.71867148, -1.42397950) D

Iteration took 0.44 s.

 ******* Iteration    4 ********
Forming HF Coulomb matrix ... done (0.08 s)
Computing DFT exchange and correlation ... done (0.36 s)
Numerically integrated density is 18.99996 (-0.0002 %).
ADIIS weights
 3.06e-01  4.02e-17  5.68e-01  1.26e-01 
CDIIS weights
 1.99e-01 -2.04e-01  5.88e-01  4.18e-01 
 DIIS weights
 3.06e-01  4.02e-17  5.68e-01  1.26e-01 

Solving SCF equations ... done (0.00 s)

DIIS error                    :  5.845674e-01
Energy change                 :  1.551906e+00
Max total density change      :  3.231459e-01
Max rms   density change      :  1.578737e-02
Max total alpha density change:  3.231647e-01
Max rms   alpha density change:  1.563804e-02
Max total beta  density change:  3.231272e-01
Max rms   beta  density change:  1.594609e-02
Dipole mu = (-9.24251266, -0.03416671,  0.74014292) D

Iteration took 0.45 s.

 ******* Iteration    5 ********
Forming HF Coulomb matrix ... done (0.08 s)
Computing DFT exchange and correlation ... done (0.36 s)
Numerically integrated density is 18.99998 (-0.0001 %).
ADIIS weights
 1.53e-14  6.93e-16  6.43e-13  3.27e-18  1.00e+00 
CDIIS weights
 3.78e-02 -2.75e-02  2.27e-01  1.32e-02  7.49e-01 
 DIIS weights
 1.53e-14  6.93e-16  6.43e-13  3.27e-18  1.00e+00 

Solving SCF equations ... done (0.00 s)

DIIS error                    :  1.228423e-01
Energy change                 : -1.935242e+00
Max total density change      :  9.722201e-02
Max rms   density change      :  3.252719e-03
Max total alpha density change:  9.722007e-02
Max rms   alpha density change:  3.222975e-03
Max total beta  density change:  9.722396e-02
Max rms   beta  density change:  3.287645e-03
Dipole mu = (-9.88208931,  0.25398643,  1.66901942) D

Iteration took 0.44 s.

 ******* Iteration    6 ********
Forming HF Coulomb matrix ... done (0.08 s)
Computing DFT exchange and correlation ... done (0.36 s)
Numerically integrated density is 18.99997 (-0.0002 %).
ADIIS weights
 4.71e-17  6.06e-16  8.55e-16  5.92e-16  7.20e-01  2.80e-01 
CDIIS weights
-1.73e-02  7.94e-03 -3.09e-02  5.05e-04  6.32e-01  4.08e-01 
 DIIS weights
 4.71e-17  6.06e-16  8.55e-16  5.92e-16  7.20e-01  2.80e-01 

Solving SCF equations ... done (0.00 s)

DIIS error                    :  2.308818e-01
Energy change                 :  5.188191e-02
Max total density change      :  5.186879e-02
Max rms   density change      :  1.679920e-03
Max total alpha density change:  5.185507e-02
Max rms   alpha density change:  1.677283e-03
Max total beta  density change:  5.188251e-02
Max rms   beta  density change:  1.683595e-03
Dipole mu = (-9.43488173,  0.12331472,  1.20323025) D

Iteration took 0.45 s.

 ******* Iteration    7 ********
Forming HF Coulomb matrix ... done (0.08 s)
Computing DFT exchange and correlation ... done (0.36 s)
Numerically integrated density is 18.99997 (-0.0001 %).
ADIIS weights
 1.45e-14  4.33e-17  1.01e-15  3.08e-16  1.43e-01  7.37e-14  8.57e-01 
CDIIS weights
 5.81e-03 -6.75e-04 -1.78e-02  6.63e-04  1.47e-01 -6.84e-02  9.33e-01 
 DIIS weights
 3.79e-03 -4.40e-04 -1.16e-02  4.32e-04  1.46e-01 -4.46e-02  9.07e-01 

Solving SCF equations ... done (0.00 s)

DIIS error                    :  4.131651e-02
Energy change                 : -7.225147e-02
Max total density change      :  1.565984e-02
Max rms   density change      :  6.200505e-04
Max total alpha density change:  1.565003e-02
Max rms   alpha density change:  6.225034e-04
Max total beta  density change:  1.566965e-02
Max rms   beta  density change:  6.187772e-04
Dipole mu = (-9.27054424,  0.08004087,  1.04438374) D

Iteration took 0.45 s.

 ******* Iteration    8 ********
Forming HF Coulomb matrix ... done (0.08 s)
Computing DFT exchange and correlation ... done (0.35 s)
Numerically integrated density is 18.99998 (-0.0001 %).
ADIIS weights
 4.42e-17  1.30e-15  2.05e-17  1.37e-15  5.22e-13  9.20e-15  1.13e-01  8.87e-01 
CDIIS weights
 7.94e-04 -1.57e-04 -1.40e-03 -2.17e-04  2.87e-02  1.26e-02  2.67e-01  6.93e-01 
 DIIS weights
 7.54e-04 -1.49e-04 -1.33e-03 -2.06e-04  2.73e-02  1.20e-02  2.59e-01  7.02e-01 

Solving SCF equations ... done (0.00 s)

DIIS error                    :  1.448212e-02
Energy change                 : -3.078951e-03
Max total density change      :  4.320799e-03
Max rms   density change      :  1.663597e-04
Max total alpha density change:  4.320367e-03
Max rms   alpha density change:  1.638288e-04
Max total beta  density change:  4.321231e-03
Max rms   beta  density change:  1.693201e-04
Dipole mu = (-9.32340678,  0.09119676,  1.08833072) D

Iteration took 0.44 s.

 ******* Iteration    9 ********
Forming HF Coulomb matrix ... done (0.08 s)
Computing DFT exchange and correlation ... done (0.36 s)
Numerically integrated density is 18.99997 (-0.0001 %).
ADIIS weights
 7.90e-17  2.29e-19  1.61e-15  2.85e-15  2.26e-13  2.02e-14  6.44e-11  3.35e-10  1.00e+00 
CDIIS weights
 6.86e-05 -6.78e-06 -1.61e-04  1.85e-05  2.59e-03 -7.52e-04  1.99e-02  6.28e-02  9.16e-01 
 DIIS weights
 6.86e-05 -6.78e-06 -1.61e-04  1.85e-05  2.59e-03 -7.52e-04  1.99e-02  6.28e-02  9.16e-01 

Solving SCF equations ... done (0.00 s)

DIIS error                    :  7.079946e-04
Energy change                 : -3.948125e-04
Max total density change      :  1.980207e-04
Max rms   density change      :  6.844563e-06
Max total alpha density change:  2.144864e-04
Max rms   alpha density change:  8.124365e-06
Max total beta  density change:  1.990890e-04
Max rms   beta  density change:  6.543396e-06
Dipole mu = (-9.32140643,  0.09075961,  1.08661152) D

Iteration took 0.45 s.

 ******* Iteration   10 ********
Forming HF Coulomb matrix ... done (0.08 s)
Computing DFT exchange and correlation ... done (0.35 s)
Numerically integrated density is 18.99997 (-0.0001 %).
ADIIS weights
 2.43e-15  3.88e-18  4.36e-16  4.53e-16  1.84e-13  7.49e-18  1.41e-11  6.81e-10  7.54e-05  1.00e+00 
CDIIS weights
 9.03e-06 -1.45e-06  2.23e-05  1.56e-06  1.02e-04 -2.29e-04  1.86e-03  7.53e-03  1.20e-01  8.70e-01 
 DIIS weights
 9.03e-06 -1.45e-06  2.23e-05  1.56e-06  1.02e-04 -2.29e-04  1.86e-03  7.53e-03  1.20e-01  8.70e-01 

Solving SCF equations ... done (0.00 s)

DIIS error                    :  9.262921e-06
Energy change                 : -8.532423e-07
Max total density change      :  3.204977e-06
Max rms   density change      :  2.173453e-07
Max total alpha density change:  3.125234e-05
Max rms   alpha density change:  9.206296e-07
Max total beta  density change:  3.587100e-05
Max rms   beta  density change:  9.885883e-07
Dipole mu = (-9.32145089,  0.09073837,  1.08657913) D

Iteration took 0.44 s.

 ******* Iteration   11 ********
Forming HF Coulomb matrix ... done (0.08 s)
Computing DFT exchange and correlation ... done (0.36 s)
Numerically integrated density is 18.99997 (-0.0001 %).
ADIIS weights
 3.79e-17  1.19e-15  5.02e-18  2.72e-16  3.81e-14  2.05e-13  2.12e-09  7.34e-05  4.70e-01  5.30e-01 
CDIIS weights
-2.49e-07  8.97e-06  1.38e-07 -2.37e-05 -2.69e-05  3.87e-05  7.19e-04  1.14e-02  2.09e-01  7.79e-01 
 DIIS weights
-2.49e-07  8.97e-06  1.38e-07 -2.37e-05 -2.69e-05  3.87e-05  7.19e-04  1.14e-02  2.09e-01  7.79e-01 

Solving SCF equations ... done (0.00 s)

DIIS error                    :  2.588186e-06
Energy change                 : -6.384852e-09
Max total density change      :  1.104628e-06
Max rms   density change      :  5.642731e-08
Max total alpha density change:  1.175804e-05
Max rms   alpha density change:  3.262438e-07
Max total beta  density change:  1.152498e-05
Max rms   beta  density change:  3.344966e-07
Dipole mu = (-9.32141230,  0.09074316,  1.08657725) D

Iteration took 0.45 s.

 ******* Convergence achieved ********
Solution of UDFT took 6.26 s.

Kinetic               energy:  1.2880105376279221e+02
Nuclear attraction    energy: -3.8155229234542708e+02
Total one-electron    energy: -2.5275123858263501e+02
Nuclear repulsion     energy:  3.6502872099669482e+01
Coulomb               energy:  1.0022068075627229e+02
Exchange-correlation  energy: -1.6767949719765351e+01
Non-local correlation energy:  0.0000000000000000e+00
-----------------------------------------------------
                Total energy: -1.3279563544645859e+02
               Virial factor:  1.0310135792135913e+00

Dipole mu = (-9.32141230,  0.09074316,  1.08657725) D

alpha: HOMO-LUMO gap is -549.40 eV. Orbital energies:
     -20.6091      -18.9357*      -1.4839*      -1.0889*      -1.0162*
      -0.8865*      -0.8276*      -0.6425*      -0.4944*      -0.4192*
      -0.3451       -0.2818       -0.1728       -0.1444       -0.1137 
      -0.1108       -0.0934       -0.0595       -0.0428       -0.0363 
      -0.0279       -0.0231        0.0042        0.0128        0.0269 
       0.0384        0.0844        0.1139        0.1262        0.1553 
       0.1768        0.1799        0.1884        0.2221        0.2426 
       0.2792        0.3268        0.3638        0.4346        0.4521 
       0.4822        0.5854        0.5918        0.6044        0.6418 
       0.7081        0.7302        0.7590        0.7782        0.8177 
       0.8229        0.8824        1.0219        1.0525        1.0741 
       1.2973        1.3649        1.4042        1.4900        1.5232 
       1.5688        1.6067        1.6946        1.6957        1.7593 
       1.9573        1.9665        1.9669        2.1047        2.2152 
       2.3539        2.4432        2.7876        2.7908        2.9046 
       3.0478        3.0721        3.1040        3.1169        3.3254 
       3.4725        3.6861 
beta:  HOMO-LUMO gap is    1.82 eV. Orbital energies:
     -22.1910*     -18.9356*      -1.5279*      -1.0889*      -1.0434*
      -0.9191*      -0.8599*      -0.6430*      -0.4944*      -0.4191*
      -0.3524       -0.2903       -0.1746       -0.1455       -0.1121 
      -0.1093       -0.0942       -0.0590       -0.0432       -0.0367 
      -0.0261       -0.0218        0.0041        0.0140        0.0281 
       0.0389        0.0846        0.1126        0.1259        0.1550 
       0.1768        0.1797        0.1883        0.2209        0.2449 
       0.2801        0.3299        0.3638        0.4389        0.4520 
       0.4785        0.5894        0.5909        0.6078        0.6413 
       0.6977        0.7302        0.7567        0.7693        0.8126 
       0.8151        0.8793        1.0177        1.0531        1.0731 
       1.3018        1.3568        1.4094        1.4972        1.5236 
       1.5692        1.5899        1.6900        1.6961        1.7499 
       1.9574        1.9660        1.9733        2.1047        2.2152 
       2.3557        2.4431        2.7862        2.7891        2.9037 
       3.0478        3.0721        3.1041        3.1151        3.3233 
       3.4723        3.6859 
alpha: HOMO-LUMO gap is -549.40 eV. Energies of lowest lying orbitals:
     -20.6091      -18.9357*      -1.4839*      -1.0889*      -1.0162*
      -0.8865*      -0.8276*      -0.6425*      -0.4944*      -0.4192*
      -0.3451       -0.2818       -0.1728       -0.1444       -0.1137 
beta:  HOMO-LUMO gap is    1.82 eV. Energies of lowest lying orbitals:
     -22.1910*     -18.9356*      -1.5279*      -1.0889*      -1.0434*
      -0.9191*      -0.8599*      -0.6430*      -0.4944*      -0.4191*
      -0.3524       -0.2903       -0.1746       -0.1455       -0.1121 

A pure exchange functional used, no exact exchange.
	atom  Npoints      Nfuncs  t
	   2     6750      453524  1.33 s
	   3     6815      455439  1.34 s
	   4     7772      549882  1.61 s
	   1     7650      582065  1.71 s
	   5     7093      456454  1.27 s
	   6     7048      558470  1.70 s
DFT XC grid constructed in 3.04 s.

 ******* Iteration    1 ********
Forming HF Coulomb matrix ... done (0.08 s)
Computing DFT exchange and correlation ... done (0.93 s)
Numerically integrated density is 19.00000 (+0.0000 %).
ADIIS weights
 1.00e+00 
CDIIS weights
 1.00e+00 
 DIIS weights
 1.00e+00 

Solving SCF equations ... done (0.00 s)

DIIS error                    :  1.418211e-04
Energy change                 : -1.327956e+02
Max total density change      :  3.156534e-05
Max rms   density change      :  2.018725e-06
Max total alpha density change:  4.623556e-05
Max rms   alpha density change:  2.320494e-06
Max total beta  density change:  2.714639e-05
Max rms   beta  density change:  2.040633e-06
Dipole mu = (-9.32145405,  0.09070533,  1.08667188) D

Iteration took 1.01 s.

 ******* Iteration    2 ********
Forming HF Coulomb matrix ... done (0.08 s)
Computing DFT exchange and correlation ... done (0.81 s)
Numerically integrated density is 19.00000 (+0.0000 %).
ADIIS weights
 1.91e-04  1.00e+00 
CDIIS weights
 1.50e-02  9.85e-01 
 DIIS weights
 1.50e-02  9.85e-01 

Solving SCF equations ... done (0.00 s)

DIIS error                    :  1.961020e-05
Energy change                 : -6.105950e-09
Max total density change      :  1.657823e-05
Max rms   density change      :  5.185342e-07
Max total alpha density change:  1.653614e-05
Max rms   alpha density change:  5.366342e-07
Max total beta  density change:  1.662032e-05
Max rms   beta  density change:  5.313547e-07
Dipole mu = (-9.32131883,  0.09064760,  1.08644679) D

Iteration took 0.90 s.

 ******* Iteration    3 ********
Forming HF Coulomb matrix ... done (0.10 s)
Computing DFT exchange and correlation ... done (0.89 s)
Numerically integrated density is 19.00000 (+0.0000 %).
ADIIS weights
 1.84e-03  6.11e-01  3.87e-01 
CDIIS weights
 6.61e-03  6.55e-01  3.39e-01 
 DIIS weights
 6.61e-03  6.55e-01  3.39e-01 

Solving SCF equations ... done (0.00 s)

DIIS error                    :  3.854135e-05
Energy change                 :  1.430692e-09
Max total density change      :  1.130645e-05
Max rms   density change      :  3.612806e-07
Max total alpha density change:  1.130255e-05
Max rms   alpha density change:  3.607849e-07
Max total beta  density change:  1.131036e-05
Max rms   beta  density change:  3.623009e-07
Dipole mu = (-9.32141930,  0.09069084,  1.08659215) D

Iteration took 1.00 s.

 ******* Iteration    4 ********
Forming HF Coulomb matrix ... done (0.10 s)
Computing DFT exchange and correlation ... done (0.93 s)
Numerically integrated density is 19.00000 (+0.0000 %).
ADIIS weights
 5.46e-05  3.72e-01  2.54e-01  3.74e-01 
CDIIS weights
 6.52e-04  1.84e-01  1.17e-01  6.98e-01 
 DIIS weights
 6.52e-04  1.84e-01  1.17e-01  6.98e-01 

Solving SCF equations ... done (0.00 s)

DIIS error                    :  1.510681e-06
Energy change                 : -2.099881e-09
Max total density change      :  4.273005e-07
Max rms   density change      :  2.386768e-08
Max total alpha density change:  4.122977e-07
Max rms   alpha density change:  2.350355e-08
Max total beta  density change:  1.174722e-06
Max rms   beta  density change:  3.729834e-08
Dipole mu = (-9.32141338,  0.09069048,  1.08659465) D

Iteration took 1.03 s.

 ******* Iteration    5 ********
Forming HF Coulomb matrix ... done (0.10 s)
Computing DFT exchange and correlation ... done (0.89 s)
Numerically integrated density is 19.00000 (+0.0000 %).
ADIIS weights
 3.54e-04  2.66e-01  1.90e-01  2.72e-01  2.71e-01 
CDIIS weights
 4.04e-04  7.94e-02  5.21e-02  3.40e-01  5.28e-01 
 DIIS weights
 4.04e-04  7.94e-02  5.21e-02  3.40e-01  5.28e-01 

Solving SCF equations ... done (0.00 s)

DIIS error                    :  6.157071e-07
Energy change                 : -9.833911e-12
Max total density change      :  2.586101e-07
Max rms   density change      :  7.064626e-09
Max total alpha density change:  5.206503e-07
Max rms   alpha density change:  1.344167e-08
Max total beta  density change:  1.045338e-07
Max rms   beta  density change:  4.747111e-09
Dipole mu = (-9.32141282,  0.09069063,  1.08659478) D

Iteration took 1.00 s.

 ******* Convergence achieved ********
Solution of UDFT took 7.98 s.

Kinetic               energy:  1.2880086112196688e+02
Nuclear attraction    energy: -3.8155217583611511e+02
Total one-electron    energy: -2.5275131471414832e+02
Nuclear repulsion     energy:  3.6502872099669482e+01
Coulomb               energy:  1.0022076644209818e+02
Exchange-correlation  energy: -1.6767966165504738e+01
Non-local correlation energy:  0.0000000000000000e+00
-----------------------------------------------------
                Total energy: -1.3279564233788540e+02
               Virial factor:  1.0310151747520981e+00

Dipole mu = (-9.32141282,  0.09069063,  1.08659478) D

alpha: HOMO-LUMO gap is -549.42 eV. Orbital energies:
     -20.6098      -18.9356*      -1.4840*      -1.0889*      -1.0162*
      -0.8864*      -0.8276*      -0.6425*      -0.4944*      -0.4192*
      -0.3451       -0.2818       -0.1727       -0.1443       -0.1137 
      -0.1108       -0.0934       -0.0595       -0.0428       -0.0363 
      -0.0279       -0.0231        0.0042        0.0128        0.0269 
       0.0384        0.0844        0.1139        0.1262        0.1553 
       0.1768        0.1799        0.1884        0.2221        0.2426 
       0.2792        0.3268        0.3638        0.4346        0.4521 
       0.4822        0.5854        0.5918        0.6044        0.6418 
       0.7081        0.7301        0.7590        0.7782        0.8177 
       0.8229        0.8824        1.0219        1.0525        1.0741 
       1.2973        1.3649        1.4042        1.4900        1.5232 
       1.5688        1.6067        1.6946        1.6957        1.7593 
       1.9573        1.9665        1.9669        2.1048        2.2153 
       2.3539        2.4432        2.7876        2.7908        2.9046 
       3.0478        3.0722        3.1040        3.1169        3.3254 
       3.4725        3.6862 
beta:  HOMO-LUMO gap is    1.82 eV. Orbital energies:
     -22.1910*     -18.9356*      -1.5279*      -1.0888*      -1.0434*
      -0.9191*      -0.8599*      -0.6430*      -0.4944*      -0.4191*
      -0.3524       -0.2903       -0.1746       -0.1455       -0.1121 
      -0.1093       -0.0942       -0.0590       -0.0432       -0.0367 
      -0.0261       -0.0218        0.0041        0.0140        0.0281 
       0.0389        0.0846        0.1126        0.1259        0.1550 
       0.1769        0.1797        0.1883        0.2209        0.2449 
       0.2801        0.3299        0.3638        0.4389        0.4520 
       0.4785        0.5894        0.5909        0.6078        0.6413 
       0.6977        0.7302        0.7567        0.7693        0.8126 
       0.8152        0.8793        1.0177        1.0530        1.0731 
       1.3018        1.3568        1.4094        1.4973        1.5236 
       1.5692        1.5899        1.6900        1.6961        1.7499 
       1.9574        1.9660        1.9733        2.1048        2.2153 
       2.3558        2.4432        2.7862        2.7891        2.9036 
       3.0478        3.0722        3.1041        3.1151        3.3233 
       3.4723        3.6859 
Vertical photoionization energy is 542.35 eV.



Running program took 16.66 s.
Current time is Wed 25 Feb 2015 01:28:05.
