
Current Settings used by ERKALE:
     AtomGuess      	                Auto	Method used for atomic guess (Auto for same as method)
     AugChk         	  erkale_xrs_aug.chk	Save augmented calculation to file (if applicable)
     Basis          	         aug-cc-pVDZ	Basis set used in calculation
     BasisCutoff    	           1.000e-08	Cutoff for dropping out small primitives from contraction
     BasisOrth      	                Auto	Method of orthonormalization of basis set
     BasisRotate    	                true	Rotate basis set to remove redundant functions?
     C1-DIIS        	               false	Use older version of DIIS (C1-DIIS instead of C2-DIIS)?
     Charge         	                   0	Total charge of system
     DFTDelta       	           1.000e+02	Switch to final DFT grid, relative to deltaE and deltaP
     DFTDirect      	               false	Save memory by not storing values of basis functions in memory
     DFTFinalTol    	           1.000e-05	Tolerance of final DFT grid
     DFTGrid        	                Auto	DFT integration grid to use: nrad lmax or Auto for adaptive
     DFTInitialTol  	           1.000e-04	Tolerance of initial DFT grid
     DFTLobatto     	               false	Use Lobatto quadrature instead of Lebedev quadrature?
     DIISEps        	           1.000e-01	Start mixing in DIIS when error is
     DIISOrder      	                  10	How many DIIS iterations to keep in memory?
     DIISThr        	           1.000e-02	DIIS error threshold for DIIS updates
     DecFock        	               false	Use decontracted basis to calculate Fock matrix (direct HF)
     Decontract     	                    	Indices of atoms to decontract basis set for
     DeltaEmax      	           1.000e-06	Maximum allowed change of energy
     DeltaPmax      	           1.000e-05	Maximum allowed maximum difference of density matrix
     DeltaPrms      	           1.000e-06	Maximum allowed RMS difference of density matrix
     DensityFitting 	                true	Use density fitting / RI?
     Direct         	                true	Calculate two-electron integrals (or density fitting) on-the-fly?
     EField         	         0.0 0.0 0.0	Electric field
     FittingBasis   	                Auto	Basis to use for density fitting / RI (Auto for automatic)
     FittingMemory  	                1000	Amount of memory in MB to use for exchange fitting
     FittingThreshold	           1.000e-08	Linear dependence threshold for Coulomb integrals in density fitting
     Guess          	              Atomic	Used guess: atomic (default), core, or GWH
     IntegralThresh 	           1.000e-14	Integral screening threshold
     LineSearch     	               false	Do line search in level shift (EXPENSIVE!)
     LoadChk        	   water_cluster.chk	Initialize with ground state calculation from file
     Logfile        	water_cluster_xrs.log	File to print out full information, stdout for screen
     MaxIter        	                 100	Maximum number of iterations in SCF cycle
     Method         	 gga_x_pbe-gga_c_pbe	Method used in calculation (HF or a DFT functional)
     Multiplicity   	                   1	Spin multiplicity
     NLGrid         	             50 -194	Integration grid to use for nonlocal correlation: nrad lmax
     Occupancies    	                    	Orbital occupancies
     PZ             	                  No	Perform Perdew-Zunger self-interaction correction? No, Pert, Full, OldFull, Real, Can, CanPert
     PZEmax         	           1.000e-06	Threshold for energy change in unitary optimization
     PZHam          	                Symm	Hamiltonian to use in PZ-SIC: Symm, United
     PZKmax         	           1.000e-03	Threshold for kappa max in unitary optimization
     PZKrms         	           1.000e-04	Threshold for kappa rms in unitary optimization
     PZdEmax        	           1.000e-05	Tolerance threshold for energy convergence
     PZdPmax        	           1.000e-05	Tolerance threshold for density convergence
     PZdPrms        	           1.000e-06	Tolerance threshold for density convergence
     PZiter         	                  20	Max number of iterations in self-consistency iteration
     PZloc          	                true	Initial localization before SIC calculation?
     PZmode         	                  XC	Apply PZ to the operators (in addition to J): X C D
     PZseed         	                   0	Seed number for randomized matrices?
     PZstab         	                   0	Stability analysis for PZ-SIC? 0 for no, 1 for oo block, 2 for full analysis
     PZstabFz       	                    	Orbitals to freeze for stability analysis (only oo!)
     PZunit         	                  10	Max number of iterations in unitary optimization
     PZw            	           1.000e+00	Weight for Perdew-Zunger self-interaction correction
     SaveChk        	water_cluster_xrs.chk	Try initializing with and save results to file
     Shift          	           0.000e+00	Level shift to use in Hartree
     StrictIntegrals	               false	Use strict integrals?
     System         	water_cluster_xrs.xyz	System as an xyz file
     UseADIIS       	                true	Use ADIIS for Fock matrix interpolation?
     UseBroyden     	               false	Use Broyden mixing of Fock matrices?
     UseDIIS        	                true	Use Pulay's Direct Inversion in the Iterative Subspace?
     UseLM          	                true	Use a spherical harmonics basis set by default?
     UseTRDSM       	               false	Use Trust-Region DSM?
     UseTRRH        	               false	Use Trust-Region Roothaan-Hall?
     VV10           	                Auto	Use VV10 non-local correlation?
     VV10Pars       	                    	VV10 parameters: b C
     Verbose        	                true	Verbose calculation?
     XRSAugment     	                    	Which atoms to augment with diffuse functions? E.g. 1,3:5,10
     XRSDoubleBasis 	              X-AUTO	The augmentation basis to use for double-basis set calculations
     XRSGridTol     	           1.000e-04	DFT grid tolerance in double basis set calculation
     XRSInitialOrbital	                   1	Index of orbital in state to excite
     XRSInitialState	                  1s	Initial atomic state to excite
     XRSLmax        	                   5	Local: expand orbitals up to Lmax
     XRSLquad       	                  30	Local: perform angular expansion using quadrature of Lquad order
     XRSMethod      	                  TP	Which kind of calculation to perform: TP, XCH or FCH
     XRSNrad        	                 200	Local: how many point to use in radial integration
     XRSQMethod     	             Fourier	Method of computing momentum transfer matrix: Local, Fourier or Series
     XRSQval        	                    	List or range of Q values to compute
     XRSSpin        	               false	Spin to excite (false for alpha, true for beta)

Basis set aug-cc-pVDZ found in file aug-cc-pVDZ.gbs in /home/work/erkale/source/erkale/basis/.

Initializing with ground-state calculation from water_cluster.chk.

Localizing 2 orbitals on center 1.
	sh i       occ  R [Å]
	1s 1* 0.999989  0.028
	2s 1  0.984459  0.961

There are 76 shells and 12 nuclei in the basis set.

List of nuclei, geometry in Ångström with three decimal places:
		 Z	    x	    y	    z
1	O	 8	  1.300	 -0.680	 -0.110
2	H	 1	  0.890	 -1.420	  0.420
3	H	 1	  1.940	 -0.170	  0.470
4	O	 8	  0.270	 -2.660	  1.170
5	H	 1	  0.080	 -3.620	  1.380
6	H	 1	 -0.060	 -2.080	  1.920
7	O	 8	  1.300	 -0.410	 -2.910
8	H	 1	  1.200	 -0.560	 -1.920
9	H	 1	  0.440	 -0.050	 -3.270
10	O	 8	  2.970	  0.350	  1.710
11	H	 1	  3.460	  1.190	  1.500
12	H	 1	  3.590	 -0.300	  2.160

Interatomic distance matrix:
          1O    2H    3H    4O    5H    6H    7O    8H    9H   10O   11H 
   2H  0.998
   3H  1.003 1.633
   4O  2.573 1.576 3.079
   5H  3.515 2.533 4.024 1.001
   6H  2.816 1.894 3.123 1.004 1.638
   7O  2.813 3.504 3.448 4.772 5.495 5.288
   8H  1.817 2.512 2.532 3.850 4.638 4.318 1.006
   9H  3.335 3.962 4.031 5.153 5.873 5.595 0.999 1.631
  10O  2.676 3.020 1.694 4.079 4.922 3.890 4.971 4.140 5.600
  11H  3.279 3.819 2.285 5.011 5.880 4.823 5.165 4.457 5.780 0.995
  12H  3.247 3.402 2.365 4.192 4.894 4.068 5.564 4.736 6.283 1.005 1.635

List of basis functions:
Shell    1	S cart shell at nucleus   1 with with basis functions    1-1   
Shell    2	S cart shell at nucleus   1 with with basis functions    2-2   
Shell    3	S cart shell at nucleus   1 with with basis functions    3-3   
Shell    4	S cart shell at nucleus   1 with with basis functions    4-4   
Shell    5	P cart shell at nucleus   1 with with basis functions    5-7   
Shell    6	P cart shell at nucleus   1 with with basis functions    8-10  
Shell    7	P cart shell at nucleus   1 with with basis functions   11-13  
Shell    8	D  sph shell at nucleus   1 with with basis functions   14-18  
Shell    9	D  sph shell at nucleus   1 with with basis functions   19-23  
Shell   10	S cart shell at nucleus   2 with with basis functions   24-24  
Shell   11	S cart shell at nucleus   2 with with basis functions   25-25  
Shell   12	S cart shell at nucleus   2 with with basis functions   26-26  
Shell   13	P cart shell at nucleus   2 with with basis functions   27-29  
Shell   14	P cart shell at nucleus   2 with with basis functions   30-32  
Shell   15	S cart shell at nucleus   3 with with basis functions   33-33  
Shell   16	S cart shell at nucleus   3 with with basis functions   34-34  
Shell   17	S cart shell at nucleus   3 with with basis functions   35-35  
Shell   18	P cart shell at nucleus   3 with with basis functions   36-38  
Shell   19	P cart shell at nucleus   3 with with basis functions   39-41  
Shell   20	S cart shell at nucleus   4 with with basis functions   42-42  
Shell   21	S cart shell at nucleus   4 with with basis functions   43-43  
Shell   22	S cart shell at nucleus   4 with with basis functions   44-44  
Shell   23	S cart shell at nucleus   4 with with basis functions   45-45  
Shell   24	P cart shell at nucleus   4 with with basis functions   46-48  
Shell   25	P cart shell at nucleus   4 with with basis functions   49-51  
Shell   26	P cart shell at nucleus   4 with with basis functions   52-54  
Shell   27	D  sph shell at nucleus   4 with with basis functions   55-59  
Shell   28	D  sph shell at nucleus   4 with with basis functions   60-64  
Shell   29	S cart shell at nucleus   5 with with basis functions   65-65  
Shell   30	S cart shell at nucleus   5 with with basis functions   66-66  
Shell   31	S cart shell at nucleus   5 with with basis functions   67-67  
Shell   32	P cart shell at nucleus   5 with with basis functions   68-70  
Shell   33	P cart shell at nucleus   5 with with basis functions   71-73  
Shell   34	S cart shell at nucleus   6 with with basis functions   74-74  
Shell   35	S cart shell at nucleus   6 with with basis functions   75-75  
Shell   36	S cart shell at nucleus   6 with with basis functions   76-76  
Shell   37	P cart shell at nucleus   6 with with basis functions   77-79  
Shell   38	P cart shell at nucleus   6 with with basis functions   80-82  
Shell   39	S cart shell at nucleus   7 with with basis functions   83-83  
Shell   40	S cart shell at nucleus   7 with with basis functions   84-84  
Shell   41	S cart shell at nucleus   7 with with basis functions   85-85  
Shell   42	S cart shell at nucleus   7 with with basis functions   86-86  
Shell   43	P cart shell at nucleus   7 with with basis functions   87-89  
Shell   44	P cart shell at nucleus   7 with with basis functions   90-92  
Shell   45	P cart shell at nucleus   7 with with basis functions   93-95  
Shell   46	D  sph shell at nucleus   7 with with basis functions   96-100 
Shell   47	D  sph shell at nucleus   7 with with basis functions  101-105 
Shell   48	S cart shell at nucleus   8 with with basis functions  106-106 
Shell   49	S cart shell at nucleus   8 with with basis functions  107-107 
Shell   50	S cart shell at nucleus   8 with with basis functions  108-108 
Shell   51	P cart shell at nucleus   8 with with basis functions  109-111 
Shell   52	P cart shell at nucleus   8 with with basis functions  112-114 
Shell   53	S cart shell at nucleus   9 with with basis functions  115-115 
Shell   54	S cart shell at nucleus   9 with with basis functions  116-116 
Shell   55	S cart shell at nucleus   9 with with basis functions  117-117 
Shell   56	P cart shell at nucleus   9 with with basis functions  118-120 
Shell   57	P cart shell at nucleus   9 with with basis functions  121-123 
Shell   58	S cart shell at nucleus  10 with with basis functions  124-124 
Shell   59	S cart shell at nucleus  10 with with basis functions  125-125 
Shell   60	S cart shell at nucleus  10 with with basis functions  126-126 
Shell   61	S cart shell at nucleus  10 with with basis functions  127-127 
Shell   62	P cart shell at nucleus  10 with with basis functions  128-130 
Shell   63	P cart shell at nucleus  10 with with basis functions  131-133 
Shell   64	P cart shell at nucleus  10 with with basis functions  134-136 
Shell   65	D  sph shell at nucleus  10 with with basis functions  137-141 
Shell   66	D  sph shell at nucleus  10 with with basis functions  142-146 
Shell   67	S cart shell at nucleus  11 with with basis functions  147-147 
Shell   68	S cart shell at nucleus  11 with with basis functions  148-148 
Shell   69	S cart shell at nucleus  11 with with basis functions  149-149 
Shell   70	P cart shell at nucleus  11 with with basis functions  150-152 
Shell   71	P cart shell at nucleus  11 with with basis functions  153-155 
Shell   72	S cart shell at nucleus  12 with with basis functions  156-156 
Shell   73	S cart shell at nucleus  12 with with basis functions  157-157 
Shell   74	S cart shell at nucleus  12 with with basis functions  158-158 
Shell   75	P cart shell at nucleus  12 with with basis functions  159-161 
Shell   76	P cart shell at nucleus  12 with with basis functions  162-164 

Basis set contains 164 functions, maximum angular momentum is 2.
Spherical harmonic Gaussians are used by default, there are 172 cartesians.

Forming overlap matrix ... done (0.00 s)
Forming kinetic energy matrix ... done (0.00 s)
Forming nuclear attraction matrix ... done (0.02 s)

Smallest eigenvalue of overlap matrix is 1.16e-03, ratio to largest is 1.17e-04.
Using symmetric orthogonalization.
Basis set diagonalized in 0.00 s.

Initializing density fitting calculation, requiring 4 Mi 73 ki memory ... done (0.10 s)
2827 shell pairs out of 2926 are significant.
Auxiliary basis contains 516 functions.

Initialization of computation done in 0.14 s.

alpha: HOMO-LUMO gap is   15.89 eV. Energies of lowest lying orbitals:
     -18.7170o      -0.8316*      -0.2302*      -0.4185*      -0.3624*
      -0.7251*      -0.6687*      -0.6873*     -18.6956*     -18.6824*
      -0.2992*      -0.5183*     -18.6316*      -0.3245*      -0.2056*
      -0.5147*      -0.3103*      -0.7263*      -0.7495*      -0.6459*
      -0.0619       -0.0455        0.0013        0.0037        0.0083 
beta:  HOMO-LUMO gap is    3.86 eV. Energies of lowest lying orbitals:
     -18.8170*     -18.8170*     -18.7270*     -18.7184*      -0.9553*
      -0.9531*      -0.8707*      -0.8513*      -0.5222*      -0.5146*
      -0.4559*      -0.4216*      -0.3894*      -0.3510*      -0.3064*
      -0.2982*      -0.2903*      -0.2591*      -0.2226*      -0.2038*
      -0.0619       -0.0455        0.0013        0.0037        0.0083 

A pure exchange functional used, no exact exchange.
	atom  Npoints      Nfuncs  t
	   4     3723      480560  2.01 s
	   3     3241      454526  2.13 s
	   2     3245      464196  2.20 s
	   1     3910      561638  2.59 s
	   5     3063      301899  1.15 s
	   7     3421      373375  1.56 s
	   6     3190      364705  1.85 s
	   9     3056      291261  1.04 s
	   8     3447      443146  1.97 s
	  10     3596      458788  2.14 s
	  11     3238      332669  2.40 s
	  12     3439      379916  2.40 s
DFT XC grid constructed in 6.61 s.

 ******* Iteration    1 ********
Forming density fitted Coulomb matrix ... done (1.26 s)
Computing DFT exchange and correlation ... done (1.93 s)
Numerically integrated density is 39.49990 (-0.0002 %).
ADIIS weights
 1.00e+00 
CDIIS weights
 1.00e+00 
 DIIS weights
 1.00e+00 

Solving SCF equations ... done (0.01 s)

DIIS error                    :  3.864448e-01
Energy change                 : -2.956089e+02
Max total density change      :  3.027659e-01
Max rms   density change      :  4.590385e-03
Max total alpha density change:  2.941800e-01
Max rms   alpha density change:  4.421964e-03
Max total beta  density change:  3.113518e-01
Max rms   beta  density change:  4.771265e-03
Dipole mu = ( 3.88184551, -3.26762957,  8.11619264) D

Iteration took 3.21 s.

 ******* Iteration    2 ********
Forming density fitted Coulomb matrix ... done (1.32 s)
Computing DFT exchange and correlation ... done (1.60 s)
Numerically integrated density is 39.49994 (-0.0002 %).
ADIIS weights
 6.74e-01  3.26e-01 
CDIIS weights
 5.93e-01  4.07e-01 
 DIIS weights
 6.74e-01  3.26e-01 

Solving SCF equations ... done (0.01 s)

DIIS error                    :  5.817830e-01
Energy change                 :  2.549019e-01
Max total density change      :  1.566441e-01
Max rms   density change      :  2.309386e-03
Max total alpha density change:  1.565834e-01
Max rms   alpha density change:  2.300421e-03
Max total beta  density change:  1.567048e-01
Max rms   beta  density change:  2.320496e-03
Dipole mu = ( 3.53093808, -2.87748227,  7.15020555) D

Iteration took 2.94 s.

 ******* Iteration    3 ********
Forming density fitted Coulomb matrix ... done (1.05 s)
Computing DFT exchange and correlation ... done (1.53 s)
Numerically integrated density is 39.49993 (-0.0002 %).
ADIIS weights
 8.85e-02  6.19e-15  9.12e-01 
CDIIS weights
 1.03e-01 -1.30e-01  1.03e+00 
 DIIS weights
 8.85e-02  6.19e-15  9.12e-01 

Solving SCF equations ... done (0.01 s)

DIIS error                    :  1.113283e-01
Energy change                 : -4.169329e-01
Max total density change      :  7.330522e-02
Max rms   density change      :  1.160071e-03
Max total alpha density change:  7.395486e-02
Max rms   alpha density change:  1.175720e-03
Max total beta  density change:  7.265558e-02
Max rms   beta  density change:  1.145208e-03
Dipole mu = ( 3.43035877, -2.71111438,  6.43379040) D

Iteration took 2.59 s.

 ******* Iteration    4 ********
Forming density fitted Coulomb matrix ... done (1.04 s)
Computing DFT exchange and correlation ... done (1.61 s)
Numerically integrated density is 39.49992 (-0.0002 %).
ADIIS weights
 4.58e-14  6.98e-16  5.60e-01  4.40e-01 
CDIIS weights
 2.56e-03 -2.55e-02  6.11e-01  4.12e-01 
 DIIS weights
 4.58e-14  6.98e-16  5.60e-01  4.40e-01 

Solving SCF equations ... done (0.01 s)

DIIS error                    :  1.235297e-01
Energy change                 :  6.317318e-03
Max total density change      :  3.540159e-02
Max rms   density change      :  5.789771e-04
Max total alpha density change:  3.474372e-02
Max rms   alpha density change:  5.756139e-04
Max total beta  density change:  3.605946e-02
Max rms   beta  density change:  5.828940e-04
Dipole mu = ( 3.46828256, -2.77519466,  6.82709780) D

Iteration took 2.67 s.

 ******* Iteration    5 ********
Forming density fitted Coulomb matrix ... done (1.03 s)
Computing DFT exchange and correlation ... done (1.61 s)
Numerically integrated density is 39.49992 (-0.0002 %).
ADIIS weights
 1.44e-15  7.33e-16  2.19e-13  1.47e-14  1.00e+00 
CDIIS weights
-9.83e-03  1.40e-02  1.37e-01  1.53e-01  7.05e-01 
 DIIS weights
-9.79e-03  1.39e-02  1.37e-01  1.53e-01  7.06e-01 

Solving SCF equations ... done (0.01 s)

DIIS error                    :  1.038279e-02
Energy change                 : -2.355432e-02
Max total density change      :  3.482547e-03
Max rms   density change      :  6.996676e-05
Max total alpha density change:  3.236402e-03
Max rms   alpha density change:  6.804407e-05
Max total beta  density change:  3.728693e-03
Max rms   beta  density change:  7.205557e-05
Dipole mu = ( 3.48802785, -2.79755597,  6.83462245) D

Iteration took 2.65 s.

 ******* Iteration    6 ********
Forming density fitted Coulomb matrix ... done (1.03 s)
Computing DFT exchange and correlation ... done (1.54 s)
Numerically integrated density is 39.49992 (-0.0002 %).
ADIIS weights
 9.18e-15  3.27e-15  2.29e-14  2.22e-12  2.11e-02  9.79e-01 
CDIIS weights
-9.38e-04 -1.08e-03  5.64e-02  2.98e-02  2.68e-01  6.48e-01 
 DIIS weights
-9.38e-04 -1.08e-03  5.64e-02  2.98e-02  2.68e-01  6.48e-01 

Solving SCF equations ... done (0.01 s)

DIIS error                    :  2.542947e-03
Energy change                 : -1.900738e-04
Max total density change      :  9.933324e-04
Max rms   density change      :  1.914434e-05
Max total alpha density change:  9.941531e-04
Max rms   alpha density change:  1.941717e-05
Max total beta  density change:  9.925118e-04
Max rms   beta  density change:  1.893365e-05
Dipole mu = ( 3.47743321, -2.79215239,  6.83800053) D

Iteration took 2.59 s.

 ******* Iteration    7 ********
Forming density fitted Coulomb matrix ... done (1.04 s)
Computing DFT exchange and correlation ... done (1.55 s)
Numerically integrated density is 39.49992 (-0.0002 %).
ADIIS weights
 2.31e-14  6.02e-15  1.28e-12  1.60e-12  3.37e-09  7.38e-05  1.00e+00 
CDIIS weights
-1.82e-04 -1.39e-03  3.62e-02  1.60e-02  1.58e-01  4.40e-01  3.51e-01 
 DIIS weights
-1.82e-04 -1.39e-03  3.62e-02  1.60e-02  1.58e-01  4.40e-01  3.51e-01 

Solving SCF equations ... done (0.01 s)

DIIS error                    :  1.010029e-03
Energy change                 : -1.348335e-05
Max total density change      :  2.887722e-04
Max rms   density change      :  6.066548e-06
Max total alpha density change:  2.884866e-04
Max rms   alpha density change:  6.086296e-06
Max total beta  density change:  2.890577e-04
Max rms   beta  density change:  6.069245e-06
Dipole mu = ( 3.48117350, -2.79253426,  6.83728354) D

Iteration took 2.61 s.

 ******* Iteration    8 ********
Forming density fitted Coulomb matrix ... done (1.04 s)
Computing DFT exchange and correlation ... done (1.53 s)
Numerically integrated density is 39.49992 (-0.0002 %).
ADIIS weights
 6.51e-15  2.26e-15  9.61e-14  2.25e-12  7.72e-08  6.74e-07  6.77e-06  1.00e+00 
CDIIS weights
-1.88e-06 -1.26e-04  3.65e-03  1.11e-03  2.11e-02  6.48e-02  7.16e-02  8.38e-01 
 DIIS weights
-1.88e-06 -1.26e-04  3.65e-03  1.11e-03  2.11e-02  6.48e-02  7.16e-02  8.38e-01 

Solving SCF equations ... done (0.01 s)

DIIS error                    :  3.444756e-05
Energy change                 : -2.283142e-06
Max total density change      :  1.764556e-05
Max rms   density change      :  5.403739e-07
Max total alpha density change:  3.118428e-05
Max rms   alpha density change:  7.260755e-07
Max total beta  density change:  5.055342e-05
Max rms   beta  density change:  9.413806e-07
Dipole mu = ( 3.48122387, -2.79269687,  6.83758158) D

Iteration took 2.60 s.

 ******* Convergence achieved ********
Solution of UDFT took 28.49 s.

Kinetic               energy:  2.9188633543684062e+02
Nuclear attraction    energy: -9.5184368144561620e+02
Total one-electron    energy: -6.5995734600877574e+02
Nuclear repulsion     energy:  1.2862784582245234e+02
Coulomb               energy:  2.7139495571302433e+02
Exchange-correlation  energy: -3.5853845953772975e+01
Non-local correlation energy:  0.0000000000000000e+00
-----------------------------------------------------
                Total energy: -2.9578839042707204e+02
               Virial factor:  1.0133684058364416e+00

Dipole mu = ( 3.48122387, -2.79269687,  6.83758158) D

alpha: HOMO-LUMO gap is    4.00 eV. Orbital energies:
     -19.8861o     -18.9141*     -18.9129*     -18.8060*      -1.0972*
      -1.0486*      -1.0448*      -0.9398*      -0.6537*      -0.6080*
      -0.6063*      -0.5424*      -0.4961*      -0.4702*      -0.4602*
      -0.4403*      -0.3948*      -0.3926*      -0.3561*      -0.2883*
      -0.1414       -0.1182       -0.0676       -0.0637       -0.0569 
      -0.0290       -0.0140       -0.0058        0.0014        0.0098 
       0.0168        0.0299        0.0396        0.0500        0.0584 
       0.0589        0.0604        0.0743        0.0816        0.0858 
       0.0875        0.0987        0.1059        0.1151        0.1280 
       0.1341        0.1423        0.1551        0.1594        0.1792 
       0.1936        0.1971        0.2173        0.2292        0.2435 
       0.2538        0.2637        0.2809        0.2971        0.3063 
       0.3212        0.3262        0.3403        0.3531        0.3600 
       0.3702        0.3821        0.3937        0.4092        0.4128 
       0.4231        0.4366        0.4471        0.5402        0.5622 
       0.5818        0.5908        0.6050        0.6117        0.6238 
       0.6768        0.6868        0.7030        0.7583        0.7886 
       0.8132        0.8300        0.8359        0.8531        0.8643 
       0.8771        0.8947        0.9033        0.9254        0.9421 
       0.9668        0.9956        1.0127        1.0482        1.0767 
       1.0934        1.1333        1.1394        1.1556        1.1610 
       1.2003        1.2382        1.2850        1.3248        1.4607 
       1.4924        1.5420        1.5571        1.6007        1.6217 
       1.6326        1.6410        1.6646        1.6856        1.6990 
       1.7127        1.7798        1.8204        1.8421        1.8872 
       1.8965        2.0112        2.0267        2.0420        2.0515 
       2.0655        2.1436        2.2143        2.2955        2.3270 
       2.3508        2.3762        2.4114        2.4438        2.4953 
       2.5447        2.5654        2.6023        2.8526        3.0805 
       3.1069        3.1342        3.1459        3.1526        3.1713 
       3.1771        3.1940        3.2020        3.2250        3.2467 
       3.3488        3.4190        3.4244        3.5563        3.5899 
       3.6023        3.7330        3.8511        3.9173 
beta:  HOMO-LUMO gap is    3.98 eV. Orbital energies:
     -20.3647*     -18.9141*     -18.9129*     -18.8059*      -1.1110*
      -1.0488*      -1.0454*      -0.9398*      -0.6603*      -0.6094*
      -0.6064*      -0.5489*      -0.4968*      -0.4718*      -0.4642*
      -0.4522*      -0.3949*      -0.3929*      -0.3564*      -0.2882*
      -0.1419       -0.1184       -0.0678       -0.0637       -0.0569 
      -0.0295       -0.0140       -0.0061        0.0013        0.0097 
       0.0168        0.0293        0.0396        0.0496        0.0579 
       0.0583        0.0599        0.0743        0.0817        0.0858 
       0.0875        0.0979        0.1053        0.1140        0.1270 
       0.1340        0.1422        0.1548        0.1596        0.1791 
       0.1938        0.1972        0.2173        0.2293        0.2435 
       0.2539        0.2638        0.2810        0.2970        0.3065 
       0.3211        0.3263        0.3401        0.3532        0.3599 
       0.3702        0.3818        0.3938        0.4092        0.4129 
       0.4232        0.4368        0.4471        0.5403        0.5622 
       0.5818        0.5908        0.6046        0.6120        0.6238 
       0.6765        0.6868        0.7025        0.7580        0.7887 
       0.8132        0.8302        0.8362        0.8532        0.8641 
       0.8764        0.8949        0.9030        0.9259        0.9423 
       0.9668        0.9956        1.0127        1.0474        1.0764 
       1.0907        1.1326        1.1393        1.1555        1.1603 
       1.1980        1.2348        1.2811        1.3227        1.4577 
       1.4909        1.5412        1.5571        1.5997        1.6215 
       1.6323        1.6409        1.6652        1.6856        1.6990 
       1.7128        1.7810        1.8212        1.8423        1.8873 
       1.8966        2.0112        2.0257        2.0416        2.0516 
       2.0653        2.1437        2.2141        2.2946        2.3261 
       2.3502        2.3735        2.4105        2.4446        2.4957 
       2.5429        2.5656        2.6023        2.8497        3.0805 
       3.1067        3.1341        3.1452        3.1519        3.1713 
       3.1769        3.1938        3.2017        3.2248        3.2467 
       3.3475        3.4190        3.4244        3.5559        3.5898 
       3.6024        3.7318        3.8509        3.9155 
alpha: HOMO-LUMO gap is    4.00 eV. Energies of lowest lying orbitals:
     -19.8861o     -18.9141*     -18.9129*     -18.8060*      -1.0972*
      -1.0486*      -1.0448*      -0.9398*      -0.6537*      -0.6080*
      -0.6063*      -0.5424*      -0.4961*      -0.4702*      -0.4602*
      -0.4403*      -0.3948*      -0.3926*      -0.3561*      -0.2883*
      -0.1414       -0.1182       -0.0676       -0.0637       -0.0569 
beta:  HOMO-LUMO gap is    3.98 eV. Energies of lowest lying orbitals:
     -20.3647*     -18.9141*     -18.9129*     -18.8059*      -1.1110*
      -1.0488*      -1.0454*      -0.9398*      -0.6603*      -0.6094*
      -0.6064*      -0.5489*      -0.4968*      -0.4718*      -0.4642*
      -0.4522*      -0.3949*      -0.3929*      -0.3564*      -0.2882*
      -0.1419       -0.1184       -0.0678       -0.0637       -0.0569 

A pure exchange functional used, no exact exchange.
	atom  Npoints      Nfuncs  t
	   4     7814     1004173  4.42 s
	   3     6827      969322  4.66 s
	   2     6769      970309  4.71 s
	   1     7681     1107897  5.45 s
	   5     6849      659770  2.77 s
	   6     7041      809335  3.52 s
	   7     8033      860191  3.62 s
	   8     7033      898286  4.20 s
	   9     7191      668657  2.72 s
	  11     7126      746395  3.04 s
	  10     7663      980122  4.22 s
	  12     7259      790130  3.16 s
DFT XC grid constructed in 12.81 s.

 ******* Iteration    1 ********
Forming density fitted Coulomb matrix ... done (1.04 s)
Computing DFT exchange and correlation ... done (3.37 s)
Numerically integrated density is 39.50000 (-0.0000 %).
ADIIS weights
 1.00e+00 
CDIIS weights
 1.00e+00 
 DIIS weights
 1.00e+00 

Solving SCF equations ... done (0.01 s)

DIIS error                    :  1.429570e-04
Energy change                 : -2.957883e+02
Max total density change      :  6.376241e-05
Max rms   density change      :  2.291506e-06
Max total alpha density change:  6.369167e-05
Max rms   alpha density change:  2.407461e-06
Max total beta  density change:  6.383315e-05
Max rms   beta  density change:  2.314179e-06
Dipole mu = ( 3.48135563, -2.79245345,  6.83720845) D

Iteration took 4.42 s.

 ******* Iteration    2 ********
Forming density fitted Coulomb matrix ... done (1.33 s)
Computing DFT exchange and correlation ... done (3.74 s)
Numerically integrated density is 39.50000 (-0.0000 %).
ADIIS weights
 6.52e-03  9.93e-01 
CDIIS weights
 1.05e-01  8.95e-01 
 DIIS weights
 1.05e-01  8.95e-01 

Solving SCF equations ... done (0.01 s)

DIIS error                    :  2.835830e-05
Energy change                 : -1.730609e-08
Max total density change      :  2.253200e-05
Max rms   density change      :  6.598567e-07
Max total alpha density change:  2.813610e-05
Max rms   alpha density change:  7.077681e-07
Max total beta  density change:  2.109602e-05
Max rms   beta  density change:  6.225656e-07
Dipole mu = ( 3.48103455, -2.79243079,  6.83743273) D

Iteration took 5.09 s.

 ******* Iteration    3 ********
Forming density fitted Coulomb matrix ... done (1.04 s)
Computing DFT exchange and correlation ... done (3.32 s)
Numerically integrated density is 39.50000 (-0.0000 %).
ADIIS weights
 3.06e-03  6.65e-01  3.31e-01 
CDIIS weights
 1.23e-02  6.15e-01  3.73e-01 
 DIIS weights
 1.23e-02  6.15e-01  3.73e-01 

Solving SCF equations ... done (0.01 s)

DIIS error                    :  4.553195e-05
Energy change                 :  5.852428e-09
Max total density change      :  1.359216e-05
Max rms   density change      :  4.064688e-07
Max total alpha density change:  1.313671e-05
Max rms   alpha density change:  3.986313e-07
Max total beta  density change:  1.493057e-05
Max rms   beta  density change:  4.152920e-07
Dipole mu = ( 3.48130487, -2.79251489,  6.83731794) D

Iteration took 4.38 s.

 ******* Iteration    4 ********
Forming density fitted Coulomb matrix ... done (1.05 s)
Computing DFT exchange and correlation ... done (3.32 s)
Numerically integrated density is 39.50000 (-0.0000 %).
ADIIS weights
 9.36e-05  3.89e-01  2.14e-01  3.97e-01 
CDIIS weights
 2.73e-03  2.55e-01  1.69e-01  5.74e-01 
 DIIS weights
 2.73e-03  2.55e-01  1.69e-01  5.74e-01 

Solving SCF equations ... done (0.01 s)

DIIS error                    :  4.575234e-06
Energy change                 : -1.017827e-08
Max total density change      :  2.364496e-06
Max rms   density change      :  5.347445e-08
Max total alpha density change:  2.384670e-06
Max rms   alpha density change:  5.239289e-08
Max total beta  density change:  2.344323e-06
Max rms   beta  density change:  5.808107e-08
Dipole mu = ( 3.48125686, -2.79248690,  6.83733610) D

Iteration took 4.39 s.

 ******* Iteration    5 ********
Forming density fitted Coulomb matrix ... done (1.03 s)
Computing DFT exchange and correlation ... done (3.46 s)
Numerically integrated density is 39.50000 (-0.0000 %).
ADIIS weights
 5.67e-04  2.70e-01  1.59e-01  2.85e-01  2.85e-01 
CDIIS weights
 6.97e-04  1.28e-01  8.64e-02  3.58e-01  4.26e-01 
 DIIS weights
 6.97e-04  1.28e-01  8.64e-02  3.58e-01  4.26e-01 

Solving SCF equations ... done (0.01 s)

DIIS error                    :  2.173816e-06
Energy change                 : -8.031975e-11
Max total density change      :  7.127618e-07
Max rms   density change      :  1.576598e-08
Max total alpha density change:  9.504695e-07
Max rms   alpha density change:  1.950961e-08
Max total beta  density change:  7.207524e-07
Max rms   beta  density change:  1.421142e-08
Dipole mu = ( 3.48126356, -2.79248690,  6.83732336) D

Iteration took 4.51 s.

 ******* Convergence achieved ********
Solution of UDFT took 35.60 s.

Kinetic               energy:  2.9188618967654531e+02
Nuclear attraction    energy: -9.5184366556469263e+02
Total one-electron    energy: -6.5995747588814720e+02
Nuclear repulsion     energy:  1.2862784582245234e+02
Coulomb               energy:  2.7139512205540854e+02
Exchange-correlation  energy: -3.5853777419180574e+01
Non-local correlation energy:  0.0000000000000000e+00
-----------------------------------------------------
                Total energy: -2.9578828542946690e+02
               Virial factor:  1.0133685521649576e+00

Dipole mu = ( 3.48126356, -2.79248690,  6.83732336) D

alpha: HOMO-LUMO gap is    4.00 eV. Orbital energies:
     -19.8860o     -18.9141*     -18.9129*     -18.8060*      -1.0972*
      -1.0486*      -1.0448*      -0.9398*      -0.6537*      -0.6080*
      -0.6063*      -0.5424*      -0.4961*      -0.4702*      -0.4602*
      -0.4403*      -0.3948*      -0.3926*      -0.3561*      -0.2883*
      -0.1414       -0.1182       -0.0677       -0.0637       -0.0569 
      -0.0290       -0.0141       -0.0058        0.0014        0.0098 
       0.0168        0.0299        0.0396        0.0500        0.0584 
       0.0589        0.0604        0.0743        0.0816        0.0858 
       0.0875        0.0986        0.1058        0.1151        0.1280 
       0.1341        0.1423        0.1551        0.1594        0.1791 
       0.1936        0.1971        0.2173        0.2292        0.2435 
       0.2538        0.2637        0.2809        0.2971        0.3063 
       0.3212        0.3262        0.3403        0.3531        0.3600 
       0.3702        0.3821        0.3937        0.4091        0.4128 
       0.4231        0.4366        0.4471        0.5402        0.5622 
       0.5818        0.5908        0.6050        0.6116        0.6238 
       0.6768        0.6867        0.7030        0.7583        0.7886 
       0.8131        0.8299        0.8359        0.8531        0.8643 
       0.8771        0.8947        0.9032        0.9254        0.9421 
       0.9668        0.9956        1.0127        1.0482        1.0767 
       1.0933        1.1333        1.1394        1.1556        1.1610 
       1.2003        1.2382        1.2849        1.3248        1.4607 
       1.4924        1.5420        1.5571        1.6007        1.6217 
       1.6326        1.6410        1.6646        1.6856        1.6990 
       1.7127        1.7798        1.8203        1.8421        1.8872 
       1.8965        2.0112        2.0267        2.0420        2.0515 
       2.0655        2.1436        2.2143        2.2955        2.3270 
       2.3508        2.3762        2.4114        2.4438        2.4953 
       2.5446        2.5654        2.6023        2.8526        3.0805 
       3.1069        3.1342        3.1459        3.1526        3.1714 
       3.1771        3.1940        3.2020        3.2250        3.2468 
       3.3488        3.4190        3.4244        3.5563        3.5899 
       3.6023        3.7330        3.8510        3.9173 
beta:  HOMO-LUMO gap is    3.98 eV. Orbital energies:
     -20.3646*     -18.9141*     -18.9129*     -18.8059*      -1.1110*
      -1.0487*      -1.0453*      -0.9398*      -0.6603*      -0.6094*
      -0.6064*      -0.5490*      -0.4968*      -0.4718*      -0.4642*
      -0.4522*      -0.3949*      -0.3929*      -0.3564*      -0.2883*
      -0.1419       -0.1184       -0.0679       -0.0637       -0.0569 
      -0.0295       -0.0140       -0.0061        0.0013        0.0096 
       0.0168        0.0292        0.0395        0.0496        0.0579 
       0.0583        0.0599        0.0743        0.0816        0.0858 
       0.0875        0.0978        0.1052        0.1140        0.1270 
       0.1340        0.1422        0.1548        0.1596        0.1790 
       0.1938        0.1972        0.2173        0.2293        0.2435 
       0.2539        0.2638        0.2810        0.2970        0.3065 
       0.3211        0.3263        0.3401        0.3532        0.3599 
       0.3702        0.3818        0.3938        0.4092        0.4129 
       0.4232        0.4368        0.4471        0.5403        0.5622 
       0.5818        0.5908        0.6046        0.6119        0.6238 
       0.6765        0.6868        0.7025        0.7580        0.7887 
       0.8132        0.8302        0.8362        0.8532        0.8641 
       0.8764        0.8949        0.9030        0.9259        0.9423 
       0.9668        0.9956        1.0127        1.0474        1.0763 
       1.0907        1.1326        1.1393        1.1555        1.1603 
       1.1980        1.2347        1.2811        1.3227        1.4577 
       1.4909        1.5412        1.5571        1.5997        1.6215 
       1.6323        1.6409        1.6652        1.6856        1.6990 
       1.7128        1.7810        1.8212        1.8423        1.8873 
       1.8966        2.0112        2.0258        2.0416        2.0516 
       2.0653        2.1437        2.2141        2.2946        2.3261 
       2.3502        2.3735        2.4105        2.4446        2.4957 
       2.5428        2.5657        2.6023        2.8497        3.0806 
       3.1067        3.1341        3.1452        3.1519        3.1713 
       3.1769        3.1938        3.2017        3.2248        3.2467 
       3.3475        3.4190        3.4244        3.5559        3.5898 
       3.6023        3.7318        3.8509        3.9155 



Running program took 1 min 4.48 s.
Current time is Wed 25 Feb 2015 01:38:44.
